

================================================================
== Vitis HLS Report for 'seq_align'
================================================================
* Date:           Mon Apr 10 14:25:42 2023

* Version:        2022.2 (Build 3670227 on Oct 13 2022)
* Project:        local_seq_align_cpp_vitis
* Solution:       local_seq_align_cpp_vitis (Vivado IP Flow Target)
* Product family: virtexuplus
* Target device:  xcvu5p-flva2104-1-e


================================================================
== Performance Estimates
================================================================
+ Timing: 
    * Summary: 
    +--------+----------+----------+------------+
    |  Clock |  Target  | Estimated| Uncertainty|
    +--------+----------+----------+------------+
    |ap_clk  |  10.00 ns|  6.047 ns|     2.70 ns|
    +--------+----------+----------+------------+

+ Latency: 
    * Summary: 
    +---------+---------+----------+----------+-------+-------+---------+
    |  Latency (cycles) |  Latency (absolute) |    Interval   | Pipeline|
    |   min   |   max   |    min   |    max   |  min  |  max  |   Type  |
    +---------+---------+----------+----------+-------+-------+---------+
    |    34793|    34793|  0.348 ms|  0.348 ms|  34793|  34793|       no|
    +---------+---------+----------+----------+-------+-------+---------+

    + Detail: 
        * Instance: 
        +------------------------------------------------+------------------------------------+---------+---------+-----------+-----------+-------+-------+---------+
        |                                                |                                    |  Latency (cycles) |   Latency (absolute)  |    Interval   | Pipeline|
        |                    Instance                    |               Module               |   min   |   max   |    min    |    max    |  min  |  max  |   Type  |
        +------------------------------------------------+------------------------------------+---------+---------+-----------+-----------+-------+-------+---------+
        |grp_seq_align_Pipeline_VITIS_LOOP_76_1_fu_1852  |seq_align_Pipeline_VITIS_LOOP_76_1  |     1026|     1026|  10.260 us|  10.260 us|   1026|   1026|       no|
        |grp_seq_align_Pipeline_kernel_kernel1_fu_1890   |seq_align_Pipeline_kernel_kernel1   |    33763|    33763|   0.338 ms|   0.338 ms|  33763|  33763|       no|
        +------------------------------------------------+------------------------------------+---------+---------+-----------+-----------+-------+-------+---------+

        * Loop: 
        N/A



================================================================
== Utilization Estimates
================================================================
* Summary: 
+---------------------+---------+------+---------+--------+-----+
|         Name        | BRAM_18K|  DSP |    FF   |   LUT  | URAM|
+---------------------+---------+------+---------+--------+-----+
|DSP                  |        -|     -|        -|       -|    -|
|Expression           |        -|     -|        -|       -|    -|
|FIFO                 |        -|     -|        -|       -|    -|
|Instance             |        -|     -|     4002|   19754|    -|
|Memory               |        0|     -|      512|      32|    0|
|Multiplexer          |        -|     -|        -|    2783|    -|
|Register             |        -|     -|        7|       -|    -|
+---------------------+---------+------+---------+--------+-----+
|Total                |        0|     0|     4521|   22569|    0|
+---------------------+---------+------+---------+--------+-----+
|Available SLR        |     1024|  1737|   600577|  300288|  235|
+---------------------+---------+------+---------+--------+-----+
|Utilization SLR (%)  |        0|     0|       ~0|       7|    0|
+---------------------+---------+------+---------+--------+-----+
|Available            |     2048|  3474|  1201154|  600577|  470|
+---------------------+---------+------+---------+--------+-----+
|Utilization (%)      |        0|     0|       ~0|       3|    0|
+---------------------+---------+------+---------+--------+-----+

+ Detail: 
    * Instance: 
    +------------------------------------------------+------------------------------------+---------+----+------+-------+-----+
    |                    Instance                    |               Module               | BRAM_18K| DSP|  FF  |  LUT  | URAM|
    +------------------------------------------------+------------------------------------+---------+----+------+-------+-----+
    |grp_seq_align_Pipeline_VITIS_LOOP_76_1_fu_1852  |seq_align_Pipeline_VITIS_LOOP_76_1  |        0|   0|    24|     68|    0|
    |grp_seq_align_Pipeline_kernel_kernel1_fu_1890   |seq_align_Pipeline_kernel_kernel1   |        0|   0|  3978|  19686|    0|
    +------------------------------------------------+------------------------------------+---------+----+------+-------+-----+
    |Total                                           |                                    |        0|   0|  4002|  19754|    0|
    +------------------------------------------------+------------------------------------+---------+----+------+-------+-----+

    * DSP: 
    N/A

    * Memory: 
    +------------------------+------------------------------------------------+---------+----+----+-----+------+-----+------+-------------+
    |         Memory         |                     Module                     | BRAM_18K| FF | LUT| URAM| Words| Bits| Banks| W*Bits*Banks|
    +------------------------+------------------------------------------------+---------+----+----+-----+------+-----+------+-------------+
    |local_reference_V_U     |seq_align_local_reference_V_RAM_1WNR_AUTO_1R1W  |        0|  32|   2|    0|    64|    2|     1|          128|
    |local_reference_V_1_U   |seq_align_local_reference_V_RAM_1WNR_AUTO_1R1W  |        0|  32|   2|    0|    64|    2|     1|          128|
    |local_reference_V_2_U   |seq_align_local_reference_V_RAM_1WNR_AUTO_1R1W  |        0|  32|   2|    0|    64|    2|     1|          128|
    |local_reference_V_3_U   |seq_align_local_reference_V_RAM_1WNR_AUTO_1R1W  |        0|  32|   2|    0|    64|    2|     1|          128|
    |local_reference_V_4_U   |seq_align_local_reference_V_RAM_1WNR_AUTO_1R1W  |        0|  32|   2|    0|    64|    2|     1|          128|
    |local_reference_V_5_U   |seq_align_local_reference_V_RAM_1WNR_AUTO_1R1W  |        0|  32|   2|    0|    64|    2|     1|          128|
    |local_reference_V_6_U   |seq_align_local_reference_V_RAM_1WNR_AUTO_1R1W  |        0|  32|   2|    0|    64|    2|     1|          128|
    |local_reference_V_7_U   |seq_align_local_reference_V_RAM_1WNR_AUTO_1R1W  |        0|  32|   2|    0|    64|    2|     1|          128|
    |local_reference_V_8_U   |seq_align_local_reference_V_RAM_1WNR_AUTO_1R1W  |        0|  32|   2|    0|    64|    2|     1|          128|
    |local_reference_V_9_U   |seq_align_local_reference_V_RAM_1WNR_AUTO_1R1W  |        0|  32|   2|    0|    64|    2|     1|          128|
    |local_reference_V_10_U  |seq_align_local_reference_V_RAM_1WNR_AUTO_1R1W  |        0|  32|   2|    0|    64|    2|     1|          128|
    |local_reference_V_11_U  |seq_align_local_reference_V_RAM_1WNR_AUTO_1R1W  |        0|  32|   2|    0|    64|    2|     1|          128|
    |local_reference_V_12_U  |seq_align_local_reference_V_RAM_1WNR_AUTO_1R1W  |        0|  32|   2|    0|    64|    2|     1|          128|
    |local_reference_V_13_U  |seq_align_local_reference_V_RAM_1WNR_AUTO_1R1W  |        0|  32|   2|    0|    64|    2|     1|          128|
    |local_reference_V_14_U  |seq_align_local_reference_V_RAM_1WNR_AUTO_1R1W  |        0|  32|   2|    0|    64|    2|     1|          128|
    |local_reference_V_15_U  |seq_align_local_reference_V_RAM_1WNR_AUTO_1R1W  |        0|  32|   2|    0|    64|    2|     1|          128|
    +------------------------+------------------------------------------------+---------+----+----+-----+------+-----+------+-------------+
    |Total                   |                                                |        0| 512|  32|    0|  1024|   32|    16|         2048|
    +------------------------+------------------------------------------------+---------+----+----+-----+------+-----+------+-------------+

    * FIFO: 
    N/A

    * Expression: 
    N/A

    * Multiplexer: 
    +-------------------------------+----+-----------+-----+-----------+
    |              Name             | LUT| Input Size| Bits| Total Bits|
    +-------------------------------+----+-----------+-----+-----------+
    |ap_NS_fsm                      |  31|          6|    1|          6|
    |local_reference_V_10_address0  |  14|          3|    6|         18|
    |local_reference_V_10_ce0       |  14|          3|    1|          3|
    |local_reference_V_10_ce1       |   9|          2|    1|          2|
    |local_reference_V_10_ce10      |   9|          2|    1|          2|
    |local_reference_V_10_ce11      |   9|          2|    1|          2|
    |local_reference_V_10_ce12      |   9|          2|    1|          2|
    |local_reference_V_10_ce13      |   9|          2|    1|          2|
    |local_reference_V_10_ce14      |   9|          2|    1|          2|
    |local_reference_V_10_ce15      |   9|          2|    1|          2|
    |local_reference_V_10_ce2       |   9|          2|    1|          2|
    |local_reference_V_10_ce3       |   9|          2|    1|          2|
    |local_reference_V_10_ce4       |   9|          2|    1|          2|
    |local_reference_V_10_ce5       |   9|          2|    1|          2|
    |local_reference_V_10_ce6       |   9|          2|    1|          2|
    |local_reference_V_10_ce7       |   9|          2|    1|          2|
    |local_reference_V_10_ce8       |   9|          2|    1|          2|
    |local_reference_V_10_ce9       |   9|          2|    1|          2|
    |local_reference_V_10_we0       |   9|          2|    1|          2|
    |local_reference_V_11_address0  |  14|          3|    6|         18|
    |local_reference_V_11_ce0       |  14|          3|    1|          3|
    |local_reference_V_11_ce1       |   9|          2|    1|          2|
    |local_reference_V_11_ce10      |   9|          2|    1|          2|
    |local_reference_V_11_ce11      |   9|          2|    1|          2|
    |local_reference_V_11_ce12      |   9|          2|    1|          2|
    |local_reference_V_11_ce13      |   9|          2|    1|          2|
    |local_reference_V_11_ce14      |   9|          2|    1|          2|
    |local_reference_V_11_ce15      |   9|          2|    1|          2|
    |local_reference_V_11_ce2       |   9|          2|    1|          2|
    |local_reference_V_11_ce3       |   9|          2|    1|          2|
    |local_reference_V_11_ce4       |   9|          2|    1|          2|
    |local_reference_V_11_ce5       |   9|          2|    1|          2|
    |local_reference_V_11_ce6       |   9|          2|    1|          2|
    |local_reference_V_11_ce7       |   9|          2|    1|          2|
    |local_reference_V_11_ce8       |   9|          2|    1|          2|
    |local_reference_V_11_ce9       |   9|          2|    1|          2|
    |local_reference_V_11_we0       |   9|          2|    1|          2|
    |local_reference_V_12_address0  |  14|          3|    6|         18|
    |local_reference_V_12_ce0       |  14|          3|    1|          3|
    |local_reference_V_12_ce1       |   9|          2|    1|          2|
    |local_reference_V_12_ce10      |   9|          2|    1|          2|
    |local_reference_V_12_ce11      |   9|          2|    1|          2|
    |local_reference_V_12_ce12      |   9|          2|    1|          2|
    |local_reference_V_12_ce13      |   9|          2|    1|          2|
    |local_reference_V_12_ce14      |   9|          2|    1|          2|
    |local_reference_V_12_ce15      |   9|          2|    1|          2|
    |local_reference_V_12_ce2       |   9|          2|    1|          2|
    |local_reference_V_12_ce3       |   9|          2|    1|          2|
    |local_reference_V_12_ce4       |   9|          2|    1|          2|
    |local_reference_V_12_ce5       |   9|          2|    1|          2|
    |local_reference_V_12_ce6       |   9|          2|    1|          2|
    |local_reference_V_12_ce7       |   9|          2|    1|          2|
    |local_reference_V_12_ce8       |   9|          2|    1|          2|
    |local_reference_V_12_ce9       |   9|          2|    1|          2|
    |local_reference_V_12_we0       |   9|          2|    1|          2|
    |local_reference_V_13_address0  |  14|          3|    6|         18|
    |local_reference_V_13_ce0       |  14|          3|    1|          3|
    |local_reference_V_13_ce1       |   9|          2|    1|          2|
    |local_reference_V_13_ce10      |   9|          2|    1|          2|
    |local_reference_V_13_ce11      |   9|          2|    1|          2|
    |local_reference_V_13_ce12      |   9|          2|    1|          2|
    |local_reference_V_13_ce13      |   9|          2|    1|          2|
    |local_reference_V_13_ce14      |   9|          2|    1|          2|
    |local_reference_V_13_ce15      |   9|          2|    1|          2|
    |local_reference_V_13_ce2       |   9|          2|    1|          2|
    |local_reference_V_13_ce3       |   9|          2|    1|          2|
    |local_reference_V_13_ce4       |   9|          2|    1|          2|
    |local_reference_V_13_ce5       |   9|          2|    1|          2|
    |local_reference_V_13_ce6       |   9|          2|    1|          2|
    |local_reference_V_13_ce7       |   9|          2|    1|          2|
    |local_reference_V_13_ce8       |   9|          2|    1|          2|
    |local_reference_V_13_ce9       |   9|          2|    1|          2|
    |local_reference_V_13_we0       |   9|          2|    1|          2|
    |local_reference_V_14_address0  |  14|          3|    6|         18|
    |local_reference_V_14_ce0       |  14|          3|    1|          3|
    |local_reference_V_14_ce1       |   9|          2|    1|          2|
    |local_reference_V_14_ce10      |   9|          2|    1|          2|
    |local_reference_V_14_ce11      |   9|          2|    1|          2|
    |local_reference_V_14_ce12      |   9|          2|    1|          2|
    |local_reference_V_14_ce13      |   9|          2|    1|          2|
    |local_reference_V_14_ce14      |   9|          2|    1|          2|
    |local_reference_V_14_ce15      |   9|          2|    1|          2|
    |local_reference_V_14_ce2       |   9|          2|    1|          2|
    |local_reference_V_14_ce3       |   9|          2|    1|          2|
    |local_reference_V_14_ce4       |   9|          2|    1|          2|
    |local_reference_V_14_ce5       |   9|          2|    1|          2|
    |local_reference_V_14_ce6       |   9|          2|    1|          2|
    |local_reference_V_14_ce7       |   9|          2|    1|          2|
    |local_reference_V_14_ce8       |   9|          2|    1|          2|
    |local_reference_V_14_ce9       |   9|          2|    1|          2|
    |local_reference_V_14_we0       |   9|          2|    1|          2|
    |local_reference_V_15_address0  |  14|          3|    6|         18|
    |local_reference_V_15_ce0       |  14|          3|    1|          3|
    |local_reference_V_15_ce1       |   9|          2|    1|          2|
    |local_reference_V_15_ce10      |   9|          2|    1|          2|
    |local_reference_V_15_ce11      |   9|          2|    1|          2|
    |local_reference_V_15_ce12      |   9|          2|    1|          2|
    |local_reference_V_15_ce13      |   9|          2|    1|          2|
    |local_reference_V_15_ce14      |   9|          2|    1|          2|
    |local_reference_V_15_ce15      |   9|          2|    1|          2|
    |local_reference_V_15_ce2       |   9|          2|    1|          2|
    |local_reference_V_15_ce3       |   9|          2|    1|          2|
    |local_reference_V_15_ce4       |   9|          2|    1|          2|
    |local_reference_V_15_ce5       |   9|          2|    1|          2|
    |local_reference_V_15_ce6       |   9|          2|    1|          2|
    |local_reference_V_15_ce7       |   9|          2|    1|          2|
    |local_reference_V_15_ce8       |   9|          2|    1|          2|
    |local_reference_V_15_ce9       |   9|          2|    1|          2|
    |local_reference_V_15_we0       |   9|          2|    1|          2|
    |local_reference_V_1_address0   |  14|          3|    6|         18|
    |local_reference_V_1_ce0        |  14|          3|    1|          3|
    |local_reference_V_1_ce1        |   9|          2|    1|          2|
    |local_reference_V_1_ce10       |   9|          2|    1|          2|
    |local_reference_V_1_ce11       |   9|          2|    1|          2|
    |local_reference_V_1_ce12       |   9|          2|    1|          2|
    |local_reference_V_1_ce13       |   9|          2|    1|          2|
    |local_reference_V_1_ce14       |   9|          2|    1|          2|
    |local_reference_V_1_ce15       |   9|          2|    1|          2|
    |local_reference_V_1_ce2        |   9|          2|    1|          2|
    |local_reference_V_1_ce3        |   9|          2|    1|          2|
    |local_reference_V_1_ce4        |   9|          2|    1|          2|
    |local_reference_V_1_ce5        |   9|          2|    1|          2|
    |local_reference_V_1_ce6        |   9|          2|    1|          2|
    |local_reference_V_1_ce7        |   9|          2|    1|          2|
    |local_reference_V_1_ce8        |   9|          2|    1|          2|
    |local_reference_V_1_ce9        |   9|          2|    1|          2|
    |local_reference_V_1_we0        |   9|          2|    1|          2|
    |local_reference_V_2_address0   |  14|          3|    6|         18|
    |local_reference_V_2_ce0        |  14|          3|    1|          3|
    |local_reference_V_2_ce1        |   9|          2|    1|          2|
    |local_reference_V_2_ce10       |   9|          2|    1|          2|
    |local_reference_V_2_ce11       |   9|          2|    1|          2|
    |local_reference_V_2_ce12       |   9|          2|    1|          2|
    |local_reference_V_2_ce13       |   9|          2|    1|          2|
    |local_reference_V_2_ce14       |   9|          2|    1|          2|
    |local_reference_V_2_ce15       |   9|          2|    1|          2|
    |local_reference_V_2_ce2        |   9|          2|    1|          2|
    |local_reference_V_2_ce3        |   9|          2|    1|          2|
    |local_reference_V_2_ce4        |   9|          2|    1|          2|
    |local_reference_V_2_ce5        |   9|          2|    1|          2|
    |local_reference_V_2_ce6        |   9|          2|    1|          2|
    |local_reference_V_2_ce7        |   9|          2|    1|          2|
    |local_reference_V_2_ce8        |   9|          2|    1|          2|
    |local_reference_V_2_ce9        |   9|          2|    1|          2|
    |local_reference_V_2_we0        |   9|          2|    1|          2|
    |local_reference_V_3_address0   |  14|          3|    6|         18|
    |local_reference_V_3_ce0        |  14|          3|    1|          3|
    |local_reference_V_3_ce1        |   9|          2|    1|          2|
    |local_reference_V_3_ce10       |   9|          2|    1|          2|
    |local_reference_V_3_ce11       |   9|          2|    1|          2|
    |local_reference_V_3_ce12       |   9|          2|    1|          2|
    |local_reference_V_3_ce13       |   9|          2|    1|          2|
    |local_reference_V_3_ce14       |   9|          2|    1|          2|
    |local_reference_V_3_ce15       |   9|          2|    1|          2|
    |local_reference_V_3_ce2        |   9|          2|    1|          2|
    |local_reference_V_3_ce3        |   9|          2|    1|          2|
    |local_reference_V_3_ce4        |   9|          2|    1|          2|
    |local_reference_V_3_ce5        |   9|          2|    1|          2|
    |local_reference_V_3_ce6        |   9|          2|    1|          2|
    |local_reference_V_3_ce7        |   9|          2|    1|          2|
    |local_reference_V_3_ce8        |   9|          2|    1|          2|
    |local_reference_V_3_ce9        |   9|          2|    1|          2|
    |local_reference_V_3_we0        |   9|          2|    1|          2|
    |local_reference_V_4_address0   |  14|          3|    6|         18|
    |local_reference_V_4_ce0        |  14|          3|    1|          3|
    |local_reference_V_4_ce1        |   9|          2|    1|          2|
    |local_reference_V_4_ce10       |   9|          2|    1|          2|
    |local_reference_V_4_ce11       |   9|          2|    1|          2|
    |local_reference_V_4_ce12       |   9|          2|    1|          2|
    |local_reference_V_4_ce13       |   9|          2|    1|          2|
    |local_reference_V_4_ce14       |   9|          2|    1|          2|
    |local_reference_V_4_ce15       |   9|          2|    1|          2|
    |local_reference_V_4_ce2        |   9|          2|    1|          2|
    |local_reference_V_4_ce3        |   9|          2|    1|          2|
    |local_reference_V_4_ce4        |   9|          2|    1|          2|
    |local_reference_V_4_ce5        |   9|          2|    1|          2|
    |local_reference_V_4_ce6        |   9|          2|    1|          2|
    |local_reference_V_4_ce7        |   9|          2|    1|          2|
    |local_reference_V_4_ce8        |   9|          2|    1|          2|
    |local_reference_V_4_ce9        |   9|          2|    1|          2|
    |local_reference_V_4_we0        |   9|          2|    1|          2|
    |local_reference_V_5_address0   |  14|          3|    6|         18|
    |local_reference_V_5_ce0        |  14|          3|    1|          3|
    |local_reference_V_5_ce1        |   9|          2|    1|          2|
    |local_reference_V_5_ce10       |   9|          2|    1|          2|
    |local_reference_V_5_ce11       |   9|          2|    1|          2|
    |local_reference_V_5_ce12       |   9|          2|    1|          2|
    |local_reference_V_5_ce13       |   9|          2|    1|          2|
    |local_reference_V_5_ce14       |   9|          2|    1|          2|
    |local_reference_V_5_ce15       |   9|          2|    1|          2|
    |local_reference_V_5_ce2        |   9|          2|    1|          2|
    |local_reference_V_5_ce3        |   9|          2|    1|          2|
    |local_reference_V_5_ce4        |   9|          2|    1|          2|
    |local_reference_V_5_ce5        |   9|          2|    1|          2|
    |local_reference_V_5_ce6        |   9|          2|    1|          2|
    |local_reference_V_5_ce7        |   9|          2|    1|          2|
    |local_reference_V_5_ce8        |   9|          2|    1|          2|
    |local_reference_V_5_ce9        |   9|          2|    1|          2|
    |local_reference_V_5_we0        |   9|          2|    1|          2|
    |local_reference_V_6_address0   |  14|          3|    6|         18|
    |local_reference_V_6_ce0        |  14|          3|    1|          3|
    |local_reference_V_6_ce1        |   9|          2|    1|          2|
    |local_reference_V_6_ce10       |   9|          2|    1|          2|
    |local_reference_V_6_ce11       |   9|          2|    1|          2|
    |local_reference_V_6_ce12       |   9|          2|    1|          2|
    |local_reference_V_6_ce13       |   9|          2|    1|          2|
    |local_reference_V_6_ce14       |   9|          2|    1|          2|
    |local_reference_V_6_ce15       |   9|          2|    1|          2|
    |local_reference_V_6_ce2        |   9|          2|    1|          2|
    |local_reference_V_6_ce3        |   9|          2|    1|          2|
    |local_reference_V_6_ce4        |   9|          2|    1|          2|
    |local_reference_V_6_ce5        |   9|          2|    1|          2|
    |local_reference_V_6_ce6        |   9|          2|    1|          2|
    |local_reference_V_6_ce7        |   9|          2|    1|          2|
    |local_reference_V_6_ce8        |   9|          2|    1|          2|
    |local_reference_V_6_ce9        |   9|          2|    1|          2|
    |local_reference_V_6_we0        |   9|          2|    1|          2|
    |local_reference_V_7_address0   |  14|          3|    6|         18|
    |local_reference_V_7_ce0        |  14|          3|    1|          3|
    |local_reference_V_7_ce1        |   9|          2|    1|          2|
    |local_reference_V_7_ce10       |   9|          2|    1|          2|
    |local_reference_V_7_ce11       |   9|          2|    1|          2|
    |local_reference_V_7_ce12       |   9|          2|    1|          2|
    |local_reference_V_7_ce13       |   9|          2|    1|          2|
    |local_reference_V_7_ce14       |   9|          2|    1|          2|
    |local_reference_V_7_ce15       |   9|          2|    1|          2|
    |local_reference_V_7_ce2        |   9|          2|    1|          2|
    |local_reference_V_7_ce3        |   9|          2|    1|          2|
    |local_reference_V_7_ce4        |   9|          2|    1|          2|
    |local_reference_V_7_ce5        |   9|          2|    1|          2|
    |local_reference_V_7_ce6        |   9|          2|    1|          2|
    |local_reference_V_7_ce7        |   9|          2|    1|          2|
    |local_reference_V_7_ce8        |   9|          2|    1|          2|
    |local_reference_V_7_ce9        |   9|          2|    1|          2|
    |local_reference_V_7_we0        |   9|          2|    1|          2|
    |local_reference_V_8_address0   |  14|          3|    6|         18|
    |local_reference_V_8_ce0        |  14|          3|    1|          3|
    |local_reference_V_8_ce1        |   9|          2|    1|          2|
    |local_reference_V_8_ce10       |   9|          2|    1|          2|
    |local_reference_V_8_ce11       |   9|          2|    1|          2|
    |local_reference_V_8_ce12       |   9|          2|    1|          2|
    |local_reference_V_8_ce13       |   9|          2|    1|          2|
    |local_reference_V_8_ce14       |   9|          2|    1|          2|
    |local_reference_V_8_ce15       |   9|          2|    1|          2|
    |local_reference_V_8_ce2        |   9|          2|    1|          2|
    |local_reference_V_8_ce3        |   9|          2|    1|          2|
    |local_reference_V_8_ce4        |   9|          2|    1|          2|
    |local_reference_V_8_ce5        |   9|          2|    1|          2|
    |local_reference_V_8_ce6        |   9|          2|    1|          2|
    |local_reference_V_8_ce7        |   9|          2|    1|          2|
    |local_reference_V_8_ce8        |   9|          2|    1|          2|
    |local_reference_V_8_ce9        |   9|          2|    1|          2|
    |local_reference_V_8_we0        |   9|          2|    1|          2|
    |local_reference_V_9_address0   |  14|          3|    6|         18|
    |local_reference_V_9_ce0        |  14|          3|    1|          3|
    |local_reference_V_9_ce1        |   9|          2|    1|          2|
    |local_reference_V_9_ce10       |   9|          2|    1|          2|
    |local_reference_V_9_ce11       |   9|          2|    1|          2|
    |local_reference_V_9_ce12       |   9|          2|    1|          2|
    |local_reference_V_9_ce13       |   9|          2|    1|          2|
    |local_reference_V_9_ce14       |   9|          2|    1|          2|
    |local_reference_V_9_ce15       |   9|          2|    1|          2|
    |local_reference_V_9_ce2        |   9|          2|    1|          2|
    |local_reference_V_9_ce3        |   9|          2|    1|          2|
    |local_reference_V_9_ce4        |   9|          2|    1|          2|
    |local_reference_V_9_ce5        |   9|          2|    1|          2|
    |local_reference_V_9_ce6        |   9|          2|    1|          2|
    |local_reference_V_9_ce7        |   9|          2|    1|          2|
    |local_reference_V_9_ce8        |   9|          2|    1|          2|
    |local_reference_V_9_ce9        |   9|          2|    1|          2|
    |local_reference_V_9_we0        |   9|          2|    1|          2|
    |local_reference_V_address0     |  14|          3|    6|         18|
    |local_reference_V_ce0          |  14|          3|    1|          3|
    |local_reference_V_ce1          |   9|          2|    1|          2|
    |local_reference_V_ce10         |   9|          2|    1|          2|
    |local_reference_V_ce11         |   9|          2|    1|          2|
    |local_reference_V_ce12         |   9|          2|    1|          2|
    |local_reference_V_ce13         |   9|          2|    1|          2|
    |local_reference_V_ce14         |   9|          2|    1|          2|
    |local_reference_V_ce15         |   9|          2|    1|          2|
    |local_reference_V_ce2          |   9|          2|    1|          2|
    |local_reference_V_ce3          |   9|          2|    1|          2|
    |local_reference_V_ce4          |   9|          2|    1|          2|
    |local_reference_V_ce5          |   9|          2|    1|          2|
    |local_reference_V_ce6          |   9|          2|    1|          2|
    |local_reference_V_ce7          |   9|          2|    1|          2|
    |local_reference_V_ce8          |   9|          2|    1|          2|
    |local_reference_V_ce9          |   9|          2|    1|          2|
    |local_reference_V_we0          |   9|          2|    1|          2|
    +-------------------------------+----+-----------+-----+-----------+
    |Total                          |2783|        614|  369|        854|
    +-------------------------------+----+-----------+-----+-----------+

    * Register: 
    +-------------------------------------------------------------+---+----+-----+-----------+
    |                             Name                            | FF| LUT| Bits| Const Bits|
    +-------------------------------------------------------------+---+----+-----+-----------+
    |ap_CS_fsm                                                    |  5|   0|    5|          0|
    |grp_seq_align_Pipeline_VITIS_LOOP_76_1_fu_1852_ap_start_reg  |  1|   0|    1|          0|
    |grp_seq_align_Pipeline_kernel_kernel1_fu_1890_ap_start_reg   |  1|   0|    1|          0|
    +-------------------------------------------------------------+---+----+-----+-----------+
    |Total                                                        |  7|   0|    7|          0|
    +-------------------------------------------------------------+---+----+-----+-----------+



================================================================
== Interface
================================================================
* Summary: 
+--------------------------------+-----+-----+------------+-----------------------+--------------+
|            RTL Ports           | Dir | Bits|  Protocol  |     Source Object     |    C Type    |
+--------------------------------+-----+-----+------------+-----------------------+--------------+
|ap_clk                          |   in|    1|  ap_ctrl_hs|              seq_align|  return value|
|ap_rst                          |   in|    1|  ap_ctrl_hs|              seq_align|  return value|
|ap_start                        |   in|    1|  ap_ctrl_hs|              seq_align|  return value|
|ap_done                         |  out|    1|  ap_ctrl_hs|              seq_align|  return value|
|ap_idle                         |  out|    1|  ap_ctrl_hs|              seq_align|  return value|
|ap_ready                        |  out|    1|  ap_ctrl_hs|              seq_align|  return value|
|ap_return_0                     |  out|   10|  ap_ctrl_hs|              seq_align|  return value|
|ap_return_1                     |  out|   10|  ap_ctrl_hs|              seq_align|  return value|
|ap_return_2                     |  out|   10|  ap_ctrl_hs|              seq_align|  return value|
|ap_return_3                     |  out|   10|  ap_ctrl_hs|              seq_align|  return value|
|ap_return_4                     |  out|   10|  ap_ctrl_hs|              seq_align|  return value|
|ap_return_5                     |  out|   10|  ap_ctrl_hs|              seq_align|  return value|
|ap_return_6                     |  out|   10|  ap_ctrl_hs|              seq_align|  return value|
|ap_return_7                     |  out|   10|  ap_ctrl_hs|              seq_align|  return value|
|ap_return_8                     |  out|   10|  ap_ctrl_hs|              seq_align|  return value|
|ap_return_9                     |  out|   10|  ap_ctrl_hs|              seq_align|  return value|
|ap_return_10                    |  out|   10|  ap_ctrl_hs|              seq_align|  return value|
|ap_return_11                    |  out|   10|  ap_ctrl_hs|              seq_align|  return value|
|ap_return_12                    |  out|   10|  ap_ctrl_hs|              seq_align|  return value|
|ap_return_13                    |  out|   10|  ap_ctrl_hs|              seq_align|  return value|
|ap_return_14                    |  out|   10|  ap_ctrl_hs|              seq_align|  return value|
|ap_return_15                    |  out|   10|  ap_ctrl_hs|              seq_align|  return value|
|ap_return_16                    |  out|   10|  ap_ctrl_hs|              seq_align|  return value|
|ap_return_17                    |  out|   10|  ap_ctrl_hs|              seq_align|  return value|
|ap_return_18                    |  out|   10|  ap_ctrl_hs|              seq_align|  return value|
|ap_return_19                    |  out|   10|  ap_ctrl_hs|              seq_align|  return value|
|ap_return_20                    |  out|   10|  ap_ctrl_hs|              seq_align|  return value|
|ap_return_21                    |  out|   10|  ap_ctrl_hs|              seq_align|  return value|
|ap_return_22                    |  out|   10|  ap_ctrl_hs|              seq_align|  return value|
|ap_return_23                    |  out|   10|  ap_ctrl_hs|              seq_align|  return value|
|ap_return_24                    |  out|   10|  ap_ctrl_hs|              seq_align|  return value|
|ap_return_25                    |  out|   10|  ap_ctrl_hs|              seq_align|  return value|
|ap_return_26                    |  out|   10|  ap_ctrl_hs|              seq_align|  return value|
|ap_return_27                    |  out|   10|  ap_ctrl_hs|              seq_align|  return value|
|ap_return_28                    |  out|   10|  ap_ctrl_hs|              seq_align|  return value|
|ap_return_29                    |  out|   10|  ap_ctrl_hs|              seq_align|  return value|
|ap_return_30                    |  out|   10|  ap_ctrl_hs|              seq_align|  return value|
|ap_return_31                    |  out|   10|  ap_ctrl_hs|              seq_align|  return value|
|ap_return_32                    |  out|   10|  ap_ctrl_hs|              seq_align|  return value|
|ap_return_33                    |  out|   10|  ap_ctrl_hs|              seq_align|  return value|
|ap_return_34                    |  out|   10|  ap_ctrl_hs|              seq_align|  return value|
|ap_return_35                    |  out|   10|  ap_ctrl_hs|              seq_align|  return value|
|ap_return_36                    |  out|   10|  ap_ctrl_hs|              seq_align|  return value|
|ap_return_37                    |  out|   10|  ap_ctrl_hs|              seq_align|  return value|
|ap_return_38                    |  out|   10|  ap_ctrl_hs|              seq_align|  return value|
|ap_return_39                    |  out|   10|  ap_ctrl_hs|              seq_align|  return value|
|ap_return_40                    |  out|   10|  ap_ctrl_hs|              seq_align|  return value|
|ap_return_41                    |  out|   10|  ap_ctrl_hs|              seq_align|  return value|
|ap_return_42                    |  out|   10|  ap_ctrl_hs|              seq_align|  return value|
|ap_return_43                    |  out|   10|  ap_ctrl_hs|              seq_align|  return value|
|ap_return_44                    |  out|   10|  ap_ctrl_hs|              seq_align|  return value|
|ap_return_45                    |  out|   10|  ap_ctrl_hs|              seq_align|  return value|
|ap_return_46                    |  out|   10|  ap_ctrl_hs|              seq_align|  return value|
|ap_return_47                    |  out|   10|  ap_ctrl_hs|              seq_align|  return value|
|ap_return_48                    |  out|   10|  ap_ctrl_hs|              seq_align|  return value|
|ap_return_49                    |  out|   10|  ap_ctrl_hs|              seq_align|  return value|
|ap_return_50                    |  out|   10|  ap_ctrl_hs|              seq_align|  return value|
|ap_return_51                    |  out|   10|  ap_ctrl_hs|              seq_align|  return value|
|ap_return_52                    |  out|   10|  ap_ctrl_hs|              seq_align|  return value|
|ap_return_53                    |  out|   10|  ap_ctrl_hs|              seq_align|  return value|
|ap_return_54                    |  out|   10|  ap_ctrl_hs|              seq_align|  return value|
|ap_return_55                    |  out|   10|  ap_ctrl_hs|              seq_align|  return value|
|ap_return_56                    |  out|   10|  ap_ctrl_hs|              seq_align|  return value|
|ap_return_57                    |  out|   10|  ap_ctrl_hs|              seq_align|  return value|
|ap_return_58                    |  out|   10|  ap_ctrl_hs|              seq_align|  return value|
|ap_return_59                    |  out|   10|  ap_ctrl_hs|              seq_align|  return value|
|ap_return_60                    |  out|   10|  ap_ctrl_hs|              seq_align|  return value|
|ap_return_61                    |  out|   10|  ap_ctrl_hs|              seq_align|  return value|
|ap_return_62                    |  out|   10|  ap_ctrl_hs|              seq_align|  return value|
|ap_return_63                    |  out|   10|  ap_ctrl_hs|              seq_align|  return value|
|ap_return_64                    |  out|   10|  ap_ctrl_hs|              seq_align|  return value|
|ap_return_65                    |  out|   10|  ap_ctrl_hs|              seq_align|  return value|
|ap_return_66                    |  out|   10|  ap_ctrl_hs|              seq_align|  return value|
|ap_return_67                    |  out|   10|  ap_ctrl_hs|              seq_align|  return value|
|ap_return_68                    |  out|   10|  ap_ctrl_hs|              seq_align|  return value|
|ap_return_69                    |  out|   10|  ap_ctrl_hs|              seq_align|  return value|
|ap_return_70                    |  out|   10|  ap_ctrl_hs|              seq_align|  return value|
|ap_return_71                    |  out|   10|  ap_ctrl_hs|              seq_align|  return value|
|ap_return_72                    |  out|   10|  ap_ctrl_hs|              seq_align|  return value|
|ap_return_73                    |  out|   10|  ap_ctrl_hs|              seq_align|  return value|
|ap_return_74                    |  out|   10|  ap_ctrl_hs|              seq_align|  return value|
|ap_return_75                    |  out|   10|  ap_ctrl_hs|              seq_align|  return value|
|ap_return_76                    |  out|   10|  ap_ctrl_hs|              seq_align|  return value|
|ap_return_77                    |  out|   10|  ap_ctrl_hs|              seq_align|  return value|
|ap_return_78                    |  out|   10|  ap_ctrl_hs|              seq_align|  return value|
|ap_return_79                    |  out|   10|  ap_ctrl_hs|              seq_align|  return value|
|ap_return_80                    |  out|   10|  ap_ctrl_hs|              seq_align|  return value|
|ap_return_81                    |  out|   10|  ap_ctrl_hs|              seq_align|  return value|
|ap_return_82                    |  out|   10|  ap_ctrl_hs|              seq_align|  return value|
|ap_return_83                    |  out|   10|  ap_ctrl_hs|              seq_align|  return value|
|ap_return_84                    |  out|   10|  ap_ctrl_hs|              seq_align|  return value|
|ap_return_85                    |  out|   10|  ap_ctrl_hs|              seq_align|  return value|
|ap_return_86                    |  out|   10|  ap_ctrl_hs|              seq_align|  return value|
|ap_return_87                    |  out|   10|  ap_ctrl_hs|              seq_align|  return value|
|ap_return_88                    |  out|   10|  ap_ctrl_hs|              seq_align|  return value|
|ap_return_89                    |  out|   10|  ap_ctrl_hs|              seq_align|  return value|
|ap_return_90                    |  out|   10|  ap_ctrl_hs|              seq_align|  return value|
|ap_return_91                    |  out|   10|  ap_ctrl_hs|              seq_align|  return value|
|ap_return_92                    |  out|   10|  ap_ctrl_hs|              seq_align|  return value|
|ap_return_93                    |  out|   10|  ap_ctrl_hs|              seq_align|  return value|
|ap_return_94                    |  out|   10|  ap_ctrl_hs|              seq_align|  return value|
|ap_return_95                    |  out|   10|  ap_ctrl_hs|              seq_align|  return value|
|ap_return_96                    |  out|   10|  ap_ctrl_hs|              seq_align|  return value|
|ap_return_97                    |  out|   10|  ap_ctrl_hs|              seq_align|  return value|
|ap_return_98                    |  out|   10|  ap_ctrl_hs|              seq_align|  return value|
|ap_return_99                    |  out|   10|  ap_ctrl_hs|              seq_align|  return value|
|ap_return_100                   |  out|   10|  ap_ctrl_hs|              seq_align|  return value|
|ap_return_101                   |  out|   10|  ap_ctrl_hs|              seq_align|  return value|
|ap_return_102                   |  out|   10|  ap_ctrl_hs|              seq_align|  return value|
|ap_return_103                   |  out|   10|  ap_ctrl_hs|              seq_align|  return value|
|ap_return_104                   |  out|   10|  ap_ctrl_hs|              seq_align|  return value|
|ap_return_105                   |  out|   10|  ap_ctrl_hs|              seq_align|  return value|
|ap_return_106                   |  out|   10|  ap_ctrl_hs|              seq_align|  return value|
|ap_return_107                   |  out|   10|  ap_ctrl_hs|              seq_align|  return value|
|ap_return_108                   |  out|   10|  ap_ctrl_hs|              seq_align|  return value|
|ap_return_109                   |  out|   10|  ap_ctrl_hs|              seq_align|  return value|
|ap_return_110                   |  out|   10|  ap_ctrl_hs|              seq_align|  return value|
|ap_return_111                   |  out|   10|  ap_ctrl_hs|              seq_align|  return value|
|ap_return_112                   |  out|   10|  ap_ctrl_hs|              seq_align|  return value|
|ap_return_113                   |  out|   10|  ap_ctrl_hs|              seq_align|  return value|
|ap_return_114                   |  out|   10|  ap_ctrl_hs|              seq_align|  return value|
|ap_return_115                   |  out|   10|  ap_ctrl_hs|              seq_align|  return value|
|ap_return_116                   |  out|   10|  ap_ctrl_hs|              seq_align|  return value|
|ap_return_117                   |  out|   10|  ap_ctrl_hs|              seq_align|  return value|
|ap_return_118                   |  out|   10|  ap_ctrl_hs|              seq_align|  return value|
|ap_return_119                   |  out|   10|  ap_ctrl_hs|              seq_align|  return value|
|ap_return_120                   |  out|   10|  ap_ctrl_hs|              seq_align|  return value|
|ap_return_121                   |  out|   10|  ap_ctrl_hs|              seq_align|  return value|
|ap_return_122                   |  out|   10|  ap_ctrl_hs|              seq_align|  return value|
|ap_return_123                   |  out|   10|  ap_ctrl_hs|              seq_align|  return value|
|ap_return_124                   |  out|   10|  ap_ctrl_hs|              seq_align|  return value|
|ap_return_125                   |  out|   10|  ap_ctrl_hs|              seq_align|  return value|
|ap_return_126                   |  out|   10|  ap_ctrl_hs|              seq_align|  return value|
|ap_return_127                   |  out|   10|  ap_ctrl_hs|              seq_align|  return value|
|query_string_comp_address0      |  out|    9|   ap_memory|      query_string_comp|         array|
|query_string_comp_ce0           |  out|    1|   ap_memory|      query_string_comp|         array|
|query_string_comp_q0            |   in|    2|   ap_memory|      query_string_comp|         array|
|reference_string_comp_address0  |  out|   10|   ap_memory|  reference_string_comp|         array|
|reference_string_comp_ce0       |  out|    1|   ap_memory|  reference_string_comp|         array|
|reference_string_comp_q0        |   in|    2|   ap_memory|  reference_string_comp|         array|
|dp_mem_0_0                      |  out|   10|      ap_vld|             dp_mem_0_0|       pointer|
|dp_mem_0_0_ap_vld               |  out|    1|      ap_vld|             dp_mem_0_0|       pointer|
|dp_mem_0_1                      |  out|   10|      ap_vld|             dp_mem_0_1|       pointer|
|dp_mem_0_1_ap_vld               |  out|    1|      ap_vld|             dp_mem_0_1|       pointer|
|dp_mem_0_2                      |  out|   10|      ap_vld|             dp_mem_0_2|       pointer|
|dp_mem_0_2_ap_vld               |  out|    1|      ap_vld|             dp_mem_0_2|       pointer|
|dp_mem_0_3                      |  out|   10|      ap_vld|             dp_mem_0_3|       pointer|
|dp_mem_0_3_ap_vld               |  out|    1|      ap_vld|             dp_mem_0_3|       pointer|
|dp_mem_0_4                      |  out|   10|      ap_vld|             dp_mem_0_4|       pointer|
|dp_mem_0_4_ap_vld               |  out|    1|      ap_vld|             dp_mem_0_4|       pointer|
|dp_mem_0_5                      |  out|   10|      ap_vld|             dp_mem_0_5|       pointer|
|dp_mem_0_5_ap_vld               |  out|    1|      ap_vld|             dp_mem_0_5|       pointer|
|dp_mem_0_6                      |  out|   10|      ap_vld|             dp_mem_0_6|       pointer|
|dp_mem_0_6_ap_vld               |  out|    1|      ap_vld|             dp_mem_0_6|       pointer|
|dp_mem_0_7                      |  out|   10|      ap_vld|             dp_mem_0_7|       pointer|
|dp_mem_0_7_ap_vld               |  out|    1|      ap_vld|             dp_mem_0_7|       pointer|
|dp_mem_0_8                      |  out|   10|      ap_vld|             dp_mem_0_8|       pointer|
|dp_mem_0_8_ap_vld               |  out|    1|      ap_vld|             dp_mem_0_8|       pointer|
|dp_mem_0_9                      |  out|   10|      ap_vld|             dp_mem_0_9|       pointer|
|dp_mem_0_9_ap_vld               |  out|    1|      ap_vld|             dp_mem_0_9|       pointer|
|dp_mem_0_10                     |  out|   10|      ap_vld|            dp_mem_0_10|       pointer|
|dp_mem_0_10_ap_vld              |  out|    1|      ap_vld|            dp_mem_0_10|       pointer|
|dp_mem_0_11                     |  out|   10|      ap_vld|            dp_mem_0_11|       pointer|
|dp_mem_0_11_ap_vld              |  out|    1|      ap_vld|            dp_mem_0_11|       pointer|
|dp_mem_0_12                     |  out|   10|      ap_vld|            dp_mem_0_12|       pointer|
|dp_mem_0_12_ap_vld              |  out|    1|      ap_vld|            dp_mem_0_12|       pointer|
|dp_mem_0_13                     |  out|   10|      ap_vld|            dp_mem_0_13|       pointer|
|dp_mem_0_13_ap_vld              |  out|    1|      ap_vld|            dp_mem_0_13|       pointer|
|dp_mem_0_14                     |  out|   10|      ap_vld|            dp_mem_0_14|       pointer|
|dp_mem_0_14_ap_vld              |  out|    1|      ap_vld|            dp_mem_0_14|       pointer|
|dp_mem_0_15                     |  out|   10|      ap_vld|            dp_mem_0_15|       pointer|
|dp_mem_0_15_ap_vld              |  out|    1|      ap_vld|            dp_mem_0_15|       pointer|
|dp_mem_0_16                     |  out|   10|      ap_vld|            dp_mem_0_16|       pointer|
|dp_mem_0_16_ap_vld              |  out|    1|      ap_vld|            dp_mem_0_16|       pointer|
|dp_mem_0_17                     |  out|   10|      ap_vld|            dp_mem_0_17|       pointer|
|dp_mem_0_17_ap_vld              |  out|    1|      ap_vld|            dp_mem_0_17|       pointer|
|dp_mem_0_18                     |  out|   10|      ap_vld|            dp_mem_0_18|       pointer|
|dp_mem_0_18_ap_vld              |  out|    1|      ap_vld|            dp_mem_0_18|       pointer|
|dp_mem_0_19                     |  out|   10|      ap_vld|            dp_mem_0_19|       pointer|
|dp_mem_0_19_ap_vld              |  out|    1|      ap_vld|            dp_mem_0_19|       pointer|
|dp_mem_0_20                     |  out|   10|      ap_vld|            dp_mem_0_20|       pointer|
|dp_mem_0_20_ap_vld              |  out|    1|      ap_vld|            dp_mem_0_20|       pointer|
|dp_mem_0_21                     |  out|   10|      ap_vld|            dp_mem_0_21|       pointer|
|dp_mem_0_21_ap_vld              |  out|    1|      ap_vld|            dp_mem_0_21|       pointer|
|dp_mem_0_22                     |  out|   10|      ap_vld|            dp_mem_0_22|       pointer|
|dp_mem_0_22_ap_vld              |  out|    1|      ap_vld|            dp_mem_0_22|       pointer|
|dp_mem_0_23                     |  out|   10|      ap_vld|            dp_mem_0_23|       pointer|
|dp_mem_0_23_ap_vld              |  out|    1|      ap_vld|            dp_mem_0_23|       pointer|
|dp_mem_0_24                     |  out|   10|      ap_vld|            dp_mem_0_24|       pointer|
|dp_mem_0_24_ap_vld              |  out|    1|      ap_vld|            dp_mem_0_24|       pointer|
|dp_mem_0_25                     |  out|   10|      ap_vld|            dp_mem_0_25|       pointer|
|dp_mem_0_25_ap_vld              |  out|    1|      ap_vld|            dp_mem_0_25|       pointer|
|dp_mem_0_26                     |  out|   10|      ap_vld|            dp_mem_0_26|       pointer|
|dp_mem_0_26_ap_vld              |  out|    1|      ap_vld|            dp_mem_0_26|       pointer|
|dp_mem_0_27                     |  out|   10|      ap_vld|            dp_mem_0_27|       pointer|
|dp_mem_0_27_ap_vld              |  out|    1|      ap_vld|            dp_mem_0_27|       pointer|
|dp_mem_0_28                     |  out|   10|      ap_vld|            dp_mem_0_28|       pointer|
|dp_mem_0_28_ap_vld              |  out|    1|      ap_vld|            dp_mem_0_28|       pointer|
|dp_mem_0_29                     |  out|   10|      ap_vld|            dp_mem_0_29|       pointer|
|dp_mem_0_29_ap_vld              |  out|    1|      ap_vld|            dp_mem_0_29|       pointer|
|dp_mem_0_30                     |  out|   10|      ap_vld|            dp_mem_0_30|       pointer|
|dp_mem_0_30_ap_vld              |  out|    1|      ap_vld|            dp_mem_0_30|       pointer|
|dp_mem_0_31                     |  out|   10|      ap_vld|            dp_mem_0_31|       pointer|
|dp_mem_0_31_ap_vld              |  out|    1|      ap_vld|            dp_mem_0_31|       pointer|
|p_read1                         |   in|   10|     ap_none|                p_read1|        scalar|
|p_read2                         |   in|   10|     ap_none|                p_read2|        scalar|
|p_read3                         |   in|   10|     ap_none|                p_read3|        scalar|
|p_read4                         |   in|   10|     ap_none|                p_read4|        scalar|
|p_read5                         |   in|   10|     ap_none|                p_read5|        scalar|
|p_read6                         |   in|   10|     ap_none|                p_read6|        scalar|
|p_read7                         |   in|   10|     ap_none|                p_read7|        scalar|
|p_read8                         |   in|   10|     ap_none|                p_read8|        scalar|
|p_read9                         |   in|   10|     ap_none|                p_read9|        scalar|
|p_read10                        |   in|   10|     ap_none|               p_read10|        scalar|
|p_read11                        |   in|   10|     ap_none|               p_read11|        scalar|
|p_read12                        |   in|   10|     ap_none|               p_read12|        scalar|
|p_read13                        |   in|   10|     ap_none|               p_read13|        scalar|
|p_read14                        |   in|   10|     ap_none|               p_read14|        scalar|
|p_read15                        |   in|   10|     ap_none|               p_read15|        scalar|
|p_read16                        |   in|   10|     ap_none|               p_read16|        scalar|
|p_read17                        |   in|   10|     ap_none|               p_read17|        scalar|
|p_read18                        |   in|   10|     ap_none|               p_read18|        scalar|
|p_read19                        |   in|   10|     ap_none|               p_read19|        scalar|
|p_read20                        |   in|   10|     ap_none|               p_read20|        scalar|
|p_read21                        |   in|   10|     ap_none|               p_read21|        scalar|
|p_read22                        |   in|   10|     ap_none|               p_read22|        scalar|
|p_read23                        |   in|   10|     ap_none|               p_read23|        scalar|
|p_read24                        |   in|   10|     ap_none|               p_read24|        scalar|
|p_read25                        |   in|   10|     ap_none|               p_read25|        scalar|
|p_read26                        |   in|   10|     ap_none|               p_read26|        scalar|
|p_read27                        |   in|   10|     ap_none|               p_read27|        scalar|
|p_read28                        |   in|   10|     ap_none|               p_read28|        scalar|
|p_read29                        |   in|   10|     ap_none|               p_read29|        scalar|
|p_read30                        |   in|   10|     ap_none|               p_read30|        scalar|
|p_read31                        |   in|   10|     ap_none|               p_read31|        scalar|
|p_read32                        |   in|   10|     ap_none|               p_read32|        scalar|
|p_read33                        |   in|   10|     ap_none|               p_read33|        scalar|
|p_read34                        |   in|   10|     ap_none|               p_read34|        scalar|
|p_read35                        |   in|   10|     ap_none|               p_read35|        scalar|
|p_read36                        |   in|   10|     ap_none|               p_read36|        scalar|
|p_read37                        |   in|   10|     ap_none|               p_read37|        scalar|
|p_read38                        |   in|   10|     ap_none|               p_read38|        scalar|
|p_read39                        |   in|   10|     ap_none|               p_read39|        scalar|
|p_read40                        |   in|   10|     ap_none|               p_read40|        scalar|
|p_read41                        |   in|   10|     ap_none|               p_read41|        scalar|
|p_read42                        |   in|   10|     ap_none|               p_read42|        scalar|
|p_read43                        |   in|   10|     ap_none|               p_read43|        scalar|
|p_read44                        |   in|   10|     ap_none|               p_read44|        scalar|
|p_read45                        |   in|   10|     ap_none|               p_read45|        scalar|
|p_read46                        |   in|   10|     ap_none|               p_read46|        scalar|
|p_read47                        |   in|   10|     ap_none|               p_read47|        scalar|
|p_read48                        |   in|   10|     ap_none|               p_read48|        scalar|
|p_read49                        |   in|   10|     ap_none|               p_read49|        scalar|
|p_read50                        |   in|   10|     ap_none|               p_read50|        scalar|
|p_read51                        |   in|   10|     ap_none|               p_read51|        scalar|
|p_read52                        |   in|   10|     ap_none|               p_read52|        scalar|
|p_read53                        |   in|   10|     ap_none|               p_read53|        scalar|
|p_read54                        |   in|   10|     ap_none|               p_read54|        scalar|
|p_read55                        |   in|   10|     ap_none|               p_read55|        scalar|
|p_read56                        |   in|   10|     ap_none|               p_read56|        scalar|
|p_read57                        |   in|   10|     ap_none|               p_read57|        scalar|
|p_read58                        |   in|   10|     ap_none|               p_read58|        scalar|
|p_read59                        |   in|   10|     ap_none|               p_read59|        scalar|
|p_read60                        |   in|   10|     ap_none|               p_read60|        scalar|
|p_read61                        |   in|   10|     ap_none|               p_read61|        scalar|
|p_read62                        |   in|   10|     ap_none|               p_read62|        scalar|
|p_read63                        |   in|   10|     ap_none|               p_read63|        scalar|
|p_read64                        |   in|   10|     ap_none|               p_read64|        scalar|
|Ix_mem_0_0                      |  out|   10|      ap_vld|             Ix_mem_0_0|       pointer|
|Ix_mem_0_0_ap_vld               |  out|    1|      ap_vld|             Ix_mem_0_0|       pointer|
|Ix_mem_0_1                      |  out|   10|      ap_vld|             Ix_mem_0_1|       pointer|
|Ix_mem_0_1_ap_vld               |  out|    1|      ap_vld|             Ix_mem_0_1|       pointer|
|Ix_mem_0_2                      |  out|   10|      ap_vld|             Ix_mem_0_2|       pointer|
|Ix_mem_0_2_ap_vld               |  out|    1|      ap_vld|             Ix_mem_0_2|       pointer|
|Ix_mem_0_3                      |  out|   10|      ap_vld|             Ix_mem_0_3|       pointer|
|Ix_mem_0_3_ap_vld               |  out|    1|      ap_vld|             Ix_mem_0_3|       pointer|
|Ix_mem_0_4                      |  out|   10|      ap_vld|             Ix_mem_0_4|       pointer|
|Ix_mem_0_4_ap_vld               |  out|    1|      ap_vld|             Ix_mem_0_4|       pointer|
|Ix_mem_0_5                      |  out|   10|      ap_vld|             Ix_mem_0_5|       pointer|
|Ix_mem_0_5_ap_vld               |  out|    1|      ap_vld|             Ix_mem_0_5|       pointer|
|Ix_mem_0_6                      |  out|   10|      ap_vld|             Ix_mem_0_6|       pointer|
|Ix_mem_0_6_ap_vld               |  out|    1|      ap_vld|             Ix_mem_0_6|       pointer|
|Ix_mem_0_7                      |  out|   10|      ap_vld|             Ix_mem_0_7|       pointer|
|Ix_mem_0_7_ap_vld               |  out|    1|      ap_vld|             Ix_mem_0_7|       pointer|
|Ix_mem_0_8                      |  out|   10|      ap_vld|             Ix_mem_0_8|       pointer|
|Ix_mem_0_8_ap_vld               |  out|    1|      ap_vld|             Ix_mem_0_8|       pointer|
|Ix_mem_0_9                      |  out|   10|      ap_vld|             Ix_mem_0_9|       pointer|
|Ix_mem_0_9_ap_vld               |  out|    1|      ap_vld|             Ix_mem_0_9|       pointer|
|Ix_mem_0_10                     |  out|   10|      ap_vld|            Ix_mem_0_10|       pointer|
|Ix_mem_0_10_ap_vld              |  out|    1|      ap_vld|            Ix_mem_0_10|       pointer|
|Ix_mem_0_11                     |  out|   10|      ap_vld|            Ix_mem_0_11|       pointer|
|Ix_mem_0_11_ap_vld              |  out|    1|      ap_vld|            Ix_mem_0_11|       pointer|
|Ix_mem_0_12                     |  out|   10|      ap_vld|            Ix_mem_0_12|       pointer|
|Ix_mem_0_12_ap_vld              |  out|    1|      ap_vld|            Ix_mem_0_12|       pointer|
|Ix_mem_0_13                     |  out|   10|      ap_vld|            Ix_mem_0_13|       pointer|
|Ix_mem_0_13_ap_vld              |  out|    1|      ap_vld|            Ix_mem_0_13|       pointer|
|Ix_mem_0_14                     |  out|   10|      ap_vld|            Ix_mem_0_14|       pointer|
|Ix_mem_0_14_ap_vld              |  out|    1|      ap_vld|            Ix_mem_0_14|       pointer|
|Ix_mem_0_15                     |  out|   10|      ap_vld|            Ix_mem_0_15|       pointer|
|Ix_mem_0_15_ap_vld              |  out|    1|      ap_vld|            Ix_mem_0_15|       pointer|
|Ix_mem_0_16                     |  out|   10|      ap_vld|            Ix_mem_0_16|       pointer|
|Ix_mem_0_16_ap_vld              |  out|    1|      ap_vld|            Ix_mem_0_16|       pointer|
|Ix_mem_0_17                     |  out|   10|      ap_vld|            Ix_mem_0_17|       pointer|
|Ix_mem_0_17_ap_vld              |  out|    1|      ap_vld|            Ix_mem_0_17|       pointer|
|Ix_mem_0_18                     |  out|   10|      ap_vld|            Ix_mem_0_18|       pointer|
|Ix_mem_0_18_ap_vld              |  out|    1|      ap_vld|            Ix_mem_0_18|       pointer|
|Ix_mem_0_19                     |  out|   10|      ap_vld|            Ix_mem_0_19|       pointer|
|Ix_mem_0_19_ap_vld              |  out|    1|      ap_vld|            Ix_mem_0_19|       pointer|
|Ix_mem_0_20                     |  out|   10|      ap_vld|            Ix_mem_0_20|       pointer|
|Ix_mem_0_20_ap_vld              |  out|    1|      ap_vld|            Ix_mem_0_20|       pointer|
|Ix_mem_0_21                     |  out|   10|      ap_vld|            Ix_mem_0_21|       pointer|
|Ix_mem_0_21_ap_vld              |  out|    1|      ap_vld|            Ix_mem_0_21|       pointer|
|Ix_mem_0_22                     |  out|   10|      ap_vld|            Ix_mem_0_22|       pointer|
|Ix_mem_0_22_ap_vld              |  out|    1|      ap_vld|            Ix_mem_0_22|       pointer|
|Ix_mem_0_23                     |  out|   10|      ap_vld|            Ix_mem_0_23|       pointer|
|Ix_mem_0_23_ap_vld              |  out|    1|      ap_vld|            Ix_mem_0_23|       pointer|
|Ix_mem_0_24                     |  out|   10|      ap_vld|            Ix_mem_0_24|       pointer|
|Ix_mem_0_24_ap_vld              |  out|    1|      ap_vld|            Ix_mem_0_24|       pointer|
|Ix_mem_0_25                     |  out|   10|      ap_vld|            Ix_mem_0_25|       pointer|
|Ix_mem_0_25_ap_vld              |  out|    1|      ap_vld|            Ix_mem_0_25|       pointer|
|Ix_mem_0_26                     |  out|   10|      ap_vld|            Ix_mem_0_26|       pointer|
|Ix_mem_0_26_ap_vld              |  out|    1|      ap_vld|            Ix_mem_0_26|       pointer|
|Ix_mem_0_27                     |  out|   10|      ap_vld|            Ix_mem_0_27|       pointer|
|Ix_mem_0_27_ap_vld              |  out|    1|      ap_vld|            Ix_mem_0_27|       pointer|
|Ix_mem_0_28                     |  out|   10|      ap_vld|            Ix_mem_0_28|       pointer|
|Ix_mem_0_28_ap_vld              |  out|    1|      ap_vld|            Ix_mem_0_28|       pointer|
|Ix_mem_0_29                     |  out|   10|      ap_vld|            Ix_mem_0_29|       pointer|
|Ix_mem_0_29_ap_vld              |  out|    1|      ap_vld|            Ix_mem_0_29|       pointer|
|Ix_mem_0_30                     |  out|   10|      ap_vld|            Ix_mem_0_30|       pointer|
|Ix_mem_0_30_ap_vld              |  out|    1|      ap_vld|            Ix_mem_0_30|       pointer|
|Ix_mem_0_31                     |  out|   10|      ap_vld|            Ix_mem_0_31|       pointer|
|Ix_mem_0_31_ap_vld              |  out|    1|      ap_vld|            Ix_mem_0_31|       pointer|
|p_read65                        |   in|   10|     ap_none|               p_read65|        scalar|
|p_read66                        |   in|   10|     ap_none|               p_read66|        scalar|
|p_read67                        |   in|   10|     ap_none|               p_read67|        scalar|
|p_read68                        |   in|   10|     ap_none|               p_read68|        scalar|
|p_read69                        |   in|   10|     ap_none|               p_read69|        scalar|
|p_read70                        |   in|   10|     ap_none|               p_read70|        scalar|
|p_read71                        |   in|   10|     ap_none|               p_read71|        scalar|
|p_read72                        |   in|   10|     ap_none|               p_read72|        scalar|
|p_read73                        |   in|   10|     ap_none|               p_read73|        scalar|
|p_read74                        |   in|   10|     ap_none|               p_read74|        scalar|
|p_read75                        |   in|   10|     ap_none|               p_read75|        scalar|
|p_read76                        |   in|   10|     ap_none|               p_read76|        scalar|
|p_read77                        |   in|   10|     ap_none|               p_read77|        scalar|
|p_read78                        |   in|   10|     ap_none|               p_read78|        scalar|
|p_read79                        |   in|   10|     ap_none|               p_read79|        scalar|
|p_read80                        |   in|   10|     ap_none|               p_read80|        scalar|
|p_read81                        |   in|   10|     ap_none|               p_read81|        scalar|
|p_read82                        |   in|   10|     ap_none|               p_read82|        scalar|
|p_read83                        |   in|   10|     ap_none|               p_read83|        scalar|
|p_read84                        |   in|   10|     ap_none|               p_read84|        scalar|
|p_read85                        |   in|   10|     ap_none|               p_read85|        scalar|
|p_read86                        |   in|   10|     ap_none|               p_read86|        scalar|
|p_read87                        |   in|   10|     ap_none|               p_read87|        scalar|
|p_read88                        |   in|   10|     ap_none|               p_read88|        scalar|
|p_read89                        |   in|   10|     ap_none|               p_read89|        scalar|
|p_read90                        |   in|   10|     ap_none|               p_read90|        scalar|
|p_read91                        |   in|   10|     ap_none|               p_read91|        scalar|
|p_read92                        |   in|   10|     ap_none|               p_read92|        scalar|
|p_read93                        |   in|   10|     ap_none|               p_read93|        scalar|
|p_read94                        |   in|   10|     ap_none|               p_read94|        scalar|
|p_read95                        |   in|   10|     ap_none|               p_read95|        scalar|
|p_read96                        |   in|   10|     ap_none|               p_read96|        scalar|
|Iy_mem_0_0                      |  out|   10|      ap_vld|             Iy_mem_0_0|       pointer|
|Iy_mem_0_0_ap_vld               |  out|    1|      ap_vld|             Iy_mem_0_0|       pointer|
|Iy_mem_0_1                      |  out|   10|      ap_vld|             Iy_mem_0_1|       pointer|
|Iy_mem_0_1_ap_vld               |  out|    1|      ap_vld|             Iy_mem_0_1|       pointer|
|Iy_mem_0_2                      |  out|   10|      ap_vld|             Iy_mem_0_2|       pointer|
|Iy_mem_0_2_ap_vld               |  out|    1|      ap_vld|             Iy_mem_0_2|       pointer|
|Iy_mem_0_3                      |  out|   10|      ap_vld|             Iy_mem_0_3|       pointer|
|Iy_mem_0_3_ap_vld               |  out|    1|      ap_vld|             Iy_mem_0_3|       pointer|
|Iy_mem_0_4                      |  out|   10|      ap_vld|             Iy_mem_0_4|       pointer|
|Iy_mem_0_4_ap_vld               |  out|    1|      ap_vld|             Iy_mem_0_4|       pointer|
|Iy_mem_0_5                      |  out|   10|      ap_vld|             Iy_mem_0_5|       pointer|
|Iy_mem_0_5_ap_vld               |  out|    1|      ap_vld|             Iy_mem_0_5|       pointer|
|Iy_mem_0_6                      |  out|   10|      ap_vld|             Iy_mem_0_6|       pointer|
|Iy_mem_0_6_ap_vld               |  out|    1|      ap_vld|             Iy_mem_0_6|       pointer|
|Iy_mem_0_7                      |  out|   10|      ap_vld|             Iy_mem_0_7|       pointer|
|Iy_mem_0_7_ap_vld               |  out|    1|      ap_vld|             Iy_mem_0_7|       pointer|
|Iy_mem_0_8                      |  out|   10|      ap_vld|             Iy_mem_0_8|       pointer|
|Iy_mem_0_8_ap_vld               |  out|    1|      ap_vld|             Iy_mem_0_8|       pointer|
|Iy_mem_0_9                      |  out|   10|      ap_vld|             Iy_mem_0_9|       pointer|
|Iy_mem_0_9_ap_vld               |  out|    1|      ap_vld|             Iy_mem_0_9|       pointer|
|Iy_mem_0_10                     |  out|   10|      ap_vld|            Iy_mem_0_10|       pointer|
|Iy_mem_0_10_ap_vld              |  out|    1|      ap_vld|            Iy_mem_0_10|       pointer|
|Iy_mem_0_11                     |  out|   10|      ap_vld|            Iy_mem_0_11|       pointer|
|Iy_mem_0_11_ap_vld              |  out|    1|      ap_vld|            Iy_mem_0_11|       pointer|
|Iy_mem_0_12                     |  out|   10|      ap_vld|            Iy_mem_0_12|       pointer|
|Iy_mem_0_12_ap_vld              |  out|    1|      ap_vld|            Iy_mem_0_12|       pointer|
|Iy_mem_0_13                     |  out|   10|      ap_vld|            Iy_mem_0_13|       pointer|
|Iy_mem_0_13_ap_vld              |  out|    1|      ap_vld|            Iy_mem_0_13|       pointer|
|Iy_mem_0_14                     |  out|   10|      ap_vld|            Iy_mem_0_14|       pointer|
|Iy_mem_0_14_ap_vld              |  out|    1|      ap_vld|            Iy_mem_0_14|       pointer|
|Iy_mem_0_15                     |  out|   10|      ap_vld|            Iy_mem_0_15|       pointer|
|Iy_mem_0_15_ap_vld              |  out|    1|      ap_vld|            Iy_mem_0_15|       pointer|
|Iy_mem_0_16                     |  out|   10|      ap_vld|            Iy_mem_0_16|       pointer|
|Iy_mem_0_16_ap_vld              |  out|    1|      ap_vld|            Iy_mem_0_16|       pointer|
|Iy_mem_0_17                     |  out|   10|      ap_vld|            Iy_mem_0_17|       pointer|
|Iy_mem_0_17_ap_vld              |  out|    1|      ap_vld|            Iy_mem_0_17|       pointer|
|Iy_mem_0_18                     |  out|   10|      ap_vld|            Iy_mem_0_18|       pointer|
|Iy_mem_0_18_ap_vld              |  out|    1|      ap_vld|            Iy_mem_0_18|       pointer|
|Iy_mem_0_19                     |  out|   10|      ap_vld|            Iy_mem_0_19|       pointer|
|Iy_mem_0_19_ap_vld              |  out|    1|      ap_vld|            Iy_mem_0_19|       pointer|
|Iy_mem_0_20                     |  out|   10|      ap_vld|            Iy_mem_0_20|       pointer|
|Iy_mem_0_20_ap_vld              |  out|    1|      ap_vld|            Iy_mem_0_20|       pointer|
|Iy_mem_0_21                     |  out|   10|      ap_vld|            Iy_mem_0_21|       pointer|
|Iy_mem_0_21_ap_vld              |  out|    1|      ap_vld|            Iy_mem_0_21|       pointer|
|Iy_mem_0_22                     |  out|   10|      ap_vld|            Iy_mem_0_22|       pointer|
|Iy_mem_0_22_ap_vld              |  out|    1|      ap_vld|            Iy_mem_0_22|       pointer|
|Iy_mem_0_23                     |  out|   10|      ap_vld|            Iy_mem_0_23|       pointer|
|Iy_mem_0_23_ap_vld              |  out|    1|      ap_vld|            Iy_mem_0_23|       pointer|
|Iy_mem_0_24                     |  out|   10|      ap_vld|            Iy_mem_0_24|       pointer|
|Iy_mem_0_24_ap_vld              |  out|    1|      ap_vld|            Iy_mem_0_24|       pointer|
|Iy_mem_0_25                     |  out|   10|      ap_vld|            Iy_mem_0_25|       pointer|
|Iy_mem_0_25_ap_vld              |  out|    1|      ap_vld|            Iy_mem_0_25|       pointer|
|Iy_mem_0_26                     |  out|   10|      ap_vld|            Iy_mem_0_26|       pointer|
|Iy_mem_0_26_ap_vld              |  out|    1|      ap_vld|            Iy_mem_0_26|       pointer|
|Iy_mem_0_27                     |  out|   10|      ap_vld|            Iy_mem_0_27|       pointer|
|Iy_mem_0_27_ap_vld              |  out|    1|      ap_vld|            Iy_mem_0_27|       pointer|
|Iy_mem_0_28                     |  out|   10|      ap_vld|            Iy_mem_0_28|       pointer|
|Iy_mem_0_28_ap_vld              |  out|    1|      ap_vld|            Iy_mem_0_28|       pointer|
|Iy_mem_0_29                     |  out|   10|      ap_vld|            Iy_mem_0_29|       pointer|
|Iy_mem_0_29_ap_vld              |  out|    1|      ap_vld|            Iy_mem_0_29|       pointer|
|Iy_mem_0_30                     |  out|   10|      ap_vld|            Iy_mem_0_30|       pointer|
|Iy_mem_0_30_ap_vld              |  out|    1|      ap_vld|            Iy_mem_0_30|       pointer|
|Iy_mem_0_31                     |  out|   10|      ap_vld|            Iy_mem_0_31|       pointer|
|Iy_mem_0_31_ap_vld              |  out|    1|      ap_vld|            Iy_mem_0_31|       pointer|
|p_read97                        |   in|   10|     ap_none|               p_read97|        scalar|
|p_read98                        |   in|   10|     ap_none|               p_read98|        scalar|
|p_read99                        |   in|   10|     ap_none|               p_read99|        scalar|
|p_read100                       |   in|   10|     ap_none|              p_read100|        scalar|
|p_read101                       |   in|   10|     ap_none|              p_read101|        scalar|
|p_read102                       |   in|   10|     ap_none|              p_read102|        scalar|
|p_read103                       |   in|   10|     ap_none|              p_read103|        scalar|
|p_read104                       |   in|   10|     ap_none|              p_read104|        scalar|
|p_read105                       |   in|   10|     ap_none|              p_read105|        scalar|
|p_read106                       |   in|   10|     ap_none|              p_read106|        scalar|
|p_read107                       |   in|   10|     ap_none|              p_read107|        scalar|
|p_read108                       |   in|   10|     ap_none|              p_read108|        scalar|
|p_read109                       |   in|   10|     ap_none|              p_read109|        scalar|
|p_read110                       |   in|   10|     ap_none|              p_read110|        scalar|
|p_read111                       |   in|   10|     ap_none|              p_read111|        scalar|
|p_read112                       |   in|   10|     ap_none|              p_read112|        scalar|
|p_read113                       |   in|   10|     ap_none|              p_read113|        scalar|
|p_read114                       |   in|   10|     ap_none|              p_read114|        scalar|
|p_read115                       |   in|   10|     ap_none|              p_read115|        scalar|
|p_read116                       |   in|   10|     ap_none|              p_read116|        scalar|
|p_read117                       |   in|   10|     ap_none|              p_read117|        scalar|
|p_read118                       |   in|   10|     ap_none|              p_read118|        scalar|
|p_read119                       |   in|   10|     ap_none|              p_read119|        scalar|
|p_read120                       |   in|   10|     ap_none|              p_read120|        scalar|
|p_read121                       |   in|   10|     ap_none|              p_read121|        scalar|
|p_read122                       |   in|   10|     ap_none|              p_read122|        scalar|
|p_read123                       |   in|   10|     ap_none|              p_read123|        scalar|
|p_read124                       |   in|   10|     ap_none|              p_read124|        scalar|
|p_read125                       |   in|   10|     ap_none|              p_read125|        scalar|
|p_read126                       |   in|   10|     ap_none|              p_read126|        scalar|
|p_read127                       |   in|   10|     ap_none|              p_read127|        scalar|
|p_read128                       |   in|   10|     ap_none|              p_read128|        scalar|
|last_pe_score_address0          |  out|   10|   ap_memory|          last_pe_score|         array|
|last_pe_score_ce0               |  out|    1|   ap_memory|          last_pe_score|         array|
|last_pe_score_we0               |  out|    1|   ap_memory|          last_pe_score|         array|
|last_pe_score_d0                |  out|   10|   ap_memory|          last_pe_score|         array|
|last_pe_score_address1          |  out|   10|   ap_memory|          last_pe_score|         array|
|last_pe_score_ce1               |  out|    1|   ap_memory|          last_pe_score|         array|
|last_pe_score_q1                |   in|   10|   ap_memory|          last_pe_score|         array|
|last_pe_scoreIx_address0        |  out|   10|   ap_memory|        last_pe_scoreIx|         array|
|last_pe_scoreIx_ce0             |  out|    1|   ap_memory|        last_pe_scoreIx|         array|
|last_pe_scoreIx_we0             |  out|    1|   ap_memory|        last_pe_scoreIx|         array|
|last_pe_scoreIx_d0              |  out|   10|   ap_memory|        last_pe_scoreIx|         array|
|last_pe_scoreIx_q0              |   in|   10|   ap_memory|        last_pe_scoreIx|         array|
|dp_matrix1_0_address0           |  out|   15|   ap_memory|           dp_matrix1_0|         array|
|dp_matrix1_0_ce0                |  out|    1|   ap_memory|           dp_matrix1_0|         array|
|dp_matrix1_0_we0                |  out|    1|   ap_memory|           dp_matrix1_0|         array|
|dp_matrix1_0_d0                 |  out|   10|   ap_memory|           dp_matrix1_0|         array|
|dp_matrix1_0_address1           |  out|   15|   ap_memory|           dp_matrix1_0|         array|
|dp_matrix1_0_ce1                |  out|    1|   ap_memory|           dp_matrix1_0|         array|
|dp_matrix1_0_we1                |  out|    1|   ap_memory|           dp_matrix1_0|         array|
|dp_matrix1_0_d1                 |  out|   10|   ap_memory|           dp_matrix1_0|         array|
|dp_matrix1_1_address0           |  out|   15|   ap_memory|           dp_matrix1_1|         array|
|dp_matrix1_1_ce0                |  out|    1|   ap_memory|           dp_matrix1_1|         array|
|dp_matrix1_1_we0                |  out|    1|   ap_memory|           dp_matrix1_1|         array|
|dp_matrix1_1_d0                 |  out|   10|   ap_memory|           dp_matrix1_1|         array|
|dp_matrix1_1_address1           |  out|   15|   ap_memory|           dp_matrix1_1|         array|
|dp_matrix1_1_ce1                |  out|    1|   ap_memory|           dp_matrix1_1|         array|
|dp_matrix1_1_we1                |  out|    1|   ap_memory|           dp_matrix1_1|         array|
|dp_matrix1_1_d1                 |  out|   10|   ap_memory|           dp_matrix1_1|         array|
|dp_matrix1_2_address0           |  out|   15|   ap_memory|           dp_matrix1_2|         array|
|dp_matrix1_2_ce0                |  out|    1|   ap_memory|           dp_matrix1_2|         array|
|dp_matrix1_2_we0                |  out|    1|   ap_memory|           dp_matrix1_2|         array|
|dp_matrix1_2_d0                 |  out|   10|   ap_memory|           dp_matrix1_2|         array|
|dp_matrix1_2_address1           |  out|   15|   ap_memory|           dp_matrix1_2|         array|
|dp_matrix1_2_ce1                |  out|    1|   ap_memory|           dp_matrix1_2|         array|
|dp_matrix1_2_we1                |  out|    1|   ap_memory|           dp_matrix1_2|         array|
|dp_matrix1_2_d1                 |  out|   10|   ap_memory|           dp_matrix1_2|         array|
|dp_matrix1_3_address0           |  out|   15|   ap_memory|           dp_matrix1_3|         array|
|dp_matrix1_3_ce0                |  out|    1|   ap_memory|           dp_matrix1_3|         array|
|dp_matrix1_3_we0                |  out|    1|   ap_memory|           dp_matrix1_3|         array|
|dp_matrix1_3_d0                 |  out|   10|   ap_memory|           dp_matrix1_3|         array|
|dp_matrix1_3_address1           |  out|   15|   ap_memory|           dp_matrix1_3|         array|
|dp_matrix1_3_ce1                |  out|    1|   ap_memory|           dp_matrix1_3|         array|
|dp_matrix1_3_we1                |  out|    1|   ap_memory|           dp_matrix1_3|         array|
|dp_matrix1_3_d1                 |  out|   10|   ap_memory|           dp_matrix1_3|         array|
|dp_matrix1_4_address0           |  out|   15|   ap_memory|           dp_matrix1_4|         array|
|dp_matrix1_4_ce0                |  out|    1|   ap_memory|           dp_matrix1_4|         array|
|dp_matrix1_4_we0                |  out|    1|   ap_memory|           dp_matrix1_4|         array|
|dp_matrix1_4_d0                 |  out|   10|   ap_memory|           dp_matrix1_4|         array|
|dp_matrix1_4_address1           |  out|   15|   ap_memory|           dp_matrix1_4|         array|
|dp_matrix1_4_ce1                |  out|    1|   ap_memory|           dp_matrix1_4|         array|
|dp_matrix1_4_we1                |  out|    1|   ap_memory|           dp_matrix1_4|         array|
|dp_matrix1_4_d1                 |  out|   10|   ap_memory|           dp_matrix1_4|         array|
|dp_matrix1_5_address0           |  out|   15|   ap_memory|           dp_matrix1_5|         array|
|dp_matrix1_5_ce0                |  out|    1|   ap_memory|           dp_matrix1_5|         array|
|dp_matrix1_5_we0                |  out|    1|   ap_memory|           dp_matrix1_5|         array|
|dp_matrix1_5_d0                 |  out|   10|   ap_memory|           dp_matrix1_5|         array|
|dp_matrix1_5_address1           |  out|   15|   ap_memory|           dp_matrix1_5|         array|
|dp_matrix1_5_ce1                |  out|    1|   ap_memory|           dp_matrix1_5|         array|
|dp_matrix1_5_we1                |  out|    1|   ap_memory|           dp_matrix1_5|         array|
|dp_matrix1_5_d1                 |  out|   10|   ap_memory|           dp_matrix1_5|         array|
|dp_matrix1_6_address0           |  out|   15|   ap_memory|           dp_matrix1_6|         array|
|dp_matrix1_6_ce0                |  out|    1|   ap_memory|           dp_matrix1_6|         array|
|dp_matrix1_6_we0                |  out|    1|   ap_memory|           dp_matrix1_6|         array|
|dp_matrix1_6_d0                 |  out|   10|   ap_memory|           dp_matrix1_6|         array|
|dp_matrix1_6_address1           |  out|   15|   ap_memory|           dp_matrix1_6|         array|
|dp_matrix1_6_ce1                |  out|    1|   ap_memory|           dp_matrix1_6|         array|
|dp_matrix1_6_we1                |  out|    1|   ap_memory|           dp_matrix1_6|         array|
|dp_matrix1_6_d1                 |  out|   10|   ap_memory|           dp_matrix1_6|         array|
|dp_matrix1_7_address0           |  out|   15|   ap_memory|           dp_matrix1_7|         array|
|dp_matrix1_7_ce0                |  out|    1|   ap_memory|           dp_matrix1_7|         array|
|dp_matrix1_7_we0                |  out|    1|   ap_memory|           dp_matrix1_7|         array|
|dp_matrix1_7_d0                 |  out|   10|   ap_memory|           dp_matrix1_7|         array|
|dp_matrix1_7_address1           |  out|   15|   ap_memory|           dp_matrix1_7|         array|
|dp_matrix1_7_ce1                |  out|    1|   ap_memory|           dp_matrix1_7|         array|
|dp_matrix1_7_we1                |  out|    1|   ap_memory|           dp_matrix1_7|         array|
|dp_matrix1_7_d1                 |  out|   10|   ap_memory|           dp_matrix1_7|         array|
|dp_matrix1_8_address0           |  out|   15|   ap_memory|           dp_matrix1_8|         array|
|dp_matrix1_8_ce0                |  out|    1|   ap_memory|           dp_matrix1_8|         array|
|dp_matrix1_8_we0                |  out|    1|   ap_memory|           dp_matrix1_8|         array|
|dp_matrix1_8_d0                 |  out|   10|   ap_memory|           dp_matrix1_8|         array|
|dp_matrix1_8_address1           |  out|   15|   ap_memory|           dp_matrix1_8|         array|
|dp_matrix1_8_ce1                |  out|    1|   ap_memory|           dp_matrix1_8|         array|
|dp_matrix1_8_we1                |  out|    1|   ap_memory|           dp_matrix1_8|         array|
|dp_matrix1_8_d1                 |  out|   10|   ap_memory|           dp_matrix1_8|         array|
|dp_matrix1_9_address0           |  out|   15|   ap_memory|           dp_matrix1_9|         array|
|dp_matrix1_9_ce0                |  out|    1|   ap_memory|           dp_matrix1_9|         array|
|dp_matrix1_9_we0                |  out|    1|   ap_memory|           dp_matrix1_9|         array|
|dp_matrix1_9_d0                 |  out|   10|   ap_memory|           dp_matrix1_9|         array|
|dp_matrix1_9_address1           |  out|   15|   ap_memory|           dp_matrix1_9|         array|
|dp_matrix1_9_ce1                |  out|    1|   ap_memory|           dp_matrix1_9|         array|
|dp_matrix1_9_we1                |  out|    1|   ap_memory|           dp_matrix1_9|         array|
|dp_matrix1_9_d1                 |  out|   10|   ap_memory|           dp_matrix1_9|         array|
|dp_matrix1_10_address0          |  out|   15|   ap_memory|          dp_matrix1_10|         array|
|dp_matrix1_10_ce0               |  out|    1|   ap_memory|          dp_matrix1_10|         array|
|dp_matrix1_10_we0               |  out|    1|   ap_memory|          dp_matrix1_10|         array|
|dp_matrix1_10_d0                |  out|   10|   ap_memory|          dp_matrix1_10|         array|
|dp_matrix1_10_address1          |  out|   15|   ap_memory|          dp_matrix1_10|         array|
|dp_matrix1_10_ce1               |  out|    1|   ap_memory|          dp_matrix1_10|         array|
|dp_matrix1_10_we1               |  out|    1|   ap_memory|          dp_matrix1_10|         array|
|dp_matrix1_10_d1                |  out|   10|   ap_memory|          dp_matrix1_10|         array|
|dp_matrix1_11_address0          |  out|   15|   ap_memory|          dp_matrix1_11|         array|
|dp_matrix1_11_ce0               |  out|    1|   ap_memory|          dp_matrix1_11|         array|
|dp_matrix1_11_we0               |  out|    1|   ap_memory|          dp_matrix1_11|         array|
|dp_matrix1_11_d0                |  out|   10|   ap_memory|          dp_matrix1_11|         array|
|dp_matrix1_11_address1          |  out|   15|   ap_memory|          dp_matrix1_11|         array|
|dp_matrix1_11_ce1               |  out|    1|   ap_memory|          dp_matrix1_11|         array|
|dp_matrix1_11_we1               |  out|    1|   ap_memory|          dp_matrix1_11|         array|
|dp_matrix1_11_d1                |  out|   10|   ap_memory|          dp_matrix1_11|         array|
|dp_matrix1_12_address0          |  out|   15|   ap_memory|          dp_matrix1_12|         array|
|dp_matrix1_12_ce0               |  out|    1|   ap_memory|          dp_matrix1_12|         array|
|dp_matrix1_12_we0               |  out|    1|   ap_memory|          dp_matrix1_12|         array|
|dp_matrix1_12_d0                |  out|   10|   ap_memory|          dp_matrix1_12|         array|
|dp_matrix1_12_address1          |  out|   15|   ap_memory|          dp_matrix1_12|         array|
|dp_matrix1_12_ce1               |  out|    1|   ap_memory|          dp_matrix1_12|         array|
|dp_matrix1_12_we1               |  out|    1|   ap_memory|          dp_matrix1_12|         array|
|dp_matrix1_12_d1                |  out|   10|   ap_memory|          dp_matrix1_12|         array|
|dp_matrix1_13_address0          |  out|   15|   ap_memory|          dp_matrix1_13|         array|
|dp_matrix1_13_ce0               |  out|    1|   ap_memory|          dp_matrix1_13|         array|
|dp_matrix1_13_we0               |  out|    1|   ap_memory|          dp_matrix1_13|         array|
|dp_matrix1_13_d0                |  out|   10|   ap_memory|          dp_matrix1_13|         array|
|dp_matrix1_13_address1          |  out|   15|   ap_memory|          dp_matrix1_13|         array|
|dp_matrix1_13_ce1               |  out|    1|   ap_memory|          dp_matrix1_13|         array|
|dp_matrix1_13_we1               |  out|    1|   ap_memory|          dp_matrix1_13|         array|
|dp_matrix1_13_d1                |  out|   10|   ap_memory|          dp_matrix1_13|         array|
|dp_matrix1_14_address0          |  out|   15|   ap_memory|          dp_matrix1_14|         array|
|dp_matrix1_14_ce0               |  out|    1|   ap_memory|          dp_matrix1_14|         array|
|dp_matrix1_14_we0               |  out|    1|   ap_memory|          dp_matrix1_14|         array|
|dp_matrix1_14_d0                |  out|   10|   ap_memory|          dp_matrix1_14|         array|
|dp_matrix1_14_address1          |  out|   15|   ap_memory|          dp_matrix1_14|         array|
|dp_matrix1_14_ce1               |  out|    1|   ap_memory|          dp_matrix1_14|         array|
|dp_matrix1_14_we1               |  out|    1|   ap_memory|          dp_matrix1_14|         array|
|dp_matrix1_14_d1                |  out|   10|   ap_memory|          dp_matrix1_14|         array|
|dp_matrix1_15_address0          |  out|   15|   ap_memory|          dp_matrix1_15|         array|
|dp_matrix1_15_ce0               |  out|    1|   ap_memory|          dp_matrix1_15|         array|
|dp_matrix1_15_we0               |  out|    1|   ap_memory|          dp_matrix1_15|         array|
|dp_matrix1_15_d0                |  out|   10|   ap_memory|          dp_matrix1_15|         array|
|dp_matrix1_15_address1          |  out|   15|   ap_memory|          dp_matrix1_15|         array|
|dp_matrix1_15_ce1               |  out|    1|   ap_memory|          dp_matrix1_15|         array|
|dp_matrix1_15_we1               |  out|    1|   ap_memory|          dp_matrix1_15|         array|
|dp_matrix1_15_d1                |  out|   10|   ap_memory|          dp_matrix1_15|         array|
+--------------------------------+-----+-----+------------+-----------------------+--------------+

