

================================================================
== Vitis HLS Report for 'ArrSet_vector_ap_fixed_16_11_5_3_0_3ul_256_s'
================================================================
* Date:           Thu Oct 26 16:51:14 2023

* Version:        2023.1 (Build 3854077 on May  4 2023)
* Project:        BasicKernel
* Solution:       solution1 (Vitis Kernel Flow Target)
* Product family: zynquplus
* Target device:  xczu7ev-ffvc1156-2-i


================================================================
== Performance Estimates
================================================================
+ Timing: 
    * Summary: 
    +--------+---------+----------+------------+
    |  Clock |  Target | Estimated| Uncertainty|
    +--------+---------+----------+------------+
    |ap_clk  |  4.00 ns|  2.843 ns|     1.08 ns|
    +--------+---------+----------+------------+

+ Latency: 
    * Summary: 
    +---------+---------+----------+----------+-----+-----+---------+
    |  Latency (cycles) |  Latency (absolute) |  Interval | Pipeline|
    |   min   |   max   |    min   |    max   | min | max |   Type  |
    +---------+---------+----------+----------+-----+-----+---------+
    |      255|      255|  1.020 us|  1.020 us|  255|  255|       no|
    +---------+---------+----------+----------+-----+-----+---------+

    + Detail: 
        * Instance: 
        N/A

        * Loop: 
        N/A



================================================================
== Utilization Estimates
================================================================
* Summary: 
+-----------------+---------+------+--------+--------+-----+
|       Name      | BRAM_18K|  DSP |   FF   |   LUT  | URAM|
+-----------------+---------+------+--------+--------+-----+
|DSP              |        -|     -|       -|       -|    -|
|Expression       |        -|     -|       0|   25065|    -|
|FIFO             |        -|     -|       -|       -|    -|
|Instance         |        -|     -|       -|       -|    -|
|Memory           |        -|     -|       -|       -|    -|
|Multiplexer      |        -|     -|       -|    5457|    -|
|Register         |        -|     -|   24658|       -|    -|
+-----------------+---------+------+--------+--------+-----+
|Total            |        0|     0|   24658|   30522|    0|
+-----------------+---------+------+--------+--------+-----+
|Available        |      624|  1728|  460800|  230400|   96|
+-----------------+---------+------+--------+--------+-----+
|Utilization (%)  |        0|     0|       5|      13|    0|
+-----------------+---------+------+--------+--------+-----+

+ Detail: 
    * Instance: 
    N/A

    * DSP: 
    N/A

    * Memory: 
    N/A

    * FIFO: 
    N/A

    * Expression: 
    +--------------------------+----------+----+---+-----+------------+------------+
    |       Variable Name      | Operation| DSP| FF| LUT | Bitwidth P0| Bitwidth P1|
    +--------------------------+----------+----+---+-----+------------+------------+
    |and_ln109_256_fu_2912_p2  |       and|   0|  0|   48|          48|          48|
    |and_ln109_257_fu_2924_p2  |       and|   0|  0|   48|          48|          48|
    |and_ln109_258_fu_2935_p2  |       and|   0|  0|   48|          48|          48|
    |and_ln109_259_fu_2946_p2  |       and|   0|  0|   48|          48|          48|
    |and_ln109_260_fu_2957_p2  |       and|   0|  0|   48|          48|          48|
    |and_ln109_261_fu_2968_p2  |       and|   0|  0|   48|          48|          48|
    |and_ln109_262_fu_2979_p2  |       and|   0|  0|   48|          48|          48|
    |and_ln109_263_fu_2990_p2  |       and|   0|  0|   48|          48|          48|
    |and_ln109_264_fu_3001_p2  |       and|   0|  0|   48|          48|          48|
    |and_ln109_265_fu_3012_p2  |       and|   0|  0|   48|          48|          48|
    |and_ln109_266_fu_3023_p2  |       and|   0|  0|   48|          48|          48|
    |and_ln109_267_fu_3034_p2  |       and|   0|  0|   48|          48|          48|
    |and_ln109_268_fu_3045_p2  |       and|   0|  0|   48|          48|          48|
    |and_ln109_269_fu_3056_p2  |       and|   0|  0|   48|          48|          48|
    |and_ln109_270_fu_3067_p2  |       and|   0|  0|   48|          48|          48|
    |and_ln109_271_fu_3078_p2  |       and|   0|  0|   48|          48|          48|
    |and_ln109_272_fu_3089_p2  |       and|   0|  0|   48|          48|          48|
    |and_ln109_273_fu_3100_p2  |       and|   0|  0|   48|          48|          48|
    |and_ln109_274_fu_3111_p2  |       and|   0|  0|   48|          48|          48|
    |and_ln109_275_fu_3122_p2  |       and|   0|  0|   48|          48|          48|
    |and_ln109_276_fu_3133_p2  |       and|   0|  0|   48|          48|          48|
    |and_ln109_277_fu_3144_p2  |       and|   0|  0|   48|          48|          48|
    |and_ln109_278_fu_3155_p2  |       and|   0|  0|   48|          48|          48|
    |and_ln109_279_fu_3166_p2  |       and|   0|  0|   48|          48|          48|
    |and_ln109_280_fu_3177_p2  |       and|   0|  0|   48|          48|          48|
    |and_ln109_281_fu_3188_p2  |       and|   0|  0|   48|          48|          48|
    |and_ln109_282_fu_3199_p2  |       and|   0|  0|   48|          48|          48|
    |and_ln109_283_fu_3210_p2  |       and|   0|  0|   48|          48|          48|
    |and_ln109_284_fu_3221_p2  |       and|   0|  0|   48|          48|          48|
    |and_ln109_285_fu_3232_p2  |       and|   0|  0|   48|          48|          48|
    |and_ln109_286_fu_3243_p2  |       and|   0|  0|   48|          48|          48|
    |and_ln109_287_fu_3254_p2  |       and|   0|  0|   48|          48|          48|
    |and_ln109_288_fu_3265_p2  |       and|   0|  0|   48|          48|          48|
    |and_ln109_289_fu_3276_p2  |       and|   0|  0|   48|          48|          48|
    |and_ln109_290_fu_3287_p2  |       and|   0|  0|   48|          48|          48|
    |and_ln109_291_fu_3298_p2  |       and|   0|  0|   48|          48|          48|
    |and_ln109_292_fu_3309_p2  |       and|   0|  0|   48|          48|          48|
    |and_ln109_293_fu_3320_p2  |       and|   0|  0|   48|          48|          48|
    |and_ln109_294_fu_3331_p2  |       and|   0|  0|   48|          48|          48|
    |and_ln109_295_fu_3342_p2  |       and|   0|  0|   48|          48|          48|
    |and_ln109_296_fu_3353_p2  |       and|   0|  0|   48|          48|          48|
    |and_ln109_297_fu_3364_p2  |       and|   0|  0|   48|          48|          48|
    |and_ln109_298_fu_3375_p2  |       and|   0|  0|   48|          48|          48|
    |and_ln109_299_fu_3386_p2  |       and|   0|  0|   48|          48|          48|
    |and_ln109_300_fu_3397_p2  |       and|   0|  0|   48|          48|          48|
    |and_ln109_301_fu_3408_p2  |       and|   0|  0|   48|          48|          48|
    |and_ln109_302_fu_3419_p2  |       and|   0|  0|   48|          48|          48|
    |and_ln109_303_fu_3430_p2  |       and|   0|  0|   48|          48|          48|
    |and_ln109_304_fu_3441_p2  |       and|   0|  0|   48|          48|          48|
    |and_ln109_305_fu_3452_p2  |       and|   0|  0|   48|          48|          48|
    |and_ln109_306_fu_3463_p2  |       and|   0|  0|   48|          48|          48|
    |and_ln109_307_fu_3474_p2  |       and|   0|  0|   48|          48|          48|
    |and_ln109_308_fu_3485_p2  |       and|   0|  0|   48|          48|          48|
    |and_ln109_309_fu_3496_p2  |       and|   0|  0|   48|          48|          48|
    |and_ln109_310_fu_3507_p2  |       and|   0|  0|   48|          48|          48|
    |and_ln109_311_fu_3518_p2  |       and|   0|  0|   48|          48|          48|
    |and_ln109_312_fu_3529_p2  |       and|   0|  0|   48|          48|          48|
    |and_ln109_313_fu_3540_p2  |       and|   0|  0|   48|          48|          48|
    |and_ln109_314_fu_3551_p2  |       and|   0|  0|   48|          48|          48|
    |and_ln109_315_fu_3562_p2  |       and|   0|  0|   48|          48|          48|
    |and_ln109_316_fu_3573_p2  |       and|   0|  0|   48|          48|          48|
    |and_ln109_317_fu_3584_p2  |       and|   0|  0|   48|          48|          48|
    |and_ln109_318_fu_3595_p2  |       and|   0|  0|   48|          48|          48|
    |and_ln109_319_fu_3606_p2  |       and|   0|  0|   48|          48|          48|
    |and_ln109_320_fu_3617_p2  |       and|   0|  0|   48|          48|          48|
    |and_ln109_321_fu_3628_p2  |       and|   0|  0|   48|          48|          48|
    |and_ln109_322_fu_3639_p2  |       and|   0|  0|   48|          48|          48|
    |and_ln109_323_fu_3650_p2  |       and|   0|  0|   48|          48|          48|
    |and_ln109_324_fu_3661_p2  |       and|   0|  0|   48|          48|          48|
    |and_ln109_325_fu_3672_p2  |       and|   0|  0|   48|          48|          48|
    |and_ln109_326_fu_3683_p2  |       and|   0|  0|   48|          48|          48|
    |and_ln109_327_fu_3694_p2  |       and|   0|  0|   48|          48|          48|
    |and_ln109_328_fu_3705_p2  |       and|   0|  0|   48|          48|          48|
    |and_ln109_329_fu_3716_p2  |       and|   0|  0|   48|          48|          48|
    |and_ln109_330_fu_3727_p2  |       and|   0|  0|   48|          48|          48|
    |and_ln109_331_fu_3738_p2  |       and|   0|  0|   48|          48|          48|
    |and_ln109_332_fu_3749_p2  |       and|   0|  0|   48|          48|          48|
    |and_ln109_333_fu_3760_p2  |       and|   0|  0|   48|          48|          48|
    |and_ln109_334_fu_3771_p2  |       and|   0|  0|   48|          48|          48|
    |and_ln109_335_fu_3782_p2  |       and|   0|  0|   48|          48|          48|
    |and_ln109_336_fu_3793_p2  |       and|   0|  0|   48|          48|          48|
    |and_ln109_337_fu_3804_p2  |       and|   0|  0|   48|          48|          48|
    |and_ln109_338_fu_3815_p2  |       and|   0|  0|   48|          48|          48|
    |and_ln109_339_fu_3826_p2  |       and|   0|  0|   48|          48|          48|
    |and_ln109_340_fu_3837_p2  |       and|   0|  0|   48|          48|          48|
    |and_ln109_341_fu_3848_p2  |       and|   0|  0|   48|          48|          48|
    |and_ln109_342_fu_3859_p2  |       and|   0|  0|   48|          48|          48|
    |and_ln109_343_fu_3870_p2  |       and|   0|  0|   48|          48|          48|
    |and_ln109_344_fu_3881_p2  |       and|   0|  0|   48|          48|          48|
    |and_ln109_345_fu_3892_p2  |       and|   0|  0|   48|          48|          48|
    |and_ln109_346_fu_3903_p2  |       and|   0|  0|   48|          48|          48|
    |and_ln109_347_fu_3914_p2  |       and|   0|  0|   48|          48|          48|
    |and_ln109_348_fu_3925_p2  |       and|   0|  0|   48|          48|          48|
    |and_ln109_349_fu_3936_p2  |       and|   0|  0|   48|          48|          48|
    |and_ln109_350_fu_3947_p2  |       and|   0|  0|   48|          48|          48|
    |and_ln109_351_fu_3958_p2  |       and|   0|  0|   48|          48|          48|
    |and_ln109_352_fu_3969_p2  |       and|   0|  0|   48|          48|          48|
    |and_ln109_353_fu_3980_p2  |       and|   0|  0|   48|          48|          48|
    |and_ln109_354_fu_3991_p2  |       and|   0|  0|   48|          48|          48|
    |and_ln109_355_fu_4002_p2  |       and|   0|  0|   48|          48|          48|
    |and_ln109_356_fu_4013_p2  |       and|   0|  0|   48|          48|          48|
    |and_ln109_357_fu_4024_p2  |       and|   0|  0|   48|          48|          48|
    |and_ln109_358_fu_4035_p2  |       and|   0|  0|   48|          48|          48|
    |and_ln109_359_fu_4046_p2  |       and|   0|  0|   48|          48|          48|
    |and_ln109_360_fu_4057_p2  |       and|   0|  0|   48|          48|          48|
    |and_ln109_361_fu_4068_p2  |       and|   0|  0|   48|          48|          48|
    |and_ln109_362_fu_4079_p2  |       and|   0|  0|   48|          48|          48|
    |and_ln109_363_fu_4090_p2  |       and|   0|  0|   48|          48|          48|
    |and_ln109_364_fu_4101_p2  |       and|   0|  0|   48|          48|          48|
    |and_ln109_365_fu_4112_p2  |       and|   0|  0|   48|          48|          48|
    |and_ln109_366_fu_4123_p2  |       and|   0|  0|   48|          48|          48|
    |and_ln109_367_fu_4134_p2  |       and|   0|  0|   48|          48|          48|
    |and_ln109_368_fu_4145_p2  |       and|   0|  0|   48|          48|          48|
    |and_ln109_369_fu_4156_p2  |       and|   0|  0|   48|          48|          48|
    |and_ln109_370_fu_4167_p2  |       and|   0|  0|   48|          48|          48|
    |and_ln109_371_fu_4178_p2  |       and|   0|  0|   48|          48|          48|
    |and_ln109_372_fu_4189_p2  |       and|   0|  0|   48|          48|          48|
    |and_ln109_373_fu_4200_p2  |       and|   0|  0|   48|          48|          48|
    |and_ln109_374_fu_4211_p2  |       and|   0|  0|   48|          48|          48|
    |and_ln109_375_fu_4222_p2  |       and|   0|  0|   48|          48|          48|
    |and_ln109_376_fu_4233_p2  |       and|   0|  0|   48|          48|          48|
    |and_ln109_377_fu_4244_p2  |       and|   0|  0|   48|          48|          48|
    |and_ln109_378_fu_4255_p2  |       and|   0|  0|   48|          48|          48|
    |and_ln109_379_fu_4266_p2  |       and|   0|  0|   48|          48|          48|
    |and_ln109_380_fu_4277_p2  |       and|   0|  0|   48|          48|          48|
    |and_ln109_381_fu_4288_p2  |       and|   0|  0|   48|          48|          48|
    |and_ln109_382_fu_4299_p2  |       and|   0|  0|   48|          48|          48|
    |and_ln109_383_fu_4310_p2  |       and|   0|  0|   48|          48|          48|
    |and_ln109_384_fu_4321_p2  |       and|   0|  0|   48|          48|          48|
    |and_ln109_385_fu_4332_p2  |       and|   0|  0|   48|          48|          48|
    |and_ln109_386_fu_4343_p2  |       and|   0|  0|   48|          48|          48|
    |and_ln109_387_fu_4354_p2  |       and|   0|  0|   48|          48|          48|
    |and_ln109_388_fu_4365_p2  |       and|   0|  0|   48|          48|          48|
    |and_ln109_389_fu_4376_p2  |       and|   0|  0|   48|          48|          48|
    |and_ln109_390_fu_4387_p2  |       and|   0|  0|   48|          48|          48|
    |and_ln109_391_fu_4398_p2  |       and|   0|  0|   48|          48|          48|
    |and_ln109_392_fu_4409_p2  |       and|   0|  0|   48|          48|          48|
    |and_ln109_393_fu_4420_p2  |       and|   0|  0|   48|          48|          48|
    |and_ln109_394_fu_4431_p2  |       and|   0|  0|   48|          48|          48|
    |and_ln109_395_fu_4442_p2  |       and|   0|  0|   48|          48|          48|
    |and_ln109_396_fu_4453_p2  |       and|   0|  0|   48|          48|          48|
    |and_ln109_397_fu_4464_p2  |       and|   0|  0|   48|          48|          48|
    |and_ln109_398_fu_4475_p2  |       and|   0|  0|   48|          48|          48|
    |and_ln109_399_fu_4486_p2  |       and|   0|  0|   48|          48|          48|
    |and_ln109_400_fu_4497_p2  |       and|   0|  0|   48|          48|          48|
    |and_ln109_401_fu_4508_p2  |       and|   0|  0|   48|          48|          48|
    |and_ln109_402_fu_4519_p2  |       and|   0|  0|   48|          48|          48|
    |and_ln109_403_fu_4530_p2  |       and|   0|  0|   48|          48|          48|
    |and_ln109_404_fu_4541_p2  |       and|   0|  0|   48|          48|          48|
    |and_ln109_405_fu_4552_p2  |       and|   0|  0|   48|          48|          48|
    |and_ln109_406_fu_4563_p2  |       and|   0|  0|   48|          48|          48|
    |and_ln109_407_fu_4574_p2  |       and|   0|  0|   48|          48|          48|
    |and_ln109_408_fu_4585_p2  |       and|   0|  0|   48|          48|          48|
    |and_ln109_409_fu_4596_p2  |       and|   0|  0|   48|          48|          48|
    |and_ln109_410_fu_4607_p2  |       and|   0|  0|   48|          48|          48|
    |and_ln109_411_fu_4618_p2  |       and|   0|  0|   48|          48|          48|
    |and_ln109_412_fu_4629_p2  |       and|   0|  0|   48|          48|          48|
    |and_ln109_413_fu_4640_p2  |       and|   0|  0|   48|          48|          48|
    |and_ln109_414_fu_4651_p2  |       and|   0|  0|   48|          48|          48|
    |and_ln109_415_fu_4662_p2  |       and|   0|  0|   48|          48|          48|
    |and_ln109_416_fu_4673_p2  |       and|   0|  0|   48|          48|          48|
    |and_ln109_417_fu_4684_p2  |       and|   0|  0|   48|          48|          48|
    |and_ln109_418_fu_4695_p2  |       and|   0|  0|   48|          48|          48|
    |and_ln109_419_fu_4706_p2  |       and|   0|  0|   48|          48|          48|
    |and_ln109_420_fu_4717_p2  |       and|   0|  0|   48|          48|          48|
    |and_ln109_421_fu_4728_p2  |       and|   0|  0|   48|          48|          48|
    |and_ln109_422_fu_4739_p2  |       and|   0|  0|   48|          48|          48|
    |and_ln109_423_fu_4750_p2  |       and|   0|  0|   48|          48|          48|
    |and_ln109_424_fu_4761_p2  |       and|   0|  0|   48|          48|          48|
    |and_ln109_425_fu_4772_p2  |       and|   0|  0|   48|          48|          48|
    |and_ln109_426_fu_4783_p2  |       and|   0|  0|   48|          48|          48|
    |and_ln109_427_fu_4794_p2  |       and|   0|  0|   48|          48|          48|
    |and_ln109_428_fu_4805_p2  |       and|   0|  0|   48|          48|          48|
    |and_ln109_429_fu_4816_p2  |       and|   0|  0|   48|          48|          48|
    |and_ln109_430_fu_4827_p2  |       and|   0|  0|   48|          48|          48|
    |and_ln109_431_fu_4838_p2  |       and|   0|  0|   48|          48|          48|
    |and_ln109_432_fu_4849_p2  |       and|   0|  0|   48|          48|          48|
    |and_ln109_433_fu_4860_p2  |       and|   0|  0|   48|          48|          48|
    |and_ln109_434_fu_4871_p2  |       and|   0|  0|   48|          48|          48|
    |and_ln109_435_fu_4882_p2  |       and|   0|  0|   48|          48|          48|
    |and_ln109_436_fu_4893_p2  |       and|   0|  0|   48|          48|          48|
    |and_ln109_437_fu_4904_p2  |       and|   0|  0|   48|          48|          48|
    |and_ln109_438_fu_4915_p2  |       and|   0|  0|   48|          48|          48|
    |and_ln109_439_fu_4926_p2  |       and|   0|  0|   48|          48|          48|
    |and_ln109_440_fu_4937_p2  |       and|   0|  0|   48|          48|          48|
    |and_ln109_441_fu_4948_p2  |       and|   0|  0|   48|          48|          48|
    |and_ln109_442_fu_4959_p2  |       and|   0|  0|   48|          48|          48|
    |and_ln109_443_fu_4970_p2  |       and|   0|  0|   48|          48|          48|
    |and_ln109_444_fu_4981_p2  |       and|   0|  0|   48|          48|          48|
    |and_ln109_445_fu_4992_p2  |       and|   0|  0|   48|          48|          48|
    |and_ln109_446_fu_5003_p2  |       and|   0|  0|   48|          48|          48|
    |and_ln109_447_fu_5014_p2  |       and|   0|  0|   48|          48|          48|
    |and_ln109_448_fu_5025_p2  |       and|   0|  0|   48|          48|          48|
    |and_ln109_449_fu_5036_p2  |       and|   0|  0|   48|          48|          48|
    |and_ln109_450_fu_5047_p2  |       and|   0|  0|   48|          48|          48|
    |and_ln109_451_fu_5058_p2  |       and|   0|  0|   48|          48|          48|
    |and_ln109_452_fu_5069_p2  |       and|   0|  0|   48|          48|          48|
    |and_ln109_453_fu_5080_p2  |       and|   0|  0|   48|          48|          48|
    |and_ln109_454_fu_5091_p2  |       and|   0|  0|   48|          48|          48|
    |and_ln109_455_fu_5102_p2  |       and|   0|  0|   48|          48|          48|
    |and_ln109_456_fu_5113_p2  |       and|   0|  0|   48|          48|          48|
    |and_ln109_457_fu_5124_p2  |       and|   0|  0|   48|          48|          48|
    |and_ln109_458_fu_5135_p2  |       and|   0|  0|   48|          48|          48|
    |and_ln109_459_fu_5146_p2  |       and|   0|  0|   48|          48|          48|
    |and_ln109_460_fu_5157_p2  |       and|   0|  0|   48|          48|          48|
    |and_ln109_461_fu_5168_p2  |       and|   0|  0|   48|          48|          48|
    |and_ln109_462_fu_5179_p2  |       and|   0|  0|   48|          48|          48|
    |and_ln109_463_fu_5190_p2  |       and|   0|  0|   48|          48|          48|
    |and_ln109_464_fu_5201_p2  |       and|   0|  0|   48|          48|          48|
    |and_ln109_465_fu_5212_p2  |       and|   0|  0|   48|          48|          48|
    |and_ln109_466_fu_5223_p2  |       and|   0|  0|   48|          48|          48|
    |and_ln109_467_fu_5234_p2  |       and|   0|  0|   48|          48|          48|
    |and_ln109_468_fu_5245_p2  |       and|   0|  0|   48|          48|          48|
    |and_ln109_469_fu_5256_p2  |       and|   0|  0|   48|          48|          48|
    |and_ln109_470_fu_5267_p2  |       and|   0|  0|   48|          48|          48|
    |and_ln109_471_fu_5278_p2  |       and|   0|  0|   48|          48|          48|
    |and_ln109_472_fu_5289_p2  |       and|   0|  0|   48|          48|          48|
    |and_ln109_473_fu_5300_p2  |       and|   0|  0|   48|          48|          48|
    |and_ln109_474_fu_5311_p2  |       and|   0|  0|   48|          48|          48|
    |and_ln109_475_fu_5322_p2  |       and|   0|  0|   48|          48|          48|
    |and_ln109_476_fu_5333_p2  |       and|   0|  0|   48|          48|          48|
    |and_ln109_477_fu_5344_p2  |       and|   0|  0|   48|          48|          48|
    |and_ln109_478_fu_5355_p2  |       and|   0|  0|   48|          48|          48|
    |and_ln109_479_fu_5366_p2  |       and|   0|  0|   48|          48|          48|
    |and_ln109_480_fu_5377_p2  |       and|   0|  0|   48|          48|          48|
    |and_ln109_481_fu_5388_p2  |       and|   0|  0|   48|          48|          48|
    |and_ln109_482_fu_5399_p2  |       and|   0|  0|   48|          48|          48|
    |and_ln109_483_fu_5410_p2  |       and|   0|  0|   48|          48|          48|
    |and_ln109_484_fu_5421_p2  |       and|   0|  0|   48|          48|          48|
    |and_ln109_485_fu_5432_p2  |       and|   0|  0|   48|          48|          48|
    |and_ln109_486_fu_5443_p2  |       and|   0|  0|   48|          48|          48|
    |and_ln109_487_fu_5454_p2  |       and|   0|  0|   48|          48|          48|
    |and_ln109_488_fu_5465_p2  |       and|   0|  0|   48|          48|          48|
    |and_ln109_489_fu_5476_p2  |       and|   0|  0|   48|          48|          48|
    |and_ln109_490_fu_5487_p2  |       and|   0|  0|   48|          48|          48|
    |and_ln109_491_fu_5498_p2  |       and|   0|  0|   48|          48|          48|
    |and_ln109_492_fu_5509_p2  |       and|   0|  0|   48|          48|          48|
    |and_ln109_493_fu_5520_p2  |       and|   0|  0|   48|          48|          48|
    |and_ln109_494_fu_5531_p2  |       and|   0|  0|   48|          48|          48|
    |and_ln109_495_fu_5542_p2  |       and|   0|  0|   48|          48|          48|
    |and_ln109_496_fu_5553_p2  |       and|   0|  0|   48|          48|          48|
    |and_ln109_497_fu_5564_p2  |       and|   0|  0|   48|          48|          48|
    |and_ln109_498_fu_5575_p2  |       and|   0|  0|   48|          48|          48|
    |and_ln109_499_fu_5586_p2  |       and|   0|  0|   48|          48|          48|
    |and_ln109_500_fu_5597_p2  |       and|   0|  0|   48|          48|          48|
    |and_ln109_501_fu_5608_p2  |       and|   0|  0|   48|          48|          48|
    |and_ln109_502_fu_5619_p2  |       and|   0|  0|   48|          48|          48|
    |and_ln109_503_fu_5630_p2  |       and|   0|  0|   48|          48|          48|
    |and_ln109_504_fu_5641_p2  |       and|   0|  0|   48|          48|          48|
    |and_ln109_505_fu_5652_p2  |       and|   0|  0|   48|          48|          48|
    |and_ln109_506_fu_5663_p2  |       and|   0|  0|   48|          48|          48|
    |and_ln109_507_fu_5674_p2  |       and|   0|  0|   48|          48|          48|
    |and_ln109_508_fu_5685_p2  |       and|   0|  0|   48|          48|          48|
    |and_ln109_509_fu_5696_p2  |       and|   0|  0|   48|          48|          48|
    |and_ln109_510_fu_5708_p2  |       and|   0|  0|   48|          48|          48|
    |and_ln109_fu_2900_p2      |       and|   0|  0|   48|          48|          48|
    |lshr_ln109_fu_2871_p2     |      lshr|   0|  0|  147|          48|          48|
    |or_ln109_256_fu_2917_p2   |        or|   0|  0|   48|          48|          48|
    |or_ln109_257_fu_2929_p2   |        or|   0|  0|   48|          48|          48|
    |or_ln109_258_fu_2940_p2   |        or|   0|  0|   48|          48|          48|
    |or_ln109_259_fu_2951_p2   |        or|   0|  0|   48|          48|          48|
    |or_ln109_260_fu_2962_p2   |        or|   0|  0|   48|          48|          48|
    |or_ln109_261_fu_2973_p2   |        or|   0|  0|   48|          48|          48|
    |or_ln109_262_fu_2984_p2   |        or|   0|  0|   48|          48|          48|
    |or_ln109_263_fu_2995_p2   |        or|   0|  0|   48|          48|          48|
    |or_ln109_264_fu_3006_p2   |        or|   0|  0|   48|          48|          48|
    |or_ln109_265_fu_3017_p2   |        or|   0|  0|   48|          48|          48|
    |or_ln109_266_fu_3028_p2   |        or|   0|  0|   48|          48|          48|
    |or_ln109_267_fu_3039_p2   |        or|   0|  0|   48|          48|          48|
    |or_ln109_268_fu_3050_p2   |        or|   0|  0|   48|          48|          48|
    |or_ln109_269_fu_3061_p2   |        or|   0|  0|   48|          48|          48|
    |or_ln109_270_fu_3072_p2   |        or|   0|  0|   48|          48|          48|
    |or_ln109_271_fu_3083_p2   |        or|   0|  0|   48|          48|          48|
    |or_ln109_272_fu_3094_p2   |        or|   0|  0|   48|          48|          48|
    |or_ln109_273_fu_3105_p2   |        or|   0|  0|   48|          48|          48|
    |or_ln109_274_fu_3116_p2   |        or|   0|  0|   48|          48|          48|
    |or_ln109_275_fu_3127_p2   |        or|   0|  0|   48|          48|          48|
    |or_ln109_276_fu_3138_p2   |        or|   0|  0|   48|          48|          48|
    |or_ln109_277_fu_3149_p2   |        or|   0|  0|   48|          48|          48|
    |or_ln109_278_fu_3160_p2   |        or|   0|  0|   48|          48|          48|
    |or_ln109_279_fu_3171_p2   |        or|   0|  0|   48|          48|          48|
    |or_ln109_280_fu_3182_p2   |        or|   0|  0|   48|          48|          48|
    |or_ln109_281_fu_3193_p2   |        or|   0|  0|   48|          48|          48|
    |or_ln109_282_fu_3204_p2   |        or|   0|  0|   48|          48|          48|
    |or_ln109_283_fu_3215_p2   |        or|   0|  0|   48|          48|          48|
    |or_ln109_284_fu_3226_p2   |        or|   0|  0|   48|          48|          48|
    |or_ln109_285_fu_3237_p2   |        or|   0|  0|   48|          48|          48|
    |or_ln109_286_fu_3248_p2   |        or|   0|  0|   48|          48|          48|
    |or_ln109_287_fu_3259_p2   |        or|   0|  0|   48|          48|          48|
    |or_ln109_288_fu_3270_p2   |        or|   0|  0|   48|          48|          48|
    |or_ln109_289_fu_3281_p2   |        or|   0|  0|   48|          48|          48|
    |or_ln109_290_fu_3292_p2   |        or|   0|  0|   48|          48|          48|
    |or_ln109_291_fu_3303_p2   |        or|   0|  0|   48|          48|          48|
    |or_ln109_292_fu_3314_p2   |        or|   0|  0|   48|          48|          48|
    |or_ln109_293_fu_3325_p2   |        or|   0|  0|   48|          48|          48|
    |or_ln109_294_fu_3336_p2   |        or|   0|  0|   48|          48|          48|
    |or_ln109_295_fu_3347_p2   |        or|   0|  0|   48|          48|          48|
    |or_ln109_296_fu_3358_p2   |        or|   0|  0|   48|          48|          48|
    |or_ln109_297_fu_3369_p2   |        or|   0|  0|   48|          48|          48|
    |or_ln109_298_fu_3380_p2   |        or|   0|  0|   48|          48|          48|
    |or_ln109_299_fu_3391_p2   |        or|   0|  0|   48|          48|          48|
    |or_ln109_300_fu_3402_p2   |        or|   0|  0|   48|          48|          48|
    |or_ln109_301_fu_3413_p2   |        or|   0|  0|   48|          48|          48|
    |or_ln109_302_fu_3424_p2   |        or|   0|  0|   48|          48|          48|
    |or_ln109_303_fu_3435_p2   |        or|   0|  0|   48|          48|          48|
    |or_ln109_304_fu_3446_p2   |        or|   0|  0|   48|          48|          48|
    |or_ln109_305_fu_3457_p2   |        or|   0|  0|   48|          48|          48|
    |or_ln109_306_fu_3468_p2   |        or|   0|  0|   48|          48|          48|
    |or_ln109_307_fu_3479_p2   |        or|   0|  0|   48|          48|          48|
    |or_ln109_308_fu_3490_p2   |        or|   0|  0|   48|          48|          48|
    |or_ln109_309_fu_3501_p2   |        or|   0|  0|   48|          48|          48|
    |or_ln109_310_fu_3512_p2   |        or|   0|  0|   48|          48|          48|
    |or_ln109_311_fu_3523_p2   |        or|   0|  0|   48|          48|          48|
    |or_ln109_312_fu_3534_p2   |        or|   0|  0|   48|          48|          48|
    |or_ln109_313_fu_3545_p2   |        or|   0|  0|   48|          48|          48|
    |or_ln109_314_fu_3556_p2   |        or|   0|  0|   48|          48|          48|
    |or_ln109_315_fu_3567_p2   |        or|   0|  0|   48|          48|          48|
    |or_ln109_316_fu_3578_p2   |        or|   0|  0|   48|          48|          48|
    |or_ln109_317_fu_3589_p2   |        or|   0|  0|   48|          48|          48|
    |or_ln109_318_fu_3600_p2   |        or|   0|  0|   48|          48|          48|
    |or_ln109_319_fu_3611_p2   |        or|   0|  0|   48|          48|          48|
    |or_ln109_320_fu_3622_p2   |        or|   0|  0|   48|          48|          48|
    |or_ln109_321_fu_3633_p2   |        or|   0|  0|   48|          48|          48|
    |or_ln109_322_fu_3644_p2   |        or|   0|  0|   48|          48|          48|
    |or_ln109_323_fu_3655_p2   |        or|   0|  0|   48|          48|          48|
    |or_ln109_324_fu_3666_p2   |        or|   0|  0|   48|          48|          48|
    |or_ln109_325_fu_3677_p2   |        or|   0|  0|   48|          48|          48|
    |or_ln109_326_fu_3688_p2   |        or|   0|  0|   48|          48|          48|
    |or_ln109_327_fu_3699_p2   |        or|   0|  0|   48|          48|          48|
    |or_ln109_328_fu_3710_p2   |        or|   0|  0|   48|          48|          48|
    |or_ln109_329_fu_3721_p2   |        or|   0|  0|   48|          48|          48|
    |or_ln109_330_fu_3732_p2   |        or|   0|  0|   48|          48|          48|
    |or_ln109_331_fu_3743_p2   |        or|   0|  0|   48|          48|          48|
    |or_ln109_332_fu_3754_p2   |        or|   0|  0|   48|          48|          48|
    |or_ln109_333_fu_3765_p2   |        or|   0|  0|   48|          48|          48|
    |or_ln109_334_fu_3776_p2   |        or|   0|  0|   48|          48|          48|
    |or_ln109_335_fu_3787_p2   |        or|   0|  0|   48|          48|          48|
    |or_ln109_336_fu_3798_p2   |        or|   0|  0|   48|          48|          48|
    |or_ln109_337_fu_3809_p2   |        or|   0|  0|   48|          48|          48|
    |or_ln109_338_fu_3820_p2   |        or|   0|  0|   48|          48|          48|
    |or_ln109_339_fu_3831_p2   |        or|   0|  0|   48|          48|          48|
    |or_ln109_340_fu_3842_p2   |        or|   0|  0|   48|          48|          48|
    |or_ln109_341_fu_3853_p2   |        or|   0|  0|   48|          48|          48|
    |or_ln109_342_fu_3864_p2   |        or|   0|  0|   48|          48|          48|
    |or_ln109_343_fu_3875_p2   |        or|   0|  0|   48|          48|          48|
    |or_ln109_344_fu_3886_p2   |        or|   0|  0|   48|          48|          48|
    |or_ln109_345_fu_3897_p2   |        or|   0|  0|   48|          48|          48|
    |or_ln109_346_fu_3908_p2   |        or|   0|  0|   48|          48|          48|
    |or_ln109_347_fu_3919_p2   |        or|   0|  0|   48|          48|          48|
    |or_ln109_348_fu_3930_p2   |        or|   0|  0|   48|          48|          48|
    |or_ln109_349_fu_3941_p2   |        or|   0|  0|   48|          48|          48|
    |or_ln109_350_fu_3952_p2   |        or|   0|  0|   48|          48|          48|
    |or_ln109_351_fu_3963_p2   |        or|   0|  0|   48|          48|          48|
    |or_ln109_352_fu_3974_p2   |        or|   0|  0|   48|          48|          48|
    |or_ln109_353_fu_3985_p2   |        or|   0|  0|   48|          48|          48|
    |or_ln109_354_fu_3996_p2   |        or|   0|  0|   48|          48|          48|
    |or_ln109_355_fu_4007_p2   |        or|   0|  0|   48|          48|          48|
    |or_ln109_356_fu_4018_p2   |        or|   0|  0|   48|          48|          48|
    |or_ln109_357_fu_4029_p2   |        or|   0|  0|   48|          48|          48|
    |or_ln109_358_fu_4040_p2   |        or|   0|  0|   48|          48|          48|
    |or_ln109_359_fu_4051_p2   |        or|   0|  0|   48|          48|          48|
    |or_ln109_360_fu_4062_p2   |        or|   0|  0|   48|          48|          48|
    |or_ln109_361_fu_4073_p2   |        or|   0|  0|   48|          48|          48|
    |or_ln109_362_fu_4084_p2   |        or|   0|  0|   48|          48|          48|
    |or_ln109_363_fu_4095_p2   |        or|   0|  0|   48|          48|          48|
    |or_ln109_364_fu_4106_p2   |        or|   0|  0|   48|          48|          48|
    |or_ln109_365_fu_4117_p2   |        or|   0|  0|   48|          48|          48|
    |or_ln109_366_fu_4128_p2   |        or|   0|  0|   48|          48|          48|
    |or_ln109_367_fu_4139_p2   |        or|   0|  0|   48|          48|          48|
    |or_ln109_368_fu_4150_p2   |        or|   0|  0|   48|          48|          48|
    |or_ln109_369_fu_4161_p2   |        or|   0|  0|   48|          48|          48|
    |or_ln109_370_fu_4172_p2   |        or|   0|  0|   48|          48|          48|
    |or_ln109_371_fu_4183_p2   |        or|   0|  0|   48|          48|          48|
    |or_ln109_372_fu_4194_p2   |        or|   0|  0|   48|          48|          48|
    |or_ln109_373_fu_4205_p2   |        or|   0|  0|   48|          48|          48|
    |or_ln109_374_fu_4216_p2   |        or|   0|  0|   48|          48|          48|
    |or_ln109_375_fu_4227_p2   |        or|   0|  0|   48|          48|          48|
    |or_ln109_376_fu_4238_p2   |        or|   0|  0|   48|          48|          48|
    |or_ln109_377_fu_4249_p2   |        or|   0|  0|   48|          48|          48|
    |or_ln109_378_fu_4260_p2   |        or|   0|  0|   48|          48|          48|
    |or_ln109_379_fu_4271_p2   |        or|   0|  0|   48|          48|          48|
    |or_ln109_380_fu_4282_p2   |        or|   0|  0|   48|          48|          48|
    |or_ln109_381_fu_4293_p2   |        or|   0|  0|   48|          48|          48|
    |or_ln109_382_fu_4304_p2   |        or|   0|  0|   48|          48|          48|
    |or_ln109_383_fu_4315_p2   |        or|   0|  0|   48|          48|          48|
    |or_ln109_384_fu_4326_p2   |        or|   0|  0|   48|          48|          48|
    |or_ln109_385_fu_4337_p2   |        or|   0|  0|   48|          48|          48|
    |or_ln109_386_fu_4348_p2   |        or|   0|  0|   48|          48|          48|
    |or_ln109_387_fu_4359_p2   |        or|   0|  0|   48|          48|          48|
    |or_ln109_388_fu_4370_p2   |        or|   0|  0|   48|          48|          48|
    |or_ln109_389_fu_4381_p2   |        or|   0|  0|   48|          48|          48|
    |or_ln109_390_fu_4392_p2   |        or|   0|  0|   48|          48|          48|
    |or_ln109_391_fu_4403_p2   |        or|   0|  0|   48|          48|          48|
    |or_ln109_392_fu_4414_p2   |        or|   0|  0|   48|          48|          48|
    |or_ln109_393_fu_4425_p2   |        or|   0|  0|   48|          48|          48|
    |or_ln109_394_fu_4436_p2   |        or|   0|  0|   48|          48|          48|
    |or_ln109_395_fu_4447_p2   |        or|   0|  0|   48|          48|          48|
    |or_ln109_396_fu_4458_p2   |        or|   0|  0|   48|          48|          48|
    |or_ln109_397_fu_4469_p2   |        or|   0|  0|   48|          48|          48|
    |or_ln109_398_fu_4480_p2   |        or|   0|  0|   48|          48|          48|
    |or_ln109_399_fu_4491_p2   |        or|   0|  0|   48|          48|          48|
    |or_ln109_400_fu_4502_p2   |        or|   0|  0|   48|          48|          48|
    |or_ln109_401_fu_4513_p2   |        or|   0|  0|   48|          48|          48|
    |or_ln109_402_fu_4524_p2   |        or|   0|  0|   48|          48|          48|
    |or_ln109_403_fu_4535_p2   |        or|   0|  0|   48|          48|          48|
    |or_ln109_404_fu_4546_p2   |        or|   0|  0|   48|          48|          48|
    |or_ln109_405_fu_4557_p2   |        or|   0|  0|   48|          48|          48|
    |or_ln109_406_fu_4568_p2   |        or|   0|  0|   48|          48|          48|
    |or_ln109_407_fu_4579_p2   |        or|   0|  0|   48|          48|          48|
    |or_ln109_408_fu_4590_p2   |        or|   0|  0|   48|          48|          48|
    |or_ln109_409_fu_4601_p2   |        or|   0|  0|   48|          48|          48|
    |or_ln109_410_fu_4612_p2   |        or|   0|  0|   48|          48|          48|
    |or_ln109_411_fu_4623_p2   |        or|   0|  0|   48|          48|          48|
    |or_ln109_412_fu_4634_p2   |        or|   0|  0|   48|          48|          48|
    |or_ln109_413_fu_4645_p2   |        or|   0|  0|   48|          48|          48|
    |or_ln109_414_fu_4656_p2   |        or|   0|  0|   48|          48|          48|
    |or_ln109_415_fu_4667_p2   |        or|   0|  0|   48|          48|          48|
    |or_ln109_416_fu_4678_p2   |        or|   0|  0|   48|          48|          48|
    |or_ln109_417_fu_4689_p2   |        or|   0|  0|   48|          48|          48|
    |or_ln109_418_fu_4700_p2   |        or|   0|  0|   48|          48|          48|
    |or_ln109_419_fu_4711_p2   |        or|   0|  0|   48|          48|          48|
    |or_ln109_420_fu_4722_p2   |        or|   0|  0|   48|          48|          48|
    |or_ln109_421_fu_4733_p2   |        or|   0|  0|   48|          48|          48|
    |or_ln109_422_fu_4744_p2   |        or|   0|  0|   48|          48|          48|
    |or_ln109_423_fu_4755_p2   |        or|   0|  0|   48|          48|          48|
    |or_ln109_424_fu_4766_p2   |        or|   0|  0|   48|          48|          48|
    |or_ln109_425_fu_4777_p2   |        or|   0|  0|   48|          48|          48|
    |or_ln109_426_fu_4788_p2   |        or|   0|  0|   48|          48|          48|
    |or_ln109_427_fu_4799_p2   |        or|   0|  0|   48|          48|          48|
    |or_ln109_428_fu_4810_p2   |        or|   0|  0|   48|          48|          48|
    |or_ln109_429_fu_4821_p2   |        or|   0|  0|   48|          48|          48|
    |or_ln109_430_fu_4832_p2   |        or|   0|  0|   48|          48|          48|
    |or_ln109_431_fu_4843_p2   |        or|   0|  0|   48|          48|          48|
    |or_ln109_432_fu_4854_p2   |        or|   0|  0|   48|          48|          48|
    |or_ln109_433_fu_4865_p2   |        or|   0|  0|   48|          48|          48|
    |or_ln109_434_fu_4876_p2   |        or|   0|  0|   48|          48|          48|
    |or_ln109_435_fu_4887_p2   |        or|   0|  0|   48|          48|          48|
    |or_ln109_436_fu_4898_p2   |        or|   0|  0|   48|          48|          48|
    |or_ln109_437_fu_4909_p2   |        or|   0|  0|   48|          48|          48|
    |or_ln109_438_fu_4920_p2   |        or|   0|  0|   48|          48|          48|
    |or_ln109_439_fu_4931_p2   |        or|   0|  0|   48|          48|          48|
    |or_ln109_440_fu_4942_p2   |        or|   0|  0|   48|          48|          48|
    |or_ln109_441_fu_4953_p2   |        or|   0|  0|   48|          48|          48|
    |or_ln109_442_fu_4964_p2   |        or|   0|  0|   48|          48|          48|
    |or_ln109_443_fu_4975_p2   |        or|   0|  0|   48|          48|          48|
    |or_ln109_444_fu_4986_p2   |        or|   0|  0|   48|          48|          48|
    |or_ln109_445_fu_4997_p2   |        or|   0|  0|   48|          48|          48|
    |or_ln109_446_fu_5008_p2   |        or|   0|  0|   48|          48|          48|
    |or_ln109_447_fu_5019_p2   |        or|   0|  0|   48|          48|          48|
    |or_ln109_448_fu_5030_p2   |        or|   0|  0|   48|          48|          48|
    |or_ln109_449_fu_5041_p2   |        or|   0|  0|   48|          48|          48|
    |or_ln109_450_fu_5052_p2   |        or|   0|  0|   48|          48|          48|
    |or_ln109_451_fu_5063_p2   |        or|   0|  0|   48|          48|          48|
    |or_ln109_452_fu_5074_p2   |        or|   0|  0|   48|          48|          48|
    |or_ln109_453_fu_5085_p2   |        or|   0|  0|   48|          48|          48|
    |or_ln109_454_fu_5096_p2   |        or|   0|  0|   48|          48|          48|
    |or_ln109_455_fu_5107_p2   |        or|   0|  0|   48|          48|          48|
    |or_ln109_456_fu_5118_p2   |        or|   0|  0|   48|          48|          48|
    |or_ln109_457_fu_5129_p2   |        or|   0|  0|   48|          48|          48|
    |or_ln109_458_fu_5140_p2   |        or|   0|  0|   48|          48|          48|
    |or_ln109_459_fu_5151_p2   |        or|   0|  0|   48|          48|          48|
    |or_ln109_460_fu_5162_p2   |        or|   0|  0|   48|          48|          48|
    |or_ln109_461_fu_5173_p2   |        or|   0|  0|   48|          48|          48|
    |or_ln109_462_fu_5184_p2   |        or|   0|  0|   48|          48|          48|
    |or_ln109_463_fu_5195_p2   |        or|   0|  0|   48|          48|          48|
    |or_ln109_464_fu_5206_p2   |        or|   0|  0|   48|          48|          48|
    |or_ln109_465_fu_5217_p2   |        or|   0|  0|   48|          48|          48|
    |or_ln109_466_fu_5228_p2   |        or|   0|  0|   48|          48|          48|
    |or_ln109_467_fu_5239_p2   |        or|   0|  0|   48|          48|          48|
    |or_ln109_468_fu_5250_p2   |        or|   0|  0|   48|          48|          48|
    |or_ln109_469_fu_5261_p2   |        or|   0|  0|   48|          48|          48|
    |or_ln109_470_fu_5272_p2   |        or|   0|  0|   48|          48|          48|
    |or_ln109_471_fu_5283_p2   |        or|   0|  0|   48|          48|          48|
    |or_ln109_472_fu_5294_p2   |        or|   0|  0|   48|          48|          48|
    |or_ln109_473_fu_5305_p2   |        or|   0|  0|   48|          48|          48|
    |or_ln109_474_fu_5316_p2   |        or|   0|  0|   48|          48|          48|
    |or_ln109_475_fu_5327_p2   |        or|   0|  0|   48|          48|          48|
    |or_ln109_476_fu_5338_p2   |        or|   0|  0|   48|          48|          48|
    |or_ln109_477_fu_5349_p2   |        or|   0|  0|   48|          48|          48|
    |or_ln109_478_fu_5360_p2   |        or|   0|  0|   48|          48|          48|
    |or_ln109_479_fu_5371_p2   |        or|   0|  0|   48|          48|          48|
    |or_ln109_480_fu_5382_p2   |        or|   0|  0|   48|          48|          48|
    |or_ln109_481_fu_5393_p2   |        or|   0|  0|   48|          48|          48|
    |or_ln109_482_fu_5404_p2   |        or|   0|  0|   48|          48|          48|
    |or_ln109_483_fu_5415_p2   |        or|   0|  0|   48|          48|          48|
    |or_ln109_484_fu_5426_p2   |        or|   0|  0|   48|          48|          48|
    |or_ln109_485_fu_5437_p2   |        or|   0|  0|   48|          48|          48|
    |or_ln109_486_fu_5448_p2   |        or|   0|  0|   48|          48|          48|
    |or_ln109_487_fu_5459_p2   |        or|   0|  0|   48|          48|          48|
    |or_ln109_488_fu_5470_p2   |        or|   0|  0|   48|          48|          48|
    |or_ln109_489_fu_5481_p2   |        or|   0|  0|   48|          48|          48|
    |or_ln109_490_fu_5492_p2   |        or|   0|  0|   48|          48|          48|
    |or_ln109_491_fu_5503_p2   |        or|   0|  0|   48|          48|          48|
    |or_ln109_492_fu_5514_p2   |        or|   0|  0|   48|          48|          48|
    |or_ln109_493_fu_5525_p2   |        or|   0|  0|   48|          48|          48|
    |or_ln109_494_fu_5536_p2   |        or|   0|  0|   48|          48|          48|
    |or_ln109_495_fu_5547_p2   |        or|   0|  0|   48|          48|          48|
    |or_ln109_496_fu_5558_p2   |        or|   0|  0|   48|          48|          48|
    |or_ln109_497_fu_5569_p2   |        or|   0|  0|   48|          48|          48|
    |or_ln109_498_fu_5580_p2   |        or|   0|  0|   48|          48|          48|
    |or_ln109_499_fu_5591_p2   |        or|   0|  0|   48|          48|          48|
    |or_ln109_500_fu_5602_p2   |        or|   0|  0|   48|          48|          48|
    |or_ln109_501_fu_5613_p2   |        or|   0|  0|   48|          48|          48|
    |or_ln109_502_fu_5624_p2   |        or|   0|  0|   48|          48|          48|
    |or_ln109_503_fu_5635_p2   |        or|   0|  0|   48|          48|          48|
    |or_ln109_504_fu_5646_p2   |        or|   0|  0|   48|          48|          48|
    |or_ln109_505_fu_5657_p2   |        or|   0|  0|   48|          48|          48|
    |or_ln109_506_fu_5668_p2   |        or|   0|  0|   48|          48|          48|
    |or_ln109_507_fu_5679_p2   |        or|   0|  0|   48|          48|          48|
    |or_ln109_508_fu_5690_p2   |        or|   0|  0|   48|          48|          48|
    |or_ln109_509_fu_5702_p2   |        or|   0|  0|   48|          48|          48|
    |or_ln109_510_fu_5714_p2   |        or|   0|  0|   48|          48|          48|
    |or_ln109_fu_2905_p2       |        or|   0|  0|   48|          48|          48|
    |shl_ln109_2_fu_2889_p2    |       shl|   0|  0|  147|          48|          48|
    |shl_ln109_fu_2881_p2      |       shl|   0|  0|  147|          16|          48|
    |xor_ln109_fu_2894_p2      |       xor|   0|  0|   48|          48|           2|
    +--------------------------+----------+----+---+-----+------------+------------+
    |Total                     |          |   0|  0|25065|       24736|       24722|
    +--------------------------+----------+----+---+-----+------------+------------+

    * Multiplexer: 
    +--------------+------+-----------+-----+-----------+
    |     Name     |  LUT | Input Size| Bits| Total Bits|
    +--------------+------+-----------+-----+-----------+
    |ap_NS_fsm     |  1367|        257|    1|        257|
    |arr_address0  |  1367|        257|    8|       2056|
    |arr_address1  |  1367|        257|    8|       2056|
    |arr_d0        |   678|        129|   48|       6192|
    |arr_d1        |   678|        129|   48|       6192|
    +--------------+------+-----------+-----+-----------+
    |Total         |  5457|       1029|  113|      16753|
    +--------------+------+-----------+-----+-----------+

    * Register: 
    +-----------------------+-----+----+-----+-----------+
    |          Name         |  FF | LUT| Bits| Const Bits|
    +-----------------------+-----+----+-----+-----------+
    |ap_CS_fsm              |  256|   0|  256|          0|
    |arr_load_256_reg_5735  |   48|   0|   48|          0|
    |arr_load_257_reg_5750  |   48|   0|   48|          0|
    |arr_load_258_reg_5755  |   48|   0|   48|          0|
    |arr_load_259_reg_5770  |   48|   0|   48|          0|
    |arr_load_260_reg_5775  |   48|   0|   48|          0|
    |arr_load_261_reg_5790  |   48|   0|   48|          0|
    |arr_load_262_reg_5795  |   48|   0|   48|          0|
    |arr_load_263_reg_5810  |   48|   0|   48|          0|
    |arr_load_264_reg_5815  |   48|   0|   48|          0|
    |arr_load_265_reg_5830  |   48|   0|   48|          0|
    |arr_load_266_reg_5835  |   48|   0|   48|          0|
    |arr_load_267_reg_5850  |   48|   0|   48|          0|
    |arr_load_268_reg_5855  |   48|   0|   48|          0|
    |arr_load_269_reg_5870  |   48|   0|   48|          0|
    |arr_load_270_reg_5875  |   48|   0|   48|          0|
    |arr_load_271_reg_5890  |   48|   0|   48|          0|
    |arr_load_272_reg_5895  |   48|   0|   48|          0|
    |arr_load_273_reg_5910  |   48|   0|   48|          0|
    |arr_load_274_reg_5915  |   48|   0|   48|          0|
    |arr_load_275_reg_5930  |   48|   0|   48|          0|
    |arr_load_276_reg_5935  |   48|   0|   48|          0|
    |arr_load_277_reg_5950  |   48|   0|   48|          0|
    |arr_load_278_reg_5955  |   48|   0|   48|          0|
    |arr_load_279_reg_5970  |   48|   0|   48|          0|
    |arr_load_280_reg_5975  |   48|   0|   48|          0|
    |arr_load_281_reg_5990  |   48|   0|   48|          0|
    |arr_load_282_reg_5995  |   48|   0|   48|          0|
    |arr_load_283_reg_6010  |   48|   0|   48|          0|
    |arr_load_284_reg_6015  |   48|   0|   48|          0|
    |arr_load_285_reg_6030  |   48|   0|   48|          0|
    |arr_load_286_reg_6035  |   48|   0|   48|          0|
    |arr_load_287_reg_6050  |   48|   0|   48|          0|
    |arr_load_288_reg_6055  |   48|   0|   48|          0|
    |arr_load_289_reg_6070  |   48|   0|   48|          0|
    |arr_load_290_reg_6075  |   48|   0|   48|          0|
    |arr_load_291_reg_6090  |   48|   0|   48|          0|
    |arr_load_292_reg_6095  |   48|   0|   48|          0|
    |arr_load_293_reg_6110  |   48|   0|   48|          0|
    |arr_load_294_reg_6115  |   48|   0|   48|          0|
    |arr_load_295_reg_6130  |   48|   0|   48|          0|
    |arr_load_296_reg_6135  |   48|   0|   48|          0|
    |arr_load_297_reg_6150  |   48|   0|   48|          0|
    |arr_load_298_reg_6155  |   48|   0|   48|          0|
    |arr_load_299_reg_6170  |   48|   0|   48|          0|
    |arr_load_300_reg_6175  |   48|   0|   48|          0|
    |arr_load_301_reg_6190  |   48|   0|   48|          0|
    |arr_load_302_reg_6195  |   48|   0|   48|          0|
    |arr_load_303_reg_6210  |   48|   0|   48|          0|
    |arr_load_304_reg_6215  |   48|   0|   48|          0|
    |arr_load_305_reg_6230  |   48|   0|   48|          0|
    |arr_load_306_reg_6235  |   48|   0|   48|          0|
    |arr_load_307_reg_6250  |   48|   0|   48|          0|
    |arr_load_308_reg_6255  |   48|   0|   48|          0|
    |arr_load_309_reg_6270  |   48|   0|   48|          0|
    |arr_load_310_reg_6275  |   48|   0|   48|          0|
    |arr_load_311_reg_6290  |   48|   0|   48|          0|
    |arr_load_312_reg_6295  |   48|   0|   48|          0|
    |arr_load_313_reg_6310  |   48|   0|   48|          0|
    |arr_load_314_reg_6315  |   48|   0|   48|          0|
    |arr_load_315_reg_6330  |   48|   0|   48|          0|
    |arr_load_316_reg_6335  |   48|   0|   48|          0|
    |arr_load_317_reg_6350  |   48|   0|   48|          0|
    |arr_load_318_reg_6355  |   48|   0|   48|          0|
    |arr_load_319_reg_6370  |   48|   0|   48|          0|
    |arr_load_320_reg_6375  |   48|   0|   48|          0|
    |arr_load_321_reg_6390  |   48|   0|   48|          0|
    |arr_load_322_reg_6395  |   48|   0|   48|          0|
    |arr_load_323_reg_6410  |   48|   0|   48|          0|
    |arr_load_324_reg_6415  |   48|   0|   48|          0|
    |arr_load_325_reg_6430  |   48|   0|   48|          0|
    |arr_load_326_reg_6435  |   48|   0|   48|          0|
    |arr_load_327_reg_6450  |   48|   0|   48|          0|
    |arr_load_328_reg_6455  |   48|   0|   48|          0|
    |arr_load_329_reg_6470  |   48|   0|   48|          0|
    |arr_load_330_reg_6475  |   48|   0|   48|          0|
    |arr_load_331_reg_6490  |   48|   0|   48|          0|
    |arr_load_332_reg_6495  |   48|   0|   48|          0|
    |arr_load_333_reg_6510  |   48|   0|   48|          0|
    |arr_load_334_reg_6515  |   48|   0|   48|          0|
    |arr_load_335_reg_6530  |   48|   0|   48|          0|
    |arr_load_336_reg_6535  |   48|   0|   48|          0|
    |arr_load_337_reg_6550  |   48|   0|   48|          0|
    |arr_load_338_reg_6555  |   48|   0|   48|          0|
    |arr_load_339_reg_6570  |   48|   0|   48|          0|
    |arr_load_340_reg_6575  |   48|   0|   48|          0|
    |arr_load_341_reg_6590  |   48|   0|   48|          0|
    |arr_load_342_reg_6595  |   48|   0|   48|          0|
    |arr_load_343_reg_6610  |   48|   0|   48|          0|
    |arr_load_344_reg_6615  |   48|   0|   48|          0|
    |arr_load_345_reg_6630  |   48|   0|   48|          0|
    |arr_load_346_reg_6635  |   48|   0|   48|          0|
    |arr_load_347_reg_6650  |   48|   0|   48|          0|
    |arr_load_348_reg_6655  |   48|   0|   48|          0|
    |arr_load_349_reg_6670  |   48|   0|   48|          0|
    |arr_load_350_reg_6675  |   48|   0|   48|          0|
    |arr_load_351_reg_6690  |   48|   0|   48|          0|
    |arr_load_352_reg_6695  |   48|   0|   48|          0|
    |arr_load_353_reg_6710  |   48|   0|   48|          0|
    |arr_load_354_reg_6715  |   48|   0|   48|          0|
    |arr_load_355_reg_6730  |   48|   0|   48|          0|
    |arr_load_356_reg_6735  |   48|   0|   48|          0|
    |arr_load_357_reg_6750  |   48|   0|   48|          0|
    |arr_load_358_reg_6755  |   48|   0|   48|          0|
    |arr_load_359_reg_6770  |   48|   0|   48|          0|
    |arr_load_360_reg_6775  |   48|   0|   48|          0|
    |arr_load_361_reg_6790  |   48|   0|   48|          0|
    |arr_load_362_reg_6795  |   48|   0|   48|          0|
    |arr_load_363_reg_6810  |   48|   0|   48|          0|
    |arr_load_364_reg_6815  |   48|   0|   48|          0|
    |arr_load_365_reg_6830  |   48|   0|   48|          0|
    |arr_load_366_reg_6835  |   48|   0|   48|          0|
    |arr_load_367_reg_6850  |   48|   0|   48|          0|
    |arr_load_368_reg_6855  |   48|   0|   48|          0|
    |arr_load_369_reg_6870  |   48|   0|   48|          0|
    |arr_load_370_reg_6875  |   48|   0|   48|          0|
    |arr_load_371_reg_6890  |   48|   0|   48|          0|
    |arr_load_372_reg_6895  |   48|   0|   48|          0|
    |arr_load_373_reg_6910  |   48|   0|   48|          0|
    |arr_load_374_reg_6915  |   48|   0|   48|          0|
    |arr_load_375_reg_6930  |   48|   0|   48|          0|
    |arr_load_376_reg_6935  |   48|   0|   48|          0|
    |arr_load_377_reg_6950  |   48|   0|   48|          0|
    |arr_load_378_reg_6955  |   48|   0|   48|          0|
    |arr_load_379_reg_6970  |   48|   0|   48|          0|
    |arr_load_380_reg_6975  |   48|   0|   48|          0|
    |arr_load_381_reg_6990  |   48|   0|   48|          0|
    |arr_load_382_reg_6995  |   48|   0|   48|          0|
    |arr_load_383_reg_7010  |   48|   0|   48|          0|
    |arr_load_384_reg_7015  |   48|   0|   48|          0|
    |arr_load_385_reg_7030  |   48|   0|   48|          0|
    |arr_load_386_reg_7035  |   48|   0|   48|          0|
    |arr_load_387_reg_7050  |   48|   0|   48|          0|
    |arr_load_388_reg_7055  |   48|   0|   48|          0|
    |arr_load_389_reg_7070  |   48|   0|   48|          0|
    |arr_load_390_reg_7075  |   48|   0|   48|          0|
    |arr_load_391_reg_7090  |   48|   0|   48|          0|
    |arr_load_392_reg_7095  |   48|   0|   48|          0|
    |arr_load_393_reg_7110  |   48|   0|   48|          0|
    |arr_load_394_reg_7115  |   48|   0|   48|          0|
    |arr_load_395_reg_7130  |   48|   0|   48|          0|
    |arr_load_396_reg_7135  |   48|   0|   48|          0|
    |arr_load_397_reg_7150  |   48|   0|   48|          0|
    |arr_load_398_reg_7155  |   48|   0|   48|          0|
    |arr_load_399_reg_7170  |   48|   0|   48|          0|
    |arr_load_400_reg_7175  |   48|   0|   48|          0|
    |arr_load_401_reg_7190  |   48|   0|   48|          0|
    |arr_load_402_reg_7195  |   48|   0|   48|          0|
    |arr_load_403_reg_7210  |   48|   0|   48|          0|
    |arr_load_404_reg_7215  |   48|   0|   48|          0|
    |arr_load_405_reg_7230  |   48|   0|   48|          0|
    |arr_load_406_reg_7235  |   48|   0|   48|          0|
    |arr_load_407_reg_7250  |   48|   0|   48|          0|
    |arr_load_408_reg_7255  |   48|   0|   48|          0|
    |arr_load_409_reg_7270  |   48|   0|   48|          0|
    |arr_load_410_reg_7275  |   48|   0|   48|          0|
    |arr_load_411_reg_7290  |   48|   0|   48|          0|
    |arr_load_412_reg_7295  |   48|   0|   48|          0|
    |arr_load_413_reg_7310  |   48|   0|   48|          0|
    |arr_load_414_reg_7315  |   48|   0|   48|          0|
    |arr_load_415_reg_7330  |   48|   0|   48|          0|
    |arr_load_416_reg_7335  |   48|   0|   48|          0|
    |arr_load_417_reg_7350  |   48|   0|   48|          0|
    |arr_load_418_reg_7355  |   48|   0|   48|          0|
    |arr_load_419_reg_7370  |   48|   0|   48|          0|
    |arr_load_420_reg_7375  |   48|   0|   48|          0|
    |arr_load_421_reg_7390  |   48|   0|   48|          0|
    |arr_load_422_reg_7395  |   48|   0|   48|          0|
    |arr_load_423_reg_7410  |   48|   0|   48|          0|
    |arr_load_424_reg_7415  |   48|   0|   48|          0|
    |arr_load_425_reg_7430  |   48|   0|   48|          0|
    |arr_load_426_reg_7435  |   48|   0|   48|          0|
    |arr_load_427_reg_7450  |   48|   0|   48|          0|
    |arr_load_428_reg_7455  |   48|   0|   48|          0|
    |arr_load_429_reg_7470  |   48|   0|   48|          0|
    |arr_load_430_reg_7475  |   48|   0|   48|          0|
    |arr_load_431_reg_7490  |   48|   0|   48|          0|
    |arr_load_432_reg_7495  |   48|   0|   48|          0|
    |arr_load_433_reg_7510  |   48|   0|   48|          0|
    |arr_load_434_reg_7515  |   48|   0|   48|          0|
    |arr_load_435_reg_7530  |   48|   0|   48|          0|
    |arr_load_436_reg_7535  |   48|   0|   48|          0|
    |arr_load_437_reg_7550  |   48|   0|   48|          0|
    |arr_load_438_reg_7555  |   48|   0|   48|          0|
    |arr_load_439_reg_7570  |   48|   0|   48|          0|
    |arr_load_440_reg_7575  |   48|   0|   48|          0|
    |arr_load_441_reg_7590  |   48|   0|   48|          0|
    |arr_load_442_reg_7595  |   48|   0|   48|          0|
    |arr_load_443_reg_7610  |   48|   0|   48|          0|
    |arr_load_444_reg_7615  |   48|   0|   48|          0|
    |arr_load_445_reg_7630  |   48|   0|   48|          0|
    |arr_load_446_reg_7635  |   48|   0|   48|          0|
    |arr_load_447_reg_7650  |   48|   0|   48|          0|
    |arr_load_448_reg_7655  |   48|   0|   48|          0|
    |arr_load_449_reg_7670  |   48|   0|   48|          0|
    |arr_load_450_reg_7675  |   48|   0|   48|          0|
    |arr_load_451_reg_7690  |   48|   0|   48|          0|
    |arr_load_452_reg_7695  |   48|   0|   48|          0|
    |arr_load_453_reg_7710  |   48|   0|   48|          0|
    |arr_load_454_reg_7715  |   48|   0|   48|          0|
    |arr_load_455_reg_7730  |   48|   0|   48|          0|
    |arr_load_456_reg_7735  |   48|   0|   48|          0|
    |arr_load_457_reg_7750  |   48|   0|   48|          0|
    |arr_load_458_reg_7755  |   48|   0|   48|          0|
    |arr_load_459_reg_7770  |   48|   0|   48|          0|
    |arr_load_460_reg_7775  |   48|   0|   48|          0|
    |arr_load_461_reg_7790  |   48|   0|   48|          0|
    |arr_load_462_reg_7795  |   48|   0|   48|          0|
    |arr_load_463_reg_7810  |   48|   0|   48|          0|
    |arr_load_464_reg_7815  |   48|   0|   48|          0|
    |arr_load_465_reg_7830  |   48|   0|   48|          0|
    |arr_load_466_reg_7835  |   48|   0|   48|          0|
    |arr_load_467_reg_7850  |   48|   0|   48|          0|
    |arr_load_468_reg_7855  |   48|   0|   48|          0|
    |arr_load_469_reg_7870  |   48|   0|   48|          0|
    |arr_load_470_reg_7875  |   48|   0|   48|          0|
    |arr_load_471_reg_7890  |   48|   0|   48|          0|
    |arr_load_472_reg_7895  |   48|   0|   48|          0|
    |arr_load_473_reg_7910  |   48|   0|   48|          0|
    |arr_load_474_reg_7915  |   48|   0|   48|          0|
    |arr_load_475_reg_7930  |   48|   0|   48|          0|
    |arr_load_476_reg_7935  |   48|   0|   48|          0|
    |arr_load_477_reg_7950  |   48|   0|   48|          0|
    |arr_load_478_reg_7955  |   48|   0|   48|          0|
    |arr_load_479_reg_7970  |   48|   0|   48|          0|
    |arr_load_480_reg_7975  |   48|   0|   48|          0|
    |arr_load_481_reg_7990  |   48|   0|   48|          0|
    |arr_load_482_reg_7995  |   48|   0|   48|          0|
    |arr_load_483_reg_8010  |   48|   0|   48|          0|
    |arr_load_484_reg_8015  |   48|   0|   48|          0|
    |arr_load_485_reg_8030  |   48|   0|   48|          0|
    |arr_load_486_reg_8035  |   48|   0|   48|          0|
    |arr_load_487_reg_8050  |   48|   0|   48|          0|
    |arr_load_488_reg_8055  |   48|   0|   48|          0|
    |arr_load_489_reg_8070  |   48|   0|   48|          0|
    |arr_load_490_reg_8075  |   48|   0|   48|          0|
    |arr_load_491_reg_8090  |   48|   0|   48|          0|
    |arr_load_492_reg_8095  |   48|   0|   48|          0|
    |arr_load_493_reg_8110  |   48|   0|   48|          0|
    |arr_load_494_reg_8115  |   48|   0|   48|          0|
    |arr_load_495_reg_8130  |   48|   0|   48|          0|
    |arr_load_496_reg_8135  |   48|   0|   48|          0|
    |arr_load_497_reg_8150  |   48|   0|   48|          0|
    |arr_load_498_reg_8155  |   48|   0|   48|          0|
    |arr_load_499_reg_8170  |   48|   0|   48|          0|
    |arr_load_500_reg_8175  |   48|   0|   48|          0|
    |arr_load_501_reg_8190  |   48|   0|   48|          0|
    |arr_load_502_reg_8195  |   48|   0|   48|          0|
    |arr_load_503_reg_8210  |   48|   0|   48|          0|
    |arr_load_504_reg_8215  |   48|   0|   48|          0|
    |arr_load_505_reg_8230  |   48|   0|   48|          0|
    |arr_load_506_reg_8235  |   48|   0|   48|          0|
    |arr_load_507_reg_8261  |   48|   0|   48|          0|
    |arr_load_508_reg_8266  |   48|   0|   48|          0|
    |arr_load_reg_5730      |   48|   0|   48|          0|
    |or_ln109_257_reg_8281  |   48|   0|   48|          0|
    |or_ln109_258_reg_8286  |   48|   0|   48|          0|
    |or_ln109_259_reg_8291  |   48|   0|   48|          0|
    |or_ln109_260_reg_8296  |   48|   0|   48|          0|
    |or_ln109_261_reg_8301  |   48|   0|   48|          0|
    |or_ln109_262_reg_8306  |   48|   0|   48|          0|
    |or_ln109_263_reg_8311  |   48|   0|   48|          0|
    |or_ln109_264_reg_8316  |   48|   0|   48|          0|
    |or_ln109_265_reg_8321  |   48|   0|   48|          0|
    |or_ln109_266_reg_8326  |   48|   0|   48|          0|
    |or_ln109_267_reg_8331  |   48|   0|   48|          0|
    |or_ln109_268_reg_8336  |   48|   0|   48|          0|
    |or_ln109_269_reg_8341  |   48|   0|   48|          0|
    |or_ln109_270_reg_8346  |   48|   0|   48|          0|
    |or_ln109_271_reg_8351  |   48|   0|   48|          0|
    |or_ln109_272_reg_8356  |   48|   0|   48|          0|
    |or_ln109_273_reg_8361  |   48|   0|   48|          0|
    |or_ln109_274_reg_8366  |   48|   0|   48|          0|
    |or_ln109_275_reg_8371  |   48|   0|   48|          0|
    |or_ln109_276_reg_8376  |   48|   0|   48|          0|
    |or_ln109_277_reg_8381  |   48|   0|   48|          0|
    |or_ln109_278_reg_8386  |   48|   0|   48|          0|
    |or_ln109_279_reg_8391  |   48|   0|   48|          0|
    |or_ln109_280_reg_8396  |   48|   0|   48|          0|
    |or_ln109_281_reg_8401  |   48|   0|   48|          0|
    |or_ln109_282_reg_8406  |   48|   0|   48|          0|
    |or_ln109_283_reg_8411  |   48|   0|   48|          0|
    |or_ln109_284_reg_8416  |   48|   0|   48|          0|
    |or_ln109_285_reg_8421  |   48|   0|   48|          0|
    |or_ln109_286_reg_8426  |   48|   0|   48|          0|
    |or_ln109_287_reg_8431  |   48|   0|   48|          0|
    |or_ln109_288_reg_8436  |   48|   0|   48|          0|
    |or_ln109_289_reg_8441  |   48|   0|   48|          0|
    |or_ln109_290_reg_8446  |   48|   0|   48|          0|
    |or_ln109_291_reg_8451  |   48|   0|   48|          0|
    |or_ln109_292_reg_8456  |   48|   0|   48|          0|
    |or_ln109_293_reg_8461  |   48|   0|   48|          0|
    |or_ln109_294_reg_8466  |   48|   0|   48|          0|
    |or_ln109_295_reg_8471  |   48|   0|   48|          0|
    |or_ln109_296_reg_8476  |   48|   0|   48|          0|
    |or_ln109_297_reg_8481  |   48|   0|   48|          0|
    |or_ln109_298_reg_8486  |   48|   0|   48|          0|
    |or_ln109_299_reg_8491  |   48|   0|   48|          0|
    |or_ln109_300_reg_8496  |   48|   0|   48|          0|
    |or_ln109_301_reg_8501  |   48|   0|   48|          0|
    |or_ln109_302_reg_8506  |   48|   0|   48|          0|
    |or_ln109_303_reg_8511  |   48|   0|   48|          0|
    |or_ln109_304_reg_8516  |   48|   0|   48|          0|
    |or_ln109_305_reg_8521  |   48|   0|   48|          0|
    |or_ln109_306_reg_8526  |   48|   0|   48|          0|
    |or_ln109_307_reg_8531  |   48|   0|   48|          0|
    |or_ln109_308_reg_8536  |   48|   0|   48|          0|
    |or_ln109_309_reg_8541  |   48|   0|   48|          0|
    |or_ln109_310_reg_8546  |   48|   0|   48|          0|
    |or_ln109_311_reg_8551  |   48|   0|   48|          0|
    |or_ln109_312_reg_8556  |   48|   0|   48|          0|
    |or_ln109_313_reg_8561  |   48|   0|   48|          0|
    |or_ln109_314_reg_8566  |   48|   0|   48|          0|
    |or_ln109_315_reg_8571  |   48|   0|   48|          0|
    |or_ln109_316_reg_8576  |   48|   0|   48|          0|
    |or_ln109_317_reg_8581  |   48|   0|   48|          0|
    |or_ln109_318_reg_8586  |   48|   0|   48|          0|
    |or_ln109_319_reg_8591  |   48|   0|   48|          0|
    |or_ln109_320_reg_8596  |   48|   0|   48|          0|
    |or_ln109_321_reg_8601  |   48|   0|   48|          0|
    |or_ln109_322_reg_8606  |   48|   0|   48|          0|
    |or_ln109_323_reg_8611  |   48|   0|   48|          0|
    |or_ln109_324_reg_8616  |   48|   0|   48|          0|
    |or_ln109_325_reg_8621  |   48|   0|   48|          0|
    |or_ln109_326_reg_8626  |   48|   0|   48|          0|
    |or_ln109_327_reg_8631  |   48|   0|   48|          0|
    |or_ln109_328_reg_8636  |   48|   0|   48|          0|
    |or_ln109_329_reg_8641  |   48|   0|   48|          0|
    |or_ln109_330_reg_8646  |   48|   0|   48|          0|
    |or_ln109_331_reg_8651  |   48|   0|   48|          0|
    |or_ln109_332_reg_8656  |   48|   0|   48|          0|
    |or_ln109_333_reg_8661  |   48|   0|   48|          0|
    |or_ln109_334_reg_8666  |   48|   0|   48|          0|
    |or_ln109_335_reg_8671  |   48|   0|   48|          0|
    |or_ln109_336_reg_8676  |   48|   0|   48|          0|
    |or_ln109_337_reg_8681  |   48|   0|   48|          0|
    |or_ln109_338_reg_8686  |   48|   0|   48|          0|
    |or_ln109_339_reg_8691  |   48|   0|   48|          0|
    |or_ln109_340_reg_8696  |   48|   0|   48|          0|
    |or_ln109_341_reg_8701  |   48|   0|   48|          0|
    |or_ln109_342_reg_8706  |   48|   0|   48|          0|
    |or_ln109_343_reg_8711  |   48|   0|   48|          0|
    |or_ln109_344_reg_8716  |   48|   0|   48|          0|
    |or_ln109_345_reg_8721  |   48|   0|   48|          0|
    |or_ln109_346_reg_8726  |   48|   0|   48|          0|
    |or_ln109_347_reg_8731  |   48|   0|   48|          0|
    |or_ln109_348_reg_8736  |   48|   0|   48|          0|
    |or_ln109_349_reg_8741  |   48|   0|   48|          0|
    |or_ln109_350_reg_8746  |   48|   0|   48|          0|
    |or_ln109_351_reg_8751  |   48|   0|   48|          0|
    |or_ln109_352_reg_8756  |   48|   0|   48|          0|
    |or_ln109_353_reg_8761  |   48|   0|   48|          0|
    |or_ln109_354_reg_8766  |   48|   0|   48|          0|
    |or_ln109_355_reg_8771  |   48|   0|   48|          0|
    |or_ln109_356_reg_8776  |   48|   0|   48|          0|
    |or_ln109_357_reg_8781  |   48|   0|   48|          0|
    |or_ln109_358_reg_8786  |   48|   0|   48|          0|
    |or_ln109_359_reg_8791  |   48|   0|   48|          0|
    |or_ln109_360_reg_8796  |   48|   0|   48|          0|
    |or_ln109_361_reg_8801  |   48|   0|   48|          0|
    |or_ln109_362_reg_8806  |   48|   0|   48|          0|
    |or_ln109_363_reg_8811  |   48|   0|   48|          0|
    |or_ln109_364_reg_8816  |   48|   0|   48|          0|
    |or_ln109_365_reg_8821  |   48|   0|   48|          0|
    |or_ln109_366_reg_8826  |   48|   0|   48|          0|
    |or_ln109_367_reg_8831  |   48|   0|   48|          0|
    |or_ln109_368_reg_8836  |   48|   0|   48|          0|
    |or_ln109_369_reg_8841  |   48|   0|   48|          0|
    |or_ln109_370_reg_8846  |   48|   0|   48|          0|
    |or_ln109_371_reg_8851  |   48|   0|   48|          0|
    |or_ln109_372_reg_8856  |   48|   0|   48|          0|
    |or_ln109_373_reg_8861  |   48|   0|   48|          0|
    |or_ln109_374_reg_8866  |   48|   0|   48|          0|
    |or_ln109_375_reg_8871  |   48|   0|   48|          0|
    |or_ln109_376_reg_8876  |   48|   0|   48|          0|
    |or_ln109_377_reg_8881  |   48|   0|   48|          0|
    |or_ln109_378_reg_8886  |   48|   0|   48|          0|
    |or_ln109_379_reg_8891  |   48|   0|   48|          0|
    |or_ln109_380_reg_8896  |   48|   0|   48|          0|
    |or_ln109_381_reg_8901  |   48|   0|   48|          0|
    |or_ln109_382_reg_8906  |   48|   0|   48|          0|
    |or_ln109_383_reg_8911  |   48|   0|   48|          0|
    |or_ln109_384_reg_8916  |   48|   0|   48|          0|
    |or_ln109_385_reg_8921  |   48|   0|   48|          0|
    |or_ln109_386_reg_8926  |   48|   0|   48|          0|
    |or_ln109_387_reg_8931  |   48|   0|   48|          0|
    |or_ln109_388_reg_8936  |   48|   0|   48|          0|
    |or_ln109_389_reg_8941  |   48|   0|   48|          0|
    |or_ln109_390_reg_8946  |   48|   0|   48|          0|
    |or_ln109_391_reg_8951  |   48|   0|   48|          0|
    |or_ln109_392_reg_8956  |   48|   0|   48|          0|
    |or_ln109_393_reg_8961  |   48|   0|   48|          0|
    |or_ln109_394_reg_8966  |   48|   0|   48|          0|
    |or_ln109_395_reg_8971  |   48|   0|   48|          0|
    |or_ln109_396_reg_8976  |   48|   0|   48|          0|
    |or_ln109_397_reg_8981  |   48|   0|   48|          0|
    |or_ln109_398_reg_8986  |   48|   0|   48|          0|
    |or_ln109_399_reg_8991  |   48|   0|   48|          0|
    |or_ln109_400_reg_8996  |   48|   0|   48|          0|
    |or_ln109_401_reg_9001  |   48|   0|   48|          0|
    |or_ln109_402_reg_9006  |   48|   0|   48|          0|
    |or_ln109_403_reg_9011  |   48|   0|   48|          0|
    |or_ln109_404_reg_9016  |   48|   0|   48|          0|
    |or_ln109_405_reg_9021  |   48|   0|   48|          0|
    |or_ln109_406_reg_9026  |   48|   0|   48|          0|
    |or_ln109_407_reg_9031  |   48|   0|   48|          0|
    |or_ln109_408_reg_9036  |   48|   0|   48|          0|
    |or_ln109_409_reg_9041  |   48|   0|   48|          0|
    |or_ln109_410_reg_9046  |   48|   0|   48|          0|
    |or_ln109_411_reg_9051  |   48|   0|   48|          0|
    |or_ln109_412_reg_9056  |   48|   0|   48|          0|
    |or_ln109_413_reg_9061  |   48|   0|   48|          0|
    |or_ln109_414_reg_9066  |   48|   0|   48|          0|
    |or_ln109_415_reg_9071  |   48|   0|   48|          0|
    |or_ln109_416_reg_9076  |   48|   0|   48|          0|
    |or_ln109_417_reg_9081  |   48|   0|   48|          0|
    |or_ln109_418_reg_9086  |   48|   0|   48|          0|
    |or_ln109_419_reg_9091  |   48|   0|   48|          0|
    |or_ln109_420_reg_9096  |   48|   0|   48|          0|
    |or_ln109_421_reg_9101  |   48|   0|   48|          0|
    |or_ln109_422_reg_9106  |   48|   0|   48|          0|
    |or_ln109_423_reg_9111  |   48|   0|   48|          0|
    |or_ln109_424_reg_9116  |   48|   0|   48|          0|
    |or_ln109_425_reg_9121  |   48|   0|   48|          0|
    |or_ln109_426_reg_9126  |   48|   0|   48|          0|
    |or_ln109_427_reg_9131  |   48|   0|   48|          0|
    |or_ln109_428_reg_9136  |   48|   0|   48|          0|
    |or_ln109_429_reg_9141  |   48|   0|   48|          0|
    |or_ln109_430_reg_9146  |   48|   0|   48|          0|
    |or_ln109_431_reg_9151  |   48|   0|   48|          0|
    |or_ln109_432_reg_9156  |   48|   0|   48|          0|
    |or_ln109_433_reg_9161  |   48|   0|   48|          0|
    |or_ln109_434_reg_9166  |   48|   0|   48|          0|
    |or_ln109_435_reg_9171  |   48|   0|   48|          0|
    |or_ln109_436_reg_9176  |   48|   0|   48|          0|
    |or_ln109_437_reg_9181  |   48|   0|   48|          0|
    |or_ln109_438_reg_9186  |   48|   0|   48|          0|
    |or_ln109_439_reg_9191  |   48|   0|   48|          0|
    |or_ln109_440_reg_9196  |   48|   0|   48|          0|
    |or_ln109_441_reg_9201  |   48|   0|   48|          0|
    |or_ln109_442_reg_9206  |   48|   0|   48|          0|
    |or_ln109_443_reg_9211  |   48|   0|   48|          0|
    |or_ln109_444_reg_9216  |   48|   0|   48|          0|
    |or_ln109_445_reg_9221  |   48|   0|   48|          0|
    |or_ln109_446_reg_9226  |   48|   0|   48|          0|
    |or_ln109_447_reg_9231  |   48|   0|   48|          0|
    |or_ln109_448_reg_9236  |   48|   0|   48|          0|
    |or_ln109_449_reg_9241  |   48|   0|   48|          0|
    |or_ln109_450_reg_9246  |   48|   0|   48|          0|
    |or_ln109_451_reg_9251  |   48|   0|   48|          0|
    |or_ln109_452_reg_9256  |   48|   0|   48|          0|
    |or_ln109_453_reg_9261  |   48|   0|   48|          0|
    |or_ln109_454_reg_9266  |   48|   0|   48|          0|
    |or_ln109_455_reg_9271  |   48|   0|   48|          0|
    |or_ln109_456_reg_9276  |   48|   0|   48|          0|
    |or_ln109_457_reg_9281  |   48|   0|   48|          0|
    |or_ln109_458_reg_9286  |   48|   0|   48|          0|
    |or_ln109_459_reg_9291  |   48|   0|   48|          0|
    |or_ln109_460_reg_9296  |   48|   0|   48|          0|
    |or_ln109_461_reg_9301  |   48|   0|   48|          0|
    |or_ln109_462_reg_9306  |   48|   0|   48|          0|
    |or_ln109_463_reg_9311  |   48|   0|   48|          0|
    |or_ln109_464_reg_9316  |   48|   0|   48|          0|
    |or_ln109_465_reg_9321  |   48|   0|   48|          0|
    |or_ln109_466_reg_9326  |   48|   0|   48|          0|
    |or_ln109_467_reg_9331  |   48|   0|   48|          0|
    |or_ln109_468_reg_9336  |   48|   0|   48|          0|
    |or_ln109_469_reg_9341  |   48|   0|   48|          0|
    |or_ln109_470_reg_9346  |   48|   0|   48|          0|
    |or_ln109_471_reg_9351  |   48|   0|   48|          0|
    |or_ln109_472_reg_9356  |   48|   0|   48|          0|
    |or_ln109_473_reg_9361  |   48|   0|   48|          0|
    |or_ln109_474_reg_9366  |   48|   0|   48|          0|
    |or_ln109_475_reg_9371  |   48|   0|   48|          0|
    |or_ln109_476_reg_9376  |   48|   0|   48|          0|
    |or_ln109_477_reg_9381  |   48|   0|   48|          0|
    |or_ln109_478_reg_9386  |   48|   0|   48|          0|
    |or_ln109_479_reg_9391  |   48|   0|   48|          0|
    |or_ln109_480_reg_9396  |   48|   0|   48|          0|
    |or_ln109_481_reg_9401  |   48|   0|   48|          0|
    |or_ln109_482_reg_9406  |   48|   0|   48|          0|
    |or_ln109_483_reg_9411  |   48|   0|   48|          0|
    |or_ln109_484_reg_9416  |   48|   0|   48|          0|
    |or_ln109_485_reg_9421  |   48|   0|   48|          0|
    |or_ln109_486_reg_9426  |   48|   0|   48|          0|
    |or_ln109_487_reg_9431  |   48|   0|   48|          0|
    |or_ln109_488_reg_9436  |   48|   0|   48|          0|
    |or_ln109_489_reg_9441  |   48|   0|   48|          0|
    |or_ln109_490_reg_9446  |   48|   0|   48|          0|
    |or_ln109_491_reg_9451  |   48|   0|   48|          0|
    |or_ln109_492_reg_9456  |   48|   0|   48|          0|
    |or_ln109_493_reg_9461  |   48|   0|   48|          0|
    |or_ln109_494_reg_9466  |   48|   0|   48|          0|
    |or_ln109_495_reg_9471  |   48|   0|   48|          0|
    |or_ln109_496_reg_9476  |   48|   0|   48|          0|
    |or_ln109_497_reg_9481  |   48|   0|   48|          0|
    |or_ln109_498_reg_9486  |   48|   0|   48|          0|
    |or_ln109_499_reg_9491  |   48|   0|   48|          0|
    |or_ln109_500_reg_9496  |   48|   0|   48|          0|
    |or_ln109_501_reg_9501  |   48|   0|   48|          0|
    |or_ln109_502_reg_9506  |   48|   0|   48|          0|
    |or_ln109_503_reg_9511  |   48|   0|   48|          0|
    |or_ln109_504_reg_9516  |   48|   0|   48|          0|
    |or_ln109_505_reg_9521  |   48|   0|   48|          0|
    |or_ln109_506_reg_9526  |   48|   0|   48|          0|
    |or_ln109_507_reg_9531  |   48|   0|   48|          0|
    |or_ln109_508_reg_9536  |   48|   0|   48|          0|
    |or_ln109_509_reg_9541  |   48|   0|   48|          0|
    |or_ln109_510_reg_9546  |   48|   0|   48|          0|
    |trunc_ln109_reg_8256   |   16|   0|   16|          0|
    |zext_ln109_2_reg_8250  |    2|   0|   48|         46|
    +-----------------------+-----+----+-----+-----------+
    |Total                  |24658|   0|24704|         46|
    +-----------------------+-----+----+-----+-----------+



================================================================
== Interface
================================================================
* Summary: 
+--------------+-----+-----+------------+-----------------------------------------------------+--------------+
|   RTL Ports  | Dir | Bits|  Protocol  |                    Source Object                    |    C Type    |
+--------------+-----+-----+------------+-----------------------------------------------------+--------------+
|ap_clk        |   in|    1|  ap_ctrl_hs|  ArrSet<vector<ap_fixed<16, 11, 5, 3, 0>, 3ul>, 256>|  return value|
|ap_rst        |   in|    1|  ap_ctrl_hs|  ArrSet<vector<ap_fixed<16, 11, 5, 3, 0>, 3ul>, 256>|  return value|
|ap_start      |   in|    1|  ap_ctrl_hs|  ArrSet<vector<ap_fixed<16, 11, 5, 3, 0>, 3ul>, 256>|  return value|
|ap_done       |  out|    1|  ap_ctrl_hs|  ArrSet<vector<ap_fixed<16, 11, 5, 3, 0>, 3ul>, 256>|  return value|
|ap_idle       |  out|    1|  ap_ctrl_hs|  ArrSet<vector<ap_fixed<16, 11, 5, 3, 0>, 3ul>, 256>|  return value|
|ap_ready      |  out|    1|  ap_ctrl_hs|  ArrSet<vector<ap_fixed<16, 11, 5, 3, 0>, 3ul>, 256>|  return value|
|arr_address0  |  out|    8|   ap_memory|                                                  arr|         array|
|arr_ce0       |  out|    1|   ap_memory|                                                  arr|         array|
|arr_we0       |  out|    1|   ap_memory|                                                  arr|         array|
|arr_d0        |  out|   48|   ap_memory|                                                  arr|         array|
|arr_q0        |   in|   48|   ap_memory|                                                  arr|         array|
|arr_address1  |  out|    8|   ap_memory|                                                  arr|         array|
|arr_ce1       |  out|    1|   ap_memory|                                                  arr|         array|
|arr_we1       |  out|    1|   ap_memory|                                                  arr|         array|
|arr_d1        |  out|   48|   ap_memory|                                                  arr|         array|
|arr_q1        |   in|   48|   ap_memory|                                                  arr|         array|
|layer         |   in|    2|     ap_none|                                                layer|        scalar|
|val_val       |   in|   46|     ap_none|                                              val_val|        scalar|
+--------------+-----+-----+------------+-----------------------------------------------------+--------------+

