

================================================================
== Vitis HLS Report for 'ChunkCompute'
================================================================
* Date:           Thu Oct 26 16:51:32 2023

* Version:        2023.1 (Build 3854077 on May  4 2023)
* Project:        BasicKernel
* Solution:       solution1 (Vitis Kernel Flow Target)
* Product family: zynquplus
* Target device:  xczu7ev-ffvc1156-2-i


================================================================
== Performance Estimates
================================================================
+ Timing: 
    * Summary: 
    +--------+---------+----------+------------+
    |  Clock |  Target | Estimated| Uncertainty|
    +--------+---------+----------+------------+
    |ap_clk  |  4.00 ns|  5.230 ns|     1.08 ns|
    +--------+---------+----------+------------+

+ Latency: 
    * Summary: 
    +---------+---------+----------+----------+-----+-----+---------+
    |  Latency (cycles) |  Latency (absolute) |  Interval | Pipeline|
    |   min   |   max   |    min   |    max   | min | max |   Type  |
    +---------+---------+----------+----------+-----+-----+---------+
    |        ?|        ?|         ?|         ?|    ?|    ?|       no|
    +---------+---------+----------+----------+-----+-----+---------+

    + Detail: 
        * Instance: 
        +----------------------------------------------------+----------------------------------------+---------+---------+----------+----------+-----+-----+---------+
        |                                                    |                                        |  Latency (cycles) |  Latency (absolute) |  Interval | Pipeline|
        |                      Instance                      |                 Module                 |   min   |   max   |    min   |    max   | min | max |   Type  |
        +----------------------------------------------------+----------------------------------------+---------+---------+----------+----------+-----+-----+---------+
        |grp_ChunkCompute_Pipeline_VITIS_LOOP_347_1_fu_1598  |ChunkCompute_Pipeline_VITIS_LOOP_347_1  |        ?|        ?|         ?|         ?|    ?|    ?|       no|
        +----------------------------------------------------+----------------------------------------+---------+---------+----------+----------+-----+-----+---------+

        * Loop: 
        N/A



================================================================
== Utilization Estimates
================================================================
* Summary: 
+-----------------+---------+------+--------+--------+-----+
|       Name      | BRAM_18K|  DSP |   FF   |   LUT  | URAM|
+-----------------+---------+------+--------+--------+-----+
|DSP              |        -|     -|       -|       -|    -|
|Expression       |        -|     -|       0|      39|    -|
|FIFO             |        -|     -|       -|       -|    -|
|Instance         |        -|     -|    9316|   33396|    -|
|Memory           |        -|     -|       -|       -|    -|
|Multiplexer      |        -|     -|       -|      38|    -|
|Register         |        -|     -|      43|       -|    -|
+-----------------+---------+------+--------+--------+-----+
|Total            |        0|     0|    9359|   33473|    0|
+-----------------+---------+------+--------+--------+-----+
|Available        |      624|  1728|  460800|  230400|   96|
+-----------------+---------+------+--------+--------+-----+
|Utilization (%)  |        0|     0|       2|      14|    0|
+-----------------+---------+------+--------+--------+-----+

+ Detail: 
    * Instance: 
    +----------------------------------------------------+----------------------------------------+---------+----+------+-------+-----+
    |                      Instance                      |                 Module                 | BRAM_18K| DSP|  FF  |  LUT  | URAM|
    +----------------------------------------------------+----------------------------------------+---------+----+------+-------+-----+
    |grp_ChunkCompute_Pipeline_VITIS_LOOP_347_1_fu_1598  |ChunkCompute_Pipeline_VITIS_LOOP_347_1  |        0|   0|  9316|  33396|    0|
    +----------------------------------------------------+----------------------------------------+---------+----+------+-------+-----+
    |Total                                               |                                        |        0|   0|  9316|  33396|    0|
    +----------------------------------------------------+----------------------------------------+---------+----+------+-------+-----+

    * DSP: 
    N/A

    * Memory: 
    N/A

    * FIFO: 
    N/A

    * Expression: 
    +----------------+----------+----+---+----+------------+------------+
    |  Variable Name | Operation| DSP| FF| LUT| Bitwidth P0| Bitwidth P1|
    +----------------+----------+----+---+----+------------+------------+
    |sub_fu_2060_p2  |         +|   0|  0|  39|          32|           5|
    +----------------+----------+----+---+----+------------+------------+
    |Total           |          |   0|  0|  39|          32|           5|
    +----------------+----------+----+---+----+------------+------------+

    * Multiplexer: 
    +--------------------+----+-----------+-----+-----------+
    |        Name        | LUT| Input Size| Bits| Total Bits|
    +--------------------+----+-----------+-----+-----------+
    |ap_NS_fsm           |  20|          4|    1|          4|
    |m_axi_gmem_ARVALID  |   9|          2|    1|          2|
    |m_axi_gmem_RREADY   |   9|          2|    1|          2|
    +--------------------+----+-----------+-----+-----------+
    |Total               |  38|          8|    3|          8|
    +--------------------+----+-----------+-----+-----------+

    * Register: 
    +-----------------------------------------------------------------+----+----+-----+-----------+
    |                               Name                              | FF | LUT| Bits| Const Bits|
    +-----------------------------------------------------------------+----+----+-----+-----------+
    |ap_CS_fsm                                                        |   3|   0|    3|          0|
    |empty_reg_4197                                                   |   5|   0|    5|          0|
    |grp_ChunkCompute_Pipeline_VITIS_LOOP_347_1_fu_1598_ap_start_reg  |   1|   0|    1|          0|
    |sub_reg_4202                                                     |  32|   0|   32|          0|
    |trunc_ln249_reg_4207                                             |   2|   0|    2|          0|
    +-----------------------------------------------------------------+----+----+-----+-----------+
    |Total                                                            |  43|   0|   43|          0|
    +-----------------------------------------------------------------+----+----+-----+-----------+



================================================================
== Interface
================================================================
* Summary: 
+------------------------------+-----+-----+------------+----------------------+--------------+
|           RTL Ports          | Dir | Bits|  Protocol  |     Source Object    |    C Type    |
+------------------------------+-----+-----+------------+----------------------+--------------+
|ap_clk                        |   in|    1|  ap_ctrl_hs|          ChunkCompute|  return value|
|ap_rst                        |   in|    1|  ap_ctrl_hs|          ChunkCompute|  return value|
|ap_start                      |   in|    1|  ap_ctrl_hs|          ChunkCompute|  return value|
|ap_done                       |  out|    1|  ap_ctrl_hs|          ChunkCompute|  return value|
|ap_idle                       |  out|    1|  ap_ctrl_hs|          ChunkCompute|  return value|
|ap_ready                      |  out|    1|  ap_ctrl_hs|          ChunkCompute|  return value|
|ap_return_0                   |  out|   32|  ap_ctrl_hs|          ChunkCompute|  return value|
|ap_return_1                   |  out|   32|  ap_ctrl_hs|          ChunkCompute|  return value|
|ap_return_2                   |  out|   32|  ap_ctrl_hs|          ChunkCompute|  return value|
|ap_return_3                   |  out|   32|  ap_ctrl_hs|          ChunkCompute|  return value|
|ap_return_4                   |  out|   32|  ap_ctrl_hs|          ChunkCompute|  return value|
|ap_return_5                   |  out|   32|  ap_ctrl_hs|          ChunkCompute|  return value|
|ap_return_6                   |  out|   32|  ap_ctrl_hs|          ChunkCompute|  return value|
|ap_return_7                   |  out|   32|  ap_ctrl_hs|          ChunkCompute|  return value|
|ap_return_8                   |  out|   32|  ap_ctrl_hs|          ChunkCompute|  return value|
|ap_return_9                   |  out|   32|  ap_ctrl_hs|          ChunkCompute|  return value|
|ap_return_10                  |  out|   32|  ap_ctrl_hs|          ChunkCompute|  return value|
|ap_return_11                  |  out|   32|  ap_ctrl_hs|          ChunkCompute|  return value|
|ap_return_12                  |  out|   32|  ap_ctrl_hs|          ChunkCompute|  return value|
|ap_return_13                  |  out|   32|  ap_ctrl_hs|          ChunkCompute|  return value|
|ap_return_14                  |  out|   32|  ap_ctrl_hs|          ChunkCompute|  return value|
|ap_return_15                  |  out|   32|  ap_ctrl_hs|          ChunkCompute|  return value|
|ap_return_16                  |  out|   32|  ap_ctrl_hs|          ChunkCompute|  return value|
|ap_return_17                  |  out|   32|  ap_ctrl_hs|          ChunkCompute|  return value|
|ap_return_18                  |  out|   32|  ap_ctrl_hs|          ChunkCompute|  return value|
|ap_return_19                  |  out|   32|  ap_ctrl_hs|          ChunkCompute|  return value|
|ap_return_20                  |  out|   32|  ap_ctrl_hs|          ChunkCompute|  return value|
|ap_return_21                  |  out|   32|  ap_ctrl_hs|          ChunkCompute|  return value|
|ap_return_22                  |  out|   32|  ap_ctrl_hs|          ChunkCompute|  return value|
|ap_return_23                  |  out|   32|  ap_ctrl_hs|          ChunkCompute|  return value|
|ap_return_24                  |  out|   32|  ap_ctrl_hs|          ChunkCompute|  return value|
|ap_return_25                  |  out|   32|  ap_ctrl_hs|          ChunkCompute|  return value|
|ap_return_26                  |  out|   32|  ap_ctrl_hs|          ChunkCompute|  return value|
|ap_return_27                  |  out|   32|  ap_ctrl_hs|          ChunkCompute|  return value|
|ap_return_28                  |  out|   32|  ap_ctrl_hs|          ChunkCompute|  return value|
|ap_return_29                  |  out|   32|  ap_ctrl_hs|          ChunkCompute|  return value|
|ap_return_30                  |  out|   32|  ap_ctrl_hs|          ChunkCompute|  return value|
|ap_return_31                  |  out|   32|  ap_ctrl_hs|          ChunkCompute|  return value|
|ap_return_32                  |  out|   32|  ap_ctrl_hs|          ChunkCompute|  return value|
|ap_return_33                  |  out|   32|  ap_ctrl_hs|          ChunkCompute|  return value|
|ap_return_34                  |  out|   32|  ap_ctrl_hs|          ChunkCompute|  return value|
|ap_return_35                  |  out|   32|  ap_ctrl_hs|          ChunkCompute|  return value|
|ap_return_36                  |  out|   32|  ap_ctrl_hs|          ChunkCompute|  return value|
|ap_return_37                  |  out|   32|  ap_ctrl_hs|          ChunkCompute|  return value|
|ap_return_38                  |  out|   32|  ap_ctrl_hs|          ChunkCompute|  return value|
|ap_return_39                  |  out|   32|  ap_ctrl_hs|          ChunkCompute|  return value|
|ap_return_40                  |  out|   32|  ap_ctrl_hs|          ChunkCompute|  return value|
|ap_return_41                  |  out|   32|  ap_ctrl_hs|          ChunkCompute|  return value|
|ap_return_42                  |  out|   32|  ap_ctrl_hs|          ChunkCompute|  return value|
|ap_return_43                  |  out|   32|  ap_ctrl_hs|          ChunkCompute|  return value|
|ap_return_44                  |  out|   32|  ap_ctrl_hs|          ChunkCompute|  return value|
|ap_return_45                  |  out|   32|  ap_ctrl_hs|          ChunkCompute|  return value|
|ap_return_46                  |  out|   32|  ap_ctrl_hs|          ChunkCompute|  return value|
|ap_return_47                  |  out|   32|  ap_ctrl_hs|          ChunkCompute|  return value|
|ap_return_48                  |  out|   32|  ap_ctrl_hs|          ChunkCompute|  return value|
|ap_return_49                  |  out|   32|  ap_ctrl_hs|          ChunkCompute|  return value|
|ap_return_50                  |  out|   32|  ap_ctrl_hs|          ChunkCompute|  return value|
|ap_return_51                  |  out|   32|  ap_ctrl_hs|          ChunkCompute|  return value|
|ap_return_52                  |  out|   32|  ap_ctrl_hs|          ChunkCompute|  return value|
|ap_return_53                  |  out|   32|  ap_ctrl_hs|          ChunkCompute|  return value|
|ap_return_54                  |  out|   32|  ap_ctrl_hs|          ChunkCompute|  return value|
|ap_return_55                  |  out|   32|  ap_ctrl_hs|          ChunkCompute|  return value|
|ap_return_56                  |  out|   32|  ap_ctrl_hs|          ChunkCompute|  return value|
|ap_return_57                  |  out|   32|  ap_ctrl_hs|          ChunkCompute|  return value|
|ap_return_58                  |  out|   32|  ap_ctrl_hs|          ChunkCompute|  return value|
|ap_return_59                  |  out|   32|  ap_ctrl_hs|          ChunkCompute|  return value|
|ap_return_60                  |  out|   32|  ap_ctrl_hs|          ChunkCompute|  return value|
|ap_return_61                  |  out|   32|  ap_ctrl_hs|          ChunkCompute|  return value|
|ap_return_62                  |  out|   32|  ap_ctrl_hs|          ChunkCompute|  return value|
|ap_return_63                  |  out|   32|  ap_ctrl_hs|          ChunkCompute|  return value|
|ap_return_64                  |  out|   16|  ap_ctrl_hs|          ChunkCompute|  return value|
|ap_return_65                  |  out|   16|  ap_ctrl_hs|          ChunkCompute|  return value|
|ap_return_66                  |  out|   16|  ap_ctrl_hs|          ChunkCompute|  return value|
|ap_return_67                  |  out|   16|  ap_ctrl_hs|          ChunkCompute|  return value|
|ap_return_68                  |  out|   16|  ap_ctrl_hs|          ChunkCompute|  return value|
|ap_return_69                  |  out|   16|  ap_ctrl_hs|          ChunkCompute|  return value|
|ap_return_70                  |  out|   16|  ap_ctrl_hs|          ChunkCompute|  return value|
|ap_return_71                  |  out|   16|  ap_ctrl_hs|          ChunkCompute|  return value|
|ap_return_72                  |  out|   16|  ap_ctrl_hs|          ChunkCompute|  return value|
|ap_return_73                  |  out|   16|  ap_ctrl_hs|          ChunkCompute|  return value|
|ap_return_74                  |  out|   16|  ap_ctrl_hs|          ChunkCompute|  return value|
|ap_return_75                  |  out|   16|  ap_ctrl_hs|          ChunkCompute|  return value|
|ap_return_76                  |  out|   16|  ap_ctrl_hs|          ChunkCompute|  return value|
|ap_return_77                  |  out|   16|  ap_ctrl_hs|          ChunkCompute|  return value|
|ap_return_78                  |  out|   16|  ap_ctrl_hs|          ChunkCompute|  return value|
|ap_return_79                  |  out|   16|  ap_ctrl_hs|          ChunkCompute|  return value|
|ap_return_80                  |  out|   16|  ap_ctrl_hs|          ChunkCompute|  return value|
|ap_return_81                  |  out|   16|  ap_ctrl_hs|          ChunkCompute|  return value|
|ap_return_82                  |  out|   16|  ap_ctrl_hs|          ChunkCompute|  return value|
|ap_return_83                  |  out|   16|  ap_ctrl_hs|          ChunkCompute|  return value|
|ap_return_84                  |  out|   16|  ap_ctrl_hs|          ChunkCompute|  return value|
|ap_return_85                  |  out|   16|  ap_ctrl_hs|          ChunkCompute|  return value|
|ap_return_86                  |  out|   16|  ap_ctrl_hs|          ChunkCompute|  return value|
|ap_return_87                  |  out|   16|  ap_ctrl_hs|          ChunkCompute|  return value|
|ap_return_88                  |  out|   16|  ap_ctrl_hs|          ChunkCompute|  return value|
|ap_return_89                  |  out|   16|  ap_ctrl_hs|          ChunkCompute|  return value|
|ap_return_90                  |  out|   16|  ap_ctrl_hs|          ChunkCompute|  return value|
|ap_return_91                  |  out|   16|  ap_ctrl_hs|          ChunkCompute|  return value|
|ap_return_92                  |  out|   16|  ap_ctrl_hs|          ChunkCompute|  return value|
|ap_return_93                  |  out|   16|  ap_ctrl_hs|          ChunkCompute|  return value|
|ap_return_94                  |  out|   16|  ap_ctrl_hs|          ChunkCompute|  return value|
|ap_return_95                  |  out|   16|  ap_ctrl_hs|          ChunkCompute|  return value|
|chunk_row_offset              |   in|   31|     ap_none|      chunk_row_offset|        scalar|
|local_query_0_val1            |   in|    2|     ap_none|    local_query_0_val1|        scalar|
|local_query_1_val2            |   in|    2|     ap_none|    local_query_1_val2|        scalar|
|local_query_2_val3            |   in|    2|     ap_none|    local_query_2_val3|        scalar|
|local_query_3_val4            |   in|    2|     ap_none|    local_query_3_val4|        scalar|
|local_query_4_val5            |   in|    2|     ap_none|    local_query_4_val5|        scalar|
|local_query_5_val6            |   in|    2|     ap_none|    local_query_5_val6|        scalar|
|local_query_6_val7            |   in|    2|     ap_none|    local_query_6_val7|        scalar|
|local_query_7_val8            |   in|    2|     ap_none|    local_query_7_val8|        scalar|
|local_query_8_val9            |   in|    2|     ap_none|    local_query_8_val9|        scalar|
|local_query_9_val10           |   in|    2|     ap_none|   local_query_9_val10|        scalar|
|local_query_10_val11          |   in|    2|     ap_none|  local_query_10_val11|        scalar|
|local_query_11_val12          |   in|    2|     ap_none|  local_query_11_val12|        scalar|
|local_query_12_val13          |   in|    2|     ap_none|  local_query_12_val13|        scalar|
|local_query_13_val14          |   in|    2|     ap_none|  local_query_13_val14|        scalar|
|local_query_14_val15          |   in|    2|     ap_none|  local_query_14_val15|        scalar|
|local_query_15_val16          |   in|    2|     ap_none|  local_query_15_val16|        scalar|
|local_query_16_val17          |   in|    2|     ap_none|  local_query_16_val17|        scalar|
|local_query_17_val18          |   in|    2|     ap_none|  local_query_17_val18|        scalar|
|local_query_18_val19          |   in|    2|     ap_none|  local_query_18_val19|        scalar|
|local_query_19_val20          |   in|    2|     ap_none|  local_query_19_val20|        scalar|
|local_query_20_val21          |   in|    2|     ap_none|  local_query_20_val21|        scalar|
|local_query_21_val22          |   in|    2|     ap_none|  local_query_21_val22|        scalar|
|local_query_22_val23          |   in|    2|     ap_none|  local_query_22_val23|        scalar|
|local_query_23_val24          |   in|    2|     ap_none|  local_query_23_val24|        scalar|
|local_query_24_val25          |   in|    2|     ap_none|  local_query_24_val25|        scalar|
|local_query_25_val26          |   in|    2|     ap_none|  local_query_25_val26|        scalar|
|local_query_26_val27          |   in|    2|     ap_none|  local_query_26_val27|        scalar|
|local_query_27_val28          |   in|    2|     ap_none|  local_query_27_val28|        scalar|
|local_query_28_val29          |   in|    2|     ap_none|  local_query_28_val29|        scalar|
|local_query_29_val30          |   in|    2|     ap_none|  local_query_29_val30|        scalar|
|local_query_30_val31          |   in|    2|     ap_none|  local_query_30_val31|        scalar|
|local_query_31_val32          |   in|    2|     ap_none|  local_query_31_val32|        scalar|
|m_axi_gmem_AWVALID            |  out|    1|       m_axi|                  gmem|       pointer|
|m_axi_gmem_AWREADY            |   in|    1|       m_axi|                  gmem|       pointer|
|m_axi_gmem_AWADDR             |  out|   64|       m_axi|                  gmem|       pointer|
|m_axi_gmem_AWID               |  out|    1|       m_axi|                  gmem|       pointer|
|m_axi_gmem_AWLEN              |  out|   32|       m_axi|                  gmem|       pointer|
|m_axi_gmem_AWSIZE             |  out|    3|       m_axi|                  gmem|       pointer|
|m_axi_gmem_AWBURST            |  out|    2|       m_axi|                  gmem|       pointer|
|m_axi_gmem_AWLOCK             |  out|    2|       m_axi|                  gmem|       pointer|
|m_axi_gmem_AWCACHE            |  out|    4|       m_axi|                  gmem|       pointer|
|m_axi_gmem_AWPROT             |  out|    3|       m_axi|                  gmem|       pointer|
|m_axi_gmem_AWQOS              |  out|    4|       m_axi|                  gmem|       pointer|
|m_axi_gmem_AWREGION           |  out|    4|       m_axi|                  gmem|       pointer|
|m_axi_gmem_AWUSER             |  out|    1|       m_axi|                  gmem|       pointer|
|m_axi_gmem_WVALID             |  out|    1|       m_axi|                  gmem|       pointer|
|m_axi_gmem_WREADY             |   in|    1|       m_axi|                  gmem|       pointer|
|m_axi_gmem_WDATA              |  out|   32|       m_axi|                  gmem|       pointer|
|m_axi_gmem_WSTRB              |  out|    4|       m_axi|                  gmem|       pointer|
|m_axi_gmem_WLAST              |  out|    1|       m_axi|                  gmem|       pointer|
|m_axi_gmem_WID                |  out|    1|       m_axi|                  gmem|       pointer|
|m_axi_gmem_WUSER              |  out|    1|       m_axi|                  gmem|       pointer|
|m_axi_gmem_ARVALID            |  out|    1|       m_axi|                  gmem|       pointer|
|m_axi_gmem_ARREADY            |   in|    1|       m_axi|                  gmem|       pointer|
|m_axi_gmem_ARADDR             |  out|   64|       m_axi|                  gmem|       pointer|
|m_axi_gmem_ARID               |  out|    1|       m_axi|                  gmem|       pointer|
|m_axi_gmem_ARLEN              |  out|   32|       m_axi|                  gmem|       pointer|
|m_axi_gmem_ARSIZE             |  out|    3|       m_axi|                  gmem|       pointer|
|m_axi_gmem_ARBURST            |  out|    2|       m_axi|                  gmem|       pointer|
|m_axi_gmem_ARLOCK             |  out|    2|       m_axi|                  gmem|       pointer|
|m_axi_gmem_ARCACHE            |  out|    4|       m_axi|                  gmem|       pointer|
|m_axi_gmem_ARPROT             |  out|    3|       m_axi|                  gmem|       pointer|
|m_axi_gmem_ARQOS              |  out|    4|       m_axi|                  gmem|       pointer|
|m_axi_gmem_ARREGION           |  out|    4|       m_axi|                  gmem|       pointer|
|m_axi_gmem_ARUSER             |  out|    1|       m_axi|                  gmem|       pointer|
|m_axi_gmem_RVALID             |   in|    1|       m_axi|                  gmem|       pointer|
|m_axi_gmem_RREADY             |  out|    1|       m_axi|                  gmem|       pointer|
|m_axi_gmem_RDATA              |   in|   32|       m_axi|                  gmem|       pointer|
|m_axi_gmem_RLAST              |   in|    1|       m_axi|                  gmem|       pointer|
|m_axi_gmem_RID                |   in|    1|       m_axi|                  gmem|       pointer|
|m_axi_gmem_RFIFONUM           |   in|    9|       m_axi|                  gmem|       pointer|
|m_axi_gmem_RUSER              |   in|    1|       m_axi|                  gmem|       pointer|
|m_axi_gmem_RRESP              |   in|    2|       m_axi|                  gmem|       pointer|
|m_axi_gmem_BVALID             |   in|    1|       m_axi|                  gmem|       pointer|
|m_axi_gmem_BREADY             |  out|    1|       m_axi|                  gmem|       pointer|
|m_axi_gmem_BRESP              |   in|    2|       m_axi|                  gmem|       pointer|
|m_axi_gmem_BID                |   in|    1|       m_axi|                  gmem|       pointer|
|m_axi_gmem_BUSER              |   in|    1|       m_axi|                  gmem|       pointer|
|reference                     |   in|   64|     ap_none|             reference|        scalar|
|init_col_scr_0_address0       |  out|    6|   ap_memory|        init_col_scr_0|         array|
|init_col_scr_0_ce0            |  out|    1|   ap_memory|        init_col_scr_0|         array|
|init_col_scr_0_q0             |   in|   16|   ap_memory|        init_col_scr_0|         array|
|init_col_scr_0_address1       |  out|    6|   ap_memory|        init_col_scr_0|         array|
|init_col_scr_0_ce1            |  out|    1|   ap_memory|        init_col_scr_0|         array|
|init_col_scr_0_q1             |   in|   16|   ap_memory|        init_col_scr_0|         array|
|init_col_scr_1_address0       |  out|    6|   ap_memory|        init_col_scr_1|         array|
|init_col_scr_1_ce0            |  out|    1|   ap_memory|        init_col_scr_1|         array|
|init_col_scr_1_q0             |   in|   16|   ap_memory|        init_col_scr_1|         array|
|init_col_scr_1_address1       |  out|    6|   ap_memory|        init_col_scr_1|         array|
|init_col_scr_1_ce1            |  out|    1|   ap_memory|        init_col_scr_1|         array|
|init_col_scr_1_q1             |   in|   16|   ap_memory|        init_col_scr_1|         array|
|init_col_scr_2_address0       |  out|    6|   ap_memory|        init_col_scr_2|         array|
|init_col_scr_2_ce0            |  out|    1|   ap_memory|        init_col_scr_2|         array|
|init_col_scr_2_q0             |   in|   16|   ap_memory|        init_col_scr_2|         array|
|init_row_scr_address0         |  out|    8|   ap_memory|          init_row_scr|         array|
|init_row_scr_ce0              |  out|    1|   ap_memory|          init_row_scr|         array|
|init_row_scr_q0               |   in|   48|   ap_memory|          init_row_scr|         array|
|global_query_length           |   in|   32|     ap_none|   global_query_length|        scalar|
|reference_length              |   in|   32|     ap_none|      reference_length|        scalar|
|penalties_0_val               |   in|   16|     ap_none|       penalties_0_val|        scalar|
|penalties_1_val               |   in|   16|     ap_none|       penalties_1_val|        scalar|
|penalties_2_val               |   in|   16|     ap_none|       penalties_2_val|        scalar|
|penalties_3_val               |   in|   16|     ap_none|       penalties_3_val|        scalar|
|preserved_row_scr_0_address0  |  out|    8|   ap_memory|   preserved_row_scr_0|         array|
|preserved_row_scr_0_ce0       |  out|    1|   ap_memory|   preserved_row_scr_0|         array|
|preserved_row_scr_0_we0       |  out|    1|   ap_memory|   preserved_row_scr_0|         array|
|preserved_row_scr_0_d0        |  out|   16|   ap_memory|   preserved_row_scr_0|         array|
|preserved_row_scr_1_address0  |  out|    8|   ap_memory|   preserved_row_scr_1|         array|
|preserved_row_scr_1_ce0       |  out|    1|   ap_memory|   preserved_row_scr_1|         array|
|preserved_row_scr_1_we0       |  out|    1|   ap_memory|   preserved_row_scr_1|         array|
|preserved_row_scr_1_d0        |  out|   16|   ap_memory|   preserved_row_scr_1|         array|
|preserved_row_scr_2_address0  |  out|    8|   ap_memory|   preserved_row_scr_2|         array|
|preserved_row_scr_2_ce0       |  out|    1|   ap_memory|   preserved_row_scr_2|         array|
|preserved_row_scr_2_we0       |  out|    1|   ap_memory|   preserved_row_scr_2|         array|
|preserved_row_scr_2_d0        |  out|   16|   ap_memory|   preserved_row_scr_2|         array|
|p_read                        |   in|   16|     ap_none|                p_read|        scalar|
|p_read1                       |   in|   16|     ap_none|               p_read1|        scalar|
|p_read2                       |   in|   16|     ap_none|               p_read2|        scalar|
|p_read3                       |   in|   16|     ap_none|               p_read3|        scalar|
|p_read4                       |   in|   16|     ap_none|               p_read4|        scalar|
|p_read5                       |   in|   16|     ap_none|               p_read5|        scalar|
|p_read6                       |   in|   16|     ap_none|               p_read6|        scalar|
|p_read7                       |   in|   16|     ap_none|               p_read7|        scalar|
|p_read8                       |   in|   16|     ap_none|               p_read8|        scalar|
|p_read9                       |   in|   16|     ap_none|               p_read9|        scalar|
|p_read10                      |   in|   16|     ap_none|              p_read10|        scalar|
|p_read11                      |   in|   16|     ap_none|              p_read11|        scalar|
|p_read12                      |   in|   16|     ap_none|              p_read12|        scalar|
|p_read13                      |   in|   16|     ap_none|              p_read13|        scalar|
|p_read14                      |   in|   16|     ap_none|              p_read14|        scalar|
|p_read15                      |   in|   16|     ap_none|              p_read15|        scalar|
|p_read16                      |   in|   16|     ap_none|              p_read16|        scalar|
|p_read17                      |   in|   16|     ap_none|              p_read17|        scalar|
|p_read18                      |   in|   16|     ap_none|              p_read18|        scalar|
|p_read19                      |   in|   16|     ap_none|              p_read19|        scalar|
|p_read20                      |   in|   16|     ap_none|              p_read20|        scalar|
|p_read21                      |   in|   16|     ap_none|              p_read21|        scalar|
|p_read22                      |   in|   16|     ap_none|              p_read22|        scalar|
|p_read23                      |   in|   16|     ap_none|              p_read23|        scalar|
|p_read24                      |   in|   16|     ap_none|              p_read24|        scalar|
|p_read25                      |   in|   16|     ap_none|              p_read25|        scalar|
|p_read26                      |   in|   16|     ap_none|              p_read26|        scalar|
|p_read27                      |   in|   16|     ap_none|              p_read27|        scalar|
|p_read28                      |   in|   16|     ap_none|              p_read28|        scalar|
|p_read29                      |   in|   16|     ap_none|              p_read29|        scalar|
|p_read30                      |   in|   16|     ap_none|              p_read30|        scalar|
|p_read31                      |   in|   16|     ap_none|              p_read31|        scalar|
|p_read32                      |   in|   32|     ap_none|              p_read32|        scalar|
|p_read36                      |   in|   32|     ap_none|              p_read36|        scalar|
|p_read37                      |   in|   32|     ap_none|              p_read37|        scalar|
|p_read38                      |   in|   32|     ap_none|              p_read38|        scalar|
|p_read39                      |   in|   32|     ap_none|              p_read39|        scalar|
|p_read40                      |   in|   32|     ap_none|              p_read40|        scalar|
|p_read41                      |   in|   32|     ap_none|              p_read41|        scalar|
|p_read42                      |   in|   32|     ap_none|              p_read42|        scalar|
|p_read43                      |   in|   32|     ap_none|              p_read43|        scalar|
|p_read44                      |   in|   32|     ap_none|              p_read44|        scalar|
|p_read45                      |   in|   32|     ap_none|              p_read45|        scalar|
|p_read46                      |   in|   32|     ap_none|              p_read46|        scalar|
|p_read47                      |   in|   32|     ap_none|              p_read47|        scalar|
|p_read48                      |   in|   32|     ap_none|              p_read48|        scalar|
|p_read49                      |   in|   32|     ap_none|              p_read49|        scalar|
|p_read50                      |   in|   32|     ap_none|              p_read50|        scalar|
|p_read51                      |   in|   32|     ap_none|              p_read51|        scalar|
|p_read52                      |   in|   32|     ap_none|              p_read52|        scalar|
|p_read53                      |   in|   32|     ap_none|              p_read53|        scalar|
|p_read54                      |   in|   32|     ap_none|              p_read54|        scalar|
|p_read55                      |   in|   32|     ap_none|              p_read55|        scalar|
|p_read56                      |   in|   32|     ap_none|              p_read56|        scalar|
|p_read57                      |   in|   32|     ap_none|              p_read57|        scalar|
|p_read58                      |   in|   32|     ap_none|              p_read58|        scalar|
|p_read59                      |   in|   32|     ap_none|              p_read59|        scalar|
|p_read60                      |   in|   32|     ap_none|              p_read60|        scalar|
|p_read61                      |   in|   32|     ap_none|              p_read61|        scalar|
|p_read62                      |   in|   32|     ap_none|              p_read62|        scalar|
|p_read63                      |   in|   32|     ap_none|              p_read63|        scalar|
|p_read64                      |   in|   32|     ap_none|              p_read64|        scalar|
|p_read65                      |   in|   32|     ap_none|              p_read65|        scalar|
|p_read66                      |   in|   32|     ap_none|              p_read66|        scalar|
|p_read67                      |   in|   32|     ap_none|              p_read67|        scalar|
|p_read68                      |   in|   32|     ap_none|              p_read68|        scalar|
|p_read69                      |   in|   32|     ap_none|              p_read69|        scalar|
|p_read70                      |   in|   32|     ap_none|              p_read70|        scalar|
|p_read71                      |   in|   32|     ap_none|              p_read71|        scalar|
|p_read72                      |   in|   32|     ap_none|              p_read72|        scalar|
|p_read73                      |   in|   32|     ap_none|              p_read73|        scalar|
|p_read74                      |   in|   32|     ap_none|              p_read74|        scalar|
|p_read75                      |   in|   32|     ap_none|              p_read75|        scalar|
|p_read76                      |   in|   32|     ap_none|              p_read76|        scalar|
|p_read77                      |   in|   32|     ap_none|              p_read77|        scalar|
|p_read78                      |   in|   32|     ap_none|              p_read78|        scalar|
|p_read79                      |   in|   32|     ap_none|              p_read79|        scalar|
|p_read80                      |   in|   32|     ap_none|              p_read80|        scalar|
|p_read81                      |   in|   32|     ap_none|              p_read81|        scalar|
|p_read82                      |   in|   32|     ap_none|              p_read82|        scalar|
|p_read83                      |   in|   32|     ap_none|              p_read83|        scalar|
|p_read84                      |   in|   32|     ap_none|              p_read84|        scalar|
|p_read85                      |   in|   32|     ap_none|              p_read85|        scalar|
|p_read86                      |   in|   32|     ap_none|              p_read86|        scalar|
|p_read87                      |   in|   32|     ap_none|              p_read87|        scalar|
|p_read88                      |   in|   32|     ap_none|              p_read88|        scalar|
|p_read89                      |   in|   32|     ap_none|              p_read89|        scalar|
|p_read90                      |   in|   32|     ap_none|              p_read90|        scalar|
|p_read91                      |   in|   32|     ap_none|              p_read91|        scalar|
|p_read92                      |   in|   32|     ap_none|              p_read92|        scalar|
|p_read93                      |   in|   32|     ap_none|              p_read93|        scalar|
|p_read94                      |   in|   32|     ap_none|              p_read94|        scalar|
|p_read95                      |   in|   32|     ap_none|              p_read95|        scalar|
|p_read96                      |   in|   32|     ap_none|              p_read96|        scalar|
|p_read97                      |   in|   32|     ap_none|              p_read97|        scalar|
|p_read98                      |   in|   32|     ap_none|              p_read98|        scalar|
|chunk_tbp_out_0_address0      |  out|   11|   ap_memory|       chunk_tbp_out_0|         array|
|chunk_tbp_out_0_ce0           |  out|    1|   ap_memory|       chunk_tbp_out_0|         array|
|chunk_tbp_out_0_we0           |  out|    1|   ap_memory|       chunk_tbp_out_0|         array|
|chunk_tbp_out_0_d0            |  out|    3|   ap_memory|       chunk_tbp_out_0|         array|
|chunk_tbp_out_1_address0      |  out|   11|   ap_memory|       chunk_tbp_out_1|         array|
|chunk_tbp_out_1_ce0           |  out|    1|   ap_memory|       chunk_tbp_out_1|         array|
|chunk_tbp_out_1_we0           |  out|    1|   ap_memory|       chunk_tbp_out_1|         array|
|chunk_tbp_out_1_d0            |  out|    3|   ap_memory|       chunk_tbp_out_1|         array|
|chunk_tbp_out_2_address0      |  out|   11|   ap_memory|       chunk_tbp_out_2|         array|
|chunk_tbp_out_2_ce0           |  out|    1|   ap_memory|       chunk_tbp_out_2|         array|
|chunk_tbp_out_2_we0           |  out|    1|   ap_memory|       chunk_tbp_out_2|         array|
|chunk_tbp_out_2_d0            |  out|    3|   ap_memory|       chunk_tbp_out_2|         array|
|chunk_tbp_out_3_address0      |  out|   11|   ap_memory|       chunk_tbp_out_3|         array|
|chunk_tbp_out_3_ce0           |  out|    1|   ap_memory|       chunk_tbp_out_3|         array|
|chunk_tbp_out_3_we0           |  out|    1|   ap_memory|       chunk_tbp_out_3|         array|
|chunk_tbp_out_3_d0            |  out|    3|   ap_memory|       chunk_tbp_out_3|         array|
|chunk_tbp_out_4_address0      |  out|   11|   ap_memory|       chunk_tbp_out_4|         array|
|chunk_tbp_out_4_ce0           |  out|    1|   ap_memory|       chunk_tbp_out_4|         array|
|chunk_tbp_out_4_we0           |  out|    1|   ap_memory|       chunk_tbp_out_4|         array|
|chunk_tbp_out_4_d0            |  out|    3|   ap_memory|       chunk_tbp_out_4|         array|
|chunk_tbp_out_5_address0      |  out|   11|   ap_memory|       chunk_tbp_out_5|         array|
|chunk_tbp_out_5_ce0           |  out|    1|   ap_memory|       chunk_tbp_out_5|         array|
|chunk_tbp_out_5_we0           |  out|    1|   ap_memory|       chunk_tbp_out_5|         array|
|chunk_tbp_out_5_d0            |  out|    3|   ap_memory|       chunk_tbp_out_5|         array|
|chunk_tbp_out_6_address0      |  out|   11|   ap_memory|       chunk_tbp_out_6|         array|
|chunk_tbp_out_6_ce0           |  out|    1|   ap_memory|       chunk_tbp_out_6|         array|
|chunk_tbp_out_6_we0           |  out|    1|   ap_memory|       chunk_tbp_out_6|         array|
|chunk_tbp_out_6_d0            |  out|    3|   ap_memory|       chunk_tbp_out_6|         array|
|chunk_tbp_out_7_address0      |  out|   11|   ap_memory|       chunk_tbp_out_7|         array|
|chunk_tbp_out_7_ce0           |  out|    1|   ap_memory|       chunk_tbp_out_7|         array|
|chunk_tbp_out_7_we0           |  out|    1|   ap_memory|       chunk_tbp_out_7|         array|
|chunk_tbp_out_7_d0            |  out|    3|   ap_memory|       chunk_tbp_out_7|         array|
|chunk_tbp_out_8_address0      |  out|   11|   ap_memory|       chunk_tbp_out_8|         array|
|chunk_tbp_out_8_ce0           |  out|    1|   ap_memory|       chunk_tbp_out_8|         array|
|chunk_tbp_out_8_we0           |  out|    1|   ap_memory|       chunk_tbp_out_8|         array|
|chunk_tbp_out_8_d0            |  out|    3|   ap_memory|       chunk_tbp_out_8|         array|
|chunk_tbp_out_9_address0      |  out|   11|   ap_memory|       chunk_tbp_out_9|         array|
|chunk_tbp_out_9_ce0           |  out|    1|   ap_memory|       chunk_tbp_out_9|         array|
|chunk_tbp_out_9_we0           |  out|    1|   ap_memory|       chunk_tbp_out_9|         array|
|chunk_tbp_out_9_d0            |  out|    3|   ap_memory|       chunk_tbp_out_9|         array|
|chunk_tbp_out_10_address0     |  out|   11|   ap_memory|      chunk_tbp_out_10|         array|
|chunk_tbp_out_10_ce0          |  out|    1|   ap_memory|      chunk_tbp_out_10|         array|
|chunk_tbp_out_10_we0          |  out|    1|   ap_memory|      chunk_tbp_out_10|         array|
|chunk_tbp_out_10_d0           |  out|    3|   ap_memory|      chunk_tbp_out_10|         array|
|chunk_tbp_out_11_address0     |  out|   11|   ap_memory|      chunk_tbp_out_11|         array|
|chunk_tbp_out_11_ce0          |  out|    1|   ap_memory|      chunk_tbp_out_11|         array|
|chunk_tbp_out_11_we0          |  out|    1|   ap_memory|      chunk_tbp_out_11|         array|
|chunk_tbp_out_11_d0           |  out|    3|   ap_memory|      chunk_tbp_out_11|         array|
|chunk_tbp_out_12_address0     |  out|   11|   ap_memory|      chunk_tbp_out_12|         array|
|chunk_tbp_out_12_ce0          |  out|    1|   ap_memory|      chunk_tbp_out_12|         array|
|chunk_tbp_out_12_we0          |  out|    1|   ap_memory|      chunk_tbp_out_12|         array|
|chunk_tbp_out_12_d0           |  out|    3|   ap_memory|      chunk_tbp_out_12|         array|
|chunk_tbp_out_13_address0     |  out|   11|   ap_memory|      chunk_tbp_out_13|         array|
|chunk_tbp_out_13_ce0          |  out|    1|   ap_memory|      chunk_tbp_out_13|         array|
|chunk_tbp_out_13_we0          |  out|    1|   ap_memory|      chunk_tbp_out_13|         array|
|chunk_tbp_out_13_d0           |  out|    3|   ap_memory|      chunk_tbp_out_13|         array|
|chunk_tbp_out_14_address0     |  out|   11|   ap_memory|      chunk_tbp_out_14|         array|
|chunk_tbp_out_14_ce0          |  out|    1|   ap_memory|      chunk_tbp_out_14|         array|
|chunk_tbp_out_14_we0          |  out|    1|   ap_memory|      chunk_tbp_out_14|         array|
|chunk_tbp_out_14_d0           |  out|    3|   ap_memory|      chunk_tbp_out_14|         array|
|chunk_tbp_out_15_address0     |  out|   11|   ap_memory|      chunk_tbp_out_15|         array|
|chunk_tbp_out_15_ce0          |  out|    1|   ap_memory|      chunk_tbp_out_15|         array|
|chunk_tbp_out_15_we0          |  out|    1|   ap_memory|      chunk_tbp_out_15|         array|
|chunk_tbp_out_15_d0           |  out|    3|   ap_memory|      chunk_tbp_out_15|         array|
|chunk_tbp_out_16_address0     |  out|   11|   ap_memory|      chunk_tbp_out_16|         array|
|chunk_tbp_out_16_ce0          |  out|    1|   ap_memory|      chunk_tbp_out_16|         array|
|chunk_tbp_out_16_we0          |  out|    1|   ap_memory|      chunk_tbp_out_16|         array|
|chunk_tbp_out_16_d0           |  out|    3|   ap_memory|      chunk_tbp_out_16|         array|
|chunk_tbp_out_17_address0     |  out|   11|   ap_memory|      chunk_tbp_out_17|         array|
|chunk_tbp_out_17_ce0          |  out|    1|   ap_memory|      chunk_tbp_out_17|         array|
|chunk_tbp_out_17_we0          |  out|    1|   ap_memory|      chunk_tbp_out_17|         array|
|chunk_tbp_out_17_d0           |  out|    3|   ap_memory|      chunk_tbp_out_17|         array|
|chunk_tbp_out_18_address0     |  out|   11|   ap_memory|      chunk_tbp_out_18|         array|
|chunk_tbp_out_18_ce0          |  out|    1|   ap_memory|      chunk_tbp_out_18|         array|
|chunk_tbp_out_18_we0          |  out|    1|   ap_memory|      chunk_tbp_out_18|         array|
|chunk_tbp_out_18_d0           |  out|    3|   ap_memory|      chunk_tbp_out_18|         array|
|chunk_tbp_out_19_address0     |  out|   11|   ap_memory|      chunk_tbp_out_19|         array|
|chunk_tbp_out_19_ce0          |  out|    1|   ap_memory|      chunk_tbp_out_19|         array|
|chunk_tbp_out_19_we0          |  out|    1|   ap_memory|      chunk_tbp_out_19|         array|
|chunk_tbp_out_19_d0           |  out|    3|   ap_memory|      chunk_tbp_out_19|         array|
|chunk_tbp_out_20_address0     |  out|   11|   ap_memory|      chunk_tbp_out_20|         array|
|chunk_tbp_out_20_ce0          |  out|    1|   ap_memory|      chunk_tbp_out_20|         array|
|chunk_tbp_out_20_we0          |  out|    1|   ap_memory|      chunk_tbp_out_20|         array|
|chunk_tbp_out_20_d0           |  out|    3|   ap_memory|      chunk_tbp_out_20|         array|
|chunk_tbp_out_21_address0     |  out|   11|   ap_memory|      chunk_tbp_out_21|         array|
|chunk_tbp_out_21_ce0          |  out|    1|   ap_memory|      chunk_tbp_out_21|         array|
|chunk_tbp_out_21_we0          |  out|    1|   ap_memory|      chunk_tbp_out_21|         array|
|chunk_tbp_out_21_d0           |  out|    3|   ap_memory|      chunk_tbp_out_21|         array|
|chunk_tbp_out_22_address0     |  out|   11|   ap_memory|      chunk_tbp_out_22|         array|
|chunk_tbp_out_22_ce0          |  out|    1|   ap_memory|      chunk_tbp_out_22|         array|
|chunk_tbp_out_22_we0          |  out|    1|   ap_memory|      chunk_tbp_out_22|         array|
|chunk_tbp_out_22_d0           |  out|    3|   ap_memory|      chunk_tbp_out_22|         array|
|chunk_tbp_out_23_address0     |  out|   11|   ap_memory|      chunk_tbp_out_23|         array|
|chunk_tbp_out_23_ce0          |  out|    1|   ap_memory|      chunk_tbp_out_23|         array|
|chunk_tbp_out_23_we0          |  out|    1|   ap_memory|      chunk_tbp_out_23|         array|
|chunk_tbp_out_23_d0           |  out|    3|   ap_memory|      chunk_tbp_out_23|         array|
|chunk_tbp_out_24_address0     |  out|   11|   ap_memory|      chunk_tbp_out_24|         array|
|chunk_tbp_out_24_ce0          |  out|    1|   ap_memory|      chunk_tbp_out_24|         array|
|chunk_tbp_out_24_we0          |  out|    1|   ap_memory|      chunk_tbp_out_24|         array|
|chunk_tbp_out_24_d0           |  out|    3|   ap_memory|      chunk_tbp_out_24|         array|
|chunk_tbp_out_25_address0     |  out|   11|   ap_memory|      chunk_tbp_out_25|         array|
|chunk_tbp_out_25_ce0          |  out|    1|   ap_memory|      chunk_tbp_out_25|         array|
|chunk_tbp_out_25_we0          |  out|    1|   ap_memory|      chunk_tbp_out_25|         array|
|chunk_tbp_out_25_d0           |  out|    3|   ap_memory|      chunk_tbp_out_25|         array|
|chunk_tbp_out_26_address0     |  out|   11|   ap_memory|      chunk_tbp_out_26|         array|
|chunk_tbp_out_26_ce0          |  out|    1|   ap_memory|      chunk_tbp_out_26|         array|
|chunk_tbp_out_26_we0          |  out|    1|   ap_memory|      chunk_tbp_out_26|         array|
|chunk_tbp_out_26_d0           |  out|    3|   ap_memory|      chunk_tbp_out_26|         array|
|chunk_tbp_out_27_address0     |  out|   11|   ap_memory|      chunk_tbp_out_27|         array|
|chunk_tbp_out_27_ce0          |  out|    1|   ap_memory|      chunk_tbp_out_27|         array|
|chunk_tbp_out_27_we0          |  out|    1|   ap_memory|      chunk_tbp_out_27|         array|
|chunk_tbp_out_27_d0           |  out|    3|   ap_memory|      chunk_tbp_out_27|         array|
|chunk_tbp_out_28_address0     |  out|   11|   ap_memory|      chunk_tbp_out_28|         array|
|chunk_tbp_out_28_ce0          |  out|    1|   ap_memory|      chunk_tbp_out_28|         array|
|chunk_tbp_out_28_we0          |  out|    1|   ap_memory|      chunk_tbp_out_28|         array|
|chunk_tbp_out_28_d0           |  out|    3|   ap_memory|      chunk_tbp_out_28|         array|
|chunk_tbp_out_29_address0     |  out|   11|   ap_memory|      chunk_tbp_out_29|         array|
|chunk_tbp_out_29_ce0          |  out|    1|   ap_memory|      chunk_tbp_out_29|         array|
|chunk_tbp_out_29_we0          |  out|    1|   ap_memory|      chunk_tbp_out_29|         array|
|chunk_tbp_out_29_d0           |  out|    3|   ap_memory|      chunk_tbp_out_29|         array|
|chunk_tbp_out_30_address0     |  out|   11|   ap_memory|      chunk_tbp_out_30|         array|
|chunk_tbp_out_30_ce0          |  out|    1|   ap_memory|      chunk_tbp_out_30|         array|
|chunk_tbp_out_30_we0          |  out|    1|   ap_memory|      chunk_tbp_out_30|         array|
|chunk_tbp_out_30_d0           |  out|    3|   ap_memory|      chunk_tbp_out_30|         array|
|chunk_tbp_out_31_address0     |  out|   11|   ap_memory|      chunk_tbp_out_31|         array|
|chunk_tbp_out_31_ce0          |  out|    1|   ap_memory|      chunk_tbp_out_31|         array|
|chunk_tbp_out_31_we0          |  out|    1|   ap_memory|      chunk_tbp_out_31|         array|
|chunk_tbp_out_31_d0           |  out|    3|   ap_memory|      chunk_tbp_out_31|         array|
|idx                           |   in|    8|     ap_none|                   idx|        scalar|
+------------------------------+-----+-----+------------+----------------------+--------------+

