================================================================
== Design Size Report
================================================================

* Instructions per Function for each Compilation Phase
+---------------------------------------+---------------------------+-----------------+-------------------+----------------------+------------------+
| Function                              | Location                  | Compile/Link    | Unroll/Inline     | Performance/Pipeline | Optimizations    |
+---------------------------------------+---------------------------+-----------------+-------------------+----------------------+------------------+
| + seq_align_multiple_static           | seq_align_multiple.cpp:27 | 6,228           | 41,219            | 15,964               | 15,535           |
|  + AlignStatic                        | align.cpp:515             | 6,198           | 41,195            | 15,844               | 15,379           |
|   + InitializeScores                  | frontend.cpp:90           | 1,661           | 17,837            |  5,203               |  5,209           |
|      ArrSet<hls::vector<ap_fixed<...  | utils.h:103               |   160 (4 calls) | 17,432 (4 calls)  |  5,160 (4 calls)     |  5,160 (4 calls) |
|      Linspace<hls::vector<ap_fixe...  | utils.h:125               |   247           |     53            |                      |                  |
|      Linspace<ap_fixed<16, 11, AP...  | utils.h:114               |   247           |     53            |                      |                  |
|      size                             | initializer_list:71       |                 |      8 (4 calls)  |                      |                  |
|      begin                            | initializer_list:75       |                 |     12 (12 calls) |                      |                  |
|     ScorePack                         | params.h:384              |    66           |      9            |                      |                  |
|     InitializeMaxScores               | frontend.cpp:131          |    90           |    324            |    161               |    161           |
|     PrepareLocalQuery                 | align.cpp:492             |    46           |    355            |    384               |    352           |
|     CopyColScore                      | align.cpp:479             |    22           |    463            |    489               |    489           |
|   + ChunkCompute                      | align.cpp:297             | 3,036           | 21,762            |  8,314               |  8,354           |
|      ArrSet<bool, 32>                 | utils.h:92                |    13           |     68            |                      |                  |
|      ArrSet<int, 32>                  | utils.h:92                |    13           |     68            |                      |                  |
|    + ShiftPredicate                   | align.cpp:230             |    48           |    270            |                      |                  |
|       ShiftRight<bool, 32>            | utils.h:37                |    38 (2 calls) |    260 (2 calls)  |                      |                  |
|    + ShiftReferece                    | align.cpp:242             |    71           |    277            |                      |                  |
|       ShiftRight<ap_uint<2>, 32>      | utils.h:37                |    40 (2 calls) |    262 (2 calls)  |                      |                  |
|    + UpdateDPMem                      | align.cpp:707             |    58           |    849            |                      |                  |
|       UpdateDPMemShift                | align.cpp:712             |    26           |    796            |                      |                  |
|       UpdateDPMemSet                  | align.cpp:720             |    29           |     50            |                      |                  |
|    + PEUnroll                         | pe.cpp:291                | 2,534           | 18,143            |                      |                  |
|       Compute                         | frontend.cpp:5            | 2,482           | 16,832 (32 calls) |                      |                  |
|      PreserveRowScore                 | align.cpp:448             |     7           |     16            |                      |                  |
|      UpdatePEMaximum                  | frontend.cpp:105          |    92           |  1,381            |    546               |    546           |
|      ArrangeTBPArr                    | align.cpp:422             |    26           |    356            |                      |                  |
|      UpdatePEOffset                   | align.cpp:438             |    19           |    228            |                      |                  |
|   + swap<hls::vector<ap_fixed<16...   | move.h:205                |    30           |     54            |                      |                  |
|    + swap<hls::vector<ap_fixed<16...  | move.h:182                |    18           |     44            |                      |                  |
|       move<hls::vector<ap_fixed<16... | move.h:99                 |     3 (3 calls) |      3 (3 calls)  |                      |                  |
|     ReductionMaxScores                | align.cpp:460             |    57           |     47            |                      |                  |
|   + Traceback                         | traceback.cpp:12          |   866           |    162            |    201               |    221           |
|      StateInit                        | frontend.cpp:207          |   301           |     22            |                      |                  |
|      StateToPath                      | frontend.cpp:230          |    83           |     19            |                      |                  |
|      StateMapping                     | frontend.cpp:144          |   381           |     62            |                      |                  |
+---------------------------------------+---------------------------+-----------------+-------------------+----------------------+------------------+

* Description of Compilation Phases
+----------------------+------------------------------------------------------------+
| Compilation Phase    | Description                                                |
+----------------------+------------------------------------------------------------+
| Compile/Link         | All functions are compiled and linked into a single design |
| Unroll/Inline        | After user unroll and inline pragmas are applied           |
| Performance/Pipeline | After performance and pipeline pragmas are applied         |
| Optimizations        | After high level synthesis optimizations                   |
+----------------------+------------------------------------------------------------+

* Design Size Message Settings
+---------------------------------------------+--------+------------------------------------------------------------------+
| Message Setting                             | Value  | Description                                                      |
+---------------------------------------------+--------+------------------------------------------------------------------+
| config_compile -design_size_maximum_warning | 100000 | Show a warning when total design instructions exceeds this value |
+---------------------------------------------+--------+------------------------------------------------------------------+


