#	score	# matches	# mismatches	# indels
>q0	19787	9966	15	65
#	score	# matches	# mismatches	# indels
>q1	18458	9689	165	384
#	score	# matches	# mismatches	# indels
>q2	19420	9887	50	152
#	score	# matches	# mismatches	# indels
>q3	15622	8995	682	931
#	score	# matches	# mismatches	# indels
>q4	17387	9446	326	616
#	score	# matches	# mismatches	# indels
>q5	19495	9905	46	136
#	score	# matches	# mismatches	# indels
>q6	19730	9950	20	75
#	score	# matches	# mismatches	# indels
>q7	18626	9723	140	347
#	score	# matches	# mismatches	# indels
>q8	19747	9955	18	73
#	score	# matches	# mismatches	# indels
>q9	19750	9956	18	72
#	score	# matches	# mismatches	# indels
>q10	19226	9851	79	200
#	score	# matches	# mismatches	# indels
>q11	19124	9820	89	215
#	score	# matches	# mismatches	# indels
>q12	19102	9817	84	227
#	score	# matches	# mismatches	# indels
>q13	19698	9938	31	74
#	score	# matches	# mismatches	# indels
>q14	19706	9944	22	80
#	score	# matches	# mismatches	# indels
>q15	19694	9937	36	72
#	score	# matches	# mismatches	# indels
>q16	19741	9952	23	70
#	score	# matches	# mismatches	# indels
>q17	19181	9844	73	218
#	score	# matches	# mismatches	# indels
>q18	18194	9618	233	422
#	score	# matches	# mismatches	# indels
>q19	19197	9843	74	210
#	score	# matches	# mismatches	# indels
>q20	19149	9825	94	205
#	score	# matches	# mismatches	# indels
>q21	17197	9401	362	649
#	score	# matches	# mismatches	# indels
>q22	17785	9533	265	533
#	score	# matches	# mismatches	# indels
>q23	18183	9604	249	404
#	score	# matches	# mismatches	# indels
>q24	18624	9725	135	351
#	score	# matches	# mismatches	# indels
>q25	17090	9390	351	700
#	score	# matches	# mismatches	# indels
>q26	18933	9782	126	256
#	score	# matches	# mismatches	# indels
>q27	19425	9885	56	146
#	score	# matches	# mismatches	# indels
>q28	17555	9509	292	614
#	score	# matches	# mismatches	# indels
>q29	16238	9164	565	833
#	score	# matches	# mismatches	# indels
>q30	16805	9304	443	715
#	score	# matches	# mismatches	# indels
>q31	16172	9163	489	891
#	score	# matches	# mismatches	# indels
>q32	18639	9720	142	337
#	score	# matches	# mismatches	# indels
>q33	19213	9843	93	192
#	score	# matches	# mismatches	# indels
>q34	18481	9701	158	386
#	score	# matches	# mismatches	# indels
>q35	18416	9673	187	391
#	score	# matches	# mismatches	# indels
>q36	17945	9558	264	484
#	score	# matches	# mismatches	# indels
>q37	16689	9283	443	762
#	score	# matches	# mismatches	# indels
>q38	19180	9836	90	204
#	score	# matches	# mismatches	# indels
>q39	19429	9890	46	153
#	score	# matches	# mismatches	# indels
>q40	19439	9892	53	146
#	score	# matches	# mismatches	# indels
>q41	17424	9452	343	597
#	score	# matches	# mismatches	# indels
>q42	17509	9484	286	615
#	score	# matches	# mismatches	# indels
>q43	19505	9909	41	137
#	score	# matches	# mismatches	# indels
>q44	18936	9788	113	269
#	score	# matches	# mismatches	# indels
>q45	19725	9948	23	74
#	score	# matches	# mismatches	# indels
>q46	18910	9784	100	283
#	score	# matches	# mismatches	# indels
>q47	19457	9894	55	139
#	score	# matches	# mismatches	# indels
>q48	18358	9640	215	372
#	score	# matches	# mismatches	# indels
>q49	19723	9948	23	75
#	score	# matches	# mismatches	# indels
>q50	19742	9953	20	72
#	score	# matches	# mismatches	# indels
>q51	19734	9950	24	71
#	score	# matches	# mismatches	# indels
>q52	18713	9750	125	336
#	score	# matches	# mismatches	# indels
>q53	18267	9630	207	401
#	score	# matches	# mismatches	# indels
>q54	18852	9766	122	284
#	score	# matches	# mismatches	# indels
>q55	19162	9833	77	216
#	score	# matches	# mismatches	# indels
>q56	18885	9775	112	283
#	score	# matches	# mismatches	# indels
>q57	18561	9702	149	356
#	score	# matches	# mismatches	# indels
>q58	19705	9944	17	83
#	score	# matches	# mismatches	# indels
>q59	19701	9941	29	76
#	score	# matches	# mismatches	# indels
>q60	18633	9714	162	321
#	score	# matches	# mismatches	# indels
>q61	19428	9887	51	148
#	score	# matches	# mismatches	# indels
>q62	18718	9739	137	320
#	score	# matches	# mismatches	# indels
>q63	18969	9795	127	251
#   score	# matches	# mismatches	# indels
>q64	17716	9545	256	585
#	score	# matches	# mismatches	# indels
>q65	19474	9904	38	149
#	score	# matches	# mismatches	# indels
>q66	18135	9604	230	443
#	score	# matches	# mismatches	# indels
>q67	19447	9896	39  154
#	score	# matches	# mismatches	# indels
>q68	19709	9945	21	80
#	score	# matches	# mismatches	# indels
>q69	19726	9950	17	79
#	score	# matches	# mismatches	# indels
>q70	17772	9519	308	512
#	score	# matches	# mismatches	# indels
>q71	19701	9942	25	79
#	score	# matches	# mismatches	# indels
>q72	18926	9796	90	290
#	score	# matches	# mismatches	# indels
>q73	19743	9953	20	72
#	score	# matches	# mismatches	# indels
>q74	18693	9741	137	332
#	score	# matches	# mismatches	# indels
>q75	15776	9078	584	966
#	score	# matches	# mismatches	# indels
>q76	19242	9862	56	216
#	score	# matches	# mismatches	# indels
>q77	18935	9797	90	288
#	score	# matches	# mismatches	# indels
>q78	18937	9795	102	276
#	score	# matches	# mismatches	# indels
>q79	16324	9200	497	850
#	score	# matches	# mismatches	# indels
>q80	19149	9833	75	223
#	score	# matches	# mismatches	# indels
>q81	18341	9659	171	414
#	score	# matches	# mismatches	# indels
>q82	19442	9890	55	142
#	score	# matches	# mismatches	# indels
>q83	18923	9792	94	288
#	score	# matches	# mismatches	# indels
>q84	18427	9678	169	386
#	score	# matches	# mismatches	# indels
>q85	19436	9888	55	144
#	score	# matches	# mismatches	# indels
>q86	17843	9542	292	494
#	score	# matches	# mismatches	# indels
>q87	18418	9666	186	390
#	score	# matches	# mismatches	# indels
>q88	19649	9927	30	88
#	score	# matches	# mismatches	# indels
>q89	19753	9955	21	68
#	score	# matches	# mismatches	# indels
>q90	17423	9468	308	633
#	score	# matches	# mismatches	# indels
>q91	18630	9717	148	333
#	score	# matches	# mismatches	# indels
>q92	19743	9953	23	70
#	score	# matches	# mismatches	# indels
>q93	19776	9963	14	68
#	score	# matches	# mismatches	# indels
>q94	19450	9893	50	144
#	score	# matches	# mismatches	# indels
>q95	18392	9667	197	379
#	score	# matches	# mismatches	# indels
>q96	19717	9945	26	74
#	score	# matches	# mismatches	# indels
>q97	19730	9946	30	66
#	score	# matches	# mismatches	# indels
>q98	19726	9948	24	73
#	score	# matches	# mismatches	# indels
>q99	18310	9657	177	423
#	score	# matches	# mismatches	# indels
>q100	18873	9770	122	277
#	score	# matches	# mismatches	# indels
>q101	18948	9792	109	269
#	score	# matches	# mismatches	# indels
>q102	19245	9858	61	206
#	score	# matches	# mismatches	# indels
>q103	16570	9264	448	809
#	score	# matches	# mismatches	# indels
>q104	18991	9805	111	256
#	score	# matches	# mismatches	# indels
>q105	19156	9830	87	211
#	score	# matches	# mismatches	# indels
>q106	18639	9726	140	342
#	score	# matches	# mismatches	# indels
>q107	18831	9762	110	297
#	score	# matches	# mismatches	# indels
>q108	17617	9499	289	572
#	score	# matches	# mismatches	# indels
>q109	18343	9638	227	369
#	score	# matches	# mismatches	# indels
>q110	19232	9854	72	205
#	score	# matches	# mismatches	# indels
>q111	17487	9475	303	613
#	score	# matches	# mismatches	# indels
>q112	19724	9949	16	79
#	score	# matches	# mismatches	# indels
>q113	19038	9820	83	264
#	score	# matches	# mismatches	# indels
>q114	18357	9663	165	411
#	score	# matches	# mismatches	# indels
>q115	18178	9624	216	453
#	score	# matches	# mismatches	# indels
>q116	18783	9761	129	312
#	score	# matches	# mismatches	# indels
>q117	19161	9835	78	218
#	score	# matches	# mismatches	# indels
>q118	19199	9843	80	206
#	score	# matches	# mismatches	# indels
>q119	17452	9477	308	629
#	score	# matches	# mismatches	# indels
>q120	18152	9611	221	446
#	score	# matches	# mismatches	# indels
>q121	19439	9891	56	144
#	score	# matches	# mismatches	# indels
>q122	18529	9693	152	361
#	score	# matches	# mismatches	# indels
>q123	19711	9943	29	73
#	score	# matches	# mismatches	# indels
>q124	18637	9726	149	336
#	score	# matches	# mismatches	# indels
>q125	19113	9821	90	221
#	score	# matches	# mismatches	# indels
>q126	18842	9772	98	307
#	score	# matches	# mismatches	# indels
>q127	19130	9829	75	230
#	score	# matches	# mismatches	# indels
>q128	18745	9759	121	330
#	score	# matches	# mismatches	# indels
>q129	19675	9935	27	84
#	score	# matches	# mismatches	# indels
>q130	19119	9824	74	229
#	score	# matches	# mismatches	# indels
>q131	19707	9943	25	78
#	score	# matches	# mismatches	# indels
>q132	19721	9946	24	74
#	score	# matches	# mismatches	# indels
>q133	18961	9805	79	290
#	score	# matches	# mismatches	# indels
>q134	19182	9845	68	222
#	score	# matches	# mismatches	# indels
>q135	18425	9681	172	389
#	score	# matches	# mismatches	# indels
>q136	19140	9825	84	216
#	score	# matches	# mismatches	# indels
>q137	19759	9959	15	72
#	score	# matches	# mismatches	# indels
>q138	18362	9657	188	403
#	score	# matches	# mismatches	# indels
>q139	19099	9814	98	217
#	score	# matches	# mismatches	# indels
>q140	18935	9794	97	280
#	score	# matches	# mismatches	# indels
>q141	19421	9886	48	153
#	score	# matches	# mismatches	# indels
>q142	18102	9592	238	443
#	score	# matches	# mismatches	# indels
>q143	18923	9784	107	274
#	score	# matches	# mismatches	# indels
>q144	18597	9714	142	354
#	score	# matches	# mismatches	# indels
>q145	19723	9946	31	69
#	score	# matches	# mismatches	# indels
>q146	17413	9452	329	609
#	score	# matches	# mismatches	# indels
>q147	19452	9894	48	145
#	score	# matches	# mismatches	# indels
>q148	17639	9481	285	538
#	score	# matches	# mismatches	# indels
>q149	18890	9776	116	275
#	score	# matches	# mismatches	# indels
>q150	19467	9899	49	142
#	score	# matches	# mismatches	# indels
>q151	19719	9946	24	75
#	score	# matches	# mismatches	# indels
>q152	19149	9831	81	216
#	score	# matches	# mismatches	# indels
>q153	17268	9418	360	641
#	score	# matches	# mismatches	# indels
>q154	18296	9655	208	418
#	score	# matches	# mismatches	# indels
>q155	19708	9941	30	72
#	score	# matches	# mismatches	# indels
>q156	19713	9944	27	74
#	score	# matches	# mismatches	# indels
>q157	19444	9894	49	148
#	score	# matches	# mismatches	# indels
>q158	18598	9710	148	343
#	score	# matches	# mismatches	# indels
>q159	19415	9887	46	157
#	score	# matches	# mismatches	# indels
>q160	19350	9865	59	162
#	score	# matches	# mismatches	# indels
>q161	19234	9856	67	208
#	score	# matches	# mismatches	# indels
>q162	19485	9905	46	140
#	score	# matches	# mismatches	# indels
>q163	19432	9891	45	153
#	score	# matches	# mismatches	# indels
>q164	19280	9868	69	194
#	score	# matches	# mismatches	# indels
>q165	19711	9945	23	78
#	score	# matches	# mismatches	# indels
>q166	17767	9550	261	559
#	score	# matches	# mismatches	# indels
>q167	17139	9393	343	690
#	score	# matches	# mismatches	# indels
>q168	18285	9634	190	406
#	score	# matches	# mismatches	# indels
>q169	19736	9951	19	75
#	score	# matches	# mismatches	# indels
>q170	18592	9709	146	347
#	score	# matches	# mismatches	# indels
>q171	19774	9963	14	69
#	score	# matches	# mismatches	# indels
>q172	18211	9625	210	444
#	score	# matches	# mismatches	# indels
>q173	18282	9644	196	412
#	score	# matches	# mismatches	# indels
>q174	19738	9952	22	72
#	score	# matches	# mismatches	# indels
>q175	19707	9945	19	82
#	score	# matches	# mismatches	# indels
>q176	16877	9332	427	722
#	score	# matches	# mismatches	# indels
>q177	19743	9953	21	71
#	score	# matches	# mismatches	# indels
>q178	18551	9717	149	375
#	score	# matches	# mismatches	# indels
>q179	19483	9902	52	135
#	score	# matches	# mismatches	# indels
>q180	19708	9943	28	75
#	score	# matches	# mismatches	# indels
>q181	19248	9854	81	195
#	score	# matches	# mismatches	# indels
>q182	19203	9840	83	201
#	score	# matches	# mismatches	# indels
>q183	19747	9954	23	69
#	score	# matches	# mismatches	# indels
>q184	18941	9792	109	270
#	score	# matches	# mismatches	# indels
>q185	19716	9944	29	72
#	score	# matches	# mismatches	# indels
>q186	19172	9839	69	219
#	score	# matches	# mismatches	# indels
>q187	17576	9489	285	584
#	score	# matches	# mismatches	# indels
>q188	19435	9889	57	144
#	score	# matches	# mismatches	# indels
>q189	19706	9943	24	78
#	score	# matches	# mismatches	# indels
>q190	19188	9843	73	214
#	score	# matches	# mismatches	# indels
>q191	18349	9656	183	397
#	score	# matches	# mismatches	# indels
>q192	18181	9614	255	414
#	score	# matches	# mismatches	# indels
>q193	19436	9889	59	142
#	score	# matches	# mismatches	# indels
>q194	18460	9693	163	388
#	score	# matches	# mismatches	# indels
>q195	19443	9891	52	145
#	score	# matches	# mismatches	# indels
>q196	19438	9892	43	153
#	score	# matches	# mismatches	# indels
>q197	15385	8948	693	1007
#	score	# matches	# mismatches	# indels
>q198	18331	9646	197	407
#	score	# matches	# mismatches	# indels
>q199	17966	9555	271	458
#	score	# matches	# mismatches	# indels
>q200	17241	9411	366	633
#	score	# matches	# mismatches	# indels
>q201	18950	9796	98	274
#	score	# matches	# mismatches	# indels
>q202	18276	9632	193	419
#	score	# matches	# mismatches	# indels
>q203	18071	9590	233	467
#	score	# matches	# mismatches	# indels
>q204	19236	9857	68	206
#	score	# matches	# mismatches	# indels
>q205	18812	9780	112	325
#	score	# matches	# mismatches	# indels
>q206	19731	9947	31	66
#	score	# matches	# mismatches	# indels
>q207	19766	9959	20	66
#	score	# matches	# mismatches	# indels
>q208	19365	9869	63	156
#	score	# matches	# mismatches	# indels
>q209	18678	9736	143	329
#	score	# matches	# mismatches	# indels
>q210	16048	9128	584	872
#	score	# matches	# mismatches	# indels
>q211	19431	9891	44	156
#	score	# matches	# mismatches	# indels
>q212	19701	9943	20	83
#	score	# matches	# mismatches	# indels
>q213	17685	9488	301	523
#	score	# matches	# mismatches	# indels
>q214	18946	9788	105	267
#	score	# matches	# mismatches	# indels
>q215	19431	9886	63	140
#	score	# matches	# mismatches	# indels
>q216	17644	9521	267	591
#	score	# matches	# mismatches	# indels
>q217	19105	9818	81	228
#	score	# matches	# mismatches	# indels
>q218	18896	9773	129	267
#	score	# matches	# mismatches	# indels
>q219	18986	9798	111	254
#	score	# matches	# mismatches	# indels
>q220	19140	9821	98	205
#	score	# matches	# mismatches	# indels
>q221	19388	9877	51	158
#	score	# matches	# mismatches	# indels
>q222	18666	9735	139	337
#	score	# matches	# mismatches	# indels
>q223	19439	9890	51	146
#	score	# matches	# mismatches	# indels
>q224	18926	9790	97	282
#	score	# matches	# mismatches	# indels
>q225	19730	9950	22	74
#	score	# matches	# mismatches	# indels
>q226	19730	9950	22	74
#	score	# matches	# mismatches	# indels
>q227	18605	9713	150	344
#	score	# matches	# mismatches	# indels
>q228	19461	9899	44	147
#	score	# matches	# mismatches	# indels
>q229	17769	9516	284	510
#	score	# matches	# mismatches	# indels
>q230	18701	9750	118	345
#	score	# matches	# mismatches	# indels
>q231	19409	9880	63	144
#	score	# matches	# mismatches	# indels
>q232	18264	9635	181	424
#	score	# matches	# mismatches	# indels
>q233	19407	9883	54	153
#	score	# matches	# mismatches	# indels
>q234	18413	9682	171	395
#	score	# matches	# mismatches	# indels
>q235	19091	9813	89	225
#	score	# matches	# mismatches	# indels
>q236	19128	9823	90	216
#	score	# matches	# mismatches	# indels
>q237	19431	9888	53	148
#	score	# matches	# mismatches	# indels
>q238	19680	9936	27	83
#	score	# matches	# mismatches	# indels
>q239	19745	9954	21	71
#	score	# matches	# mismatches	# indels
>q240	19464	9894	59	134
#	score	# matches	# mismatches	# indels
>q241	18718	9755	118	343
#	score	# matches	# mismatches	# indels
>q242	18249	9635	218	421
#	score	# matches	# mismatches	# indels
>q243	19394	9876	61	150
#	score	# matches	# mismatches	# indels
>q244	19378	9876	51	162
#	score	# matches	# mismatches	# indels
>q245	17522	9467	317	572
#	score	# matches	# mismatches	# indels
>q246	18414	9678	165	394
#	score	# matches	# mismatches	# indels
>q247	18324	9654	219	411
#	score	# matches	# mismatches	# indels
>q248	19438	9887	59	139
#	score	# matches	# mismatches	# indels
>q249	18383	9668	185	402
#	score	# matches	# mismatches	# indels
>q250	19461	9898	41	149
#	score	# matches	# mismatches	# indels
>q251	17621	9485	305	561
#	score	# matches	# mismatches	# indels
>q252	17780	9531	257	535
#	score	# matches	# mismatches	# indels
>q253	18922	9788	103	278
#	score	# matches	# mismatches	# indels
>q254	18352	9653	198	394
#	score	# matches	# mismatches	# indels
>q255	19169	9841	63	228
#	score	# matches	# mismatches	# indels
>q256	19262	9861	73	195
#	score	# matches	# mismatches	# indels
>q257	19156	9833	88	212
#	score	# matches	# mismatches	# indels
>q258	17303	9434	323	652
#	score	# matches	# mismatches	# indels
>q259	19413	9882	59	146
#	score	# matches	# mismatches	# indels
>q260	18656	9738	117	357
#	score	# matches	# mismatches	# indels
>q261	19178	9839	79	213
#	score	# matches	# mismatches	# indels
>q262	18636	9725	136	345
#	score	# matches	# mismatches	# indels
>q263	18594	9707	154	338
#	score	# matches	# mismatches	# indels
>q264	16526	9243	474	796
#	score	# matches	# mismatches	# indels
>q265	19722	9947	26	73
#	score	# matches	# mismatches	# indels
>q266	19428	9888	56	146
#	score	# matches	# mismatches	# indels
>q267	19106	9823	79	233
#	score	# matches	# mismatches	# indels
>q268	18396	9673	178	391
#	score	# matches	# mismatches	# indels
>q269	15970	9133	592	919
#	score	# matches	# mismatches	# indels
>q270	19145	9832	77	223
#	score	# matches	# mismatches	# indels
>q271	19120	9823	83	224
#	score	# matches	# mismatches	# indels
>q272	19439	9889	52	145
#	score	# matches	# mismatches	# indels
>q273	19209	9850	68	213
#	score	# matches	# mismatches	# indels
>q274	17335	9418	373	594
#	score	# matches	# mismatches	# indels
>q275	18813	9762	101	309
#	score	# matches	# mismatches	# indels
>q276	19443	9893	50	147
#	score	# matches	# mismatches	# indels
>q277	19700	9939	31	74
#	score	# matches	# mismatches	# indels
>q278	16273	9190	534	870
#	score	# matches	# mismatches	# indels
>q279	16546	9235	468	782
#	score	# matches	# mismatches	# indels
>q280	18481	9692	184	368
#	score	# matches	# mismatches	# indels
>q281	18867	9771	108	289
#	score	# matches	# mismatches	# indels
>q282	18950	9798	100	279
#	score	# matches	# mismatches	# indels
>q283	15624	9036	614	986
#	score	# matches	# mismatches	# indels
>q284	18650	9729	144	338
#	score	# matches	# mismatches	# indels
>q285	19722	9947	24	74
#	score	# matches	# mismatches	# indels
>q286	18882	9776	98	291
#	score	# matches	# mismatches	# indels
>q287	19443	9894	45	151
#	score	# matches	# mismatches	# indels
>q288	15746	9082	575	998
#	score	# matches	# mismatches	# indels
>q289	18701	9731	156	308
#	score	# matches	# mismatches	# indels
>q290	17770	9552	260	563
#	score	# matches	# mismatches	# indels
>q291	19449	9894	52	144
#	score	# matches	# mismatches	# indels
>q292	19421	9888	51	152
#	score	# matches	# mismatches	# indels
>q293	19245	9859	67	205
#	score	# matches	# mismatches	# indels
>q294	18403	9678	168	402
#	score	# matches	# mismatches	# indels
>q295	19129	9825	80	223
#	score	# matches	# mismatches	# indels
>q296	19426	9888	54	148
#	score	# matches	# mismatches	# indels
>q297	19691	9939	26	81
#	score	# matches	# mismatches	# indels
>q298	18388	9666	188	384
#	score	# matches	# mismatches	# indels
>q299	18456	9693	160	393
#	score	# matches	# mismatches	# indels
>q300	19462	9895	58	135
#	score	# matches	# mismatches	# indels
>q301	19742	9954	17	75
#	score	# matches	# mismatches	# indels
>q302	19680	9935	27	82
#	score	# matches	# mismatches	# indels
>q303	19148	9836	68	230
#	score	# matches	# mismatches	# indels
>q304	19715	9944	28	73
#	score	# matches	# mismatches	# indels
>q305	19472	9902	44	145
#	score	# matches	# mismatches	# indels
>q306	19164	9833	95	204
#	score	# matches	# mismatches	# indels
>q307	19208	9852	59	221
#	score	# matches	# mismatches	# indels
>q308	19165	9839	72	221
#	score	# matches	# mismatches	# indels
>q309	19700	9941	28	77
#	score	# matches	# mismatches	# indels
>q310	18252	9617	218	400
#	score	# matches	# mismatches	# indels
>q311	19201	9838	93	193
#	score	# matches	# mismatches	# indels
>q312	19717	9945	27	73
#	score	# matches	# mismatches	# indels
>q313	15779	9073	602	941
#	score	# matches	# mismatches	# indels
>q314	15579	9017	623	985
#	score	# matches	# mismatches	# indels
>q315	16952	9361	405	724
#	score	# matches	# mismatches	# indels
>q316	19469	9897	49	139
#	score	# matches	# mismatches	# indels
>q317	18626	9725	124	357
#	score	# matches	# mismatches	# indels
>q318	16744	9297	408	779
#	score	# matches	# mismatches	# indels
>q319	18230	9638	199	446
#	score	# matches	# mismatches	# indels
>q320	19690	9940	20	86
#	score	# matches	# mismatches	# indels
>q321	19354	9868	59	162
#	score	# matches	# mismatches	# indels
>q322	19146	9830	82	218
#	score	# matches	# mismatches	# indels
>q323	18679	9739	133	342
#	score	# matches	# mismatches	# indels
>q324	18806	9754	121	292
#	score	# matches	# mismatches	# indels
>q325	15471	8974	692	966
#	score	# matches	# mismatches	# indels
>q326	18245	9628	204	429
#	score	# matches	# mismatches	# indels
>q327	18998	9807	92	265
#	score	# matches	# mismatches	# indels
>q328	19250	9860	64	204
#	score	# matches	# mismatches	# indels
>q329	19685	9936	31	78
#	score	# matches	# mismatches	# indels
>q330	19711	9944	24	77
#	score	# matches	# mismatches	# indels
>q331	18311	9641	206	399
#	score	# matches	# mismatches	# indels
>q332	19449	9893	51	144
#	score	# matches	# mismatches	# indels
>q333	19105	9815	96	216
#	score	# matches	# mismatches	# indels
>q334	19759	9956	24	65
#	score	# matches	# mismatches	# indels
>q335	19779	9964	15	67
#	score	# matches	# mismatches	# indels
>q336	18906	9780	114	273
#	score	# matches	# mismatches	# indels
>q337	18616	9717	143	344
#	score	# matches	# mismatches	# indels
>q338	19436	9892	43	154
#	score	# matches	# mismatches	# indels
>q339	18243	9619	221	407
#	score	# matches	# mismatches	# indels
>q340	19723	9946	30	70
#	score	# matches	# mismatches	# indels
>q341	17309	9428	358	627
#	score	# matches	# mismatches	# indels
>q342	19675	9933	31	80
#	score	# matches	# mismatches	# indels
>q343	17757	9510	283	516
#	score	# matches	# mismatches	# indels
>q344	19409	9880	61	145
#	score	# matches	# mismatches	# indels
>q345	19397	9879	55	154
#	score	# matches	# mismatches	# indels
>q346	19168	9836	70	221
#	score	# matches	# mismatches	# indels
>q347	18418	9669	196	378
#	score	# matches	# mismatches	# indels
>q348	19153	9829	85	212
#	score	# matches	# mismatches	# indels
>q349	19186	9842	75	214
#	score	# matches	# mismatches	# indels
>q350	17518	9467	304	583
#	score	# matches	# mismatches	# indels
>q351	19464	9896	58	135
#	score	# matches	# mismatches	# indels
>q352	19106	9822	80	231
#	score	# matches	# mismatches	# indels
>q353	18457	9698	146	405
#	score	# matches	# mismatches	# indels
>q354	19171	9842	67	225
#	score	# matches	# mismatches	# indels
>q355	18271	9635	226	401
#	score	# matches	# mismatches	# indels
>q356	19450	9898	39	154
#	score	# matches	# mismatches	# indels
>q357	18578	9710	146	353
#	score	# matches	# mismatches	# indels
>q358	18155	9607	224	444
#	score	# matches	# mismatches	# indels
>q359	19682	9939	18	89
#	score	# matches	# mismatches	# indels
>q360	17215	9412	346	662
#	score	# matches	# mismatches	# indels
>q361	18647	9730	130	349
#	score	# matches	# mismatches	# indels
>q362	18325	9646	201	392
#	score	# matches	# mismatches	# indels
>q363	19188	9843	77	213
#	score	# matches	# mismatches	# indels
>q364	18142	9608	219	451
#	score	# matches	# mismatches	# indels
>q365	19757	9955	24	65
#	score	# matches	# mismatches	# indels
>q366	18414	9687	160	405
#	score	# matches	# mismatches	# indels
>q367	19741	9950	29	65
#	score	# matches	# mismatches	# indels
>q368	18425	9683	170	392
#	score	# matches	# mismatches	# indels
>q369	19684	9937	26	82
#	score	# matches	# mismatches	# indels
>q370	19726	9948	23	74
#	score	# matches	# mismatches	# indels
>q371	19485	9904	47	139
#	score	# matches	# mismatches	# indels
>q372	18690	9742	129	337
#	score	# matches	# mismatches	# indels
>q373	19727	9948	24	73
#	score	# matches	# mismatches	# indels
>q374	18081	9572	269	422
#	score	# matches	# mismatches	# indels
>q375	18873	9770	115	280
#	score	# matches	# mismatches	# indels
>q376	18809	9754	107	301
#	score	# matches	# mismatches	# indels
>q377	18518	9707	174	367
#	score	# matches	# mismatches	# indels
>q378	19759	9958	16	71
#	score	# matches	# mismatches	# indels
>q379	17470	9460	310	594
#	score	# matches	# mismatches	# indels
>q380	15998	9127	533	929
#	score	# matches	# mismatches	# indels
>q381	19430	9890	50	151
#	score	# matches	# mismatches	# indels
>q382	16399	9192	492	797
#	score	# matches	# mismatches	# indels
>q383	19704	9942	28	76
#	score	# matches	# mismatches	# indels
>q384	19711	9943	29	73
#	score	# matches	# mismatches	# indels
>q385	18645	9732	120	355
#	score	# matches	# mismatches	# indels
>q386	18849	9768	110	292
#	score	# matches	# mismatches	# indels
>q387	19741	9953	18	74
#	score	# matches	# mismatches	# indels
>q388	18332	9651	190	413
#	score	# matches	# mismatches	# indels
>q389	19167	9834	82	213
#	score	# matches	# mismatches	# indels
>q390	16233	9189	494	877
#	score	# matches	# mismatches	# indels
>q391	19190	9839	84	204
#	score	# matches	# mismatches	# indels
>q392	18619	9722	144	345
#	score	# matches	# mismatches	# indels
>q393	18929	9786	109	273
#	score	# matches	# mismatches	# indels
>q394	18605	9715	144	345
#	score	# matches	# mismatches	# indels
>q395	18856	9772	108	296
#	score	# matches	# mismatches	# indels
>q396	19483	9901	46	138
#	score	# matches	# mismatches	# indels
>q397	19749	9955	21	70
#	score	# matches	# mismatches	# indels
>q398	19366	9871	56	160
#	score	# matches	# mismatches	# indels
>q399	18402	9674	175	393
#	score	# matches	# mismatches	# indels
>q400	18848	9770	107	296
#	score	# matches	# mismatches	# indels
>q401	18447	9687	170	385
#	score	# matches	# mismatches	# indels
>q402	18342	9659	174	413
#	score	# matches	# mismatches	# indels
>q403	18683	9739	135	336
#	score	# matches	# mismatches	# indels
>q404	16190	9146	533	839
#	score	# matches	# mismatches	# indels
>q405	19210	9849	78	207
#	score	# matches	# mismatches	# indels
>q406	18950	9793	109	268
#	score	# matches	# mismatches	# indels
>q407	19399	9881	52	157
#	score	# matches	# mismatches	# indels
>q408	17415	9454	325	615
#	score	# matches	# mismatches	# indels
>q409	19184	9841	76	212
#	score	# matches	# mismatches	# indels
>q410	19722	9947	22	75
#	score	# matches	# mismatches	# indels
>q411	18499	9709	143	396
#	score	# matches	# mismatches	# indels
>q412	17307	9418	352	611
#	score	# matches	# mismatches	# indels
>q413	18757	9753	128	319
#	score	# matches	# mismatches	# indels
>q414	17654	9503	303	546
#	score	# matches	# mismatches	# indels
>q415	18489	9710	144	401
#	score	# matches	# mismatches	# indels
>q416	19475	9900	49	138
#	score	# matches	# mismatches	# indels
>q417	18387	9652	215	367
#	score	# matches	# mismatches	# indels
>q418	19495	9907	46	137
#	score	# matches	# mismatches	# indels
>q419	19447	9893	50	145
#	score	# matches	# mismatches	# indels
>q420	19710	9945	20	80
#	score	# matches	# mismatches	# indels
>q421	18908	9786	97	287
#	score	# matches	# mismatches	# indels
>q422	18874	9773	119	280
#	score	# matches	# mismatches	# indels
>q423	18889	9774	115	277
#	score	# matches	# mismatches	# indels
>q424	18385	9672	161	410
#	score	# matches	# mismatches	# indels
>q425	19436	9890	52	147
#	score	# matches	# mismatches	# indels
>q426	19730	9949	21	74
#	score	# matches	# mismatches	# indels
>q427	19702	9939	32	73
#	score	# matches	# mismatches	# indels
>q428	19193	9841	78	208
#	score	# matches	# mismatches	# indels
>q429	19708	9945	19	82
#	score	# matches	# mismatches	# indels
>q430	19752	9953	28	63
#	score	# matches	# mismatches	# indels
>q431	19425	9885	54	146
#	score	# matches	# mismatches	# indels
>q432	18583	9706	151	345
#	score	# matches	# mismatches	# indels
>q433	17943	9562	257	489
#	score	# matches	# mismatches	# indels
>q434	18388	9679	161	410
#	score	# matches	# mismatches	# indels
>q435	18933	9797	86	292
#	score	# matches	# mismatches	# indels
>q436	19419	9881	62	141
#	score	# matches	# mismatches	# indels
>q437	17549	9477	312	571
#	score	# matches	# mismatches	# indels
>q438	17209	9413	340	669
#	score	# matches	# mismatches	# indels
>q439	17567	9477	312	562
#	score	# matches	# mismatches	# indels
>q440	17434	9469	308	628
#	score	# matches	# mismatches	# indels
>q441	19653	9927	31	86
#	score	# matches	# mismatches	# indels
>q442	17977	9583	236	504
#	score	# matches	# mismatches	# indels
>q443	19689	9939	25	82
#	score	# matches	# mismatches	# indels
>q444	19463	9898	49	143
#	score	# matches	# mismatches	# indels
>q445	19720	9949	16	81
#	score	# matches	# mismatches	# indels
>q446	19712	9944	26	76
#	score	# matches	# mismatches	# indels
>q447	18279	9634	189	425
#	score	# matches	# mismatches	# indels
>q448	19001	9810	98	265
#	score	# matches	# mismatches	# indels
>q449	18292	9640	193	425
#	score	# matches	# mismatches	# indels
>q450	18443	9691	159	396
#	score	# matches	# mismatches	# indels
>q451	19424	9890	39	160
#	score	# matches	# mismatches	# indels
>q452	19756	9958	16	72
#	score	# matches	# mismatches	# indels
>q453	18279	9627	204	408
#	score	# matches	# mismatches	# indels
>q454	19698	9941	23	81
#	score	# matches	# mismatches	# indels
>q455	16408	9213	506	806
#	score	# matches	# mismatches	# indels
>q456	19235	9855	73	202
#	score	# matches	# mismatches	# indels
>q457	19705	9943	24	79
#	score	# matches	# mismatches	# indels
>q458	18367	9651	208	383
#	score	# matches	# mismatches	# indels
>q459	19437	9891	47	150
#	score	# matches	# mismatches	# indels
>q460	18920	9796	83	300
#	score	# matches	# mismatches	# indels
>q461	17929	9554	272	484
#	score	# matches	# mismatches	# indels
>q462	19101	9820	82	230
#	score	# matches	# mismatches	# indels
>q463	19194	9846	71	215
#	score	# matches	# mismatches	# indels
>q464	19261	9861	72	196
#	score	# matches	# mismatches	# indels
>q465	19715	9946	20	79
#	score	# matches	# mismatches	# indels
>q466	19427	9889	47	153
#	score	# matches	# mismatches	# indels
>q467	19105	9820	82	230
#	score	# matches	# mismatches	# indels
>q468	17780	9536	267	537
#	score	# matches	# mismatches	# indels
>q469	19260	9861	70	198
#	score	# matches	# mismatches	# indels
>q470	19466	9900	41	148
#	score	# matches	# mismatches	# indels
>q471	19693	9939	25	80
#	score	# matches	# mismatches	# indels
>q472	17372	9456	322	636
#	score	# matches	# mismatches	# indels
>q473	18889	9771	120	270
#	score	# matches	# mismatches	# indels
>q474	19413	9882	57	148
#	score	# matches	# mismatches	# indels
>q475	19501	9908	46	135
#	score	# matches	# mismatches	# indels
>q476	17719	9527	290	540
#	score	# matches	# mismatches	# indels
>q477	17102	9377	357	683
#	score	# matches	# mismatches	# indels
>q478	19376	9874	55	159
#	score	# matches	# mismatches	# indels
>q479	19485	9905	43	141
#	score	# matches	# mismatches	# indels
>q480	18894	9780	108	284
#	score	# matches	# mismatches	# indels
>q481	18949	9791	116	265
#	score	# matches	# mismatches	# indels
>q482	19098	9817	83	229
#	score	# matches	# mismatches	# indels
>q483	18968	9799	108	263
#	score	# matches	# mismatches	# indels
>q484	19718	9945	27	73
#	score	# matches	# mismatches	# indels
>q485	19693	9938	30	77
#	score	# matches	# mismatches	# indels
>q486	17161	9392	376	662
#	score	# matches	# mismatches	# indels
>q487	18962	9796	108	265
#	score	# matches	# mismatches	# indels
>q488	17416	9449	327	608
#	score	# matches	# mismatches	# indels
>q489	19736	9952	19	75
#	score	# matches	# mismatches	# indels
>q490	19767	9960	16	69
#	score	# matches	# mismatches	# indels
>q491	18138	9608	227	451
#	score	# matches	# mismatches	# indels
>q492	19504	9910	43	137
#	score	# matches	# mismatches	# indels
>q493	19434	9889	52	146
#	score	# matches	# mismatches	# indels
>q494	16857	9327	424	736
#	score	# matches	# mismatches	# indels
>q495	19152	9838	68	230
#	score	# matches	# mismatches	# indels
>q496	19149	9834	74	223
#	score	# matches	# mismatches	# indels
>q497	18043	9574	238	454
#	score	# matches	# mismatches	# indels
>q498	15131	8908	730	1058
#	score	# matches	# mismatches	# indels
>q499	18428	9692	158	405
#	score	# matches	# mismatches	# indels
>q500	19187	9842	72	216
#	score	# matches	# mismatches	# indels
>q501	18444	9685	182	380
#	score	# matches	# mismatches	# indels
>q502	19390	9881	46	163
#	score	# matches	# mismatches	# indels
>q503	18775	9747	114	308
#	score	# matches	# mismatches	# indels
>q504	19455	9896	51	144
#	score	# matches	# mismatches	# indels
>q505	19204	9848	67	214
#	score	# matches	# mismatches	# indels
>q506	19708	9944	22	79
#	score	# matches	# mismatches	# indels
>q507	19676	9934	28	82
#	score	# matches	# mismatches	# indels
>q508	19195	9845	74	213
#	score	# matches	# mismatches	# indels
>q509	17950	9563	270	487
#	score	# matches	# mismatches	# indels
>q510	18329	9654	187	402
#	score	# matches	# mismatches	# indels
>q511	19440	9888	55	141
#	score	# matches	# mismatches	# indels
>q512	19211	9850	71	210
#	score	# matches	# mismatches	# indels
>q513	19433	9890	51	148
#	score	# matches	# mismatches	# indels
>q514	19254	9858	72	196
#	score	# matches	# mismatches	# indels
>q515	19684	9938	24	84
#	score	# matches	# mismatches	# indels
>q516	16977	9355	404	700
#	score	# matches	# mismatches	# indels
>q517	19711	9944	23	77
#	score	# matches	# mismatches	# indels
>q518	15311	8945	675	1022
#	score	# matches	# mismatches	# indels
>q519	19746	9956	14	76
#	score	# matches	# mismatches	# indels
>q520	19679	9935	29	81
#	score	# matches	# mismatches	# indels
>q521	18879	9775	108	286
#	score	# matches	# mismatches	# indels
>q522	19714	9945	26	75
#	score	# matches	# mismatches	# indels
>q523	19665	9933	23	89
#	score	# matches	# mismatches	# indels
>q524	18388	9675	157	415
#	score	# matches	# mismatches	# indels
>q525	16369	9222	510	837
#	score	# matches	# mismatches	# indels
>q526	19704	9941	28	75
#	score	# matches	# mismatches	# indels
>q527	17319	9425	335	633
#	score	# matches	# mismatches	# indels
>q528	19498	9907	44	137
#	score	# matches	# mismatches	# indels
>q529	18576	9707	147	353
#	score	# matches	# mismatches	# indels
>q530	19450	9895	52	144
#	score	# matches	# mismatches	# indels
>q531	19700	9941	25	79
#	score	# matches	# mismatches	# indels
>q532	17755	9506	297	510
#	score	# matches	# mismatches	# indels
>q533	18315	9641	202	404
#	score	# matches	# mismatches	# indels
>q534	18166	9614	231	436
#	score	# matches	# mismatches	# indels
>q535	19704	9943	24	79
#	score	# matches	# mismatches	# indels
>q536	19449	9893	53	144
#	score	# matches	# mismatches	# indels
>q537	18688	9743	127	342
#	score	# matches	# mismatches	# indels
>q538	18305	9633	215	392
#	score	# matches	# mismatches	# indels
>q539	16305	9202	491	865
#	score	# matches	# mismatches	# indels
>q540	18514	9715	142	393
#	score	# matches	# mismatches	# indels
>q541	19096	9817	83	228
#	score	# matches	# mismatches	# indels
>q542	19153	9833	77	220
#	score	# matches	# mismatches	# indels
>q543	15911	9085	551	928
#	score	# matches	# mismatches	# indels
>q544	19475	9900	50	140
#	score	# matches	# mismatches	# indels
>q545	19140	9821	96	205
#	score	# matches	# mismatches	# indels
>q546	19740	9951	25	69
#	score	# matches	# mismatches	# indels
>q547	17050	9368	395	691
#	score	# matches	# mismatches	# indels
>q548	17374	9421	354	589
#	score	# matches	# mismatches	# indels
>q549	19760	9958	20	68
#	score	# matches	# mismatches	# indels
>q550	18876	9773	116	281
#	score	# matches	# mismatches	# indels
>q551	19766	9959	22	65
#	score	# matches	# mismatches	# indels
>q552	17266	9399	360	626
#	score	# matches	# mismatches	# indels
>q553	19205	9847	73	212
#	score	# matches	# mismatches	# indels
>q554	18302	9654	165	430
#	score	# matches	# mismatches	# indels
>q555	19458	9900	35	154
#	score	# matches	# mismatches	# indels
>q556	17586	9483	306	577
#	score	# matches	# mismatches	# indels
>q557	18891	9775	123	272
#	score	# matches	# mismatches	# indels
>q558	19207	9851	69	215
#	score	# matches	# mismatches	# indels
>q559	19148	9830	82	216
#	score	# matches	# mismatches	# indels
>q560	18906	9776	127	264
#	score	# matches	# mismatches	# indels
>q561	18949	9796	102	274
#	score	# matches	# mismatches	# indels
>q562	19714	9944	28	73
#	score	# matches	# mismatches	# indels
>q563	19000	9808	100	263
#	score	# matches	# mismatches	# indels
>q564	19099	9822	75	239
#	score	# matches	# mismatches	# indels
>q565	16727	9299	381	801
#	score	# matches	# mismatches	# indels
>q566	19728	9951	16	79
#	score	# matches	# mismatches	# indels
>q567	15910	9105	561	949
#	score	# matches	# mismatches	# indels
>q568	19468	9898	50	139
#	score	# matches	# mismatches	# indels
>q569	19726	9948	25	73
#	score	# matches	# mismatches	# indels
>q570	19719	9948	16	81
#	score	# matches	# mismatches	# indels
>q571	16909	9324	421	701
#	score	# matches	# mismatches	# indels
>q572	18434	9689	163	399
#	score	# matches	# mismatches	# indels
>q573	19190	9849	53	231
#	score	# matches	# mismatches	# indels
>q574	18922	9786	110	276
#	score	# matches	# mismatches	# indels
>q575	18843	9764	112	292
#	score	# matches	# mismatches	# indels
>q576	18648	9733	130	347
#	score	# matches	# mismatches	# indels
>q577	18621	9723	128	358
#	score	# matches	# mismatches	# indels
>q578	18411	9683	157	405
#	score	# matches	# mismatches	# indels
>q579	19389	9877	58	155
#	score	# matches	# mismatches	# indels
>q580	18134	9599	238	441
#	score	# matches	# mismatches	# indels
>q581	19448	9893	46	147
#	score	# matches	# mismatches	# indels
>q582	18117	9595	258	434
#	score	# matches	# mismatches	# indels
>q583	18005	9581	253	482
#	score	# matches	# mismatches	# indels
>q584	16110	9165	525	908
#	score	# matches	# mismatches	# indels
>q585	16523	9244	490	786
#	score	# matches	# mismatches	# indels
>q586	19228	9854	75	204
#	score	# matches	# mismatches	# indels
>q587	18819	9758	114	294
#	score	# matches	# mismatches	# indels
>q588	19164	9836	78	217
#	score	# matches	# mismatches	# indels
>q589	18596	9718	137	357
#	score	# matches	# mismatches	# indels
>q590	18431	9689	158	400
#	score	# matches	# mismatches	# indels
>q591	18891	9778	105	286
#	score	# matches	# mismatches	# indels
>q592	18405	9665	202	379
#	score	# matches	# mismatches	# indels
>q593	19442	9890	50	145
#	score	# matches	# mismatches	# indels
>q594	19469	9901	39	149
#	score	# matches	# mismatches	# indels
>q595	19489	9905	46	139
#	score	# matches	# mismatches	# indels
>q596	18708	9748	131	333
#	score	# matches	# mismatches	# indels
>q597	19481	9902	44	141
#	score	# matches	# mismatches	# indels
>q598	19445	9893	51	146
#	score	# matches	# mismatches	# indels
>q599	16283	9190	508	860
#	score	# matches	# mismatches	# indels
>q600	16872	9345	396	752
#	score	# matches	# mismatches	# indels
>q601	18338	9650	188	416
#	score	# matches	# mismatches	# indels
>q602	18367	9671	165	411
#	score	# matches	# mismatches	# indels
>q603	19691	9941	18	87
#	score	# matches	# mismatches	# indels
>q604	19441	9891	53	145
#	score	# matches	# mismatches	# indels
>q605	18110	9607	222	464
#	score	# matches	# mismatches	# indels
>q606	16603	9256	417	800
#	score	# matches	# mismatches	# indels
>q607	19812	9971	16	57
#	score	# matches	# mismatches	# indels
>q608	19711	9945	22	79
#	score	# matches	# mismatches	# indels
>q609	17917	9557	276	489
#	score	# matches	# mismatches	# indels
>q610	19727	9949	23	74
#	score	# matches	# mismatches	# indels
>q611	18350	9661	177	406
#	score	# matches	# mismatches	# indels
>q612	19728	9948	27	71
#	score	# matches	# mismatches	# indels
>q613	18650	9729	140	340
#	score	# matches	# mismatches	# indels
>q614	17793	9543	255	546
#	score	# matches	# mismatches	# indels
>q615	19644	9924	35	85
#	score	# matches	# mismatches	# indels
>q616	18922	9785	110	272
#	score	# matches	# mismatches	# indels
>q617	18881	9775	117	279
#	score	# matches	# mismatches	# indels
>q618	18150	9609	234	443
#	score	# matches	# mismatches	# indels
>q619	19110	9814	102	211
#	score	# matches	# mismatches	# indels
>q620	15646	9034	594	988
#	score	# matches	# mismatches	# indels
>q621	19459	9892	64	132
#	score	# matches	# mismatches	# indels
>q622	17415	9449	331	604
#	score	# matches	# mismatches	# indels
>q623	19007	9810	92	262
#	score	# matches	# mismatches	# indels
>q624	18842	9765	112	292
#	score	# matches	# mismatches	# indels
>q625	19400	9880	55	154
#	score	# matches	# mismatches	# indels
>q626	19734	9951	20	74
#	score	# matches	# mismatches	# indels
>q627	18914	9785	108	279
#	score	# matches	# mismatches	# indels
>q628	19430	9886	61	141
#	score	# matches	# mismatches	# indels
>q629	18637	9727	129	349
#	score	# matches	# mismatches	# indels
>q630	19735	9947	33	63
#	score	# matches	# mismatches	# indels
>q631	18144	9608	238	441
#	score	# matches	# mismatches	# indels
>q632	19383	9870	60	150
#	score	# matches	# mismatches	# indels
>q633	16841	9321	427	732
#	score	# matches	# mismatches	# indels
>q634	15847	9097	582	950
#	score	# matches	# mismatches	# indels
>q635	19722	9947	25	74
#	score	# matches	# mismatches	# indels
>q636	18940	9796	94	283
#	score	# matches	# mismatches	# indels
>q637	19694	9937	36	72
#	score	# matches	# mismatches	# indels
>q638	18039	9581	234	471
#	score	# matches	# mismatches	# indels
>q639	19239	9854	67	206
#	score	# matches	# mismatches	# indels
>q640	18401	9663	192	389
#	score	# matches	# mismatches	# indels
>q641	19693	9938	27	78
#	score	# matches	# mismatches	# indels
>q642	19008	9804	114	247
#	score	# matches	# mismatches	# indels
>q643	18190	9616	225	433
#	score	# matches	# mismatches	# indels
>q644	19743	9954	17	74
#	score	# matches	# mismatches	# indels
>q645	18835	9761	117	288
#	score	# matches	# mismatches	# indels
>q646	18415	9677	173	390
#	score	# matches	# mismatches	# indels
>q647	18582	9715	140	360
#	score	# matches	# mismatches	# indels
>q648	19443	9894	47	150
#	score	# matches	# mismatches	# indels
>q649	19421	9886	48	152
#	score	# matches	# mismatches	# indels
>q650	18696	9747	119	345
#	score	# matches	# mismatches	# indels
>q651	19712	9945	24	77
#	score	# matches	# mismatches	# indels
>q652	19685	9936	30	79
#	score	# matches	# mismatches	# indels
>q653	18897	9781	105	284
#	score	# matches	# mismatches	# indels
>q654	19690	9937	24	82
#	score	# matches	# mismatches	# indels
>q655	18819	9755	118	291
#	score	# matches	# mismatches	# indels
>q656	17589	9498	276	591
#	score	# matches	# mismatches	# indels
>q657	19464	9899	38	150
#	score	# matches	# mismatches	# indels
>q658	18306	9626	223	380
#	score	# matches	# mismatches	# indels
>q659	19124	9824	79	225
#	score	# matches	# mismatches	# indels
>q660	19199	9849	66	217
#	score	# matches	# mismatches	# indels
>q661	17796	9540	267	530
#	score	# matches	# mismatches	# indels
>q662	19683	9933	37	73
#	score	# matches	# mismatches	# indels
>q663	18910	9784	103	282
#	score	# matches	# mismatches	# indels
>q664	19712	9945	22	78
#	score	# matches	# mismatches	# indels
>q665	19381	9872	71	146
#	score	# matches	# mismatches	# indels
>q666	18380	9648	232	360
#	score	# matches	# mismatches	# indels
>q667	18769	9743	129	299
#	score	# matches	# mismatches	# indels
>q668	19192	9845	73	214
#	score	# matches	# mismatches	# indels
>q669	17301	9413	330	633
#	score	# matches	# mismatches	# indels
>q670	17425	9452	331	605
#	score	# matches	# mismatches	# indels
>q671	17981	9565	269	473
#	score	# matches	# mismatches	# indels
>q672	18638	9720	159	328
#	score	# matches	# mismatches	# indels
>q673	19741	9951	24	69
#	score	# matches	# mismatches	# indels
>q674	19716	9948	16	82
#	score	# matches	# mismatches	# indels
>q675	19276	9868	68	198
#	score	# matches	# mismatches	# indels
>q676	18161	9611	228	449
#	score	# matches	# mismatches	# indels
>q677	18801	9753	121	295
#	score	# matches	# mismatches	# indels
>q678	19759	9958	19	69
#	score	# matches	# mismatches	# indels
>q679	19111	9813	94	214
#	score	# matches	# mismatches	# indels
>q680	19526	9915	41	133
#	score	# matches	# mismatches	# indels
>q681	18241	9648	190	452
#	score	# matches	# mismatches	# indels
>q682	18895	9775	123	269
#	score	# matches	# mismatches	# indels
>q683	19160	9837	72	225
#	score	# matches	# mismatches	# indels
>q684	18970	9801	97	271
#	score	# matches	# mismatches	# indels
>q685	17997	9562	261	462
#	score	# matches	# mismatches	# indels
>q686	19163	9827	97	199
#	score	# matches	# mismatches	# indels
>q687	18873	9774	104	290
#	score	# matches	# mismatches	# indels
>q688	17774	9536	254	542
#	score	# matches	# mismatches	# indels
>q689	19423	9883	56	146
#	score	# matches	# mismatches	# indels
>q690	18930	9788	113	270
#	score	# matches	# mismatches	# indels
>q691	18601	9715	145	348
#	score	# matches	# mismatches	# indels
>q692	19444	9891	57	142
#	score	# matches	# mismatches	# indels
>q693	19199	9841	88	199
#	score	# matches	# mismatches	# indels
>q694	17260	9418	361	643
#	score	# matches	# mismatches	# indels
>q695	19689	9935	39	71
#	score	# matches	# mismatches	# indels
>q696	18381	9661	192	381
#	score	# matches	# mismatches	# indels
>q697	18449	9676	197	371
#	score	# matches	# mismatches	# indels
>q698	18093	9586	240	452
#	score	# matches	# mismatches	# indels
>q699	18914	9787	99	285
#	score	# matches	# mismatches	# indels
>q700	19479	9905	38	147
#	score	# matches	# mismatches	# indels
>q701	19499	9906	47	134
#	score	# matches	# mismatches	# indels
>q702	19691	9937	31	76
#	score	# matches	# mismatches	# indels
>q703	19241	9855	76	198
#	score	# matches	# mismatches	# indels
>q704	19231	9847	86	190
#	score	# matches	# mismatches	# indels
>q705	16170	9177	526	909
#	score	# matches	# mismatches	# indels
>q706	19192	9840	80	207
#	score	# matches	# mismatches	# indels
>q707	17699	9511	265	549
#	score	# matches	# mismatches	# indels
>q708	17298	9430	348	641
#	score	# matches	# mismatches	# indels
>q709	18894	9781	105	285
#	score	# matches	# mismatches	# indels
>q710	18957	9799	89	281
#	score	# matches	# mismatches	# indels
>q711	19477	9902	46	141
#	score	# matches	# mismatches	# indels
>q712	18346	9649	206	392
#	score	# matches	# mismatches	# indels
>q713	19115	9819	91	217
#	score	# matches	# mismatches	# indels
>q714	19409	9885	46	158
#	score	# matches	# mismatches	# indels
>q715	19396	9873	72	139
#	score	# matches	# mismatches	# indels
>q716	19520	9915	36	138
#	score	# matches	# mismatches	# indels
>q717	18726	9745	134	320
#	score	# matches	# mismatches	# indels
>q718	17506	9476	338	575
#	score	# matches	# mismatches	# indels
>q719	19161	9836	80	217
#	score	# matches	# mismatches	# indels
>q720	19750	9955	20	70
#	score	# matches	# mismatches	# indels
>q721	19727	9950	17	78
#	score	# matches	# mismatches	# indels
>q722	16198	9182	490	914
#	score	# matches	# mismatches	# indels
>q723	19240	9859	61	211
#	score	# matches	# mismatches	# indels
>q724	17581	9481	287	585
#	score	# matches	# mismatches	# indels
>q725	19739	9950	25	68
#	score	# matches	# mismatches	# indels
>q726	19102	9813	105	210
#	score	# matches	# mismatches	# indels
>q727	17937	9552	263	480
#	score	# matches	# mismatches	# indels
>q728	19208	9850	70	212
#	score	# matches	# mismatches	# indels
>q729	17504	9470	305	600
#	score	# matches	# mismatches	# indels
>q730	17774	9534	276	542
#	score	# matches	# mismatches	# indels
>q731	19681	9934	33	77
#	score	# matches	# mismatches	# indels
>q732	18911	9788	94	287
#	score	# matches	# mismatches	# indels
>q733	18416	9670	205	374
#	score	# matches	# mismatches	# indels
>q734	19124	9823	80	225
#	score	# matches	# mismatches	# indels
>q735	16719	9289	416	766
#	score	# matches	# mismatches	# indels
>q736	18569	9708	147	353
#	score	# matches	# mismatches	# indels
>q737	18875	9771	120	281
#	score	# matches	# mismatches	# indels
>q738	18365	9652	214	378
#	score	# matches	# mismatches	# indels
>q739	18608	9713	153	338
#	score	# matches	# mismatches	# indels
>q740	19472	9900	49	140
#	score	# matches	# mismatches	# indels
>q741	19727	9948	25	72
#	score	# matches	# mismatches	# indels
>q742	17197	9383	361	636
#	score	# matches	# mismatches	# indels
>q743	18340	9662	172	415
#	score	# matches	# mismatches	# indels
>q744	19452	9896	43	151
#	score	# matches	# mismatches	# indels
>q745	18226	9627	216	433
#	score	# matches	# mismatches	# indels
>q746	19120	9824	76	228
#	score	# matches	# mismatches	# indels
>q747	19716	9943	34	68
#	score	# matches	# mismatches	# indels
>q748	18381	9673	159	415
#	score	# matches	# mismatches	# indels
>q749	19430	9884	69	135
#	score	# matches	# mismatches	# indels
>q750	18437	9689	155	405
#	score	# matches	# mismatches	# indels
>q751	19783	9963	21	61
#	score	# matches	# mismatches	# indels
>q752	19161	9836	76	220
#	score	# matches	# mismatches	# indels
>q753	18682	9734	146	327
#	score	# matches	# mismatches	# indels
>q754	19483	9903	49	137
#	score	# matches	# mismatches	# indels
>q755	18563	9709	143	362
#	score	# matches	# mismatches	# indels
>q756	19731	9949	26	71
#	score	# matches	# mismatches	# indels
>q757	19718	9946	23	76
#	score	# matches	# mismatches	# indels
>q758	19117	9821	87	221
#	score	# matches	# mismatches	# indels
>q759	19489	9905	45	139
#	score	# matches	# mismatches	# indels
>q760	18441	9693	156	404
#	score	# matches	# mismatches	# indels
>q761	17645	9512	282	576
#	score	# matches	# mismatches	# indels
>q762	18382	9660	199	385
#	score	# matches	# mismatches	# indels
>q763	19693	9939	29	78
#	score	# matches	# mismatches	# indels
>q764	18366	9653	206	386
#	score	# matches	# mismatches	# indels
>q765	18626	9721	149	340
#	score	# matches	# mismatches	# indels
>q766	18096	9594	238	451
#	score	# matches	# mismatches	# indels
>q767	19733	9947	29	66
#	score	# matches	# mismatches	# indels
>q768	18610	9717	137	353
#	score	# matches	# mismatches	# indels
>q769	19183	9839	86	206
#	score	# matches	# mismatches	# indels
>q770	18472	9702	131	413
#	score	# matches	# mismatches	# indels
>q771	19118	9822	87	222
#	score	# matches	# mismatches	# indels
>q772	19217	9847	77	204
#	score	# matches	# mismatches	# indels
>q773	18748	9754	128	321
#	score	# matches	# mismatches	# indels
>q774	19681	9936	29	81
#	score	# matches	# mismatches	# indels
>q775	18177	9598	223	419
#	score	# matches	# mismatches	# indels
>q776	17284	9423	334	649
#	score	# matches	# mismatches	# indels
>q777	19167	9835	83	213
#	score	# matches	# mismatches	# indels
>q778	19714	9944	26	74
#	score	# matches	# mismatches	# indels
>q779	18725	9751	134	328
#	score	# matches	# mismatches	# indels
>q780	19158	9834	76	218
#	score	# matches	# mismatches	# indels
>q781	19757	9956	21	67
#	score	# matches	# mismatches	# indels
>q782	19421	9882	63	141
#	score	# matches	# mismatches	# indels
>q783	19725	9948	25	73
#	score	# matches	# mismatches	# indels
>q784	17496	9468	300	593
#	score	# matches	# mismatches	# indels
>q785	17830	9563	229	553
#	score	# matches	# mismatches	# indels
>q786	17280	9428	336	652
#	score	# matches	# mismatches	# indels
>q787	18390	9680	148	425
#	score	# matches	# mismatches	# indels
>q788	18704	9751	118	347
#	score	# matches	# mismatches	# indels
>q789	19733	9950	25	71
#	score	# matches	# mismatches	# indels
>q790	18700	9745	122	341
#	score	# matches	# mismatches	# indels
>q791	19694	9938	26	78
#	score	# matches	# mismatches	# indels
>q792	18184	9609	230	424
#	score	# matches	# mismatches	# indels
>q793	19702	9942	22	80
#	score	# matches	# mismatches	# indels
>q794	17415	9435	346	590
#	score	# matches	# mismatches	# indels
>q795	19142	9832	78	223
#	score	# matches	# mismatches	# indels
>q796	19695	9938	28	77
#	score	# matches	# mismatches	# indels
>q797	19179	9836	76	210
#	score	# matches	# mismatches	# indels
>q798	19534	9915	46	127
#	score	# matches	# mismatches	# indels
>q799	19472	9902	43	145
#	score	# matches	# mismatches	# indels
>q800	19700	9941	26	78
#	score	# matches	# mismatches	# indels
>q801	18275	9640	206	418
#	score	# matches	# mismatches	# indels
>q802	19713	9945	21	79
#	score	# matches	# mismatches	# indels
>q803	17452	9462	325	607
#	score	# matches	# mismatches	# indels
>q804	19172	9835	82	210
#	score	# matches	# mismatches	# indels
>q805	17362	9415	362	599
#	score	# matches	# mismatches	# indels
>q806	19454	9893	57	138
#	score	# matches	# mismatches	# indels
>q807	19454	9895	50	143
#	score	# matches	# mismatches	# indels
>q808	17111	9376	378	670
#	score	# matches	# mismatches	# indels
>q809	19733	9952	15	78
#	score	# matches	# mismatches	# indels
>q810	19133	9833	66	235
#	score	# matches	# mismatches	# indels
>q811	18469	9699	148	397
#	score	# matches	# mismatches	# indels
>q812	18796	9753	116	302
#	score	# matches	# mismatches	# indels
>q813	18954	9802	87	285
#	score	# matches	# mismatches	# indels
>q814	18167	9610	224	442
#	score	# matches	# mismatches	# indels
>q815	17216	9401	354	650
#	score	# matches	# mismatches	# indels
>q816	18967	9795	108	260
#	score	# matches	# mismatches	# indels
>q817	19768	9961	14	70
#	score	# matches	# mismatches	# indels
>q818	19149	9834	73	225
#	score	# matches	# mismatches	# indels
>q819	19427	9890	46	155
#	score	# matches	# mismatches	# indels
>q820	17400	9452	329	615
#	score	# matches	# mismatches	# indels
>q821	19067	9804	99	224
#	score	# matches	# mismatches	# indels
>q822	16788	9306	423	753
#	score	# matches	# mismatches	# indels
>q823	18320	9644	204	401
#	score	# matches	# mismatches	# indels
>q824	19718	9945	28	72
#	score	# matches	# mismatches	# indels
>q825	19700	9942	22	81
#	score	# matches	# mismatches	# indels
>q826	19719	9946	27	73
#	score	# matches	# mismatches	# indels
>q827	19444	9891	49	146
#	score	# matches	# mismatches	# indels
>q828	18472	9689	185	381
#	score	# matches	# mismatches	# indels
>q829	19434	9890	48	150
#	score	# matches	# mismatches	# indels
>q830	19403	9881	48	157
#	score	# matches	# mismatches	# indels
>q831	18661	9727	149	328
#	score	# matches	# mismatches	# indels
>q832	18399	9665	195	392
#	score	# matches	# mismatches	# indels
>q833	17930	9570	239	514
#	score	# matches	# mismatches	# indels
>q834	19261	9863	67	202
#	score	# matches	# mismatches	# indels
>q835	19722	9947	20	77
#	score	# matches	# mismatches	# indels
>q836	19737	9951	22	72
#	score	# matches	# mismatches	# indels
>q837	18936	9797	100	282
#	score	# matches	# mismatches	# indels
>q838	19741	9952	23	70
#	score	# matches	# mismatches	# indels
>q839	17741	9518	277	532
#	score	# matches	# mismatches	# indels
>q840	19206	9847	72	210
#	score	# matches	# mismatches	# indels
>q841	18139	9599	233	434
#	score	# matches	# mismatches	# indels
>q842	19509	9908	47	130
#	score	# matches	# mismatches	# indels
>q843	18988	9811	90	274
#	score	# matches	# mismatches	# indels
>q844	18135	9612	217	458
#	score	# matches	# mismatches	# indels
>q845	19404	9882	47	160
#	score	# matches	# mismatches	# indels
>q846	19454	9896	49	145
#	score	# matches	# mismatches	# indels
>q847	19442	9892	53	145
#	score	# matches	# mismatches	# indels
>q848	19718	9946	22	76
#	score	# matches	# mismatches	# indels
>q849	18360	9655	193	401
#	score	# matches	# mismatches	# indels
>q850	16386	9220	494	834
#	score	# matches	# mismatches	# indels
>q851	19696	9939	29	77
#	score	# matches	# mismatches	# indels
>q852	19462	9898	45	146
#	score	# matches	# mismatches	# indels
>q853	19198	9848	70	216
#	score	# matches	# mismatches	# indels
>q854	14123	8693	895	1303
#	score	# matches	# mismatches	# indels
>q855	18632	9727	127	354
#	score	# matches	# mismatches	# indels
>q856	19496	9909	42	140
#	score	# matches	# mismatches	# indels
>q857	19436	9887	62	139
#	score	# matches	# mismatches	# indels
>q858	18322	9656	189	416
#	score	# matches	# mismatches	# indels
>q859	18314	9647	193	417
#	score	# matches	# mismatches	# indels
>q860	18688	9740	133	337
#	score	# matches	# mismatches	# indels
>q861	18388	9668	197	392
#	score	# matches	# mismatches	# indels
>q862	18206	9629	225	433
#	score	# matches	# mismatches	# indels
>q863	19517	9910	50	128
#	score	# matches	# mismatches	# indels
>q864	18417	9688	150	410
#	score	# matches	# mismatches	# indels
>q865	19724	9947	27	72
#	score	# matches	# mismatches	# indels
>q866	19708	9944	22	79
#	score	# matches	# mismatches	# indels
>q867	19707	9942	28	75
#	score	# matches	# mismatches	# indels
>q868	18970	9805	99	272
#	score	# matches	# mismatches	# indels
>q869	18359	9649	201	391
#	score	# matches	# mismatches	# indels
>q870	14541	8761	841	1168
#	score	# matches	# mismatches	# indels
>q871	18301	9632	231	382
#	score	# matches	# mismatches	# indels
>q872	19500	9908	33	145
#	score	# matches	# mismatches	# indels
>q873	19187	9844	74	215
#	score	# matches	# mismatches	# indels
>q874	18439	9687	170	389
#	score	# matches	# mismatches	# indels
>q875	18654	9733	128	346
#	score	# matches	# mismatches	# indels
>q876	19733	9950	23	72
#	score	# matches	# mismatches	# indels
>q877	19721	9945	31	69
#	score	# matches	# mismatches	# indels
>q878	19197	9840	84	201
#	score	# matches	# mismatches	# indels
>q879	18355	9668	161	419
#	score	# matches	# mismatches	# indels
>q880	19366	9867	68	152
#	score	# matches	# mismatches	# indels
>q881	18905	9780	101	282
#	score	# matches	# mismatches	# indels
>q882	17476	9475	313	611
#	score	# matches	# mismatches	# indels
>q883	19741	9953	20	73
#	score	# matches	# mismatches	# indels
>q884	17323	9429	341	625
#	score	# matches	# mismatches	# indels
>q885	19178	9835	87	204
#	score	# matches	# mismatches	# indels
>q886	19679	9934	30	80
#	score	# matches	# mismatches	# indels
>q887	19705	9941	31	73
#	score	# matches	# mismatches	# indels
>q888	18439	9679	194	384
#	score	# matches	# mismatches	# indels
>q889	19158	9828	91	206
#	score	# matches	# mismatches	# indels
>q890	18744	9759	115	336
#	score	# matches	# mismatches	# indels
>q891	19471	9903	36	150
#	score	# matches	# mismatches	# indels
>q892	19742	9952	25	69
#	score	# matches	# mismatches	# indels
>q893	17195	9405	348	673
#	score	# matches	# mismatches	# indels
>q894	18397	9675	161	406
#	score	# matches	# mismatches	# indels
>q895	19487	9907	38	146
#	score	# matches	# mismatches	# indels
>q896	19145	9825	91	212
#	score	# matches	# mismatches	# indels
>q897	18916	9788	96	284
#	score	# matches	# mismatches	# indels
>q898	19467	9901	39	150
#	score	# matches	# mismatches	# indels
>q899	19744	9952	25	68
#	score	# matches	# mismatches	# indels
>q900	17267	9399	365	629
#	score	# matches	# mismatches	# indels
>q901	19452	9892	57	139
#	score	# matches	# mismatches	# indels
>q902	19726	9949	20	76
#	score	# matches	# mismatches	# indels
>q903	17475	9451	325	578
#	score	# matches	# mismatches	# indels
>q904	18108	9594	245	442
#	score	# matches	# mismatches	# indels
>q905	19473	9902	40	147
#	score	# matches	# mismatches	# indels
>q906	19450	9893	54	141
#	score	# matches	# mismatches	# indels
>q907	18974	9798	103	264
#	score	# matches	# mismatches	# indels
>q908	18880	9768	128	266
#	score	# matches	# mismatches	# indels
>q909	19446	9891	54	142
#	score	# matches	# mismatches	# indels
>q910	19447	9892	47	146
#	score	# matches	# mismatches	# indels
>q911	18229	9634	207	444
#	score	# matches	# mismatches	# indels
>q912	18105	9594	221	450
#	score	# matches	# mismatches	# indels
>q913	19461	9899	45	146
#	score	# matches	# mismatches	# indels
>q914	18638	9722	144	338
#	score	# matches	# mismatches	# indels
>q915	19743	9955	12	78
#	score	# matches	# mismatches	# indels
>q916	18573	9706	156	348
#	score	# matches	# mismatches	# indels
>q917	18326	9639	225	386
#	score	# matches	# mismatches	# indels
>q918	18408	9673	179	397
#	score	# matches	# mismatches	# indels
>q919	19664	9931	32	83
#	score	# matches	# mismatches	# indels
>q920	18669	9732	151	325
#	score	# matches	# mismatches	# indels
>q921	17988	9573	257	484
#	score	# matches	# mismatches	# indels
>q922	18407	9677	186	402
#	score	# matches	# mismatches	# indels
>q923	19698	9938	34	72
#	score	# matches	# mismatches	# indels
>q924	19727	9946	32	67
#	score	# matches	# mismatches	# indels
>q925	18501	9710	149	391
#	score	# matches	# mismatches	# indels
>q926	17062	9383	360	714
#	score	# matches	# mismatches	# indels
>q927	14964	8886	740	1109
#	score	# matches	# mismatches	# indels
>q928	18683	9736	143	327
#	score	# matches	# mismatches	# indels
>q929	18820	9764	100	309
#	score	# matches	# mismatches	# indels
>q930	18389	9677	167	402
#	score	# matches	# mismatches	# indels
>q931	18765	9741	116	309
#	score	# matches	# mismatches	# indels
>q932	18933	9800	84	297
#	score	# matches	# mismatches	# indels
>q933	18905	9779	125	268
#	score	# matches	# mismatches	# indels
>q934	19748	9954	24	68
#	score	# matches	# mismatches	# indels
>q935	19402	9879	53	154
#	score	# matches	# mismatches	# indels
>q936	18727	9759	102	348
#	score	# matches	# mismatches	# indels
>q937	19421	9886	53	150
#	score	# matches	# mismatches	# indels
>q938	18599	9713	147	344
#	score	# matches	# mismatches	# indels
>q939	19745	9952	24	68
#	score	# matches	# mismatches	# indels
>q940	18953	9793	104	270
#	score	# matches	# mismatches	# indels
>q941	18606	9718	137	351
#	score	# matches	# mismatches	# indels
>q942	19746	9954	18	72
#	score	# matches	# mismatches	# indels
>q943	18867	9769	111	284
#	score	# matches	# mismatches	# indels
>q944	19713	9945	23	77
#	score	# matches	# mismatches	# indels
>q945	18629	9725	131	353
#	score	# matches	# mismatches	# indels
>q946	18105	9580	250	424
#	score	# matches	# mismatches	# indels
>q947	19771	9961	19	66
#	score	# matches	# mismatches	# indels
>q948	19735	9953	15	78
#	score	# matches	# mismatches	# indels
>q949	18961	9800	103	270
#	score	# matches	# mismatches	# indels
>q950	19728	9949	20	75
#	score	# matches	# mismatches	# indels
>q951	19713	9945	25	76
#	score	# matches	# mismatches	# indels
>q952	18343	9655	191	398
#	score	# matches	# mismatches	# indels
>q953	19207	9850	70	213
#	score	# matches	# mismatches	# indels
>q954	16409	9219	498	813
#	score	# matches	# mismatches	# indels
>q955	17339	9428	341	615
#	score	# matches	# mismatches	# indels
>q956	18625	9717	156	333
#	score	# matches	# mismatches	# indels
>q957	19693	9939	22	83
#	score	# matches	# mismatches	# indels
>q958	19451	9895	49	145
#	score	# matches	# mismatches	# indels
>q959	18900	9785	103	287
#	score	# matches	# mismatches	# indels
>q960	18964	9799	99	273
#	score	# matches	# mismatches	# indels
>q961	18149	9607	233	445
#	score	# matches	# mismatches	# indels
>q962	18966	9804	87	282
#	score	# matches	# mismatches	# indels
>q963	19461	9899	38	151
#	score	# matches	# mismatches	# indels
>q964	18460	9694	166	390
#	score	# matches	# mismatches	# indels
>q965	19368	9873	50	165
#	score	# matches	# mismatches	# indels
>q966	19714	9946	20	80
#	score	# matches	# mismatches	# indels
>q967	19419	9886	54	150
#	score	# matches	# mismatches	# indels
>q968	18973	9804	89	277
#	score	# matches	# mismatches	# indels
>q969	19751	9957	14	75
#	score	# matches	# mismatches	# indels
>q970	16952	9348	410	704
#	score	# matches	# mismatches	# indels
>q971	16858	9316	397	737
#	score	# matches	# mismatches	# indels
>q972	19731	9951	19	76
#	score	# matches	# mismatches	# indels
>q973	18413	9670	195	381
#	score	# matches	# mismatches	# indels
>q974	19262	9862	70	200
#	score	# matches	# mismatches	# indels
>q975	19415	9885	57	149
#	score	# matches	# mismatches	# indels
>q976	19710	9945	22	79
#	score	# matches	# mismatches	# indels
>q977	19675	9933	29	82
#	score	# matches	# mismatches	# indels
>q978	19332	9858	66	161
#	score	# matches	# mismatches	# indels
>q979	18397	9679	152	414
#	score	# matches	# mismatches	# indels
>q980	19731	9948	23	71
#	score	# matches	# mismatches	# indels
>q981	19440	9887	60	138
#	score	# matches	# mismatches	# indels
>q982	18290	9634	209	404
#	score	# matches	# mismatches	# indels
>q983	19747	9956	14	76
#	score	# matches	# mismatches	# indels
>q984	19226	9852	73	204
#	score	# matches	# mismatches	# indels
>q985	19715	9945	27	74
#	score	# matches	# mismatches	# indels
>q986	19373	9871	61	155
#	score	# matches	# mismatches	# indels
>q987	19699	9937	34	71
#	score	# matches	# mismatches	# indels
>q988	18324	9644	209	400
#	score	# matches	# mismatches	# indels
>q989	16230	9195	520	872
#	score	# matches	# mismatches	# indels
>q990	19680	9932	34	75
#	score	# matches	# mismatches	# indels
>q991	19473	9899	54	136
#	score	# matches	# mismatches	# indels
>q992	19176	9840	68	220
#	score	# matches	# mismatches	# indels
>q993	19507	9908	49	131
#	score	# matches	# mismatches	# indels
>q994	18268	9646	218	425
#	score	# matches	# mismatches	# indels
>q995	19712	9945	21	79
#	score	# matches	# mismatches	# indels
>q996	19667	9930	37	78
#	score	# matches	# mismatches	# indels
>q997	18960	9794	106	264
#	score	# matches	# mismatches	# indels
>q998	17990	9561	256	460
#	score	# matches	# mismatches	# indels
>q999	17762	9528	265	540
#	score	# matches	# mismatches	# indels
>q1000	17253	9412	352	647
