
****** Vitis HLS - High-Level Synthesis from C, C++ and OpenCL v2021.2 (64-bit)
  **** SW Build 3367213 on Tue Oct 19 02:47:39 MDT 2021
  **** IP Build 3369179 on Thu Oct 21 08:25:16 MDT 2021
    ** Copyright 1986-2021 Xilinx, Inc. All Rights Reserved.

source /opt/Xilinx/Vitis_HLS/2021.2/scripts/vitis_hls/hls.tcl -notrace
INFO: Applying HLS Y2K22 patch v1.2 for IP revision
[1mSYNTAX [0m
  [1mvitis_hls[0m <[1mtclscripts[0m> [OPTIONS]

[1mDESCRIPTION[0m
  Vitis HLS command line

[1mOPTIONS[0m
  [1mtclscripts[0m :  <string> 
    TCL file
  [1m-eval[0m <string> 
    Run TCL commands
  [1m-f[0m[=false|[4mtrue[0m]
    start in shell mode
  [1m-i[0m[=false|[4mtrue[0m]
    start in interactive mode
  [1m-l[0m <string:[4mvitis_hls.log[0m> 
    log file
  [1m-n[0m[=false|[4mtrue[0m]
    do not show splash screen
  [1m-nosplash[0m[=false|[4mtrue[0m]
    do not show splash screen
  [1m-p[0m <string> 
    project name
  [1m-terse[0m[=false|[4mtrue[0m]
    Filter stdout to only show status INFO and WARNING messages, log file will contain all messages
  [1m-version[0m[=false|[4mtrue[0m]
    show product version

[1mSEE ALSO[0m
  www.xilinx.com/cgi-bin/docs/rdoc?v=2021.2;t=vitis+doc;d=wic1584802485878.html

INFO: [HLS 200-112] Total CPU user time: 0.16 seconds. Total CPU system time: 0.02 seconds. Total elapsed time: 0.18 seconds; peak allocated memory: 0.000 MB.
INFO: [Common 17-206] Exiting vitis_hls at Sun May 12 06:15:55 2024...
