Mon Apr 10 17:45:01 2023: Running xcd server. This server was built by gradle.
Mon Apr 10 17:45:01 2023: Server was asked to start on port: '42573'
Mon Apr 10 17:45:01 2023: Server is using token UUID: 'e22a63aa-bf1f-4cec-aca8-a657f9af744c'
Mon Apr 10 17:45:01 2023: SESSION_MGR: creating session with session uuid: '6d04a3e9-ade5-4ab9-8d63-1f78fcd2ec76' and name 'default'
Mon Apr 10 17:45:01 2023: Attempting to start server on port '42573'
Mon Apr 10 17:45:01 2023: XCD main fifo: created main fifo '/tmp/xcdmaine22a63aa-bf1f-4cec-aca8-a657f9af744c', fd read = 13
Mon Apr 10 17:45:01 2023: Running Dispatch Server
Mon Apr 10 17:45:01 2023: Version 2.2.0
Mon Apr 10 17:45:10 2023: Dispatch Server: Accepted socket connection from client
Mon Apr 10 17:45:10 2023: Starting Socket connection
Mon Apr 10 17:45:10 2023: EXCHANGE_TOKEN received, server token: e22a63aa-bf1f-4cec-aca8-a657f9af744c, passed token: e22a63aa-bf1f-4cec-aca8-a657f9af744c
Mon Apr 10 17:45:10 2023: SESSION_MGR: creating session with session uuid: 'bfb95094-176c-493c-a8b2-50c7c69f7180' and name 'vitis_hls'
Mon Apr 10 17:45:10 2023: KERNEL_SVC: creating session with uuid: 'bfb95094-176c-493c-a8b2-50c7c69f7180' and name 'vitis_hls'
Mon Apr 10 17:45:10 2023: GUIDANCE_SMGR: creating guidance session with uuid: 'bfb95094-176c-493c-a8b2-50c7c69f7180' and name 'vitis_hls'
Mon Apr 10 17:52:56 2023: STOP_SERVER received, server token: e22a63aa-bf1f-4cec-aca8-a657f9af744c, passed token: e22a63aa-bf1f-4cec-aca8-a657f9af744c
Mon Apr 10 17:52:56 2023: Socket received request to stop server.
Mon Apr 10 17:52:56 2023: Dispatch Server: do_await_stop
Mon Apr 10 17:52:56 2023: Dispatch Server: stopping mainFifo_
Mon Apr 10 17:52:56 2023: XCD main fifo: Stopping
Mon Apr 10 17:52:56 2023: XCD main fifo: do_read error code: Operation canceled
Mon Apr 10 17:52:56 2023: XCD main fifo: bytes_transferred: 0
Mon Apr 10 17:52:56 2023: SERVER: destructor for server bound to port 42573
Mon Apr 10 17:52:56 2023: XCD main fifo: Good unlink of /tmp/xcdmaine22a63aa-bf1f-4cec-aca8-a657f9af744c
Mon Apr 10 17:52:56 2023: Server exiting with status 0.
Mon Apr 10 17:52:56 2023: Closing log file.
