

================================================================
== Vitis HLS Report for 'seq_align_multiple_Pipeline_VITIS_LOOP_93_326'
================================================================
* Date:           Mon Apr 10 17:49:07 2023

* Version:        2022.2 (Build 3670227 on Oct 13 2022)
* Project:        local_seq_align_multiple_sa_vitis
* Solution:       local_seq_align_multiple_sa_vitis (Vivado IP Flow Target)
* Product family: virtexuplus
* Target device:  xcvu5p-flva2104-1-e


================================================================
== Performance Estimates
================================================================
+ Timing: 
    * Summary: 
    +--------+----------+----------+------------+
    |  Clock |  Target  | Estimated| Uncertainty|
    +--------+----------+----------+------------+
    |ap_clk  |  10.00 ns|  1.316 ns|     2.70 ns|
    +--------+----------+----------+------------+

+ Latency: 
    * Summary: 
    +---------+---------+----------+----------+-----+-----+---------+
    |  Latency (cycles) |  Latency (absolute) |  Interval | Pipeline|
    |   min   |   max   |    min   |    max   | min | max |   Type  |
    +---------+---------+----------+----------+-----+-----+---------+
    |       66|       66|  0.660 us|  0.660 us|   66|   66|       no|
    +---------+---------+----------+----------+-----+-----+---------+

    + Detail: 
        * Instance: 
        N/A

        * Loop: 
        +-------------------+---------+---------+----------+-----------+-----------+------+----------+
        |                   |  Latency (cycles) | Iteration|  Initiation Interval  | Trip |          |
        |     Loop Name     |   min   |   max   |  Latency |  achieved |   target  | Count| Pipelined|
        +-------------------+---------+---------+----------+-----------+-----------+------+----------+
        |- VITIS_LOOP_93_3  |       64|       64|         2|          1|          1|    64|       yes|
        +-------------------+---------+---------+----------+-----------+-----------+------+----------+



================================================================
== Utilization Estimates
================================================================
* Summary: 
+---------------------+---------+------+---------+--------+-----+
|         Name        | BRAM_18K|  DSP |    FF   |   LUT  | URAM|
+---------------------+---------+------+---------+--------+-----+
|DSP                  |        -|     -|        -|       -|    -|
|Expression           |        -|     -|        0|     163|    -|
|FIFO                 |        -|     -|        -|       -|    -|
|Instance             |        -|     -|        -|       -|    -|
|Memory               |        -|     -|        -|       -|    -|
|Multiplexer          |        -|     -|        -|     612|    -|
|Register             |        -|     -|      144|       -|    -|
+---------------------+---------+------+---------+--------+-----+
|Total                |        0|     0|      144|     775|    0|
+---------------------+---------+------+---------+--------+-----+
|Available SLR        |     1024|  1737|   600577|  300288|  235|
+---------------------+---------+------+---------+--------+-----+
|Utilization SLR (%)  |        0|     0|       ~0|      ~0|    0|
+---------------------+---------+------+---------+--------+-----+
|Available            |     2048|  3474|  1201154|  600577|  470|
+---------------------+---------+------+---------+--------+-----+
|Utilization (%)      |        0|     0|       ~0|      ~0|    0|
+---------------------+---------+------+---------+--------+-----+

+ Detail: 
    * Instance: 
    N/A

    * DSP: 
    N/A

    * Memory: 
    N/A

    * FIFO: 
    N/A

    * Expression: 
    +----------------------+----------+----+---+----+------------+------------+
    |     Variable Name    | Operation| DSP| FF| LUT| Bitwidth P0| Bitwidth P1|
    +----------------------+----------+----+---+----+------------+------------+
    |add_ln93_fu_1775_p2   |         +|   0|  0|  14|           7|           1|
    |ap_condition_1002     |       and|   0|  0|   2|           1|           1|
    |ap_condition_1005     |       and|   0|  0|   2|           1|           1|
    |ap_condition_1008     |       and|   0|  0|   2|           1|           1|
    |ap_condition_1011     |       and|   0|  0|   2|           1|           1|
    |ap_condition_1014     |       and|   0|  0|   2|           1|           1|
    |ap_condition_1017     |       and|   0|  0|   2|           1|           1|
    |ap_condition_1020     |       and|   0|  0|   2|           1|           1|
    |ap_condition_1023     |       and|   0|  0|   2|           1|           1|
    |ap_condition_1026     |       and|   0|  0|   2|           1|           1|
    |ap_condition_1029     |       and|   0|  0|   2|           1|           1|
    |ap_condition_1032     |       and|   0|  0|   2|           1|           1|
    |ap_condition_1035     |       and|   0|  0|   2|           1|           1|
    |ap_condition_1038     |       and|   0|  0|   2|           1|           1|
    |ap_condition_1041     |       and|   0|  0|   2|           1|           1|
    |ap_condition_1044     |       and|   0|  0|   2|           1|           1|
    |ap_condition_1047     |       and|   0|  0|   2|           1|           1|
    |ap_condition_1050     |       and|   0|  0|   2|           1|           1|
    |ap_condition_1053     |       and|   0|  0|   2|           1|           1|
    |ap_condition_1056     |       and|   0|  0|   2|           1|           1|
    |ap_condition_1059     |       and|   0|  0|   2|           1|           1|
    |ap_condition_1062     |       and|   0|  0|   2|           1|           1|
    |ap_condition_1065     |       and|   0|  0|   2|           1|           1|
    |ap_condition_1068     |       and|   0|  0|   2|           1|           1|
    |ap_condition_1071     |       and|   0|  0|   2|           1|           1|
    |ap_condition_1074     |       and|   0|  0|   2|           1|           1|
    |ap_condition_1077     |       and|   0|  0|   2|           1|           1|
    |ap_condition_1080     |       and|   0|  0|   2|           1|           1|
    |ap_condition_1083     |       and|   0|  0|   2|           1|           1|
    |ap_condition_894      |       and|   0|  0|   2|           1|           1|
    |ap_condition_897      |       and|   0|  0|   2|           1|           1|
    |ap_condition_900      |       and|   0|  0|   2|           1|           1|
    |ap_condition_903      |       and|   0|  0|   2|           1|           1|
    |ap_condition_906      |       and|   0|  0|   2|           1|           1|
    |ap_condition_909      |       and|   0|  0|   2|           1|           1|
    |ap_condition_912      |       and|   0|  0|   2|           1|           1|
    |ap_condition_915      |       and|   0|  0|   2|           1|           1|
    |ap_condition_918      |       and|   0|  0|   2|           1|           1|
    |ap_condition_921      |       and|   0|  0|   2|           1|           1|
    |ap_condition_924      |       and|   0|  0|   2|           1|           1|
    |ap_condition_927      |       and|   0|  0|   2|           1|           1|
    |ap_condition_930      |       and|   0|  0|   2|           1|           1|
    |ap_condition_933      |       and|   0|  0|   2|           1|           1|
    |ap_condition_936      |       and|   0|  0|   2|           1|           1|
    |ap_condition_939      |       and|   0|  0|   2|           1|           1|
    |ap_condition_942      |       and|   0|  0|   2|           1|           1|
    |ap_condition_945      |       and|   0|  0|   2|           1|           1|
    |ap_condition_948      |       and|   0|  0|   2|           1|           1|
    |ap_condition_951      |       and|   0|  0|   2|           1|           1|
    |ap_condition_954      |       and|   0|  0|   2|           1|           1|
    |ap_condition_957      |       and|   0|  0|   2|           1|           1|
    |ap_condition_960      |       and|   0|  0|   2|           1|           1|
    |ap_condition_963      |       and|   0|  0|   2|           1|           1|
    |ap_condition_966      |       and|   0|  0|   2|           1|           1|
    |ap_condition_969      |       and|   0|  0|   2|           1|           1|
    |ap_condition_972      |       and|   0|  0|   2|           1|           1|
    |ap_condition_975      |       and|   0|  0|   2|           1|           1|
    |ap_condition_978      |       and|   0|  0|   2|           1|           1|
    |ap_condition_981      |       and|   0|  0|   2|           1|           1|
    |ap_condition_984      |       and|   0|  0|   2|           1|           1|
    |ap_condition_987      |       and|   0|  0|   2|           1|           1|
    |ap_condition_990      |       and|   0|  0|   2|           1|           1|
    |ap_condition_993      |       and|   0|  0|   2|           1|           1|
    |ap_condition_996      |       and|   0|  0|   2|           1|           1|
    |ap_condition_999      |       and|   0|  0|   2|           1|           1|
    |icmp_ln93_fu_1769_p2  |      icmp|   0|  0|  11|           7|           8|
    |ap_enable_pp0         |       xor|   0|  0|   2|           1|           2|
    |xor_ln94_fu_1781_p2   |       xor|   0|  0|   8|           7|           8|
    +----------------------+----------+----+---+----+------------+------------+
    |Total                 |          |   0|  0| 163|          86|          83|
    +----------------------+----------+----+---+----+------------+------------+

    * Multiplexer: 
    +--------------------------------+----+-----------+-----+-----------+
    |              Name              | LUT| Input Size| Bits| Total Bits|
    +--------------------------------+----+-----------+-----+-----------+
    |ap_done_int                     |   9|          2|    1|          2|
    |ap_enable_reg_pp0_iter1         |   9|          2|    1|          2|
    |ap_sig_allocacmp_i_2            |   9|          2|    7|         14|
    |i_fu_336                        |   9|          2|    7|         14|
    |local_reference_V_1_100_fu_484  |   9|          2|    2|          4|
    |local_reference_V_1_101_fu_488  |   9|          2|    2|          4|
    |local_reference_V_1_102_fu_492  |   9|          2|    2|          4|
    |local_reference_V_1_103_fu_496  |   9|          2|    2|          4|
    |local_reference_V_1_104_fu_500  |   9|          2|    2|          4|
    |local_reference_V_1_105_fu_504  |   9|          2|    2|          4|
    |local_reference_V_1_106_fu_508  |   9|          2|    2|          4|
    |local_reference_V_1_107_fu_512  |   9|          2|    2|          4|
    |local_reference_V_1_108_fu_516  |   9|          2|    2|          4|
    |local_reference_V_1_109_fu_520  |   9|          2|    2|          4|
    |local_reference_V_1_110_fu_524  |   9|          2|    2|          4|
    |local_reference_V_1_111_fu_528  |   9|          2|    2|          4|
    |local_reference_V_1_112_fu_532  |   9|          2|    2|          4|
    |local_reference_V_1_113_fu_536  |   9|          2|    2|          4|
    |local_reference_V_1_114_fu_540  |   9|          2|    2|          4|
    |local_reference_V_1_115_fu_544  |   9|          2|    2|          4|
    |local_reference_V_1_116_fu_548  |   9|          2|    2|          4|
    |local_reference_V_1_117_fu_552  |   9|          2|    2|          4|
    |local_reference_V_1_118_fu_556  |   9|          2|    2|          4|
    |local_reference_V_1_119_fu_560  |   9|          2|    2|          4|
    |local_reference_V_1_120_fu_564  |   9|          2|    2|          4|
    |local_reference_V_1_121_fu_568  |   9|          2|    2|          4|
    |local_reference_V_1_122_fu_572  |   9|          2|    2|          4|
    |local_reference_V_1_123_fu_576  |   9|          2|    2|          4|
    |local_reference_V_1_124_fu_580  |   9|          2|    2|          4|
    |local_reference_V_1_125_fu_584  |   9|          2|    2|          4|
    |local_reference_V_1_126_fu_588  |   9|          2|    2|          4|
    |local_reference_V_1_127_fu_592  |   9|          2|    2|          4|
    |local_reference_V_1_21_fu_344   |   9|          2|    2|          4|
    |local_reference_V_1_66_fu_348   |   9|          2|    2|          4|
    |local_reference_V_1_67_fu_352   |   9|          2|    2|          4|
    |local_reference_V_1_68_fu_356   |   9|          2|    2|          4|
    |local_reference_V_1_69_fu_360   |   9|          2|    2|          4|
    |local_reference_V_1_70_fu_364   |   9|          2|    2|          4|
    |local_reference_V_1_71_fu_368   |   9|          2|    2|          4|
    |local_reference_V_1_72_fu_372   |   9|          2|    2|          4|
    |local_reference_V_1_73_fu_376   |   9|          2|    2|          4|
    |local_reference_V_1_74_fu_380   |   9|          2|    2|          4|
    |local_reference_V_1_75_fu_384   |   9|          2|    2|          4|
    |local_reference_V_1_76_fu_388   |   9|          2|    2|          4|
    |local_reference_V_1_77_fu_392   |   9|          2|    2|          4|
    |local_reference_V_1_78_fu_396   |   9|          2|    2|          4|
    |local_reference_V_1_79_fu_400   |   9|          2|    2|          4|
    |local_reference_V_1_80_fu_404   |   9|          2|    2|          4|
    |local_reference_V_1_81_fu_408   |   9|          2|    2|          4|
    |local_reference_V_1_82_fu_412   |   9|          2|    2|          4|
    |local_reference_V_1_83_fu_416   |   9|          2|    2|          4|
    |local_reference_V_1_84_fu_420   |   9|          2|    2|          4|
    |local_reference_V_1_85_fu_424   |   9|          2|    2|          4|
    |local_reference_V_1_86_fu_428   |   9|          2|    2|          4|
    |local_reference_V_1_87_fu_432   |   9|          2|    2|          4|
    |local_reference_V_1_88_fu_436   |   9|          2|    2|          4|
    |local_reference_V_1_89_fu_440   |   9|          2|    2|          4|
    |local_reference_V_1_90_fu_444   |   9|          2|    2|          4|
    |local_reference_V_1_91_fu_448   |   9|          2|    2|          4|
    |local_reference_V_1_92_fu_452   |   9|          2|    2|          4|
    |local_reference_V_1_93_fu_456   |   9|          2|    2|          4|
    |local_reference_V_1_94_fu_460   |   9|          2|    2|          4|
    |local_reference_V_1_95_fu_464   |   9|          2|    2|          4|
    |local_reference_V_1_96_fu_468   |   9|          2|    2|          4|
    |local_reference_V_1_97_fu_472   |   9|          2|    2|          4|
    |local_reference_V_1_98_fu_476   |   9|          2|    2|          4|
    |local_reference_V_1_99_fu_480   |   9|          2|    2|          4|
    |local_reference_V_1_fu_340      |   9|          2|    2|          4|
    +--------------------------------+----+-----------+-----+-----------+
    |Total                           | 612|        136|  144|        288|
    +--------------------------------+----+-----------+-----+-----------+

    * Register: 
    +--------------------------------+---+----+-----+-----------+
    |              Name              | FF| LUT| Bits| Const Bits|
    +--------------------------------+---+----+-----+-----------+
    |ap_CS_fsm                       |  1|   0|    1|          0|
    |ap_done_reg                     |  1|   0|    1|          0|
    |ap_enable_reg_pp0_iter1         |  1|   0|    1|          0|
    |i_fu_336                        |  7|   0|    7|          0|
    |local_reference_V_1_100_fu_484  |  2|   0|    2|          0|
    |local_reference_V_1_101_fu_488  |  2|   0|    2|          0|
    |local_reference_V_1_102_fu_492  |  2|   0|    2|          0|
    |local_reference_V_1_103_fu_496  |  2|   0|    2|          0|
    |local_reference_V_1_104_fu_500  |  2|   0|    2|          0|
    |local_reference_V_1_105_fu_504  |  2|   0|    2|          0|
    |local_reference_V_1_106_fu_508  |  2|   0|    2|          0|
    |local_reference_V_1_107_fu_512  |  2|   0|    2|          0|
    |local_reference_V_1_108_fu_516  |  2|   0|    2|          0|
    |local_reference_V_1_109_fu_520  |  2|   0|    2|          0|
    |local_reference_V_1_110_fu_524  |  2|   0|    2|          0|
    |local_reference_V_1_111_fu_528  |  2|   0|    2|          0|
    |local_reference_V_1_112_fu_532  |  2|   0|    2|          0|
    |local_reference_V_1_113_fu_536  |  2|   0|    2|          0|
    |local_reference_V_1_114_fu_540  |  2|   0|    2|          0|
    |local_reference_V_1_115_fu_544  |  2|   0|    2|          0|
    |local_reference_V_1_116_fu_548  |  2|   0|    2|          0|
    |local_reference_V_1_117_fu_552  |  2|   0|    2|          0|
    |local_reference_V_1_118_fu_556  |  2|   0|    2|          0|
    |local_reference_V_1_119_fu_560  |  2|   0|    2|          0|
    |local_reference_V_1_120_fu_564  |  2|   0|    2|          0|
    |local_reference_V_1_121_fu_568  |  2|   0|    2|          0|
    |local_reference_V_1_122_fu_572  |  2|   0|    2|          0|
    |local_reference_V_1_123_fu_576  |  2|   0|    2|          0|
    |local_reference_V_1_124_fu_580  |  2|   0|    2|          0|
    |local_reference_V_1_125_fu_584  |  2|   0|    2|          0|
    |local_reference_V_1_126_fu_588  |  2|   0|    2|          0|
    |local_reference_V_1_127_fu_592  |  2|   0|    2|          0|
    |local_reference_V_1_21_fu_344   |  2|   0|    2|          0|
    |local_reference_V_1_66_fu_348   |  2|   0|    2|          0|
    |local_reference_V_1_67_fu_352   |  2|   0|    2|          0|
    |local_reference_V_1_68_fu_356   |  2|   0|    2|          0|
    |local_reference_V_1_69_fu_360   |  2|   0|    2|          0|
    |local_reference_V_1_70_fu_364   |  2|   0|    2|          0|
    |local_reference_V_1_71_fu_368   |  2|   0|    2|          0|
    |local_reference_V_1_72_fu_372   |  2|   0|    2|          0|
    |local_reference_V_1_73_fu_376   |  2|   0|    2|          0|
    |local_reference_V_1_74_fu_380   |  2|   0|    2|          0|
    |local_reference_V_1_75_fu_384   |  2|   0|    2|          0|
    |local_reference_V_1_76_fu_388   |  2|   0|    2|          0|
    |local_reference_V_1_77_fu_392   |  2|   0|    2|          0|
    |local_reference_V_1_78_fu_396   |  2|   0|    2|          0|
    |local_reference_V_1_79_fu_400   |  2|   0|    2|          0|
    |local_reference_V_1_80_fu_404   |  2|   0|    2|          0|
    |local_reference_V_1_81_fu_408   |  2|   0|    2|          0|
    |local_reference_V_1_82_fu_412   |  2|   0|    2|          0|
    |local_reference_V_1_83_fu_416   |  2|   0|    2|          0|
    |local_reference_V_1_84_fu_420   |  2|   0|    2|          0|
    |local_reference_V_1_85_fu_424   |  2|   0|    2|          0|
    |local_reference_V_1_86_fu_428   |  2|   0|    2|          0|
    |local_reference_V_1_87_fu_432   |  2|   0|    2|          0|
    |local_reference_V_1_88_fu_436   |  2|   0|    2|          0|
    |local_reference_V_1_89_fu_440   |  2|   0|    2|          0|
    |local_reference_V_1_90_fu_444   |  2|   0|    2|          0|
    |local_reference_V_1_91_fu_448   |  2|   0|    2|          0|
    |local_reference_V_1_92_fu_452   |  2|   0|    2|          0|
    |local_reference_V_1_93_fu_456   |  2|   0|    2|          0|
    |local_reference_V_1_94_fu_460   |  2|   0|    2|          0|
    |local_reference_V_1_95_fu_464   |  2|   0|    2|          0|
    |local_reference_V_1_96_fu_468   |  2|   0|    2|          0|
    |local_reference_V_1_97_fu_472   |  2|   0|    2|          0|
    |local_reference_V_1_98_fu_476   |  2|   0|    2|          0|
    |local_reference_V_1_99_fu_480   |  2|   0|    2|          0|
    |local_reference_V_1_fu_340      |  2|   0|    2|          0|
    |trunc_ln94_reg_2854             |  4|   0|    4|          0|
    |trunc_ln94_s_reg_2850           |  2|   0|    2|          0|
    +--------------------------------+---+----+-----+-----------+
    |Total                           |144|   0|  144|          0|
    +--------------------------------+---+----+-----+-----------+



================================================================
== Interface
================================================================
* Summary: 
+--------------------------------------+-----+-----+------------+-----------------------------------------------+--------------+
|               RTL Ports              | Dir | Bits|  Protocol  |                 Source Object                 |    C Type    |
+--------------------------------------+-----+-----+------------+-----------------------------------------------+--------------+
|ap_clk                                |   in|    1|  ap_ctrl_hs|  seq_align_multiple_Pipeline_VITIS_LOOP_93_326|  return value|
|ap_rst                                |   in|    1|  ap_ctrl_hs|  seq_align_multiple_Pipeline_VITIS_LOOP_93_326|  return value|
|ap_start                              |   in|    1|  ap_ctrl_hs|  seq_align_multiple_Pipeline_VITIS_LOOP_93_326|  return value|
|ap_done                               |  out|    1|  ap_ctrl_hs|  seq_align_multiple_Pipeline_VITIS_LOOP_93_326|  return value|
|ap_idle                               |  out|    1|  ap_ctrl_hs|  seq_align_multiple_Pipeline_VITIS_LOOP_93_326|  return value|
|ap_ready                              |  out|    1|  ap_ctrl_hs|  seq_align_multiple_Pipeline_VITIS_LOOP_93_326|  return value|
|local_reference_V_3_15_18_reload      |   in|    2|     ap_none|               local_reference_V_3_15_18_reload|        scalar|
|local_reference_V_2_15_18_reload      |   in|    2|     ap_none|               local_reference_V_2_15_18_reload|        scalar|
|local_reference_V_1_15_18_reload      |   in|    2|     ap_none|               local_reference_V_1_15_18_reload|        scalar|
|local_reference_V_0_15_18_reload      |   in|    2|     ap_none|               local_reference_V_0_15_18_reload|        scalar|
|local_reference_V_3_14_18_reload      |   in|    2|     ap_none|               local_reference_V_3_14_18_reload|        scalar|
|local_reference_V_2_14_18_reload      |   in|    2|     ap_none|               local_reference_V_2_14_18_reload|        scalar|
|local_reference_V_1_14_18_reload      |   in|    2|     ap_none|               local_reference_V_1_14_18_reload|        scalar|
|local_reference_V_0_14_18_reload      |   in|    2|     ap_none|               local_reference_V_0_14_18_reload|        scalar|
|local_reference_V_3_13_18_reload      |   in|    2|     ap_none|               local_reference_V_3_13_18_reload|        scalar|
|local_reference_V_2_13_18_reload      |   in|    2|     ap_none|               local_reference_V_2_13_18_reload|        scalar|
|local_reference_V_1_13_18_reload      |   in|    2|     ap_none|               local_reference_V_1_13_18_reload|        scalar|
|local_reference_V_0_13_18_reload      |   in|    2|     ap_none|               local_reference_V_0_13_18_reload|        scalar|
|local_reference_V_3_12_18_reload      |   in|    2|     ap_none|               local_reference_V_3_12_18_reload|        scalar|
|local_reference_V_2_12_18_reload      |   in|    2|     ap_none|               local_reference_V_2_12_18_reload|        scalar|
|local_reference_V_1_12_18_reload      |   in|    2|     ap_none|               local_reference_V_1_12_18_reload|        scalar|
|local_reference_V_0_12_18_reload      |   in|    2|     ap_none|               local_reference_V_0_12_18_reload|        scalar|
|local_reference_V_3_11_18_reload      |   in|    2|     ap_none|               local_reference_V_3_11_18_reload|        scalar|
|local_reference_V_2_11_18_reload      |   in|    2|     ap_none|               local_reference_V_2_11_18_reload|        scalar|
|local_reference_V_1_11_18_reload      |   in|    2|     ap_none|               local_reference_V_1_11_18_reload|        scalar|
|local_reference_V_0_11_18_reload      |   in|    2|     ap_none|               local_reference_V_0_11_18_reload|        scalar|
|local_reference_V_3_10_18_reload      |   in|    2|     ap_none|               local_reference_V_3_10_18_reload|        scalar|
|local_reference_V_2_10_18_reload      |   in|    2|     ap_none|               local_reference_V_2_10_18_reload|        scalar|
|local_reference_V_1_10_18_reload      |   in|    2|     ap_none|               local_reference_V_1_10_18_reload|        scalar|
|local_reference_V_0_10_18_reload      |   in|    2|     ap_none|               local_reference_V_0_10_18_reload|        scalar|
|local_reference_V_3_9_18_reload       |   in|    2|     ap_none|                local_reference_V_3_9_18_reload|        scalar|
|local_reference_V_2_9_18_reload       |   in|    2|     ap_none|                local_reference_V_2_9_18_reload|        scalar|
|local_reference_V_1_9_18_reload       |   in|    2|     ap_none|                local_reference_V_1_9_18_reload|        scalar|
|local_reference_V_0_9_18_reload       |   in|    2|     ap_none|                local_reference_V_0_9_18_reload|        scalar|
|local_reference_V_3_8_18_reload       |   in|    2|     ap_none|                local_reference_V_3_8_18_reload|        scalar|
|local_reference_V_2_8_18_reload       |   in|    2|     ap_none|                local_reference_V_2_8_18_reload|        scalar|
|local_reference_V_1_8_18_reload       |   in|    2|     ap_none|                local_reference_V_1_8_18_reload|        scalar|
|local_reference_V_0_8_18_reload       |   in|    2|     ap_none|                local_reference_V_0_8_18_reload|        scalar|
|local_reference_V_3_7_18_reload       |   in|    2|     ap_none|                local_reference_V_3_7_18_reload|        scalar|
|local_reference_V_2_7_18_reload       |   in|    2|     ap_none|                local_reference_V_2_7_18_reload|        scalar|
|local_reference_V_1_7_18_reload       |   in|    2|     ap_none|                local_reference_V_1_7_18_reload|        scalar|
|local_reference_V_0_7_18_reload       |   in|    2|     ap_none|                local_reference_V_0_7_18_reload|        scalar|
|local_reference_V_3_6_18_reload       |   in|    2|     ap_none|                local_reference_V_3_6_18_reload|        scalar|
|local_reference_V_2_6_18_reload       |   in|    2|     ap_none|                local_reference_V_2_6_18_reload|        scalar|
|local_reference_V_1_6_18_reload       |   in|    2|     ap_none|                local_reference_V_1_6_18_reload|        scalar|
|local_reference_V_0_6_18_reload       |   in|    2|     ap_none|                local_reference_V_0_6_18_reload|        scalar|
|local_reference_V_3_5_18_reload       |   in|    2|     ap_none|                local_reference_V_3_5_18_reload|        scalar|
|local_reference_V_2_5_18_reload       |   in|    2|     ap_none|                local_reference_V_2_5_18_reload|        scalar|
|local_reference_V_1_5_18_reload       |   in|    2|     ap_none|                local_reference_V_1_5_18_reload|        scalar|
|local_reference_V_0_5_18_reload       |   in|    2|     ap_none|                local_reference_V_0_5_18_reload|        scalar|
|local_reference_V_3_4_18_reload       |   in|    2|     ap_none|                local_reference_V_3_4_18_reload|        scalar|
|local_reference_V_2_4_18_reload       |   in|    2|     ap_none|                local_reference_V_2_4_18_reload|        scalar|
|local_reference_V_1_4_18_reload       |   in|    2|     ap_none|                local_reference_V_1_4_18_reload|        scalar|
|local_reference_V_0_4_18_reload       |   in|    2|     ap_none|                local_reference_V_0_4_18_reload|        scalar|
|local_reference_V_3_3_18_reload       |   in|    2|     ap_none|                local_reference_V_3_3_18_reload|        scalar|
|local_reference_V_2_3_18_reload       |   in|    2|     ap_none|                local_reference_V_2_3_18_reload|        scalar|
|local_reference_V_1_3_18_reload       |   in|    2|     ap_none|                local_reference_V_1_3_18_reload|        scalar|
|local_reference_V_0_3_18_reload       |   in|    2|     ap_none|                local_reference_V_0_3_18_reload|        scalar|
|local_reference_V_3_2_18_reload       |   in|    2|     ap_none|                local_reference_V_3_2_18_reload|        scalar|
|local_reference_V_2_2_18_reload       |   in|    2|     ap_none|                local_reference_V_2_2_18_reload|        scalar|
|local_reference_V_1_2_18_reload       |   in|    2|     ap_none|                local_reference_V_1_2_18_reload|        scalar|
|local_reference_V_0_2_18_reload       |   in|    2|     ap_none|                local_reference_V_0_2_18_reload|        scalar|
|local_reference_V_3_1_18_reload       |   in|    2|     ap_none|                local_reference_V_3_1_18_reload|        scalar|
|local_reference_V_2_1_18_reload       |   in|    2|     ap_none|                local_reference_V_2_1_18_reload|        scalar|
|local_reference_V_1_1_18_reload       |   in|    2|     ap_none|                local_reference_V_1_1_18_reload|        scalar|
|local_reference_V_0_1_18_reload       |   in|    2|     ap_none|                local_reference_V_0_1_18_reload|        scalar|
|local_reference_V_3_18_reload         |   in|    2|     ap_none|                  local_reference_V_3_18_reload|        scalar|
|local_reference_V_2_18_reload         |   in|    2|     ap_none|                  local_reference_V_2_18_reload|        scalar|
|local_reference_V_1_18_reload         |   in|    2|     ap_none|                  local_reference_V_1_18_reload|        scalar|
|local_reference_V_0_18_reload         |   in|    2|     ap_none|                  local_reference_V_0_18_reload|        scalar|
|reference_string_comp_3_address0      |  out|    7|   ap_memory|                        reference_string_comp_3|         array|
|reference_string_comp_3_ce0           |  out|    1|   ap_memory|                        reference_string_comp_3|         array|
|reference_string_comp_3_q0            |   in|    2|   ap_memory|                        reference_string_comp_3|         array|
|local_reference_V_3_15_21_out         |  out|    2|      ap_vld|                  local_reference_V_3_15_21_out|       pointer|
|local_reference_V_3_15_21_out_ap_vld  |  out|    1|      ap_vld|                  local_reference_V_3_15_21_out|       pointer|
|local_reference_V_2_15_21_out         |  out|    2|      ap_vld|                  local_reference_V_2_15_21_out|       pointer|
|local_reference_V_2_15_21_out_ap_vld  |  out|    1|      ap_vld|                  local_reference_V_2_15_21_out|       pointer|
|local_reference_V_1_15_21_out         |  out|    2|      ap_vld|                  local_reference_V_1_15_21_out|       pointer|
|local_reference_V_1_15_21_out_ap_vld  |  out|    1|      ap_vld|                  local_reference_V_1_15_21_out|       pointer|
|local_reference_V_0_15_21_out         |  out|    2|      ap_vld|                  local_reference_V_0_15_21_out|       pointer|
|local_reference_V_0_15_21_out_ap_vld  |  out|    1|      ap_vld|                  local_reference_V_0_15_21_out|       pointer|
|local_reference_V_3_14_21_out         |  out|    2|      ap_vld|                  local_reference_V_3_14_21_out|       pointer|
|local_reference_V_3_14_21_out_ap_vld  |  out|    1|      ap_vld|                  local_reference_V_3_14_21_out|       pointer|
|local_reference_V_2_14_21_out         |  out|    2|      ap_vld|                  local_reference_V_2_14_21_out|       pointer|
|local_reference_V_2_14_21_out_ap_vld  |  out|    1|      ap_vld|                  local_reference_V_2_14_21_out|       pointer|
|local_reference_V_1_14_21_out         |  out|    2|      ap_vld|                  local_reference_V_1_14_21_out|       pointer|
|local_reference_V_1_14_21_out_ap_vld  |  out|    1|      ap_vld|                  local_reference_V_1_14_21_out|       pointer|
|local_reference_V_0_14_21_out         |  out|    2|      ap_vld|                  local_reference_V_0_14_21_out|       pointer|
|local_reference_V_0_14_21_out_ap_vld  |  out|    1|      ap_vld|                  local_reference_V_0_14_21_out|       pointer|
|local_reference_V_3_13_21_out         |  out|    2|      ap_vld|                  local_reference_V_3_13_21_out|       pointer|
|local_reference_V_3_13_21_out_ap_vld  |  out|    1|      ap_vld|                  local_reference_V_3_13_21_out|       pointer|
|local_reference_V_2_13_21_out         |  out|    2|      ap_vld|                  local_reference_V_2_13_21_out|       pointer|
|local_reference_V_2_13_21_out_ap_vld  |  out|    1|      ap_vld|                  local_reference_V_2_13_21_out|       pointer|
|local_reference_V_1_13_21_out         |  out|    2|      ap_vld|                  local_reference_V_1_13_21_out|       pointer|
|local_reference_V_1_13_21_out_ap_vld  |  out|    1|      ap_vld|                  local_reference_V_1_13_21_out|       pointer|
|local_reference_V_0_13_21_out         |  out|    2|      ap_vld|                  local_reference_V_0_13_21_out|       pointer|
|local_reference_V_0_13_21_out_ap_vld  |  out|    1|      ap_vld|                  local_reference_V_0_13_21_out|       pointer|
|local_reference_V_3_12_21_out         |  out|    2|      ap_vld|                  local_reference_V_3_12_21_out|       pointer|
|local_reference_V_3_12_21_out_ap_vld  |  out|    1|      ap_vld|                  local_reference_V_3_12_21_out|       pointer|
|local_reference_V_2_12_21_out         |  out|    2|      ap_vld|                  local_reference_V_2_12_21_out|       pointer|
|local_reference_V_2_12_21_out_ap_vld  |  out|    1|      ap_vld|                  local_reference_V_2_12_21_out|       pointer|
|local_reference_V_1_12_21_out         |  out|    2|      ap_vld|                  local_reference_V_1_12_21_out|       pointer|
|local_reference_V_1_12_21_out_ap_vld  |  out|    1|      ap_vld|                  local_reference_V_1_12_21_out|       pointer|
|local_reference_V_0_12_21_out         |  out|    2|      ap_vld|                  local_reference_V_0_12_21_out|       pointer|
|local_reference_V_0_12_21_out_ap_vld  |  out|    1|      ap_vld|                  local_reference_V_0_12_21_out|       pointer|
|local_reference_V_3_11_21_out         |  out|    2|      ap_vld|                  local_reference_V_3_11_21_out|       pointer|
|local_reference_V_3_11_21_out_ap_vld  |  out|    1|      ap_vld|                  local_reference_V_3_11_21_out|       pointer|
|local_reference_V_2_11_21_out         |  out|    2|      ap_vld|                  local_reference_V_2_11_21_out|       pointer|
|local_reference_V_2_11_21_out_ap_vld  |  out|    1|      ap_vld|                  local_reference_V_2_11_21_out|       pointer|
|local_reference_V_1_11_21_out         |  out|    2|      ap_vld|                  local_reference_V_1_11_21_out|       pointer|
|local_reference_V_1_11_21_out_ap_vld  |  out|    1|      ap_vld|                  local_reference_V_1_11_21_out|       pointer|
|local_reference_V_0_11_21_out         |  out|    2|      ap_vld|                  local_reference_V_0_11_21_out|       pointer|
|local_reference_V_0_11_21_out_ap_vld  |  out|    1|      ap_vld|                  local_reference_V_0_11_21_out|       pointer|
|local_reference_V_3_10_21_out         |  out|    2|      ap_vld|                  local_reference_V_3_10_21_out|       pointer|
|local_reference_V_3_10_21_out_ap_vld  |  out|    1|      ap_vld|                  local_reference_V_3_10_21_out|       pointer|
|local_reference_V_2_10_21_out         |  out|    2|      ap_vld|                  local_reference_V_2_10_21_out|       pointer|
|local_reference_V_2_10_21_out_ap_vld  |  out|    1|      ap_vld|                  local_reference_V_2_10_21_out|       pointer|
|local_reference_V_1_10_21_out         |  out|    2|      ap_vld|                  local_reference_V_1_10_21_out|       pointer|
|local_reference_V_1_10_21_out_ap_vld  |  out|    1|      ap_vld|                  local_reference_V_1_10_21_out|       pointer|
|local_reference_V_0_10_21_out         |  out|    2|      ap_vld|                  local_reference_V_0_10_21_out|       pointer|
|local_reference_V_0_10_21_out_ap_vld  |  out|    1|      ap_vld|                  local_reference_V_0_10_21_out|       pointer|
|local_reference_V_3_9_21_out          |  out|    2|      ap_vld|                   local_reference_V_3_9_21_out|       pointer|
|local_reference_V_3_9_21_out_ap_vld   |  out|    1|      ap_vld|                   local_reference_V_3_9_21_out|       pointer|
|local_reference_V_2_9_21_out          |  out|    2|      ap_vld|                   local_reference_V_2_9_21_out|       pointer|
|local_reference_V_2_9_21_out_ap_vld   |  out|    1|      ap_vld|                   local_reference_V_2_9_21_out|       pointer|
|local_reference_V_1_9_21_out          |  out|    2|      ap_vld|                   local_reference_V_1_9_21_out|       pointer|
|local_reference_V_1_9_21_out_ap_vld   |  out|    1|      ap_vld|                   local_reference_V_1_9_21_out|       pointer|
|local_reference_V_0_9_21_out          |  out|    2|      ap_vld|                   local_reference_V_0_9_21_out|       pointer|
|local_reference_V_0_9_21_out_ap_vld   |  out|    1|      ap_vld|                   local_reference_V_0_9_21_out|       pointer|
|local_reference_V_3_8_21_out          |  out|    2|      ap_vld|                   local_reference_V_3_8_21_out|       pointer|
|local_reference_V_3_8_21_out_ap_vld   |  out|    1|      ap_vld|                   local_reference_V_3_8_21_out|       pointer|
|local_reference_V_2_8_21_out          |  out|    2|      ap_vld|                   local_reference_V_2_8_21_out|       pointer|
|local_reference_V_2_8_21_out_ap_vld   |  out|    1|      ap_vld|                   local_reference_V_2_8_21_out|       pointer|
|local_reference_V_1_8_21_out          |  out|    2|      ap_vld|                   local_reference_V_1_8_21_out|       pointer|
|local_reference_V_1_8_21_out_ap_vld   |  out|    1|      ap_vld|                   local_reference_V_1_8_21_out|       pointer|
|local_reference_V_0_8_21_out          |  out|    2|      ap_vld|                   local_reference_V_0_8_21_out|       pointer|
|local_reference_V_0_8_21_out_ap_vld   |  out|    1|      ap_vld|                   local_reference_V_0_8_21_out|       pointer|
|local_reference_V_3_7_21_out          |  out|    2|      ap_vld|                   local_reference_V_3_7_21_out|       pointer|
|local_reference_V_3_7_21_out_ap_vld   |  out|    1|      ap_vld|                   local_reference_V_3_7_21_out|       pointer|
|local_reference_V_2_7_21_out          |  out|    2|      ap_vld|                   local_reference_V_2_7_21_out|       pointer|
|local_reference_V_2_7_21_out_ap_vld   |  out|    1|      ap_vld|                   local_reference_V_2_7_21_out|       pointer|
|local_reference_V_1_7_21_out          |  out|    2|      ap_vld|                   local_reference_V_1_7_21_out|       pointer|
|local_reference_V_1_7_21_out_ap_vld   |  out|    1|      ap_vld|                   local_reference_V_1_7_21_out|       pointer|
|local_reference_V_0_7_21_out          |  out|    2|      ap_vld|                   local_reference_V_0_7_21_out|       pointer|
|local_reference_V_0_7_21_out_ap_vld   |  out|    1|      ap_vld|                   local_reference_V_0_7_21_out|       pointer|
|local_reference_V_3_6_21_out          |  out|    2|      ap_vld|                   local_reference_V_3_6_21_out|       pointer|
|local_reference_V_3_6_21_out_ap_vld   |  out|    1|      ap_vld|                   local_reference_V_3_6_21_out|       pointer|
|local_reference_V_2_6_21_out          |  out|    2|      ap_vld|                   local_reference_V_2_6_21_out|       pointer|
|local_reference_V_2_6_21_out_ap_vld   |  out|    1|      ap_vld|                   local_reference_V_2_6_21_out|       pointer|
|local_reference_V_1_6_21_out          |  out|    2|      ap_vld|                   local_reference_V_1_6_21_out|       pointer|
|local_reference_V_1_6_21_out_ap_vld   |  out|    1|      ap_vld|                   local_reference_V_1_6_21_out|       pointer|
|local_reference_V_0_6_21_out          |  out|    2|      ap_vld|                   local_reference_V_0_6_21_out|       pointer|
|local_reference_V_0_6_21_out_ap_vld   |  out|    1|      ap_vld|                   local_reference_V_0_6_21_out|       pointer|
|local_reference_V_3_5_21_out          |  out|    2|      ap_vld|                   local_reference_V_3_5_21_out|       pointer|
|local_reference_V_3_5_21_out_ap_vld   |  out|    1|      ap_vld|                   local_reference_V_3_5_21_out|       pointer|
|local_reference_V_2_5_21_out          |  out|    2|      ap_vld|                   local_reference_V_2_5_21_out|       pointer|
|local_reference_V_2_5_21_out_ap_vld   |  out|    1|      ap_vld|                   local_reference_V_2_5_21_out|       pointer|
|local_reference_V_1_5_21_out          |  out|    2|      ap_vld|                   local_reference_V_1_5_21_out|       pointer|
|local_reference_V_1_5_21_out_ap_vld   |  out|    1|      ap_vld|                   local_reference_V_1_5_21_out|       pointer|
|local_reference_V_0_5_21_out          |  out|    2|      ap_vld|                   local_reference_V_0_5_21_out|       pointer|
|local_reference_V_0_5_21_out_ap_vld   |  out|    1|      ap_vld|                   local_reference_V_0_5_21_out|       pointer|
|local_reference_V_3_4_21_out          |  out|    2|      ap_vld|                   local_reference_V_3_4_21_out|       pointer|
|local_reference_V_3_4_21_out_ap_vld   |  out|    1|      ap_vld|                   local_reference_V_3_4_21_out|       pointer|
|local_reference_V_2_4_21_out          |  out|    2|      ap_vld|                   local_reference_V_2_4_21_out|       pointer|
|local_reference_V_2_4_21_out_ap_vld   |  out|    1|      ap_vld|                   local_reference_V_2_4_21_out|       pointer|
|local_reference_V_1_4_21_out          |  out|    2|      ap_vld|                   local_reference_V_1_4_21_out|       pointer|
|local_reference_V_1_4_21_out_ap_vld   |  out|    1|      ap_vld|                   local_reference_V_1_4_21_out|       pointer|
|local_reference_V_0_4_21_out          |  out|    2|      ap_vld|                   local_reference_V_0_4_21_out|       pointer|
|local_reference_V_0_4_21_out_ap_vld   |  out|    1|      ap_vld|                   local_reference_V_0_4_21_out|       pointer|
|local_reference_V_3_3_21_out          |  out|    2|      ap_vld|                   local_reference_V_3_3_21_out|       pointer|
|local_reference_V_3_3_21_out_ap_vld   |  out|    1|      ap_vld|                   local_reference_V_3_3_21_out|       pointer|
|local_reference_V_2_3_21_out          |  out|    2|      ap_vld|                   local_reference_V_2_3_21_out|       pointer|
|local_reference_V_2_3_21_out_ap_vld   |  out|    1|      ap_vld|                   local_reference_V_2_3_21_out|       pointer|
|local_reference_V_1_3_21_out          |  out|    2|      ap_vld|                   local_reference_V_1_3_21_out|       pointer|
|local_reference_V_1_3_21_out_ap_vld   |  out|    1|      ap_vld|                   local_reference_V_1_3_21_out|       pointer|
|local_reference_V_0_3_21_out          |  out|    2|      ap_vld|                   local_reference_V_0_3_21_out|       pointer|
|local_reference_V_0_3_21_out_ap_vld   |  out|    1|      ap_vld|                   local_reference_V_0_3_21_out|       pointer|
|local_reference_V_3_2_21_out          |  out|    2|      ap_vld|                   local_reference_V_3_2_21_out|       pointer|
|local_reference_V_3_2_21_out_ap_vld   |  out|    1|      ap_vld|                   local_reference_V_3_2_21_out|       pointer|
|local_reference_V_2_2_21_out          |  out|    2|      ap_vld|                   local_reference_V_2_2_21_out|       pointer|
|local_reference_V_2_2_21_out_ap_vld   |  out|    1|      ap_vld|                   local_reference_V_2_2_21_out|       pointer|
|local_reference_V_1_2_21_out          |  out|    2|      ap_vld|                   local_reference_V_1_2_21_out|       pointer|
|local_reference_V_1_2_21_out_ap_vld   |  out|    1|      ap_vld|                   local_reference_V_1_2_21_out|       pointer|
|local_reference_V_0_2_21_out          |  out|    2|      ap_vld|                   local_reference_V_0_2_21_out|       pointer|
|local_reference_V_0_2_21_out_ap_vld   |  out|    1|      ap_vld|                   local_reference_V_0_2_21_out|       pointer|
|local_reference_V_3_1_21_out          |  out|    2|      ap_vld|                   local_reference_V_3_1_21_out|       pointer|
|local_reference_V_3_1_21_out_ap_vld   |  out|    1|      ap_vld|                   local_reference_V_3_1_21_out|       pointer|
|local_reference_V_2_1_21_out          |  out|    2|      ap_vld|                   local_reference_V_2_1_21_out|       pointer|
|local_reference_V_2_1_21_out_ap_vld   |  out|    1|      ap_vld|                   local_reference_V_2_1_21_out|       pointer|
|local_reference_V_1_1_21_out          |  out|    2|      ap_vld|                   local_reference_V_1_1_21_out|       pointer|
|local_reference_V_1_1_21_out_ap_vld   |  out|    1|      ap_vld|                   local_reference_V_1_1_21_out|       pointer|
|local_reference_V_0_1_21_out          |  out|    2|      ap_vld|                   local_reference_V_0_1_21_out|       pointer|
|local_reference_V_0_1_21_out_ap_vld   |  out|    1|      ap_vld|                   local_reference_V_0_1_21_out|       pointer|
|local_reference_V_3_21_out            |  out|    2|      ap_vld|                     local_reference_V_3_21_out|       pointer|
|local_reference_V_3_21_out_ap_vld     |  out|    1|      ap_vld|                     local_reference_V_3_21_out|       pointer|
|local_reference_V_2_21_out            |  out|    2|      ap_vld|                     local_reference_V_2_21_out|       pointer|
|local_reference_V_2_21_out_ap_vld     |  out|    1|      ap_vld|                     local_reference_V_2_21_out|       pointer|
|local_reference_V_1_21_out            |  out|    2|      ap_vld|                     local_reference_V_1_21_out|       pointer|
|local_reference_V_1_21_out_ap_vld     |  out|    1|      ap_vld|                     local_reference_V_1_21_out|       pointer|
|local_reference_V_0_21_out            |  out|    2|      ap_vld|                     local_reference_V_0_21_out|       pointer|
|local_reference_V_0_21_out_ap_vld     |  out|    1|      ap_vld|                     local_reference_V_0_21_out|       pointer|
+--------------------------------------+-----+-----+------------+-----------------------------------------------+--------------+

