

================================================================
== Vitis HLS Report for 'seq_align_multiple_Pipeline_VITIS_LOOP_93_36'
================================================================
* Date:           Mon Apr 10 18:42:04 2023

* Version:        2022.2 (Build 3670227 on Oct 13 2022)
* Project:        local_seq_align_multiple_sa_vitis
* Solution:       local_seq_align_multiple_sa_vitis (Vivado IP Flow Target)
* Product family: virtexuplus
* Target device:  xcvu5p-flva2104-1-e


================================================================
== Performance Estimates
================================================================
+ Timing: 
    * Summary: 
    +--------+----------+----------+------------+
    |  Clock |  Target  | Estimated| Uncertainty|
    +--------+----------+----------+------------+
    |ap_clk  |  10.00 ns|  1.316 ns|     2.70 ns|
    +--------+----------+----------+------------+

+ Latency: 
    * Summary: 
    +---------+---------+----------+----------+-----+-----+---------+
    |  Latency (cycles) |  Latency (absolute) |  Interval | Pipeline|
    |   min   |   max   |    min   |    max   | min | max |   Type  |
    +---------+---------+----------+----------+-----+-----+---------+
    |       66|       66|  0.660 us|  0.660 us|   66|   66|       no|
    +---------+---------+----------+----------+-----+-----+---------+

    + Detail: 
        * Instance: 
        N/A

        * Loop: 
        +-------------------+---------+---------+----------+-----------+-----------+------+----------+
        |                   |  Latency (cycles) | Iteration|  Initiation Interval  | Trip |          |
        |     Loop Name     |   min   |   max   |  Latency |  achieved |   target  | Count| Pipelined|
        +-------------------+---------+---------+----------+-----------+-----------+------+----------+
        |- VITIS_LOOP_93_3  |       64|       64|         2|          1|          1|    64|       yes|
        +-------------------+---------+---------+----------+-----------+-----------+------+----------+



================================================================
== Utilization Estimates
================================================================
* Summary: 
+---------------------+---------+------+---------+--------+-----+
|         Name        | BRAM_18K|  DSP |    FF   |   LUT  | URAM|
+---------------------+---------+------+---------+--------+-----+
|DSP                  |        -|     -|        -|       -|    -|
|Expression           |        -|     -|        0|     155|    -|
|FIFO                 |        -|     -|        -|       -|    -|
|Instance             |        -|     -|        -|       -|    -|
|Memory               |        -|     -|        -|       -|    -|
|Multiplexer          |        -|     -|        -|     612|    -|
|Register             |        -|     -|      144|       -|    -|
+---------------------+---------+------+---------+--------+-----+
|Total                |        0|     0|      144|     767|    0|
+---------------------+---------+------+---------+--------+-----+
|Available SLR        |     1024|  1737|   600577|  300288|  235|
+---------------------+---------+------+---------+--------+-----+
|Utilization SLR (%)  |        0|     0|       ~0|      ~0|    0|
+---------------------+---------+------+---------+--------+-----+
|Available            |     2048|  3474|  1201154|  600577|  470|
+---------------------+---------+------+---------+--------+-----+
|Utilization (%)      |        0|     0|       ~0|      ~0|    0|
+---------------------+---------+------+---------+--------+-----+

+ Detail: 
    * Instance: 
    N/A

    * DSP: 
    N/A

    * Memory: 
    N/A

    * FIFO: 
    N/A

    * Expression: 
    +----------------------+----------+----+---+----+------------+------------+
    |     Variable Name    | Operation| DSP| FF| LUT| Bitwidth P0| Bitwidth P1|
    +----------------------+----------+----+---+----+------------+------------+
    |add_ln93_fu_1775_p2   |         +|   0|  0|  14|           7|           1|
    |ap_condition_1001     |       and|   0|  0|   2|           1|           1|
    |ap_condition_1004     |       and|   0|  0|   2|           1|           1|
    |ap_condition_1007     |       and|   0|  0|   2|           1|           1|
    |ap_condition_1010     |       and|   0|  0|   2|           1|           1|
    |ap_condition_1013     |       and|   0|  0|   2|           1|           1|
    |ap_condition_1016     |       and|   0|  0|   2|           1|           1|
    |ap_condition_1019     |       and|   0|  0|   2|           1|           1|
    |ap_condition_1022     |       and|   0|  0|   2|           1|           1|
    |ap_condition_1025     |       and|   0|  0|   2|           1|           1|
    |ap_condition_1028     |       and|   0|  0|   2|           1|           1|
    |ap_condition_1031     |       and|   0|  0|   2|           1|           1|
    |ap_condition_1034     |       and|   0|  0|   2|           1|           1|
    |ap_condition_1037     |       and|   0|  0|   2|           1|           1|
    |ap_condition_1040     |       and|   0|  0|   2|           1|           1|
    |ap_condition_1043     |       and|   0|  0|   2|           1|           1|
    |ap_condition_1046     |       and|   0|  0|   2|           1|           1|
    |ap_condition_1049     |       and|   0|  0|   2|           1|           1|
    |ap_condition_1052     |       and|   0|  0|   2|           1|           1|
    |ap_condition_1055     |       and|   0|  0|   2|           1|           1|
    |ap_condition_1058     |       and|   0|  0|   2|           1|           1|
    |ap_condition_1061     |       and|   0|  0|   2|           1|           1|
    |ap_condition_1064     |       and|   0|  0|   2|           1|           1|
    |ap_condition_1067     |       and|   0|  0|   2|           1|           1|
    |ap_condition_1070     |       and|   0|  0|   2|           1|           1|
    |ap_condition_1073     |       and|   0|  0|   2|           1|           1|
    |ap_condition_1076     |       and|   0|  0|   2|           1|           1|
    |ap_condition_1079     |       and|   0|  0|   2|           1|           1|
    |ap_condition_890      |       and|   0|  0|   2|           1|           1|
    |ap_condition_893      |       and|   0|  0|   2|           1|           1|
    |ap_condition_896      |       and|   0|  0|   2|           1|           1|
    |ap_condition_899      |       and|   0|  0|   2|           1|           1|
    |ap_condition_902      |       and|   0|  0|   2|           1|           1|
    |ap_condition_905      |       and|   0|  0|   2|           1|           1|
    |ap_condition_908      |       and|   0|  0|   2|           1|           1|
    |ap_condition_911      |       and|   0|  0|   2|           1|           1|
    |ap_condition_914      |       and|   0|  0|   2|           1|           1|
    |ap_condition_917      |       and|   0|  0|   2|           1|           1|
    |ap_condition_920      |       and|   0|  0|   2|           1|           1|
    |ap_condition_923      |       and|   0|  0|   2|           1|           1|
    |ap_condition_926      |       and|   0|  0|   2|           1|           1|
    |ap_condition_929      |       and|   0|  0|   2|           1|           1|
    |ap_condition_932      |       and|   0|  0|   2|           1|           1|
    |ap_condition_935      |       and|   0|  0|   2|           1|           1|
    |ap_condition_938      |       and|   0|  0|   2|           1|           1|
    |ap_condition_941      |       and|   0|  0|   2|           1|           1|
    |ap_condition_944      |       and|   0|  0|   2|           1|           1|
    |ap_condition_947      |       and|   0|  0|   2|           1|           1|
    |ap_condition_950      |       and|   0|  0|   2|           1|           1|
    |ap_condition_953      |       and|   0|  0|   2|           1|           1|
    |ap_condition_956      |       and|   0|  0|   2|           1|           1|
    |ap_condition_959      |       and|   0|  0|   2|           1|           1|
    |ap_condition_962      |       and|   0|  0|   2|           1|           1|
    |ap_condition_965      |       and|   0|  0|   2|           1|           1|
    |ap_condition_968      |       and|   0|  0|   2|           1|           1|
    |ap_condition_971      |       and|   0|  0|   2|           1|           1|
    |ap_condition_974      |       and|   0|  0|   2|           1|           1|
    |ap_condition_977      |       and|   0|  0|   2|           1|           1|
    |ap_condition_980      |       and|   0|  0|   2|           1|           1|
    |ap_condition_983      |       and|   0|  0|   2|           1|           1|
    |ap_condition_986      |       and|   0|  0|   2|           1|           1|
    |ap_condition_989      |       and|   0|  0|   2|           1|           1|
    |ap_condition_992      |       and|   0|  0|   2|           1|           1|
    |ap_condition_995      |       and|   0|  0|   2|           1|           1|
    |ap_condition_998      |       and|   0|  0|   2|           1|           1|
    |icmp_ln93_fu_1769_p2  |      icmp|   0|  0|  11|           7|           8|
    |ap_enable_pp0         |       xor|   0|  0|   2|           1|           2|
    +----------------------+----------+----+---+----+------------+------------+
    |Total                 |          |   0|  0| 155|          79|          75|
    +----------------------+----------+----+---+----+------------+------------+

    * Multiplexer: 
    +-------------------------------+----+-----------+-----+-----------+
    |              Name             | LUT| Input Size| Bits| Total Bits|
    +-------------------------------+----+-----------+-----+-----------+
    |ap_done_int                    |   9|          2|    1|          2|
    |ap_enable_reg_pp0_iter1        |   9|          2|    1|          2|
    |ap_sig_allocacmp_i_1           |   9|          2|    7|         14|
    |i_fu_336                       |   9|          2|    7|         14|
    |local_reference_V_1_10_fu_380  |   9|          2|    2|          4|
    |local_reference_V_1_11_fu_384  |   9|          2|    2|          4|
    |local_reference_V_1_12_fu_388  |   9|          2|    2|          4|
    |local_reference_V_1_13_fu_392  |   9|          2|    2|          4|
    |local_reference_V_1_14_fu_396  |   9|          2|    2|          4|
    |local_reference_V_1_15_fu_400  |   9|          2|    2|          4|
    |local_reference_V_1_16_fu_404  |   9|          2|    2|          4|
    |local_reference_V_1_17_fu_408  |   9|          2|    2|          4|
    |local_reference_V_1_18_fu_412  |   9|          2|    2|          4|
    |local_reference_V_1_19_fu_416  |   9|          2|    2|          4|
    |local_reference_V_1_1_fu_344   |   9|          2|    2|          4|
    |local_reference_V_1_20_fu_420  |   9|          2|    2|          4|
    |local_reference_V_1_21_fu_424  |   9|          2|    2|          4|
    |local_reference_V_1_22_fu_428  |   9|          2|    2|          4|
    |local_reference_V_1_23_fu_432  |   9|          2|    2|          4|
    |local_reference_V_1_24_fu_436  |   9|          2|    2|          4|
    |local_reference_V_1_25_fu_440  |   9|          2|    2|          4|
    |local_reference_V_1_26_fu_444  |   9|          2|    2|          4|
    |local_reference_V_1_27_fu_448  |   9|          2|    2|          4|
    |local_reference_V_1_28_fu_452  |   9|          2|    2|          4|
    |local_reference_V_1_29_fu_456  |   9|          2|    2|          4|
    |local_reference_V_1_2_fu_348   |   9|          2|    2|          4|
    |local_reference_V_1_30_fu_460  |   9|          2|    2|          4|
    |local_reference_V_1_31_fu_464  |   9|          2|    2|          4|
    |local_reference_V_1_32_fu_468  |   9|          2|    2|          4|
    |local_reference_V_1_33_fu_472  |   9|          2|    2|          4|
    |local_reference_V_1_34_fu_476  |   9|          2|    2|          4|
    |local_reference_V_1_35_fu_480  |   9|          2|    2|          4|
    |local_reference_V_1_36_fu_484  |   9|          2|    2|          4|
    |local_reference_V_1_37_fu_488  |   9|          2|    2|          4|
    |local_reference_V_1_38_fu_492  |   9|          2|    2|          4|
    |local_reference_V_1_39_fu_496  |   9|          2|    2|          4|
    |local_reference_V_1_3_fu_352   |   9|          2|    2|          4|
    |local_reference_V_1_40_fu_500  |   9|          2|    2|          4|
    |local_reference_V_1_41_fu_504  |   9|          2|    2|          4|
    |local_reference_V_1_42_fu_508  |   9|          2|    2|          4|
    |local_reference_V_1_43_fu_512  |   9|          2|    2|          4|
    |local_reference_V_1_44_fu_516  |   9|          2|    2|          4|
    |local_reference_V_1_45_fu_520  |   9|          2|    2|          4|
    |local_reference_V_1_46_fu_524  |   9|          2|    2|          4|
    |local_reference_V_1_47_fu_528  |   9|          2|    2|          4|
    |local_reference_V_1_48_fu_532  |   9|          2|    2|          4|
    |local_reference_V_1_49_fu_536  |   9|          2|    2|          4|
    |local_reference_V_1_4_fu_356   |   9|          2|    2|          4|
    |local_reference_V_1_50_fu_540  |   9|          2|    2|          4|
    |local_reference_V_1_51_fu_544  |   9|          2|    2|          4|
    |local_reference_V_1_52_fu_548  |   9|          2|    2|          4|
    |local_reference_V_1_53_fu_552  |   9|          2|    2|          4|
    |local_reference_V_1_54_fu_556  |   9|          2|    2|          4|
    |local_reference_V_1_55_fu_560  |   9|          2|    2|          4|
    |local_reference_V_1_56_fu_564  |   9|          2|    2|          4|
    |local_reference_V_1_57_fu_568  |   9|          2|    2|          4|
    |local_reference_V_1_58_fu_572  |   9|          2|    2|          4|
    |local_reference_V_1_59_fu_576  |   9|          2|    2|          4|
    |local_reference_V_1_5_fu_360   |   9|          2|    2|          4|
    |local_reference_V_1_60_fu_580  |   9|          2|    2|          4|
    |local_reference_V_1_61_fu_584  |   9|          2|    2|          4|
    |local_reference_V_1_62_fu_588  |   9|          2|    2|          4|
    |local_reference_V_1_63_fu_592  |   9|          2|    2|          4|
    |local_reference_V_1_6_fu_364   |   9|          2|    2|          4|
    |local_reference_V_1_7_fu_368   |   9|          2|    2|          4|
    |local_reference_V_1_8_fu_372   |   9|          2|    2|          4|
    |local_reference_V_1_9_fu_376   |   9|          2|    2|          4|
    |local_reference_V_1_fu_340     |   9|          2|    2|          4|
    +-------------------------------+----+-----------+-----+-----------+
    |Total                          | 612|        136|  144|        288|
    +-------------------------------+----+-----------+-----+-----------+

    * Register: 
    +-------------------------------+---+----+-----+-----------+
    |              Name             | FF| LUT| Bits| Const Bits|
    +-------------------------------+---+----+-----+-----------+
    |ap_CS_fsm                      |  1|   0|    1|          0|
    |ap_done_reg                    |  1|   0|    1|          0|
    |ap_enable_reg_pp0_iter1        |  1|   0|    1|          0|
    |i_fu_336                       |  7|   0|    7|          0|
    |local_reference_V_1_10_fu_380  |  2|   0|    2|          0|
    |local_reference_V_1_11_fu_384  |  2|   0|    2|          0|
    |local_reference_V_1_12_fu_388  |  2|   0|    2|          0|
    |local_reference_V_1_13_fu_392  |  2|   0|    2|          0|
    |local_reference_V_1_14_fu_396  |  2|   0|    2|          0|
    |local_reference_V_1_15_fu_400  |  2|   0|    2|          0|
    |local_reference_V_1_16_fu_404  |  2|   0|    2|          0|
    |local_reference_V_1_17_fu_408  |  2|   0|    2|          0|
    |local_reference_V_1_18_fu_412  |  2|   0|    2|          0|
    |local_reference_V_1_19_fu_416  |  2|   0|    2|          0|
    |local_reference_V_1_1_fu_344   |  2|   0|    2|          0|
    |local_reference_V_1_20_fu_420  |  2|   0|    2|          0|
    |local_reference_V_1_21_fu_424  |  2|   0|    2|          0|
    |local_reference_V_1_22_fu_428  |  2|   0|    2|          0|
    |local_reference_V_1_23_fu_432  |  2|   0|    2|          0|
    |local_reference_V_1_24_fu_436  |  2|   0|    2|          0|
    |local_reference_V_1_25_fu_440  |  2|   0|    2|          0|
    |local_reference_V_1_26_fu_444  |  2|   0|    2|          0|
    |local_reference_V_1_27_fu_448  |  2|   0|    2|          0|
    |local_reference_V_1_28_fu_452  |  2|   0|    2|          0|
    |local_reference_V_1_29_fu_456  |  2|   0|    2|          0|
    |local_reference_V_1_2_fu_348   |  2|   0|    2|          0|
    |local_reference_V_1_30_fu_460  |  2|   0|    2|          0|
    |local_reference_V_1_31_fu_464  |  2|   0|    2|          0|
    |local_reference_V_1_32_fu_468  |  2|   0|    2|          0|
    |local_reference_V_1_33_fu_472  |  2|   0|    2|          0|
    |local_reference_V_1_34_fu_476  |  2|   0|    2|          0|
    |local_reference_V_1_35_fu_480  |  2|   0|    2|          0|
    |local_reference_V_1_36_fu_484  |  2|   0|    2|          0|
    |local_reference_V_1_37_fu_488  |  2|   0|    2|          0|
    |local_reference_V_1_38_fu_492  |  2|   0|    2|          0|
    |local_reference_V_1_39_fu_496  |  2|   0|    2|          0|
    |local_reference_V_1_3_fu_352   |  2|   0|    2|          0|
    |local_reference_V_1_40_fu_500  |  2|   0|    2|          0|
    |local_reference_V_1_41_fu_504  |  2|   0|    2|          0|
    |local_reference_V_1_42_fu_508  |  2|   0|    2|          0|
    |local_reference_V_1_43_fu_512  |  2|   0|    2|          0|
    |local_reference_V_1_44_fu_516  |  2|   0|    2|          0|
    |local_reference_V_1_45_fu_520  |  2|   0|    2|          0|
    |local_reference_V_1_46_fu_524  |  2|   0|    2|          0|
    |local_reference_V_1_47_fu_528  |  2|   0|    2|          0|
    |local_reference_V_1_48_fu_532  |  2|   0|    2|          0|
    |local_reference_V_1_49_fu_536  |  2|   0|    2|          0|
    |local_reference_V_1_4_fu_356   |  2|   0|    2|          0|
    |local_reference_V_1_50_fu_540  |  2|   0|    2|          0|
    |local_reference_V_1_51_fu_544  |  2|   0|    2|          0|
    |local_reference_V_1_52_fu_548  |  2|   0|    2|          0|
    |local_reference_V_1_53_fu_552  |  2|   0|    2|          0|
    |local_reference_V_1_54_fu_556  |  2|   0|    2|          0|
    |local_reference_V_1_55_fu_560  |  2|   0|    2|          0|
    |local_reference_V_1_56_fu_564  |  2|   0|    2|          0|
    |local_reference_V_1_57_fu_568  |  2|   0|    2|          0|
    |local_reference_V_1_58_fu_572  |  2|   0|    2|          0|
    |local_reference_V_1_59_fu_576  |  2|   0|    2|          0|
    |local_reference_V_1_5_fu_360   |  2|   0|    2|          0|
    |local_reference_V_1_60_fu_580  |  2|   0|    2|          0|
    |local_reference_V_1_61_fu_584  |  2|   0|    2|          0|
    |local_reference_V_1_62_fu_588  |  2|   0|    2|          0|
    |local_reference_V_1_63_fu_592  |  2|   0|    2|          0|
    |local_reference_V_1_6_fu_364   |  2|   0|    2|          0|
    |local_reference_V_1_7_fu_368   |  2|   0|    2|          0|
    |local_reference_V_1_8_fu_372   |  2|   0|    2|          0|
    |local_reference_V_1_9_fu_376   |  2|   0|    2|          0|
    |local_reference_V_1_fu_340     |  2|   0|    2|          0|
    |trunc_ln94_reg_2848            |  4|   0|    4|          0|
    |trunc_ln94_s_reg_2839          |  2|   0|    2|          0|
    +-------------------------------+---+----+-----+-----------+
    |Total                          |144|   0|  144|          0|
    +-------------------------------+---+----+-----+-----------+



================================================================
== Interface
================================================================
* Summary: 
+-------------------------------------+-----+-----+------------+----------------------------------------------+--------------+
|              RTL Ports              | Dir | Bits|  Protocol  |                 Source Object                |    C Type    |
+-------------------------------------+-----+-----+------------+----------------------------------------------+--------------+
|ap_clk                               |   in|    1|  ap_ctrl_hs|  seq_align_multiple_Pipeline_VITIS_LOOP_93_36|  return value|
|ap_rst                               |   in|    1|  ap_ctrl_hs|  seq_align_multiple_Pipeline_VITIS_LOOP_93_36|  return value|
|ap_start                             |   in|    1|  ap_ctrl_hs|  seq_align_multiple_Pipeline_VITIS_LOOP_93_36|  return value|
|ap_done                              |  out|    1|  ap_ctrl_hs|  seq_align_multiple_Pipeline_VITIS_LOOP_93_36|  return value|
|ap_idle                              |  out|    1|  ap_ctrl_hs|  seq_align_multiple_Pipeline_VITIS_LOOP_93_36|  return value|
|ap_ready                             |  out|    1|  ap_ctrl_hs|  seq_align_multiple_Pipeline_VITIS_LOOP_93_36|  return value|
|local_reference_V_3_15_3_reload      |   in|    2|     ap_none|               local_reference_V_3_15_3_reload|        scalar|
|local_reference_V_2_15_3_reload      |   in|    2|     ap_none|               local_reference_V_2_15_3_reload|        scalar|
|local_reference_V_1_15_3_reload      |   in|    2|     ap_none|               local_reference_V_1_15_3_reload|        scalar|
|local_reference_V_0_15_3_reload      |   in|    2|     ap_none|               local_reference_V_0_15_3_reload|        scalar|
|local_reference_V_3_14_3_reload      |   in|    2|     ap_none|               local_reference_V_3_14_3_reload|        scalar|
|local_reference_V_2_14_3_reload      |   in|    2|     ap_none|               local_reference_V_2_14_3_reload|        scalar|
|local_reference_V_1_14_3_reload      |   in|    2|     ap_none|               local_reference_V_1_14_3_reload|        scalar|
|local_reference_V_0_14_3_reload      |   in|    2|     ap_none|               local_reference_V_0_14_3_reload|        scalar|
|local_reference_V_3_13_3_reload      |   in|    2|     ap_none|               local_reference_V_3_13_3_reload|        scalar|
|local_reference_V_2_13_3_reload      |   in|    2|     ap_none|               local_reference_V_2_13_3_reload|        scalar|
|local_reference_V_1_13_3_reload      |   in|    2|     ap_none|               local_reference_V_1_13_3_reload|        scalar|
|local_reference_V_0_13_3_reload      |   in|    2|     ap_none|               local_reference_V_0_13_3_reload|        scalar|
|local_reference_V_3_12_3_reload      |   in|    2|     ap_none|               local_reference_V_3_12_3_reload|        scalar|
|local_reference_V_2_12_3_reload      |   in|    2|     ap_none|               local_reference_V_2_12_3_reload|        scalar|
|local_reference_V_1_12_3_reload      |   in|    2|     ap_none|               local_reference_V_1_12_3_reload|        scalar|
|local_reference_V_0_12_3_reload      |   in|    2|     ap_none|               local_reference_V_0_12_3_reload|        scalar|
|local_reference_V_3_11_3_reload      |   in|    2|     ap_none|               local_reference_V_3_11_3_reload|        scalar|
|local_reference_V_2_11_3_reload      |   in|    2|     ap_none|               local_reference_V_2_11_3_reload|        scalar|
|local_reference_V_1_11_3_reload      |   in|    2|     ap_none|               local_reference_V_1_11_3_reload|        scalar|
|local_reference_V_0_11_3_reload      |   in|    2|     ap_none|               local_reference_V_0_11_3_reload|        scalar|
|local_reference_V_3_10_3_reload      |   in|    2|     ap_none|               local_reference_V_3_10_3_reload|        scalar|
|local_reference_V_2_10_3_reload      |   in|    2|     ap_none|               local_reference_V_2_10_3_reload|        scalar|
|local_reference_V_1_10_3_reload      |   in|    2|     ap_none|               local_reference_V_1_10_3_reload|        scalar|
|local_reference_V_0_10_3_reload      |   in|    2|     ap_none|               local_reference_V_0_10_3_reload|        scalar|
|local_reference_V_3_9_3_reload       |   in|    2|     ap_none|                local_reference_V_3_9_3_reload|        scalar|
|local_reference_V_2_9_3_reload       |   in|    2|     ap_none|                local_reference_V_2_9_3_reload|        scalar|
|local_reference_V_1_9_3_reload       |   in|    2|     ap_none|                local_reference_V_1_9_3_reload|        scalar|
|local_reference_V_0_9_3_reload       |   in|    2|     ap_none|                local_reference_V_0_9_3_reload|        scalar|
|local_reference_V_3_8_3_reload       |   in|    2|     ap_none|                local_reference_V_3_8_3_reload|        scalar|
|local_reference_V_2_8_3_reload       |   in|    2|     ap_none|                local_reference_V_2_8_3_reload|        scalar|
|local_reference_V_1_8_3_reload       |   in|    2|     ap_none|                local_reference_V_1_8_3_reload|        scalar|
|local_reference_V_0_8_3_reload       |   in|    2|     ap_none|                local_reference_V_0_8_3_reload|        scalar|
|local_reference_V_3_7_3_reload       |   in|    2|     ap_none|                local_reference_V_3_7_3_reload|        scalar|
|local_reference_V_2_7_3_reload       |   in|    2|     ap_none|                local_reference_V_2_7_3_reload|        scalar|
|local_reference_V_1_7_3_reload       |   in|    2|     ap_none|                local_reference_V_1_7_3_reload|        scalar|
|local_reference_V_0_7_3_reload       |   in|    2|     ap_none|                local_reference_V_0_7_3_reload|        scalar|
|local_reference_V_3_6_3_reload       |   in|    2|     ap_none|                local_reference_V_3_6_3_reload|        scalar|
|local_reference_V_2_6_3_reload       |   in|    2|     ap_none|                local_reference_V_2_6_3_reload|        scalar|
|local_reference_V_1_6_3_reload       |   in|    2|     ap_none|                local_reference_V_1_6_3_reload|        scalar|
|local_reference_V_0_6_3_reload       |   in|    2|     ap_none|                local_reference_V_0_6_3_reload|        scalar|
|local_reference_V_3_5_3_reload       |   in|    2|     ap_none|                local_reference_V_3_5_3_reload|        scalar|
|local_reference_V_2_5_3_reload       |   in|    2|     ap_none|                local_reference_V_2_5_3_reload|        scalar|
|local_reference_V_1_5_3_reload       |   in|    2|     ap_none|                local_reference_V_1_5_3_reload|        scalar|
|local_reference_V_0_5_3_reload       |   in|    2|     ap_none|                local_reference_V_0_5_3_reload|        scalar|
|local_reference_V_3_4_3_reload       |   in|    2|     ap_none|                local_reference_V_3_4_3_reload|        scalar|
|local_reference_V_2_4_3_reload       |   in|    2|     ap_none|                local_reference_V_2_4_3_reload|        scalar|
|local_reference_V_1_4_3_reload       |   in|    2|     ap_none|                local_reference_V_1_4_3_reload|        scalar|
|local_reference_V_0_4_3_reload       |   in|    2|     ap_none|                local_reference_V_0_4_3_reload|        scalar|
|local_reference_V_3_3_3_reload       |   in|    2|     ap_none|                local_reference_V_3_3_3_reload|        scalar|
|local_reference_V_2_3_3_reload       |   in|    2|     ap_none|                local_reference_V_2_3_3_reload|        scalar|
|local_reference_V_1_3_3_reload       |   in|    2|     ap_none|                local_reference_V_1_3_3_reload|        scalar|
|local_reference_V_0_3_3_reload       |   in|    2|     ap_none|                local_reference_V_0_3_3_reload|        scalar|
|local_reference_V_3_2_3_reload       |   in|    2|     ap_none|                local_reference_V_3_2_3_reload|        scalar|
|local_reference_V_2_2_3_reload       |   in|    2|     ap_none|                local_reference_V_2_2_3_reload|        scalar|
|local_reference_V_1_2_3_reload       |   in|    2|     ap_none|                local_reference_V_1_2_3_reload|        scalar|
|local_reference_V_0_2_3_reload       |   in|    2|     ap_none|                local_reference_V_0_2_3_reload|        scalar|
|local_reference_V_3_1_3_reload       |   in|    2|     ap_none|                local_reference_V_3_1_3_reload|        scalar|
|local_reference_V_2_1_3_reload       |   in|    2|     ap_none|                local_reference_V_2_1_3_reload|        scalar|
|local_reference_V_1_1_3_reload       |   in|    2|     ap_none|                local_reference_V_1_1_3_reload|        scalar|
|local_reference_V_0_1_3_reload       |   in|    2|     ap_none|                local_reference_V_0_1_3_reload|        scalar|
|local_reference_V_3_354_reload       |   in|    2|     ap_none|                local_reference_V_3_354_reload|        scalar|
|local_reference_V_2_339_reload       |   in|    2|     ap_none|                local_reference_V_2_339_reload|        scalar|
|local_reference_V_1_324_reload       |   in|    2|     ap_none|                local_reference_V_1_324_reload|        scalar|
|local_reference_V_0_38_reload        |   in|    2|     ap_none|                 local_reference_V_0_38_reload|        scalar|
|reference_string_comp_2_address0     |  out|    6|   ap_memory|                       reference_string_comp_2|         array|
|reference_string_comp_2_ce0          |  out|    1|   ap_memory|                       reference_string_comp_2|         array|
|reference_string_comp_2_q0           |   in|    2|   ap_memory|                       reference_string_comp_2|         array|
|local_reference_V_3_15_6_out         |  out|    2|      ap_vld|                  local_reference_V_3_15_6_out|       pointer|
|local_reference_V_3_15_6_out_ap_vld  |  out|    1|      ap_vld|                  local_reference_V_3_15_6_out|       pointer|
|local_reference_V_2_15_6_out         |  out|    2|      ap_vld|                  local_reference_V_2_15_6_out|       pointer|
|local_reference_V_2_15_6_out_ap_vld  |  out|    1|      ap_vld|                  local_reference_V_2_15_6_out|       pointer|
|local_reference_V_1_15_6_out         |  out|    2|      ap_vld|                  local_reference_V_1_15_6_out|       pointer|
|local_reference_V_1_15_6_out_ap_vld  |  out|    1|      ap_vld|                  local_reference_V_1_15_6_out|       pointer|
|local_reference_V_0_15_6_out         |  out|    2|      ap_vld|                  local_reference_V_0_15_6_out|       pointer|
|local_reference_V_0_15_6_out_ap_vld  |  out|    1|      ap_vld|                  local_reference_V_0_15_6_out|       pointer|
|local_reference_V_3_14_6_out         |  out|    2|      ap_vld|                  local_reference_V_3_14_6_out|       pointer|
|local_reference_V_3_14_6_out_ap_vld  |  out|    1|      ap_vld|                  local_reference_V_3_14_6_out|       pointer|
|local_reference_V_2_14_6_out         |  out|    2|      ap_vld|                  local_reference_V_2_14_6_out|       pointer|
|local_reference_V_2_14_6_out_ap_vld  |  out|    1|      ap_vld|                  local_reference_V_2_14_6_out|       pointer|
|local_reference_V_1_14_6_out         |  out|    2|      ap_vld|                  local_reference_V_1_14_6_out|       pointer|
|local_reference_V_1_14_6_out_ap_vld  |  out|    1|      ap_vld|                  local_reference_V_1_14_6_out|       pointer|
|local_reference_V_0_14_6_out         |  out|    2|      ap_vld|                  local_reference_V_0_14_6_out|       pointer|
|local_reference_V_0_14_6_out_ap_vld  |  out|    1|      ap_vld|                  local_reference_V_0_14_6_out|       pointer|
|local_reference_V_3_13_6_out         |  out|    2|      ap_vld|                  local_reference_V_3_13_6_out|       pointer|
|local_reference_V_3_13_6_out_ap_vld  |  out|    1|      ap_vld|                  local_reference_V_3_13_6_out|       pointer|
|local_reference_V_2_13_6_out         |  out|    2|      ap_vld|                  local_reference_V_2_13_6_out|       pointer|
|local_reference_V_2_13_6_out_ap_vld  |  out|    1|      ap_vld|                  local_reference_V_2_13_6_out|       pointer|
|local_reference_V_1_13_6_out         |  out|    2|      ap_vld|                  local_reference_V_1_13_6_out|       pointer|
|local_reference_V_1_13_6_out_ap_vld  |  out|    1|      ap_vld|                  local_reference_V_1_13_6_out|       pointer|
|local_reference_V_0_13_6_out         |  out|    2|      ap_vld|                  local_reference_V_0_13_6_out|       pointer|
|local_reference_V_0_13_6_out_ap_vld  |  out|    1|      ap_vld|                  local_reference_V_0_13_6_out|       pointer|
|local_reference_V_3_12_6_out         |  out|    2|      ap_vld|                  local_reference_V_3_12_6_out|       pointer|
|local_reference_V_3_12_6_out_ap_vld  |  out|    1|      ap_vld|                  local_reference_V_3_12_6_out|       pointer|
|local_reference_V_2_12_6_out         |  out|    2|      ap_vld|                  local_reference_V_2_12_6_out|       pointer|
|local_reference_V_2_12_6_out_ap_vld  |  out|    1|      ap_vld|                  local_reference_V_2_12_6_out|       pointer|
|local_reference_V_1_12_6_out         |  out|    2|      ap_vld|                  local_reference_V_1_12_6_out|       pointer|
|local_reference_V_1_12_6_out_ap_vld  |  out|    1|      ap_vld|                  local_reference_V_1_12_6_out|       pointer|
|local_reference_V_0_12_6_out         |  out|    2|      ap_vld|                  local_reference_V_0_12_6_out|       pointer|
|local_reference_V_0_12_6_out_ap_vld  |  out|    1|      ap_vld|                  local_reference_V_0_12_6_out|       pointer|
|local_reference_V_3_11_6_out         |  out|    2|      ap_vld|                  local_reference_V_3_11_6_out|       pointer|
|local_reference_V_3_11_6_out_ap_vld  |  out|    1|      ap_vld|                  local_reference_V_3_11_6_out|       pointer|
|local_reference_V_2_11_6_out         |  out|    2|      ap_vld|                  local_reference_V_2_11_6_out|       pointer|
|local_reference_V_2_11_6_out_ap_vld  |  out|    1|      ap_vld|                  local_reference_V_2_11_6_out|       pointer|
|local_reference_V_1_11_6_out         |  out|    2|      ap_vld|                  local_reference_V_1_11_6_out|       pointer|
|local_reference_V_1_11_6_out_ap_vld  |  out|    1|      ap_vld|                  local_reference_V_1_11_6_out|       pointer|
|local_reference_V_0_11_6_out         |  out|    2|      ap_vld|                  local_reference_V_0_11_6_out|       pointer|
|local_reference_V_0_11_6_out_ap_vld  |  out|    1|      ap_vld|                  local_reference_V_0_11_6_out|       pointer|
|local_reference_V_3_10_6_out         |  out|    2|      ap_vld|                  local_reference_V_3_10_6_out|       pointer|
|local_reference_V_3_10_6_out_ap_vld  |  out|    1|      ap_vld|                  local_reference_V_3_10_6_out|       pointer|
|local_reference_V_2_10_6_out         |  out|    2|      ap_vld|                  local_reference_V_2_10_6_out|       pointer|
|local_reference_V_2_10_6_out_ap_vld  |  out|    1|      ap_vld|                  local_reference_V_2_10_6_out|       pointer|
|local_reference_V_1_10_6_out         |  out|    2|      ap_vld|                  local_reference_V_1_10_6_out|       pointer|
|local_reference_V_1_10_6_out_ap_vld  |  out|    1|      ap_vld|                  local_reference_V_1_10_6_out|       pointer|
|local_reference_V_0_10_6_out         |  out|    2|      ap_vld|                  local_reference_V_0_10_6_out|       pointer|
|local_reference_V_0_10_6_out_ap_vld  |  out|    1|      ap_vld|                  local_reference_V_0_10_6_out|       pointer|
|local_reference_V_3_9_6_out          |  out|    2|      ap_vld|                   local_reference_V_3_9_6_out|       pointer|
|local_reference_V_3_9_6_out_ap_vld   |  out|    1|      ap_vld|                   local_reference_V_3_9_6_out|       pointer|
|local_reference_V_2_9_6_out          |  out|    2|      ap_vld|                   local_reference_V_2_9_6_out|       pointer|
|local_reference_V_2_9_6_out_ap_vld   |  out|    1|      ap_vld|                   local_reference_V_2_9_6_out|       pointer|
|local_reference_V_1_9_6_out          |  out|    2|      ap_vld|                   local_reference_V_1_9_6_out|       pointer|
|local_reference_V_1_9_6_out_ap_vld   |  out|    1|      ap_vld|                   local_reference_V_1_9_6_out|       pointer|
|local_reference_V_0_9_6_out          |  out|    2|      ap_vld|                   local_reference_V_0_9_6_out|       pointer|
|local_reference_V_0_9_6_out_ap_vld   |  out|    1|      ap_vld|                   local_reference_V_0_9_6_out|       pointer|
|local_reference_V_3_8_6_out          |  out|    2|      ap_vld|                   local_reference_V_3_8_6_out|       pointer|
|local_reference_V_3_8_6_out_ap_vld   |  out|    1|      ap_vld|                   local_reference_V_3_8_6_out|       pointer|
|local_reference_V_2_8_6_out          |  out|    2|      ap_vld|                   local_reference_V_2_8_6_out|       pointer|
|local_reference_V_2_8_6_out_ap_vld   |  out|    1|      ap_vld|                   local_reference_V_2_8_6_out|       pointer|
|local_reference_V_1_8_6_out          |  out|    2|      ap_vld|                   local_reference_V_1_8_6_out|       pointer|
|local_reference_V_1_8_6_out_ap_vld   |  out|    1|      ap_vld|                   local_reference_V_1_8_6_out|       pointer|
|local_reference_V_0_8_6_out          |  out|    2|      ap_vld|                   local_reference_V_0_8_6_out|       pointer|
|local_reference_V_0_8_6_out_ap_vld   |  out|    1|      ap_vld|                   local_reference_V_0_8_6_out|       pointer|
|local_reference_V_3_7_6_out          |  out|    2|      ap_vld|                   local_reference_V_3_7_6_out|       pointer|
|local_reference_V_3_7_6_out_ap_vld   |  out|    1|      ap_vld|                   local_reference_V_3_7_6_out|       pointer|
|local_reference_V_2_7_6_out          |  out|    2|      ap_vld|                   local_reference_V_2_7_6_out|       pointer|
|local_reference_V_2_7_6_out_ap_vld   |  out|    1|      ap_vld|                   local_reference_V_2_7_6_out|       pointer|
|local_reference_V_1_7_6_out          |  out|    2|      ap_vld|                   local_reference_V_1_7_6_out|       pointer|
|local_reference_V_1_7_6_out_ap_vld   |  out|    1|      ap_vld|                   local_reference_V_1_7_6_out|       pointer|
|local_reference_V_0_7_6_out          |  out|    2|      ap_vld|                   local_reference_V_0_7_6_out|       pointer|
|local_reference_V_0_7_6_out_ap_vld   |  out|    1|      ap_vld|                   local_reference_V_0_7_6_out|       pointer|
|local_reference_V_3_6_6_out          |  out|    2|      ap_vld|                   local_reference_V_3_6_6_out|       pointer|
|local_reference_V_3_6_6_out_ap_vld   |  out|    1|      ap_vld|                   local_reference_V_3_6_6_out|       pointer|
|local_reference_V_2_6_6_out          |  out|    2|      ap_vld|                   local_reference_V_2_6_6_out|       pointer|
|local_reference_V_2_6_6_out_ap_vld   |  out|    1|      ap_vld|                   local_reference_V_2_6_6_out|       pointer|
|local_reference_V_1_6_6_out          |  out|    2|      ap_vld|                   local_reference_V_1_6_6_out|       pointer|
|local_reference_V_1_6_6_out_ap_vld   |  out|    1|      ap_vld|                   local_reference_V_1_6_6_out|       pointer|
|local_reference_V_0_6_6_out          |  out|    2|      ap_vld|                   local_reference_V_0_6_6_out|       pointer|
|local_reference_V_0_6_6_out_ap_vld   |  out|    1|      ap_vld|                   local_reference_V_0_6_6_out|       pointer|
|local_reference_V_3_5_6_out          |  out|    2|      ap_vld|                   local_reference_V_3_5_6_out|       pointer|
|local_reference_V_3_5_6_out_ap_vld   |  out|    1|      ap_vld|                   local_reference_V_3_5_6_out|       pointer|
|local_reference_V_2_5_6_out          |  out|    2|      ap_vld|                   local_reference_V_2_5_6_out|       pointer|
|local_reference_V_2_5_6_out_ap_vld   |  out|    1|      ap_vld|                   local_reference_V_2_5_6_out|       pointer|
|local_reference_V_1_5_6_out          |  out|    2|      ap_vld|                   local_reference_V_1_5_6_out|       pointer|
|local_reference_V_1_5_6_out_ap_vld   |  out|    1|      ap_vld|                   local_reference_V_1_5_6_out|       pointer|
|local_reference_V_0_5_6_out          |  out|    2|      ap_vld|                   local_reference_V_0_5_6_out|       pointer|
|local_reference_V_0_5_6_out_ap_vld   |  out|    1|      ap_vld|                   local_reference_V_0_5_6_out|       pointer|
|local_reference_V_3_4_6_out          |  out|    2|      ap_vld|                   local_reference_V_3_4_6_out|       pointer|
|local_reference_V_3_4_6_out_ap_vld   |  out|    1|      ap_vld|                   local_reference_V_3_4_6_out|       pointer|
|local_reference_V_2_4_6_out          |  out|    2|      ap_vld|                   local_reference_V_2_4_6_out|       pointer|
|local_reference_V_2_4_6_out_ap_vld   |  out|    1|      ap_vld|                   local_reference_V_2_4_6_out|       pointer|
|local_reference_V_1_4_6_out          |  out|    2|      ap_vld|                   local_reference_V_1_4_6_out|       pointer|
|local_reference_V_1_4_6_out_ap_vld   |  out|    1|      ap_vld|                   local_reference_V_1_4_6_out|       pointer|
|local_reference_V_0_4_6_out          |  out|    2|      ap_vld|                   local_reference_V_0_4_6_out|       pointer|
|local_reference_V_0_4_6_out_ap_vld   |  out|    1|      ap_vld|                   local_reference_V_0_4_6_out|       pointer|
|local_reference_V_3_3_6_out          |  out|    2|      ap_vld|                   local_reference_V_3_3_6_out|       pointer|
|local_reference_V_3_3_6_out_ap_vld   |  out|    1|      ap_vld|                   local_reference_V_3_3_6_out|       pointer|
|local_reference_V_2_3_6_out          |  out|    2|      ap_vld|                   local_reference_V_2_3_6_out|       pointer|
|local_reference_V_2_3_6_out_ap_vld   |  out|    1|      ap_vld|                   local_reference_V_2_3_6_out|       pointer|
|local_reference_V_1_3_6_out          |  out|    2|      ap_vld|                   local_reference_V_1_3_6_out|       pointer|
|local_reference_V_1_3_6_out_ap_vld   |  out|    1|      ap_vld|                   local_reference_V_1_3_6_out|       pointer|
|local_reference_V_0_3_6_out          |  out|    2|      ap_vld|                   local_reference_V_0_3_6_out|       pointer|
|local_reference_V_0_3_6_out_ap_vld   |  out|    1|      ap_vld|                   local_reference_V_0_3_6_out|       pointer|
|local_reference_V_3_2_6_out          |  out|    2|      ap_vld|                   local_reference_V_3_2_6_out|       pointer|
|local_reference_V_3_2_6_out_ap_vld   |  out|    1|      ap_vld|                   local_reference_V_3_2_6_out|       pointer|
|local_reference_V_2_2_6_out          |  out|    2|      ap_vld|                   local_reference_V_2_2_6_out|       pointer|
|local_reference_V_2_2_6_out_ap_vld   |  out|    1|      ap_vld|                   local_reference_V_2_2_6_out|       pointer|
|local_reference_V_1_2_6_out          |  out|    2|      ap_vld|                   local_reference_V_1_2_6_out|       pointer|
|local_reference_V_1_2_6_out_ap_vld   |  out|    1|      ap_vld|                   local_reference_V_1_2_6_out|       pointer|
|local_reference_V_0_2_6_out          |  out|    2|      ap_vld|                   local_reference_V_0_2_6_out|       pointer|
|local_reference_V_0_2_6_out_ap_vld   |  out|    1|      ap_vld|                   local_reference_V_0_2_6_out|       pointer|
|local_reference_V_3_1_6_out          |  out|    2|      ap_vld|                   local_reference_V_3_1_6_out|       pointer|
|local_reference_V_3_1_6_out_ap_vld   |  out|    1|      ap_vld|                   local_reference_V_3_1_6_out|       pointer|
|local_reference_V_2_1_6_out          |  out|    2|      ap_vld|                   local_reference_V_2_1_6_out|       pointer|
|local_reference_V_2_1_6_out_ap_vld   |  out|    1|      ap_vld|                   local_reference_V_2_1_6_out|       pointer|
|local_reference_V_1_1_6_out          |  out|    2|      ap_vld|                   local_reference_V_1_1_6_out|       pointer|
|local_reference_V_1_1_6_out_ap_vld   |  out|    1|      ap_vld|                   local_reference_V_1_1_6_out|       pointer|
|local_reference_V_0_1_6_out          |  out|    2|      ap_vld|                   local_reference_V_0_1_6_out|       pointer|
|local_reference_V_0_1_6_out_ap_vld   |  out|    1|      ap_vld|                   local_reference_V_0_1_6_out|       pointer|
|local_reference_V_3_657_out          |  out|    2|      ap_vld|                   local_reference_V_3_657_out|       pointer|
|local_reference_V_3_657_out_ap_vld   |  out|    1|      ap_vld|                   local_reference_V_3_657_out|       pointer|
|local_reference_V_2_642_out          |  out|    2|      ap_vld|                   local_reference_V_2_642_out|       pointer|
|local_reference_V_2_642_out_ap_vld   |  out|    1|      ap_vld|                   local_reference_V_2_642_out|       pointer|
|local_reference_V_1_627_out          |  out|    2|      ap_vld|                   local_reference_V_1_627_out|       pointer|
|local_reference_V_1_627_out_ap_vld   |  out|    1|      ap_vld|                   local_reference_V_1_627_out|       pointer|
|local_reference_V_0_611_out          |  out|    2|      ap_vld|                   local_reference_V_0_611_out|       pointer|
|local_reference_V_0_611_out_ap_vld   |  out|    1|      ap_vld|                   local_reference_V_0_611_out|       pointer|
+-------------------------------------+-----+-----+------------+----------------------------------------------+--------------+

