

================================================================
== Vitis HLS Report for 'seq_align_multiple_Pipeline_VITIS_LOOP_93_3'
================================================================
* Date:           Mon Apr 10 18:41:07 2023

* Version:        2022.2 (Build 3670227 on Oct 13 2022)
* Project:        local_seq_align_multiple_sa_vitis
* Solution:       local_seq_align_multiple_sa_vitis (Vivado IP Flow Target)
* Product family: virtexuplus
* Target device:  xcvu5p-flva2104-1-e


================================================================
== Performance Estimates
================================================================
+ Timing: 
    * Summary: 
    +--------+----------+----------+------------+
    |  Clock |  Target  | Estimated| Uncertainty|
    +--------+----------+----------+------------+
    |ap_clk  |  10.00 ns|  1.316 ns|     2.70 ns|
    +--------+----------+----------+------------+

+ Latency: 
    * Summary: 
    +---------+---------+----------+----------+-----+-----+---------+
    |  Latency (cycles) |  Latency (absolute) |  Interval | Pipeline|
    |   min   |   max   |    min   |    max   | min | max |   Type  |
    +---------+---------+----------+----------+-----+-----+---------+
    |       66|       66|  0.660 us|  0.660 us|   66|   66|       no|
    +---------+---------+----------+----------+-----+-----+---------+

    + Detail: 
        * Instance: 
        N/A

        * Loop: 
        +-------------------+---------+---------+----------+-----------+-----------+------+----------+
        |                   |  Latency (cycles) | Iteration|  Initiation Interval  | Trip |          |
        |     Loop Name     |   min   |   max   |  Latency |  achieved |   target  | Count| Pipelined|
        +-------------------+---------+---------+----------+-----------+-----------+------+----------+
        |- VITIS_LOOP_93_3  |       64|       64|         2|          1|          1|    64|       yes|
        +-------------------+---------+---------+----------+-----------+-----------+------+----------+

============================================================
+ Verbose Summary: Synthesis Manager
============================================================
InlineROM: 1
ExposeGlobal: 0
============================================================
+ Verbose Summary: CDFG Model
============================================================
IsTopModel: 0
ResetActiveHigh: 1
IsCombinational: 0
IsDatapathOnly: 0
HasWiredReturn: 1
HasMFsm: 2
HasVarLatency: 1
IsPipeline: 0
IsRtlPipelined: 0
IsInstanceOverlapped: 0
IsDontTouch: 0
HasImplIP: 0
IsGatedGlobalClock: 0

+ Individual pipeline summary: 
  * Pipeline-0: initiation interval (II) = 1, depth = 2


============================================================
+ Verbose Summary: Schedule
============================================================
* Number of FSM states : 2
* Pipeline : 1
  Pipeline-0 : II = 1, D = 2, States = { 1 2 }
* Dataflow Pipeline: 0

* FSM state transitions: 
1 --> 2 
2 --> 

* FSM state operations: 

State 1 <SV = 0> <Delay = 1.31>
ST_1 : Operation 5 [1/1] (0.00ns)   --->   "%i = alloca i32 1"   --->   Operation 5 'alloca' 'i' <Predicate = true> <Delay = 0.00>
ST_1 : Operation 6 [1/1] (0.00ns)   --->   "%local_reference_V_1 = alloca i32 1"   --->   Operation 6 'alloca' 'local_reference_V_1' <Predicate = true> <Delay = 0.00>
ST_1 : Operation 7 [1/1] (0.00ns)   --->   "%local_reference_V_1_454 = alloca i32 1"   --->   Operation 7 'alloca' 'local_reference_V_1_454' <Predicate = true> <Delay = 0.00>
ST_1 : Operation 8 [1/1] (0.00ns)   --->   "%local_reference_V_1_455 = alloca i32 1"   --->   Operation 8 'alloca' 'local_reference_V_1_455' <Predicate = true> <Delay = 0.00>
ST_1 : Operation 9 [1/1] (0.00ns)   --->   "%local_reference_V_1_456 = alloca i32 1"   --->   Operation 9 'alloca' 'local_reference_V_1_456' <Predicate = true> <Delay = 0.00>
ST_1 : Operation 10 [1/1] (0.00ns)   --->   "%local_reference_V_1_457 = alloca i32 1"   --->   Operation 10 'alloca' 'local_reference_V_1_457' <Predicate = true> <Delay = 0.00>
ST_1 : Operation 11 [1/1] (0.00ns)   --->   "%local_reference_V_1_458 = alloca i32 1"   --->   Operation 11 'alloca' 'local_reference_V_1_458' <Predicate = true> <Delay = 0.00>
ST_1 : Operation 12 [1/1] (0.00ns)   --->   "%local_reference_V_1_459 = alloca i32 1"   --->   Operation 12 'alloca' 'local_reference_V_1_459' <Predicate = true> <Delay = 0.00>
ST_1 : Operation 13 [1/1] (0.00ns)   --->   "%local_reference_V_1_460 = alloca i32 1"   --->   Operation 13 'alloca' 'local_reference_V_1_460' <Predicate = true> <Delay = 0.00>
ST_1 : Operation 14 [1/1] (0.00ns)   --->   "%local_reference_V_1_461 = alloca i32 1"   --->   Operation 14 'alloca' 'local_reference_V_1_461' <Predicate = true> <Delay = 0.00>
ST_1 : Operation 15 [1/1] (0.00ns)   --->   "%local_reference_V_1_462 = alloca i32 1"   --->   Operation 15 'alloca' 'local_reference_V_1_462' <Predicate = true> <Delay = 0.00>
ST_1 : Operation 16 [1/1] (0.00ns)   --->   "%local_reference_V_1_463 = alloca i32 1"   --->   Operation 16 'alloca' 'local_reference_V_1_463' <Predicate = true> <Delay = 0.00>
ST_1 : Operation 17 [1/1] (0.00ns)   --->   "%local_reference_V_1_464 = alloca i32 1"   --->   Operation 17 'alloca' 'local_reference_V_1_464' <Predicate = true> <Delay = 0.00>
ST_1 : Operation 18 [1/1] (0.00ns)   --->   "%local_reference_V_1_465 = alloca i32 1"   --->   Operation 18 'alloca' 'local_reference_V_1_465' <Predicate = true> <Delay = 0.00>
ST_1 : Operation 19 [1/1] (0.00ns)   --->   "%local_reference_V_1_466 = alloca i32 1"   --->   Operation 19 'alloca' 'local_reference_V_1_466' <Predicate = true> <Delay = 0.00>
ST_1 : Operation 20 [1/1] (0.00ns)   --->   "%local_reference_V_1_467 = alloca i32 1"   --->   Operation 20 'alloca' 'local_reference_V_1_467' <Predicate = true> <Delay = 0.00>
ST_1 : Operation 21 [1/1] (0.00ns)   --->   "%local_reference_V_1_468 = alloca i32 1"   --->   Operation 21 'alloca' 'local_reference_V_1_468' <Predicate = true> <Delay = 0.00>
ST_1 : Operation 22 [1/1] (0.00ns)   --->   "%local_reference_V_1_469 = alloca i32 1"   --->   Operation 22 'alloca' 'local_reference_V_1_469' <Predicate = true> <Delay = 0.00>
ST_1 : Operation 23 [1/1] (0.00ns)   --->   "%local_reference_V_1_470 = alloca i32 1"   --->   Operation 23 'alloca' 'local_reference_V_1_470' <Predicate = true> <Delay = 0.00>
ST_1 : Operation 24 [1/1] (0.00ns)   --->   "%local_reference_V_1_471 = alloca i32 1"   --->   Operation 24 'alloca' 'local_reference_V_1_471' <Predicate = true> <Delay = 0.00>
ST_1 : Operation 25 [1/1] (0.00ns)   --->   "%local_reference_V_1_472 = alloca i32 1"   --->   Operation 25 'alloca' 'local_reference_V_1_472' <Predicate = true> <Delay = 0.00>
ST_1 : Operation 26 [1/1] (0.00ns)   --->   "%local_reference_V_1_473 = alloca i32 1"   --->   Operation 26 'alloca' 'local_reference_V_1_473' <Predicate = true> <Delay = 0.00>
ST_1 : Operation 27 [1/1] (0.00ns)   --->   "%local_reference_V_1_474 = alloca i32 1"   --->   Operation 27 'alloca' 'local_reference_V_1_474' <Predicate = true> <Delay = 0.00>
ST_1 : Operation 28 [1/1] (0.00ns)   --->   "%local_reference_V_1_475 = alloca i32 1"   --->   Operation 28 'alloca' 'local_reference_V_1_475' <Predicate = true> <Delay = 0.00>
ST_1 : Operation 29 [1/1] (0.00ns)   --->   "%local_reference_V_1_476 = alloca i32 1"   --->   Operation 29 'alloca' 'local_reference_V_1_476' <Predicate = true> <Delay = 0.00>
ST_1 : Operation 30 [1/1] (0.00ns)   --->   "%local_reference_V_1_477 = alloca i32 1"   --->   Operation 30 'alloca' 'local_reference_V_1_477' <Predicate = true> <Delay = 0.00>
ST_1 : Operation 31 [1/1] (0.00ns)   --->   "%local_reference_V_1_478 = alloca i32 1"   --->   Operation 31 'alloca' 'local_reference_V_1_478' <Predicate = true> <Delay = 0.00>
ST_1 : Operation 32 [1/1] (0.00ns)   --->   "%local_reference_V_1_479 = alloca i32 1"   --->   Operation 32 'alloca' 'local_reference_V_1_479' <Predicate = true> <Delay = 0.00>
ST_1 : Operation 33 [1/1] (0.00ns)   --->   "%local_reference_V_1_480 = alloca i32 1"   --->   Operation 33 'alloca' 'local_reference_V_1_480' <Predicate = true> <Delay = 0.00>
ST_1 : Operation 34 [1/1] (0.00ns)   --->   "%local_reference_V_1_481 = alloca i32 1"   --->   Operation 34 'alloca' 'local_reference_V_1_481' <Predicate = true> <Delay = 0.00>
ST_1 : Operation 35 [1/1] (0.00ns)   --->   "%local_reference_V_1_482 = alloca i32 1"   --->   Operation 35 'alloca' 'local_reference_V_1_482' <Predicate = true> <Delay = 0.00>
ST_1 : Operation 36 [1/1] (0.00ns)   --->   "%local_reference_V_1_483 = alloca i32 1"   --->   Operation 36 'alloca' 'local_reference_V_1_483' <Predicate = true> <Delay = 0.00>
ST_1 : Operation 37 [1/1] (0.00ns)   --->   "%local_reference_V_1_484 = alloca i32 1"   --->   Operation 37 'alloca' 'local_reference_V_1_484' <Predicate = true> <Delay = 0.00>
ST_1 : Operation 38 [1/1] (0.00ns)   --->   "%local_reference_V_1_485 = alloca i32 1"   --->   Operation 38 'alloca' 'local_reference_V_1_485' <Predicate = true> <Delay = 0.00>
ST_1 : Operation 39 [1/1] (0.00ns)   --->   "%local_reference_V_1_486 = alloca i32 1"   --->   Operation 39 'alloca' 'local_reference_V_1_486' <Predicate = true> <Delay = 0.00>
ST_1 : Operation 40 [1/1] (0.00ns)   --->   "%local_reference_V_1_487 = alloca i32 1"   --->   Operation 40 'alloca' 'local_reference_V_1_487' <Predicate = true> <Delay = 0.00>
ST_1 : Operation 41 [1/1] (0.00ns)   --->   "%local_reference_V_1_488 = alloca i32 1"   --->   Operation 41 'alloca' 'local_reference_V_1_488' <Predicate = true> <Delay = 0.00>
ST_1 : Operation 42 [1/1] (0.00ns)   --->   "%local_reference_V_1_489 = alloca i32 1"   --->   Operation 42 'alloca' 'local_reference_V_1_489' <Predicate = true> <Delay = 0.00>
ST_1 : Operation 43 [1/1] (0.00ns)   --->   "%local_reference_V_1_490 = alloca i32 1"   --->   Operation 43 'alloca' 'local_reference_V_1_490' <Predicate = true> <Delay = 0.00>
ST_1 : Operation 44 [1/1] (0.00ns)   --->   "%local_reference_V_1_491 = alloca i32 1"   --->   Operation 44 'alloca' 'local_reference_V_1_491' <Predicate = true> <Delay = 0.00>
ST_1 : Operation 45 [1/1] (0.00ns)   --->   "%local_reference_V_1_492 = alloca i32 1"   --->   Operation 45 'alloca' 'local_reference_V_1_492' <Predicate = true> <Delay = 0.00>
ST_1 : Operation 46 [1/1] (0.00ns)   --->   "%local_reference_V_1_493 = alloca i32 1"   --->   Operation 46 'alloca' 'local_reference_V_1_493' <Predicate = true> <Delay = 0.00>
ST_1 : Operation 47 [1/1] (0.00ns)   --->   "%local_reference_V_1_494 = alloca i32 1"   --->   Operation 47 'alloca' 'local_reference_V_1_494' <Predicate = true> <Delay = 0.00>
ST_1 : Operation 48 [1/1] (0.00ns)   --->   "%local_reference_V_1_495 = alloca i32 1"   --->   Operation 48 'alloca' 'local_reference_V_1_495' <Predicate = true> <Delay = 0.00>
ST_1 : Operation 49 [1/1] (0.00ns)   --->   "%local_reference_V_1_496 = alloca i32 1"   --->   Operation 49 'alloca' 'local_reference_V_1_496' <Predicate = true> <Delay = 0.00>
ST_1 : Operation 50 [1/1] (0.00ns)   --->   "%local_reference_V_1_497 = alloca i32 1"   --->   Operation 50 'alloca' 'local_reference_V_1_497' <Predicate = true> <Delay = 0.00>
ST_1 : Operation 51 [1/1] (0.00ns)   --->   "%local_reference_V_1_498 = alloca i32 1"   --->   Operation 51 'alloca' 'local_reference_V_1_498' <Predicate = true> <Delay = 0.00>
ST_1 : Operation 52 [1/1] (0.00ns)   --->   "%local_reference_V_1_499 = alloca i32 1"   --->   Operation 52 'alloca' 'local_reference_V_1_499' <Predicate = true> <Delay = 0.00>
ST_1 : Operation 53 [1/1] (0.00ns)   --->   "%local_reference_V_1_500 = alloca i32 1"   --->   Operation 53 'alloca' 'local_reference_V_1_500' <Predicate = true> <Delay = 0.00>
ST_1 : Operation 54 [1/1] (0.00ns)   --->   "%local_reference_V_1_501 = alloca i32 1"   --->   Operation 54 'alloca' 'local_reference_V_1_501' <Predicate = true> <Delay = 0.00>
ST_1 : Operation 55 [1/1] (0.00ns)   --->   "%local_reference_V_1_502 = alloca i32 1"   --->   Operation 55 'alloca' 'local_reference_V_1_502' <Predicate = true> <Delay = 0.00>
ST_1 : Operation 56 [1/1] (0.00ns)   --->   "%local_reference_V_1_503 = alloca i32 1"   --->   Operation 56 'alloca' 'local_reference_V_1_503' <Predicate = true> <Delay = 0.00>
ST_1 : Operation 57 [1/1] (0.00ns)   --->   "%local_reference_V_1_504 = alloca i32 1"   --->   Operation 57 'alloca' 'local_reference_V_1_504' <Predicate = true> <Delay = 0.00>
ST_1 : Operation 58 [1/1] (0.00ns)   --->   "%local_reference_V_1_505 = alloca i32 1"   --->   Operation 58 'alloca' 'local_reference_V_1_505' <Predicate = true> <Delay = 0.00>
ST_1 : Operation 59 [1/1] (0.00ns)   --->   "%local_reference_V_1_506 = alloca i32 1"   --->   Operation 59 'alloca' 'local_reference_V_1_506' <Predicate = true> <Delay = 0.00>
ST_1 : Operation 60 [1/1] (0.00ns)   --->   "%local_reference_V_1_507 = alloca i32 1"   --->   Operation 60 'alloca' 'local_reference_V_1_507' <Predicate = true> <Delay = 0.00>
ST_1 : Operation 61 [1/1] (0.00ns)   --->   "%local_reference_V_1_508 = alloca i32 1"   --->   Operation 61 'alloca' 'local_reference_V_1_508' <Predicate = true> <Delay = 0.00>
ST_1 : Operation 62 [1/1] (0.00ns)   --->   "%local_reference_V_1_509 = alloca i32 1"   --->   Operation 62 'alloca' 'local_reference_V_1_509' <Predicate = true> <Delay = 0.00>
ST_1 : Operation 63 [1/1] (0.00ns)   --->   "%local_reference_V_1_510 = alloca i32 1"   --->   Operation 63 'alloca' 'local_reference_V_1_510' <Predicate = true> <Delay = 0.00>
ST_1 : Operation 64 [1/1] (0.00ns)   --->   "%local_reference_V_1_511 = alloca i32 1"   --->   Operation 64 'alloca' 'local_reference_V_1_511' <Predicate = true> <Delay = 0.00>
ST_1 : Operation 65 [1/1] (0.00ns)   --->   "%local_reference_V_1_512 = alloca i32 1"   --->   Operation 65 'alloca' 'local_reference_V_1_512' <Predicate = true> <Delay = 0.00>
ST_1 : Operation 66 [1/1] (0.00ns)   --->   "%local_reference_V_1_513 = alloca i32 1"   --->   Operation 66 'alloca' 'local_reference_V_1_513' <Predicate = true> <Delay = 0.00>
ST_1 : Operation 67 [1/1] (0.00ns)   --->   "%local_reference_V_1_514 = alloca i32 1"   --->   Operation 67 'alloca' 'local_reference_V_1_514' <Predicate = true> <Delay = 0.00>
ST_1 : Operation 68 [1/1] (0.00ns)   --->   "%local_reference_V_1_515 = alloca i32 1"   --->   Operation 68 'alloca' 'local_reference_V_1_515' <Predicate = true> <Delay = 0.00>
ST_1 : Operation 69 [1/1] (0.00ns)   --->   "%local_reference_V_1_516 = alloca i32 1"   --->   Operation 69 'alloca' 'local_reference_V_1_516' <Predicate = true> <Delay = 0.00>
ST_1 : Operation 70 [1/1] (0.00ns)   --->   "%specinterface_ln0 = specinterface void @_ssdm_op_SpecInterface, i2 %reference_string_comp_0, void @empty, i32 0, i32 0, void @empty_0, i32 4294967295, i32 0, void @empty_0, void @empty_0, void @empty_0, i32 0, i32 0, i32 0, i32 0, void @empty_0, void @empty_0, i32 4294967295, i32 0"   --->   Operation 70 'specinterface' 'specinterface_ln0' <Predicate = true> <Delay = 0.00>
ST_1 : Operation 71 [1/1] (0.46ns)   --->   "%store_ln0 = store i7 0, i7 %i"   --->   Operation 71 'store' 'store_ln0' <Predicate = true> <Delay = 0.46>
ST_1 : Operation 72 [1/1] (0.00ns)   --->   "%br_ln0 = br void %for.body35.i"   --->   Operation 72 'br' 'br_ln0' <Predicate = true> <Delay = 0.00>
ST_1 : Operation 73 [1/1] (0.00ns)   --->   "%i_5 = load i7 %i" [src/seq_align_multiple.cpp:94]   --->   Operation 73 'load' 'i_5' <Predicate = true> <Delay = 0.00>
ST_1 : Operation 74 [1/1] (0.00ns)   --->   "%specpipeline_ln0 = specpipeline void @_ssdm_op_SpecPipeline, i32 4294967295, i32 0, i32 1, i32 0, void @p_str"   --->   Operation 74 'specpipeline' 'specpipeline_ln0' <Predicate = true> <Delay = 0.00>
ST_1 : Operation 75 [1/1] (0.71ns)   --->   "%icmp_ln93 = icmp_eq  i7 %i_5, i7 64" [src/seq_align_multiple.cpp:93]   --->   Operation 75 'icmp' 'icmp_ln93' <Predicate = true> <Delay = 0.71> <CoreInst = "Cmp">   --->   Core 9 'Cmp' <Latency = 0> <II = 1> <Delay = 0.71> <FuncUnit> <Opcode : 'icmp'> <InPorts = 2> <OutPorts = 1>
ST_1 : Operation 76 [1/1] (0.00ns)   --->   "%empty = speclooptripcount i32 @_ssdm_op_SpecLoopTripCount, i64 64, i64 64, i64 64"   --->   Operation 76 'speclooptripcount' 'empty' <Predicate = true> <Delay = 0.00>
ST_1 : Operation 77 [1/1] (0.85ns)   --->   "%add_ln93 = add i7 %i_5, i7 1" [src/seq_align_multiple.cpp:93]   --->   Operation 77 'add' 'add_ln93' <Predicate = true> <Delay = 0.85> <CoreInst = "Adder">   --->   Core 1 'Adder' <Latency = 0> <II = 1> <Delay = 0.85> <FuncUnit> <Opcode : 'add' 'sub'> <InPorts = 2> <OutPorts = 1>
ST_1 : Operation 78 [1/1] (0.00ns)   --->   "%br_ln93 = br i1 %icmp_ln93, void %for.body35.i.split, void %for.body50.i.preheader.exitStub" [src/seq_align_multiple.cpp:93]   --->   Operation 78 'br' 'br_ln93' <Predicate = true> <Delay = 0.00>
ST_1 : Operation 79 [1/1] (0.00ns)   --->   "%i_cast251 = zext i7 %i_5" [src/seq_align_multiple.cpp:94]   --->   Operation 79 'zext' 'i_cast251' <Predicate = (!icmp_ln93)> <Delay = 0.00>
ST_1 : Operation 80 [1/1] (0.00ns)   --->   "%trunc_ln94_8 = partselect i2 @_ssdm_op_PartSelect.i2.i7.i32.i32, i7 %i_5, i32 4, i32 5" [src/seq_align_multiple.cpp:94]   --->   Operation 80 'partselect' 'trunc_ln94_8' <Predicate = (!icmp_ln93)> <Delay = 0.00>
ST_1 : Operation 81 [1/1] (0.00ns)   --->   "%reference_string_comp_0_addr = getelementptr i2 %reference_string_comp_0, i64 0, i64 %i_cast251" [src/seq_align_multiple.cpp:94]   --->   Operation 81 'getelementptr' 'reference_string_comp_0_addr' <Predicate = (!icmp_ln93)> <Delay = 0.00>
ST_1 : Operation 82 [2/2] (0.73ns)   --->   "%local_reference_V_1_518 = load i6 %reference_string_comp_0_addr" [src/seq_align_multiple.cpp:94]   --->   Operation 82 'load' 'local_reference_V_1_518' <Predicate = (!icmp_ln93)> <Delay = 0.73> <CoreInst = "RAM">   --->   Core 83 'RAM' <Latency = 1> <II = 1> <Delay = 0.73> <Storage> <Opcode : 'load' 'store'> <Ports = 2> <Width = 2> <Depth = 64> <RAM>
ST_1 : Operation 83 [1/1] (0.00ns)   --->   "%trunc_ln94 = trunc i7 %i_5" [src/seq_align_multiple.cpp:94]   --->   Operation 83 'trunc' 'trunc_ln94' <Predicate = (!icmp_ln93)> <Delay = 0.00>
ST_1 : Operation 84 [1/1] (0.39ns)   --->   "%switch_ln94 = switch i4 %trunc_ln94, void %arrayidx39.i.case.15, i4 0, void %arrayidx39.i.case.0, i4 1, void %arrayidx39.i.case.1, i4 2, void %arrayidx39.i.case.2, i4 3, void %arrayidx39.i.case.3, i4 4, void %arrayidx39.i.case.4, i4 5, void %arrayidx39.i.case.5, i4 6, void %arrayidx39.i.case.6, i4 7, void %arrayidx39.i.case.7, i4 8, void %arrayidx39.i.case.8, i4 9, void %arrayidx39.i.case.9, i4 10, void %arrayidx39.i.case.10, i4 11, void %arrayidx39.i.case.11, i4 12, void %arrayidx39.i.case.12, i4 13, void %arrayidx39.i.case.13, i4 14, void %arrayidx39.i.case.14" [src/seq_align_multiple.cpp:94]   --->   Operation 84 'switch' 'switch_ln94' <Predicate = (!icmp_ln93)> <Delay = 0.39>
ST_1 : Operation 85 [1/1] (0.39ns)   --->   "%switch_ln94 = switch i2 %trunc_ln94_8, void %branch479, i2 0, void %arrayidx39.i.case.14.arrayidx39.i.exit_crit_edge, i2 1, void %arrayidx39.i.case.14.arrayidx39.i.exit_crit_edge2, i2 2, void %branch478" [src/seq_align_multiple.cpp:94]   --->   Operation 85 'switch' 'switch_ln94' <Predicate = (!icmp_ln93 & trunc_ln94 == 14)> <Delay = 0.39>
ST_1 : Operation 86 [1/1] (0.39ns)   --->   "%switch_ln94 = switch i2 %trunc_ln94_8, void %branch447, i2 0, void %arrayidx39.i.case.13.arrayidx39.i.exit_crit_edge, i2 1, void %arrayidx39.i.case.13.arrayidx39.i.exit_crit_edge3, i2 2, void %branch446" [src/seq_align_multiple.cpp:94]   --->   Operation 86 'switch' 'switch_ln94' <Predicate = (!icmp_ln93 & trunc_ln94 == 13)> <Delay = 0.39>
ST_1 : Operation 87 [1/1] (0.39ns)   --->   "%switch_ln94 = switch i2 %trunc_ln94_8, void %branch415, i2 0, void %arrayidx39.i.case.12.arrayidx39.i.exit_crit_edge, i2 1, void %arrayidx39.i.case.12.arrayidx39.i.exit_crit_edge4, i2 2, void %branch414" [src/seq_align_multiple.cpp:94]   --->   Operation 87 'switch' 'switch_ln94' <Predicate = (!icmp_ln93 & trunc_ln94 == 12)> <Delay = 0.39>
ST_1 : Operation 88 [1/1] (0.39ns)   --->   "%switch_ln94 = switch i2 %trunc_ln94_8, void %branch383, i2 0, void %arrayidx39.i.case.11.arrayidx39.i.exit_crit_edge, i2 1, void %arrayidx39.i.case.11.arrayidx39.i.exit_crit_edge5, i2 2, void %branch382" [src/seq_align_multiple.cpp:94]   --->   Operation 88 'switch' 'switch_ln94' <Predicate = (!icmp_ln93 & trunc_ln94 == 11)> <Delay = 0.39>
ST_1 : Operation 89 [1/1] (0.39ns)   --->   "%switch_ln94 = switch i2 %trunc_ln94_8, void %branch351, i2 0, void %arrayidx39.i.case.10.arrayidx39.i.exit_crit_edge, i2 1, void %arrayidx39.i.case.10.arrayidx39.i.exit_crit_edge6, i2 2, void %branch350" [src/seq_align_multiple.cpp:94]   --->   Operation 89 'switch' 'switch_ln94' <Predicate = (!icmp_ln93 & trunc_ln94 == 10)> <Delay = 0.39>
ST_1 : Operation 90 [1/1] (0.39ns)   --->   "%switch_ln94 = switch i2 %trunc_ln94_8, void %branch319, i2 0, void %arrayidx39.i.case.9.arrayidx39.i.exit_crit_edge, i2 1, void %arrayidx39.i.case.9.arrayidx39.i.exit_crit_edge7, i2 2, void %branch318" [src/seq_align_multiple.cpp:94]   --->   Operation 90 'switch' 'switch_ln94' <Predicate = (!icmp_ln93 & trunc_ln94 == 9)> <Delay = 0.39>
ST_1 : Operation 91 [1/1] (0.39ns)   --->   "%switch_ln94 = switch i2 %trunc_ln94_8, void %branch287, i2 0, void %arrayidx39.i.case.8.arrayidx39.i.exit_crit_edge, i2 1, void %arrayidx39.i.case.8.arrayidx39.i.exit_crit_edge8, i2 2, void %branch286" [src/seq_align_multiple.cpp:94]   --->   Operation 91 'switch' 'switch_ln94' <Predicate = (!icmp_ln93 & trunc_ln94 == 8)> <Delay = 0.39>
ST_1 : Operation 92 [1/1] (0.39ns)   --->   "%switch_ln94 = switch i2 %trunc_ln94_8, void %branch255, i2 0, void %arrayidx39.i.case.7.arrayidx39.i.exit_crit_edge, i2 1, void %arrayidx39.i.case.7.arrayidx39.i.exit_crit_edge9, i2 2, void %branch254" [src/seq_align_multiple.cpp:94]   --->   Operation 92 'switch' 'switch_ln94' <Predicate = (!icmp_ln93 & trunc_ln94 == 7)> <Delay = 0.39>
ST_1 : Operation 93 [1/1] (0.39ns)   --->   "%switch_ln94 = switch i2 %trunc_ln94_8, void %branch223, i2 0, void %arrayidx39.i.case.6.arrayidx39.i.exit_crit_edge, i2 1, void %arrayidx39.i.case.6.arrayidx39.i.exit_crit_edge10, i2 2, void %branch222" [src/seq_align_multiple.cpp:94]   --->   Operation 93 'switch' 'switch_ln94' <Predicate = (!icmp_ln93 & trunc_ln94 == 6)> <Delay = 0.39>
ST_1 : Operation 94 [1/1] (0.39ns)   --->   "%switch_ln94 = switch i2 %trunc_ln94_8, void %branch191, i2 0, void %arrayidx39.i.case.5.arrayidx39.i.exit_crit_edge, i2 1, void %arrayidx39.i.case.5.arrayidx39.i.exit_crit_edge11, i2 2, void %branch190" [src/seq_align_multiple.cpp:94]   --->   Operation 94 'switch' 'switch_ln94' <Predicate = (!icmp_ln93 & trunc_ln94 == 5)> <Delay = 0.39>
ST_1 : Operation 95 [1/1] (0.39ns)   --->   "%switch_ln94 = switch i2 %trunc_ln94_8, void %branch159, i2 0, void %arrayidx39.i.case.4.arrayidx39.i.exit_crit_edge, i2 1, void %arrayidx39.i.case.4.arrayidx39.i.exit_crit_edge12, i2 2, void %branch158" [src/seq_align_multiple.cpp:94]   --->   Operation 95 'switch' 'switch_ln94' <Predicate = (!icmp_ln93 & trunc_ln94 == 4)> <Delay = 0.39>
ST_1 : Operation 96 [1/1] (0.39ns)   --->   "%switch_ln94 = switch i2 %trunc_ln94_8, void %branch127, i2 0, void %arrayidx39.i.case.3.arrayidx39.i.exit_crit_edge, i2 1, void %arrayidx39.i.case.3.arrayidx39.i.exit_crit_edge13, i2 2, void %branch126" [src/seq_align_multiple.cpp:94]   --->   Operation 96 'switch' 'switch_ln94' <Predicate = (!icmp_ln93 & trunc_ln94 == 3)> <Delay = 0.39>
ST_1 : Operation 97 [1/1] (0.39ns)   --->   "%switch_ln94 = switch i2 %trunc_ln94_8, void %branch95, i2 0, void %arrayidx39.i.case.2.arrayidx39.i.exit_crit_edge, i2 1, void %arrayidx39.i.case.2.arrayidx39.i.exit_crit_edge14, i2 2, void %branch94" [src/seq_align_multiple.cpp:94]   --->   Operation 97 'switch' 'switch_ln94' <Predicate = (!icmp_ln93 & trunc_ln94 == 2)> <Delay = 0.39>
ST_1 : Operation 98 [1/1] (0.39ns)   --->   "%switch_ln94 = switch i2 %trunc_ln94_8, void %branch63, i2 0, void %arrayidx39.i.case.1.arrayidx39.i.exit_crit_edge, i2 1, void %arrayidx39.i.case.1.arrayidx39.i.exit_crit_edge15, i2 2, void %branch62" [src/seq_align_multiple.cpp:94]   --->   Operation 98 'switch' 'switch_ln94' <Predicate = (!icmp_ln93 & trunc_ln94 == 1)> <Delay = 0.39>
ST_1 : Operation 99 [1/1] (0.39ns)   --->   "%switch_ln94 = switch i2 %trunc_ln94_8, void %branch31, i2 0, void %arrayidx39.i.case.0.arrayidx39.i.exit_crit_edge, i2 1, void %arrayidx39.i.case.0.arrayidx39.i.exit_crit_edge16, i2 2, void %branch30" [src/seq_align_multiple.cpp:94]   --->   Operation 99 'switch' 'switch_ln94' <Predicate = (!icmp_ln93 & trunc_ln94 == 0)> <Delay = 0.39>
ST_1 : Operation 100 [1/1] (0.39ns)   --->   "%switch_ln94 = switch i2 %trunc_ln94_8, void %branch511, i2 0, void %arrayidx39.i.case.15.arrayidx39.i.exit_crit_edge, i2 1, void %arrayidx39.i.case.15.arrayidx39.i.exit_crit_edge1, i2 2, void %branch510" [src/seq_align_multiple.cpp:94]   --->   Operation 100 'switch' 'switch_ln94' <Predicate = (!icmp_ln93 & trunc_ln94 == 15)> <Delay = 0.39>
ST_1 : Operation 101 [1/1] (0.46ns)   --->   "%store_ln93 = store i7 %add_ln93, i7 %i" [src/seq_align_multiple.cpp:93]   --->   Operation 101 'store' 'store_ln93' <Predicate = (!icmp_ln93)> <Delay = 0.46>
ST_1 : Operation 102 [1/1] (0.00ns)   --->   "%br_ln93 = br void %for.body35.i" [src/seq_align_multiple.cpp:93]   --->   Operation 102 'br' 'br_ln93' <Predicate = (!icmp_ln93)> <Delay = 0.00>
ST_1 : Operation 233 [1/1] (0.00ns)   --->   "%local_reference_V_1_load = load i2 %local_reference_V_1"   --->   Operation 233 'load' 'local_reference_V_1_load' <Predicate = (icmp_ln93)> <Delay = 0.00>
ST_1 : Operation 234 [1/1] (0.00ns)   --->   "%local_reference_V_1_454_load = load i2 %local_reference_V_1_454"   --->   Operation 234 'load' 'local_reference_V_1_454_load' <Predicate = (icmp_ln93)> <Delay = 0.00>
ST_1 : Operation 235 [1/1] (0.00ns)   --->   "%local_reference_V_1_455_load = load i2 %local_reference_V_1_455"   --->   Operation 235 'load' 'local_reference_V_1_455_load' <Predicate = (icmp_ln93)> <Delay = 0.00>
ST_1 : Operation 236 [1/1] (0.00ns)   --->   "%local_reference_V_1_456_load = load i2 %local_reference_V_1_456"   --->   Operation 236 'load' 'local_reference_V_1_456_load' <Predicate = (icmp_ln93)> <Delay = 0.00>
ST_1 : Operation 237 [1/1] (0.00ns)   --->   "%local_reference_V_1_457_load = load i2 %local_reference_V_1_457"   --->   Operation 237 'load' 'local_reference_V_1_457_load' <Predicate = (icmp_ln93)> <Delay = 0.00>
ST_1 : Operation 238 [1/1] (0.00ns)   --->   "%local_reference_V_1_458_load = load i2 %local_reference_V_1_458"   --->   Operation 238 'load' 'local_reference_V_1_458_load' <Predicate = (icmp_ln93)> <Delay = 0.00>
ST_1 : Operation 239 [1/1] (0.00ns)   --->   "%local_reference_V_1_459_load = load i2 %local_reference_V_1_459"   --->   Operation 239 'load' 'local_reference_V_1_459_load' <Predicate = (icmp_ln93)> <Delay = 0.00>
ST_1 : Operation 240 [1/1] (0.00ns)   --->   "%local_reference_V_1_460_load = load i2 %local_reference_V_1_460"   --->   Operation 240 'load' 'local_reference_V_1_460_load' <Predicate = (icmp_ln93)> <Delay = 0.00>
ST_1 : Operation 241 [1/1] (0.00ns)   --->   "%local_reference_V_1_461_load = load i2 %local_reference_V_1_461"   --->   Operation 241 'load' 'local_reference_V_1_461_load' <Predicate = (icmp_ln93)> <Delay = 0.00>
ST_1 : Operation 242 [1/1] (0.00ns)   --->   "%local_reference_V_1_462_load = load i2 %local_reference_V_1_462"   --->   Operation 242 'load' 'local_reference_V_1_462_load' <Predicate = (icmp_ln93)> <Delay = 0.00>
ST_1 : Operation 243 [1/1] (0.00ns)   --->   "%local_reference_V_1_463_load = load i2 %local_reference_V_1_463"   --->   Operation 243 'load' 'local_reference_V_1_463_load' <Predicate = (icmp_ln93)> <Delay = 0.00>
ST_1 : Operation 244 [1/1] (0.00ns)   --->   "%local_reference_V_1_464_load = load i2 %local_reference_V_1_464"   --->   Operation 244 'load' 'local_reference_V_1_464_load' <Predicate = (icmp_ln93)> <Delay = 0.00>
ST_1 : Operation 245 [1/1] (0.00ns)   --->   "%local_reference_V_1_465_load = load i2 %local_reference_V_1_465"   --->   Operation 245 'load' 'local_reference_V_1_465_load' <Predicate = (icmp_ln93)> <Delay = 0.00>
ST_1 : Operation 246 [1/1] (0.00ns)   --->   "%local_reference_V_1_466_load = load i2 %local_reference_V_1_466"   --->   Operation 246 'load' 'local_reference_V_1_466_load' <Predicate = (icmp_ln93)> <Delay = 0.00>
ST_1 : Operation 247 [1/1] (0.00ns)   --->   "%local_reference_V_1_467_load = load i2 %local_reference_V_1_467"   --->   Operation 247 'load' 'local_reference_V_1_467_load' <Predicate = (icmp_ln93)> <Delay = 0.00>
ST_1 : Operation 248 [1/1] (0.00ns)   --->   "%local_reference_V_1_468_load = load i2 %local_reference_V_1_468"   --->   Operation 248 'load' 'local_reference_V_1_468_load' <Predicate = (icmp_ln93)> <Delay = 0.00>
ST_1 : Operation 249 [1/1] (0.00ns)   --->   "%local_reference_V_1_469_load = load i2 %local_reference_V_1_469"   --->   Operation 249 'load' 'local_reference_V_1_469_load' <Predicate = (icmp_ln93)> <Delay = 0.00>
ST_1 : Operation 250 [1/1] (0.00ns)   --->   "%local_reference_V_1_470_load = load i2 %local_reference_V_1_470"   --->   Operation 250 'load' 'local_reference_V_1_470_load' <Predicate = (icmp_ln93)> <Delay = 0.00>
ST_1 : Operation 251 [1/1] (0.00ns)   --->   "%local_reference_V_1_471_load = load i2 %local_reference_V_1_471"   --->   Operation 251 'load' 'local_reference_V_1_471_load' <Predicate = (icmp_ln93)> <Delay = 0.00>
ST_1 : Operation 252 [1/1] (0.00ns)   --->   "%local_reference_V_1_472_load = load i2 %local_reference_V_1_472"   --->   Operation 252 'load' 'local_reference_V_1_472_load' <Predicate = (icmp_ln93)> <Delay = 0.00>
ST_1 : Operation 253 [1/1] (0.00ns)   --->   "%local_reference_V_1_473_load = load i2 %local_reference_V_1_473"   --->   Operation 253 'load' 'local_reference_V_1_473_load' <Predicate = (icmp_ln93)> <Delay = 0.00>
ST_1 : Operation 254 [1/1] (0.00ns)   --->   "%local_reference_V_1_474_load = load i2 %local_reference_V_1_474"   --->   Operation 254 'load' 'local_reference_V_1_474_load' <Predicate = (icmp_ln93)> <Delay = 0.00>
ST_1 : Operation 255 [1/1] (0.00ns)   --->   "%local_reference_V_1_475_load = load i2 %local_reference_V_1_475"   --->   Operation 255 'load' 'local_reference_V_1_475_load' <Predicate = (icmp_ln93)> <Delay = 0.00>
ST_1 : Operation 256 [1/1] (0.00ns)   --->   "%local_reference_V_1_476_load = load i2 %local_reference_V_1_476"   --->   Operation 256 'load' 'local_reference_V_1_476_load' <Predicate = (icmp_ln93)> <Delay = 0.00>
ST_1 : Operation 257 [1/1] (0.00ns)   --->   "%local_reference_V_1_477_load = load i2 %local_reference_V_1_477"   --->   Operation 257 'load' 'local_reference_V_1_477_load' <Predicate = (icmp_ln93)> <Delay = 0.00>
ST_1 : Operation 258 [1/1] (0.00ns)   --->   "%local_reference_V_1_478_load = load i2 %local_reference_V_1_478"   --->   Operation 258 'load' 'local_reference_V_1_478_load' <Predicate = (icmp_ln93)> <Delay = 0.00>
ST_1 : Operation 259 [1/1] (0.00ns)   --->   "%local_reference_V_1_479_load = load i2 %local_reference_V_1_479"   --->   Operation 259 'load' 'local_reference_V_1_479_load' <Predicate = (icmp_ln93)> <Delay = 0.00>
ST_1 : Operation 260 [1/1] (0.00ns)   --->   "%local_reference_V_1_480_load = load i2 %local_reference_V_1_480"   --->   Operation 260 'load' 'local_reference_V_1_480_load' <Predicate = (icmp_ln93)> <Delay = 0.00>
ST_1 : Operation 261 [1/1] (0.00ns)   --->   "%local_reference_V_1_481_load = load i2 %local_reference_V_1_481"   --->   Operation 261 'load' 'local_reference_V_1_481_load' <Predicate = (icmp_ln93)> <Delay = 0.00>
ST_1 : Operation 262 [1/1] (0.00ns)   --->   "%local_reference_V_1_482_load = load i2 %local_reference_V_1_482"   --->   Operation 262 'load' 'local_reference_V_1_482_load' <Predicate = (icmp_ln93)> <Delay = 0.00>
ST_1 : Operation 263 [1/1] (0.00ns)   --->   "%local_reference_V_1_483_load = load i2 %local_reference_V_1_483"   --->   Operation 263 'load' 'local_reference_V_1_483_load' <Predicate = (icmp_ln93)> <Delay = 0.00>
ST_1 : Operation 264 [1/1] (0.00ns)   --->   "%local_reference_V_1_484_load = load i2 %local_reference_V_1_484"   --->   Operation 264 'load' 'local_reference_V_1_484_load' <Predicate = (icmp_ln93)> <Delay = 0.00>
ST_1 : Operation 265 [1/1] (0.00ns)   --->   "%local_reference_V_1_485_load = load i2 %local_reference_V_1_485"   --->   Operation 265 'load' 'local_reference_V_1_485_load' <Predicate = (icmp_ln93)> <Delay = 0.00>
ST_1 : Operation 266 [1/1] (0.00ns)   --->   "%local_reference_V_1_486_load = load i2 %local_reference_V_1_486"   --->   Operation 266 'load' 'local_reference_V_1_486_load' <Predicate = (icmp_ln93)> <Delay = 0.00>
ST_1 : Operation 267 [1/1] (0.00ns)   --->   "%local_reference_V_1_487_load = load i2 %local_reference_V_1_487"   --->   Operation 267 'load' 'local_reference_V_1_487_load' <Predicate = (icmp_ln93)> <Delay = 0.00>
ST_1 : Operation 268 [1/1] (0.00ns)   --->   "%local_reference_V_1_488_load = load i2 %local_reference_V_1_488"   --->   Operation 268 'load' 'local_reference_V_1_488_load' <Predicate = (icmp_ln93)> <Delay = 0.00>
ST_1 : Operation 269 [1/1] (0.00ns)   --->   "%local_reference_V_1_489_load = load i2 %local_reference_V_1_489"   --->   Operation 269 'load' 'local_reference_V_1_489_load' <Predicate = (icmp_ln93)> <Delay = 0.00>
ST_1 : Operation 270 [1/1] (0.00ns)   --->   "%local_reference_V_1_490_load = load i2 %local_reference_V_1_490"   --->   Operation 270 'load' 'local_reference_V_1_490_load' <Predicate = (icmp_ln93)> <Delay = 0.00>
ST_1 : Operation 271 [1/1] (0.00ns)   --->   "%local_reference_V_1_491_load = load i2 %local_reference_V_1_491"   --->   Operation 271 'load' 'local_reference_V_1_491_load' <Predicate = (icmp_ln93)> <Delay = 0.00>
ST_1 : Operation 272 [1/1] (0.00ns)   --->   "%local_reference_V_1_492_load = load i2 %local_reference_V_1_492"   --->   Operation 272 'load' 'local_reference_V_1_492_load' <Predicate = (icmp_ln93)> <Delay = 0.00>
ST_1 : Operation 273 [1/1] (0.00ns)   --->   "%local_reference_V_1_493_load = load i2 %local_reference_V_1_493"   --->   Operation 273 'load' 'local_reference_V_1_493_load' <Predicate = (icmp_ln93)> <Delay = 0.00>
ST_1 : Operation 274 [1/1] (0.00ns)   --->   "%local_reference_V_1_494_load = load i2 %local_reference_V_1_494"   --->   Operation 274 'load' 'local_reference_V_1_494_load' <Predicate = (icmp_ln93)> <Delay = 0.00>
ST_1 : Operation 275 [1/1] (0.00ns)   --->   "%local_reference_V_1_495_load = load i2 %local_reference_V_1_495"   --->   Operation 275 'load' 'local_reference_V_1_495_load' <Predicate = (icmp_ln93)> <Delay = 0.00>
ST_1 : Operation 276 [1/1] (0.00ns)   --->   "%local_reference_V_1_496_load = load i2 %local_reference_V_1_496"   --->   Operation 276 'load' 'local_reference_V_1_496_load' <Predicate = (icmp_ln93)> <Delay = 0.00>
ST_1 : Operation 277 [1/1] (0.00ns)   --->   "%local_reference_V_1_497_load = load i2 %local_reference_V_1_497"   --->   Operation 277 'load' 'local_reference_V_1_497_load' <Predicate = (icmp_ln93)> <Delay = 0.00>
ST_1 : Operation 278 [1/1] (0.00ns)   --->   "%local_reference_V_1_498_load = load i2 %local_reference_V_1_498"   --->   Operation 278 'load' 'local_reference_V_1_498_load' <Predicate = (icmp_ln93)> <Delay = 0.00>
ST_1 : Operation 279 [1/1] (0.00ns)   --->   "%local_reference_V_1_499_load = load i2 %local_reference_V_1_499"   --->   Operation 279 'load' 'local_reference_V_1_499_load' <Predicate = (icmp_ln93)> <Delay = 0.00>
ST_1 : Operation 280 [1/1] (0.00ns)   --->   "%local_reference_V_1_500_load = load i2 %local_reference_V_1_500"   --->   Operation 280 'load' 'local_reference_V_1_500_load' <Predicate = (icmp_ln93)> <Delay = 0.00>
ST_1 : Operation 281 [1/1] (0.00ns)   --->   "%local_reference_V_1_501_load = load i2 %local_reference_V_1_501"   --->   Operation 281 'load' 'local_reference_V_1_501_load' <Predicate = (icmp_ln93)> <Delay = 0.00>
ST_1 : Operation 282 [1/1] (0.00ns)   --->   "%local_reference_V_1_502_load = load i2 %local_reference_V_1_502"   --->   Operation 282 'load' 'local_reference_V_1_502_load' <Predicate = (icmp_ln93)> <Delay = 0.00>
ST_1 : Operation 283 [1/1] (0.00ns)   --->   "%local_reference_V_1_503_load = load i2 %local_reference_V_1_503"   --->   Operation 283 'load' 'local_reference_V_1_503_load' <Predicate = (icmp_ln93)> <Delay = 0.00>
ST_1 : Operation 284 [1/1] (0.00ns)   --->   "%local_reference_V_1_504_load = load i2 %local_reference_V_1_504"   --->   Operation 284 'load' 'local_reference_V_1_504_load' <Predicate = (icmp_ln93)> <Delay = 0.00>
ST_1 : Operation 285 [1/1] (0.00ns)   --->   "%local_reference_V_1_505_load = load i2 %local_reference_V_1_505"   --->   Operation 285 'load' 'local_reference_V_1_505_load' <Predicate = (icmp_ln93)> <Delay = 0.00>
ST_1 : Operation 286 [1/1] (0.00ns)   --->   "%local_reference_V_1_506_load = load i2 %local_reference_V_1_506"   --->   Operation 286 'load' 'local_reference_V_1_506_load' <Predicate = (icmp_ln93)> <Delay = 0.00>
ST_1 : Operation 287 [1/1] (0.00ns)   --->   "%local_reference_V_1_507_load = load i2 %local_reference_V_1_507"   --->   Operation 287 'load' 'local_reference_V_1_507_load' <Predicate = (icmp_ln93)> <Delay = 0.00>
ST_1 : Operation 288 [1/1] (0.00ns)   --->   "%local_reference_V_1_508_load = load i2 %local_reference_V_1_508"   --->   Operation 288 'load' 'local_reference_V_1_508_load' <Predicate = (icmp_ln93)> <Delay = 0.00>
ST_1 : Operation 289 [1/1] (0.00ns)   --->   "%local_reference_V_1_509_load = load i2 %local_reference_V_1_509"   --->   Operation 289 'load' 'local_reference_V_1_509_load' <Predicate = (icmp_ln93)> <Delay = 0.00>
ST_1 : Operation 290 [1/1] (0.00ns)   --->   "%local_reference_V_1_510_load = load i2 %local_reference_V_1_510"   --->   Operation 290 'load' 'local_reference_V_1_510_load' <Predicate = (icmp_ln93)> <Delay = 0.00>
ST_1 : Operation 291 [1/1] (0.00ns)   --->   "%local_reference_V_1_511_load = load i2 %local_reference_V_1_511"   --->   Operation 291 'load' 'local_reference_V_1_511_load' <Predicate = (icmp_ln93)> <Delay = 0.00>
ST_1 : Operation 292 [1/1] (0.00ns)   --->   "%local_reference_V_1_512_load = load i2 %local_reference_V_1_512"   --->   Operation 292 'load' 'local_reference_V_1_512_load' <Predicate = (icmp_ln93)> <Delay = 0.00>
ST_1 : Operation 293 [1/1] (0.00ns)   --->   "%local_reference_V_1_513_load = load i2 %local_reference_V_1_513"   --->   Operation 293 'load' 'local_reference_V_1_513_load' <Predicate = (icmp_ln93)> <Delay = 0.00>
ST_1 : Operation 294 [1/1] (0.00ns)   --->   "%local_reference_V_1_514_load = load i2 %local_reference_V_1_514"   --->   Operation 294 'load' 'local_reference_V_1_514_load' <Predicate = (icmp_ln93)> <Delay = 0.00>
ST_1 : Operation 295 [1/1] (0.00ns)   --->   "%local_reference_V_1_515_load = load i2 %local_reference_V_1_515"   --->   Operation 295 'load' 'local_reference_V_1_515_load' <Predicate = (icmp_ln93)> <Delay = 0.00>
ST_1 : Operation 296 [1/1] (0.00ns)   --->   "%local_reference_V_1_516_load = load i2 %local_reference_V_1_516"   --->   Operation 296 'load' 'local_reference_V_1_516_load' <Predicate = (icmp_ln93)> <Delay = 0.00>
ST_1 : Operation 297 [1/1] (0.00ns)   --->   "%write_ln0 = write void @_ssdm_op_Write.ap_auto.i2P0A, i2 %local_reference_V_3_15_0_out, i2 %local_reference_V_1_516_load"   --->   Operation 297 'write' 'write_ln0' <Predicate = (icmp_ln93)> <Delay = 0.00>
ST_1 : Operation 298 [1/1] (0.00ns)   --->   "%write_ln0 = write void @_ssdm_op_Write.ap_auto.i2P0A, i2 %local_reference_V_2_15_0_out, i2 %local_reference_V_1_515_load"   --->   Operation 298 'write' 'write_ln0' <Predicate = (icmp_ln93)> <Delay = 0.00>
ST_1 : Operation 299 [1/1] (0.00ns)   --->   "%write_ln0 = write void @_ssdm_op_Write.ap_auto.i2P0A, i2 %local_reference_V_1_15_0_out, i2 %local_reference_V_1_514_load"   --->   Operation 299 'write' 'write_ln0' <Predicate = (icmp_ln93)> <Delay = 0.00>
ST_1 : Operation 300 [1/1] (0.00ns)   --->   "%write_ln0 = write void @_ssdm_op_Write.ap_auto.i2P0A, i2 %local_reference_V_0_15_0_out, i2 %local_reference_V_1_513_load"   --->   Operation 300 'write' 'write_ln0' <Predicate = (icmp_ln93)> <Delay = 0.00>
ST_1 : Operation 301 [1/1] (0.00ns)   --->   "%write_ln0 = write void @_ssdm_op_Write.ap_auto.i2P0A, i2 %local_reference_V_3_14_0_out, i2 %local_reference_V_1_512_load"   --->   Operation 301 'write' 'write_ln0' <Predicate = (icmp_ln93)> <Delay = 0.00>
ST_1 : Operation 302 [1/1] (0.00ns)   --->   "%write_ln0 = write void @_ssdm_op_Write.ap_auto.i2P0A, i2 %local_reference_V_2_14_0_out, i2 %local_reference_V_1_511_load"   --->   Operation 302 'write' 'write_ln0' <Predicate = (icmp_ln93)> <Delay = 0.00>
ST_1 : Operation 303 [1/1] (0.00ns)   --->   "%write_ln0 = write void @_ssdm_op_Write.ap_auto.i2P0A, i2 %local_reference_V_1_14_0_out, i2 %local_reference_V_1_510_load"   --->   Operation 303 'write' 'write_ln0' <Predicate = (icmp_ln93)> <Delay = 0.00>
ST_1 : Operation 304 [1/1] (0.00ns)   --->   "%write_ln0 = write void @_ssdm_op_Write.ap_auto.i2P0A, i2 %local_reference_V_0_14_0_out, i2 %local_reference_V_1_509_load"   --->   Operation 304 'write' 'write_ln0' <Predicate = (icmp_ln93)> <Delay = 0.00>
ST_1 : Operation 305 [1/1] (0.00ns)   --->   "%write_ln0 = write void @_ssdm_op_Write.ap_auto.i2P0A, i2 %local_reference_V_3_13_0_out, i2 %local_reference_V_1_508_load"   --->   Operation 305 'write' 'write_ln0' <Predicate = (icmp_ln93)> <Delay = 0.00>
ST_1 : Operation 306 [1/1] (0.00ns)   --->   "%write_ln0 = write void @_ssdm_op_Write.ap_auto.i2P0A, i2 %local_reference_V_2_13_0_out, i2 %local_reference_V_1_507_load"   --->   Operation 306 'write' 'write_ln0' <Predicate = (icmp_ln93)> <Delay = 0.00>
ST_1 : Operation 307 [1/1] (0.00ns)   --->   "%write_ln0 = write void @_ssdm_op_Write.ap_auto.i2P0A, i2 %local_reference_V_1_13_0_out, i2 %local_reference_V_1_506_load"   --->   Operation 307 'write' 'write_ln0' <Predicate = (icmp_ln93)> <Delay = 0.00>
ST_1 : Operation 308 [1/1] (0.00ns)   --->   "%write_ln0 = write void @_ssdm_op_Write.ap_auto.i2P0A, i2 %local_reference_V_0_13_0_out, i2 %local_reference_V_1_505_load"   --->   Operation 308 'write' 'write_ln0' <Predicate = (icmp_ln93)> <Delay = 0.00>
ST_1 : Operation 309 [1/1] (0.00ns)   --->   "%write_ln0 = write void @_ssdm_op_Write.ap_auto.i2P0A, i2 %local_reference_V_3_12_0_out, i2 %local_reference_V_1_504_load"   --->   Operation 309 'write' 'write_ln0' <Predicate = (icmp_ln93)> <Delay = 0.00>
ST_1 : Operation 310 [1/1] (0.00ns)   --->   "%write_ln0 = write void @_ssdm_op_Write.ap_auto.i2P0A, i2 %local_reference_V_2_12_0_out, i2 %local_reference_V_1_503_load"   --->   Operation 310 'write' 'write_ln0' <Predicate = (icmp_ln93)> <Delay = 0.00>
ST_1 : Operation 311 [1/1] (0.00ns)   --->   "%write_ln0 = write void @_ssdm_op_Write.ap_auto.i2P0A, i2 %local_reference_V_1_12_0_out, i2 %local_reference_V_1_502_load"   --->   Operation 311 'write' 'write_ln0' <Predicate = (icmp_ln93)> <Delay = 0.00>
ST_1 : Operation 312 [1/1] (0.00ns)   --->   "%write_ln0 = write void @_ssdm_op_Write.ap_auto.i2P0A, i2 %local_reference_V_0_12_0_out, i2 %local_reference_V_1_501_load"   --->   Operation 312 'write' 'write_ln0' <Predicate = (icmp_ln93)> <Delay = 0.00>
ST_1 : Operation 313 [1/1] (0.00ns)   --->   "%write_ln0 = write void @_ssdm_op_Write.ap_auto.i2P0A, i2 %local_reference_V_3_11_0_out, i2 %local_reference_V_1_500_load"   --->   Operation 313 'write' 'write_ln0' <Predicate = (icmp_ln93)> <Delay = 0.00>
ST_1 : Operation 314 [1/1] (0.00ns)   --->   "%write_ln0 = write void @_ssdm_op_Write.ap_auto.i2P0A, i2 %local_reference_V_2_11_0_out, i2 %local_reference_V_1_499_load"   --->   Operation 314 'write' 'write_ln0' <Predicate = (icmp_ln93)> <Delay = 0.00>
ST_1 : Operation 315 [1/1] (0.00ns)   --->   "%write_ln0 = write void @_ssdm_op_Write.ap_auto.i2P0A, i2 %local_reference_V_1_11_0_out, i2 %local_reference_V_1_498_load"   --->   Operation 315 'write' 'write_ln0' <Predicate = (icmp_ln93)> <Delay = 0.00>
ST_1 : Operation 316 [1/1] (0.00ns)   --->   "%write_ln0 = write void @_ssdm_op_Write.ap_auto.i2P0A, i2 %local_reference_V_0_11_0_out, i2 %local_reference_V_1_497_load"   --->   Operation 316 'write' 'write_ln0' <Predicate = (icmp_ln93)> <Delay = 0.00>
ST_1 : Operation 317 [1/1] (0.00ns)   --->   "%write_ln0 = write void @_ssdm_op_Write.ap_auto.i2P0A, i2 %local_reference_V_3_10_0_out, i2 %local_reference_V_1_496_load"   --->   Operation 317 'write' 'write_ln0' <Predicate = (icmp_ln93)> <Delay = 0.00>
ST_1 : Operation 318 [1/1] (0.00ns)   --->   "%write_ln0 = write void @_ssdm_op_Write.ap_auto.i2P0A, i2 %local_reference_V_2_10_0_out, i2 %local_reference_V_1_495_load"   --->   Operation 318 'write' 'write_ln0' <Predicate = (icmp_ln93)> <Delay = 0.00>
ST_1 : Operation 319 [1/1] (0.00ns)   --->   "%write_ln0 = write void @_ssdm_op_Write.ap_auto.i2P0A, i2 %local_reference_V_1_10_0_out, i2 %local_reference_V_1_494_load"   --->   Operation 319 'write' 'write_ln0' <Predicate = (icmp_ln93)> <Delay = 0.00>
ST_1 : Operation 320 [1/1] (0.00ns)   --->   "%write_ln0 = write void @_ssdm_op_Write.ap_auto.i2P0A, i2 %local_reference_V_0_10_0_out, i2 %local_reference_V_1_493_load"   --->   Operation 320 'write' 'write_ln0' <Predicate = (icmp_ln93)> <Delay = 0.00>
ST_1 : Operation 321 [1/1] (0.00ns)   --->   "%write_ln0 = write void @_ssdm_op_Write.ap_auto.i2P0A, i2 %local_reference_V_3_9_0_out, i2 %local_reference_V_1_492_load"   --->   Operation 321 'write' 'write_ln0' <Predicate = (icmp_ln93)> <Delay = 0.00>
ST_1 : Operation 322 [1/1] (0.00ns)   --->   "%write_ln0 = write void @_ssdm_op_Write.ap_auto.i2P0A, i2 %local_reference_V_2_9_0_out, i2 %local_reference_V_1_491_load"   --->   Operation 322 'write' 'write_ln0' <Predicate = (icmp_ln93)> <Delay = 0.00>
ST_1 : Operation 323 [1/1] (0.00ns)   --->   "%write_ln0 = write void @_ssdm_op_Write.ap_auto.i2P0A, i2 %local_reference_V_1_9_0_out, i2 %local_reference_V_1_490_load"   --->   Operation 323 'write' 'write_ln0' <Predicate = (icmp_ln93)> <Delay = 0.00>
ST_1 : Operation 324 [1/1] (0.00ns)   --->   "%write_ln0 = write void @_ssdm_op_Write.ap_auto.i2P0A, i2 %local_reference_V_0_9_0_out, i2 %local_reference_V_1_489_load"   --->   Operation 324 'write' 'write_ln0' <Predicate = (icmp_ln93)> <Delay = 0.00>
ST_1 : Operation 325 [1/1] (0.00ns)   --->   "%write_ln0 = write void @_ssdm_op_Write.ap_auto.i2P0A, i2 %local_reference_V_3_8_0_out, i2 %local_reference_V_1_488_load"   --->   Operation 325 'write' 'write_ln0' <Predicate = (icmp_ln93)> <Delay = 0.00>
ST_1 : Operation 326 [1/1] (0.00ns)   --->   "%write_ln0 = write void @_ssdm_op_Write.ap_auto.i2P0A, i2 %local_reference_V_2_8_0_out, i2 %local_reference_V_1_487_load"   --->   Operation 326 'write' 'write_ln0' <Predicate = (icmp_ln93)> <Delay = 0.00>
ST_1 : Operation 327 [1/1] (0.00ns)   --->   "%write_ln0 = write void @_ssdm_op_Write.ap_auto.i2P0A, i2 %local_reference_V_1_8_0_out, i2 %local_reference_V_1_486_load"   --->   Operation 327 'write' 'write_ln0' <Predicate = (icmp_ln93)> <Delay = 0.00>
ST_1 : Operation 328 [1/1] (0.00ns)   --->   "%write_ln0 = write void @_ssdm_op_Write.ap_auto.i2P0A, i2 %local_reference_V_0_8_0_out, i2 %local_reference_V_1_485_load"   --->   Operation 328 'write' 'write_ln0' <Predicate = (icmp_ln93)> <Delay = 0.00>
ST_1 : Operation 329 [1/1] (0.00ns)   --->   "%write_ln0 = write void @_ssdm_op_Write.ap_auto.i2P0A, i2 %local_reference_V_3_7_0_out, i2 %local_reference_V_1_484_load"   --->   Operation 329 'write' 'write_ln0' <Predicate = (icmp_ln93)> <Delay = 0.00>
ST_1 : Operation 330 [1/1] (0.00ns)   --->   "%write_ln0 = write void @_ssdm_op_Write.ap_auto.i2P0A, i2 %local_reference_V_2_7_0_out, i2 %local_reference_V_1_483_load"   --->   Operation 330 'write' 'write_ln0' <Predicate = (icmp_ln93)> <Delay = 0.00>
ST_1 : Operation 331 [1/1] (0.00ns)   --->   "%write_ln0 = write void @_ssdm_op_Write.ap_auto.i2P0A, i2 %local_reference_V_1_7_0_out, i2 %local_reference_V_1_482_load"   --->   Operation 331 'write' 'write_ln0' <Predicate = (icmp_ln93)> <Delay = 0.00>
ST_1 : Operation 332 [1/1] (0.00ns)   --->   "%write_ln0 = write void @_ssdm_op_Write.ap_auto.i2P0A, i2 %local_reference_V_0_7_0_out, i2 %local_reference_V_1_481_load"   --->   Operation 332 'write' 'write_ln0' <Predicate = (icmp_ln93)> <Delay = 0.00>
ST_1 : Operation 333 [1/1] (0.00ns)   --->   "%write_ln0 = write void @_ssdm_op_Write.ap_auto.i2P0A, i2 %local_reference_V_3_6_0_out, i2 %local_reference_V_1_480_load"   --->   Operation 333 'write' 'write_ln0' <Predicate = (icmp_ln93)> <Delay = 0.00>
ST_1 : Operation 334 [1/1] (0.00ns)   --->   "%write_ln0 = write void @_ssdm_op_Write.ap_auto.i2P0A, i2 %local_reference_V_2_6_0_out, i2 %local_reference_V_1_479_load"   --->   Operation 334 'write' 'write_ln0' <Predicate = (icmp_ln93)> <Delay = 0.00>
ST_1 : Operation 335 [1/1] (0.00ns)   --->   "%write_ln0 = write void @_ssdm_op_Write.ap_auto.i2P0A, i2 %local_reference_V_1_6_0_out, i2 %local_reference_V_1_478_load"   --->   Operation 335 'write' 'write_ln0' <Predicate = (icmp_ln93)> <Delay = 0.00>
ST_1 : Operation 336 [1/1] (0.00ns)   --->   "%write_ln0 = write void @_ssdm_op_Write.ap_auto.i2P0A, i2 %local_reference_V_0_6_0_out, i2 %local_reference_V_1_477_load"   --->   Operation 336 'write' 'write_ln0' <Predicate = (icmp_ln93)> <Delay = 0.00>
ST_1 : Operation 337 [1/1] (0.00ns)   --->   "%write_ln0 = write void @_ssdm_op_Write.ap_auto.i2P0A, i2 %local_reference_V_3_5_0_out, i2 %local_reference_V_1_476_load"   --->   Operation 337 'write' 'write_ln0' <Predicate = (icmp_ln93)> <Delay = 0.00>
ST_1 : Operation 338 [1/1] (0.00ns)   --->   "%write_ln0 = write void @_ssdm_op_Write.ap_auto.i2P0A, i2 %local_reference_V_2_5_0_out, i2 %local_reference_V_1_475_load"   --->   Operation 338 'write' 'write_ln0' <Predicate = (icmp_ln93)> <Delay = 0.00>
ST_1 : Operation 339 [1/1] (0.00ns)   --->   "%write_ln0 = write void @_ssdm_op_Write.ap_auto.i2P0A, i2 %local_reference_V_1_5_0_out, i2 %local_reference_V_1_474_load"   --->   Operation 339 'write' 'write_ln0' <Predicate = (icmp_ln93)> <Delay = 0.00>
ST_1 : Operation 340 [1/1] (0.00ns)   --->   "%write_ln0 = write void @_ssdm_op_Write.ap_auto.i2P0A, i2 %local_reference_V_0_5_0_out, i2 %local_reference_V_1_473_load"   --->   Operation 340 'write' 'write_ln0' <Predicate = (icmp_ln93)> <Delay = 0.00>
ST_1 : Operation 341 [1/1] (0.00ns)   --->   "%write_ln0 = write void @_ssdm_op_Write.ap_auto.i2P0A, i2 %local_reference_V_3_4_0_out, i2 %local_reference_V_1_472_load"   --->   Operation 341 'write' 'write_ln0' <Predicate = (icmp_ln93)> <Delay = 0.00>
ST_1 : Operation 342 [1/1] (0.00ns)   --->   "%write_ln0 = write void @_ssdm_op_Write.ap_auto.i2P0A, i2 %local_reference_V_2_4_0_out, i2 %local_reference_V_1_471_load"   --->   Operation 342 'write' 'write_ln0' <Predicate = (icmp_ln93)> <Delay = 0.00>
ST_1 : Operation 343 [1/1] (0.00ns)   --->   "%write_ln0 = write void @_ssdm_op_Write.ap_auto.i2P0A, i2 %local_reference_V_1_4_0_out, i2 %local_reference_V_1_470_load"   --->   Operation 343 'write' 'write_ln0' <Predicate = (icmp_ln93)> <Delay = 0.00>
ST_1 : Operation 344 [1/1] (0.00ns)   --->   "%write_ln0 = write void @_ssdm_op_Write.ap_auto.i2P0A, i2 %local_reference_V_0_4_0_out, i2 %local_reference_V_1_469_load"   --->   Operation 344 'write' 'write_ln0' <Predicate = (icmp_ln93)> <Delay = 0.00>
ST_1 : Operation 345 [1/1] (0.00ns)   --->   "%write_ln0 = write void @_ssdm_op_Write.ap_auto.i2P0A, i2 %local_reference_V_3_3_0_out, i2 %local_reference_V_1_468_load"   --->   Operation 345 'write' 'write_ln0' <Predicate = (icmp_ln93)> <Delay = 0.00>
ST_1 : Operation 346 [1/1] (0.00ns)   --->   "%write_ln0 = write void @_ssdm_op_Write.ap_auto.i2P0A, i2 %local_reference_V_2_3_0_out, i2 %local_reference_V_1_467_load"   --->   Operation 346 'write' 'write_ln0' <Predicate = (icmp_ln93)> <Delay = 0.00>
ST_1 : Operation 347 [1/1] (0.00ns)   --->   "%write_ln0 = write void @_ssdm_op_Write.ap_auto.i2P0A, i2 %local_reference_V_1_3_0_out, i2 %local_reference_V_1_466_load"   --->   Operation 347 'write' 'write_ln0' <Predicate = (icmp_ln93)> <Delay = 0.00>
ST_1 : Operation 348 [1/1] (0.00ns)   --->   "%write_ln0 = write void @_ssdm_op_Write.ap_auto.i2P0A, i2 %local_reference_V_0_3_0_out, i2 %local_reference_V_1_465_load"   --->   Operation 348 'write' 'write_ln0' <Predicate = (icmp_ln93)> <Delay = 0.00>
ST_1 : Operation 349 [1/1] (0.00ns)   --->   "%write_ln0 = write void @_ssdm_op_Write.ap_auto.i2P0A, i2 %local_reference_V_3_2_0_out, i2 %local_reference_V_1_464_load"   --->   Operation 349 'write' 'write_ln0' <Predicate = (icmp_ln93)> <Delay = 0.00>
ST_1 : Operation 350 [1/1] (0.00ns)   --->   "%write_ln0 = write void @_ssdm_op_Write.ap_auto.i2P0A, i2 %local_reference_V_2_2_0_out, i2 %local_reference_V_1_463_load"   --->   Operation 350 'write' 'write_ln0' <Predicate = (icmp_ln93)> <Delay = 0.00>
ST_1 : Operation 351 [1/1] (0.00ns)   --->   "%write_ln0 = write void @_ssdm_op_Write.ap_auto.i2P0A, i2 %local_reference_V_1_2_0_out, i2 %local_reference_V_1_462_load"   --->   Operation 351 'write' 'write_ln0' <Predicate = (icmp_ln93)> <Delay = 0.00>
ST_1 : Operation 352 [1/1] (0.00ns)   --->   "%write_ln0 = write void @_ssdm_op_Write.ap_auto.i2P0A, i2 %local_reference_V_0_2_0_out, i2 %local_reference_V_1_461_load"   --->   Operation 352 'write' 'write_ln0' <Predicate = (icmp_ln93)> <Delay = 0.00>
ST_1 : Operation 353 [1/1] (0.00ns)   --->   "%write_ln0 = write void @_ssdm_op_Write.ap_auto.i2P0A, i2 %local_reference_V_3_1_0_out, i2 %local_reference_V_1_460_load"   --->   Operation 353 'write' 'write_ln0' <Predicate = (icmp_ln93)> <Delay = 0.00>
ST_1 : Operation 354 [1/1] (0.00ns)   --->   "%write_ln0 = write void @_ssdm_op_Write.ap_auto.i2P0A, i2 %local_reference_V_2_1_0_out, i2 %local_reference_V_1_459_load"   --->   Operation 354 'write' 'write_ln0' <Predicate = (icmp_ln93)> <Delay = 0.00>
ST_1 : Operation 355 [1/1] (0.00ns)   --->   "%write_ln0 = write void @_ssdm_op_Write.ap_auto.i2P0A, i2 %local_reference_V_1_1_0_out, i2 %local_reference_V_1_458_load"   --->   Operation 355 'write' 'write_ln0' <Predicate = (icmp_ln93)> <Delay = 0.00>
ST_1 : Operation 356 [1/1] (0.00ns)   --->   "%write_ln0 = write void @_ssdm_op_Write.ap_auto.i2P0A, i2 %local_reference_V_0_1_0_out, i2 %local_reference_V_1_457_load"   --->   Operation 356 'write' 'write_ln0' <Predicate = (icmp_ln93)> <Delay = 0.00>
ST_1 : Operation 357 [1/1] (0.00ns)   --->   "%write_ln0 = write void @_ssdm_op_Write.ap_auto.i2P0A, i2 %local_reference_V_3_0_out, i2 %local_reference_V_1_456_load"   --->   Operation 357 'write' 'write_ln0' <Predicate = (icmp_ln93)> <Delay = 0.00>
ST_1 : Operation 358 [1/1] (0.00ns)   --->   "%write_ln0 = write void @_ssdm_op_Write.ap_auto.i2P0A, i2 %local_reference_V_2_0_out, i2 %local_reference_V_1_455_load"   --->   Operation 358 'write' 'write_ln0' <Predicate = (icmp_ln93)> <Delay = 0.00>
ST_1 : Operation 359 [1/1] (0.00ns)   --->   "%write_ln0 = write void @_ssdm_op_Write.ap_auto.i2P0A, i2 %local_reference_V_1_0_out, i2 %local_reference_V_1_454_load"   --->   Operation 359 'write' 'write_ln0' <Predicate = (icmp_ln93)> <Delay = 0.00>
ST_1 : Operation 360 [1/1] (0.00ns)   --->   "%write_ln0 = write void @_ssdm_op_Write.ap_auto.i2P0A, i2 %local_reference_V_0_0_out, i2 %local_reference_V_1_load"   --->   Operation 360 'write' 'write_ln0' <Predicate = (icmp_ln93)> <Delay = 0.00>
ST_1 : Operation 361 [1/1] (0.00ns)   --->   "%ret_ln0 = ret"   --->   Operation 361 'ret' 'ret_ln0' <Predicate = (icmp_ln93)> <Delay = 0.00>

State 2 <SV = 1> <Delay = 0.73>
ST_2 : Operation 103 [1/1] (0.00ns)   --->   "%specloopname_ln93 = specloopname void @_ssdm_op_SpecLoopName, void @empty_6" [src/seq_align_multiple.cpp:93]   --->   Operation 103 'specloopname' 'specloopname_ln93' <Predicate = true> <Delay = 0.00>
ST_2 : Operation 104 [1/2] (0.73ns)   --->   "%local_reference_V_1_518 = load i6 %reference_string_comp_0_addr" [src/seq_align_multiple.cpp:94]   --->   Operation 104 'load' 'local_reference_V_1_518' <Predicate = true> <Delay = 0.73> <CoreInst = "RAM">   --->   Core 83 'RAM' <Latency = 1> <II = 1> <Delay = 0.73> <Storage> <Opcode : 'load' 'store'> <Ports = 2> <Width = 2> <Depth = 64> <RAM>
ST_2 : Operation 105 [1/1] (0.00ns)   --->   "%store_ln94 = store i2 %local_reference_V_1_518, i2 %local_reference_V_1_511" [src/seq_align_multiple.cpp:94]   --->   Operation 105 'store' 'store_ln94' <Predicate = (trunc_ln94 == 14 & trunc_ln94_8 == 2)> <Delay = 0.00>
ST_2 : Operation 106 [1/1] (0.00ns)   --->   "%br_ln94 = br void %arrayidx39.i.exit" [src/seq_align_multiple.cpp:94]   --->   Operation 106 'br' 'br_ln94' <Predicate = (trunc_ln94 == 14 & trunc_ln94_8 == 2)> <Delay = 0.00>
ST_2 : Operation 107 [1/1] (0.00ns)   --->   "%store_ln94 = store i2 %local_reference_V_1_518, i2 %local_reference_V_1_510" [src/seq_align_multiple.cpp:94]   --->   Operation 107 'store' 'store_ln94' <Predicate = (trunc_ln94 == 14 & trunc_ln94_8 == 1)> <Delay = 0.00>
ST_2 : Operation 108 [1/1] (0.00ns)   --->   "%br_ln94 = br void %arrayidx39.i.exit" [src/seq_align_multiple.cpp:94]   --->   Operation 108 'br' 'br_ln94' <Predicate = (trunc_ln94 == 14 & trunc_ln94_8 == 1)> <Delay = 0.00>
ST_2 : Operation 109 [1/1] (0.00ns)   --->   "%store_ln94 = store i2 %local_reference_V_1_518, i2 %local_reference_V_1_509" [src/seq_align_multiple.cpp:94]   --->   Operation 109 'store' 'store_ln94' <Predicate = (trunc_ln94 == 14 & trunc_ln94_8 == 0)> <Delay = 0.00>
ST_2 : Operation 110 [1/1] (0.00ns)   --->   "%br_ln94 = br void %arrayidx39.i.exit" [src/seq_align_multiple.cpp:94]   --->   Operation 110 'br' 'br_ln94' <Predicate = (trunc_ln94 == 14 & trunc_ln94_8 == 0)> <Delay = 0.00>
ST_2 : Operation 111 [1/1] (0.00ns)   --->   "%store_ln94 = store i2 %local_reference_V_1_518, i2 %local_reference_V_1_512" [src/seq_align_multiple.cpp:94]   --->   Operation 111 'store' 'store_ln94' <Predicate = (trunc_ln94 == 14 & trunc_ln94_8 == 3)> <Delay = 0.00>
ST_2 : Operation 112 [1/1] (0.00ns)   --->   "%br_ln94 = br void %arrayidx39.i.exit" [src/seq_align_multiple.cpp:94]   --->   Operation 112 'br' 'br_ln94' <Predicate = (trunc_ln94 == 14 & trunc_ln94_8 == 3)> <Delay = 0.00>
ST_2 : Operation 113 [1/1] (0.00ns)   --->   "%store_ln94 = store i2 %local_reference_V_1_518, i2 %local_reference_V_1_507" [src/seq_align_multiple.cpp:94]   --->   Operation 113 'store' 'store_ln94' <Predicate = (trunc_ln94 == 13 & trunc_ln94_8 == 2)> <Delay = 0.00>
ST_2 : Operation 114 [1/1] (0.00ns)   --->   "%br_ln94 = br void %arrayidx39.i.exit" [src/seq_align_multiple.cpp:94]   --->   Operation 114 'br' 'br_ln94' <Predicate = (trunc_ln94 == 13 & trunc_ln94_8 == 2)> <Delay = 0.00>
ST_2 : Operation 115 [1/1] (0.00ns)   --->   "%store_ln94 = store i2 %local_reference_V_1_518, i2 %local_reference_V_1_506" [src/seq_align_multiple.cpp:94]   --->   Operation 115 'store' 'store_ln94' <Predicate = (trunc_ln94 == 13 & trunc_ln94_8 == 1)> <Delay = 0.00>
ST_2 : Operation 116 [1/1] (0.00ns)   --->   "%br_ln94 = br void %arrayidx39.i.exit" [src/seq_align_multiple.cpp:94]   --->   Operation 116 'br' 'br_ln94' <Predicate = (trunc_ln94 == 13 & trunc_ln94_8 == 1)> <Delay = 0.00>
ST_2 : Operation 117 [1/1] (0.00ns)   --->   "%store_ln94 = store i2 %local_reference_V_1_518, i2 %local_reference_V_1_505" [src/seq_align_multiple.cpp:94]   --->   Operation 117 'store' 'store_ln94' <Predicate = (trunc_ln94 == 13 & trunc_ln94_8 == 0)> <Delay = 0.00>
ST_2 : Operation 118 [1/1] (0.00ns)   --->   "%br_ln94 = br void %arrayidx39.i.exit" [src/seq_align_multiple.cpp:94]   --->   Operation 118 'br' 'br_ln94' <Predicate = (trunc_ln94 == 13 & trunc_ln94_8 == 0)> <Delay = 0.00>
ST_2 : Operation 119 [1/1] (0.00ns)   --->   "%store_ln94 = store i2 %local_reference_V_1_518, i2 %local_reference_V_1_508" [src/seq_align_multiple.cpp:94]   --->   Operation 119 'store' 'store_ln94' <Predicate = (trunc_ln94 == 13 & trunc_ln94_8 == 3)> <Delay = 0.00>
ST_2 : Operation 120 [1/1] (0.00ns)   --->   "%br_ln94 = br void %arrayidx39.i.exit" [src/seq_align_multiple.cpp:94]   --->   Operation 120 'br' 'br_ln94' <Predicate = (trunc_ln94 == 13 & trunc_ln94_8 == 3)> <Delay = 0.00>
ST_2 : Operation 121 [1/1] (0.00ns)   --->   "%store_ln94 = store i2 %local_reference_V_1_518, i2 %local_reference_V_1_503" [src/seq_align_multiple.cpp:94]   --->   Operation 121 'store' 'store_ln94' <Predicate = (trunc_ln94 == 12 & trunc_ln94_8 == 2)> <Delay = 0.00>
ST_2 : Operation 122 [1/1] (0.00ns)   --->   "%br_ln94 = br void %arrayidx39.i.exit" [src/seq_align_multiple.cpp:94]   --->   Operation 122 'br' 'br_ln94' <Predicate = (trunc_ln94 == 12 & trunc_ln94_8 == 2)> <Delay = 0.00>
ST_2 : Operation 123 [1/1] (0.00ns)   --->   "%store_ln94 = store i2 %local_reference_V_1_518, i2 %local_reference_V_1_502" [src/seq_align_multiple.cpp:94]   --->   Operation 123 'store' 'store_ln94' <Predicate = (trunc_ln94 == 12 & trunc_ln94_8 == 1)> <Delay = 0.00>
ST_2 : Operation 124 [1/1] (0.00ns)   --->   "%br_ln94 = br void %arrayidx39.i.exit" [src/seq_align_multiple.cpp:94]   --->   Operation 124 'br' 'br_ln94' <Predicate = (trunc_ln94 == 12 & trunc_ln94_8 == 1)> <Delay = 0.00>
ST_2 : Operation 125 [1/1] (0.00ns)   --->   "%store_ln94 = store i2 %local_reference_V_1_518, i2 %local_reference_V_1_501" [src/seq_align_multiple.cpp:94]   --->   Operation 125 'store' 'store_ln94' <Predicate = (trunc_ln94 == 12 & trunc_ln94_8 == 0)> <Delay = 0.00>
ST_2 : Operation 126 [1/1] (0.00ns)   --->   "%br_ln94 = br void %arrayidx39.i.exit" [src/seq_align_multiple.cpp:94]   --->   Operation 126 'br' 'br_ln94' <Predicate = (trunc_ln94 == 12 & trunc_ln94_8 == 0)> <Delay = 0.00>
ST_2 : Operation 127 [1/1] (0.00ns)   --->   "%store_ln94 = store i2 %local_reference_V_1_518, i2 %local_reference_V_1_504" [src/seq_align_multiple.cpp:94]   --->   Operation 127 'store' 'store_ln94' <Predicate = (trunc_ln94 == 12 & trunc_ln94_8 == 3)> <Delay = 0.00>
ST_2 : Operation 128 [1/1] (0.00ns)   --->   "%br_ln94 = br void %arrayidx39.i.exit" [src/seq_align_multiple.cpp:94]   --->   Operation 128 'br' 'br_ln94' <Predicate = (trunc_ln94 == 12 & trunc_ln94_8 == 3)> <Delay = 0.00>
ST_2 : Operation 129 [1/1] (0.00ns)   --->   "%store_ln94 = store i2 %local_reference_V_1_518, i2 %local_reference_V_1_499" [src/seq_align_multiple.cpp:94]   --->   Operation 129 'store' 'store_ln94' <Predicate = (trunc_ln94 == 11 & trunc_ln94_8 == 2)> <Delay = 0.00>
ST_2 : Operation 130 [1/1] (0.00ns)   --->   "%br_ln94 = br void %arrayidx39.i.exit" [src/seq_align_multiple.cpp:94]   --->   Operation 130 'br' 'br_ln94' <Predicate = (trunc_ln94 == 11 & trunc_ln94_8 == 2)> <Delay = 0.00>
ST_2 : Operation 131 [1/1] (0.00ns)   --->   "%store_ln94 = store i2 %local_reference_V_1_518, i2 %local_reference_V_1_498" [src/seq_align_multiple.cpp:94]   --->   Operation 131 'store' 'store_ln94' <Predicate = (trunc_ln94 == 11 & trunc_ln94_8 == 1)> <Delay = 0.00>
ST_2 : Operation 132 [1/1] (0.00ns)   --->   "%br_ln94 = br void %arrayidx39.i.exit" [src/seq_align_multiple.cpp:94]   --->   Operation 132 'br' 'br_ln94' <Predicate = (trunc_ln94 == 11 & trunc_ln94_8 == 1)> <Delay = 0.00>
ST_2 : Operation 133 [1/1] (0.00ns)   --->   "%store_ln94 = store i2 %local_reference_V_1_518, i2 %local_reference_V_1_497" [src/seq_align_multiple.cpp:94]   --->   Operation 133 'store' 'store_ln94' <Predicate = (trunc_ln94 == 11 & trunc_ln94_8 == 0)> <Delay = 0.00>
ST_2 : Operation 134 [1/1] (0.00ns)   --->   "%br_ln94 = br void %arrayidx39.i.exit" [src/seq_align_multiple.cpp:94]   --->   Operation 134 'br' 'br_ln94' <Predicate = (trunc_ln94 == 11 & trunc_ln94_8 == 0)> <Delay = 0.00>
ST_2 : Operation 135 [1/1] (0.00ns)   --->   "%store_ln94 = store i2 %local_reference_V_1_518, i2 %local_reference_V_1_500" [src/seq_align_multiple.cpp:94]   --->   Operation 135 'store' 'store_ln94' <Predicate = (trunc_ln94 == 11 & trunc_ln94_8 == 3)> <Delay = 0.00>
ST_2 : Operation 136 [1/1] (0.00ns)   --->   "%br_ln94 = br void %arrayidx39.i.exit" [src/seq_align_multiple.cpp:94]   --->   Operation 136 'br' 'br_ln94' <Predicate = (trunc_ln94 == 11 & trunc_ln94_8 == 3)> <Delay = 0.00>
ST_2 : Operation 137 [1/1] (0.00ns)   --->   "%store_ln94 = store i2 %local_reference_V_1_518, i2 %local_reference_V_1_495" [src/seq_align_multiple.cpp:94]   --->   Operation 137 'store' 'store_ln94' <Predicate = (trunc_ln94 == 10 & trunc_ln94_8 == 2)> <Delay = 0.00>
ST_2 : Operation 138 [1/1] (0.00ns)   --->   "%br_ln94 = br void %arrayidx39.i.exit" [src/seq_align_multiple.cpp:94]   --->   Operation 138 'br' 'br_ln94' <Predicate = (trunc_ln94 == 10 & trunc_ln94_8 == 2)> <Delay = 0.00>
ST_2 : Operation 139 [1/1] (0.00ns)   --->   "%store_ln94 = store i2 %local_reference_V_1_518, i2 %local_reference_V_1_494" [src/seq_align_multiple.cpp:94]   --->   Operation 139 'store' 'store_ln94' <Predicate = (trunc_ln94 == 10 & trunc_ln94_8 == 1)> <Delay = 0.00>
ST_2 : Operation 140 [1/1] (0.00ns)   --->   "%br_ln94 = br void %arrayidx39.i.exit" [src/seq_align_multiple.cpp:94]   --->   Operation 140 'br' 'br_ln94' <Predicate = (trunc_ln94 == 10 & trunc_ln94_8 == 1)> <Delay = 0.00>
ST_2 : Operation 141 [1/1] (0.00ns)   --->   "%store_ln94 = store i2 %local_reference_V_1_518, i2 %local_reference_V_1_493" [src/seq_align_multiple.cpp:94]   --->   Operation 141 'store' 'store_ln94' <Predicate = (trunc_ln94 == 10 & trunc_ln94_8 == 0)> <Delay = 0.00>
ST_2 : Operation 142 [1/1] (0.00ns)   --->   "%br_ln94 = br void %arrayidx39.i.exit" [src/seq_align_multiple.cpp:94]   --->   Operation 142 'br' 'br_ln94' <Predicate = (trunc_ln94 == 10 & trunc_ln94_8 == 0)> <Delay = 0.00>
ST_2 : Operation 143 [1/1] (0.00ns)   --->   "%store_ln94 = store i2 %local_reference_V_1_518, i2 %local_reference_V_1_496" [src/seq_align_multiple.cpp:94]   --->   Operation 143 'store' 'store_ln94' <Predicate = (trunc_ln94 == 10 & trunc_ln94_8 == 3)> <Delay = 0.00>
ST_2 : Operation 144 [1/1] (0.00ns)   --->   "%br_ln94 = br void %arrayidx39.i.exit" [src/seq_align_multiple.cpp:94]   --->   Operation 144 'br' 'br_ln94' <Predicate = (trunc_ln94 == 10 & trunc_ln94_8 == 3)> <Delay = 0.00>
ST_2 : Operation 145 [1/1] (0.00ns)   --->   "%store_ln94 = store i2 %local_reference_V_1_518, i2 %local_reference_V_1_491" [src/seq_align_multiple.cpp:94]   --->   Operation 145 'store' 'store_ln94' <Predicate = (trunc_ln94 == 9 & trunc_ln94_8 == 2)> <Delay = 0.00>
ST_2 : Operation 146 [1/1] (0.00ns)   --->   "%br_ln94 = br void %arrayidx39.i.exit" [src/seq_align_multiple.cpp:94]   --->   Operation 146 'br' 'br_ln94' <Predicate = (trunc_ln94 == 9 & trunc_ln94_8 == 2)> <Delay = 0.00>
ST_2 : Operation 147 [1/1] (0.00ns)   --->   "%store_ln94 = store i2 %local_reference_V_1_518, i2 %local_reference_V_1_490" [src/seq_align_multiple.cpp:94]   --->   Operation 147 'store' 'store_ln94' <Predicate = (trunc_ln94 == 9 & trunc_ln94_8 == 1)> <Delay = 0.00>
ST_2 : Operation 148 [1/1] (0.00ns)   --->   "%br_ln94 = br void %arrayidx39.i.exit" [src/seq_align_multiple.cpp:94]   --->   Operation 148 'br' 'br_ln94' <Predicate = (trunc_ln94 == 9 & trunc_ln94_8 == 1)> <Delay = 0.00>
ST_2 : Operation 149 [1/1] (0.00ns)   --->   "%store_ln94 = store i2 %local_reference_V_1_518, i2 %local_reference_V_1_489" [src/seq_align_multiple.cpp:94]   --->   Operation 149 'store' 'store_ln94' <Predicate = (trunc_ln94 == 9 & trunc_ln94_8 == 0)> <Delay = 0.00>
ST_2 : Operation 150 [1/1] (0.00ns)   --->   "%br_ln94 = br void %arrayidx39.i.exit" [src/seq_align_multiple.cpp:94]   --->   Operation 150 'br' 'br_ln94' <Predicate = (trunc_ln94 == 9 & trunc_ln94_8 == 0)> <Delay = 0.00>
ST_2 : Operation 151 [1/1] (0.00ns)   --->   "%store_ln94 = store i2 %local_reference_V_1_518, i2 %local_reference_V_1_492" [src/seq_align_multiple.cpp:94]   --->   Operation 151 'store' 'store_ln94' <Predicate = (trunc_ln94 == 9 & trunc_ln94_8 == 3)> <Delay = 0.00>
ST_2 : Operation 152 [1/1] (0.00ns)   --->   "%br_ln94 = br void %arrayidx39.i.exit" [src/seq_align_multiple.cpp:94]   --->   Operation 152 'br' 'br_ln94' <Predicate = (trunc_ln94 == 9 & trunc_ln94_8 == 3)> <Delay = 0.00>
ST_2 : Operation 153 [1/1] (0.00ns)   --->   "%store_ln94 = store i2 %local_reference_V_1_518, i2 %local_reference_V_1_487" [src/seq_align_multiple.cpp:94]   --->   Operation 153 'store' 'store_ln94' <Predicate = (trunc_ln94 == 8 & trunc_ln94_8 == 2)> <Delay = 0.00>
ST_2 : Operation 154 [1/1] (0.00ns)   --->   "%br_ln94 = br void %arrayidx39.i.exit" [src/seq_align_multiple.cpp:94]   --->   Operation 154 'br' 'br_ln94' <Predicate = (trunc_ln94 == 8 & trunc_ln94_8 == 2)> <Delay = 0.00>
ST_2 : Operation 155 [1/1] (0.00ns)   --->   "%store_ln94 = store i2 %local_reference_V_1_518, i2 %local_reference_V_1_486" [src/seq_align_multiple.cpp:94]   --->   Operation 155 'store' 'store_ln94' <Predicate = (trunc_ln94 == 8 & trunc_ln94_8 == 1)> <Delay = 0.00>
ST_2 : Operation 156 [1/1] (0.00ns)   --->   "%br_ln94 = br void %arrayidx39.i.exit" [src/seq_align_multiple.cpp:94]   --->   Operation 156 'br' 'br_ln94' <Predicate = (trunc_ln94 == 8 & trunc_ln94_8 == 1)> <Delay = 0.00>
ST_2 : Operation 157 [1/1] (0.00ns)   --->   "%store_ln94 = store i2 %local_reference_V_1_518, i2 %local_reference_V_1_485" [src/seq_align_multiple.cpp:94]   --->   Operation 157 'store' 'store_ln94' <Predicate = (trunc_ln94 == 8 & trunc_ln94_8 == 0)> <Delay = 0.00>
ST_2 : Operation 158 [1/1] (0.00ns)   --->   "%br_ln94 = br void %arrayidx39.i.exit" [src/seq_align_multiple.cpp:94]   --->   Operation 158 'br' 'br_ln94' <Predicate = (trunc_ln94 == 8 & trunc_ln94_8 == 0)> <Delay = 0.00>
ST_2 : Operation 159 [1/1] (0.00ns)   --->   "%store_ln94 = store i2 %local_reference_V_1_518, i2 %local_reference_V_1_488" [src/seq_align_multiple.cpp:94]   --->   Operation 159 'store' 'store_ln94' <Predicate = (trunc_ln94 == 8 & trunc_ln94_8 == 3)> <Delay = 0.00>
ST_2 : Operation 160 [1/1] (0.00ns)   --->   "%br_ln94 = br void %arrayidx39.i.exit" [src/seq_align_multiple.cpp:94]   --->   Operation 160 'br' 'br_ln94' <Predicate = (trunc_ln94 == 8 & trunc_ln94_8 == 3)> <Delay = 0.00>
ST_2 : Operation 161 [1/1] (0.00ns)   --->   "%store_ln94 = store i2 %local_reference_V_1_518, i2 %local_reference_V_1_483" [src/seq_align_multiple.cpp:94]   --->   Operation 161 'store' 'store_ln94' <Predicate = (trunc_ln94 == 7 & trunc_ln94_8 == 2)> <Delay = 0.00>
ST_2 : Operation 162 [1/1] (0.00ns)   --->   "%br_ln94 = br void %arrayidx39.i.exit" [src/seq_align_multiple.cpp:94]   --->   Operation 162 'br' 'br_ln94' <Predicate = (trunc_ln94 == 7 & trunc_ln94_8 == 2)> <Delay = 0.00>
ST_2 : Operation 163 [1/1] (0.00ns)   --->   "%store_ln94 = store i2 %local_reference_V_1_518, i2 %local_reference_V_1_482" [src/seq_align_multiple.cpp:94]   --->   Operation 163 'store' 'store_ln94' <Predicate = (trunc_ln94 == 7 & trunc_ln94_8 == 1)> <Delay = 0.00>
ST_2 : Operation 164 [1/1] (0.00ns)   --->   "%br_ln94 = br void %arrayidx39.i.exit" [src/seq_align_multiple.cpp:94]   --->   Operation 164 'br' 'br_ln94' <Predicate = (trunc_ln94 == 7 & trunc_ln94_8 == 1)> <Delay = 0.00>
ST_2 : Operation 165 [1/1] (0.00ns)   --->   "%store_ln94 = store i2 %local_reference_V_1_518, i2 %local_reference_V_1_481" [src/seq_align_multiple.cpp:94]   --->   Operation 165 'store' 'store_ln94' <Predicate = (trunc_ln94 == 7 & trunc_ln94_8 == 0)> <Delay = 0.00>
ST_2 : Operation 166 [1/1] (0.00ns)   --->   "%br_ln94 = br void %arrayidx39.i.exit" [src/seq_align_multiple.cpp:94]   --->   Operation 166 'br' 'br_ln94' <Predicate = (trunc_ln94 == 7 & trunc_ln94_8 == 0)> <Delay = 0.00>
ST_2 : Operation 167 [1/1] (0.00ns)   --->   "%store_ln94 = store i2 %local_reference_V_1_518, i2 %local_reference_V_1_484" [src/seq_align_multiple.cpp:94]   --->   Operation 167 'store' 'store_ln94' <Predicate = (trunc_ln94 == 7 & trunc_ln94_8 == 3)> <Delay = 0.00>
ST_2 : Operation 168 [1/1] (0.00ns)   --->   "%br_ln94 = br void %arrayidx39.i.exit" [src/seq_align_multiple.cpp:94]   --->   Operation 168 'br' 'br_ln94' <Predicate = (trunc_ln94 == 7 & trunc_ln94_8 == 3)> <Delay = 0.00>
ST_2 : Operation 169 [1/1] (0.00ns)   --->   "%store_ln94 = store i2 %local_reference_V_1_518, i2 %local_reference_V_1_479" [src/seq_align_multiple.cpp:94]   --->   Operation 169 'store' 'store_ln94' <Predicate = (trunc_ln94 == 6 & trunc_ln94_8 == 2)> <Delay = 0.00>
ST_2 : Operation 170 [1/1] (0.00ns)   --->   "%br_ln94 = br void %arrayidx39.i.exit" [src/seq_align_multiple.cpp:94]   --->   Operation 170 'br' 'br_ln94' <Predicate = (trunc_ln94 == 6 & trunc_ln94_8 == 2)> <Delay = 0.00>
ST_2 : Operation 171 [1/1] (0.00ns)   --->   "%store_ln94 = store i2 %local_reference_V_1_518, i2 %local_reference_V_1_478" [src/seq_align_multiple.cpp:94]   --->   Operation 171 'store' 'store_ln94' <Predicate = (trunc_ln94 == 6 & trunc_ln94_8 == 1)> <Delay = 0.00>
ST_2 : Operation 172 [1/1] (0.00ns)   --->   "%br_ln94 = br void %arrayidx39.i.exit" [src/seq_align_multiple.cpp:94]   --->   Operation 172 'br' 'br_ln94' <Predicate = (trunc_ln94 == 6 & trunc_ln94_8 == 1)> <Delay = 0.00>
ST_2 : Operation 173 [1/1] (0.00ns)   --->   "%store_ln94 = store i2 %local_reference_V_1_518, i2 %local_reference_V_1_477" [src/seq_align_multiple.cpp:94]   --->   Operation 173 'store' 'store_ln94' <Predicate = (trunc_ln94 == 6 & trunc_ln94_8 == 0)> <Delay = 0.00>
ST_2 : Operation 174 [1/1] (0.00ns)   --->   "%br_ln94 = br void %arrayidx39.i.exit" [src/seq_align_multiple.cpp:94]   --->   Operation 174 'br' 'br_ln94' <Predicate = (trunc_ln94 == 6 & trunc_ln94_8 == 0)> <Delay = 0.00>
ST_2 : Operation 175 [1/1] (0.00ns)   --->   "%store_ln94 = store i2 %local_reference_V_1_518, i2 %local_reference_V_1_480" [src/seq_align_multiple.cpp:94]   --->   Operation 175 'store' 'store_ln94' <Predicate = (trunc_ln94 == 6 & trunc_ln94_8 == 3)> <Delay = 0.00>
ST_2 : Operation 176 [1/1] (0.00ns)   --->   "%br_ln94 = br void %arrayidx39.i.exit" [src/seq_align_multiple.cpp:94]   --->   Operation 176 'br' 'br_ln94' <Predicate = (trunc_ln94 == 6 & trunc_ln94_8 == 3)> <Delay = 0.00>
ST_2 : Operation 177 [1/1] (0.00ns)   --->   "%store_ln94 = store i2 %local_reference_V_1_518, i2 %local_reference_V_1_475" [src/seq_align_multiple.cpp:94]   --->   Operation 177 'store' 'store_ln94' <Predicate = (trunc_ln94 == 5 & trunc_ln94_8 == 2)> <Delay = 0.00>
ST_2 : Operation 178 [1/1] (0.00ns)   --->   "%br_ln94 = br void %arrayidx39.i.exit" [src/seq_align_multiple.cpp:94]   --->   Operation 178 'br' 'br_ln94' <Predicate = (trunc_ln94 == 5 & trunc_ln94_8 == 2)> <Delay = 0.00>
ST_2 : Operation 179 [1/1] (0.00ns)   --->   "%store_ln94 = store i2 %local_reference_V_1_518, i2 %local_reference_V_1_474" [src/seq_align_multiple.cpp:94]   --->   Operation 179 'store' 'store_ln94' <Predicate = (trunc_ln94 == 5 & trunc_ln94_8 == 1)> <Delay = 0.00>
ST_2 : Operation 180 [1/1] (0.00ns)   --->   "%br_ln94 = br void %arrayidx39.i.exit" [src/seq_align_multiple.cpp:94]   --->   Operation 180 'br' 'br_ln94' <Predicate = (trunc_ln94 == 5 & trunc_ln94_8 == 1)> <Delay = 0.00>
ST_2 : Operation 181 [1/1] (0.00ns)   --->   "%store_ln94 = store i2 %local_reference_V_1_518, i2 %local_reference_V_1_473" [src/seq_align_multiple.cpp:94]   --->   Operation 181 'store' 'store_ln94' <Predicate = (trunc_ln94 == 5 & trunc_ln94_8 == 0)> <Delay = 0.00>
ST_2 : Operation 182 [1/1] (0.00ns)   --->   "%br_ln94 = br void %arrayidx39.i.exit" [src/seq_align_multiple.cpp:94]   --->   Operation 182 'br' 'br_ln94' <Predicate = (trunc_ln94 == 5 & trunc_ln94_8 == 0)> <Delay = 0.00>
ST_2 : Operation 183 [1/1] (0.00ns)   --->   "%store_ln94 = store i2 %local_reference_V_1_518, i2 %local_reference_V_1_476" [src/seq_align_multiple.cpp:94]   --->   Operation 183 'store' 'store_ln94' <Predicate = (trunc_ln94 == 5 & trunc_ln94_8 == 3)> <Delay = 0.00>
ST_2 : Operation 184 [1/1] (0.00ns)   --->   "%br_ln94 = br void %arrayidx39.i.exit" [src/seq_align_multiple.cpp:94]   --->   Operation 184 'br' 'br_ln94' <Predicate = (trunc_ln94 == 5 & trunc_ln94_8 == 3)> <Delay = 0.00>
ST_2 : Operation 185 [1/1] (0.00ns)   --->   "%store_ln94 = store i2 %local_reference_V_1_518, i2 %local_reference_V_1_471" [src/seq_align_multiple.cpp:94]   --->   Operation 185 'store' 'store_ln94' <Predicate = (trunc_ln94 == 4 & trunc_ln94_8 == 2)> <Delay = 0.00>
ST_2 : Operation 186 [1/1] (0.00ns)   --->   "%br_ln94 = br void %arrayidx39.i.exit" [src/seq_align_multiple.cpp:94]   --->   Operation 186 'br' 'br_ln94' <Predicate = (trunc_ln94 == 4 & trunc_ln94_8 == 2)> <Delay = 0.00>
ST_2 : Operation 187 [1/1] (0.00ns)   --->   "%store_ln94 = store i2 %local_reference_V_1_518, i2 %local_reference_V_1_470" [src/seq_align_multiple.cpp:94]   --->   Operation 187 'store' 'store_ln94' <Predicate = (trunc_ln94 == 4 & trunc_ln94_8 == 1)> <Delay = 0.00>
ST_2 : Operation 188 [1/1] (0.00ns)   --->   "%br_ln94 = br void %arrayidx39.i.exit" [src/seq_align_multiple.cpp:94]   --->   Operation 188 'br' 'br_ln94' <Predicate = (trunc_ln94 == 4 & trunc_ln94_8 == 1)> <Delay = 0.00>
ST_2 : Operation 189 [1/1] (0.00ns)   --->   "%store_ln94 = store i2 %local_reference_V_1_518, i2 %local_reference_V_1_469" [src/seq_align_multiple.cpp:94]   --->   Operation 189 'store' 'store_ln94' <Predicate = (trunc_ln94 == 4 & trunc_ln94_8 == 0)> <Delay = 0.00>
ST_2 : Operation 190 [1/1] (0.00ns)   --->   "%br_ln94 = br void %arrayidx39.i.exit" [src/seq_align_multiple.cpp:94]   --->   Operation 190 'br' 'br_ln94' <Predicate = (trunc_ln94 == 4 & trunc_ln94_8 == 0)> <Delay = 0.00>
ST_2 : Operation 191 [1/1] (0.00ns)   --->   "%store_ln94 = store i2 %local_reference_V_1_518, i2 %local_reference_V_1_472" [src/seq_align_multiple.cpp:94]   --->   Operation 191 'store' 'store_ln94' <Predicate = (trunc_ln94 == 4 & trunc_ln94_8 == 3)> <Delay = 0.00>
ST_2 : Operation 192 [1/1] (0.00ns)   --->   "%br_ln94 = br void %arrayidx39.i.exit" [src/seq_align_multiple.cpp:94]   --->   Operation 192 'br' 'br_ln94' <Predicate = (trunc_ln94 == 4 & trunc_ln94_8 == 3)> <Delay = 0.00>
ST_2 : Operation 193 [1/1] (0.00ns)   --->   "%store_ln94 = store i2 %local_reference_V_1_518, i2 %local_reference_V_1_467" [src/seq_align_multiple.cpp:94]   --->   Operation 193 'store' 'store_ln94' <Predicate = (trunc_ln94 == 3 & trunc_ln94_8 == 2)> <Delay = 0.00>
ST_2 : Operation 194 [1/1] (0.00ns)   --->   "%br_ln94 = br void %arrayidx39.i.exit" [src/seq_align_multiple.cpp:94]   --->   Operation 194 'br' 'br_ln94' <Predicate = (trunc_ln94 == 3 & trunc_ln94_8 == 2)> <Delay = 0.00>
ST_2 : Operation 195 [1/1] (0.00ns)   --->   "%store_ln94 = store i2 %local_reference_V_1_518, i2 %local_reference_V_1_466" [src/seq_align_multiple.cpp:94]   --->   Operation 195 'store' 'store_ln94' <Predicate = (trunc_ln94 == 3 & trunc_ln94_8 == 1)> <Delay = 0.00>
ST_2 : Operation 196 [1/1] (0.00ns)   --->   "%br_ln94 = br void %arrayidx39.i.exit" [src/seq_align_multiple.cpp:94]   --->   Operation 196 'br' 'br_ln94' <Predicate = (trunc_ln94 == 3 & trunc_ln94_8 == 1)> <Delay = 0.00>
ST_2 : Operation 197 [1/1] (0.00ns)   --->   "%store_ln94 = store i2 %local_reference_V_1_518, i2 %local_reference_V_1_465" [src/seq_align_multiple.cpp:94]   --->   Operation 197 'store' 'store_ln94' <Predicate = (trunc_ln94 == 3 & trunc_ln94_8 == 0)> <Delay = 0.00>
ST_2 : Operation 198 [1/1] (0.00ns)   --->   "%br_ln94 = br void %arrayidx39.i.exit" [src/seq_align_multiple.cpp:94]   --->   Operation 198 'br' 'br_ln94' <Predicate = (trunc_ln94 == 3 & trunc_ln94_8 == 0)> <Delay = 0.00>
ST_2 : Operation 199 [1/1] (0.00ns)   --->   "%store_ln94 = store i2 %local_reference_V_1_518, i2 %local_reference_V_1_468" [src/seq_align_multiple.cpp:94]   --->   Operation 199 'store' 'store_ln94' <Predicate = (trunc_ln94 == 3 & trunc_ln94_8 == 3)> <Delay = 0.00>
ST_2 : Operation 200 [1/1] (0.00ns)   --->   "%br_ln94 = br void %arrayidx39.i.exit" [src/seq_align_multiple.cpp:94]   --->   Operation 200 'br' 'br_ln94' <Predicate = (trunc_ln94 == 3 & trunc_ln94_8 == 3)> <Delay = 0.00>
ST_2 : Operation 201 [1/1] (0.00ns)   --->   "%store_ln94 = store i2 %local_reference_V_1_518, i2 %local_reference_V_1_463" [src/seq_align_multiple.cpp:94]   --->   Operation 201 'store' 'store_ln94' <Predicate = (trunc_ln94 == 2 & trunc_ln94_8 == 2)> <Delay = 0.00>
ST_2 : Operation 202 [1/1] (0.00ns)   --->   "%br_ln94 = br void %arrayidx39.i.exit" [src/seq_align_multiple.cpp:94]   --->   Operation 202 'br' 'br_ln94' <Predicate = (trunc_ln94 == 2 & trunc_ln94_8 == 2)> <Delay = 0.00>
ST_2 : Operation 203 [1/1] (0.00ns)   --->   "%store_ln94 = store i2 %local_reference_V_1_518, i2 %local_reference_V_1_462" [src/seq_align_multiple.cpp:94]   --->   Operation 203 'store' 'store_ln94' <Predicate = (trunc_ln94 == 2 & trunc_ln94_8 == 1)> <Delay = 0.00>
ST_2 : Operation 204 [1/1] (0.00ns)   --->   "%br_ln94 = br void %arrayidx39.i.exit" [src/seq_align_multiple.cpp:94]   --->   Operation 204 'br' 'br_ln94' <Predicate = (trunc_ln94 == 2 & trunc_ln94_8 == 1)> <Delay = 0.00>
ST_2 : Operation 205 [1/1] (0.00ns)   --->   "%store_ln94 = store i2 %local_reference_V_1_518, i2 %local_reference_V_1_461" [src/seq_align_multiple.cpp:94]   --->   Operation 205 'store' 'store_ln94' <Predicate = (trunc_ln94 == 2 & trunc_ln94_8 == 0)> <Delay = 0.00>
ST_2 : Operation 206 [1/1] (0.00ns)   --->   "%br_ln94 = br void %arrayidx39.i.exit" [src/seq_align_multiple.cpp:94]   --->   Operation 206 'br' 'br_ln94' <Predicate = (trunc_ln94 == 2 & trunc_ln94_8 == 0)> <Delay = 0.00>
ST_2 : Operation 207 [1/1] (0.00ns)   --->   "%store_ln94 = store i2 %local_reference_V_1_518, i2 %local_reference_V_1_464" [src/seq_align_multiple.cpp:94]   --->   Operation 207 'store' 'store_ln94' <Predicate = (trunc_ln94 == 2 & trunc_ln94_8 == 3)> <Delay = 0.00>
ST_2 : Operation 208 [1/1] (0.00ns)   --->   "%br_ln94 = br void %arrayidx39.i.exit" [src/seq_align_multiple.cpp:94]   --->   Operation 208 'br' 'br_ln94' <Predicate = (trunc_ln94 == 2 & trunc_ln94_8 == 3)> <Delay = 0.00>
ST_2 : Operation 209 [1/1] (0.00ns)   --->   "%store_ln94 = store i2 %local_reference_V_1_518, i2 %local_reference_V_1_459" [src/seq_align_multiple.cpp:94]   --->   Operation 209 'store' 'store_ln94' <Predicate = (trunc_ln94 == 1 & trunc_ln94_8 == 2)> <Delay = 0.00>
ST_2 : Operation 210 [1/1] (0.00ns)   --->   "%br_ln94 = br void %arrayidx39.i.exit" [src/seq_align_multiple.cpp:94]   --->   Operation 210 'br' 'br_ln94' <Predicate = (trunc_ln94 == 1 & trunc_ln94_8 == 2)> <Delay = 0.00>
ST_2 : Operation 211 [1/1] (0.00ns)   --->   "%store_ln94 = store i2 %local_reference_V_1_518, i2 %local_reference_V_1_458" [src/seq_align_multiple.cpp:94]   --->   Operation 211 'store' 'store_ln94' <Predicate = (trunc_ln94 == 1 & trunc_ln94_8 == 1)> <Delay = 0.00>
ST_2 : Operation 212 [1/1] (0.00ns)   --->   "%br_ln94 = br void %arrayidx39.i.exit" [src/seq_align_multiple.cpp:94]   --->   Operation 212 'br' 'br_ln94' <Predicate = (trunc_ln94 == 1 & trunc_ln94_8 == 1)> <Delay = 0.00>
ST_2 : Operation 213 [1/1] (0.00ns)   --->   "%store_ln94 = store i2 %local_reference_V_1_518, i2 %local_reference_V_1_457" [src/seq_align_multiple.cpp:94]   --->   Operation 213 'store' 'store_ln94' <Predicate = (trunc_ln94 == 1 & trunc_ln94_8 == 0)> <Delay = 0.00>
ST_2 : Operation 214 [1/1] (0.00ns)   --->   "%br_ln94 = br void %arrayidx39.i.exit" [src/seq_align_multiple.cpp:94]   --->   Operation 214 'br' 'br_ln94' <Predicate = (trunc_ln94 == 1 & trunc_ln94_8 == 0)> <Delay = 0.00>
ST_2 : Operation 215 [1/1] (0.00ns)   --->   "%store_ln94 = store i2 %local_reference_V_1_518, i2 %local_reference_V_1_460" [src/seq_align_multiple.cpp:94]   --->   Operation 215 'store' 'store_ln94' <Predicate = (trunc_ln94 == 1 & trunc_ln94_8 == 3)> <Delay = 0.00>
ST_2 : Operation 216 [1/1] (0.00ns)   --->   "%br_ln94 = br void %arrayidx39.i.exit" [src/seq_align_multiple.cpp:94]   --->   Operation 216 'br' 'br_ln94' <Predicate = (trunc_ln94 == 1 & trunc_ln94_8 == 3)> <Delay = 0.00>
ST_2 : Operation 217 [1/1] (0.00ns)   --->   "%store_ln94 = store i2 %local_reference_V_1_518, i2 %local_reference_V_1_455" [src/seq_align_multiple.cpp:94]   --->   Operation 217 'store' 'store_ln94' <Predicate = (trunc_ln94 == 0 & trunc_ln94_8 == 2)> <Delay = 0.00>
ST_2 : Operation 218 [1/1] (0.00ns)   --->   "%br_ln94 = br void %arrayidx39.i.exit" [src/seq_align_multiple.cpp:94]   --->   Operation 218 'br' 'br_ln94' <Predicate = (trunc_ln94 == 0 & trunc_ln94_8 == 2)> <Delay = 0.00>
ST_2 : Operation 219 [1/1] (0.00ns)   --->   "%store_ln94 = store i2 %local_reference_V_1_518, i2 %local_reference_V_1_454" [src/seq_align_multiple.cpp:94]   --->   Operation 219 'store' 'store_ln94' <Predicate = (trunc_ln94 == 0 & trunc_ln94_8 == 1)> <Delay = 0.00>
ST_2 : Operation 220 [1/1] (0.00ns)   --->   "%br_ln94 = br void %arrayidx39.i.exit" [src/seq_align_multiple.cpp:94]   --->   Operation 220 'br' 'br_ln94' <Predicate = (trunc_ln94 == 0 & trunc_ln94_8 == 1)> <Delay = 0.00>
ST_2 : Operation 221 [1/1] (0.00ns)   --->   "%store_ln94 = store i2 %local_reference_V_1_518, i2 %local_reference_V_1" [src/seq_align_multiple.cpp:94]   --->   Operation 221 'store' 'store_ln94' <Predicate = (trunc_ln94 == 0 & trunc_ln94_8 == 0)> <Delay = 0.00>
ST_2 : Operation 222 [1/1] (0.00ns)   --->   "%br_ln94 = br void %arrayidx39.i.exit" [src/seq_align_multiple.cpp:94]   --->   Operation 222 'br' 'br_ln94' <Predicate = (trunc_ln94 == 0 & trunc_ln94_8 == 0)> <Delay = 0.00>
ST_2 : Operation 223 [1/1] (0.00ns)   --->   "%store_ln94 = store i2 %local_reference_V_1_518, i2 %local_reference_V_1_456" [src/seq_align_multiple.cpp:94]   --->   Operation 223 'store' 'store_ln94' <Predicate = (trunc_ln94 == 0 & trunc_ln94_8 == 3)> <Delay = 0.00>
ST_2 : Operation 224 [1/1] (0.00ns)   --->   "%br_ln94 = br void %arrayidx39.i.exit" [src/seq_align_multiple.cpp:94]   --->   Operation 224 'br' 'br_ln94' <Predicate = (trunc_ln94 == 0 & trunc_ln94_8 == 3)> <Delay = 0.00>
ST_2 : Operation 225 [1/1] (0.00ns)   --->   "%store_ln94 = store i2 %local_reference_V_1_518, i2 %local_reference_V_1_515" [src/seq_align_multiple.cpp:94]   --->   Operation 225 'store' 'store_ln94' <Predicate = (trunc_ln94 == 15 & trunc_ln94_8 == 2)> <Delay = 0.00>
ST_2 : Operation 226 [1/1] (0.00ns)   --->   "%br_ln94 = br void %arrayidx39.i.exit" [src/seq_align_multiple.cpp:94]   --->   Operation 226 'br' 'br_ln94' <Predicate = (trunc_ln94 == 15 & trunc_ln94_8 == 2)> <Delay = 0.00>
ST_2 : Operation 227 [1/1] (0.00ns)   --->   "%store_ln94 = store i2 %local_reference_V_1_518, i2 %local_reference_V_1_514" [src/seq_align_multiple.cpp:94]   --->   Operation 227 'store' 'store_ln94' <Predicate = (trunc_ln94 == 15 & trunc_ln94_8 == 1)> <Delay = 0.00>
ST_2 : Operation 228 [1/1] (0.00ns)   --->   "%br_ln94 = br void %arrayidx39.i.exit" [src/seq_align_multiple.cpp:94]   --->   Operation 228 'br' 'br_ln94' <Predicate = (trunc_ln94 == 15 & trunc_ln94_8 == 1)> <Delay = 0.00>
ST_2 : Operation 229 [1/1] (0.00ns)   --->   "%store_ln94 = store i2 %local_reference_V_1_518, i2 %local_reference_V_1_513" [src/seq_align_multiple.cpp:94]   --->   Operation 229 'store' 'store_ln94' <Predicate = (trunc_ln94 == 15 & trunc_ln94_8 == 0)> <Delay = 0.00>
ST_2 : Operation 230 [1/1] (0.00ns)   --->   "%br_ln94 = br void %arrayidx39.i.exit" [src/seq_align_multiple.cpp:94]   --->   Operation 230 'br' 'br_ln94' <Predicate = (trunc_ln94 == 15 & trunc_ln94_8 == 0)> <Delay = 0.00>
ST_2 : Operation 231 [1/1] (0.00ns)   --->   "%store_ln94 = store i2 %local_reference_V_1_518, i2 %local_reference_V_1_516" [src/seq_align_multiple.cpp:94]   --->   Operation 231 'store' 'store_ln94' <Predicate = (trunc_ln94 == 15 & trunc_ln94_8 == 3)> <Delay = 0.00>
ST_2 : Operation 232 [1/1] (0.00ns)   --->   "%br_ln94 = br void %arrayidx39.i.exit" [src/seq_align_multiple.cpp:94]   --->   Operation 232 'br' 'br_ln94' <Predicate = (trunc_ln94 == 15 & trunc_ln94_8 == 3)> <Delay = 0.00>


============================================================
+ Verbose Summary: Timing violations
============================================================
Target clock period: 10ns, clock uncertainty: 2.7ns.

 <State 1>: 1.32ns
The critical path consists of the following:
	'alloca' operation ('i') [66]  (0 ns)
	'load' operation ('i', src/seq_align_multiple.cpp:94) on local variable 'i' [135]  (0 ns)
	'add' operation ('add_ln93', src/seq_align_multiple.cpp:93) [139]  (0.856 ns)
	'store' operation ('store_ln93', src/seq_align_multiple.cpp:93) of variable 'add_ln93', src/seq_align_multiple.cpp:93 on local variable 'i' [374]  (0.46 ns)

 <State 2>: 0.73ns
The critical path consists of the following:
	'load' operation ('local_reference.V[1]', src/seq_align_multiple.cpp:94) on array 'reference_string_comp_0' [146]  (0.73 ns)
	'store' operation ('store_ln94', src/seq_align_multiple.cpp:94) of variable 'local_reference.V[1]', src/seq_align_multiple.cpp:94 on local variable 'local_reference.V[1]' [323]  (0 ns)


============================================================
+ Verbose Summary: Binding
============================================================
N/A
* FSMD analyzer results:
  - Output states:
 - Input state : 
  - Chain level:
	State 1
	State 2


============================================================
+ Verbose Summary: Datapath Resource usage 
============================================================
N/A
