Mon Apr 10 14:24:32 2023: Running xcd server. This server was built by gradle.
Mon Apr 10 14:24:32 2023: Server was asked to start on port: '43007'
Mon Apr 10 14:24:32 2023: Server is using token UUID: 'f87a745a-0e29-4dd8-ab71-645bd442bbd0'
Mon Apr 10 14:24:32 2023: SESSION_MGR: creating session with session uuid: '6d04a3e9-ade5-4ab9-8d63-1f78fcd2ec76' and name 'default'
Mon Apr 10 14:24:32 2023: Attempting to start server on port '43007'
Mon Apr 10 14:24:32 2023: XCD main fifo: created main fifo '/tmp/xcdmainf87a745a-0e29-4dd8-ab71-645bd442bbd0', fd read = 13
Mon Apr 10 14:24:32 2023: Running Dispatch Server
Mon Apr 10 14:24:32 2023: Version 2.2.0
Mon Apr 10 14:24:41 2023: Dispatch Server: Accepted socket connection from client
Mon Apr 10 14:24:41 2023: Starting Socket connection
Mon Apr 10 14:24:41 2023: EXCHANGE_TOKEN received, server token: f87a745a-0e29-4dd8-ab71-645bd442bbd0, passed token: f87a745a-0e29-4dd8-ab71-645bd442bbd0
Mon Apr 10 14:24:41 2023: SESSION_MGR: creating session with session uuid: '7e0256d9-6358-4955-ba65-d977eeb4a323' and name 'vitis_hls'
Mon Apr 10 14:24:41 2023: KERNEL_SVC: creating session with uuid: '7e0256d9-6358-4955-ba65-d977eeb4a323' and name 'vitis_hls'
Mon Apr 10 14:24:41 2023: GUIDANCE_SMGR: creating guidance session with uuid: '7e0256d9-6358-4955-ba65-d977eeb4a323' and name 'vitis_hls'
Mon Apr 10 14:26:01 2023: STOP_SERVER received, server token: f87a745a-0e29-4dd8-ab71-645bd442bbd0, passed token: f87a745a-0e29-4dd8-ab71-645bd442bbd0
Mon Apr 10 14:26:01 2023: Socket received request to stop server.
Mon Apr 10 14:26:01 2023: Dispatch Server: do_await_stop
Mon Apr 10 14:26:01 2023: Dispatch Server: stopping mainFifo_
Mon Apr 10 14:26:01 2023: XCD main fifo: Stopping
Mon Apr 10 14:26:01 2023: XCD main fifo: do_read error code: Operation canceled
Mon Apr 10 14:26:01 2023: XCD main fifo: bytes_transferred: 0
Mon Apr 10 14:26:01 2023: SERVER: destructor for server bound to port 43007
Mon Apr 10 14:26:01 2023: XCD main fifo: Good unlink of /tmp/xcdmainf87a745a-0e29-4dd8-ab71-645bd442bbd0
Mon Apr 10 14:26:01 2023: Server exiting with status 0.
Mon Apr 10 14:26:01 2023: Closing log file.
