

================================================================
== Vitis HLS Report for 'seq_align_Pipeline_VITIS_LOOP_195_4'
================================================================
* Date:           Wed Jun 28 12:43:31 2023

* Version:        2022.1 (Build 3526262 on Mon Apr 18 15:47:01 MDT 2022)
* Project:        local_seq_align_multiple_sa
* Solution:       solution1 (Vivado IP Flow Target)
* Product family: zynquplus
* Target device:  xczu7ev-ffvc1156-2-i


================================================================
== Performance Estimates
================================================================
+ Timing: 
    * Summary: 
    +--------+---------+----------+------------+
    |  Clock |  Target | Estimated| Uncertainty|
    +--------+---------+----------+------------+
    |ap_clk  |  4.00 ns|  1.212 ns|     1.08 ns|
    +--------+---------+----------+------------+

+ Latency: 
    * Summary: 
    +---------+---------+----------+----------+-----+-----+---------+
    |  Latency (cycles) |  Latency (absolute) |  Interval | Pipeline|
    |   min   |   max   |    min   |    max   | min | max |   Type  |
    +---------+---------+----------+----------+-----+-----+---------+
    |       34|       34|  0.136 us|  0.136 us|   34|   34|       no|
    +---------+---------+----------+----------+-----+-----+---------+

    + Detail: 
        * Instance: 
        N/A

        * Loop: 
        +--------------------+---------+---------+----------+-----------+-----------+------+----------+
        |                    |  Latency (cycles) | Iteration|  Initiation Interval  | Trip |          |
        |      Loop Name     |   min   |   max   |  Latency |  achieved |   target  | Count| Pipelined|
        +--------------------+---------+---------+----------+-----------+-----------+------+----------+
        |- VITIS_LOOP_195_4  |       32|       32|         1|          1|          1|    32|       yes|
        +--------------------+---------+---------+----------+-----------+-----------+------+----------+



================================================================
== Utilization Estimates
================================================================
* Summary: 
+-----------------+---------+------+--------+--------+-----+
|       Name      | BRAM_18K|  DSP |   FF   |   LUT  | URAM|
+-----------------+---------+------+--------+--------+-----+
|DSP              |        -|     -|       -|       -|    -|
|Expression       |        -|     -|       0|      23|    -|
|FIFO             |        -|     -|       -|       -|    -|
|Instance         |        -|     -|       -|       -|    -|
|Memory           |        -|     -|       -|       -|    -|
|Multiplexer      |        -|     -|       -|      27|    -|
|Register         |        -|     -|       8|       -|    -|
+-----------------+---------+------+--------+--------+-----+
|Total            |        0|     0|       8|      50|    0|
+-----------------+---------+------+--------+--------+-----+
|Available        |      624|  1728|  460800|  230400|   96|
+-----------------+---------+------+--------+--------+-----+
|Utilization (%)  |        0|     0|      ~0|      ~0|    0|
+-----------------+---------+------+--------+--------+-----+

+ Detail: 
    * Instance: 
    N/A

    * DSP: 
    N/A

    * Memory: 
    N/A

    * FIFO: 
    N/A

    * Expression: 
    +----------------------+----------+----+---+----+------------+------------+
    |     Variable Name    | Operation| DSP| FF| LUT| Bitwidth P0| Bitwidth P1|
    +----------------------+----------+----+---+----+------------+------------+
    |add_ln195_fu_874_p2   |         +|   0|  0|  13|           6|           1|
    |icmp_ln195_fu_868_p2  |      icmp|   0|  0|  10|           6|           7|
    +----------------------+----------+----+---+----+------------+------------+
    |Total                 |          |   0|  0|  23|          12|           8|
    +----------------------+----------+----+---+----+------------+------------+

    * Multiplexer: 
    +----------------------+----+-----------+-----+-----------+
    |         Name         | LUT| Input Size| Bits| Total Bits|
    +----------------------+----+-----------+-----+-----------+
    |ap_done_int           |   9|          2|    1|          2|
    |ap_sig_allocacmp_i_3  |   9|          2|    6|         12|
    |i_fu_280              |   9|          2|    6|         12|
    +----------------------+----+-----------+-----+-----------+
    |Total                 |  27|          6|   13|         26|
    +----------------------+----+-----------+-----+-----------+

    * Register: 
    +-------------+---+----+-----+-----------+
    |     Name    | FF| LUT| Bits| Const Bits|
    +-------------+---+----+-----+-----------+
    |ap_CS_fsm    |  1|   0|    1|          0|
    |ap_done_reg  |  1|   0|    1|          0|
    |i_fu_280     |  6|   0|    6|          0|
    +-------------+---+----+-----+-----------+
    |Total        |  8|   0|    8|          0|
    +-------------+---+----+-----+-----------+



================================================================
== Interface
================================================================
* Summary: 
+-----------------------------+-----+-----+------------+-------------------------------------+--------------+
|          RTL Ports          | Dir | Bits|  Protocol  |            Source Object            |    C Type    |
+-----------------------------+-----+-----+------------+-------------------------------------+--------------+
|ap_clk                       |   in|    1|  ap_ctrl_hs|  seq_align_Pipeline_VITIS_LOOP_195_4|  return value|
|ap_rst                       |   in|    1|  ap_ctrl_hs|  seq_align_Pipeline_VITIS_LOOP_195_4|  return value|
|ap_start                     |   in|    1|  ap_ctrl_hs|  seq_align_Pipeline_VITIS_LOOP_195_4|  return value|
|ap_done                      |  out|    1|  ap_ctrl_hs|  seq_align_Pipeline_VITIS_LOOP_195_4|  return value|
|ap_idle                      |  out|    1|  ap_ctrl_hs|  seq_align_Pipeline_VITIS_LOOP_195_4|  return value|
|ap_ready                     |  out|    1|  ap_ctrl_hs|  seq_align_Pipeline_VITIS_LOOP_195_4|  return value|
|max_col_value_31_out         |  out|   32|      ap_vld|                 max_col_value_31_out|       pointer|
|max_col_value_31_out_ap_vld  |  out|    1|      ap_vld|                 max_col_value_31_out|       pointer|
|max_col_value_30_out         |  out|   32|      ap_vld|                 max_col_value_30_out|       pointer|
|max_col_value_30_out_ap_vld  |  out|    1|      ap_vld|                 max_col_value_30_out|       pointer|
|max_col_value_29_out         |  out|   32|      ap_vld|                 max_col_value_29_out|       pointer|
|max_col_value_29_out_ap_vld  |  out|    1|      ap_vld|                 max_col_value_29_out|       pointer|
|max_col_value_28_out         |  out|   32|      ap_vld|                 max_col_value_28_out|       pointer|
|max_col_value_28_out_ap_vld  |  out|    1|      ap_vld|                 max_col_value_28_out|       pointer|
|max_col_value_27_out         |  out|   32|      ap_vld|                 max_col_value_27_out|       pointer|
|max_col_value_27_out_ap_vld  |  out|    1|      ap_vld|                 max_col_value_27_out|       pointer|
|max_col_value_26_out         |  out|   32|      ap_vld|                 max_col_value_26_out|       pointer|
|max_col_value_26_out_ap_vld  |  out|    1|      ap_vld|                 max_col_value_26_out|       pointer|
|max_col_value_25_out         |  out|   32|      ap_vld|                 max_col_value_25_out|       pointer|
|max_col_value_25_out_ap_vld  |  out|    1|      ap_vld|                 max_col_value_25_out|       pointer|
|max_col_value_24_out         |  out|   32|      ap_vld|                 max_col_value_24_out|       pointer|
|max_col_value_24_out_ap_vld  |  out|    1|      ap_vld|                 max_col_value_24_out|       pointer|
|max_col_value_23_out         |  out|   32|      ap_vld|                 max_col_value_23_out|       pointer|
|max_col_value_23_out_ap_vld  |  out|    1|      ap_vld|                 max_col_value_23_out|       pointer|
|max_col_value_22_out         |  out|   32|      ap_vld|                 max_col_value_22_out|       pointer|
|max_col_value_22_out_ap_vld  |  out|    1|      ap_vld|                 max_col_value_22_out|       pointer|
|max_col_value_21_out         |  out|   32|      ap_vld|                 max_col_value_21_out|       pointer|
|max_col_value_21_out_ap_vld  |  out|    1|      ap_vld|                 max_col_value_21_out|       pointer|
|max_col_value_20_out         |  out|   32|      ap_vld|                 max_col_value_20_out|       pointer|
|max_col_value_20_out_ap_vld  |  out|    1|      ap_vld|                 max_col_value_20_out|       pointer|
|max_col_value_19_out         |  out|   32|      ap_vld|                 max_col_value_19_out|       pointer|
|max_col_value_19_out_ap_vld  |  out|    1|      ap_vld|                 max_col_value_19_out|       pointer|
|max_col_value_18_out         |  out|   32|      ap_vld|                 max_col_value_18_out|       pointer|
|max_col_value_18_out_ap_vld  |  out|    1|      ap_vld|                 max_col_value_18_out|       pointer|
|max_col_value_17_out         |  out|   32|      ap_vld|                 max_col_value_17_out|       pointer|
|max_col_value_17_out_ap_vld  |  out|    1|      ap_vld|                 max_col_value_17_out|       pointer|
|max_col_value_16_out         |  out|   32|      ap_vld|                 max_col_value_16_out|       pointer|
|max_col_value_16_out_ap_vld  |  out|    1|      ap_vld|                 max_col_value_16_out|       pointer|
|max_col_value_15_out         |  out|   32|      ap_vld|                 max_col_value_15_out|       pointer|
|max_col_value_15_out_ap_vld  |  out|    1|      ap_vld|                 max_col_value_15_out|       pointer|
|max_col_value_14_out         |  out|   32|      ap_vld|                 max_col_value_14_out|       pointer|
|max_col_value_14_out_ap_vld  |  out|    1|      ap_vld|                 max_col_value_14_out|       pointer|
|max_col_value_13_out         |  out|   32|      ap_vld|                 max_col_value_13_out|       pointer|
|max_col_value_13_out_ap_vld  |  out|    1|      ap_vld|                 max_col_value_13_out|       pointer|
|max_col_value_12_out         |  out|   32|      ap_vld|                 max_col_value_12_out|       pointer|
|max_col_value_12_out_ap_vld  |  out|    1|      ap_vld|                 max_col_value_12_out|       pointer|
|max_col_value_11_out         |  out|   32|      ap_vld|                 max_col_value_11_out|       pointer|
|max_col_value_11_out_ap_vld  |  out|    1|      ap_vld|                 max_col_value_11_out|       pointer|
|max_col_value_10_out         |  out|   32|      ap_vld|                 max_col_value_10_out|       pointer|
|max_col_value_10_out_ap_vld  |  out|    1|      ap_vld|                 max_col_value_10_out|       pointer|
|max_col_value_9_out          |  out|   32|      ap_vld|                  max_col_value_9_out|       pointer|
|max_col_value_9_out_ap_vld   |  out|    1|      ap_vld|                  max_col_value_9_out|       pointer|
|max_col_value_8_out          |  out|   32|      ap_vld|                  max_col_value_8_out|       pointer|
|max_col_value_8_out_ap_vld   |  out|    1|      ap_vld|                  max_col_value_8_out|       pointer|
|max_col_value_7_out          |  out|   32|      ap_vld|                  max_col_value_7_out|       pointer|
|max_col_value_7_out_ap_vld   |  out|    1|      ap_vld|                  max_col_value_7_out|       pointer|
|max_col_value_6_out          |  out|   32|      ap_vld|                  max_col_value_6_out|       pointer|
|max_col_value_6_out_ap_vld   |  out|    1|      ap_vld|                  max_col_value_6_out|       pointer|
|max_col_value_5_out          |  out|   32|      ap_vld|                  max_col_value_5_out|       pointer|
|max_col_value_5_out_ap_vld   |  out|    1|      ap_vld|                  max_col_value_5_out|       pointer|
|max_col_value_4_out          |  out|   32|      ap_vld|                  max_col_value_4_out|       pointer|
|max_col_value_4_out_ap_vld   |  out|    1|      ap_vld|                  max_col_value_4_out|       pointer|
|max_col_value_3_out          |  out|   32|      ap_vld|                  max_col_value_3_out|       pointer|
|max_col_value_3_out_ap_vld   |  out|    1|      ap_vld|                  max_col_value_3_out|       pointer|
|max_col_value_2_out          |  out|   32|      ap_vld|                  max_col_value_2_out|       pointer|
|max_col_value_2_out_ap_vld   |  out|    1|      ap_vld|                  max_col_value_2_out|       pointer|
|max_col_value_1_out          |  out|   32|      ap_vld|                  max_col_value_1_out|       pointer|
|max_col_value_1_out_ap_vld   |  out|    1|      ap_vld|                  max_col_value_1_out|       pointer|
|max_col_value_out            |  out|   32|      ap_vld|                    max_col_value_out|       pointer|
|max_col_value_out_ap_vld     |  out|    1|      ap_vld|                    max_col_value_out|       pointer|
|max_row_value_31_out         |  out|   32|      ap_vld|                 max_row_value_31_out|       pointer|
|max_row_value_31_out_ap_vld  |  out|    1|      ap_vld|                 max_row_value_31_out|       pointer|
|max_row_value_30_out         |  out|   32|      ap_vld|                 max_row_value_30_out|       pointer|
|max_row_value_30_out_ap_vld  |  out|    1|      ap_vld|                 max_row_value_30_out|       pointer|
|max_row_value_29_out         |  out|   32|      ap_vld|                 max_row_value_29_out|       pointer|
|max_row_value_29_out_ap_vld  |  out|    1|      ap_vld|                 max_row_value_29_out|       pointer|
|max_row_value_28_out         |  out|   32|      ap_vld|                 max_row_value_28_out|       pointer|
|max_row_value_28_out_ap_vld  |  out|    1|      ap_vld|                 max_row_value_28_out|       pointer|
|max_row_value_27_out         |  out|   32|      ap_vld|                 max_row_value_27_out|       pointer|
|max_row_value_27_out_ap_vld  |  out|    1|      ap_vld|                 max_row_value_27_out|       pointer|
|max_row_value_26_out         |  out|   32|      ap_vld|                 max_row_value_26_out|       pointer|
|max_row_value_26_out_ap_vld  |  out|    1|      ap_vld|                 max_row_value_26_out|       pointer|
|max_row_value_25_out         |  out|   32|      ap_vld|                 max_row_value_25_out|       pointer|
|max_row_value_25_out_ap_vld  |  out|    1|      ap_vld|                 max_row_value_25_out|       pointer|
|max_row_value_24_out         |  out|   32|      ap_vld|                 max_row_value_24_out|       pointer|
|max_row_value_24_out_ap_vld  |  out|    1|      ap_vld|                 max_row_value_24_out|       pointer|
|max_row_value_23_out         |  out|   32|      ap_vld|                 max_row_value_23_out|       pointer|
|max_row_value_23_out_ap_vld  |  out|    1|      ap_vld|                 max_row_value_23_out|       pointer|
|max_row_value_22_out         |  out|   32|      ap_vld|                 max_row_value_22_out|       pointer|
|max_row_value_22_out_ap_vld  |  out|    1|      ap_vld|                 max_row_value_22_out|       pointer|
|max_row_value_21_out         |  out|   32|      ap_vld|                 max_row_value_21_out|       pointer|
|max_row_value_21_out_ap_vld  |  out|    1|      ap_vld|                 max_row_value_21_out|       pointer|
|max_row_value_20_out         |  out|   32|      ap_vld|                 max_row_value_20_out|       pointer|
|max_row_value_20_out_ap_vld  |  out|    1|      ap_vld|                 max_row_value_20_out|       pointer|
|max_row_value_19_out         |  out|   32|      ap_vld|                 max_row_value_19_out|       pointer|
|max_row_value_19_out_ap_vld  |  out|    1|      ap_vld|                 max_row_value_19_out|       pointer|
|max_row_value_18_out         |  out|   32|      ap_vld|                 max_row_value_18_out|       pointer|
|max_row_value_18_out_ap_vld  |  out|    1|      ap_vld|                 max_row_value_18_out|       pointer|
|max_row_value_17_out         |  out|   32|      ap_vld|                 max_row_value_17_out|       pointer|
|max_row_value_17_out_ap_vld  |  out|    1|      ap_vld|                 max_row_value_17_out|       pointer|
|max_row_value_16_out         |  out|   32|      ap_vld|                 max_row_value_16_out|       pointer|
|max_row_value_16_out_ap_vld  |  out|    1|      ap_vld|                 max_row_value_16_out|       pointer|
|max_row_value_15_out         |  out|   32|      ap_vld|                 max_row_value_15_out|       pointer|
|max_row_value_15_out_ap_vld  |  out|    1|      ap_vld|                 max_row_value_15_out|       pointer|
|max_row_value_14_out         |  out|   32|      ap_vld|                 max_row_value_14_out|       pointer|
|max_row_value_14_out_ap_vld  |  out|    1|      ap_vld|                 max_row_value_14_out|       pointer|
|max_row_value_13_out         |  out|   32|      ap_vld|                 max_row_value_13_out|       pointer|
|max_row_value_13_out_ap_vld  |  out|    1|      ap_vld|                 max_row_value_13_out|       pointer|
|max_row_value_12_out         |  out|   32|      ap_vld|                 max_row_value_12_out|       pointer|
|max_row_value_12_out_ap_vld  |  out|    1|      ap_vld|                 max_row_value_12_out|       pointer|
|max_row_value_11_out         |  out|   32|      ap_vld|                 max_row_value_11_out|       pointer|
|max_row_value_11_out_ap_vld  |  out|    1|      ap_vld|                 max_row_value_11_out|       pointer|
|max_row_value_10_out         |  out|   32|      ap_vld|                 max_row_value_10_out|       pointer|
|max_row_value_10_out_ap_vld  |  out|    1|      ap_vld|                 max_row_value_10_out|       pointer|
|max_row_value_9_out          |  out|   32|      ap_vld|                  max_row_value_9_out|       pointer|
|max_row_value_9_out_ap_vld   |  out|    1|      ap_vld|                  max_row_value_9_out|       pointer|
|max_row_value_8_out          |  out|   32|      ap_vld|                  max_row_value_8_out|       pointer|
|max_row_value_8_out_ap_vld   |  out|    1|      ap_vld|                  max_row_value_8_out|       pointer|
|max_row_value_7_out          |  out|   32|      ap_vld|                  max_row_value_7_out|       pointer|
|max_row_value_7_out_ap_vld   |  out|    1|      ap_vld|                  max_row_value_7_out|       pointer|
|max_row_value_6_out          |  out|   32|      ap_vld|                  max_row_value_6_out|       pointer|
|max_row_value_6_out_ap_vld   |  out|    1|      ap_vld|                  max_row_value_6_out|       pointer|
|max_row_value_5_out          |  out|   32|      ap_vld|                  max_row_value_5_out|       pointer|
|max_row_value_5_out_ap_vld   |  out|    1|      ap_vld|                  max_row_value_5_out|       pointer|
|max_row_value_4_out          |  out|   32|      ap_vld|                  max_row_value_4_out|       pointer|
|max_row_value_4_out_ap_vld   |  out|    1|      ap_vld|                  max_row_value_4_out|       pointer|
|max_row_value_3_out          |  out|   32|      ap_vld|                  max_row_value_3_out|       pointer|
|max_row_value_3_out_ap_vld   |  out|    1|      ap_vld|                  max_row_value_3_out|       pointer|
|max_row_value_2_out          |  out|   32|      ap_vld|                  max_row_value_2_out|       pointer|
|max_row_value_2_out_ap_vld   |  out|    1|      ap_vld|                  max_row_value_2_out|       pointer|
|max_row_value_1_out          |  out|   32|      ap_vld|                  max_row_value_1_out|       pointer|
|max_row_value_1_out_ap_vld   |  out|    1|      ap_vld|                  max_row_value_1_out|       pointer|
|max_row_value_out            |  out|   32|      ap_vld|                    max_row_value_out|       pointer|
|max_row_value_out_ap_vld     |  out|    1|      ap_vld|                    max_row_value_out|       pointer|
|max_score_31_out             |  out|   32|      ap_vld|                     max_score_31_out|       pointer|
|max_score_31_out_ap_vld      |  out|    1|      ap_vld|                     max_score_31_out|       pointer|
|max_score_30_out             |  out|   32|      ap_vld|                     max_score_30_out|       pointer|
|max_score_30_out_ap_vld      |  out|    1|      ap_vld|                     max_score_30_out|       pointer|
|max_score_29_out             |  out|   32|      ap_vld|                     max_score_29_out|       pointer|
|max_score_29_out_ap_vld      |  out|    1|      ap_vld|                     max_score_29_out|       pointer|
|max_score_28_out             |  out|   32|      ap_vld|                     max_score_28_out|       pointer|
|max_score_28_out_ap_vld      |  out|    1|      ap_vld|                     max_score_28_out|       pointer|
|max_score_27_out             |  out|   32|      ap_vld|                     max_score_27_out|       pointer|
|max_score_27_out_ap_vld      |  out|    1|      ap_vld|                     max_score_27_out|       pointer|
|max_score_26_out             |  out|   32|      ap_vld|                     max_score_26_out|       pointer|
|max_score_26_out_ap_vld      |  out|    1|      ap_vld|                     max_score_26_out|       pointer|
|max_score_25_out             |  out|   32|      ap_vld|                     max_score_25_out|       pointer|
|max_score_25_out_ap_vld      |  out|    1|      ap_vld|                     max_score_25_out|       pointer|
|max_score_24_out             |  out|   32|      ap_vld|                     max_score_24_out|       pointer|
|max_score_24_out_ap_vld      |  out|    1|      ap_vld|                     max_score_24_out|       pointer|
|max_score_23_out             |  out|   32|      ap_vld|                     max_score_23_out|       pointer|
|max_score_23_out_ap_vld      |  out|    1|      ap_vld|                     max_score_23_out|       pointer|
|max_score_22_out             |  out|   32|      ap_vld|                     max_score_22_out|       pointer|
|max_score_22_out_ap_vld      |  out|    1|      ap_vld|                     max_score_22_out|       pointer|
|max_score_21_out             |  out|   32|      ap_vld|                     max_score_21_out|       pointer|
|max_score_21_out_ap_vld      |  out|    1|      ap_vld|                     max_score_21_out|       pointer|
|max_score_20_out             |  out|   32|      ap_vld|                     max_score_20_out|       pointer|
|max_score_20_out_ap_vld      |  out|    1|      ap_vld|                     max_score_20_out|       pointer|
|max_score_19_out             |  out|   32|      ap_vld|                     max_score_19_out|       pointer|
|max_score_19_out_ap_vld      |  out|    1|      ap_vld|                     max_score_19_out|       pointer|
|max_score_18_out             |  out|   32|      ap_vld|                     max_score_18_out|       pointer|
|max_score_18_out_ap_vld      |  out|    1|      ap_vld|                     max_score_18_out|       pointer|
|max_score_17_out             |  out|   32|      ap_vld|                     max_score_17_out|       pointer|
|max_score_17_out_ap_vld      |  out|    1|      ap_vld|                     max_score_17_out|       pointer|
|max_score_16_out             |  out|   32|      ap_vld|                     max_score_16_out|       pointer|
|max_score_16_out_ap_vld      |  out|    1|      ap_vld|                     max_score_16_out|       pointer|
|max_score_15_out             |  out|   32|      ap_vld|                     max_score_15_out|       pointer|
|max_score_15_out_ap_vld      |  out|    1|      ap_vld|                     max_score_15_out|       pointer|
|max_score_14_out             |  out|   32|      ap_vld|                     max_score_14_out|       pointer|
|max_score_14_out_ap_vld      |  out|    1|      ap_vld|                     max_score_14_out|       pointer|
|max_score_13_out             |  out|   32|      ap_vld|                     max_score_13_out|       pointer|
|max_score_13_out_ap_vld      |  out|    1|      ap_vld|                     max_score_13_out|       pointer|
|max_score_12_out             |  out|   32|      ap_vld|                     max_score_12_out|       pointer|
|max_score_12_out_ap_vld      |  out|    1|      ap_vld|                     max_score_12_out|       pointer|
|max_score_11_out             |  out|   32|      ap_vld|                     max_score_11_out|       pointer|
|max_score_11_out_ap_vld      |  out|    1|      ap_vld|                     max_score_11_out|       pointer|
|max_score_10_out             |  out|   32|      ap_vld|                     max_score_10_out|       pointer|
|max_score_10_out_ap_vld      |  out|    1|      ap_vld|                     max_score_10_out|       pointer|
|max_score_9_out              |  out|   32|      ap_vld|                      max_score_9_out|       pointer|
|max_score_9_out_ap_vld       |  out|    1|      ap_vld|                      max_score_9_out|       pointer|
|max_score_8_out              |  out|   32|      ap_vld|                      max_score_8_out|       pointer|
|max_score_8_out_ap_vld       |  out|    1|      ap_vld|                      max_score_8_out|       pointer|
|max_score_7_out              |  out|   32|      ap_vld|                      max_score_7_out|       pointer|
|max_score_7_out_ap_vld       |  out|    1|      ap_vld|                      max_score_7_out|       pointer|
|max_score_6_out              |  out|   32|      ap_vld|                      max_score_6_out|       pointer|
|max_score_6_out_ap_vld       |  out|    1|      ap_vld|                      max_score_6_out|       pointer|
|max_score_5_out              |  out|   32|      ap_vld|                      max_score_5_out|       pointer|
|max_score_5_out_ap_vld       |  out|    1|      ap_vld|                      max_score_5_out|       pointer|
|max_score_4_out              |  out|   32|      ap_vld|                      max_score_4_out|       pointer|
|max_score_4_out_ap_vld       |  out|    1|      ap_vld|                      max_score_4_out|       pointer|
|max_score_3_out              |  out|   32|      ap_vld|                      max_score_3_out|       pointer|
|max_score_3_out_ap_vld       |  out|    1|      ap_vld|                      max_score_3_out|       pointer|
|max_score_2_out              |  out|   32|      ap_vld|                      max_score_2_out|       pointer|
|max_score_2_out_ap_vld       |  out|    1|      ap_vld|                      max_score_2_out|       pointer|
|max_score_1_out              |  out|   32|      ap_vld|                      max_score_1_out|       pointer|
|max_score_1_out_ap_vld       |  out|    1|      ap_vld|                      max_score_1_out|       pointer|
|max_score_out                |  out|   32|      ap_vld|                        max_score_out|       pointer|
|max_score_out_ap_vld         |  out|    1|      ap_vld|                        max_score_out|       pointer|
+-----------------------------+-----+-----+------------+-------------------------------------+--------------+

