/home/AD.UCSD.EDU/jsliang/DP-HLS/BasicKernel/solution1/.autopilot/db/align.pp.0.cpp:1322:7: warning: Added loop label VITIS_LOOP_1213_1:   [xilinx-label-all-loops]
      for (i = 0; i < __N - 1; ++i) {
      ^~~
      VITIS_LOOP_1213_1: 
/home/AD.UCSD.EDU/jsliang/DP-HLS/BasicKernel/solution1/.autopilot/db/align.pp.0.cpp:1322:7: note: FIX-IT applied suggested code changes
/home/AD.UCSD.EDU/jsliang/DP-HLS/BasicKernel/solution1/.autopilot/db/align.pp.0.cpp:2296:5: warning: Added loop label VITIS_LOOP_676_1:   [xilinx-label-all-loops]
    for (unsigned i = low; i != high; ++i) {
    ^~~
    VITIS_LOOP_676_1: 
/home/AD.UCSD.EDU/jsliang/DP-HLS/BasicKernel/solution1/.autopilot/db/align.pp.0.cpp:2296:5: note: FIX-IT applied suggested code changes
/home/AD.UCSD.EDU/jsliang/DP-HLS/BasicKernel/solution1/.autopilot/db/align.pp.0.cpp:2310:5: warning: Added loop label VITIS_LOOP_690_1:   [xilinx-label-all-loops]
    for (unsigned i = low; i != high; ++i) {
    ^~~
    VITIS_LOOP_690_1: 
/home/AD.UCSD.EDU/jsliang/DP-HLS/BasicKernel/solution1/.autopilot/db/align.pp.0.cpp:2310:5: note: FIX-IT applied suggested code changes
/home/AD.UCSD.EDU/jsliang/DP-HLS/BasicKernel/solution1/.autopilot/db/align.pp.0.cpp:2324:5: warning: Added loop label VITIS_LOOP_704_1:   [xilinx-label-all-loops]
    for (unsigned i = low; i != high; ++i) {
    ^~~
    VITIS_LOOP_704_1: 
/home/AD.UCSD.EDU/jsliang/DP-HLS/BasicKernel/solution1/.autopilot/db/align.pp.0.cpp:2324:5: note: FIX-IT applied suggested code changes
/home/AD.UCSD.EDU/jsliang/DP-HLS/BasicKernel/solution1/.autopilot/db/align.pp.0.cpp:3935:7: warning: Added loop label VITIS_LOOP_1247_1:   [xilinx-label-all-loops]
      for (i = 0; i < __N - 1; ++i) {
      ^~~
      VITIS_LOOP_1247_1: 
/home/AD.UCSD.EDU/jsliang/DP-HLS/BasicKernel/solution1/.autopilot/db/align.pp.0.cpp:3935:7: note: FIX-IT applied suggested code changes
/home/AD.UCSD.EDU/jsliang/DP-HLS/BasicKernel/solution1/.autopilot/db/align.pp.0.cpp:29800:5: warning: Added loop label VITIS_LOOP_124_1:   [xilinx-label-all-loops]
    for (size_t i = 0; i < N; ++i) {
    ^~~
    VITIS_LOOP_124_1: 
/home/AD.UCSD.EDU/jsliang/DP-HLS/BasicKernel/solution1/.autopilot/db/align.pp.0.cpp:29800:5: note: FIX-IT applied suggested code changes
/home/AD.UCSD.EDU/jsliang/DP-HLS/BasicKernel/solution1/.autopilot/db/align.pp.0.cpp:29816:5: warning: Added loop label VITIS_LOOP_140_1:   [xilinx-label-all-loops]
    for (size_t i = 0; i < N; ++i) {
    ^~~
    VITIS_LOOP_140_1: 
/home/AD.UCSD.EDU/jsliang/DP-HLS/BasicKernel/solution1/.autopilot/db/align.pp.0.cpp:29816:5: note: FIX-IT applied suggested code changes
/home/AD.UCSD.EDU/jsliang/DP-HLS/BasicKernel/solution1/.autopilot/db/align.pp.0.cpp:29832:75: warning: Added loop label VITIS_LOOP_166_1:   [xilinx-label-all-loops]
  inline __attribute__((always_inline)) vector &operator ++() { pragma(); for (size_t i = 0; i < N; ++i) {
                                                                          ^~~
                                                                          VITIS_LOOP_166_1: 
/home/AD.UCSD.EDU/jsliang/DP-HLS/BasicKernel/solution1/.autopilot/db/align.pp.0.cpp:29832:75: note: FIX-IT applied suggested code changes
/home/AD.UCSD.EDU/jsliang/DP-HLS/BasicKernel/solution1/.autopilot/db/align.pp.0.cpp:29837:75: warning: Added loop label VITIS_LOOP_167_1:   [xilinx-label-all-loops]
  inline __attribute__((always_inline)) vector &operator --() { pragma(); for (size_t i = 0; i < N; ++i) {
                                                                          ^~~
                                                                          VITIS_LOOP_167_1: 
/home/AD.UCSD.EDU/jsliang/DP-HLS/BasicKernel/solution1/.autopilot/db/align.pp.0.cpp:29837:75: note: FIX-IT applied suggested code changes
/home/AD.UCSD.EDU/jsliang/DP-HLS/BasicKernel/solution1/.autopilot/db/align.pp.0.cpp:29846:106: warning: Added loop label VITIS_LOOP_195_1:   [xilinx-label-all-loops]
  inline __attribute__((always_inline)) vector &operator +=(const vector &rhs) { pragma(); rhs.pragma(); for (size_t i = 0; i < N; ++i) {
                                                                                                         ^~~
                                                                                                         VITIS_LOOP_195_1: 
/home/AD.UCSD.EDU/jsliang/DP-HLS/BasicKernel/solution1/.autopilot/db/align.pp.0.cpp:29846:106: note: FIX-IT applied suggested code changes
/home/AD.UCSD.EDU/jsliang/DP-HLS/BasicKernel/solution1/.autopilot/db/align.pp.0.cpp:29851:106: warning: Added loop label VITIS_LOOP_196_1:   [xilinx-label-all-loops]
  inline __attribute__((always_inline)) vector &operator -=(const vector &rhs) { pragma(); rhs.pragma(); for (size_t i = 0; i < N; ++i) {
                                                                                                         ^~~
                                                                                                         VITIS_LOOP_196_1: 
/home/AD.UCSD.EDU/jsliang/DP-HLS/BasicKernel/solution1/.autopilot/db/align.pp.0.cpp:29851:106: note: FIX-IT applied suggested code changes
/home/AD.UCSD.EDU/jsliang/DP-HLS/BasicKernel/solution1/.autopilot/db/align.pp.0.cpp:29856:106: warning: Added loop label VITIS_LOOP_197_1:   [xilinx-label-all-loops]
  inline __attribute__((always_inline)) vector &operator *=(const vector &rhs) { pragma(); rhs.pragma(); for (size_t i = 0; i < N; ++i) {
                                                                                                         ^~~
                                                                                                         VITIS_LOOP_197_1: 
/home/AD.UCSD.EDU/jsliang/DP-HLS/BasicKernel/solution1/.autopilot/db/align.pp.0.cpp:29856:106: note: FIX-IT applied suggested code changes
/home/AD.UCSD.EDU/jsliang/DP-HLS/BasicKernel/solution1/.autopilot/db/align.pp.0.cpp:29861:106: warning: Added loop label VITIS_LOOP_198_1:   [xilinx-label-all-loops]
  inline __attribute__((always_inline)) vector &operator /=(const vector &rhs) { pragma(); rhs.pragma(); for (size_t i = 0; i < N; ++i) {
                                                                                                         ^~~
                                                                                                         VITIS_LOOP_198_1: 
/home/AD.UCSD.EDU/jsliang/DP-HLS/BasicKernel/solution1/.autopilot/db/align.pp.0.cpp:29861:106: note: FIX-IT applied suggested code changes
/home/AD.UCSD.EDU/jsliang/DP-HLS/BasicKernel/solution1/.autopilot/db/align.pp.0.cpp:29866:106: warning: Added loop label VITIS_LOOP_199_1:   [xilinx-label-all-loops]
  inline __attribute__((always_inline)) vector &operator %=(const vector &rhs) { pragma(); rhs.pragma(); for (size_t i = 0; i < N; ++i) {
                                                                                                         ^~~
                                                                                                         VITIS_LOOP_199_1: 
/home/AD.UCSD.EDU/jsliang/DP-HLS/BasicKernel/solution1/.autopilot/db/align.pp.0.cpp:29866:106: note: FIX-IT applied suggested code changes
/home/AD.UCSD.EDU/jsliang/DP-HLS/BasicKernel/solution1/.autopilot/db/align.pp.0.cpp:29871:106: warning: Added loop label VITIS_LOOP_200_1:   [xilinx-label-all-loops]
  inline __attribute__((always_inline)) vector &operator &=(const vector &rhs) { pragma(); rhs.pragma(); for (size_t i = 0; i < N; ++i) {
                                                                                                         ^~~
                                                                                                         VITIS_LOOP_200_1: 
/home/AD.UCSD.EDU/jsliang/DP-HLS/BasicKernel/solution1/.autopilot/db/align.pp.0.cpp:29871:106: note: FIX-IT applied suggested code changes
/home/AD.UCSD.EDU/jsliang/DP-HLS/BasicKernel/solution1/.autopilot/db/align.pp.0.cpp:29876:106: warning: Added loop label VITIS_LOOP_201_1:   [xilinx-label-all-loops]
  inline __attribute__((always_inline)) vector &operator |=(const vector &rhs) { pragma(); rhs.pragma(); for (size_t i = 0; i < N; ++i) {
                                                                                                         ^~~
                                                                                                         VITIS_LOOP_201_1: 
/home/AD.UCSD.EDU/jsliang/DP-HLS/BasicKernel/solution1/.autopilot/db/align.pp.0.cpp:29876:106: note: FIX-IT applied suggested code changes
/home/AD.UCSD.EDU/jsliang/DP-HLS/BasicKernel/solution1/.autopilot/db/align.pp.0.cpp:29881:106: warning: Added loop label VITIS_LOOP_202_1:   [xilinx-label-all-loops]
  inline __attribute__((always_inline)) vector &operator ^=(const vector &rhs) { pragma(); rhs.pragma(); for (size_t i = 0; i < N; ++i) {
                                                                                                         ^~~
                                                                                                         VITIS_LOOP_202_1: 
/home/AD.UCSD.EDU/jsliang/DP-HLS/BasicKernel/solution1/.autopilot/db/align.pp.0.cpp:29881:106: note: FIX-IT applied suggested code changes
/home/AD.UCSD.EDU/jsliang/DP-HLS/BasicKernel/solution1/.autopilot/db/align.pp.0.cpp:29886:107: warning: Added loop label VITIS_LOOP_203_1:   [xilinx-label-all-loops]
  inline __attribute__((always_inline)) vector &operator <<=(const vector &rhs) { pragma(); rhs.pragma(); for (size_t i = 0; i < N; ++i) {
                                                                                                          ^~~
                                                                                                          VITIS_LOOP_203_1: 
/home/AD.UCSD.EDU/jsliang/DP-HLS/BasicKernel/solution1/.autopilot/db/align.pp.0.cpp:29886:107: note: FIX-IT applied suggested code changes
/home/AD.UCSD.EDU/jsliang/DP-HLS/BasicKernel/solution1/.autopilot/db/align.pp.0.cpp:29891:107: warning: Added loop label VITIS_LOOP_204_1:   [xilinx-label-all-loops]
  inline __attribute__((always_inline)) vector &operator >>=(const vector &rhs) { pragma(); rhs.pragma(); for (size_t i = 0; i < N; ++i) {
                                                                                                          ^~~
                                                                                                          VITIS_LOOP_204_1: 
/home/AD.UCSD.EDU/jsliang/DP-HLS/BasicKernel/solution1/.autopilot/db/align.pp.0.cpp:29891:107: note: FIX-IT applied suggested code changes
/home/AD.UCSD.EDU/jsliang/DP-HLS/BasicKernel/solution1/.autopilot/db/align.pp.0.cpp:29897:91: warning: Added loop label VITIS_LOOP_219_1:   [xilinx-label-all-loops]
  inline __attribute__((always_inline)) T reduce_add() const { pragma(); T res = data[0]; for (size_t i = 1; i < N; ++i) {
                                                                                          ^~~
                                                                                          VITIS_LOOP_219_1: 
/home/AD.UCSD.EDU/jsliang/DP-HLS/BasicKernel/solution1/.autopilot/db/align.pp.0.cpp:29897:91: note: FIX-IT applied suggested code changes
/home/AD.UCSD.EDU/jsliang/DP-HLS/BasicKernel/solution1/.autopilot/db/align.pp.0.cpp:29902:92: warning: Added loop label VITIS_LOOP_220_1:   [xilinx-label-all-loops]
  inline __attribute__((always_inline)) T reduce_mult() const { pragma(); T res = data[0]; for (size_t i = 1; i < N; ++i) {
                                                                                           ^~~
                                                                                           VITIS_LOOP_220_1: 
/home/AD.UCSD.EDU/jsliang/DP-HLS/BasicKernel/solution1/.autopilot/db/align.pp.0.cpp:29902:92: note: FIX-IT applied suggested code changes
/home/AD.UCSD.EDU/jsliang/DP-HLS/BasicKernel/solution1/.autopilot/db/align.pp.0.cpp:29907:91: warning: Added loop label VITIS_LOOP_221_1:   [xilinx-label-all-loops]
  inline __attribute__((always_inline)) T reduce_and() const { pragma(); T res = data[0]; for (size_t i = 1; i < N; ++i) {
                                                                                          ^~~
                                                                                          VITIS_LOOP_221_1: 
/home/AD.UCSD.EDU/jsliang/DP-HLS/BasicKernel/solution1/.autopilot/db/align.pp.0.cpp:29907:91: note: FIX-IT applied suggested code changes
/home/AD.UCSD.EDU/jsliang/DP-HLS/BasicKernel/solution1/.autopilot/db/align.pp.0.cpp:29912:90: warning: Added loop label VITIS_LOOP_222_1:   [xilinx-label-all-loops]
  inline __attribute__((always_inline)) T reduce_or() const { pragma(); T res = data[0]; for (size_t i = 1; i < N; ++i) {
                                                                                         ^~~
                                                                                         VITIS_LOOP_222_1: 
/home/AD.UCSD.EDU/jsliang/DP-HLS/BasicKernel/solution1/.autopilot/db/align.pp.0.cpp:29912:90: note: FIX-IT applied suggested code changes
/home/AD.UCSD.EDU/jsliang/DP-HLS/BasicKernel/solution1/.autopilot/db/align.pp.0.cpp:29917:91: warning: Added loop label VITIS_LOOP_223_1:   [xilinx-label-all-loops]
  inline __attribute__((always_inline)) T reduce_xor() const { pragma(); T res = data[0]; for (size_t i = 1; i < N; ++i) {
                                                                                          ^~~
                                                                                          VITIS_LOOP_223_1: 
/home/AD.UCSD.EDU/jsliang/DP-HLS/BasicKernel/solution1/.autopilot/db/align.pp.0.cpp:29917:91: note: FIX-IT applied suggested code changes
/home/AD.UCSD.EDU/jsliang/DP-HLS/BasicKernel/solution1/.autopilot/db/align.pp.0.cpp:29923:132: warning: Added loop label VITIS_LOOP_253_1:   [xilinx-label-all-loops]
  inline __attribute__((always_inline)) friend bool operator <(const vector &lhs, const vector &rhs) { lhs.pragma(); rhs.pragma(); for (size_t i = 0; i < N; ++i) {
                                                                                                                                   ^~~
                                                                                                                                   VITIS_LOOP_253_1: 
/home/AD.UCSD.EDU/jsliang/DP-HLS/BasicKernel/solution1/.autopilot/db/align.pp.0.cpp:29923:132: note: FIX-IT applied suggested code changes
/home/AD.UCSD.EDU/jsliang/DP-HLS/BasicKernel/solution1/.autopilot/db/align.pp.0.cpp:29928:133: warning: Added loop label VITIS_LOOP_254_1:   [xilinx-label-all-loops]
  inline __attribute__((always_inline)) friend bool operator <=(const vector &lhs, const vector &rhs) { lhs.pragma(); rhs.pragma(); for (size_t i = 0; i < N; ++i) {
                                                                                                                                    ^~~
                                                                                                                                    VITIS_LOOP_254_1: 
/home/AD.UCSD.EDU/jsliang/DP-HLS/BasicKernel/solution1/.autopilot/db/align.pp.0.cpp:29928:133: note: FIX-IT applied suggested code changes
/home/AD.UCSD.EDU/jsliang/DP-HLS/BasicKernel/solution1/.autopilot/db/align.pp.0.cpp:29933:133: warning: Added loop label VITIS_LOOP_255_1:   [xilinx-label-all-loops]
  inline __attribute__((always_inline)) friend bool operator ==(const vector &lhs, const vector &rhs) { lhs.pragma(); rhs.pragma(); for (size_t i = 0; i < N; ++i) {
                                                                                                                                    ^~~
                                                                                                                                    VITIS_LOOP_255_1: 
/home/AD.UCSD.EDU/jsliang/DP-HLS/BasicKernel/solution1/.autopilot/db/align.pp.0.cpp:29933:133: note: FIX-IT applied suggested code changes
/home/AD.UCSD.EDU/jsliang/DP-HLS/BasicKernel/solution1/.autopilot/db/align.pp.0.cpp:29938:133: warning: Added loop label VITIS_LOOP_256_1:   [xilinx-label-all-loops]
  inline __attribute__((always_inline)) friend bool operator !=(const vector &lhs, const vector &rhs) { lhs.pragma(); rhs.pragma(); for (size_t i = 0; i < N; ++i) {
                                                                                                                                    ^~~
                                                                                                                                    VITIS_LOOP_256_1: 
/home/AD.UCSD.EDU/jsliang/DP-HLS/BasicKernel/solution1/.autopilot/db/align.pp.0.cpp:29938:133: note: FIX-IT applied suggested code changes
/home/AD.UCSD.EDU/jsliang/DP-HLS/BasicKernel/solution1/.autopilot/db/align.pp.0.cpp:29943:133: warning: Added loop label VITIS_LOOP_257_1:   [xilinx-label-all-loops]
  inline __attribute__((always_inline)) friend bool operator >=(const vector &lhs, const vector &rhs) { lhs.pragma(); rhs.pragma(); for (size_t i = 0; i < N; ++i) {
                                                                                                                                    ^~~
                                                                                                                                    VITIS_LOOP_257_1: 
/home/AD.UCSD.EDU/jsliang/DP-HLS/BasicKernel/solution1/.autopilot/db/align.pp.0.cpp:29943:133: note: FIX-IT applied suggested code changes
/home/AD.UCSD.EDU/jsliang/DP-HLS/BasicKernel/solution1/.autopilot/db/align.pp.0.cpp:29948:132: warning: Added loop label VITIS_LOOP_258_1:   [xilinx-label-all-loops]
  inline __attribute__((always_inline)) friend bool operator >(const vector &lhs, const vector &rhs) { lhs.pragma(); rhs.pragma(); for (size_t i = 0; i < N; ++i) {
                                                                                                                                   ^~~
                                                                                                                                   VITIS_LOOP_258_1: 
/home/AD.UCSD.EDU/jsliang/DP-HLS/BasicKernel/solution1/.autopilot/db/align.pp.0.cpp:29948:132: note: FIX-IT applied suggested code changes
/home/AD.UCSD.EDU/jsliang/DP-HLS/BasicKernel/solution1/.autopilot/db/align.pp.0.cpp:30034:2: warning: Added loop label VITIS_LOOP_13_1:   [xilinx-label-all-loops]
 for (int i = 0; i < LEN; i++) {
 ^~~
 VITIS_LOOP_13_1: 
/home/AD.UCSD.EDU/jsliang/DP-HLS/BasicKernel/solution1/.autopilot/db/align.pp.0.cpp:30034:2: note: FIX-IT applied suggested code changes
/home/AD.UCSD.EDU/jsliang/DP-HLS/BasicKernel/solution1/.autopilot/db/align.pp.0.cpp:30046:3: warning: Added loop label VITIS_LOOP_25_1:   [xilinx-label-all-loops]
  for (int i = LEN - 1; i > 0; i--) {
  ^~~
  VITIS_LOOP_25_1: 
/home/AD.UCSD.EDU/jsliang/DP-HLS/BasicKernel/solution1/.autopilot/db/align.pp.0.cpp:30046:3: note: FIX-IT applied suggested code changes
/home/AD.UCSD.EDU/jsliang/DP-HLS/BasicKernel/solution1/.autopilot/db/align.pp.0.cpp:30060:3: warning: Added loop label VITIS_LOOP_39_1:   [xilinx-label-all-loops]
  for (int i = LEN - 1; i > 0; i--) {
  ^~~
  VITIS_LOOP_39_1: 
/home/AD.UCSD.EDU/jsliang/DP-HLS/BasicKernel/solution1/.autopilot/db/align.pp.0.cpp:30060:3: note: FIX-IT applied suggested code changes
/home/AD.UCSD.EDU/jsliang/DP-HLS/BasicKernel/solution1/.autopilot/db/align.pp.0.cpp:30073:3: warning: Added loop label VITIS_LOOP_52_1:   [xilinx-label-all-loops]
  for (int i = 0; i < LEN - 1; i++) {
  ^~~
  VITIS_LOOP_52_1: 
/home/AD.UCSD.EDU/jsliang/DP-HLS/BasicKernel/solution1/.autopilot/db/align.pp.0.cpp:30073:3: note: FIX-IT applied suggested code changes
/home/AD.UCSD.EDU/jsliang/DP-HLS/BasicKernel/solution1/.autopilot/db/align.pp.0.cpp:30086:3: warning: Added loop label VITIS_LOOP_65_1:   [xilinx-label-all-loops]
  for (int i = 0; i < LEN - 1; i++) {
  ^~~
  VITIS_LOOP_65_1: 
/home/AD.UCSD.EDU/jsliang/DP-HLS/BasicKernel/solution1/.autopilot/db/align.pp.0.cpp:30086:3: note: FIX-IT applied suggested code changes
/home/AD.UCSD.EDU/jsliang/DP-HLS/BasicKernel/solution1/.autopilot/db/align.pp.0.cpp:30099:3: warning: Added loop label VITIS_LOOP_78_1:   [xilinx-label-all-loops]
  for (int i = 0; i < LEN; i++) {
  ^~~
  VITIS_LOOP_78_1: 
/home/AD.UCSD.EDU/jsliang/DP-HLS/BasicKernel/solution1/.autopilot/db/align.pp.0.cpp:30099:3: note: FIX-IT applied suggested code changes
/home/AD.UCSD.EDU/jsliang/DP-HLS/BasicKernel/solution1/.autopilot/db/align.pp.0.cpp:30116:3: warning: Added loop label VITIS_LOOP_95_1:   [xilinx-label-all-loops]
  for (int i = 0; i < NUM; i++) {
  ^~~
  VITIS_LOOP_95_1: 
/home/AD.UCSD.EDU/jsliang/DP-HLS/BasicKernel/solution1/.autopilot/db/align.pp.0.cpp:30116:3: note: FIX-IT applied suggested code changes
/home/AD.UCSD.EDU/jsliang/DP-HLS/BasicKernel/solution1/.autopilot/db/align.pp.0.cpp:30123:3: warning: Added loop label VITIS_LOOP_102_1:   [xilinx-label-all-loops]
  for (int i = 0; i < NUM; i++) {
  ^~~
  VITIS_LOOP_102_1: 
/home/AD.UCSD.EDU/jsliang/DP-HLS/BasicKernel/solution1/.autopilot/db/align.pp.0.cpp:30123:3: note: FIX-IT applied suggested code changes
/home/AD.UCSD.EDU/jsliang/DP-HLS/BasicKernel/solution1/.autopilot/db/align.pp.0.cpp:30130:3: warning: Added loop label VITIS_LOOP_109_1:   [xilinx-label-all-loops]
  for (int i = 0; i < NUM; i++) {
  ^~~
  VITIS_LOOP_109_1: 
/home/AD.UCSD.EDU/jsliang/DP-HLS/BasicKernel/solution1/.autopilot/db/align.pp.0.cpp:30130:3: note: FIX-IT applied suggested code changes
/home/AD.UCSD.EDU/jsliang/DP-HLS/BasicKernel/solution1/.autopilot/db/align.pp.0.cpp:30138:3: warning: Added loop label VITIS_LOOP_117_1:   [xilinx-label-all-loops]
  for (int i = 0; i < NUM; i++) {
  ^~~
  VITIS_LOOP_117_1: 
/home/AD.UCSD.EDU/jsliang/DP-HLS/BasicKernel/solution1/.autopilot/db/align.pp.0.cpp:30138:3: note: FIX-IT applied suggested code changes
/home/AD.UCSD.EDU/jsliang/DP-HLS/BasicKernel/solution1/.autopilot/db/align.pp.0.cpp:30145:3: warning: Added loop label VITIS_LOOP_124_1:   [xilinx-label-all-loops]
  for (int i = 0; i < NUM; i++) {
  ^~~
  VITIS_LOOP_124_1: 
/home/AD.UCSD.EDU/jsliang/DP-HLS/BasicKernel/solution1/.autopilot/db/align.pp.0.cpp:30145:3: note: FIX-IT applied suggested code changes
/home/AD.UCSD.EDU/jsliang/DP-HLS/BasicKernel/solution1/.autopilot/db/align.pp.0.cpp:30316:2: warning: Added loop label VITIS_LOOP_20_1:   [xilinx-label-all-loops]
 for (int i = 0; i < N; i++)
 ^~~
 VITIS_LOOP_20_1: 
/home/AD.UCSD.EDU/jsliang/DP-HLS/BasicKernel/solution1/.autopilot/db/align.pp.0.cpp:30316:2: note: FIX-IT applied suggested code changes
/home/AD.UCSD.EDU/jsliang/DP-HLS/BasicKernel/solution1/.autopilot/db/align.pp.0.cpp:30325:4: warning: Added loop label VITIS_LOOP_29_1:   [xilinx-label-all-loops]
   for (int i = 0; i < N; i++)
   ^~~
   VITIS_LOOP_29_1: 
/home/AD.UCSD.EDU/jsliang/DP-HLS/BasicKernel/solution1/.autopilot/db/align.pp.0.cpp:30325:4: note: FIX-IT applied suggested code changes
/home/AD.UCSD.EDU/jsliang/DP-HLS/BasicKernel/solution1/.autopilot/db/align.pp.0.cpp:30335:4: warning: Added loop label VITIS_LOOP_39_1:   [xilinx-label-all-loops]
   for (int i = N - 1; i > 0; i--)
   ^~~
   VITIS_LOOP_39_1: 
/home/AD.UCSD.EDU/jsliang/DP-HLS/BasicKernel/solution1/.autopilot/db/align.pp.0.cpp:30335:4: note: FIX-IT applied suggested code changes
/home/AD.UCSD.EDU/jsliang/DP-HLS/BasicKernel/solution1/.autopilot/db/align.pp.0.cpp:30346:4: warning: Added loop label VITIS_LOOP_62_1:   [xilinx-label-all-loops]
   for (int i = 0; i < LEN; i++)
   ^~~
   VITIS_LOOP_62_1: 
/home/AD.UCSD.EDU/jsliang/DP-HLS/BasicKernel/solution1/.autopilot/db/align.pp.0.cpp:30346:4: note: FIX-IT applied suggested code changes
/home/AD.UCSD.EDU/jsliang/DP-HLS/BasicKernel/solution1/.autopilot/db/align.pp.0.cpp:30369:4: warning: Added loop label VITIS_LOOP_95_1:   [xilinx-label-all-loops]
   for (int i = 0; i < N; i++)
   ^~~
   VITIS_LOOP_95_1: 
/home/AD.UCSD.EDU/jsliang/DP-HLS/BasicKernel/solution1/.autopilot/db/align.pp.0.cpp:30369:4: note: FIX-IT applied suggested code changes
/home/AD.UCSD.EDU/jsliang/DP-HLS/BasicKernel/solution1/.autopilot/db/align.pp.0.cpp:30380:4: warning: Added loop label VITIS_LOOP_106_1:   [xilinx-label-all-loops]
   for (int i = 0; i < N; i++)
   ^~~
   VITIS_LOOP_106_1: 
/home/AD.UCSD.EDU/jsliang/DP-HLS/BasicKernel/solution1/.autopilot/db/align.pp.0.cpp:30380:4: note: FIX-IT applied suggested code changes
/home/AD.UCSD.EDU/jsliang/DP-HLS/BasicKernel/solution1/.autopilot/db/align.pp.0.cpp:30391:4: warning: Added loop label VITIS_LOOP_117_1:   [xilinx-label-all-loops]
   for (int i = starting_idx; i < N; i++)
   ^~~
   VITIS_LOOP_117_1: 
/home/AD.UCSD.EDU/jsliang/DP-HLS/BasicKernel/solution1/.autopilot/db/align.pp.0.cpp:30391:4: note: FIX-IT applied suggested code changes
/home/AD.UCSD.EDU/jsliang/DP-HLS/BasicKernel/solution1/.autopilot/db/align.pp.0.cpp:30402:4: warning: Added loop label VITIS_LOOP_128_1:   [xilinx-label-all-loops]
   for (int i = starting_idx; i < len; i++)
   ^~~
   VITIS_LOOP_128_1: 
/home/AD.UCSD.EDU/jsliang/DP-HLS/BasicKernel/solution1/.autopilot/db/align.pp.0.cpp:30402:4: note: FIX-IT applied suggested code changes
/home/AD.UCSD.EDU/jsliang/DP-HLS/BasicKernel/solution1/.autopilot/db/align.pp.0.cpp:30419:4: warning: Added loop label VITIS_LOOP_145_1:   [xilinx-label-all-loops]
   for (int i = 0; i < M; i++)
   ^~~
   VITIS_LOOP_145_1: 
/home/AD.UCSD.EDU/jsliang/DP-HLS/BasicKernel/solution1/.autopilot/db/align.pp.0.cpp:30419:4: note: FIX-IT applied suggested code changes
/home/AD.UCSD.EDU/jsliang/DP-HLS/BasicKernel/solution1/.autopilot/db/align.pp.0.cpp:30422:2: warning: Added loop label VITIS_LOOP_148_2:   [xilinx-label-all-loops]
 for (int j = 0; j < N; j++)
 ^~~
 VITIS_LOOP_148_2: 
/home/AD.UCSD.EDU/jsliang/DP-HLS/BasicKernel/solution1/.autopilot/db/align.pp.0.cpp:30422:2: note: FIX-IT applied suggested code changes
/home/AD.UCSD.EDU/jsliang/DP-HLS/BasicKernel/solution1/.autopilot/db/align.pp.0.cpp:30435:4: warning: Added loop label VITIS_LOOP_161_1:   [xilinx-label-all-loops]
   for (int i = 0; i < M; i++)
   ^~~
   VITIS_LOOP_161_1: 
/home/AD.UCSD.EDU/jsliang/DP-HLS/BasicKernel/solution1/.autopilot/db/align.pp.0.cpp:30435:4: note: FIX-IT applied suggested code changes
/home/AD.UCSD.EDU/jsliang/DP-HLS/BasicKernel/solution1/.autopilot/db/align.pp.0.cpp:30438:2: warning: Added loop label VITIS_LOOP_164_2:   [xilinx-label-all-loops]
 for (int j = 0; j < N; j++)
 ^~~
 VITIS_LOOP_164_2: 
/home/AD.UCSD.EDU/jsliang/DP-HLS/BasicKernel/solution1/.autopilot/db/align.pp.0.cpp:30438:2: note: FIX-IT applied suggested code changes
/home/AD.UCSD.EDU/jsliang/DP-HLS/BasicKernel/solution1/.autopilot/db/align.pp.0.cpp:30451:4: warning: Added loop label VITIS_LOOP_184_1:   [xilinx-label-all-loops]
   for (int i = 0; i < M; i++)
   ^~~
   VITIS_LOOP_184_1: 
/home/AD.UCSD.EDU/jsliang/DP-HLS/BasicKernel/solution1/.autopilot/db/align.pp.0.cpp:30451:4: note: FIX-IT applied suggested code changes
/home/AD.UCSD.EDU/jsliang/DP-HLS/BasicKernel/solution1/.autopilot/db/align.pp.0.cpp:30454:2: warning: Added loop label VITIS_LOOP_187_2:   [xilinx-label-all-loops]
 for (int j = 0; j < N; j++)
 ^~~
 VITIS_LOOP_187_2: 
/home/AD.UCSD.EDU/jsliang/DP-HLS/BasicKernel/solution1/.autopilot/db/align.pp.0.cpp:30454:2: note: FIX-IT applied suggested code changes
/home/AD.UCSD.EDU/jsliang/DP-HLS/BasicKernel/solution1/.autopilot/db/align.pp.0.cpp:30467:4: warning: Added loop label VITIS_LOOP_200_1:   [xilinx-label-all-loops]
   for (int i = 0; i < M; i++)
   ^~~
   VITIS_LOOP_200_1: 
/home/AD.UCSD.EDU/jsliang/DP-HLS/BasicKernel/solution1/.autopilot/db/align.pp.0.cpp:30467:4: note: FIX-IT applied suggested code changes
/home/AD.UCSD.EDU/jsliang/DP-HLS/BasicKernel/solution1/.autopilot/db/align.pp.0.cpp:30470:2: warning: Added loop label VITIS_LOOP_203_2:   [xilinx-label-all-loops]
 for (int j = 0; j < N; j++)
 ^~~
 VITIS_LOOP_203_2: 
/home/AD.UCSD.EDU/jsliang/DP-HLS/BasicKernel/solution1/.autopilot/db/align.pp.0.cpp:30470:2: note: FIX-IT applied suggested code changes
/home/AD.UCSD.EDU/jsliang/DP-HLS/BasicKernel/solution1/.autopilot/db/align.pp.0.cpp:30809:2: warning: Added loop label VITIS_LOOP_14_1:   [xilinx-label-all-loops]
 for (int i = 1; i < 32 +1; i++)
 ^~~
 VITIS_LOOP_14_1: 
/home/AD.UCSD.EDU/jsliang/DP-HLS/BasicKernel/solution1/.autopilot/db/align.pp.0.cpp:30809:2: note: FIX-IT applied suggested code changes
/home/AD.UCSD.EDU/jsliang/DP-HLS/BasicKernel/solution1/.autopilot/db/align.pp.0.cpp:30833:2: warning: Added loop label VITIS_LOOP_38_1:   [xilinx-label-all-loops]
 for (int i = 0; i < 32; i++)
 ^~~
 VITIS_LOOP_38_1: 
/home/AD.UCSD.EDU/jsliang/DP-HLS/BasicKernel/solution1/.autopilot/db/align.pp.0.cpp:30833:2: note: FIX-IT applied suggested code changes
/home/AD.UCSD.EDU/jsliang/DP-HLS/BasicKernel/solution1/.autopilot/db/align.pp.0.cpp:30846:2: warning: Added loop label VITIS_LOOP_51_1:   [xilinx-label-all-loops]
 for (int i = 0; i < 32; i++)
 ^~~
 VITIS_LOOP_51_1: 
/home/AD.UCSD.EDU/jsliang/DP-HLS/BasicKernel/solution1/.autopilot/db/align.pp.0.cpp:30846:2: note: FIX-IT applied suggested code changes
/home/AD.UCSD.EDU/jsliang/DP-HLS/BasicKernel/solution1/.autopilot/db/align.pp.0.cpp:30881:2: warning: Added loop label VITIS_LOOP_86_1:   [xilinx-label-all-loops]
 for (int i = 1; i < 32; i++)
 ^~~
 VITIS_LOOP_86_1: 
/home/AD.UCSD.EDU/jsliang/DP-HLS/BasicKernel/solution1/.autopilot/db/align.pp.0.cpp:30881:2: note: FIX-IT applied suggested code changes
/home/AD.UCSD.EDU/jsliang/DP-HLS/BasicKernel/solution1/.autopilot/db/align.pp.0.cpp:30945:2: warning: Added loop label VITIS_LOOP_150_1:   [xilinx-label-all-loops]
 for (int i = 0; i < reference_length + query_length - 1; i++)
 ^~~
 VITIS_LOOP_150_1: 
/home/AD.UCSD.EDU/jsliang/DP-HLS/BasicKernel/solution1/.autopilot/db/align.pp.0.cpp:30945:2: note: FIX-IT applied suggested code changes
/home/AD.UCSD.EDU/jsliang/DP-HLS/BasicKernel/solution1/.autopilot/db/align.pp.0.cpp:30992:2: warning: Added loop label VITIS_LOOP_197_1:   [xilinx-label-all-loops]
 for (int j = 0; j < 32; j++)
 ^~~
 VITIS_LOOP_197_1: 
/home/AD.UCSD.EDU/jsliang/DP-HLS/BasicKernel/solution1/.autopilot/db/align.pp.0.cpp:30992:2: note: FIX-IT applied suggested code changes
/home/AD.UCSD.EDU/jsliang/DP-HLS/BasicKernel/solution1/.autopilot/db/align.pp.0.cpp:31015:2: warning: Added loop label VITIS_LOOP_220_1:   [xilinx-label-all-loops]
 for (int i = 0; i < 32; i++)
 ^~~
 VITIS_LOOP_220_1: 
/home/AD.UCSD.EDU/jsliang/DP-HLS/BasicKernel/solution1/.autopilot/db/align.pp.0.cpp:31015:2: note: FIX-IT applied suggested code changes
/home/AD.UCSD.EDU/jsliang/DP-HLS/BasicKernel/solution1/.autopilot/db/align.pp.0.cpp:31066:2: warning: Added loop label VITIS_LOOP_271_1:   [xilinx-label-all-loops]
 for (int i = 1; i < 32; i++)
 ^~~
 VITIS_LOOP_271_1: 
/home/AD.UCSD.EDU/jsliang/DP-HLS/BasicKernel/solution1/.autopilot/db/align.pp.0.cpp:31066:2: note: FIX-IT applied suggested code changes
/home/AD.UCSD.EDU/jsliang/DP-HLS/BasicKernel/solution1/.autopilot/db/align.pp.0.cpp:31084:2: warning: Added loop label VITIS_LOOP_289_1:   [xilinx-label-all-loops]
 for (int i = 0; i < 32; i++)
 ^~~
 VITIS_LOOP_289_1: 
/home/AD.UCSD.EDU/jsliang/DP-HLS/BasicKernel/solution1/.autopilot/db/align.pp.0.cpp:31084:2: note: FIX-IT applied suggested code changes
/home/AD.UCSD.EDU/jsliang/DP-HLS/BasicKernel/solution1/.autopilot/db/align.pp.0.cpp:31142:2: warning: Added loop label VITIS_LOOP_347_1:   [xilinx-label-all-loops]
 for (int i = 0; i < reference_length + 32 - 1; i++)
 ^~~
 VITIS_LOOP_347_1: 
/home/AD.UCSD.EDU/jsliang/DP-HLS/BasicKernel/solution1/.autopilot/db/align.pp.0.cpp:31142:2: note: FIX-IT applied suggested code changes
/home/AD.UCSD.EDU/jsliang/DP-HLS/BasicKernel/solution1/.autopilot/db/align.pp.0.cpp:31186:2: warning: Added loop label VITIS_LOOP_415_1:   [xilinx-label-all-loops]
 for (int i = 0; i < 32; i++)
 ^~~
 VITIS_LOOP_415_1: 
/home/AD.UCSD.EDU/jsliang/DP-HLS/BasicKernel/solution1/.autopilot/db/align.pp.0.cpp:31186:2: note: FIX-IT applied suggested code changes
/home/AD.UCSD.EDU/jsliang/DP-HLS/BasicKernel/solution1/.autopilot/db/align.pp.0.cpp:31199:2: warning: Added loop label VITIS_LOOP_428_1:   [xilinx-label-all-loops]
 for (int i = 0; i < 32; i++)
 ^~~
 VITIS_LOOP_428_1: 
/home/AD.UCSD.EDU/jsliang/DP-HLS/BasicKernel/solution1/.autopilot/db/align.pp.0.cpp:31199:2: note: FIX-IT applied suggested code changes
/home/AD.UCSD.EDU/jsliang/DP-HLS/BasicKernel/solution1/.autopilot/db/align.pp.0.cpp:31212:2: warning: Added loop label VITIS_LOOP_441_1:   [xilinx-label-all-loops]
 for (int i = 0; i < 32; i++)
 ^~~
 VITIS_LOOP_441_1: 
/home/AD.UCSD.EDU/jsliang/DP-HLS/BasicKernel/solution1/.autopilot/db/align.pp.0.cpp:31212:2: note: FIX-IT applied suggested code changes
/home/AD.UCSD.EDU/jsliang/DP-HLS/BasicKernel/solution1/.autopilot/db/align.pp.0.cpp:31234:2: warning: Added loop label VITIS_LOOP_463_1:   [xilinx-label-all-loops]
 for (int i = 0; i < 32; i++)
 ^~~
 VITIS_LOOP_463_1: 
/home/AD.UCSD.EDU/jsliang/DP-HLS/BasicKernel/solution1/.autopilot/db/align.pp.0.cpp:31234:2: note: FIX-IT applied suggested code changes
/home/AD.UCSD.EDU/jsliang/DP-HLS/BasicKernel/solution1/.autopilot/db/align.pp.0.cpp:31254:2: warning: Added loop label VITIS_LOOP_483_1:   [xilinx-label-all-loops]
 for (int j = 0; j < 32; j++)
 ^~~
 VITIS_LOOP_483_1: 
/home/AD.UCSD.EDU/jsliang/DP-HLS/BasicKernel/solution1/.autopilot/db/align.pp.0.cpp:31254:2: note: FIX-IT applied suggested code changes
/home/AD.UCSD.EDU/jsliang/DP-HLS/BasicKernel/solution1/.autopilot/db/align.pp.0.cpp:31269:2: warning: Added loop label VITIS_LOOP_498_1:   [xilinx-label-all-loops]
 for (int i = 0; i < 32; i++)
 ^~~
 VITIS_LOOP_498_1: 
/home/AD.UCSD.EDU/jsliang/DP-HLS/BasicKernel/solution1/.autopilot/db/align.pp.0.cpp:31269:2: note: FIX-IT applied suggested code changes
/home/AD.UCSD.EDU/jsliang/DP-HLS/BasicKernel/solution1/.autopilot/db/align.pp.0.cpp:31330:2: warning: Added loop label VITIS_LOOP_559_1:   [xilinx-label-all-loops]
 for (idx_t i = 0; i < query_length; i += 32)
 ^~~
 VITIS_LOOP_559_1: 
/home/AD.UCSD.EDU/jsliang/DP-HLS/BasicKernel/solution1/.autopilot/db/align.pp.0.cpp:31330:2: note: FIX-IT applied suggested code changes
/home/AD.UCSD.EDU/jsliang/DP-HLS/BasicKernel/solution1/.autopilot/db/align.pp.0.cpp:31379:2: warning: Added loop label VITIS_LOOP_616_1:   [xilinx-label-all-loops]
 for (int i = 0; i < 32; i++)
 ^~~
 VITIS_LOOP_616_1: 
/home/AD.UCSD.EDU/jsliang/DP-HLS/BasicKernel/solution1/.autopilot/db/align.pp.0.cpp:31379:2: note: FIX-IT applied suggested code changes
/home/AD.UCSD.EDU/jsliang/DP-HLS/BasicKernel/solution1/.autopilot/db/align.pp.0.cpp:31403:2: warning: Added loop label VITIS_LOOP_640_1:   [xilinx-label-all-loops]
 for (int c = 1; c < 256; c += 32)
 ^~~
 VITIS_LOOP_640_1: 
/home/AD.UCSD.EDU/jsliang/DP-HLS/BasicKernel/solution1/.autopilot/db/align.pp.0.cpp:31403:2: note: FIX-IT applied suggested code changes
/home/AD.UCSD.EDU/jsliang/DP-HLS/BasicKernel/solution1/.autopilot/db/align.pp.0.cpp:31405:3: warning: Added loop label VITIS_LOOP_642_2:   [xilinx-label-all-loops]
  for (int j = 1; j < 256; j++)
  ^~~
  VITIS_LOOP_642_2: 
/home/AD.UCSD.EDU/jsliang/DP-HLS/BasicKernel/solution1/.autopilot/db/align.pp.0.cpp:31405:3: note: FIX-IT applied suggested code changes
/home/AD.UCSD.EDU/jsliang/DP-HLS/BasicKernel/solution1/.autopilot/db/align.pp.0.cpp:31408:2: warning: Added loop label VITIS_LOOP_645_3:   [xilinx-label-all-loops]
 for (int p = 0; p < 32; p++)
 ^~~
 VITIS_LOOP_645_3: 
/home/AD.UCSD.EDU/jsliang/DP-HLS/BasicKernel/solution1/.autopilot/db/align.pp.0.cpp:31408:2: note: FIX-IT applied suggested code changes
/home/AD.UCSD.EDU/jsliang/DP-HLS/BasicKernel/solution1/.autopilot/db/align.pp.0.cpp:31444:2: warning: Added loop label VITIS_LOOP_681_1:   [xilinx-label-all-loops]
 for (int j = 1; j < 256 + 1; j++)
 ^~~
 VITIS_LOOP_681_1: 
/home/AD.UCSD.EDU/jsliang/DP-HLS/BasicKernel/solution1/.autopilot/db/align.pp.0.cpp:31444:2: note: FIX-IT applied suggested code changes
/home/AD.UCSD.EDU/jsliang/DP-HLS/BasicKernel/solution1/.autopilot/db/align.pp.0.cpp:31449:2: warning: Added loop label VITIS_LOOP_686_2:   [xilinx-label-all-loops]
 for (int i = 1; i < 256 + 1; i++)
 ^~~
 VITIS_LOOP_686_2: 
/home/AD.UCSD.EDU/jsliang/DP-HLS/BasicKernel/solution1/.autopilot/db/align.pp.0.cpp:31449:2: note: FIX-IT applied suggested code changes
/home/AD.UCSD.EDU/jsliang/DP-HLS/BasicKernel/solution1/.autopilot/db/align.pp.0.cpp:31461:2: warning: Added loop label VITIS_LOOP_698_1:   [xilinx-label-all-loops]
 for (int i = 0; i < 32 + 1; i++)
 ^~~
 VITIS_LOOP_698_1: 
/home/AD.UCSD.EDU/jsliang/DP-HLS/BasicKernel/solution1/.autopilot/db/align.pp.0.cpp:31461:2: note: FIX-IT applied suggested code changes
/home/AD.UCSD.EDU/jsliang/DP-HLS/BasicKernel/solution1/.autopilot/db/align.pp.0.cpp:31476:2: warning: Added loop label VITIS_LOOP_713_1:   [xilinx-label-all-loops]
 for (int i = 0; i < 32 + 1; i++){
 ^~~
 VITIS_LOOP_713_1: 
/home/AD.UCSD.EDU/jsliang/DP-HLS/BasicKernel/solution1/.autopilot/db/align.pp.0.cpp:31476:2: note: FIX-IT applied suggested code changes
