

================================================================
== Vitis HLS Report for 'AlignStatic_Pipeline_VITIS_LOOP_463_1'
================================================================
* Date:           Thu Oct 26 16:51:06 2023

* Version:        2023.1 (Build 3854077 on May  4 2023)
* Project:        BasicKernel
* Solution:       solution1 (Vitis Kernel Flow Target)
* Product family: zynquplus
* Target device:  xczu7ev-ffvc1156-2-i


================================================================
== Performance Estimates
================================================================
+ Timing: 
    * Summary: 
    +--------+---------+----------+------------+
    |  Clock |  Target | Estimated| Uncertainty|
    +--------+---------+----------+------------+
    |ap_clk  |  4.00 ns|  2.518 ns|     1.08 ns|
    +--------+---------+----------+------------+

+ Latency: 
    * Summary: 
    +---------+---------+----------+----------+-----+-----+---------+
    |  Latency (cycles) |  Latency (absolute) |  Interval | Pipeline|
    |   min   |   max   |    min   |    max   | min | max |   Type  |
    +---------+---------+----------+----------+-----+-----+---------+
    |       34|       34|  0.136 us|  0.136 us|   34|   34|       no|
    +---------+---------+----------+----------+-----+-----+---------+

    + Detail: 
        * Instance: 
        N/A

        * Loop: 
        +--------------------+---------+---------+----------+-----------+-----------+------+----------+
        |                    |  Latency (cycles) | Iteration|  Initiation Interval  | Trip |          |
        |      Loop Name     |   min   |   max   |  Latency |  achieved |   target  | Count| Pipelined|
        +--------------------+---------+---------+----------+-----------+-----------+------+----------+
        |- VITIS_LOOP_463_1  |       32|       32|         2|          1|          1|    32|       yes|
        +--------------------+---------+---------+----------+-----------+-----------+------+----------+

============================================================
+ Verbose Summary: Synthesis Manager
============================================================
InlineROM: 1
ExposeGlobal: 0
============================================================
+ Verbose Summary: CDFG Model
============================================================
IsTopModel: 0
ResetActiveHigh: 1
IsCombinational: 0
IsDatapathOnly: 0
HasWiredReturn: 1
HasMFsm: 2
HasVarLatency: 1
IsPipeline: 0
IsRtlPipelined: 0
IsInstanceOverlapped: 0
IsDontTouch: 0
HasImplIP: 0
IsGatedGlobalClock: 0

+ Individual pipeline summary: 
  * Pipeline-0: initiation interval (II) = 1, depth = 3


============================================================
+ Verbose Summary: Schedule
============================================================
* Number of FSM states : 3
* Pipeline : 1
  Pipeline-0 : II = 1, D = 3, States = { 1 2 3 }
* Dataflow Pipeline: 0

* FSM state transitions: 
1 --> 2 
2 --> 3 
3 --> 

* FSM state operations: 

State 1 <SV = 0> <Delay = 0.42>
ST_1 : Operation 5 [1/1] (0.00ns)   --->   "%max_pe_offset_1 = alloca i32 1"   --->   Operation 5 'alloca' 'max_pe_offset_1' <Predicate = true> <Delay = 0.00>
ST_1 : Operation 6 [1/1] (0.00ns)   --->   "%max_pe = alloca i32 1"   --->   Operation 6 'alloca' 'max_pe' <Predicate = true> <Delay = 0.00>
ST_1 : Operation 7 [1/1] (0.00ns)   --->   "%max_chunk_offset_1 = alloca i32 1"   --->   Operation 7 'alloca' 'max_chunk_offset_1' <Predicate = true> <Delay = 0.00>
ST_1 : Operation 8 [1/1] (0.00ns)   --->   "%max_score_1 = alloca i32 1"   --->   Operation 8 'alloca' 'max_score_1' <Predicate = true> <Delay = 0.00>
ST_1 : Operation 9 [1/1] (0.00ns)   --->   "%i_2 = alloca i32 1"   --->   Operation 9 'alloca' 'i_2' <Predicate = true> <Delay = 0.00>
ST_1 : Operation 10 [1/1] (0.00ns)   --->   "%local_max_pe_offset_62_2_read = read i32 @_ssdm_op_Read.ap_auto.i32, i32 %local_max_pe_offset_62_2"   --->   Operation 10 'read' 'local_max_pe_offset_62_2_read' <Predicate = true> <Delay = 0.00>
ST_1 : Operation 11 [1/1] (0.00ns)   --->   "%local_max_pe_offset_61_2_read = read i32 @_ssdm_op_Read.ap_auto.i32, i32 %local_max_pe_offset_61_2"   --->   Operation 11 'read' 'local_max_pe_offset_61_2_read' <Predicate = true> <Delay = 0.00>
ST_1 : Operation 12 [1/1] (0.00ns)   --->   "%local_max_pe_offset_60_2_read = read i32 @_ssdm_op_Read.ap_auto.i32, i32 %local_max_pe_offset_60_2"   --->   Operation 12 'read' 'local_max_pe_offset_60_2_read' <Predicate = true> <Delay = 0.00>
ST_1 : Operation 13 [1/1] (0.00ns)   --->   "%local_max_pe_offset_59_2_read = read i32 @_ssdm_op_Read.ap_auto.i32, i32 %local_max_pe_offset_59_2"   --->   Operation 13 'read' 'local_max_pe_offset_59_2_read' <Predicate = true> <Delay = 0.00>
ST_1 : Operation 14 [1/1] (0.00ns)   --->   "%local_max_pe_offset_58_2_read = read i32 @_ssdm_op_Read.ap_auto.i32, i32 %local_max_pe_offset_58_2"   --->   Operation 14 'read' 'local_max_pe_offset_58_2_read' <Predicate = true> <Delay = 0.00>
ST_1 : Operation 15 [1/1] (0.00ns)   --->   "%local_max_pe_offset_57_2_read = read i32 @_ssdm_op_Read.ap_auto.i32, i32 %local_max_pe_offset_57_2"   --->   Operation 15 'read' 'local_max_pe_offset_57_2_read' <Predicate = true> <Delay = 0.00>
ST_1 : Operation 16 [1/1] (0.00ns)   --->   "%local_max_pe_offset_56_2_read = read i32 @_ssdm_op_Read.ap_auto.i32, i32 %local_max_pe_offset_56_2"   --->   Operation 16 'read' 'local_max_pe_offset_56_2_read' <Predicate = true> <Delay = 0.00>
ST_1 : Operation 17 [1/1] (0.00ns)   --->   "%local_max_pe_offset_55_2_read = read i32 @_ssdm_op_Read.ap_auto.i32, i32 %local_max_pe_offset_55_2"   --->   Operation 17 'read' 'local_max_pe_offset_55_2_read' <Predicate = true> <Delay = 0.00>
ST_1 : Operation 18 [1/1] (0.00ns)   --->   "%local_max_pe_offset_54_2_read = read i32 @_ssdm_op_Read.ap_auto.i32, i32 %local_max_pe_offset_54_2"   --->   Operation 18 'read' 'local_max_pe_offset_54_2_read' <Predicate = true> <Delay = 0.00>
ST_1 : Operation 19 [1/1] (0.00ns)   --->   "%local_max_pe_offset_53_2_read = read i32 @_ssdm_op_Read.ap_auto.i32, i32 %local_max_pe_offset_53_2"   --->   Operation 19 'read' 'local_max_pe_offset_53_2_read' <Predicate = true> <Delay = 0.00>
ST_1 : Operation 20 [1/1] (0.00ns)   --->   "%local_max_pe_offset_52_2_read = read i32 @_ssdm_op_Read.ap_auto.i32, i32 %local_max_pe_offset_52_2"   --->   Operation 20 'read' 'local_max_pe_offset_52_2_read' <Predicate = true> <Delay = 0.00>
ST_1 : Operation 21 [1/1] (0.00ns)   --->   "%local_max_pe_offset_51_2_read = read i32 @_ssdm_op_Read.ap_auto.i32, i32 %local_max_pe_offset_51_2"   --->   Operation 21 'read' 'local_max_pe_offset_51_2_read' <Predicate = true> <Delay = 0.00>
ST_1 : Operation 22 [1/1] (0.00ns)   --->   "%local_max_pe_offset_50_2_read = read i32 @_ssdm_op_Read.ap_auto.i32, i32 %local_max_pe_offset_50_2"   --->   Operation 22 'read' 'local_max_pe_offset_50_2_read' <Predicate = true> <Delay = 0.00>
ST_1 : Operation 23 [1/1] (0.00ns)   --->   "%local_max_pe_offset_49_2_read = read i32 @_ssdm_op_Read.ap_auto.i32, i32 %local_max_pe_offset_49_2"   --->   Operation 23 'read' 'local_max_pe_offset_49_2_read' <Predicate = true> <Delay = 0.00>
ST_1 : Operation 24 [1/1] (0.00ns)   --->   "%local_max_pe_offset_48_2_read = read i32 @_ssdm_op_Read.ap_auto.i32, i32 %local_max_pe_offset_48_2"   --->   Operation 24 'read' 'local_max_pe_offset_48_2_read' <Predicate = true> <Delay = 0.00>
ST_1 : Operation 25 [1/1] (0.00ns)   --->   "%local_max_pe_offset_47_2_read = read i32 @_ssdm_op_Read.ap_auto.i32, i32 %local_max_pe_offset_47_2"   --->   Operation 25 'read' 'local_max_pe_offset_47_2_read' <Predicate = true> <Delay = 0.00>
ST_1 : Operation 26 [1/1] (0.00ns)   --->   "%local_max_pe_offset_46_2_read = read i32 @_ssdm_op_Read.ap_auto.i32, i32 %local_max_pe_offset_46_2"   --->   Operation 26 'read' 'local_max_pe_offset_46_2_read' <Predicate = true> <Delay = 0.00>
ST_1 : Operation 27 [1/1] (0.00ns)   --->   "%local_max_pe_offset_45_2_read = read i32 @_ssdm_op_Read.ap_auto.i32, i32 %local_max_pe_offset_45_2"   --->   Operation 27 'read' 'local_max_pe_offset_45_2_read' <Predicate = true> <Delay = 0.00>
ST_1 : Operation 28 [1/1] (0.00ns)   --->   "%local_max_pe_offset_44_2_read = read i32 @_ssdm_op_Read.ap_auto.i32, i32 %local_max_pe_offset_44_2"   --->   Operation 28 'read' 'local_max_pe_offset_44_2_read' <Predicate = true> <Delay = 0.00>
ST_1 : Operation 29 [1/1] (0.00ns)   --->   "%local_max_pe_offset_43_2_read = read i32 @_ssdm_op_Read.ap_auto.i32, i32 %local_max_pe_offset_43_2"   --->   Operation 29 'read' 'local_max_pe_offset_43_2_read' <Predicate = true> <Delay = 0.00>
ST_1 : Operation 30 [1/1] (0.00ns)   --->   "%local_max_pe_offset_42_2_read = read i32 @_ssdm_op_Read.ap_auto.i32, i32 %local_max_pe_offset_42_2"   --->   Operation 30 'read' 'local_max_pe_offset_42_2_read' <Predicate = true> <Delay = 0.00>
ST_1 : Operation 31 [1/1] (0.00ns)   --->   "%local_max_pe_offset_41_2_read = read i32 @_ssdm_op_Read.ap_auto.i32, i32 %local_max_pe_offset_41_2"   --->   Operation 31 'read' 'local_max_pe_offset_41_2_read' <Predicate = true> <Delay = 0.00>
ST_1 : Operation 32 [1/1] (0.00ns)   --->   "%local_max_pe_offset_40_2_read = read i32 @_ssdm_op_Read.ap_auto.i32, i32 %local_max_pe_offset_40_2"   --->   Operation 32 'read' 'local_max_pe_offset_40_2_read' <Predicate = true> <Delay = 0.00>
ST_1 : Operation 33 [1/1] (0.00ns)   --->   "%local_max_pe_offset_39_2_read = read i32 @_ssdm_op_Read.ap_auto.i32, i32 %local_max_pe_offset_39_2"   --->   Operation 33 'read' 'local_max_pe_offset_39_2_read' <Predicate = true> <Delay = 0.00>
ST_1 : Operation 34 [1/1] (0.00ns)   --->   "%local_max_pe_offset_38_2_read = read i32 @_ssdm_op_Read.ap_auto.i32, i32 %local_max_pe_offset_38_2"   --->   Operation 34 'read' 'local_max_pe_offset_38_2_read' <Predicate = true> <Delay = 0.00>
ST_1 : Operation 35 [1/1] (0.00ns)   --->   "%local_max_pe_offset_37_2_read = read i32 @_ssdm_op_Read.ap_auto.i32, i32 %local_max_pe_offset_37_2"   --->   Operation 35 'read' 'local_max_pe_offset_37_2_read' <Predicate = true> <Delay = 0.00>
ST_1 : Operation 36 [1/1] (0.00ns)   --->   "%local_max_pe_offset_36_2_read = read i32 @_ssdm_op_Read.ap_auto.i32, i32 %local_max_pe_offset_36_2"   --->   Operation 36 'read' 'local_max_pe_offset_36_2_read' <Predicate = true> <Delay = 0.00>
ST_1 : Operation 37 [1/1] (0.00ns)   --->   "%local_max_pe_offset_35_2_read = read i32 @_ssdm_op_Read.ap_auto.i32, i32 %local_max_pe_offset_35_2"   --->   Operation 37 'read' 'local_max_pe_offset_35_2_read' <Predicate = true> <Delay = 0.00>
ST_1 : Operation 38 [1/1] (0.00ns)   --->   "%local_max_pe_offset_34_2_read = read i32 @_ssdm_op_Read.ap_auto.i32, i32 %local_max_pe_offset_34_2"   --->   Operation 38 'read' 'local_max_pe_offset_34_2_read' <Predicate = true> <Delay = 0.00>
ST_1 : Operation 39 [1/1] (0.00ns)   --->   "%local_max_pe_offset_33_2_read = read i32 @_ssdm_op_Read.ap_auto.i32, i32 %local_max_pe_offset_33_2"   --->   Operation 39 'read' 'local_max_pe_offset_33_2_read' <Predicate = true> <Delay = 0.00>
ST_1 : Operation 40 [1/1] (0.00ns)   --->   "%local_max_pe_offset_32_2_read = read i32 @_ssdm_op_Read.ap_auto.i32, i32 %local_max_pe_offset_32_2"   --->   Operation 40 'read' 'local_max_pe_offset_32_2_read' <Predicate = true> <Delay = 0.00>
ST_1 : Operation 41 [1/1] (0.00ns)   --->   "%local_max_chunk_offset_62_2_read = read i32 @_ssdm_op_Read.ap_auto.i32, i32 %local_max_chunk_offset_62_2"   --->   Operation 41 'read' 'local_max_chunk_offset_62_2_read' <Predicate = true> <Delay = 0.00>
ST_1 : Operation 42 [1/1] (0.00ns)   --->   "%local_max_chunk_offset_61_2_read = read i32 @_ssdm_op_Read.ap_auto.i32, i32 %local_max_chunk_offset_61_2"   --->   Operation 42 'read' 'local_max_chunk_offset_61_2_read' <Predicate = true> <Delay = 0.00>
ST_1 : Operation 43 [1/1] (0.00ns)   --->   "%local_max_chunk_offset_60_2_read = read i32 @_ssdm_op_Read.ap_auto.i32, i32 %local_max_chunk_offset_60_2"   --->   Operation 43 'read' 'local_max_chunk_offset_60_2_read' <Predicate = true> <Delay = 0.00>
ST_1 : Operation 44 [1/1] (0.00ns)   --->   "%local_max_chunk_offset_59_2_read = read i32 @_ssdm_op_Read.ap_auto.i32, i32 %local_max_chunk_offset_59_2"   --->   Operation 44 'read' 'local_max_chunk_offset_59_2_read' <Predicate = true> <Delay = 0.00>
ST_1 : Operation 45 [1/1] (0.00ns)   --->   "%local_max_chunk_offset_58_2_read = read i32 @_ssdm_op_Read.ap_auto.i32, i32 %local_max_chunk_offset_58_2"   --->   Operation 45 'read' 'local_max_chunk_offset_58_2_read' <Predicate = true> <Delay = 0.00>
ST_1 : Operation 46 [1/1] (0.00ns)   --->   "%local_max_chunk_offset_57_2_read = read i32 @_ssdm_op_Read.ap_auto.i32, i32 %local_max_chunk_offset_57_2"   --->   Operation 46 'read' 'local_max_chunk_offset_57_2_read' <Predicate = true> <Delay = 0.00>
ST_1 : Operation 47 [1/1] (0.00ns)   --->   "%local_max_chunk_offset_56_2_read = read i32 @_ssdm_op_Read.ap_auto.i32, i32 %local_max_chunk_offset_56_2"   --->   Operation 47 'read' 'local_max_chunk_offset_56_2_read' <Predicate = true> <Delay = 0.00>
ST_1 : Operation 48 [1/1] (0.00ns)   --->   "%local_max_chunk_offset_55_2_read = read i32 @_ssdm_op_Read.ap_auto.i32, i32 %local_max_chunk_offset_55_2"   --->   Operation 48 'read' 'local_max_chunk_offset_55_2_read' <Predicate = true> <Delay = 0.00>
ST_1 : Operation 49 [1/1] (0.00ns)   --->   "%local_max_chunk_offset_54_2_read = read i32 @_ssdm_op_Read.ap_auto.i32, i32 %local_max_chunk_offset_54_2"   --->   Operation 49 'read' 'local_max_chunk_offset_54_2_read' <Predicate = true> <Delay = 0.00>
ST_1 : Operation 50 [1/1] (0.00ns)   --->   "%local_max_chunk_offset_53_2_read = read i32 @_ssdm_op_Read.ap_auto.i32, i32 %local_max_chunk_offset_53_2"   --->   Operation 50 'read' 'local_max_chunk_offset_53_2_read' <Predicate = true> <Delay = 0.00>
ST_1 : Operation 51 [1/1] (0.00ns)   --->   "%local_max_chunk_offset_52_2_read = read i32 @_ssdm_op_Read.ap_auto.i32, i32 %local_max_chunk_offset_52_2"   --->   Operation 51 'read' 'local_max_chunk_offset_52_2_read' <Predicate = true> <Delay = 0.00>
ST_1 : Operation 52 [1/1] (0.00ns)   --->   "%local_max_chunk_offset_51_2_read = read i32 @_ssdm_op_Read.ap_auto.i32, i32 %local_max_chunk_offset_51_2"   --->   Operation 52 'read' 'local_max_chunk_offset_51_2_read' <Predicate = true> <Delay = 0.00>
ST_1 : Operation 53 [1/1] (0.00ns)   --->   "%local_max_chunk_offset_50_2_read = read i32 @_ssdm_op_Read.ap_auto.i32, i32 %local_max_chunk_offset_50_2"   --->   Operation 53 'read' 'local_max_chunk_offset_50_2_read' <Predicate = true> <Delay = 0.00>
ST_1 : Operation 54 [1/1] (0.00ns)   --->   "%local_max_chunk_offset_49_2_read = read i32 @_ssdm_op_Read.ap_auto.i32, i32 %local_max_chunk_offset_49_2"   --->   Operation 54 'read' 'local_max_chunk_offset_49_2_read' <Predicate = true> <Delay = 0.00>
ST_1 : Operation 55 [1/1] (0.00ns)   --->   "%local_max_chunk_offset_48_2_read = read i32 @_ssdm_op_Read.ap_auto.i32, i32 %local_max_chunk_offset_48_2"   --->   Operation 55 'read' 'local_max_chunk_offset_48_2_read' <Predicate = true> <Delay = 0.00>
ST_1 : Operation 56 [1/1] (0.00ns)   --->   "%local_max_chunk_offset_47_2_read = read i32 @_ssdm_op_Read.ap_auto.i32, i32 %local_max_chunk_offset_47_2"   --->   Operation 56 'read' 'local_max_chunk_offset_47_2_read' <Predicate = true> <Delay = 0.00>
ST_1 : Operation 57 [1/1] (0.00ns)   --->   "%local_max_chunk_offset_46_2_read = read i32 @_ssdm_op_Read.ap_auto.i32, i32 %local_max_chunk_offset_46_2"   --->   Operation 57 'read' 'local_max_chunk_offset_46_2_read' <Predicate = true> <Delay = 0.00>
ST_1 : Operation 58 [1/1] (0.00ns)   --->   "%local_max_chunk_offset_45_2_read = read i32 @_ssdm_op_Read.ap_auto.i32, i32 %local_max_chunk_offset_45_2"   --->   Operation 58 'read' 'local_max_chunk_offset_45_2_read' <Predicate = true> <Delay = 0.00>
ST_1 : Operation 59 [1/1] (0.00ns)   --->   "%local_max_chunk_offset_44_2_read = read i32 @_ssdm_op_Read.ap_auto.i32, i32 %local_max_chunk_offset_44_2"   --->   Operation 59 'read' 'local_max_chunk_offset_44_2_read' <Predicate = true> <Delay = 0.00>
ST_1 : Operation 60 [1/1] (0.00ns)   --->   "%local_max_chunk_offset_43_2_read = read i32 @_ssdm_op_Read.ap_auto.i32, i32 %local_max_chunk_offset_43_2"   --->   Operation 60 'read' 'local_max_chunk_offset_43_2_read' <Predicate = true> <Delay = 0.00>
ST_1 : Operation 61 [1/1] (0.00ns)   --->   "%local_max_chunk_offset_42_2_read = read i32 @_ssdm_op_Read.ap_auto.i32, i32 %local_max_chunk_offset_42_2"   --->   Operation 61 'read' 'local_max_chunk_offset_42_2_read' <Predicate = true> <Delay = 0.00>
ST_1 : Operation 62 [1/1] (0.00ns)   --->   "%local_max_chunk_offset_41_2_read = read i32 @_ssdm_op_Read.ap_auto.i32, i32 %local_max_chunk_offset_41_2"   --->   Operation 62 'read' 'local_max_chunk_offset_41_2_read' <Predicate = true> <Delay = 0.00>
ST_1 : Operation 63 [1/1] (0.00ns)   --->   "%local_max_chunk_offset_40_2_read = read i32 @_ssdm_op_Read.ap_auto.i32, i32 %local_max_chunk_offset_40_2"   --->   Operation 63 'read' 'local_max_chunk_offset_40_2_read' <Predicate = true> <Delay = 0.00>
ST_1 : Operation 64 [1/1] (0.00ns)   --->   "%local_max_chunk_offset_39_2_read = read i32 @_ssdm_op_Read.ap_auto.i32, i32 %local_max_chunk_offset_39_2"   --->   Operation 64 'read' 'local_max_chunk_offset_39_2_read' <Predicate = true> <Delay = 0.00>
ST_1 : Operation 65 [1/1] (0.00ns)   --->   "%local_max_chunk_offset_38_2_read = read i32 @_ssdm_op_Read.ap_auto.i32, i32 %local_max_chunk_offset_38_2"   --->   Operation 65 'read' 'local_max_chunk_offset_38_2_read' <Predicate = true> <Delay = 0.00>
ST_1 : Operation 66 [1/1] (0.00ns)   --->   "%local_max_chunk_offset_37_2_read = read i32 @_ssdm_op_Read.ap_auto.i32, i32 %local_max_chunk_offset_37_2"   --->   Operation 66 'read' 'local_max_chunk_offset_37_2_read' <Predicate = true> <Delay = 0.00>
ST_1 : Operation 67 [1/1] (0.00ns)   --->   "%local_max_chunk_offset_36_2_read = read i32 @_ssdm_op_Read.ap_auto.i32, i32 %local_max_chunk_offset_36_2"   --->   Operation 67 'read' 'local_max_chunk_offset_36_2_read' <Predicate = true> <Delay = 0.00>
ST_1 : Operation 68 [1/1] (0.00ns)   --->   "%local_max_chunk_offset_35_2_read = read i32 @_ssdm_op_Read.ap_auto.i32, i32 %local_max_chunk_offset_35_2"   --->   Operation 68 'read' 'local_max_chunk_offset_35_2_read' <Predicate = true> <Delay = 0.00>
ST_1 : Operation 69 [1/1] (0.00ns)   --->   "%local_max_chunk_offset_34_2_read = read i32 @_ssdm_op_Read.ap_auto.i32, i32 %local_max_chunk_offset_34_2"   --->   Operation 69 'read' 'local_max_chunk_offset_34_2_read' <Predicate = true> <Delay = 0.00>
ST_1 : Operation 70 [1/1] (0.00ns)   --->   "%local_max_chunk_offset_33_2_read = read i32 @_ssdm_op_Read.ap_auto.i32, i32 %local_max_chunk_offset_33_2"   --->   Operation 70 'read' 'local_max_chunk_offset_33_2_read' <Predicate = true> <Delay = 0.00>
ST_1 : Operation 71 [1/1] (0.00ns)   --->   "%local_max_chunk_offset_32_2_read = read i32 @_ssdm_op_Read.ap_auto.i32, i32 %local_max_chunk_offset_32_2"   --->   Operation 71 'read' 'local_max_chunk_offset_32_2_read' <Predicate = true> <Delay = 0.00>
ST_1 : Operation 72 [1/1] (0.00ns)   --->   "%local_max_score_62_2_read = read i16 @_ssdm_op_Read.ap_auto.i16, i16 %local_max_score_62_2"   --->   Operation 72 'read' 'local_max_score_62_2_read' <Predicate = true> <Delay = 0.00>
ST_1 : Operation 73 [1/1] (0.00ns)   --->   "%local_max_score_61_2_read = read i16 @_ssdm_op_Read.ap_auto.i16, i16 %local_max_score_61_2"   --->   Operation 73 'read' 'local_max_score_61_2_read' <Predicate = true> <Delay = 0.00>
ST_1 : Operation 74 [1/1] (0.00ns)   --->   "%local_max_score_60_2_read = read i16 @_ssdm_op_Read.ap_auto.i16, i16 %local_max_score_60_2"   --->   Operation 74 'read' 'local_max_score_60_2_read' <Predicate = true> <Delay = 0.00>
ST_1 : Operation 75 [1/1] (0.00ns)   --->   "%local_max_score_59_2_read = read i16 @_ssdm_op_Read.ap_auto.i16, i16 %local_max_score_59_2"   --->   Operation 75 'read' 'local_max_score_59_2_read' <Predicate = true> <Delay = 0.00>
ST_1 : Operation 76 [1/1] (0.00ns)   --->   "%local_max_score_58_2_read = read i16 @_ssdm_op_Read.ap_auto.i16, i16 %local_max_score_58_2"   --->   Operation 76 'read' 'local_max_score_58_2_read' <Predicate = true> <Delay = 0.00>
ST_1 : Operation 77 [1/1] (0.00ns)   --->   "%local_max_score_57_2_read = read i16 @_ssdm_op_Read.ap_auto.i16, i16 %local_max_score_57_2"   --->   Operation 77 'read' 'local_max_score_57_2_read' <Predicate = true> <Delay = 0.00>
ST_1 : Operation 78 [1/1] (0.00ns)   --->   "%local_max_score_56_2_read = read i16 @_ssdm_op_Read.ap_auto.i16, i16 %local_max_score_56_2"   --->   Operation 78 'read' 'local_max_score_56_2_read' <Predicate = true> <Delay = 0.00>
ST_1 : Operation 79 [1/1] (0.00ns)   --->   "%local_max_score_55_2_read = read i16 @_ssdm_op_Read.ap_auto.i16, i16 %local_max_score_55_2"   --->   Operation 79 'read' 'local_max_score_55_2_read' <Predicate = true> <Delay = 0.00>
ST_1 : Operation 80 [1/1] (0.00ns)   --->   "%local_max_score_54_2_read = read i16 @_ssdm_op_Read.ap_auto.i16, i16 %local_max_score_54_2"   --->   Operation 80 'read' 'local_max_score_54_2_read' <Predicate = true> <Delay = 0.00>
ST_1 : Operation 81 [1/1] (0.00ns)   --->   "%local_max_score_53_2_read = read i16 @_ssdm_op_Read.ap_auto.i16, i16 %local_max_score_53_2"   --->   Operation 81 'read' 'local_max_score_53_2_read' <Predicate = true> <Delay = 0.00>
ST_1 : Operation 82 [1/1] (0.00ns)   --->   "%local_max_score_52_2_read = read i16 @_ssdm_op_Read.ap_auto.i16, i16 %local_max_score_52_2"   --->   Operation 82 'read' 'local_max_score_52_2_read' <Predicate = true> <Delay = 0.00>
ST_1 : Operation 83 [1/1] (0.00ns)   --->   "%local_max_score_51_2_read = read i16 @_ssdm_op_Read.ap_auto.i16, i16 %local_max_score_51_2"   --->   Operation 83 'read' 'local_max_score_51_2_read' <Predicate = true> <Delay = 0.00>
ST_1 : Operation 84 [1/1] (0.00ns)   --->   "%local_max_score_50_2_read = read i16 @_ssdm_op_Read.ap_auto.i16, i16 %local_max_score_50_2"   --->   Operation 84 'read' 'local_max_score_50_2_read' <Predicate = true> <Delay = 0.00>
ST_1 : Operation 85 [1/1] (0.00ns)   --->   "%local_max_score_49_2_read = read i16 @_ssdm_op_Read.ap_auto.i16, i16 %local_max_score_49_2"   --->   Operation 85 'read' 'local_max_score_49_2_read' <Predicate = true> <Delay = 0.00>
ST_1 : Operation 86 [1/1] (0.00ns)   --->   "%local_max_score_48_2_read = read i16 @_ssdm_op_Read.ap_auto.i16, i16 %local_max_score_48_2"   --->   Operation 86 'read' 'local_max_score_48_2_read' <Predicate = true> <Delay = 0.00>
ST_1 : Operation 87 [1/1] (0.00ns)   --->   "%local_max_score_47_2_read = read i16 @_ssdm_op_Read.ap_auto.i16, i16 %local_max_score_47_2"   --->   Operation 87 'read' 'local_max_score_47_2_read' <Predicate = true> <Delay = 0.00>
ST_1 : Operation 88 [1/1] (0.00ns)   --->   "%local_max_score_46_2_read = read i16 @_ssdm_op_Read.ap_auto.i16, i16 %local_max_score_46_2"   --->   Operation 88 'read' 'local_max_score_46_2_read' <Predicate = true> <Delay = 0.00>
ST_1 : Operation 89 [1/1] (0.00ns)   --->   "%local_max_score_45_2_read = read i16 @_ssdm_op_Read.ap_auto.i16, i16 %local_max_score_45_2"   --->   Operation 89 'read' 'local_max_score_45_2_read' <Predicate = true> <Delay = 0.00>
ST_1 : Operation 90 [1/1] (0.00ns)   --->   "%local_max_score_44_2_read = read i16 @_ssdm_op_Read.ap_auto.i16, i16 %local_max_score_44_2"   --->   Operation 90 'read' 'local_max_score_44_2_read' <Predicate = true> <Delay = 0.00>
ST_1 : Operation 91 [1/1] (0.00ns)   --->   "%local_max_score_43_2_read = read i16 @_ssdm_op_Read.ap_auto.i16, i16 %local_max_score_43_2"   --->   Operation 91 'read' 'local_max_score_43_2_read' <Predicate = true> <Delay = 0.00>
ST_1 : Operation 92 [1/1] (0.00ns)   --->   "%local_max_score_42_2_read = read i16 @_ssdm_op_Read.ap_auto.i16, i16 %local_max_score_42_2"   --->   Operation 92 'read' 'local_max_score_42_2_read' <Predicate = true> <Delay = 0.00>
ST_1 : Operation 93 [1/1] (0.00ns)   --->   "%local_max_score_41_2_read = read i16 @_ssdm_op_Read.ap_auto.i16, i16 %local_max_score_41_2"   --->   Operation 93 'read' 'local_max_score_41_2_read' <Predicate = true> <Delay = 0.00>
ST_1 : Operation 94 [1/1] (0.00ns)   --->   "%local_max_score_40_2_read = read i16 @_ssdm_op_Read.ap_auto.i16, i16 %local_max_score_40_2"   --->   Operation 94 'read' 'local_max_score_40_2_read' <Predicate = true> <Delay = 0.00>
ST_1 : Operation 95 [1/1] (0.00ns)   --->   "%local_max_score_39_2_read = read i16 @_ssdm_op_Read.ap_auto.i16, i16 %local_max_score_39_2"   --->   Operation 95 'read' 'local_max_score_39_2_read' <Predicate = true> <Delay = 0.00>
ST_1 : Operation 96 [1/1] (0.00ns)   --->   "%local_max_score_38_2_read = read i16 @_ssdm_op_Read.ap_auto.i16, i16 %local_max_score_38_2"   --->   Operation 96 'read' 'local_max_score_38_2_read' <Predicate = true> <Delay = 0.00>
ST_1 : Operation 97 [1/1] (0.00ns)   --->   "%local_max_score_37_2_read = read i16 @_ssdm_op_Read.ap_auto.i16, i16 %local_max_score_37_2"   --->   Operation 97 'read' 'local_max_score_37_2_read' <Predicate = true> <Delay = 0.00>
ST_1 : Operation 98 [1/1] (0.00ns)   --->   "%local_max_score_36_2_read = read i16 @_ssdm_op_Read.ap_auto.i16, i16 %local_max_score_36_2"   --->   Operation 98 'read' 'local_max_score_36_2_read' <Predicate = true> <Delay = 0.00>
ST_1 : Operation 99 [1/1] (0.00ns)   --->   "%local_max_score_35_2_read = read i16 @_ssdm_op_Read.ap_auto.i16, i16 %local_max_score_35_2"   --->   Operation 99 'read' 'local_max_score_35_2_read' <Predicate = true> <Delay = 0.00>
ST_1 : Operation 100 [1/1] (0.00ns)   --->   "%local_max_score_34_2_read = read i16 @_ssdm_op_Read.ap_auto.i16, i16 %local_max_score_34_2"   --->   Operation 100 'read' 'local_max_score_34_2_read' <Predicate = true> <Delay = 0.00>
ST_1 : Operation 101 [1/1] (0.00ns)   --->   "%local_max_score_33_2_read = read i16 @_ssdm_op_Read.ap_auto.i16, i16 %local_max_score_33_2"   --->   Operation 101 'read' 'local_max_score_33_2_read' <Predicate = true> <Delay = 0.00>
ST_1 : Operation 102 [1/1] (0.00ns)   --->   "%local_max_score_32_2_read = read i16 @_ssdm_op_Read.ap_auto.i16, i16 %local_max_score_32_2"   --->   Operation 102 'read' 'local_max_score_32_2_read' <Predicate = true> <Delay = 0.00>
ST_1 : Operation 103 [1/1] (0.00ns)   --->   "%max_pe_offset_read = read i32 @_ssdm_op_Read.ap_auto.i32, i32 %max_pe_offset"   --->   Operation 103 'read' 'max_pe_offset_read' <Predicate = true> <Delay = 0.00>
ST_1 : Operation 104 [1/1] (0.00ns)   --->   "%max_chunk_offset_read = read i32 @_ssdm_op_Read.ap_auto.i32, i32 %max_chunk_offset"   --->   Operation 104 'read' 'max_chunk_offset_read' <Predicate = true> <Delay = 0.00>
ST_1 : Operation 105 [1/1] (0.00ns)   --->   "%max_score_read = read i16 @_ssdm_op_Read.ap_auto.i16, i16 %max_score"   --->   Operation 105 'read' 'max_score_read' <Predicate = true> <Delay = 0.00>
ST_1 : Operation 106 [1/1] (0.42ns)   --->   "%store_ln0 = store i6 0, i6 %i_2"   --->   Operation 106 'store' 'store_ln0' <Predicate = true> <Delay = 0.42>
ST_1 : Operation 107 [1/1] (0.42ns)   --->   "%store_ln0 = store i16 %max_score_read, i16 %max_score_1"   --->   Operation 107 'store' 'store_ln0' <Predicate = true> <Delay = 0.42>
ST_1 : Operation 108 [1/1] (0.42ns)   --->   "%store_ln0 = store i32 %max_chunk_offset_read, i32 %max_chunk_offset_1"   --->   Operation 108 'store' 'store_ln0' <Predicate = true> <Delay = 0.42>
ST_1 : Operation 109 [1/1] (0.42ns)   --->   "%store_ln0 = store i32 0, i32 %max_pe"   --->   Operation 109 'store' 'store_ln0' <Predicate = true> <Delay = 0.42>
ST_1 : Operation 110 [1/1] (0.42ns)   --->   "%store_ln0 = store i32 %max_pe_offset_read, i32 %max_pe_offset_1"   --->   Operation 110 'store' 'store_ln0' <Predicate = true> <Delay = 0.42>
ST_1 : Operation 111 [1/1] (0.00ns)   --->   "%br_ln0 = br void %for.body.i"   --->   Operation 111 'br' 'br_ln0' <Predicate = true> <Delay = 0.00>

State 2 <SV = 1> <Delay = 2.51>
ST_2 : Operation 112 [1/1] (0.00ns)   --->   "%i = load i6 %i_2" [src/align/align.cpp:462->src/align/align.cpp:602]   --->   Operation 112 'load' 'i' <Predicate = true> <Delay = 0.00>
ST_2 : Operation 113 [1/1] (0.00ns)   --->   "%specpipeline_ln0 = specpipeline void @_ssdm_op_SpecPipeline, i32 4294967295, i32 0, i32 1, i32 0, void @p_str"   --->   Operation 113 'specpipeline' 'specpipeline_ln0' <Predicate = true> <Delay = 0.00>
ST_2 : Operation 114 [1/1] (0.78ns)   --->   "%icmp_ln463 = icmp_eq  i6 %i, i6 32" [src/align/align.cpp:463->src/align/align.cpp:602]   --->   Operation 114 'icmp' 'icmp_ln463' <Predicate = true> <Delay = 0.78> <CoreInst = "Cmp">   --->   Core 9 'Cmp' <Latency = 0> <II = 1> <Delay = 0.78> <FuncUnit> <Opcode : 'icmp'> <InPorts = 2> <OutPorts = 1>
ST_2 : Operation 115 [1/1] (0.78ns)   --->   "%add_ln463 = add i6 %i, i6 1" [src/align/align.cpp:463->src/align/align.cpp:602]   --->   Operation 115 'add' 'add_ln463' <Predicate = true> <Delay = 0.78> <CoreInst = "Adder">   --->   Core 1 'Adder' <Latency = 0> <II = 1> <Delay = 0.78> <FuncUnit> <Opcode : 'add' 'sub'> <InPorts = 2> <OutPorts = 1>
ST_2 : Operation 116 [1/1] (0.00ns)   --->   "%br_ln463 = br i1 %icmp_ln463, void %for.body.i.split_ifconv, void %_ZN5Align7FindMax18ReductionMaxScoresERA32_9ScorePackRS1_.exit.exitStub" [src/align/align.cpp:463->src/align/align.cpp:602]   --->   Operation 116 'br' 'br_ln463' <Predicate = true> <Delay = 0.00>
ST_2 : Operation 117 [1/1] (0.00ns)   --->   "%max_pe_offset_1_load_1 = load i32 %max_pe_offset_1" [src/align/align.cpp:465->src/align/align.cpp:602]   --->   Operation 117 'load' 'max_pe_offset_1_load_1' <Predicate = (!icmp_ln463)> <Delay = 0.00>
ST_2 : Operation 118 [1/1] (0.00ns)   --->   "%max_chunk_offset_1_load_1 = load i32 %max_chunk_offset_1" [src/align/align.cpp:465->src/align/align.cpp:602]   --->   Operation 118 'load' 'max_chunk_offset_1_load_1' <Predicate = (!icmp_ln463)> <Delay = 0.00>
ST_2 : Operation 119 [1/1] (0.00ns)   --->   "%max_score_1_load = load i16 %max_score_1" [src/align/align.cpp:465->src/align/align.cpp:602]   --->   Operation 119 'load' 'max_score_1_load' <Predicate = (!icmp_ln463)> <Delay = 0.00>
ST_2 : Operation 120 [1/1] (0.00ns)   --->   "%i_2_cast = zext i6 %i" [src/align/align.cpp:462->src/align/align.cpp:602]   --->   Operation 120 'zext' 'i_2_cast' <Predicate = (!icmp_ln463)> <Delay = 0.00>
ST_2 : Operation 121 [1/1] (0.00ns)   --->   "%trunc_ln462 = trunc i6 %i" [src/align/align.cpp:462->src/align/align.cpp:602]   --->   Operation 121 'trunc' 'trunc_ln462' <Predicate = (!icmp_ln463)> <Delay = 0.00>
ST_2 : Operation 122 [1/1] (0.78ns)   --->   "%max_score_2 = mux i16 @_ssdm_op_Mux.ap_auto.32i16.i5, i16 %max_score_read, i16 %local_max_score_32_2_read, i16 %local_max_score_33_2_read, i16 %local_max_score_34_2_read, i16 %local_max_score_35_2_read, i16 %local_max_score_36_2_read, i16 %local_max_score_37_2_read, i16 %local_max_score_38_2_read, i16 %local_max_score_39_2_read, i16 %local_max_score_40_2_read, i16 %local_max_score_41_2_read, i16 %local_max_score_42_2_read, i16 %local_max_score_43_2_read, i16 %local_max_score_44_2_read, i16 %local_max_score_45_2_read, i16 %local_max_score_46_2_read, i16 %local_max_score_47_2_read, i16 %local_max_score_48_2_read, i16 %local_max_score_49_2_read, i16 %local_max_score_50_2_read, i16 %local_max_score_51_2_read, i16 %local_max_score_52_2_read, i16 %local_max_score_53_2_read, i16 %local_max_score_54_2_read, i16 %local_max_score_55_2_read, i16 %local_max_score_56_2_read, i16 %local_max_score_57_2_read, i16 %local_max_score_58_2_read, i16 %local_max_score_59_2_read, i16 %local_max_score_60_2_read, i16 %local_max_score_61_2_read, i16 %local_max_score_62_2_read, i5 %trunc_ln462" [src/align/align.cpp:465->src/align/align.cpp:602]   --->   Operation 122 'mux' 'max_score_2' <Predicate = (!icmp_ln463)> <Delay = 0.78> <CoreInst = "Multiplexer">   --->   Core 76 'Multiplexer' <Latency = 0> <II = 1> <Delay = 0.78> <FuncUnit> <Opcode : 'mux'> <InPorts = 2> <OutPorts = 1>
ST_2 : Operation 123 [1/1] (0.85ns)   --->   "%icmp_ln465 = icmp_sgt  i16 %max_score_2, i16 %max_score_1_load" [src/align/align.cpp:465->src/align/align.cpp:602]   --->   Operation 123 'icmp' 'icmp_ln465' <Predicate = (!icmp_ln463)> <Delay = 0.85> <CoreInst = "Cmp">   --->   Core 9 'Cmp' <Latency = 0> <II = 1> <Delay = 0.85> <FuncUnit> <Opcode : 'icmp'> <InPorts = 2> <OutPorts = 1>
ST_2 : Operation 124 [1/1] (0.00ns)   --->   "%local_max_pe_addr = getelementptr i5 %local_max_pe, i64 0, i64 %i_2_cast" [src/align/align.cpp:467->src/align/align.cpp:602]   --->   Operation 124 'getelementptr' 'local_max_pe_addr' <Predicate = (!icmp_ln463)> <Delay = 0.00>
ST_2 : Operation 125 [1/1] (0.78ns)   --->   "%max_chunk_offset_2 = mux i32 @_ssdm_op_Mux.ap_auto.32i32.i5, i32 %max_chunk_offset_read, i32 %local_max_chunk_offset_32_2_read, i32 %local_max_chunk_offset_33_2_read, i32 %local_max_chunk_offset_34_2_read, i32 %local_max_chunk_offset_35_2_read, i32 %local_max_chunk_offset_36_2_read, i32 %local_max_chunk_offset_37_2_read, i32 %local_max_chunk_offset_38_2_read, i32 %local_max_chunk_offset_39_2_read, i32 %local_max_chunk_offset_40_2_read, i32 %local_max_chunk_offset_41_2_read, i32 %local_max_chunk_offset_42_2_read, i32 %local_max_chunk_offset_43_2_read, i32 %local_max_chunk_offset_44_2_read, i32 %local_max_chunk_offset_45_2_read, i32 %local_max_chunk_offset_46_2_read, i32 %local_max_chunk_offset_47_2_read, i32 %local_max_chunk_offset_48_2_read, i32 %local_max_chunk_offset_49_2_read, i32 %local_max_chunk_offset_50_2_read, i32 %local_max_chunk_offset_51_2_read, i32 %local_max_chunk_offset_52_2_read, i32 %local_max_chunk_offset_53_2_read, i32 %local_max_chunk_offset_54_2_read, i32 %local_max_chunk_offset_55_2_read, i32 %local_max_chunk_offset_56_2_read, i32 %local_max_chunk_offset_57_2_read, i32 %local_max_chunk_offset_58_2_read, i32 %local_max_chunk_offset_59_2_read, i32 %local_max_chunk_offset_60_2_read, i32 %local_max_chunk_offset_61_2_read, i32 %local_max_chunk_offset_62_2_read, i5 %trunc_ln462" [src/align/align.cpp:467->src/align/align.cpp:602]   --->   Operation 125 'mux' 'max_chunk_offset_2' <Predicate = (!icmp_ln463)> <Delay = 0.78> <CoreInst = "Multiplexer">   --->   Core 76 'Multiplexer' <Latency = 0> <II = 1> <Delay = 0.78> <FuncUnit> <Opcode : 'mux'> <InPorts = 2> <OutPorts = 1>
ST_2 : Operation 126 [2/2] (0.67ns)   --->   "%max_pe_1 = load i5 %local_max_pe_addr" [src/align/align.cpp:467->src/align/align.cpp:602]   --->   Operation 126 'load' 'max_pe_1' <Predicate = (!icmp_ln463)> <Delay = 0.67> <CoreInst = "ROM">   --->   Core 101 'ROM' <Latency = 1> <II = 1> <Delay = 0.67> <Storage> <Opcode : 'load'> <Ports = 0> <Width = 5> <Depth = 32> <ROM>
ST_2 : Operation 127 [1/1] (0.78ns)   --->   "%max_pe_offset_2 = mux i32 @_ssdm_op_Mux.ap_auto.32i32.i5, i32 %max_pe_offset_read, i32 %local_max_pe_offset_32_2_read, i32 %local_max_pe_offset_33_2_read, i32 %local_max_pe_offset_34_2_read, i32 %local_max_pe_offset_35_2_read, i32 %local_max_pe_offset_36_2_read, i32 %local_max_pe_offset_37_2_read, i32 %local_max_pe_offset_38_2_read, i32 %local_max_pe_offset_39_2_read, i32 %local_max_pe_offset_40_2_read, i32 %local_max_pe_offset_41_2_read, i32 %local_max_pe_offset_42_2_read, i32 %local_max_pe_offset_43_2_read, i32 %local_max_pe_offset_44_2_read, i32 %local_max_pe_offset_45_2_read, i32 %local_max_pe_offset_46_2_read, i32 %local_max_pe_offset_47_2_read, i32 %local_max_pe_offset_48_2_read, i32 %local_max_pe_offset_49_2_read, i32 %local_max_pe_offset_50_2_read, i32 %local_max_pe_offset_51_2_read, i32 %local_max_pe_offset_52_2_read, i32 %local_max_pe_offset_53_2_read, i32 %local_max_pe_offset_54_2_read, i32 %local_max_pe_offset_55_2_read, i32 %local_max_pe_offset_56_2_read, i32 %local_max_pe_offset_57_2_read, i32 %local_max_pe_offset_58_2_read, i32 %local_max_pe_offset_59_2_read, i32 %local_max_pe_offset_60_2_read, i32 %local_max_pe_offset_61_2_read, i32 %local_max_pe_offset_62_2_read, i5 %trunc_ln462" [src/align/align.cpp:467->src/align/align.cpp:602]   --->   Operation 127 'mux' 'max_pe_offset_2' <Predicate = (!icmp_ln463)> <Delay = 0.78> <CoreInst = "Multiplexer">   --->   Core 76 'Multiplexer' <Latency = 0> <II = 1> <Delay = 0.78> <FuncUnit> <Opcode : 'mux'> <InPorts = 2> <OutPorts = 1>
ST_2 : Operation 128 [1/1] (0.44ns)   --->   "%max_pe_offset_3 = select i1 %icmp_ln465, i32 %max_pe_offset_2, i32 %max_pe_offset_1_load_1" [src/align/align.cpp:465->src/align/align.cpp:602]   --->   Operation 128 'select' 'max_pe_offset_3' <Predicate = (!icmp_ln463)> <Delay = 0.44> <CoreInst = "Sel">   --->   Core 73 'Sel' <Latency = 0> <II = 1> <Delay = 0.44> <FuncUnit> <Opcode : 'select'> <InPorts = 3> <OutPorts = 1>
ST_2 : Operation 129 [1/1] (0.44ns)   --->   "%max_chunk_offset_3 = select i1 %icmp_ln465, i32 %max_chunk_offset_2, i32 %max_chunk_offset_1_load_1" [src/align/align.cpp:465->src/align/align.cpp:602]   --->   Operation 129 'select' 'max_chunk_offset_3' <Predicate = (!icmp_ln463)> <Delay = 0.44> <CoreInst = "Sel">   --->   Core 73 'Sel' <Latency = 0> <II = 1> <Delay = 0.44> <FuncUnit> <Opcode : 'select'> <InPorts = 3> <OutPorts = 1>
ST_2 : Operation 130 [1/1] (0.35ns)   --->   "%max_score_3 = select i1 %icmp_ln465, i16 %max_score_2, i16 %max_score_1_load" [src/align/align.cpp:465->src/align/align.cpp:602]   --->   Operation 130 'select' 'max_score_3' <Predicate = (!icmp_ln463)> <Delay = 0.35> <CoreInst = "Sel">   --->   Core 73 'Sel' <Latency = 0> <II = 1> <Delay = 0.35> <FuncUnit> <Opcode : 'select'> <InPorts = 3> <OutPorts = 1>
ST_2 : Operation 131 [1/1] (0.42ns)   --->   "%store_ln463 = store i6 %add_ln463, i6 %i_2" [src/align/align.cpp:463->src/align/align.cpp:602]   --->   Operation 131 'store' 'store_ln463' <Predicate = (!icmp_ln463)> <Delay = 0.42>
ST_2 : Operation 132 [1/1] (0.42ns)   --->   "%store_ln463 = store i16 %max_score_3, i16 %max_score_1" [src/align/align.cpp:463->src/align/align.cpp:602]   --->   Operation 132 'store' 'store_ln463' <Predicate = (!icmp_ln463)> <Delay = 0.42>
ST_2 : Operation 133 [1/1] (0.42ns)   --->   "%store_ln463 = store i32 %max_chunk_offset_3, i32 %max_chunk_offset_1" [src/align/align.cpp:463->src/align/align.cpp:602]   --->   Operation 133 'store' 'store_ln463' <Predicate = (!icmp_ln463)> <Delay = 0.42>
ST_2 : Operation 134 [1/1] (0.42ns)   --->   "%store_ln463 = store i32 %max_pe_offset_3, i32 %max_pe_offset_1" [src/align/align.cpp:463->src/align/align.cpp:602]   --->   Operation 134 'store' 'store_ln463' <Predicate = (!icmp_ln463)> <Delay = 0.42>
ST_2 : Operation 143 [1/1] (0.00ns)   --->   "%max_pe_offset_1_load = load i32 %max_pe_offset_1"   --->   Operation 143 'load' 'max_pe_offset_1_load' <Predicate = (icmp_ln463)> <Delay = 0.00>
ST_2 : Operation 144 [1/1] (0.00ns)   --->   "%max_pe_load = load i32 %max_pe"   --->   Operation 144 'load' 'max_pe_load' <Predicate = (icmp_ln463)> <Delay = 0.00>
ST_2 : Operation 145 [1/1] (0.00ns)   --->   "%max_chunk_offset_1_load = load i32 %max_chunk_offset_1"   --->   Operation 145 'load' 'max_chunk_offset_1_load' <Predicate = (icmp_ln463)> <Delay = 0.00>
ST_2 : Operation 146 [1/1] (0.00ns)   --->   "%write_ln0 = write void @_ssdm_op_Write.ap_auto.i32P0A, i32 %max_chunk_offset_1_out, i32 %max_chunk_offset_1_load"   --->   Operation 146 'write' 'write_ln0' <Predicate = (icmp_ln463)> <Delay = 0.00>
ST_2 : Operation 147 [1/1] (0.00ns)   --->   "%write_ln0 = write void @_ssdm_op_Write.ap_auto.i32P0A, i32 %max_pe_1_out, i32 %max_pe_load"   --->   Operation 147 'write' 'write_ln0' <Predicate = (icmp_ln463)> <Delay = 0.00>
ST_2 : Operation 148 [1/1] (0.00ns)   --->   "%write_ln0 = write void @_ssdm_op_Write.ap_auto.i32P0A, i32 %max_pe_offset_1_out, i32 %max_pe_offset_1_load"   --->   Operation 148 'write' 'write_ln0' <Predicate = (icmp_ln463)> <Delay = 0.00>
ST_2 : Operation 149 [1/1] (0.00ns)   --->   "%ret_ln0 = ret"   --->   Operation 149 'ret' 'ret_ln0' <Predicate = (icmp_ln463)> <Delay = 0.00>

State 3 <SV = 2> <Delay = 1.55>
ST_3 : Operation 135 [1/1] (0.00ns)   --->   "%max_pe_load_1 = load i32 %max_pe" [src/align/align.cpp:465->src/align/align.cpp:602]   --->   Operation 135 'load' 'max_pe_load_1' <Predicate = (!icmp_ln465)> <Delay = 0.00>
ST_3 : Operation 136 [1/1] (0.00ns)   --->   "%speclooptripcount_ln462 = speclooptripcount void @_ssdm_op_SpecLoopTripCount, i64 32, i64 32, i64 32" [src/align/align.cpp:462->src/align/align.cpp:602]   --->   Operation 136 'speclooptripcount' 'speclooptripcount_ln462' <Predicate = true> <Delay = 0.00>
ST_3 : Operation 137 [1/1] (0.00ns)   --->   "%specloopname_ln463 = specloopname void @_ssdm_op_SpecLoopName, void @empty_80" [src/align/align.cpp:463->src/align/align.cpp:602]   --->   Operation 137 'specloopname' 'specloopname_ln463' <Predicate = true> <Delay = 0.00>
ST_3 : Operation 138 [1/2] (0.67ns)   --->   "%max_pe_1 = load i5 %local_max_pe_addr" [src/align/align.cpp:467->src/align/align.cpp:602]   --->   Operation 138 'load' 'max_pe_1' <Predicate = true> <Delay = 0.67> <CoreInst = "ROM">   --->   Core 101 'ROM' <Latency = 1> <II = 1> <Delay = 0.67> <Storage> <Opcode : 'load'> <Ports = 0> <Width = 5> <Depth = 32> <ROM>
ST_3 : Operation 139 [1/1] (0.00ns)   --->   "%zext_ln467 = zext i5 %max_pe_1" [src/align/align.cpp:467->src/align/align.cpp:602]   --->   Operation 139 'zext' 'zext_ln467' <Predicate = (icmp_ln465)> <Delay = 0.00>
ST_3 : Operation 140 [1/1] (0.44ns)   --->   "%max_pe_2 = select i1 %icmp_ln465, i32 %zext_ln467, i32 %max_pe_load_1" [src/align/align.cpp:465->src/align/align.cpp:602]   --->   Operation 140 'select' 'max_pe_2' <Predicate = true> <Delay = 0.44> <CoreInst = "Sel">   --->   Core 73 'Sel' <Latency = 0> <II = 1> <Delay = 0.44> <FuncUnit> <Opcode : 'select'> <InPorts = 3> <OutPorts = 1>
ST_3 : Operation 141 [1/1] (0.42ns)   --->   "%store_ln463 = store i32 %max_pe_2, i32 %max_pe" [src/align/align.cpp:463->src/align/align.cpp:602]   --->   Operation 141 'store' 'store_ln463' <Predicate = true> <Delay = 0.42>
ST_3 : Operation 142 [1/1] (0.00ns)   --->   "%br_ln463 = br void %for.body.i" [src/align/align.cpp:463->src/align/align.cpp:602]   --->   Operation 142 'br' 'br_ln463' <Predicate = true> <Delay = 0.00>


============================================================
+ Verbose Summary: Timing violations
============================================================
Target clock period: 4.000ns, clock uncertainty: 1.080ns.

 <State 1>: 0.427ns
The critical path consists of the following:
	'alloca' operation ('i') [105]  (0.000 ns)
	'store' operation ('store_ln0') of constant 0 on local variable 'i' [202]  (0.427 ns)

 <State 2>: 2.518ns
The critical path consists of the following:
	'load' operation ('i', src/align/align.cpp:462->src/align/align.cpp:602) on local variable 'i' [209]  (0.000 ns)
	'mux' operation ('max.score', src/align/align.cpp:465->src/align/align.cpp:602) [223]  (0.789 ns)
	'icmp' operation ('icmp_ln465', src/align/align.cpp:465->src/align/align.cpp:602) [224]  (0.853 ns)
	'select' operation ('max.chunk_offset', src/align/align.cpp:465->src/align/align.cpp:602) [232]  (0.449 ns)
	'store' operation ('store_ln463', src/align/align.cpp:463->src/align/align.cpp:602) of variable 'max.chunk_offset', src/align/align.cpp:465->src/align/align.cpp:602 on local variable 'max.chunk_offset' [236]  (0.427 ns)

 <State 3>: 1.553ns
The critical path consists of the following:
	'load' operation ('max.pe', src/align/align.cpp:467->src/align/align.cpp:602) on array 'local_max_pe' [227]  (0.677 ns)
	'select' operation ('max.pe', src/align/align.cpp:465->src/align/align.cpp:602) [231]  (0.449 ns)
	'store' operation ('store_ln463', src/align/align.cpp:463->src/align/align.cpp:602) of variable 'max.pe', src/align/align.cpp:465->src/align/align.cpp:602 on local variable 'max.pe' [237]  (0.427 ns)


============================================================
+ Verbose Summary: Binding
============================================================
N/A
* FSMD analyzer results:
  - Output states:
 - Input state : 
  - Chain level:
	State 1
	State 2
	State 3


============================================================
+ Verbose Summary: Datapath Resource usage 
============================================================
N/A
