

================================================================
== Vitis HLS Report for 'ChunkCompute'
================================================================
* Date:           Thu Oct 26 16:51:06 2023

* Version:        2023.1 (Build 3854077 on May  4 2023)
* Project:        BasicKernel
* Solution:       solution1 (Vitis Kernel Flow Target)
* Product family: zynquplus
* Target device:  xczu7ev-ffvc1156-2-i


================================================================
== Performance Estimates
================================================================
+ Timing: 
    * Summary: 
    +--------+---------+----------+------------+
    |  Clock |  Target | Estimated| Uncertainty|
    +--------+---------+----------+------------+
    |ap_clk  |  4.00 ns|  5.230 ns|     1.08 ns|
    +--------+---------+----------+------------+

+ Latency: 
    * Summary: 
    +---------+---------+----------+----------+-----+-----+---------+
    |  Latency (cycles) |  Latency (absolute) |  Interval | Pipeline|
    |   min   |   max   |    min   |    max   | min | max |   Type  |
    +---------+---------+----------+----------+-----+-----+---------+
    |        ?|        ?|         ?|         ?|    ?|    ?|       no|
    +---------+---------+----------+----------+-----+-----+---------+

    + Detail: 
        * Instance: 
        N/A

        * Loop: 
        N/A

============================================================
+ Verbose Summary: Synthesis Manager
============================================================
InlineROM: 1
ExposeGlobal: 0
============================================================
+ Verbose Summary: CDFG Model
============================================================
IsTopModel: 0
ResetActiveHigh: 1
IsCombinational: 0
IsDatapathOnly: 0
HasWiredReturn: 1
HasMFsm: 0
HasVarLatency: 1
IsPipeline: 0
IsRtlPipelined: 0
IsInstanceOverlapped: 0
IsDontTouch: 0
HasImplIP: 0
IsGatedGlobalClock: 0


============================================================
+ Verbose Summary: Schedule
============================================================
* Number of FSM states : 3
* Pipeline : 0
* Dataflow Pipeline: 0

* FSM state transitions: 
1 --> 2 
2 --> 3 
3 --> 

* FSM state operations: 

State 1 <SV = 0> <Delay = 2.45>
ST_1 : Operation 4 [1/1] (0.00ns)   --->   "%idx_read = read i8 @_ssdm_op_Read.ap_auto.i8, i8 %idx"   --->   Operation 4 'read' 'idx_read' <Predicate = true> <Delay = 0.00>
ST_1 : Operation 5 [1/1] (0.00ns)   --->   "%p_read_188 = read i32 @_ssdm_op_Read.ap_auto.i32, i32 %p_read98"   --->   Operation 5 'read' 'p_read_188' <Predicate = true> <Delay = 0.00>
ST_1 : Operation 6 [1/1] (0.00ns)   --->   "%p_read_189 = read i32 @_ssdm_op_Read.ap_auto.i32, i32 %p_read97"   --->   Operation 6 'read' 'p_read_189' <Predicate = true> <Delay = 0.00>
ST_1 : Operation 7 [1/1] (0.00ns)   --->   "%p_read_190 = read i32 @_ssdm_op_Read.ap_auto.i32, i32 %p_read96"   --->   Operation 7 'read' 'p_read_190' <Predicate = true> <Delay = 0.00>
ST_1 : Operation 8 [1/1] (0.00ns)   --->   "%p_read_191 = read i32 @_ssdm_op_Read.ap_auto.i32, i32 %p_read95"   --->   Operation 8 'read' 'p_read_191' <Predicate = true> <Delay = 0.00>
ST_1 : Operation 9 [1/1] (0.00ns)   --->   "%p_read_192 = read i32 @_ssdm_op_Read.ap_auto.i32, i32 %p_read94"   --->   Operation 9 'read' 'p_read_192' <Predicate = true> <Delay = 0.00>
ST_1 : Operation 10 [1/1] (0.00ns)   --->   "%p_read_193 = read i32 @_ssdm_op_Read.ap_auto.i32, i32 %p_read93"   --->   Operation 10 'read' 'p_read_193' <Predicate = true> <Delay = 0.00>
ST_1 : Operation 11 [1/1] (0.00ns)   --->   "%p_read_194 = read i32 @_ssdm_op_Read.ap_auto.i32, i32 %p_read92"   --->   Operation 11 'read' 'p_read_194' <Predicate = true> <Delay = 0.00>
ST_1 : Operation 12 [1/1] (0.00ns)   --->   "%p_read_195 = read i32 @_ssdm_op_Read.ap_auto.i32, i32 %p_read91"   --->   Operation 12 'read' 'p_read_195' <Predicate = true> <Delay = 0.00>
ST_1 : Operation 13 [1/1] (0.00ns)   --->   "%p_read_196 = read i32 @_ssdm_op_Read.ap_auto.i32, i32 %p_read90"   --->   Operation 13 'read' 'p_read_196' <Predicate = true> <Delay = 0.00>
ST_1 : Operation 14 [1/1] (0.00ns)   --->   "%p_read_197 = read i32 @_ssdm_op_Read.ap_auto.i32, i32 %p_read89"   --->   Operation 14 'read' 'p_read_197' <Predicate = true> <Delay = 0.00>
ST_1 : Operation 15 [1/1] (0.00ns)   --->   "%p_read_198 = read i32 @_ssdm_op_Read.ap_auto.i32, i32 %p_read88"   --->   Operation 15 'read' 'p_read_198' <Predicate = true> <Delay = 0.00>
ST_1 : Operation 16 [1/1] (0.00ns)   --->   "%p_read_199 = read i32 @_ssdm_op_Read.ap_auto.i32, i32 %p_read87"   --->   Operation 16 'read' 'p_read_199' <Predicate = true> <Delay = 0.00>
ST_1 : Operation 17 [1/1] (0.00ns)   --->   "%p_read_200 = read i32 @_ssdm_op_Read.ap_auto.i32, i32 %p_read86"   --->   Operation 17 'read' 'p_read_200' <Predicate = true> <Delay = 0.00>
ST_1 : Operation 18 [1/1] (0.00ns)   --->   "%p_read_201 = read i32 @_ssdm_op_Read.ap_auto.i32, i32 %p_read85"   --->   Operation 18 'read' 'p_read_201' <Predicate = true> <Delay = 0.00>
ST_1 : Operation 19 [1/1] (0.00ns)   --->   "%p_read_202 = read i32 @_ssdm_op_Read.ap_auto.i32, i32 %p_read84"   --->   Operation 19 'read' 'p_read_202' <Predicate = true> <Delay = 0.00>
ST_1 : Operation 20 [1/1] (0.00ns)   --->   "%p_read_203 = read i32 @_ssdm_op_Read.ap_auto.i32, i32 %p_read83"   --->   Operation 20 'read' 'p_read_203' <Predicate = true> <Delay = 0.00>
ST_1 : Operation 21 [1/1] (0.00ns)   --->   "%p_read_204 = read i32 @_ssdm_op_Read.ap_auto.i32, i32 %p_read82"   --->   Operation 21 'read' 'p_read_204' <Predicate = true> <Delay = 0.00>
ST_1 : Operation 22 [1/1] (0.00ns)   --->   "%p_read_205 = read i32 @_ssdm_op_Read.ap_auto.i32, i32 %p_read81"   --->   Operation 22 'read' 'p_read_205' <Predicate = true> <Delay = 0.00>
ST_1 : Operation 23 [1/1] (0.00ns)   --->   "%p_read_206 = read i32 @_ssdm_op_Read.ap_auto.i32, i32 %p_read80"   --->   Operation 23 'read' 'p_read_206' <Predicate = true> <Delay = 0.00>
ST_1 : Operation 24 [1/1] (0.00ns)   --->   "%p_read_207 = read i32 @_ssdm_op_Read.ap_auto.i32, i32 %p_read79"   --->   Operation 24 'read' 'p_read_207' <Predicate = true> <Delay = 0.00>
ST_1 : Operation 25 [1/1] (0.00ns)   --->   "%p_read_208 = read i32 @_ssdm_op_Read.ap_auto.i32, i32 %p_read78"   --->   Operation 25 'read' 'p_read_208' <Predicate = true> <Delay = 0.00>
ST_1 : Operation 26 [1/1] (0.00ns)   --->   "%p_read_209 = read i32 @_ssdm_op_Read.ap_auto.i32, i32 %p_read77"   --->   Operation 26 'read' 'p_read_209' <Predicate = true> <Delay = 0.00>
ST_1 : Operation 27 [1/1] (0.00ns)   --->   "%p_read_210 = read i32 @_ssdm_op_Read.ap_auto.i32, i32 %p_read76"   --->   Operation 27 'read' 'p_read_210' <Predicate = true> <Delay = 0.00>
ST_1 : Operation 28 [1/1] (0.00ns)   --->   "%p_read_211 = read i32 @_ssdm_op_Read.ap_auto.i32, i32 %p_read75"   --->   Operation 28 'read' 'p_read_211' <Predicate = true> <Delay = 0.00>
ST_1 : Operation 29 [1/1] (0.00ns)   --->   "%p_read_212 = read i32 @_ssdm_op_Read.ap_auto.i32, i32 %p_read74"   --->   Operation 29 'read' 'p_read_212' <Predicate = true> <Delay = 0.00>
ST_1 : Operation 30 [1/1] (0.00ns)   --->   "%p_read_213 = read i32 @_ssdm_op_Read.ap_auto.i32, i32 %p_read73"   --->   Operation 30 'read' 'p_read_213' <Predicate = true> <Delay = 0.00>
ST_1 : Operation 31 [1/1] (0.00ns)   --->   "%p_read_214 = read i32 @_ssdm_op_Read.ap_auto.i32, i32 %p_read72"   --->   Operation 31 'read' 'p_read_214' <Predicate = true> <Delay = 0.00>
ST_1 : Operation 32 [1/1] (0.00ns)   --->   "%p_read_215 = read i32 @_ssdm_op_Read.ap_auto.i32, i32 %p_read71"   --->   Operation 32 'read' 'p_read_215' <Predicate = true> <Delay = 0.00>
ST_1 : Operation 33 [1/1] (0.00ns)   --->   "%p_read_216 = read i32 @_ssdm_op_Read.ap_auto.i32, i32 %p_read70"   --->   Operation 33 'read' 'p_read_216' <Predicate = true> <Delay = 0.00>
ST_1 : Operation 34 [1/1] (0.00ns)   --->   "%p_read_217 = read i32 @_ssdm_op_Read.ap_auto.i32, i32 %p_read69"   --->   Operation 34 'read' 'p_read_217' <Predicate = true> <Delay = 0.00>
ST_1 : Operation 35 [1/1] (0.00ns)   --->   "%p_read_218 = read i32 @_ssdm_op_Read.ap_auto.i32, i32 %p_read68"   --->   Operation 35 'read' 'p_read_218' <Predicate = true> <Delay = 0.00>
ST_1 : Operation 36 [1/1] (0.00ns)   --->   "%p_read_219 = read i32 @_ssdm_op_Read.ap_auto.i32, i32 %p_read67"   --->   Operation 36 'read' 'p_read_219' <Predicate = true> <Delay = 0.00>
ST_1 : Operation 37 [1/1] (0.00ns)   --->   "%p_read_220 = read i32 @_ssdm_op_Read.ap_auto.i32, i32 %p_read66"   --->   Operation 37 'read' 'p_read_220' <Predicate = true> <Delay = 0.00>
ST_1 : Operation 38 [1/1] (0.00ns)   --->   "%p_read_221 = read i32 @_ssdm_op_Read.ap_auto.i32, i32 %p_read65"   --->   Operation 38 'read' 'p_read_221' <Predicate = true> <Delay = 0.00>
ST_1 : Operation 39 [1/1] (0.00ns)   --->   "%p_read_222 = read i32 @_ssdm_op_Read.ap_auto.i32, i32 %p_read64"   --->   Operation 39 'read' 'p_read_222' <Predicate = true> <Delay = 0.00>
ST_1 : Operation 40 [1/1] (0.00ns)   --->   "%p_read_223 = read i32 @_ssdm_op_Read.ap_auto.i32, i32 %p_read63"   --->   Operation 40 'read' 'p_read_223' <Predicate = true> <Delay = 0.00>
ST_1 : Operation 41 [1/1] (0.00ns)   --->   "%p_read_224 = read i32 @_ssdm_op_Read.ap_auto.i32, i32 %p_read62"   --->   Operation 41 'read' 'p_read_224' <Predicate = true> <Delay = 0.00>
ST_1 : Operation 42 [1/1] (0.00ns)   --->   "%p_read_225 = read i32 @_ssdm_op_Read.ap_auto.i32, i32 %p_read61"   --->   Operation 42 'read' 'p_read_225' <Predicate = true> <Delay = 0.00>
ST_1 : Operation 43 [1/1] (0.00ns)   --->   "%p_read_226 = read i32 @_ssdm_op_Read.ap_auto.i32, i32 %p_read60"   --->   Operation 43 'read' 'p_read_226' <Predicate = true> <Delay = 0.00>
ST_1 : Operation 44 [1/1] (0.00ns)   --->   "%p_read_227 = read i32 @_ssdm_op_Read.ap_auto.i32, i32 %p_read59"   --->   Operation 44 'read' 'p_read_227' <Predicate = true> <Delay = 0.00>
ST_1 : Operation 45 [1/1] (0.00ns)   --->   "%p_read_228 = read i32 @_ssdm_op_Read.ap_auto.i32, i32 %p_read58"   --->   Operation 45 'read' 'p_read_228' <Predicate = true> <Delay = 0.00>
ST_1 : Operation 46 [1/1] (0.00ns)   --->   "%p_read_229 = read i32 @_ssdm_op_Read.ap_auto.i32, i32 %p_read57"   --->   Operation 46 'read' 'p_read_229' <Predicate = true> <Delay = 0.00>
ST_1 : Operation 47 [1/1] (0.00ns)   --->   "%p_read_230 = read i32 @_ssdm_op_Read.ap_auto.i32, i32 %p_read56"   --->   Operation 47 'read' 'p_read_230' <Predicate = true> <Delay = 0.00>
ST_1 : Operation 48 [1/1] (0.00ns)   --->   "%p_read_231 = read i32 @_ssdm_op_Read.ap_auto.i32, i32 %p_read55"   --->   Operation 48 'read' 'p_read_231' <Predicate = true> <Delay = 0.00>
ST_1 : Operation 49 [1/1] (0.00ns)   --->   "%p_read_232 = read i32 @_ssdm_op_Read.ap_auto.i32, i32 %p_read54"   --->   Operation 49 'read' 'p_read_232' <Predicate = true> <Delay = 0.00>
ST_1 : Operation 50 [1/1] (0.00ns)   --->   "%p_read_233 = read i32 @_ssdm_op_Read.ap_auto.i32, i32 %p_read53"   --->   Operation 50 'read' 'p_read_233' <Predicate = true> <Delay = 0.00>
ST_1 : Operation 51 [1/1] (0.00ns)   --->   "%p_read_234 = read i32 @_ssdm_op_Read.ap_auto.i32, i32 %p_read52"   --->   Operation 51 'read' 'p_read_234' <Predicate = true> <Delay = 0.00>
ST_1 : Operation 52 [1/1] (0.00ns)   --->   "%p_read_235 = read i32 @_ssdm_op_Read.ap_auto.i32, i32 %p_read51"   --->   Operation 52 'read' 'p_read_235' <Predicate = true> <Delay = 0.00>
ST_1 : Operation 53 [1/1] (0.00ns)   --->   "%p_read_236 = read i32 @_ssdm_op_Read.ap_auto.i32, i32 %p_read50"   --->   Operation 53 'read' 'p_read_236' <Predicate = true> <Delay = 0.00>
ST_1 : Operation 54 [1/1] (0.00ns)   --->   "%p_read_237 = read i32 @_ssdm_op_Read.ap_auto.i32, i32 %p_read49"   --->   Operation 54 'read' 'p_read_237' <Predicate = true> <Delay = 0.00>
ST_1 : Operation 55 [1/1] (0.00ns)   --->   "%p_read_238 = read i32 @_ssdm_op_Read.ap_auto.i32, i32 %p_read48"   --->   Operation 55 'read' 'p_read_238' <Predicate = true> <Delay = 0.00>
ST_1 : Operation 56 [1/1] (0.00ns)   --->   "%p_read_239 = read i32 @_ssdm_op_Read.ap_auto.i32, i32 %p_read47"   --->   Operation 56 'read' 'p_read_239' <Predicate = true> <Delay = 0.00>
ST_1 : Operation 57 [1/1] (0.00ns)   --->   "%p_read_240 = read i32 @_ssdm_op_Read.ap_auto.i32, i32 %p_read46"   --->   Operation 57 'read' 'p_read_240' <Predicate = true> <Delay = 0.00>
ST_1 : Operation 58 [1/1] (0.00ns)   --->   "%p_read_241 = read i32 @_ssdm_op_Read.ap_auto.i32, i32 %p_read45"   --->   Operation 58 'read' 'p_read_241' <Predicate = true> <Delay = 0.00>
ST_1 : Operation 59 [1/1] (0.00ns)   --->   "%p_read_242 = read i32 @_ssdm_op_Read.ap_auto.i32, i32 %p_read44"   --->   Operation 59 'read' 'p_read_242' <Predicate = true> <Delay = 0.00>
ST_1 : Operation 60 [1/1] (0.00ns)   --->   "%p_read_243 = read i32 @_ssdm_op_Read.ap_auto.i32, i32 %p_read43"   --->   Operation 60 'read' 'p_read_243' <Predicate = true> <Delay = 0.00>
ST_1 : Operation 61 [1/1] (0.00ns)   --->   "%p_read_244 = read i32 @_ssdm_op_Read.ap_auto.i32, i32 %p_read42"   --->   Operation 61 'read' 'p_read_244' <Predicate = true> <Delay = 0.00>
ST_1 : Operation 62 [1/1] (0.00ns)   --->   "%p_read_245 = read i32 @_ssdm_op_Read.ap_auto.i32, i32 %p_read41"   --->   Operation 62 'read' 'p_read_245' <Predicate = true> <Delay = 0.00>
ST_1 : Operation 63 [1/1] (0.00ns)   --->   "%p_read_246 = read i32 @_ssdm_op_Read.ap_auto.i32, i32 %p_read40"   --->   Operation 63 'read' 'p_read_246' <Predicate = true> <Delay = 0.00>
ST_1 : Operation 64 [1/1] (0.00ns)   --->   "%p_read_247 = read i32 @_ssdm_op_Read.ap_auto.i32, i32 %p_read39"   --->   Operation 64 'read' 'p_read_247' <Predicate = true> <Delay = 0.00>
ST_1 : Operation 65 [1/1] (0.00ns)   --->   "%p_read_248 = read i32 @_ssdm_op_Read.ap_auto.i32, i32 %p_read38"   --->   Operation 65 'read' 'p_read_248' <Predicate = true> <Delay = 0.00>
ST_1 : Operation 66 [1/1] (0.00ns)   --->   "%p_read_249 = read i32 @_ssdm_op_Read.ap_auto.i32, i32 %p_read37"   --->   Operation 66 'read' 'p_read_249' <Predicate = true> <Delay = 0.00>
ST_1 : Operation 67 [1/1] (0.00ns)   --->   "%p_read_250 = read i32 @_ssdm_op_Read.ap_auto.i32, i32 %p_read36"   --->   Operation 67 'read' 'p_read_250' <Predicate = true> <Delay = 0.00>
ST_1 : Operation 68 [1/1] (0.00ns)   --->   "%p_read_251 = read i32 @_ssdm_op_Read.ap_auto.i32, i32 %p_read32"   --->   Operation 68 'read' 'p_read_251' <Predicate = true> <Delay = 0.00>
ST_1 : Operation 69 [1/1] (0.00ns)   --->   "%p_read_252 = read i16 @_ssdm_op_Read.ap_auto.i16, i16 %p_read31"   --->   Operation 69 'read' 'p_read_252' <Predicate = true> <Delay = 0.00>
ST_1 : Operation 70 [1/1] (0.00ns)   --->   "%p_read_253 = read i16 @_ssdm_op_Read.ap_auto.i16, i16 %p_read30"   --->   Operation 70 'read' 'p_read_253' <Predicate = true> <Delay = 0.00>
ST_1 : Operation 71 [1/1] (0.00ns)   --->   "%p_read_254 = read i16 @_ssdm_op_Read.ap_auto.i16, i16 %p_read29"   --->   Operation 71 'read' 'p_read_254' <Predicate = true> <Delay = 0.00>
ST_1 : Operation 72 [1/1] (0.00ns)   --->   "%p_read_255 = read i16 @_ssdm_op_Read.ap_auto.i16, i16 %p_read28"   --->   Operation 72 'read' 'p_read_255' <Predicate = true> <Delay = 0.00>
ST_1 : Operation 73 [1/1] (0.00ns)   --->   "%p_read_256 = read i16 @_ssdm_op_Read.ap_auto.i16, i16 %p_read27"   --->   Operation 73 'read' 'p_read_256' <Predicate = true> <Delay = 0.00>
ST_1 : Operation 74 [1/1] (0.00ns)   --->   "%p_read_257 = read i16 @_ssdm_op_Read.ap_auto.i16, i16 %p_read26"   --->   Operation 74 'read' 'p_read_257' <Predicate = true> <Delay = 0.00>
ST_1 : Operation 75 [1/1] (0.00ns)   --->   "%p_read_258 = read i16 @_ssdm_op_Read.ap_auto.i16, i16 %p_read25"   --->   Operation 75 'read' 'p_read_258' <Predicate = true> <Delay = 0.00>
ST_1 : Operation 76 [1/1] (0.00ns)   --->   "%p_read_259 = read i16 @_ssdm_op_Read.ap_auto.i16, i16 %p_read24"   --->   Operation 76 'read' 'p_read_259' <Predicate = true> <Delay = 0.00>
ST_1 : Operation 77 [1/1] (0.00ns)   --->   "%p_read_260 = read i16 @_ssdm_op_Read.ap_auto.i16, i16 %p_read23"   --->   Operation 77 'read' 'p_read_260' <Predicate = true> <Delay = 0.00>
ST_1 : Operation 78 [1/1] (0.00ns)   --->   "%p_read_261 = read i16 @_ssdm_op_Read.ap_auto.i16, i16 %p_read22"   --->   Operation 78 'read' 'p_read_261' <Predicate = true> <Delay = 0.00>
ST_1 : Operation 79 [1/1] (0.00ns)   --->   "%p_read_262 = read i16 @_ssdm_op_Read.ap_auto.i16, i16 %p_read21"   --->   Operation 79 'read' 'p_read_262' <Predicate = true> <Delay = 0.00>
ST_1 : Operation 80 [1/1] (0.00ns)   --->   "%p_read_263 = read i16 @_ssdm_op_Read.ap_auto.i16, i16 %p_read20"   --->   Operation 80 'read' 'p_read_263' <Predicate = true> <Delay = 0.00>
ST_1 : Operation 81 [1/1] (0.00ns)   --->   "%p_read_264 = read i16 @_ssdm_op_Read.ap_auto.i16, i16 %p_read19"   --->   Operation 81 'read' 'p_read_264' <Predicate = true> <Delay = 0.00>
ST_1 : Operation 82 [1/1] (0.00ns)   --->   "%p_read_265 = read i16 @_ssdm_op_Read.ap_auto.i16, i16 %p_read18"   --->   Operation 82 'read' 'p_read_265' <Predicate = true> <Delay = 0.00>
ST_1 : Operation 83 [1/1] (0.00ns)   --->   "%p_read_266 = read i16 @_ssdm_op_Read.ap_auto.i16, i16 %p_read17"   --->   Operation 83 'read' 'p_read_266' <Predicate = true> <Delay = 0.00>
ST_1 : Operation 84 [1/1] (0.00ns)   --->   "%p_read_267 = read i16 @_ssdm_op_Read.ap_auto.i16, i16 %p_read16"   --->   Operation 84 'read' 'p_read_267' <Predicate = true> <Delay = 0.00>
ST_1 : Operation 85 [1/1] (0.00ns)   --->   "%p_read_268 = read i16 @_ssdm_op_Read.ap_auto.i16, i16 %p_read15"   --->   Operation 85 'read' 'p_read_268' <Predicate = true> <Delay = 0.00>
ST_1 : Operation 86 [1/1] (0.00ns)   --->   "%p_read_269 = read i16 @_ssdm_op_Read.ap_auto.i16, i16 %p_read14"   --->   Operation 86 'read' 'p_read_269' <Predicate = true> <Delay = 0.00>
ST_1 : Operation 87 [1/1] (0.00ns)   --->   "%p_read_270 = read i16 @_ssdm_op_Read.ap_auto.i16, i16 %p_read13"   --->   Operation 87 'read' 'p_read_270' <Predicate = true> <Delay = 0.00>
ST_1 : Operation 88 [1/1] (0.00ns)   --->   "%p_read_271 = read i16 @_ssdm_op_Read.ap_auto.i16, i16 %p_read12"   --->   Operation 88 'read' 'p_read_271' <Predicate = true> <Delay = 0.00>
ST_1 : Operation 89 [1/1] (0.00ns)   --->   "%p_read_272 = read i16 @_ssdm_op_Read.ap_auto.i16, i16 %p_read11"   --->   Operation 89 'read' 'p_read_272' <Predicate = true> <Delay = 0.00>
ST_1 : Operation 90 [1/1] (0.00ns)   --->   "%p_read_273 = read i16 @_ssdm_op_Read.ap_auto.i16, i16 %p_read10"   --->   Operation 90 'read' 'p_read_273' <Predicate = true> <Delay = 0.00>
ST_1 : Operation 91 [1/1] (0.00ns)   --->   "%p_read_274 = read i16 @_ssdm_op_Read.ap_auto.i16, i16 %p_read9"   --->   Operation 91 'read' 'p_read_274' <Predicate = true> <Delay = 0.00>
ST_1 : Operation 92 [1/1] (0.00ns)   --->   "%p_read_275 = read i16 @_ssdm_op_Read.ap_auto.i16, i16 %p_read8"   --->   Operation 92 'read' 'p_read_275' <Predicate = true> <Delay = 0.00>
ST_1 : Operation 93 [1/1] (0.00ns)   --->   "%p_read_276 = read i16 @_ssdm_op_Read.ap_auto.i16, i16 %p_read7"   --->   Operation 93 'read' 'p_read_276' <Predicate = true> <Delay = 0.00>
ST_1 : Operation 94 [1/1] (0.00ns)   --->   "%p_read_277 = read i16 @_ssdm_op_Read.ap_auto.i16, i16 %p_read6"   --->   Operation 94 'read' 'p_read_277' <Predicate = true> <Delay = 0.00>
ST_1 : Operation 95 [1/1] (0.00ns)   --->   "%p_read_278 = read i16 @_ssdm_op_Read.ap_auto.i16, i16 %p_read5"   --->   Operation 95 'read' 'p_read_278' <Predicate = true> <Delay = 0.00>
ST_1 : Operation 96 [1/1] (0.00ns)   --->   "%p_read_279 = read i16 @_ssdm_op_Read.ap_auto.i16, i16 %p_read4"   --->   Operation 96 'read' 'p_read_279' <Predicate = true> <Delay = 0.00>
ST_1 : Operation 97 [1/1] (0.00ns)   --->   "%p_read_280 = read i16 @_ssdm_op_Read.ap_auto.i16, i16 %p_read3"   --->   Operation 97 'read' 'p_read_280' <Predicate = true> <Delay = 0.00>
ST_1 : Operation 98 [1/1] (0.00ns)   --->   "%p_read_281 = read i16 @_ssdm_op_Read.ap_auto.i16, i16 %p_read2"   --->   Operation 98 'read' 'p_read_281' <Predicate = true> <Delay = 0.00>
ST_1 : Operation 99 [1/1] (0.00ns)   --->   "%p_read_282 = read i16 @_ssdm_op_Read.ap_auto.i16, i16 %p_read1"   --->   Operation 99 'read' 'p_read_282' <Predicate = true> <Delay = 0.00>
ST_1 : Operation 100 [1/1] (0.00ns)   --->   "%p_read6238 = read i16 @_ssdm_op_Read.ap_auto.i16, i16 %p_read"   --->   Operation 100 'read' 'p_read6238' <Predicate = true> <Delay = 0.00>
ST_1 : Operation 101 [1/1] (0.00ns)   --->   "%penalties_3_val_read = read i16 @_ssdm_op_Read.ap_auto.i16, i16 %penalties_3_val"   --->   Operation 101 'read' 'penalties_3_val_read' <Predicate = true> <Delay = 0.00>
ST_1 : Operation 102 [1/1] (0.00ns)   --->   "%penalties_2_val_read = read i16 @_ssdm_op_Read.ap_auto.i16, i16 %penalties_2_val"   --->   Operation 102 'read' 'penalties_2_val_read' <Predicate = true> <Delay = 0.00>
ST_1 : Operation 103 [1/1] (0.00ns)   --->   "%penalties_1_val_read = read i16 @_ssdm_op_Read.ap_auto.i16, i16 %penalties_1_val"   --->   Operation 103 'read' 'penalties_1_val_read' <Predicate = true> <Delay = 0.00>
ST_1 : Operation 104 [1/1] (0.00ns)   --->   "%penalties_0_val_read = read i16 @_ssdm_op_Read.ap_auto.i16, i16 %penalties_0_val"   --->   Operation 104 'read' 'penalties_0_val_read' <Predicate = true> <Delay = 0.00>
ST_1 : Operation 105 [1/1] (0.00ns)   --->   "%reference_length_read = read i32 @_ssdm_op_Read.ap_auto.i32, i32 %reference_length"   --->   Operation 105 'read' 'reference_length_read' <Predicate = true> <Delay = 0.00>
ST_1 : Operation 106 [1/1] (0.00ns)   --->   "%global_query_length_read = read i32 @_ssdm_op_Read.ap_auto.i32, i32 %global_query_length"   --->   Operation 106 'read' 'global_query_length_read' <Predicate = true> <Delay = 0.00>
ST_1 : Operation 107 [1/1] (0.00ns)   --->   "%reference_read = read i64 @_ssdm_op_Read.ap_auto.i64, i64 %reference"   --->   Operation 107 'read' 'reference_read' <Predicate = true> <Delay = 0.00>
ST_1 : Operation 108 [1/1] (0.00ns)   --->   "%local_query_31_val32_read = read i2 @_ssdm_op_Read.ap_auto.i2, i2 %local_query_31_val32"   --->   Operation 108 'read' 'local_query_31_val32_read' <Predicate = true> <Delay = 0.00>
ST_1 : Operation 109 [1/1] (0.00ns)   --->   "%local_query_30_val31_read = read i2 @_ssdm_op_Read.ap_auto.i2, i2 %local_query_30_val31"   --->   Operation 109 'read' 'local_query_30_val31_read' <Predicate = true> <Delay = 0.00>
ST_1 : Operation 110 [1/1] (0.00ns)   --->   "%local_query_29_val30_read = read i2 @_ssdm_op_Read.ap_auto.i2, i2 %local_query_29_val30"   --->   Operation 110 'read' 'local_query_29_val30_read' <Predicate = true> <Delay = 0.00>
ST_1 : Operation 111 [1/1] (0.00ns)   --->   "%local_query_28_val29_read = read i2 @_ssdm_op_Read.ap_auto.i2, i2 %local_query_28_val29"   --->   Operation 111 'read' 'local_query_28_val29_read' <Predicate = true> <Delay = 0.00>
ST_1 : Operation 112 [1/1] (0.00ns)   --->   "%local_query_27_val28_read = read i2 @_ssdm_op_Read.ap_auto.i2, i2 %local_query_27_val28"   --->   Operation 112 'read' 'local_query_27_val28_read' <Predicate = true> <Delay = 0.00>
ST_1 : Operation 113 [1/1] (0.00ns)   --->   "%local_query_26_val27_read = read i2 @_ssdm_op_Read.ap_auto.i2, i2 %local_query_26_val27"   --->   Operation 113 'read' 'local_query_26_val27_read' <Predicate = true> <Delay = 0.00>
ST_1 : Operation 114 [1/1] (0.00ns)   --->   "%local_query_25_val26_read = read i2 @_ssdm_op_Read.ap_auto.i2, i2 %local_query_25_val26"   --->   Operation 114 'read' 'local_query_25_val26_read' <Predicate = true> <Delay = 0.00>
ST_1 : Operation 115 [1/1] (0.00ns)   --->   "%local_query_24_val25_read = read i2 @_ssdm_op_Read.ap_auto.i2, i2 %local_query_24_val25"   --->   Operation 115 'read' 'local_query_24_val25_read' <Predicate = true> <Delay = 0.00>
ST_1 : Operation 116 [1/1] (0.00ns)   --->   "%local_query_23_val24_read = read i2 @_ssdm_op_Read.ap_auto.i2, i2 %local_query_23_val24"   --->   Operation 116 'read' 'local_query_23_val24_read' <Predicate = true> <Delay = 0.00>
ST_1 : Operation 117 [1/1] (0.00ns)   --->   "%local_query_22_val23_read = read i2 @_ssdm_op_Read.ap_auto.i2, i2 %local_query_22_val23"   --->   Operation 117 'read' 'local_query_22_val23_read' <Predicate = true> <Delay = 0.00>
ST_1 : Operation 118 [1/1] (0.00ns)   --->   "%local_query_21_val22_read = read i2 @_ssdm_op_Read.ap_auto.i2, i2 %local_query_21_val22"   --->   Operation 118 'read' 'local_query_21_val22_read' <Predicate = true> <Delay = 0.00>
ST_1 : Operation 119 [1/1] (0.00ns)   --->   "%local_query_20_val21_read = read i2 @_ssdm_op_Read.ap_auto.i2, i2 %local_query_20_val21"   --->   Operation 119 'read' 'local_query_20_val21_read' <Predicate = true> <Delay = 0.00>
ST_1 : Operation 120 [1/1] (0.00ns)   --->   "%local_query_19_val20_read = read i2 @_ssdm_op_Read.ap_auto.i2, i2 %local_query_19_val20"   --->   Operation 120 'read' 'local_query_19_val20_read' <Predicate = true> <Delay = 0.00>
ST_1 : Operation 121 [1/1] (0.00ns)   --->   "%local_query_18_val19_read = read i2 @_ssdm_op_Read.ap_auto.i2, i2 %local_query_18_val19"   --->   Operation 121 'read' 'local_query_18_val19_read' <Predicate = true> <Delay = 0.00>
ST_1 : Operation 122 [1/1] (0.00ns)   --->   "%local_query_17_val18_read = read i2 @_ssdm_op_Read.ap_auto.i2, i2 %local_query_17_val18"   --->   Operation 122 'read' 'local_query_17_val18_read' <Predicate = true> <Delay = 0.00>
ST_1 : Operation 123 [1/1] (0.00ns)   --->   "%local_query_16_val17_read = read i2 @_ssdm_op_Read.ap_auto.i2, i2 %local_query_16_val17"   --->   Operation 123 'read' 'local_query_16_val17_read' <Predicate = true> <Delay = 0.00>
ST_1 : Operation 124 [1/1] (0.00ns)   --->   "%local_query_15_val16_read = read i2 @_ssdm_op_Read.ap_auto.i2, i2 %local_query_15_val16"   --->   Operation 124 'read' 'local_query_15_val16_read' <Predicate = true> <Delay = 0.00>
ST_1 : Operation 125 [1/1] (0.00ns)   --->   "%local_query_14_val15_read = read i2 @_ssdm_op_Read.ap_auto.i2, i2 %local_query_14_val15"   --->   Operation 125 'read' 'local_query_14_val15_read' <Predicate = true> <Delay = 0.00>
ST_1 : Operation 126 [1/1] (0.00ns)   --->   "%local_query_13_val14_read = read i2 @_ssdm_op_Read.ap_auto.i2, i2 %local_query_13_val14"   --->   Operation 126 'read' 'local_query_13_val14_read' <Predicate = true> <Delay = 0.00>
ST_1 : Operation 127 [1/1] (0.00ns)   --->   "%local_query_12_val13_read = read i2 @_ssdm_op_Read.ap_auto.i2, i2 %local_query_12_val13"   --->   Operation 127 'read' 'local_query_12_val13_read' <Predicate = true> <Delay = 0.00>
ST_1 : Operation 128 [1/1] (0.00ns)   --->   "%local_query_11_val12_read = read i2 @_ssdm_op_Read.ap_auto.i2, i2 %local_query_11_val12"   --->   Operation 128 'read' 'local_query_11_val12_read' <Predicate = true> <Delay = 0.00>
ST_1 : Operation 129 [1/1] (0.00ns)   --->   "%local_query_10_val11_read = read i2 @_ssdm_op_Read.ap_auto.i2, i2 %local_query_10_val11"   --->   Operation 129 'read' 'local_query_10_val11_read' <Predicate = true> <Delay = 0.00>
ST_1 : Operation 130 [1/1] (0.00ns)   --->   "%local_query_9_val10_read = read i2 @_ssdm_op_Read.ap_auto.i2, i2 %local_query_9_val10"   --->   Operation 130 'read' 'local_query_9_val10_read' <Predicate = true> <Delay = 0.00>
ST_1 : Operation 131 [1/1] (0.00ns)   --->   "%local_query_8_val9_read = read i2 @_ssdm_op_Read.ap_auto.i2, i2 %local_query_8_val9"   --->   Operation 131 'read' 'local_query_8_val9_read' <Predicate = true> <Delay = 0.00>
ST_1 : Operation 132 [1/1] (0.00ns)   --->   "%local_query_7_val8_read = read i2 @_ssdm_op_Read.ap_auto.i2, i2 %local_query_7_val8"   --->   Operation 132 'read' 'local_query_7_val8_read' <Predicate = true> <Delay = 0.00>
ST_1 : Operation 133 [1/1] (0.00ns)   --->   "%local_query_6_val7_read = read i2 @_ssdm_op_Read.ap_auto.i2, i2 %local_query_6_val7"   --->   Operation 133 'read' 'local_query_6_val7_read' <Predicate = true> <Delay = 0.00>
ST_1 : Operation 134 [1/1] (0.00ns)   --->   "%local_query_5_val6_read = read i2 @_ssdm_op_Read.ap_auto.i2, i2 %local_query_5_val6"   --->   Operation 134 'read' 'local_query_5_val6_read' <Predicate = true> <Delay = 0.00>
ST_1 : Operation 135 [1/1] (0.00ns)   --->   "%local_query_4_val5_read = read i2 @_ssdm_op_Read.ap_auto.i2, i2 %local_query_4_val5"   --->   Operation 135 'read' 'local_query_4_val5_read' <Predicate = true> <Delay = 0.00>
ST_1 : Operation 136 [1/1] (0.00ns)   --->   "%local_query_3_val4_read = read i2 @_ssdm_op_Read.ap_auto.i2, i2 %local_query_3_val4"   --->   Operation 136 'read' 'local_query_3_val4_read' <Predicate = true> <Delay = 0.00>
ST_1 : Operation 137 [1/1] (0.00ns)   --->   "%local_query_2_val3_read = read i2 @_ssdm_op_Read.ap_auto.i2, i2 %local_query_2_val3"   --->   Operation 137 'read' 'local_query_2_val3_read' <Predicate = true> <Delay = 0.00>
ST_1 : Operation 138 [1/1] (0.00ns)   --->   "%local_query_1_val2_read = read i2 @_ssdm_op_Read.ap_auto.i2, i2 %local_query_1_val2"   --->   Operation 138 'read' 'local_query_1_val2_read' <Predicate = true> <Delay = 0.00>
ST_1 : Operation 139 [1/1] (0.00ns)   --->   "%local_query_0_val1_read = read i2 @_ssdm_op_Read.ap_auto.i2, i2 %local_query_0_val1"   --->   Operation 139 'read' 'local_query_0_val1_read' <Predicate = true> <Delay = 0.00>
ST_1 : Operation 140 [1/1] (0.00ns)   --->   "%chunk_row_offset_read = read i31 @_ssdm_op_Read.ap_auto.i31, i31 %chunk_row_offset"   --->   Operation 140 'read' 'chunk_row_offset_read' <Predicate = true> <Delay = 0.00>
ST_1 : Operation 141 [1/1] (0.00ns)   --->   "%max_0_31_0_loc = alloca i64 1"   --->   Operation 141 'alloca' 'max_0_31_0_loc' <Predicate = true> <Delay = 0.00>
ST_1 : Operation 142 [1/1] (0.00ns)   --->   "%max_0_30_0_loc = alloca i64 1"   --->   Operation 142 'alloca' 'max_0_30_0_loc' <Predicate = true> <Delay = 0.00>
ST_1 : Operation 143 [1/1] (0.00ns)   --->   "%max_0_29_0_loc = alloca i64 1"   --->   Operation 143 'alloca' 'max_0_29_0_loc' <Predicate = true> <Delay = 0.00>
ST_1 : Operation 144 [1/1] (0.00ns)   --->   "%max_0_28_0_loc = alloca i64 1"   --->   Operation 144 'alloca' 'max_0_28_0_loc' <Predicate = true> <Delay = 0.00>
ST_1 : Operation 145 [1/1] (0.00ns)   --->   "%max_0_27_0_loc = alloca i64 1"   --->   Operation 145 'alloca' 'max_0_27_0_loc' <Predicate = true> <Delay = 0.00>
ST_1 : Operation 146 [1/1] (0.00ns)   --->   "%max_0_26_0_loc = alloca i64 1"   --->   Operation 146 'alloca' 'max_0_26_0_loc' <Predicate = true> <Delay = 0.00>
ST_1 : Operation 147 [1/1] (0.00ns)   --->   "%max_0_25_0_loc = alloca i64 1"   --->   Operation 147 'alloca' 'max_0_25_0_loc' <Predicate = true> <Delay = 0.00>
ST_1 : Operation 148 [1/1] (0.00ns)   --->   "%max_0_2427_0_loc = alloca i64 1"   --->   Operation 148 'alloca' 'max_0_2427_0_loc' <Predicate = true> <Delay = 0.00>
ST_1 : Operation 149 [1/1] (0.00ns)   --->   "%max_0_23_0_loc = alloca i64 1"   --->   Operation 149 'alloca' 'max_0_23_0_loc' <Predicate = true> <Delay = 0.00>
ST_1 : Operation 150 [1/1] (0.00ns)   --->   "%max_0_22_0_loc = alloca i64 1"   --->   Operation 150 'alloca' 'max_0_22_0_loc' <Predicate = true> <Delay = 0.00>
ST_1 : Operation 151 [1/1] (0.00ns)   --->   "%max_0_21_0_loc = alloca i64 1"   --->   Operation 151 'alloca' 'max_0_21_0_loc' <Predicate = true> <Delay = 0.00>
ST_1 : Operation 152 [1/1] (0.00ns)   --->   "%max_0_20_0_loc = alloca i64 1"   --->   Operation 152 'alloca' 'max_0_20_0_loc' <Predicate = true> <Delay = 0.00>
ST_1 : Operation 153 [1/1] (0.00ns)   --->   "%max_0_19_0_loc = alloca i64 1"   --->   Operation 153 'alloca' 'max_0_19_0_loc' <Predicate = true> <Delay = 0.00>
ST_1 : Operation 154 [1/1] (0.00ns)   --->   "%max_0_18_0_loc = alloca i64 1"   --->   Operation 154 'alloca' 'max_0_18_0_loc' <Predicate = true> <Delay = 0.00>
ST_1 : Operation 155 [1/1] (0.00ns)   --->   "%max_0_17_0_loc = alloca i64 1"   --->   Operation 155 'alloca' 'max_0_17_0_loc' <Predicate = true> <Delay = 0.00>
ST_1 : Operation 156 [1/1] (0.00ns)   --->   "%max_0_16_0_loc = alloca i64 1"   --->   Operation 156 'alloca' 'max_0_16_0_loc' <Predicate = true> <Delay = 0.00>
ST_1 : Operation 157 [1/1] (0.00ns)   --->   "%max_0_15_0_loc = alloca i64 1"   --->   Operation 157 'alloca' 'max_0_15_0_loc' <Predicate = true> <Delay = 0.00>
ST_1 : Operation 158 [1/1] (0.00ns)   --->   "%max_0_14_0_loc = alloca i64 1"   --->   Operation 158 'alloca' 'max_0_14_0_loc' <Predicate = true> <Delay = 0.00>
ST_1 : Operation 159 [1/1] (0.00ns)   --->   "%max_0_1315_0_loc = alloca i64 1"   --->   Operation 159 'alloca' 'max_0_1315_0_loc' <Predicate = true> <Delay = 0.00>
ST_1 : Operation 160 [1/1] (0.00ns)   --->   "%max_0_12_0_loc = alloca i64 1"   --->   Operation 160 'alloca' 'max_0_12_0_loc' <Predicate = true> <Delay = 0.00>
ST_1 : Operation 161 [1/1] (0.00ns)   --->   "%max_0_11_0_loc = alloca i64 1"   --->   Operation 161 'alloca' 'max_0_11_0_loc' <Predicate = true> <Delay = 0.00>
ST_1 : Operation 162 [1/1] (0.00ns)   --->   "%max_0_10_0_loc = alloca i64 1"   --->   Operation 162 'alloca' 'max_0_10_0_loc' <Predicate = true> <Delay = 0.00>
ST_1 : Operation 163 [1/1] (0.00ns)   --->   "%max_0_9_0_loc = alloca i64 1"   --->   Operation 163 'alloca' 'max_0_9_0_loc' <Predicate = true> <Delay = 0.00>
ST_1 : Operation 164 [1/1] (0.00ns)   --->   "%max_0_8_0_loc = alloca i64 1"   --->   Operation 164 'alloca' 'max_0_8_0_loc' <Predicate = true> <Delay = 0.00>
ST_1 : Operation 165 [1/1] (0.00ns)   --->   "%max_0_7_0_loc = alloca i64 1"   --->   Operation 165 'alloca' 'max_0_7_0_loc' <Predicate = true> <Delay = 0.00>
ST_1 : Operation 166 [1/1] (0.00ns)   --->   "%max_0_6_0_loc = alloca i64 1"   --->   Operation 166 'alloca' 'max_0_6_0_loc' <Predicate = true> <Delay = 0.00>
ST_1 : Operation 167 [1/1] (0.00ns)   --->   "%max_0_5_0_loc = alloca i64 1"   --->   Operation 167 'alloca' 'max_0_5_0_loc' <Predicate = true> <Delay = 0.00>
ST_1 : Operation 168 [1/1] (0.00ns)   --->   "%max_0_4_0_loc = alloca i64 1"   --->   Operation 168 'alloca' 'max_0_4_0_loc' <Predicate = true> <Delay = 0.00>
ST_1 : Operation 169 [1/1] (0.00ns)   --->   "%max_0_3_0_loc = alloca i64 1"   --->   Operation 169 'alloca' 'max_0_3_0_loc' <Predicate = true> <Delay = 0.00>
ST_1 : Operation 170 [1/1] (0.00ns)   --->   "%max_0_2_0_loc = alloca i64 1"   --->   Operation 170 'alloca' 'max_0_2_0_loc' <Predicate = true> <Delay = 0.00>
ST_1 : Operation 171 [1/1] (0.00ns)   --->   "%max_0_1_0_loc = alloca i64 1"   --->   Operation 171 'alloca' 'max_0_1_0_loc' <Predicate = true> <Delay = 0.00>
ST_1 : Operation 172 [1/1] (0.00ns)   --->   "%max_0_0_0_loc = alloca i64 1"   --->   Operation 172 'alloca' 'max_0_0_0_loc' <Predicate = true> <Delay = 0.00>
ST_1 : Operation 173 [1/1] (0.00ns)   --->   "%max_3_31_0_loc = alloca i64 1"   --->   Operation 173 'alloca' 'max_3_31_0_loc' <Predicate = true> <Delay = 0.00>
ST_1 : Operation 174 [1/1] (0.00ns)   --->   "%max_3_30_0_loc = alloca i64 1"   --->   Operation 174 'alloca' 'max_3_30_0_loc' <Predicate = true> <Delay = 0.00>
ST_1 : Operation 175 [1/1] (0.00ns)   --->   "%max_3_29_0_loc = alloca i64 1"   --->   Operation 175 'alloca' 'max_3_29_0_loc' <Predicate = true> <Delay = 0.00>
ST_1 : Operation 176 [1/1] (0.00ns)   --->   "%max_3_28_0_loc = alloca i64 1"   --->   Operation 176 'alloca' 'max_3_28_0_loc' <Predicate = true> <Delay = 0.00>
ST_1 : Operation 177 [1/1] (0.00ns)   --->   "%max_3_27_0_loc = alloca i64 1"   --->   Operation 177 'alloca' 'max_3_27_0_loc' <Predicate = true> <Delay = 0.00>
ST_1 : Operation 178 [1/1] (0.00ns)   --->   "%max_3_26_0_loc = alloca i64 1"   --->   Operation 178 'alloca' 'max_3_26_0_loc' <Predicate = true> <Delay = 0.00>
ST_1 : Operation 179 [1/1] (0.00ns)   --->   "%max_3_25_0_loc = alloca i64 1"   --->   Operation 179 'alloca' 'max_3_25_0_loc' <Predicate = true> <Delay = 0.00>
ST_1 : Operation 180 [1/1] (0.00ns)   --->   "%max_3_24_0_loc = alloca i64 1"   --->   Operation 180 'alloca' 'max_3_24_0_loc' <Predicate = true> <Delay = 0.00>
ST_1 : Operation 181 [1/1] (0.00ns)   --->   "%max_3_23_0_loc = alloca i64 1"   --->   Operation 181 'alloca' 'max_3_23_0_loc' <Predicate = true> <Delay = 0.00>
ST_1 : Operation 182 [1/1] (0.00ns)   --->   "%max_3_22_0_loc = alloca i64 1"   --->   Operation 182 'alloca' 'max_3_22_0_loc' <Predicate = true> <Delay = 0.00>
ST_1 : Operation 183 [1/1] (0.00ns)   --->   "%max_3_21_0_loc = alloca i64 1"   --->   Operation 183 'alloca' 'max_3_21_0_loc' <Predicate = true> <Delay = 0.00>
ST_1 : Operation 184 [1/1] (0.00ns)   --->   "%max_3_20_0_loc = alloca i64 1"   --->   Operation 184 'alloca' 'max_3_20_0_loc' <Predicate = true> <Delay = 0.00>
ST_1 : Operation 185 [1/1] (0.00ns)   --->   "%max_3_19_0_loc = alloca i64 1"   --->   Operation 185 'alloca' 'max_3_19_0_loc' <Predicate = true> <Delay = 0.00>
ST_1 : Operation 186 [1/1] (0.00ns)   --->   "%max_3_18_0_loc = alloca i64 1"   --->   Operation 186 'alloca' 'max_3_18_0_loc' <Predicate = true> <Delay = 0.00>
ST_1 : Operation 187 [1/1] (0.00ns)   --->   "%max_3_17_0_loc = alloca i64 1"   --->   Operation 187 'alloca' 'max_3_17_0_loc' <Predicate = true> <Delay = 0.00>
ST_1 : Operation 188 [1/1] (0.00ns)   --->   "%max_3_16_0_loc = alloca i64 1"   --->   Operation 188 'alloca' 'max_3_16_0_loc' <Predicate = true> <Delay = 0.00>
ST_1 : Operation 189 [1/1] (0.00ns)   --->   "%max_3_15_0_loc = alloca i64 1"   --->   Operation 189 'alloca' 'max_3_15_0_loc' <Predicate = true> <Delay = 0.00>
ST_1 : Operation 190 [1/1] (0.00ns)   --->   "%max_3_14_0_loc = alloca i64 1"   --->   Operation 190 'alloca' 'max_3_14_0_loc' <Predicate = true> <Delay = 0.00>
ST_1 : Operation 191 [1/1] (0.00ns)   --->   "%max_3_13_0_loc = alloca i64 1"   --->   Operation 191 'alloca' 'max_3_13_0_loc' <Predicate = true> <Delay = 0.00>
ST_1 : Operation 192 [1/1] (0.00ns)   --->   "%max_3_12_0_loc = alloca i64 1"   --->   Operation 192 'alloca' 'max_3_12_0_loc' <Predicate = true> <Delay = 0.00>
ST_1 : Operation 193 [1/1] (0.00ns)   --->   "%max_3_11_0_loc = alloca i64 1"   --->   Operation 193 'alloca' 'max_3_11_0_loc' <Predicate = true> <Delay = 0.00>
ST_1 : Operation 194 [1/1] (0.00ns)   --->   "%max_3_10_0_loc = alloca i64 1"   --->   Operation 194 'alloca' 'max_3_10_0_loc' <Predicate = true> <Delay = 0.00>
ST_1 : Operation 195 [1/1] (0.00ns)   --->   "%max_3_9_0_loc = alloca i64 1"   --->   Operation 195 'alloca' 'max_3_9_0_loc' <Predicate = true> <Delay = 0.00>
ST_1 : Operation 196 [1/1] (0.00ns)   --->   "%max_3_8_0_loc = alloca i64 1"   --->   Operation 196 'alloca' 'max_3_8_0_loc' <Predicate = true> <Delay = 0.00>
ST_1 : Operation 197 [1/1] (0.00ns)   --->   "%max_3_7_0_loc = alloca i64 1"   --->   Operation 197 'alloca' 'max_3_7_0_loc' <Predicate = true> <Delay = 0.00>
ST_1 : Operation 198 [1/1] (0.00ns)   --->   "%max_3_6_0_loc = alloca i64 1"   --->   Operation 198 'alloca' 'max_3_6_0_loc' <Predicate = true> <Delay = 0.00>
ST_1 : Operation 199 [1/1] (0.00ns)   --->   "%max_3_5_0_loc = alloca i64 1"   --->   Operation 199 'alloca' 'max_3_5_0_loc' <Predicate = true> <Delay = 0.00>
ST_1 : Operation 200 [1/1] (0.00ns)   --->   "%max_3_4_0_loc = alloca i64 1"   --->   Operation 200 'alloca' 'max_3_4_0_loc' <Predicate = true> <Delay = 0.00>
ST_1 : Operation 201 [1/1] (0.00ns)   --->   "%max_3_3_0_loc = alloca i64 1"   --->   Operation 201 'alloca' 'max_3_3_0_loc' <Predicate = true> <Delay = 0.00>
ST_1 : Operation 202 [1/1] (0.00ns)   --->   "%max_3_2_0_loc = alloca i64 1"   --->   Operation 202 'alloca' 'max_3_2_0_loc' <Predicate = true> <Delay = 0.00>
ST_1 : Operation 203 [1/1] (0.00ns)   --->   "%max_3_1_0_loc = alloca i64 1"   --->   Operation 203 'alloca' 'max_3_1_0_loc' <Predicate = true> <Delay = 0.00>
ST_1 : Operation 204 [1/1] (0.00ns)   --->   "%max_3_0_0_loc = alloca i64 1"   --->   Operation 204 'alloca' 'max_3_0_0_loc' <Predicate = true> <Delay = 0.00>
ST_1 : Operation 205 [1/1] (0.00ns)   --->   "%max_1_31_0_loc = alloca i64 1"   --->   Operation 205 'alloca' 'max_1_31_0_loc' <Predicate = true> <Delay = 0.00>
ST_1 : Operation 206 [1/1] (0.00ns)   --->   "%max_1_30_0_loc = alloca i64 1"   --->   Operation 206 'alloca' 'max_1_30_0_loc' <Predicate = true> <Delay = 0.00>
ST_1 : Operation 207 [1/1] (0.00ns)   --->   "%max_1_29_0_loc = alloca i64 1"   --->   Operation 207 'alloca' 'max_1_29_0_loc' <Predicate = true> <Delay = 0.00>
ST_1 : Operation 208 [1/1] (0.00ns)   --->   "%max_1_28_0_loc = alloca i64 1"   --->   Operation 208 'alloca' 'max_1_28_0_loc' <Predicate = true> <Delay = 0.00>
ST_1 : Operation 209 [1/1] (0.00ns)   --->   "%max_1_27_0_loc = alloca i64 1"   --->   Operation 209 'alloca' 'max_1_27_0_loc' <Predicate = true> <Delay = 0.00>
ST_1 : Operation 210 [1/1] (0.00ns)   --->   "%max_1_26_0_loc = alloca i64 1"   --->   Operation 210 'alloca' 'max_1_26_0_loc' <Predicate = true> <Delay = 0.00>
ST_1 : Operation 211 [1/1] (0.00ns)   --->   "%max_1_25_0_loc = alloca i64 1"   --->   Operation 211 'alloca' 'max_1_25_0_loc' <Predicate = true> <Delay = 0.00>
ST_1 : Operation 212 [1/1] (0.00ns)   --->   "%max_1_24_0_loc = alloca i64 1"   --->   Operation 212 'alloca' 'max_1_24_0_loc' <Predicate = true> <Delay = 0.00>
ST_1 : Operation 213 [1/1] (0.00ns)   --->   "%max_1_2325_0_loc = alloca i64 1"   --->   Operation 213 'alloca' 'max_1_2325_0_loc' <Predicate = true> <Delay = 0.00>
ST_1 : Operation 214 [1/1] (0.00ns)   --->   "%max_1_22_0_loc = alloca i64 1"   --->   Operation 214 'alloca' 'max_1_22_0_loc' <Predicate = true> <Delay = 0.00>
ST_1 : Operation 215 [1/1] (0.00ns)   --->   "%max_1_21_0_loc = alloca i64 1"   --->   Operation 215 'alloca' 'max_1_21_0_loc' <Predicate = true> <Delay = 0.00>
ST_1 : Operation 216 [1/1] (0.00ns)   --->   "%max_1_20_0_loc = alloca i64 1"   --->   Operation 216 'alloca' 'max_1_20_0_loc' <Predicate = true> <Delay = 0.00>
ST_1 : Operation 217 [1/1] (0.00ns)   --->   "%max_1_19_0_loc = alloca i64 1"   --->   Operation 217 'alloca' 'max_1_19_0_loc' <Predicate = true> <Delay = 0.00>
ST_1 : Operation 218 [1/1] (0.00ns)   --->   "%max_1_18_0_loc = alloca i64 1"   --->   Operation 218 'alloca' 'max_1_18_0_loc' <Predicate = true> <Delay = 0.00>
ST_1 : Operation 219 [1/1] (0.00ns)   --->   "%max_1_17_0_loc = alloca i64 1"   --->   Operation 219 'alloca' 'max_1_17_0_loc' <Predicate = true> <Delay = 0.00>
ST_1 : Operation 220 [1/1] (0.00ns)   --->   "%max_1_16_0_loc = alloca i64 1"   --->   Operation 220 'alloca' 'max_1_16_0_loc' <Predicate = true> <Delay = 0.00>
ST_1 : Operation 221 [1/1] (0.00ns)   --->   "%max_1_15_0_loc = alloca i64 1"   --->   Operation 221 'alloca' 'max_1_15_0_loc' <Predicate = true> <Delay = 0.00>
ST_1 : Operation 222 [1/1] (0.00ns)   --->   "%max_1_14_0_loc = alloca i64 1"   --->   Operation 222 'alloca' 'max_1_14_0_loc' <Predicate = true> <Delay = 0.00>
ST_1 : Operation 223 [1/1] (0.00ns)   --->   "%max_1_13_0_loc = alloca i64 1"   --->   Operation 223 'alloca' 'max_1_13_0_loc' <Predicate = true> <Delay = 0.00>
ST_1 : Operation 224 [1/1] (0.00ns)   --->   "%max_1_1213_0_loc = alloca i64 1"   --->   Operation 224 'alloca' 'max_1_1213_0_loc' <Predicate = true> <Delay = 0.00>
ST_1 : Operation 225 [1/1] (0.00ns)   --->   "%max_1_11_0_loc = alloca i64 1"   --->   Operation 225 'alloca' 'max_1_11_0_loc' <Predicate = true> <Delay = 0.00>
ST_1 : Operation 226 [1/1] (0.00ns)   --->   "%max_1_10_0_loc = alloca i64 1"   --->   Operation 226 'alloca' 'max_1_10_0_loc' <Predicate = true> <Delay = 0.00>
ST_1 : Operation 227 [1/1] (0.00ns)   --->   "%max_1_9_0_loc = alloca i64 1"   --->   Operation 227 'alloca' 'max_1_9_0_loc' <Predicate = true> <Delay = 0.00>
ST_1 : Operation 228 [1/1] (0.00ns)   --->   "%max_1_8_0_loc = alloca i64 1"   --->   Operation 228 'alloca' 'max_1_8_0_loc' <Predicate = true> <Delay = 0.00>
ST_1 : Operation 229 [1/1] (0.00ns)   --->   "%max_1_7_0_loc = alloca i64 1"   --->   Operation 229 'alloca' 'max_1_7_0_loc' <Predicate = true> <Delay = 0.00>
ST_1 : Operation 230 [1/1] (0.00ns)   --->   "%max_1_6_0_loc = alloca i64 1"   --->   Operation 230 'alloca' 'max_1_6_0_loc' <Predicate = true> <Delay = 0.00>
ST_1 : Operation 231 [1/1] (0.00ns)   --->   "%max_1_5_0_loc = alloca i64 1"   --->   Operation 231 'alloca' 'max_1_5_0_loc' <Predicate = true> <Delay = 0.00>
ST_1 : Operation 232 [1/1] (0.00ns)   --->   "%max_1_4_0_loc = alloca i64 1"   --->   Operation 232 'alloca' 'max_1_4_0_loc' <Predicate = true> <Delay = 0.00>
ST_1 : Operation 233 [1/1] (0.00ns)   --->   "%max_1_3_0_loc = alloca i64 1"   --->   Operation 233 'alloca' 'max_1_3_0_loc' <Predicate = true> <Delay = 0.00>
ST_1 : Operation 234 [1/1] (0.00ns)   --->   "%max_1_2_0_loc = alloca i64 1"   --->   Operation 234 'alloca' 'max_1_2_0_loc' <Predicate = true> <Delay = 0.00>
ST_1 : Operation 235 [1/1] (0.00ns)   --->   "%max_1_1_0_loc = alloca i64 1"   --->   Operation 235 'alloca' 'max_1_1_0_loc' <Predicate = true> <Delay = 0.00>
ST_1 : Operation 236 [1/1] (0.00ns)   --->   "%max_1_0_0_loc = alloca i64 1"   --->   Operation 236 'alloca' 'max_1_0_0_loc' <Predicate = true> <Delay = 0.00>
ST_1 : Operation 237 [1/1] (0.00ns)   --->   "%empty = trunc i8 %idx_read"   --->   Operation 237 'trunc' 'empty' <Predicate = true> <Delay = 0.00>
ST_1 : Operation 238 [1/1] (1.01ns)   --->   "%sub = add i32 %reference_length_read, i32 31"   --->   Operation 238 'add' 'sub' <Predicate = true> <Delay = 1.01> <CoreInst = "Adder">   --->   Core 1 'Adder' <Latency = 0> <II = 1> <Delay = 1.01> <FuncUnit> <Opcode : 'add' 'sub'> <InPorts = 2> <OutPorts = 1>
ST_1 : Operation 239 [1/1] (0.00ns)   --->   "%trunc_ln249 = trunc i64 %reference_read" [src/align/align.cpp:249->src/align/align.cpp:361]   --->   Operation 239 'trunc' 'trunc_ln249' <Predicate = true> <Delay = 0.00>
ST_1 : Operation 240 [2/2] (1.44ns)   --->   "%call_ln249 = call void @ChunkCompute_Pipeline_VITIS_LOOP_347_1, i32 %p_read_251, i32 %p_read_250, i32 %p_read_249, i32 %p_read_248, i32 %p_read_247, i32 %p_read_246, i32 %p_read_245, i32 %p_read_244, i32 %p_read_243, i32 %p_read_242, i32 %p_read_241, i32 %p_read_240, i32 %p_read_239, i32 %p_read_238, i32 %p_read_237, i32 %p_read_236, i32 %p_read_235, i32 %p_read_234, i32 %p_read_233, i32 %p_read_232, i32 %p_read_231, i32 %p_read_230, i32 %p_read_229, i32 %p_read_228, i32 %p_read_227, i32 %p_read_226, i32 %p_read_225, i32 %p_read_224, i32 %p_read_223, i32 %p_read_222, i32 %p_read_221, i32 %p_read_220, i32 %p_read_219, i32 %p_read_218, i32 %p_read_217, i32 %p_read_216, i32 %p_read_215, i32 %p_read_214, i32 %p_read_213, i32 %p_read_212, i32 %p_read_211, i32 %p_read_210, i32 %p_read_209, i32 %p_read_208, i32 %p_read_207, i32 %p_read_206, i32 %p_read_205, i32 %p_read_204, i32 %p_read_203, i32 %p_read_202, i32 %p_read_201, i32 %p_read_200, i32 %p_read_199, i32 %p_read_198, i32 %p_read_197, i32 %p_read_196, i32 %p_read_195, i32 %p_read_194, i32 %p_read_193, i32 %p_read_192, i32 %p_read_191, i32 %p_read_190, i32 %p_read_189, i32 %p_read_188, i16 %p_read6238, i16 %p_read_282, i16 %p_read_281, i16 %p_read_280, i16 %p_read_279, i16 %p_read_278, i16 %p_read_277, i16 %p_read_276, i16 %p_read_275, i16 %p_read_274, i16 %p_read_273, i16 %p_read_272, i16 %p_read_271, i16 %p_read_270, i16 %p_read_269, i16 %p_read_268, i16 %p_read_267, i16 %p_read_266, i16 %p_read_265, i16 %p_read_264, i16 %p_read_263, i16 %p_read_262, i16 %p_read_261, i16 %p_read_260, i16 %p_read_259, i16 %p_read_258, i16 %p_read_257, i16 %p_read_256, i16 %p_read_255, i16 %p_read_254, i16 %p_read_253, i16 %p_read_252, i32 %sub, i31 %chunk_row_offset_read, i32 %global_query_length_read, i32 %reference_length_read, i8 %idx_read, i16 %penalties_0_val_read, i2 %local_query_1_val2_read, i16 %penalties_3_val_read, i16 %penalties_2_val_read, i2 %local_query_2_val3_read, i2 %local_query_3_val4_read, i2 %local_query_4_val5_read, i2 %local_query_5_val6_read, i2 %local_query_6_val7_read, i2 %local_query_7_val8_read, i2 %local_query_8_val9_read, i2 %local_query_9_val10_read, i2 %local_query_10_val11_read, i2 %local_query_11_val12_read, i2 %local_query_12_val13_read, i2 %local_query_13_val14_read, i2 %local_query_14_val15_read, i2 %local_query_15_val16_read, i2 %local_query_16_val17_read, i2 %local_query_17_val18_read, i2 %local_query_18_val19_read, i2 %local_query_19_val20_read, i2 %local_query_20_val21_read, i2 %local_query_21_val22_read, i2 %local_query_22_val23_read, i2 %local_query_23_val24_read, i2 %local_query_24_val25_read, i2 %local_query_25_val26_read, i2 %local_query_26_val27_read, i2 %local_query_27_val28_read, i2 %local_query_28_val29_read, i2 %local_query_29_val30_read, i2 %local_query_30_val31_read, i2 %local_query_31_val32_read, i16 %penalties_1_val_read, i2 %local_query_0_val1_read, i48 %init_row_scr, i16 %preserved_row_scr_2, i16 %preserved_row_scr_1, i16 %preserved_row_scr_0, i64 %reference_read, i32 %gmem, i2 %trunc_ln249, i16 %init_col_scr_0, i16 %init_col_scr_1, i16 %init_col_scr_2, i3 %chunk_tbp_out_0, i3 %chunk_tbp_out_1, i3 %chunk_tbp_out_2, i3 %chunk_tbp_out_3, i3 %chunk_tbp_out_4, i3 %chunk_tbp_out_5, i3 %chunk_tbp_out_6, i3 %chunk_tbp_out_7, i3 %chunk_tbp_out_8, i3 %chunk_tbp_out_9, i3 %chunk_tbp_out_10, i3 %chunk_tbp_out_11, i3 %chunk_tbp_out_12, i3 %chunk_tbp_out_13, i3 %chunk_tbp_out_14, i3 %chunk_tbp_out_15, i3 %chunk_tbp_out_16, i3 %chunk_tbp_out_17, i3 %chunk_tbp_out_18, i3 %chunk_tbp_out_19, i3 %chunk_tbp_out_20, i3 %chunk_tbp_out_21, i3 %chunk_tbp_out_22, i3 %chunk_tbp_out_23, i3 %chunk_tbp_out_24, i3 %chunk_tbp_out_25, i3 %chunk_tbp_out_26, i3 %chunk_tbp_out_27, i3 %chunk_tbp_out_28, i3 %chunk_tbp_out_29, i3 %chunk_tbp_out_30, i3 %chunk_tbp_out_31, i5 %empty, i32 %max_1_0_0_loc, i32 %max_1_1_0_loc, i32 %max_1_2_0_loc, i32 %max_1_3_0_loc, i32 %max_1_4_0_loc, i32 %max_1_5_0_loc, i32 %max_1_6_0_loc, i32 %max_1_7_0_loc, i32 %max_1_8_0_loc, i32 %max_1_9_0_loc, i32 %max_1_10_0_loc, i32 %max_1_11_0_loc, i32 %max_1_1213_0_loc, i32 %max_1_13_0_loc, i32 %max_1_14_0_loc, i32 %max_1_15_0_loc, i32 %max_1_16_0_loc, i32 %max_1_17_0_loc, i32 %max_1_18_0_loc, i32 %max_1_19_0_loc, i32 %max_1_20_0_loc, i32 %max_1_21_0_loc, i32 %max_1_22_0_loc, i32 %max_1_2325_0_loc, i32 %max_1_24_0_loc, i32 %max_1_25_0_loc, i32 %max_1_26_0_loc, i32 %max_1_27_0_loc, i32 %max_1_28_0_loc, i32 %max_1_29_0_loc, i32 %max_1_30_0_loc, i32 %max_1_31_0_loc, i32 %max_3_0_0_loc, i32 %max_3_1_0_loc, i32 %max_3_2_0_loc, i32 %max_3_3_0_loc, i32 %max_3_4_0_loc, i32 %max_3_5_0_loc, i32 %max_3_6_0_loc, i32 %max_3_7_0_loc, i32 %max_3_8_0_loc, i32 %max_3_9_0_loc, i32 %max_3_10_0_loc, i32 %max_3_11_0_loc, i32 %max_3_12_0_loc, i32 %max_3_13_0_loc, i32 %max_3_14_0_loc, i32 %max_3_15_0_loc, i32 %max_3_16_0_loc, i32 %max_3_17_0_loc, i32 %max_3_18_0_loc, i32 %max_3_19_0_loc, i32 %max_3_20_0_loc, i32 %max_3_21_0_loc, i32 %max_3_22_0_loc, i32 %max_3_23_0_loc, i32 %max_3_24_0_loc, i32 %max_3_25_0_loc, i32 %max_3_26_0_loc, i32 %max_3_27_0_loc, i32 %max_3_28_0_loc, i32 %max_3_29_0_loc, i32 %max_3_30_0_loc, i32 %max_3_31_0_loc, i16 %max_0_0_0_loc, i16 %max_0_1_0_loc, i16 %max_0_2_0_loc, i16 %max_0_3_0_loc, i16 %max_0_4_0_loc, i16 %max_0_5_0_loc, i16 %max_0_6_0_loc, i16 %max_0_7_0_loc, i16 %max_0_8_0_loc, i16 %max_0_9_0_loc, i16 %max_0_10_0_loc, i16 %max_0_11_0_loc, i16 %max_0_12_0_loc, i16 %max_0_1315_0_loc, i16 %max_0_14_0_loc, i16 %max_0_15_0_loc, i16 %max_0_16_0_loc, i16 %max_0_17_0_loc, i16 %max_0_18_0_loc, i16 %max_0_19_0_loc, i16 %max_0_20_0_loc, i16 %max_0_21_0_loc, i16 %max_0_22_0_loc, i16 %max_0_23_0_loc, i16 %max_0_2427_0_loc, i16 %max_0_25_0_loc, i16 %max_0_26_0_loc, i16 %max_0_27_0_loc, i16 %max_0_28_0_loc, i16 %max_0_29_0_loc, i16 %max_0_30_0_loc, i16 %max_0_31_0_loc" [src/align/align.cpp:249->src/align/align.cpp:361]   --->   Operation 240 'call' 'call_ln249' <Predicate = true> <Delay = 1.44> <CoreType = "Generic">   --->   Core 0 '' <Latency = 0> <II = 1> <Delay = 1.00> <Generic> <Opcode : >

State 2 <SV = 1> <Delay = 0.00>
ST_2 : Operation 241 [1/2] (0.00ns)   --->   "%call_ln249 = call void @ChunkCompute_Pipeline_VITIS_LOOP_347_1, i32 %p_read_251, i32 %p_read_250, i32 %p_read_249, i32 %p_read_248, i32 %p_read_247, i32 %p_read_246, i32 %p_read_245, i32 %p_read_244, i32 %p_read_243, i32 %p_read_242, i32 %p_read_241, i32 %p_read_240, i32 %p_read_239, i32 %p_read_238, i32 %p_read_237, i32 %p_read_236, i32 %p_read_235, i32 %p_read_234, i32 %p_read_233, i32 %p_read_232, i32 %p_read_231, i32 %p_read_230, i32 %p_read_229, i32 %p_read_228, i32 %p_read_227, i32 %p_read_226, i32 %p_read_225, i32 %p_read_224, i32 %p_read_223, i32 %p_read_222, i32 %p_read_221, i32 %p_read_220, i32 %p_read_219, i32 %p_read_218, i32 %p_read_217, i32 %p_read_216, i32 %p_read_215, i32 %p_read_214, i32 %p_read_213, i32 %p_read_212, i32 %p_read_211, i32 %p_read_210, i32 %p_read_209, i32 %p_read_208, i32 %p_read_207, i32 %p_read_206, i32 %p_read_205, i32 %p_read_204, i32 %p_read_203, i32 %p_read_202, i32 %p_read_201, i32 %p_read_200, i32 %p_read_199, i32 %p_read_198, i32 %p_read_197, i32 %p_read_196, i32 %p_read_195, i32 %p_read_194, i32 %p_read_193, i32 %p_read_192, i32 %p_read_191, i32 %p_read_190, i32 %p_read_189, i32 %p_read_188, i16 %p_read6238, i16 %p_read_282, i16 %p_read_281, i16 %p_read_280, i16 %p_read_279, i16 %p_read_278, i16 %p_read_277, i16 %p_read_276, i16 %p_read_275, i16 %p_read_274, i16 %p_read_273, i16 %p_read_272, i16 %p_read_271, i16 %p_read_270, i16 %p_read_269, i16 %p_read_268, i16 %p_read_267, i16 %p_read_266, i16 %p_read_265, i16 %p_read_264, i16 %p_read_263, i16 %p_read_262, i16 %p_read_261, i16 %p_read_260, i16 %p_read_259, i16 %p_read_258, i16 %p_read_257, i16 %p_read_256, i16 %p_read_255, i16 %p_read_254, i16 %p_read_253, i16 %p_read_252, i32 %sub, i31 %chunk_row_offset_read, i32 %global_query_length_read, i32 %reference_length_read, i8 %idx_read, i16 %penalties_0_val_read, i2 %local_query_1_val2_read, i16 %penalties_3_val_read, i16 %penalties_2_val_read, i2 %local_query_2_val3_read, i2 %local_query_3_val4_read, i2 %local_query_4_val5_read, i2 %local_query_5_val6_read, i2 %local_query_6_val7_read, i2 %local_query_7_val8_read, i2 %local_query_8_val9_read, i2 %local_query_9_val10_read, i2 %local_query_10_val11_read, i2 %local_query_11_val12_read, i2 %local_query_12_val13_read, i2 %local_query_13_val14_read, i2 %local_query_14_val15_read, i2 %local_query_15_val16_read, i2 %local_query_16_val17_read, i2 %local_query_17_val18_read, i2 %local_query_18_val19_read, i2 %local_query_19_val20_read, i2 %local_query_20_val21_read, i2 %local_query_21_val22_read, i2 %local_query_22_val23_read, i2 %local_query_23_val24_read, i2 %local_query_24_val25_read, i2 %local_query_25_val26_read, i2 %local_query_26_val27_read, i2 %local_query_27_val28_read, i2 %local_query_28_val29_read, i2 %local_query_29_val30_read, i2 %local_query_30_val31_read, i2 %local_query_31_val32_read, i16 %penalties_1_val_read, i2 %local_query_0_val1_read, i48 %init_row_scr, i16 %preserved_row_scr_2, i16 %preserved_row_scr_1, i16 %preserved_row_scr_0, i64 %reference_read, i32 %gmem, i2 %trunc_ln249, i16 %init_col_scr_0, i16 %init_col_scr_1, i16 %init_col_scr_2, i3 %chunk_tbp_out_0, i3 %chunk_tbp_out_1, i3 %chunk_tbp_out_2, i3 %chunk_tbp_out_3, i3 %chunk_tbp_out_4, i3 %chunk_tbp_out_5, i3 %chunk_tbp_out_6, i3 %chunk_tbp_out_7, i3 %chunk_tbp_out_8, i3 %chunk_tbp_out_9, i3 %chunk_tbp_out_10, i3 %chunk_tbp_out_11, i3 %chunk_tbp_out_12, i3 %chunk_tbp_out_13, i3 %chunk_tbp_out_14, i3 %chunk_tbp_out_15, i3 %chunk_tbp_out_16, i3 %chunk_tbp_out_17, i3 %chunk_tbp_out_18, i3 %chunk_tbp_out_19, i3 %chunk_tbp_out_20, i3 %chunk_tbp_out_21, i3 %chunk_tbp_out_22, i3 %chunk_tbp_out_23, i3 %chunk_tbp_out_24, i3 %chunk_tbp_out_25, i3 %chunk_tbp_out_26, i3 %chunk_tbp_out_27, i3 %chunk_tbp_out_28, i3 %chunk_tbp_out_29, i3 %chunk_tbp_out_30, i3 %chunk_tbp_out_31, i5 %empty, i32 %max_1_0_0_loc, i32 %max_1_1_0_loc, i32 %max_1_2_0_loc, i32 %max_1_3_0_loc, i32 %max_1_4_0_loc, i32 %max_1_5_0_loc, i32 %max_1_6_0_loc, i32 %max_1_7_0_loc, i32 %max_1_8_0_loc, i32 %max_1_9_0_loc, i32 %max_1_10_0_loc, i32 %max_1_11_0_loc, i32 %max_1_1213_0_loc, i32 %max_1_13_0_loc, i32 %max_1_14_0_loc, i32 %max_1_15_0_loc, i32 %max_1_16_0_loc, i32 %max_1_17_0_loc, i32 %max_1_18_0_loc, i32 %max_1_19_0_loc, i32 %max_1_20_0_loc, i32 %max_1_21_0_loc, i32 %max_1_22_0_loc, i32 %max_1_2325_0_loc, i32 %max_1_24_0_loc, i32 %max_1_25_0_loc, i32 %max_1_26_0_loc, i32 %max_1_27_0_loc, i32 %max_1_28_0_loc, i32 %max_1_29_0_loc, i32 %max_1_30_0_loc, i32 %max_1_31_0_loc, i32 %max_3_0_0_loc, i32 %max_3_1_0_loc, i32 %max_3_2_0_loc, i32 %max_3_3_0_loc, i32 %max_3_4_0_loc, i32 %max_3_5_0_loc, i32 %max_3_6_0_loc, i32 %max_3_7_0_loc, i32 %max_3_8_0_loc, i32 %max_3_9_0_loc, i32 %max_3_10_0_loc, i32 %max_3_11_0_loc, i32 %max_3_12_0_loc, i32 %max_3_13_0_loc, i32 %max_3_14_0_loc, i32 %max_3_15_0_loc, i32 %max_3_16_0_loc, i32 %max_3_17_0_loc, i32 %max_3_18_0_loc, i32 %max_3_19_0_loc, i32 %max_3_20_0_loc, i32 %max_3_21_0_loc, i32 %max_3_22_0_loc, i32 %max_3_23_0_loc, i32 %max_3_24_0_loc, i32 %max_3_25_0_loc, i32 %max_3_26_0_loc, i32 %max_3_27_0_loc, i32 %max_3_28_0_loc, i32 %max_3_29_0_loc, i32 %max_3_30_0_loc, i32 %max_3_31_0_loc, i16 %max_0_0_0_loc, i16 %max_0_1_0_loc, i16 %max_0_2_0_loc, i16 %max_0_3_0_loc, i16 %max_0_4_0_loc, i16 %max_0_5_0_loc, i16 %max_0_6_0_loc, i16 %max_0_7_0_loc, i16 %max_0_8_0_loc, i16 %max_0_9_0_loc, i16 %max_0_10_0_loc, i16 %max_0_11_0_loc, i16 %max_0_12_0_loc, i16 %max_0_1315_0_loc, i16 %max_0_14_0_loc, i16 %max_0_15_0_loc, i16 %max_0_16_0_loc, i16 %max_0_17_0_loc, i16 %max_0_18_0_loc, i16 %max_0_19_0_loc, i16 %max_0_20_0_loc, i16 %max_0_21_0_loc, i16 %max_0_22_0_loc, i16 %max_0_23_0_loc, i16 %max_0_2427_0_loc, i16 %max_0_25_0_loc, i16 %max_0_26_0_loc, i16 %max_0_27_0_loc, i16 %max_0_28_0_loc, i16 %max_0_29_0_loc, i16 %max_0_30_0_loc, i16 %max_0_31_0_loc" [src/align/align.cpp:249->src/align/align.cpp:361]   --->   Operation 241 'call' 'call_ln249' <Predicate = true> <Delay = 0.00> <CoreType = "Generic">   --->   Core 0 '' <Latency = 0> <II = 1> <Delay = 1.00> <Generic> <Opcode : >

State 3 <SV = 2> <Delay = 0.00>
ST_3 : Operation 242 [1/1] (0.00ns)   --->   "%specinterface_ln0 = specinterface void @_ssdm_op_SpecInterface, i32 %gmem, void @empty_17, i32 0, i32 0, void @empty_19, i32 64, i32 0, void @empty_9, void @empty_20, void @empty_19, i32 16, i32 16, i32 16, i32 16, void @empty_19, void @empty_19, i32 4294967295, i32 0"   --->   Operation 242 'specinterface' 'specinterface_ln0' <Predicate = true> <Delay = 0.00>
ST_3 : Operation 243 [1/1] (0.00ns)   --->   "%max_1_0_0_loc_load = load i32 %max_1_0_0_loc"   --->   Operation 243 'load' 'max_1_0_0_loc_load' <Predicate = true> <Delay = 0.00>
ST_3 : Operation 244 [1/1] (0.00ns)   --->   "%max_1_1_0_loc_load = load i32 %max_1_1_0_loc"   --->   Operation 244 'load' 'max_1_1_0_loc_load' <Predicate = true> <Delay = 0.00>
ST_3 : Operation 245 [1/1] (0.00ns)   --->   "%max_1_2_0_loc_load = load i32 %max_1_2_0_loc"   --->   Operation 245 'load' 'max_1_2_0_loc_load' <Predicate = true> <Delay = 0.00>
ST_3 : Operation 246 [1/1] (0.00ns)   --->   "%max_1_3_0_loc_load = load i32 %max_1_3_0_loc"   --->   Operation 246 'load' 'max_1_3_0_loc_load' <Predicate = true> <Delay = 0.00>
ST_3 : Operation 247 [1/1] (0.00ns)   --->   "%max_1_4_0_loc_load = load i32 %max_1_4_0_loc"   --->   Operation 247 'load' 'max_1_4_0_loc_load' <Predicate = true> <Delay = 0.00>
ST_3 : Operation 248 [1/1] (0.00ns)   --->   "%max_1_5_0_loc_load = load i32 %max_1_5_0_loc"   --->   Operation 248 'load' 'max_1_5_0_loc_load' <Predicate = true> <Delay = 0.00>
ST_3 : Operation 249 [1/1] (0.00ns)   --->   "%max_1_6_0_loc_load = load i32 %max_1_6_0_loc"   --->   Operation 249 'load' 'max_1_6_0_loc_load' <Predicate = true> <Delay = 0.00>
ST_3 : Operation 250 [1/1] (0.00ns)   --->   "%max_1_7_0_loc_load = load i32 %max_1_7_0_loc"   --->   Operation 250 'load' 'max_1_7_0_loc_load' <Predicate = true> <Delay = 0.00>
ST_3 : Operation 251 [1/1] (0.00ns)   --->   "%max_1_8_0_loc_load = load i32 %max_1_8_0_loc"   --->   Operation 251 'load' 'max_1_8_0_loc_load' <Predicate = true> <Delay = 0.00>
ST_3 : Operation 252 [1/1] (0.00ns)   --->   "%max_1_9_0_loc_load = load i32 %max_1_9_0_loc"   --->   Operation 252 'load' 'max_1_9_0_loc_load' <Predicate = true> <Delay = 0.00>
ST_3 : Operation 253 [1/1] (0.00ns)   --->   "%max_1_10_0_loc_load = load i32 %max_1_10_0_loc"   --->   Operation 253 'load' 'max_1_10_0_loc_load' <Predicate = true> <Delay = 0.00>
ST_3 : Operation 254 [1/1] (0.00ns)   --->   "%max_1_11_0_loc_load = load i32 %max_1_11_0_loc"   --->   Operation 254 'load' 'max_1_11_0_loc_load' <Predicate = true> <Delay = 0.00>
ST_3 : Operation 255 [1/1] (0.00ns)   --->   "%max_1_1213_0_loc_load = load i32 %max_1_1213_0_loc"   --->   Operation 255 'load' 'max_1_1213_0_loc_load' <Predicate = true> <Delay = 0.00>
ST_3 : Operation 256 [1/1] (0.00ns)   --->   "%max_1_13_0_loc_load = load i32 %max_1_13_0_loc"   --->   Operation 256 'load' 'max_1_13_0_loc_load' <Predicate = true> <Delay = 0.00>
ST_3 : Operation 257 [1/1] (0.00ns)   --->   "%max_1_14_0_loc_load = load i32 %max_1_14_0_loc"   --->   Operation 257 'load' 'max_1_14_0_loc_load' <Predicate = true> <Delay = 0.00>
ST_3 : Operation 258 [1/1] (0.00ns)   --->   "%max_1_15_0_loc_load = load i32 %max_1_15_0_loc"   --->   Operation 258 'load' 'max_1_15_0_loc_load' <Predicate = true> <Delay = 0.00>
ST_3 : Operation 259 [1/1] (0.00ns)   --->   "%max_1_16_0_loc_load = load i32 %max_1_16_0_loc"   --->   Operation 259 'load' 'max_1_16_0_loc_load' <Predicate = true> <Delay = 0.00>
ST_3 : Operation 260 [1/1] (0.00ns)   --->   "%max_1_17_0_loc_load = load i32 %max_1_17_0_loc"   --->   Operation 260 'load' 'max_1_17_0_loc_load' <Predicate = true> <Delay = 0.00>
ST_3 : Operation 261 [1/1] (0.00ns)   --->   "%max_1_18_0_loc_load = load i32 %max_1_18_0_loc"   --->   Operation 261 'load' 'max_1_18_0_loc_load' <Predicate = true> <Delay = 0.00>
ST_3 : Operation 262 [1/1] (0.00ns)   --->   "%max_1_19_0_loc_load = load i32 %max_1_19_0_loc"   --->   Operation 262 'load' 'max_1_19_0_loc_load' <Predicate = true> <Delay = 0.00>
ST_3 : Operation 263 [1/1] (0.00ns)   --->   "%max_1_20_0_loc_load = load i32 %max_1_20_0_loc"   --->   Operation 263 'load' 'max_1_20_0_loc_load' <Predicate = true> <Delay = 0.00>
ST_3 : Operation 264 [1/1] (0.00ns)   --->   "%max_1_21_0_loc_load = load i32 %max_1_21_0_loc"   --->   Operation 264 'load' 'max_1_21_0_loc_load' <Predicate = true> <Delay = 0.00>
ST_3 : Operation 265 [1/1] (0.00ns)   --->   "%max_1_22_0_loc_load = load i32 %max_1_22_0_loc"   --->   Operation 265 'load' 'max_1_22_0_loc_load' <Predicate = true> <Delay = 0.00>
ST_3 : Operation 266 [1/1] (0.00ns)   --->   "%max_1_2325_0_loc_load = load i32 %max_1_2325_0_loc"   --->   Operation 266 'load' 'max_1_2325_0_loc_load' <Predicate = true> <Delay = 0.00>
ST_3 : Operation 267 [1/1] (0.00ns)   --->   "%max_1_24_0_loc_load = load i32 %max_1_24_0_loc"   --->   Operation 267 'load' 'max_1_24_0_loc_load' <Predicate = true> <Delay = 0.00>
ST_3 : Operation 268 [1/1] (0.00ns)   --->   "%max_1_25_0_loc_load = load i32 %max_1_25_0_loc"   --->   Operation 268 'load' 'max_1_25_0_loc_load' <Predicate = true> <Delay = 0.00>
ST_3 : Operation 269 [1/1] (0.00ns)   --->   "%max_1_26_0_loc_load = load i32 %max_1_26_0_loc"   --->   Operation 269 'load' 'max_1_26_0_loc_load' <Predicate = true> <Delay = 0.00>
ST_3 : Operation 270 [1/1] (0.00ns)   --->   "%max_1_27_0_loc_load = load i32 %max_1_27_0_loc"   --->   Operation 270 'load' 'max_1_27_0_loc_load' <Predicate = true> <Delay = 0.00>
ST_3 : Operation 271 [1/1] (0.00ns)   --->   "%max_1_28_0_loc_load = load i32 %max_1_28_0_loc"   --->   Operation 271 'load' 'max_1_28_0_loc_load' <Predicate = true> <Delay = 0.00>
ST_3 : Operation 272 [1/1] (0.00ns)   --->   "%max_1_29_0_loc_load = load i32 %max_1_29_0_loc"   --->   Operation 272 'load' 'max_1_29_0_loc_load' <Predicate = true> <Delay = 0.00>
ST_3 : Operation 273 [1/1] (0.00ns)   --->   "%max_1_30_0_loc_load = load i32 %max_1_30_0_loc"   --->   Operation 273 'load' 'max_1_30_0_loc_load' <Predicate = true> <Delay = 0.00>
ST_3 : Operation 274 [1/1] (0.00ns)   --->   "%max_1_31_0_loc_load = load i32 %max_1_31_0_loc"   --->   Operation 274 'load' 'max_1_31_0_loc_load' <Predicate = true> <Delay = 0.00>
ST_3 : Operation 275 [1/1] (0.00ns)   --->   "%max_3_0_0_loc_load = load i32 %max_3_0_0_loc"   --->   Operation 275 'load' 'max_3_0_0_loc_load' <Predicate = true> <Delay = 0.00>
ST_3 : Operation 276 [1/1] (0.00ns)   --->   "%max_3_1_0_loc_load = load i32 %max_3_1_0_loc"   --->   Operation 276 'load' 'max_3_1_0_loc_load' <Predicate = true> <Delay = 0.00>
ST_3 : Operation 277 [1/1] (0.00ns)   --->   "%max_3_2_0_loc_load = load i32 %max_3_2_0_loc"   --->   Operation 277 'load' 'max_3_2_0_loc_load' <Predicate = true> <Delay = 0.00>
ST_3 : Operation 278 [1/1] (0.00ns)   --->   "%max_3_3_0_loc_load = load i32 %max_3_3_0_loc"   --->   Operation 278 'load' 'max_3_3_0_loc_load' <Predicate = true> <Delay = 0.00>
ST_3 : Operation 279 [1/1] (0.00ns)   --->   "%max_3_4_0_loc_load = load i32 %max_3_4_0_loc"   --->   Operation 279 'load' 'max_3_4_0_loc_load' <Predicate = true> <Delay = 0.00>
ST_3 : Operation 280 [1/1] (0.00ns)   --->   "%max_3_5_0_loc_load = load i32 %max_3_5_0_loc"   --->   Operation 280 'load' 'max_3_5_0_loc_load' <Predicate = true> <Delay = 0.00>
ST_3 : Operation 281 [1/1] (0.00ns)   --->   "%max_3_6_0_loc_load = load i32 %max_3_6_0_loc"   --->   Operation 281 'load' 'max_3_6_0_loc_load' <Predicate = true> <Delay = 0.00>
ST_3 : Operation 282 [1/1] (0.00ns)   --->   "%max_3_7_0_loc_load = load i32 %max_3_7_0_loc"   --->   Operation 282 'load' 'max_3_7_0_loc_load' <Predicate = true> <Delay = 0.00>
ST_3 : Operation 283 [1/1] (0.00ns)   --->   "%max_3_8_0_loc_load = load i32 %max_3_8_0_loc"   --->   Operation 283 'load' 'max_3_8_0_loc_load' <Predicate = true> <Delay = 0.00>
ST_3 : Operation 284 [1/1] (0.00ns)   --->   "%max_3_9_0_loc_load = load i32 %max_3_9_0_loc"   --->   Operation 284 'load' 'max_3_9_0_loc_load' <Predicate = true> <Delay = 0.00>
ST_3 : Operation 285 [1/1] (0.00ns)   --->   "%max_3_10_0_loc_load = load i32 %max_3_10_0_loc"   --->   Operation 285 'load' 'max_3_10_0_loc_load' <Predicate = true> <Delay = 0.00>
ST_3 : Operation 286 [1/1] (0.00ns)   --->   "%max_3_11_0_loc_load = load i32 %max_3_11_0_loc"   --->   Operation 286 'load' 'max_3_11_0_loc_load' <Predicate = true> <Delay = 0.00>
ST_3 : Operation 287 [1/1] (0.00ns)   --->   "%max_3_12_0_loc_load = load i32 %max_3_12_0_loc"   --->   Operation 287 'load' 'max_3_12_0_loc_load' <Predicate = true> <Delay = 0.00>
ST_3 : Operation 288 [1/1] (0.00ns)   --->   "%max_3_13_0_loc_load = load i32 %max_3_13_0_loc"   --->   Operation 288 'load' 'max_3_13_0_loc_load' <Predicate = true> <Delay = 0.00>
ST_3 : Operation 289 [1/1] (0.00ns)   --->   "%max_3_14_0_loc_load = load i32 %max_3_14_0_loc"   --->   Operation 289 'load' 'max_3_14_0_loc_load' <Predicate = true> <Delay = 0.00>
ST_3 : Operation 290 [1/1] (0.00ns)   --->   "%max_3_15_0_loc_load = load i32 %max_3_15_0_loc"   --->   Operation 290 'load' 'max_3_15_0_loc_load' <Predicate = true> <Delay = 0.00>
ST_3 : Operation 291 [1/1] (0.00ns)   --->   "%max_3_16_0_loc_load = load i32 %max_3_16_0_loc"   --->   Operation 291 'load' 'max_3_16_0_loc_load' <Predicate = true> <Delay = 0.00>
ST_3 : Operation 292 [1/1] (0.00ns)   --->   "%max_3_17_0_loc_load = load i32 %max_3_17_0_loc"   --->   Operation 292 'load' 'max_3_17_0_loc_load' <Predicate = true> <Delay = 0.00>
ST_3 : Operation 293 [1/1] (0.00ns)   --->   "%max_3_18_0_loc_load = load i32 %max_3_18_0_loc"   --->   Operation 293 'load' 'max_3_18_0_loc_load' <Predicate = true> <Delay = 0.00>
ST_3 : Operation 294 [1/1] (0.00ns)   --->   "%max_3_19_0_loc_load = load i32 %max_3_19_0_loc"   --->   Operation 294 'load' 'max_3_19_0_loc_load' <Predicate = true> <Delay = 0.00>
ST_3 : Operation 295 [1/1] (0.00ns)   --->   "%max_3_20_0_loc_load = load i32 %max_3_20_0_loc"   --->   Operation 295 'load' 'max_3_20_0_loc_load' <Predicate = true> <Delay = 0.00>
ST_3 : Operation 296 [1/1] (0.00ns)   --->   "%max_3_21_0_loc_load = load i32 %max_3_21_0_loc"   --->   Operation 296 'load' 'max_3_21_0_loc_load' <Predicate = true> <Delay = 0.00>
ST_3 : Operation 297 [1/1] (0.00ns)   --->   "%max_3_22_0_loc_load = load i32 %max_3_22_0_loc"   --->   Operation 297 'load' 'max_3_22_0_loc_load' <Predicate = true> <Delay = 0.00>
ST_3 : Operation 298 [1/1] (0.00ns)   --->   "%max_3_23_0_loc_load = load i32 %max_3_23_0_loc"   --->   Operation 298 'load' 'max_3_23_0_loc_load' <Predicate = true> <Delay = 0.00>
ST_3 : Operation 299 [1/1] (0.00ns)   --->   "%max_3_24_0_loc_load = load i32 %max_3_24_0_loc"   --->   Operation 299 'load' 'max_3_24_0_loc_load' <Predicate = true> <Delay = 0.00>
ST_3 : Operation 300 [1/1] (0.00ns)   --->   "%max_3_25_0_loc_load = load i32 %max_3_25_0_loc"   --->   Operation 300 'load' 'max_3_25_0_loc_load' <Predicate = true> <Delay = 0.00>
ST_3 : Operation 301 [1/1] (0.00ns)   --->   "%max_3_26_0_loc_load = load i32 %max_3_26_0_loc"   --->   Operation 301 'load' 'max_3_26_0_loc_load' <Predicate = true> <Delay = 0.00>
ST_3 : Operation 302 [1/1] (0.00ns)   --->   "%max_3_27_0_loc_load = load i32 %max_3_27_0_loc"   --->   Operation 302 'load' 'max_3_27_0_loc_load' <Predicate = true> <Delay = 0.00>
ST_3 : Operation 303 [1/1] (0.00ns)   --->   "%max_3_28_0_loc_load = load i32 %max_3_28_0_loc"   --->   Operation 303 'load' 'max_3_28_0_loc_load' <Predicate = true> <Delay = 0.00>
ST_3 : Operation 304 [1/1] (0.00ns)   --->   "%max_3_29_0_loc_load = load i32 %max_3_29_0_loc"   --->   Operation 304 'load' 'max_3_29_0_loc_load' <Predicate = true> <Delay = 0.00>
ST_3 : Operation 305 [1/1] (0.00ns)   --->   "%max_3_30_0_loc_load = load i32 %max_3_30_0_loc"   --->   Operation 305 'load' 'max_3_30_0_loc_load' <Predicate = true> <Delay = 0.00>
ST_3 : Operation 306 [1/1] (0.00ns)   --->   "%max_3_31_0_loc_load = load i32 %max_3_31_0_loc"   --->   Operation 306 'load' 'max_3_31_0_loc_load' <Predicate = true> <Delay = 0.00>
ST_3 : Operation 307 [1/1] (0.00ns)   --->   "%max_0_0_0_loc_load = load i16 %max_0_0_0_loc"   --->   Operation 307 'load' 'max_0_0_0_loc_load' <Predicate = true> <Delay = 0.00>
ST_3 : Operation 308 [1/1] (0.00ns)   --->   "%max_0_1_0_loc_load = load i16 %max_0_1_0_loc"   --->   Operation 308 'load' 'max_0_1_0_loc_load' <Predicate = true> <Delay = 0.00>
ST_3 : Operation 309 [1/1] (0.00ns)   --->   "%max_0_2_0_loc_load = load i16 %max_0_2_0_loc"   --->   Operation 309 'load' 'max_0_2_0_loc_load' <Predicate = true> <Delay = 0.00>
ST_3 : Operation 310 [1/1] (0.00ns)   --->   "%max_0_3_0_loc_load = load i16 %max_0_3_0_loc"   --->   Operation 310 'load' 'max_0_3_0_loc_load' <Predicate = true> <Delay = 0.00>
ST_3 : Operation 311 [1/1] (0.00ns)   --->   "%max_0_4_0_loc_load = load i16 %max_0_4_0_loc"   --->   Operation 311 'load' 'max_0_4_0_loc_load' <Predicate = true> <Delay = 0.00>
ST_3 : Operation 312 [1/1] (0.00ns)   --->   "%max_0_5_0_loc_load = load i16 %max_0_5_0_loc"   --->   Operation 312 'load' 'max_0_5_0_loc_load' <Predicate = true> <Delay = 0.00>
ST_3 : Operation 313 [1/1] (0.00ns)   --->   "%max_0_6_0_loc_load = load i16 %max_0_6_0_loc"   --->   Operation 313 'load' 'max_0_6_0_loc_load' <Predicate = true> <Delay = 0.00>
ST_3 : Operation 314 [1/1] (0.00ns)   --->   "%max_0_7_0_loc_load = load i16 %max_0_7_0_loc"   --->   Operation 314 'load' 'max_0_7_0_loc_load' <Predicate = true> <Delay = 0.00>
ST_3 : Operation 315 [1/1] (0.00ns)   --->   "%max_0_8_0_loc_load = load i16 %max_0_8_0_loc"   --->   Operation 315 'load' 'max_0_8_0_loc_load' <Predicate = true> <Delay = 0.00>
ST_3 : Operation 316 [1/1] (0.00ns)   --->   "%max_0_9_0_loc_load = load i16 %max_0_9_0_loc"   --->   Operation 316 'load' 'max_0_9_0_loc_load' <Predicate = true> <Delay = 0.00>
ST_3 : Operation 317 [1/1] (0.00ns)   --->   "%max_0_10_0_loc_load = load i16 %max_0_10_0_loc"   --->   Operation 317 'load' 'max_0_10_0_loc_load' <Predicate = true> <Delay = 0.00>
ST_3 : Operation 318 [1/1] (0.00ns)   --->   "%max_0_11_0_loc_load = load i16 %max_0_11_0_loc"   --->   Operation 318 'load' 'max_0_11_0_loc_load' <Predicate = true> <Delay = 0.00>
ST_3 : Operation 319 [1/1] (0.00ns)   --->   "%max_0_12_0_loc_load = load i16 %max_0_12_0_loc"   --->   Operation 319 'load' 'max_0_12_0_loc_load' <Predicate = true> <Delay = 0.00>
ST_3 : Operation 320 [1/1] (0.00ns)   --->   "%max_0_1315_0_loc_load = load i16 %max_0_1315_0_loc"   --->   Operation 320 'load' 'max_0_1315_0_loc_load' <Predicate = true> <Delay = 0.00>
ST_3 : Operation 321 [1/1] (0.00ns)   --->   "%max_0_14_0_loc_load = load i16 %max_0_14_0_loc"   --->   Operation 321 'load' 'max_0_14_0_loc_load' <Predicate = true> <Delay = 0.00>
ST_3 : Operation 322 [1/1] (0.00ns)   --->   "%max_0_15_0_loc_load = load i16 %max_0_15_0_loc"   --->   Operation 322 'load' 'max_0_15_0_loc_load' <Predicate = true> <Delay = 0.00>
ST_3 : Operation 323 [1/1] (0.00ns)   --->   "%max_0_16_0_loc_load = load i16 %max_0_16_0_loc"   --->   Operation 323 'load' 'max_0_16_0_loc_load' <Predicate = true> <Delay = 0.00>
ST_3 : Operation 324 [1/1] (0.00ns)   --->   "%max_0_17_0_loc_load = load i16 %max_0_17_0_loc"   --->   Operation 324 'load' 'max_0_17_0_loc_load' <Predicate = true> <Delay = 0.00>
ST_3 : Operation 325 [1/1] (0.00ns)   --->   "%max_0_18_0_loc_load = load i16 %max_0_18_0_loc"   --->   Operation 325 'load' 'max_0_18_0_loc_load' <Predicate = true> <Delay = 0.00>
ST_3 : Operation 326 [1/1] (0.00ns)   --->   "%max_0_19_0_loc_load = load i16 %max_0_19_0_loc"   --->   Operation 326 'load' 'max_0_19_0_loc_load' <Predicate = true> <Delay = 0.00>
ST_3 : Operation 327 [1/1] (0.00ns)   --->   "%max_0_20_0_loc_load = load i16 %max_0_20_0_loc"   --->   Operation 327 'load' 'max_0_20_0_loc_load' <Predicate = true> <Delay = 0.00>
ST_3 : Operation 328 [1/1] (0.00ns)   --->   "%max_0_21_0_loc_load = load i16 %max_0_21_0_loc"   --->   Operation 328 'load' 'max_0_21_0_loc_load' <Predicate = true> <Delay = 0.00>
ST_3 : Operation 329 [1/1] (0.00ns)   --->   "%max_0_22_0_loc_load = load i16 %max_0_22_0_loc"   --->   Operation 329 'load' 'max_0_22_0_loc_load' <Predicate = true> <Delay = 0.00>
ST_3 : Operation 330 [1/1] (0.00ns)   --->   "%max_0_23_0_loc_load = load i16 %max_0_23_0_loc"   --->   Operation 330 'load' 'max_0_23_0_loc_load' <Predicate = true> <Delay = 0.00>
ST_3 : Operation 331 [1/1] (0.00ns)   --->   "%max_0_2427_0_loc_load = load i16 %max_0_2427_0_loc"   --->   Operation 331 'load' 'max_0_2427_0_loc_load' <Predicate = true> <Delay = 0.00>
ST_3 : Operation 332 [1/1] (0.00ns)   --->   "%max_0_25_0_loc_load = load i16 %max_0_25_0_loc"   --->   Operation 332 'load' 'max_0_25_0_loc_load' <Predicate = true> <Delay = 0.00>
ST_3 : Operation 333 [1/1] (0.00ns)   --->   "%max_0_26_0_loc_load = load i16 %max_0_26_0_loc"   --->   Operation 333 'load' 'max_0_26_0_loc_load' <Predicate = true> <Delay = 0.00>
ST_3 : Operation 334 [1/1] (0.00ns)   --->   "%max_0_27_0_loc_load = load i16 %max_0_27_0_loc"   --->   Operation 334 'load' 'max_0_27_0_loc_load' <Predicate = true> <Delay = 0.00>
ST_3 : Operation 335 [1/1] (0.00ns)   --->   "%max_0_28_0_loc_load = load i16 %max_0_28_0_loc"   --->   Operation 335 'load' 'max_0_28_0_loc_load' <Predicate = true> <Delay = 0.00>
ST_3 : Operation 336 [1/1] (0.00ns)   --->   "%max_0_29_0_loc_load = load i16 %max_0_29_0_loc"   --->   Operation 336 'load' 'max_0_29_0_loc_load' <Predicate = true> <Delay = 0.00>
ST_3 : Operation 337 [1/1] (0.00ns)   --->   "%max_0_30_0_loc_load = load i16 %max_0_30_0_loc"   --->   Operation 337 'load' 'max_0_30_0_loc_load' <Predicate = true> <Delay = 0.00>
ST_3 : Operation 338 [1/1] (0.00ns)   --->   "%max_0_31_0_loc_load = load i16 %max_0_31_0_loc"   --->   Operation 338 'load' 'max_0_31_0_loc_load' <Predicate = true> <Delay = 0.00>
ST_3 : Operation 339 [1/1] (0.00ns)   --->   "%mrv_s = insertvalue i2560 <undef>, i32 %max_1_0_0_loc_load" [src/align/align.cpp:411]   --->   Operation 339 'insertvalue' 'mrv_s' <Predicate = true> <Delay = 0.00>
ST_3 : Operation 340 [1/1] (0.00ns)   --->   "%mrv_96 = insertvalue i2560 %mrv_s, i32 %max_1_1_0_loc_load" [src/align/align.cpp:411]   --->   Operation 340 'insertvalue' 'mrv_96' <Predicate = true> <Delay = 0.00>
ST_3 : Operation 341 [1/1] (0.00ns)   --->   "%mrv_97 = insertvalue i2560 %mrv_96, i32 %max_1_2_0_loc_load" [src/align/align.cpp:411]   --->   Operation 341 'insertvalue' 'mrv_97' <Predicate = true> <Delay = 0.00>
ST_3 : Operation 342 [1/1] (0.00ns)   --->   "%mrv_98 = insertvalue i2560 %mrv_97, i32 %max_1_3_0_loc_load" [src/align/align.cpp:411]   --->   Operation 342 'insertvalue' 'mrv_98' <Predicate = true> <Delay = 0.00>
ST_3 : Operation 343 [1/1] (0.00ns)   --->   "%mrv_99 = insertvalue i2560 %mrv_98, i32 %max_1_4_0_loc_load" [src/align/align.cpp:411]   --->   Operation 343 'insertvalue' 'mrv_99' <Predicate = true> <Delay = 0.00>
ST_3 : Operation 344 [1/1] (0.00ns)   --->   "%mrv_100 = insertvalue i2560 %mrv_99, i32 %max_1_5_0_loc_load" [src/align/align.cpp:411]   --->   Operation 344 'insertvalue' 'mrv_100' <Predicate = true> <Delay = 0.00>
ST_3 : Operation 345 [1/1] (0.00ns)   --->   "%mrv_101 = insertvalue i2560 %mrv_100, i32 %max_1_6_0_loc_load" [src/align/align.cpp:411]   --->   Operation 345 'insertvalue' 'mrv_101' <Predicate = true> <Delay = 0.00>
ST_3 : Operation 346 [1/1] (0.00ns)   --->   "%mrv_102 = insertvalue i2560 %mrv_101, i32 %max_1_7_0_loc_load" [src/align/align.cpp:411]   --->   Operation 346 'insertvalue' 'mrv_102' <Predicate = true> <Delay = 0.00>
ST_3 : Operation 347 [1/1] (0.00ns)   --->   "%mrv_103 = insertvalue i2560 %mrv_102, i32 %max_1_8_0_loc_load" [src/align/align.cpp:411]   --->   Operation 347 'insertvalue' 'mrv_103' <Predicate = true> <Delay = 0.00>
ST_3 : Operation 348 [1/1] (0.00ns)   --->   "%mrv_104 = insertvalue i2560 %mrv_103, i32 %max_1_9_0_loc_load" [src/align/align.cpp:411]   --->   Operation 348 'insertvalue' 'mrv_104' <Predicate = true> <Delay = 0.00>
ST_3 : Operation 349 [1/1] (0.00ns)   --->   "%mrv_105 = insertvalue i2560 %mrv_104, i32 %max_1_10_0_loc_load" [src/align/align.cpp:411]   --->   Operation 349 'insertvalue' 'mrv_105' <Predicate = true> <Delay = 0.00>
ST_3 : Operation 350 [1/1] (0.00ns)   --->   "%mrv_106 = insertvalue i2560 %mrv_105, i32 %max_1_11_0_loc_load" [src/align/align.cpp:411]   --->   Operation 350 'insertvalue' 'mrv_106' <Predicate = true> <Delay = 0.00>
ST_3 : Operation 351 [1/1] (0.00ns)   --->   "%mrv_107 = insertvalue i2560 %mrv_106, i32 %max_1_1213_0_loc_load" [src/align/align.cpp:411]   --->   Operation 351 'insertvalue' 'mrv_107' <Predicate = true> <Delay = 0.00>
ST_3 : Operation 352 [1/1] (0.00ns)   --->   "%mrv_108 = insertvalue i2560 %mrv_107, i32 %max_1_13_0_loc_load" [src/align/align.cpp:411]   --->   Operation 352 'insertvalue' 'mrv_108' <Predicate = true> <Delay = 0.00>
ST_3 : Operation 353 [1/1] (0.00ns)   --->   "%mrv_109 = insertvalue i2560 %mrv_108, i32 %max_1_14_0_loc_load" [src/align/align.cpp:411]   --->   Operation 353 'insertvalue' 'mrv_109' <Predicate = true> <Delay = 0.00>
ST_3 : Operation 354 [1/1] (0.00ns)   --->   "%mrv_110 = insertvalue i2560 %mrv_109, i32 %max_1_15_0_loc_load" [src/align/align.cpp:411]   --->   Operation 354 'insertvalue' 'mrv_110' <Predicate = true> <Delay = 0.00>
ST_3 : Operation 355 [1/1] (0.00ns)   --->   "%mrv_111 = insertvalue i2560 %mrv_110, i32 %max_1_16_0_loc_load" [src/align/align.cpp:411]   --->   Operation 355 'insertvalue' 'mrv_111' <Predicate = true> <Delay = 0.00>
ST_3 : Operation 356 [1/1] (0.00ns)   --->   "%mrv_112 = insertvalue i2560 %mrv_111, i32 %max_1_17_0_loc_load" [src/align/align.cpp:411]   --->   Operation 356 'insertvalue' 'mrv_112' <Predicate = true> <Delay = 0.00>
ST_3 : Operation 357 [1/1] (0.00ns)   --->   "%mrv_113 = insertvalue i2560 %mrv_112, i32 %max_1_18_0_loc_load" [src/align/align.cpp:411]   --->   Operation 357 'insertvalue' 'mrv_113' <Predicate = true> <Delay = 0.00>
ST_3 : Operation 358 [1/1] (0.00ns)   --->   "%mrv_114 = insertvalue i2560 %mrv_113, i32 %max_1_19_0_loc_load" [src/align/align.cpp:411]   --->   Operation 358 'insertvalue' 'mrv_114' <Predicate = true> <Delay = 0.00>
ST_3 : Operation 359 [1/1] (0.00ns)   --->   "%mrv_115 = insertvalue i2560 %mrv_114, i32 %max_1_20_0_loc_load" [src/align/align.cpp:411]   --->   Operation 359 'insertvalue' 'mrv_115' <Predicate = true> <Delay = 0.00>
ST_3 : Operation 360 [1/1] (0.00ns)   --->   "%mrv_116 = insertvalue i2560 %mrv_115, i32 %max_1_21_0_loc_load" [src/align/align.cpp:411]   --->   Operation 360 'insertvalue' 'mrv_116' <Predicate = true> <Delay = 0.00>
ST_3 : Operation 361 [1/1] (0.00ns)   --->   "%mrv_117 = insertvalue i2560 %mrv_116, i32 %max_1_22_0_loc_load" [src/align/align.cpp:411]   --->   Operation 361 'insertvalue' 'mrv_117' <Predicate = true> <Delay = 0.00>
ST_3 : Operation 362 [1/1] (0.00ns)   --->   "%mrv_118 = insertvalue i2560 %mrv_117, i32 %max_1_2325_0_loc_load" [src/align/align.cpp:411]   --->   Operation 362 'insertvalue' 'mrv_118' <Predicate = true> <Delay = 0.00>
ST_3 : Operation 363 [1/1] (0.00ns)   --->   "%mrv_119 = insertvalue i2560 %mrv_118, i32 %max_1_24_0_loc_load" [src/align/align.cpp:411]   --->   Operation 363 'insertvalue' 'mrv_119' <Predicate = true> <Delay = 0.00>
ST_3 : Operation 364 [1/1] (0.00ns)   --->   "%mrv_120 = insertvalue i2560 %mrv_119, i32 %max_1_25_0_loc_load" [src/align/align.cpp:411]   --->   Operation 364 'insertvalue' 'mrv_120' <Predicate = true> <Delay = 0.00>
ST_3 : Operation 365 [1/1] (0.00ns)   --->   "%mrv_121 = insertvalue i2560 %mrv_120, i32 %max_1_26_0_loc_load" [src/align/align.cpp:411]   --->   Operation 365 'insertvalue' 'mrv_121' <Predicate = true> <Delay = 0.00>
ST_3 : Operation 366 [1/1] (0.00ns)   --->   "%mrv_122 = insertvalue i2560 %mrv_121, i32 %max_1_27_0_loc_load" [src/align/align.cpp:411]   --->   Operation 366 'insertvalue' 'mrv_122' <Predicate = true> <Delay = 0.00>
ST_3 : Operation 367 [1/1] (0.00ns)   --->   "%mrv_123 = insertvalue i2560 %mrv_122, i32 %max_1_28_0_loc_load" [src/align/align.cpp:411]   --->   Operation 367 'insertvalue' 'mrv_123' <Predicate = true> <Delay = 0.00>
ST_3 : Operation 368 [1/1] (0.00ns)   --->   "%mrv_124 = insertvalue i2560 %mrv_123, i32 %max_1_29_0_loc_load" [src/align/align.cpp:411]   --->   Operation 368 'insertvalue' 'mrv_124' <Predicate = true> <Delay = 0.00>
ST_3 : Operation 369 [1/1] (0.00ns)   --->   "%mrv_125 = insertvalue i2560 %mrv_124, i32 %max_1_30_0_loc_load" [src/align/align.cpp:411]   --->   Operation 369 'insertvalue' 'mrv_125' <Predicate = true> <Delay = 0.00>
ST_3 : Operation 370 [1/1] (0.00ns)   --->   "%mrv_126 = insertvalue i2560 %mrv_125, i32 %max_1_31_0_loc_load" [src/align/align.cpp:411]   --->   Operation 370 'insertvalue' 'mrv_126' <Predicate = true> <Delay = 0.00>
ST_3 : Operation 371 [1/1] (0.00ns)   --->   "%mrv_127 = insertvalue i2560 %mrv_126, i32 %max_3_0_0_loc_load" [src/align/align.cpp:411]   --->   Operation 371 'insertvalue' 'mrv_127' <Predicate = true> <Delay = 0.00>
ST_3 : Operation 372 [1/1] (0.00ns)   --->   "%mrv_128 = insertvalue i2560 %mrv_127, i32 %max_3_1_0_loc_load" [src/align/align.cpp:411]   --->   Operation 372 'insertvalue' 'mrv_128' <Predicate = true> <Delay = 0.00>
ST_3 : Operation 373 [1/1] (0.00ns)   --->   "%mrv_129 = insertvalue i2560 %mrv_128, i32 %max_3_2_0_loc_load" [src/align/align.cpp:411]   --->   Operation 373 'insertvalue' 'mrv_129' <Predicate = true> <Delay = 0.00>
ST_3 : Operation 374 [1/1] (0.00ns)   --->   "%mrv_130 = insertvalue i2560 %mrv_129, i32 %max_3_3_0_loc_load" [src/align/align.cpp:411]   --->   Operation 374 'insertvalue' 'mrv_130' <Predicate = true> <Delay = 0.00>
ST_3 : Operation 375 [1/1] (0.00ns)   --->   "%mrv_131 = insertvalue i2560 %mrv_130, i32 %max_3_4_0_loc_load" [src/align/align.cpp:411]   --->   Operation 375 'insertvalue' 'mrv_131' <Predicate = true> <Delay = 0.00>
ST_3 : Operation 376 [1/1] (0.00ns)   --->   "%mrv_132 = insertvalue i2560 %mrv_131, i32 %max_3_5_0_loc_load" [src/align/align.cpp:411]   --->   Operation 376 'insertvalue' 'mrv_132' <Predicate = true> <Delay = 0.00>
ST_3 : Operation 377 [1/1] (0.00ns)   --->   "%mrv_133 = insertvalue i2560 %mrv_132, i32 %max_3_6_0_loc_load" [src/align/align.cpp:411]   --->   Operation 377 'insertvalue' 'mrv_133' <Predicate = true> <Delay = 0.00>
ST_3 : Operation 378 [1/1] (0.00ns)   --->   "%mrv_134 = insertvalue i2560 %mrv_133, i32 %max_3_7_0_loc_load" [src/align/align.cpp:411]   --->   Operation 378 'insertvalue' 'mrv_134' <Predicate = true> <Delay = 0.00>
ST_3 : Operation 379 [1/1] (0.00ns)   --->   "%mrv_135 = insertvalue i2560 %mrv_134, i32 %max_3_8_0_loc_load" [src/align/align.cpp:411]   --->   Operation 379 'insertvalue' 'mrv_135' <Predicate = true> <Delay = 0.00>
ST_3 : Operation 380 [1/1] (0.00ns)   --->   "%mrv_136 = insertvalue i2560 %mrv_135, i32 %max_3_9_0_loc_load" [src/align/align.cpp:411]   --->   Operation 380 'insertvalue' 'mrv_136' <Predicate = true> <Delay = 0.00>
ST_3 : Operation 381 [1/1] (0.00ns)   --->   "%mrv_137 = insertvalue i2560 %mrv_136, i32 %max_3_10_0_loc_load" [src/align/align.cpp:411]   --->   Operation 381 'insertvalue' 'mrv_137' <Predicate = true> <Delay = 0.00>
ST_3 : Operation 382 [1/1] (0.00ns)   --->   "%mrv_138 = insertvalue i2560 %mrv_137, i32 %max_3_11_0_loc_load" [src/align/align.cpp:411]   --->   Operation 382 'insertvalue' 'mrv_138' <Predicate = true> <Delay = 0.00>
ST_3 : Operation 383 [1/1] (0.00ns)   --->   "%mrv_139 = insertvalue i2560 %mrv_138, i32 %max_3_12_0_loc_load" [src/align/align.cpp:411]   --->   Operation 383 'insertvalue' 'mrv_139' <Predicate = true> <Delay = 0.00>
ST_3 : Operation 384 [1/1] (0.00ns)   --->   "%mrv_140 = insertvalue i2560 %mrv_139, i32 %max_3_13_0_loc_load" [src/align/align.cpp:411]   --->   Operation 384 'insertvalue' 'mrv_140' <Predicate = true> <Delay = 0.00>
ST_3 : Operation 385 [1/1] (0.00ns)   --->   "%mrv_141 = insertvalue i2560 %mrv_140, i32 %max_3_14_0_loc_load" [src/align/align.cpp:411]   --->   Operation 385 'insertvalue' 'mrv_141' <Predicate = true> <Delay = 0.00>
ST_3 : Operation 386 [1/1] (0.00ns)   --->   "%mrv_142 = insertvalue i2560 %mrv_141, i32 %max_3_15_0_loc_load" [src/align/align.cpp:411]   --->   Operation 386 'insertvalue' 'mrv_142' <Predicate = true> <Delay = 0.00>
ST_3 : Operation 387 [1/1] (0.00ns)   --->   "%mrv_143 = insertvalue i2560 %mrv_142, i32 %max_3_16_0_loc_load" [src/align/align.cpp:411]   --->   Operation 387 'insertvalue' 'mrv_143' <Predicate = true> <Delay = 0.00>
ST_3 : Operation 388 [1/1] (0.00ns)   --->   "%mrv_144 = insertvalue i2560 %mrv_143, i32 %max_3_17_0_loc_load" [src/align/align.cpp:411]   --->   Operation 388 'insertvalue' 'mrv_144' <Predicate = true> <Delay = 0.00>
ST_3 : Operation 389 [1/1] (0.00ns)   --->   "%mrv_145 = insertvalue i2560 %mrv_144, i32 %max_3_18_0_loc_load" [src/align/align.cpp:411]   --->   Operation 389 'insertvalue' 'mrv_145' <Predicate = true> <Delay = 0.00>
ST_3 : Operation 390 [1/1] (0.00ns)   --->   "%mrv_146 = insertvalue i2560 %mrv_145, i32 %max_3_19_0_loc_load" [src/align/align.cpp:411]   --->   Operation 390 'insertvalue' 'mrv_146' <Predicate = true> <Delay = 0.00>
ST_3 : Operation 391 [1/1] (0.00ns)   --->   "%mrv_147 = insertvalue i2560 %mrv_146, i32 %max_3_20_0_loc_load" [src/align/align.cpp:411]   --->   Operation 391 'insertvalue' 'mrv_147' <Predicate = true> <Delay = 0.00>
ST_3 : Operation 392 [1/1] (0.00ns)   --->   "%mrv_148 = insertvalue i2560 %mrv_147, i32 %max_3_21_0_loc_load" [src/align/align.cpp:411]   --->   Operation 392 'insertvalue' 'mrv_148' <Predicate = true> <Delay = 0.00>
ST_3 : Operation 393 [1/1] (0.00ns)   --->   "%mrv_149 = insertvalue i2560 %mrv_148, i32 %max_3_22_0_loc_load" [src/align/align.cpp:411]   --->   Operation 393 'insertvalue' 'mrv_149' <Predicate = true> <Delay = 0.00>
ST_3 : Operation 394 [1/1] (0.00ns)   --->   "%mrv_150 = insertvalue i2560 %mrv_149, i32 %max_3_23_0_loc_load" [src/align/align.cpp:411]   --->   Operation 394 'insertvalue' 'mrv_150' <Predicate = true> <Delay = 0.00>
ST_3 : Operation 395 [1/1] (0.00ns)   --->   "%mrv_151 = insertvalue i2560 %mrv_150, i32 %max_3_24_0_loc_load" [src/align/align.cpp:411]   --->   Operation 395 'insertvalue' 'mrv_151' <Predicate = true> <Delay = 0.00>
ST_3 : Operation 396 [1/1] (0.00ns)   --->   "%mrv_152 = insertvalue i2560 %mrv_151, i32 %max_3_25_0_loc_load" [src/align/align.cpp:411]   --->   Operation 396 'insertvalue' 'mrv_152' <Predicate = true> <Delay = 0.00>
ST_3 : Operation 397 [1/1] (0.00ns)   --->   "%mrv_153 = insertvalue i2560 %mrv_152, i32 %max_3_26_0_loc_load" [src/align/align.cpp:411]   --->   Operation 397 'insertvalue' 'mrv_153' <Predicate = true> <Delay = 0.00>
ST_3 : Operation 398 [1/1] (0.00ns)   --->   "%mrv_154 = insertvalue i2560 %mrv_153, i32 %max_3_27_0_loc_load" [src/align/align.cpp:411]   --->   Operation 398 'insertvalue' 'mrv_154' <Predicate = true> <Delay = 0.00>
ST_3 : Operation 399 [1/1] (0.00ns)   --->   "%mrv_155 = insertvalue i2560 %mrv_154, i32 %max_3_28_0_loc_load" [src/align/align.cpp:411]   --->   Operation 399 'insertvalue' 'mrv_155' <Predicate = true> <Delay = 0.00>
ST_3 : Operation 400 [1/1] (0.00ns)   --->   "%mrv_156 = insertvalue i2560 %mrv_155, i32 %max_3_29_0_loc_load" [src/align/align.cpp:411]   --->   Operation 400 'insertvalue' 'mrv_156' <Predicate = true> <Delay = 0.00>
ST_3 : Operation 401 [1/1] (0.00ns)   --->   "%mrv_157 = insertvalue i2560 %mrv_156, i32 %max_3_30_0_loc_load" [src/align/align.cpp:411]   --->   Operation 401 'insertvalue' 'mrv_157' <Predicate = true> <Delay = 0.00>
ST_3 : Operation 402 [1/1] (0.00ns)   --->   "%mrv_158 = insertvalue i2560 %mrv_157, i32 %max_3_31_0_loc_load" [src/align/align.cpp:411]   --->   Operation 402 'insertvalue' 'mrv_158' <Predicate = true> <Delay = 0.00>
ST_3 : Operation 403 [1/1] (0.00ns)   --->   "%mrv_64 = insertvalue i2560 %mrv_158, i16 %max_0_0_0_loc_load" [src/align/align.cpp:411]   --->   Operation 403 'insertvalue' 'mrv_64' <Predicate = true> <Delay = 0.00>
ST_3 : Operation 404 [1/1] (0.00ns)   --->   "%mrv_65 = insertvalue i2560 %mrv_64, i16 %max_0_1_0_loc_load" [src/align/align.cpp:411]   --->   Operation 404 'insertvalue' 'mrv_65' <Predicate = true> <Delay = 0.00>
ST_3 : Operation 405 [1/1] (0.00ns)   --->   "%mrv_66 = insertvalue i2560 %mrv_65, i16 %max_0_2_0_loc_load" [src/align/align.cpp:411]   --->   Operation 405 'insertvalue' 'mrv_66' <Predicate = true> <Delay = 0.00>
ST_3 : Operation 406 [1/1] (0.00ns)   --->   "%mrv_67 = insertvalue i2560 %mrv_66, i16 %max_0_3_0_loc_load" [src/align/align.cpp:411]   --->   Operation 406 'insertvalue' 'mrv_67' <Predicate = true> <Delay = 0.00>
ST_3 : Operation 407 [1/1] (0.00ns)   --->   "%mrv_68 = insertvalue i2560 %mrv_67, i16 %max_0_4_0_loc_load" [src/align/align.cpp:411]   --->   Operation 407 'insertvalue' 'mrv_68' <Predicate = true> <Delay = 0.00>
ST_3 : Operation 408 [1/1] (0.00ns)   --->   "%mrv_69 = insertvalue i2560 %mrv_68, i16 %max_0_5_0_loc_load" [src/align/align.cpp:411]   --->   Operation 408 'insertvalue' 'mrv_69' <Predicate = true> <Delay = 0.00>
ST_3 : Operation 409 [1/1] (0.00ns)   --->   "%mrv_70 = insertvalue i2560 %mrv_69, i16 %max_0_6_0_loc_load" [src/align/align.cpp:411]   --->   Operation 409 'insertvalue' 'mrv_70' <Predicate = true> <Delay = 0.00>
ST_3 : Operation 410 [1/1] (0.00ns)   --->   "%mrv_71 = insertvalue i2560 %mrv_70, i16 %max_0_7_0_loc_load" [src/align/align.cpp:411]   --->   Operation 410 'insertvalue' 'mrv_71' <Predicate = true> <Delay = 0.00>
ST_3 : Operation 411 [1/1] (0.00ns)   --->   "%mrv_72 = insertvalue i2560 %mrv_71, i16 %max_0_8_0_loc_load" [src/align/align.cpp:411]   --->   Operation 411 'insertvalue' 'mrv_72' <Predicate = true> <Delay = 0.00>
ST_3 : Operation 412 [1/1] (0.00ns)   --->   "%mrv_73 = insertvalue i2560 %mrv_72, i16 %max_0_9_0_loc_load" [src/align/align.cpp:411]   --->   Operation 412 'insertvalue' 'mrv_73' <Predicate = true> <Delay = 0.00>
ST_3 : Operation 413 [1/1] (0.00ns)   --->   "%mrv_74 = insertvalue i2560 %mrv_73, i16 %max_0_10_0_loc_load" [src/align/align.cpp:411]   --->   Operation 413 'insertvalue' 'mrv_74' <Predicate = true> <Delay = 0.00>
ST_3 : Operation 414 [1/1] (0.00ns)   --->   "%mrv_75 = insertvalue i2560 %mrv_74, i16 %max_0_11_0_loc_load" [src/align/align.cpp:411]   --->   Operation 414 'insertvalue' 'mrv_75' <Predicate = true> <Delay = 0.00>
ST_3 : Operation 415 [1/1] (0.00ns)   --->   "%mrv_76 = insertvalue i2560 %mrv_75, i16 %max_0_12_0_loc_load" [src/align/align.cpp:411]   --->   Operation 415 'insertvalue' 'mrv_76' <Predicate = true> <Delay = 0.00>
ST_3 : Operation 416 [1/1] (0.00ns)   --->   "%mrv_77 = insertvalue i2560 %mrv_76, i16 %max_0_1315_0_loc_load" [src/align/align.cpp:411]   --->   Operation 416 'insertvalue' 'mrv_77' <Predicate = true> <Delay = 0.00>
ST_3 : Operation 417 [1/1] (0.00ns)   --->   "%mrv_78 = insertvalue i2560 %mrv_77, i16 %max_0_14_0_loc_load" [src/align/align.cpp:411]   --->   Operation 417 'insertvalue' 'mrv_78' <Predicate = true> <Delay = 0.00>
ST_3 : Operation 418 [1/1] (0.00ns)   --->   "%mrv_79 = insertvalue i2560 %mrv_78, i16 %max_0_15_0_loc_load" [src/align/align.cpp:411]   --->   Operation 418 'insertvalue' 'mrv_79' <Predicate = true> <Delay = 0.00>
ST_3 : Operation 419 [1/1] (0.00ns)   --->   "%mrv_80 = insertvalue i2560 %mrv_79, i16 %max_0_16_0_loc_load" [src/align/align.cpp:411]   --->   Operation 419 'insertvalue' 'mrv_80' <Predicate = true> <Delay = 0.00>
ST_3 : Operation 420 [1/1] (0.00ns)   --->   "%mrv_81 = insertvalue i2560 %mrv_80, i16 %max_0_17_0_loc_load" [src/align/align.cpp:411]   --->   Operation 420 'insertvalue' 'mrv_81' <Predicate = true> <Delay = 0.00>
ST_3 : Operation 421 [1/1] (0.00ns)   --->   "%mrv_82 = insertvalue i2560 %mrv_81, i16 %max_0_18_0_loc_load" [src/align/align.cpp:411]   --->   Operation 421 'insertvalue' 'mrv_82' <Predicate = true> <Delay = 0.00>
ST_3 : Operation 422 [1/1] (0.00ns)   --->   "%mrv_83 = insertvalue i2560 %mrv_82, i16 %max_0_19_0_loc_load" [src/align/align.cpp:411]   --->   Operation 422 'insertvalue' 'mrv_83' <Predicate = true> <Delay = 0.00>
ST_3 : Operation 423 [1/1] (0.00ns)   --->   "%mrv_84 = insertvalue i2560 %mrv_83, i16 %max_0_20_0_loc_load" [src/align/align.cpp:411]   --->   Operation 423 'insertvalue' 'mrv_84' <Predicate = true> <Delay = 0.00>
ST_3 : Operation 424 [1/1] (0.00ns)   --->   "%mrv_85 = insertvalue i2560 %mrv_84, i16 %max_0_21_0_loc_load" [src/align/align.cpp:411]   --->   Operation 424 'insertvalue' 'mrv_85' <Predicate = true> <Delay = 0.00>
ST_3 : Operation 425 [1/1] (0.00ns)   --->   "%mrv_86 = insertvalue i2560 %mrv_85, i16 %max_0_22_0_loc_load" [src/align/align.cpp:411]   --->   Operation 425 'insertvalue' 'mrv_86' <Predicate = true> <Delay = 0.00>
ST_3 : Operation 426 [1/1] (0.00ns)   --->   "%mrv_87 = insertvalue i2560 %mrv_86, i16 %max_0_23_0_loc_load" [src/align/align.cpp:411]   --->   Operation 426 'insertvalue' 'mrv_87' <Predicate = true> <Delay = 0.00>
ST_3 : Operation 427 [1/1] (0.00ns)   --->   "%mrv_88 = insertvalue i2560 %mrv_87, i16 %max_0_2427_0_loc_load" [src/align/align.cpp:411]   --->   Operation 427 'insertvalue' 'mrv_88' <Predicate = true> <Delay = 0.00>
ST_3 : Operation 428 [1/1] (0.00ns)   --->   "%mrv_89 = insertvalue i2560 %mrv_88, i16 %max_0_25_0_loc_load" [src/align/align.cpp:411]   --->   Operation 428 'insertvalue' 'mrv_89' <Predicate = true> <Delay = 0.00>
ST_3 : Operation 429 [1/1] (0.00ns)   --->   "%mrv_90 = insertvalue i2560 %mrv_89, i16 %max_0_26_0_loc_load" [src/align/align.cpp:411]   --->   Operation 429 'insertvalue' 'mrv_90' <Predicate = true> <Delay = 0.00>
ST_3 : Operation 430 [1/1] (0.00ns)   --->   "%mrv_91 = insertvalue i2560 %mrv_90, i16 %max_0_27_0_loc_load" [src/align/align.cpp:411]   --->   Operation 430 'insertvalue' 'mrv_91' <Predicate = true> <Delay = 0.00>
ST_3 : Operation 431 [1/1] (0.00ns)   --->   "%mrv_92 = insertvalue i2560 %mrv_91, i16 %max_0_28_0_loc_load" [src/align/align.cpp:411]   --->   Operation 431 'insertvalue' 'mrv_92' <Predicate = true> <Delay = 0.00>
ST_3 : Operation 432 [1/1] (0.00ns)   --->   "%mrv_93 = insertvalue i2560 %mrv_92, i16 %max_0_29_0_loc_load" [src/align/align.cpp:411]   --->   Operation 432 'insertvalue' 'mrv_93' <Predicate = true> <Delay = 0.00>
ST_3 : Operation 433 [1/1] (0.00ns)   --->   "%mrv_94 = insertvalue i2560 %mrv_93, i16 %max_0_30_0_loc_load" [src/align/align.cpp:411]   --->   Operation 433 'insertvalue' 'mrv_94' <Predicate = true> <Delay = 0.00>
ST_3 : Operation 434 [1/1] (0.00ns)   --->   "%mrv_95 = insertvalue i2560 %mrv_94, i16 %max_0_31_0_loc_load" [src/align/align.cpp:411]   --->   Operation 434 'insertvalue' 'mrv_95' <Predicate = true> <Delay = 0.00>
ST_3 : Operation 435 [1/1] (0.00ns)   --->   "%ret_ln411 = ret i2560 %mrv_95" [src/align/align.cpp:411]   --->   Operation 435 'ret' 'ret_ln411' <Predicate = true> <Delay = 0.00>


============================================================
+ Verbose Summary: Timing violations
============================================================
Target clock period: 4.000ns, clock uncertainty: 1.080ns.

 <State 1>: 2.459ns
The critical path consists of the following:
	wire read operation ('reference_length_read') on port 'reference_length' [279]  (0.000 ns)
	'add' operation ('sub') [413]  (1.016 ns)
	'call' operation ('call_ln249', src/align/align.cpp:249->src/align/align.cpp:361) to 'ChunkCompute_Pipeline_VITIS_LOOP_347_1' [415]  (1.443 ns)

 <State 2>: 0.000ns
The critical path consists of the following:

 <State 3>: 0.000ns
The critical path consists of the following:


============================================================
+ Verbose Summary: Binding
============================================================
N/A
* FSMD analyzer results:
  - Output states:
 - Input state : 
  - Chain level:
	State 1
	State 2
	State 3


============================================================
+ Verbose Summary: Datapath Resource usage 
============================================================
N/A
