/home/AD.UCSD.EDU/jsliang/DP-HLS/BasicKernel/solution1/.autopilot/db/frontend.pp.0.cpp:1343:7: warning: Added loop label VITIS_LOOP_1213_1:   [xilinx-label-all-loops]
      for (i = 0; i < __N - 1; ++i) {
      ^~~
      VITIS_LOOP_1213_1: 
/home/AD.UCSD.EDU/jsliang/DP-HLS/BasicKernel/solution1/.autopilot/db/frontend.pp.0.cpp:1343:7: note: FIX-IT applied suggested code changes
/home/AD.UCSD.EDU/jsliang/DP-HLS/BasicKernel/solution1/.autopilot/db/frontend.pp.0.cpp:2317:5: warning: Added loop label VITIS_LOOP_676_1:   [xilinx-label-all-loops]
    for (unsigned i = low; i != high; ++i) {
    ^~~
    VITIS_LOOP_676_1: 
/home/AD.UCSD.EDU/jsliang/DP-HLS/BasicKernel/solution1/.autopilot/db/frontend.pp.0.cpp:2317:5: note: FIX-IT applied suggested code changes
/home/AD.UCSD.EDU/jsliang/DP-HLS/BasicKernel/solution1/.autopilot/db/frontend.pp.0.cpp:2331:5: warning: Added loop label VITIS_LOOP_690_1:   [xilinx-label-all-loops]
    for (unsigned i = low; i != high; ++i) {
    ^~~
    VITIS_LOOP_690_1: 
/home/AD.UCSD.EDU/jsliang/DP-HLS/BasicKernel/solution1/.autopilot/db/frontend.pp.0.cpp:2331:5: note: FIX-IT applied suggested code changes
/home/AD.UCSD.EDU/jsliang/DP-HLS/BasicKernel/solution1/.autopilot/db/frontend.pp.0.cpp:2345:5: warning: Added loop label VITIS_LOOP_704_1:   [xilinx-label-all-loops]
    for (unsigned i = low; i != high; ++i) {
    ^~~
    VITIS_LOOP_704_1: 
/home/AD.UCSD.EDU/jsliang/DP-HLS/BasicKernel/solution1/.autopilot/db/frontend.pp.0.cpp:2345:5: note: FIX-IT applied suggested code changes
/home/AD.UCSD.EDU/jsliang/DP-HLS/BasicKernel/solution1/.autopilot/db/frontend.pp.0.cpp:3944:7: warning: Added loop label VITIS_LOOP_1247_1:   [xilinx-label-all-loops]
      for (i = 0; i < __N - 1; ++i) {
      ^~~
      VITIS_LOOP_1247_1: 
/home/AD.UCSD.EDU/jsliang/DP-HLS/BasicKernel/solution1/.autopilot/db/frontend.pp.0.cpp:3944:7: note: FIX-IT applied suggested code changes
/home/AD.UCSD.EDU/jsliang/DP-HLS/BasicKernel/solution1/.autopilot/db/frontend.pp.0.cpp:26052:5: warning: Added loop label VITIS_LOOP_124_1:   [xilinx-label-all-loops]
    for (size_t i = 0; i < N; ++i) {
    ^~~
    VITIS_LOOP_124_1: 
/home/AD.UCSD.EDU/jsliang/DP-HLS/BasicKernel/solution1/.autopilot/db/frontend.pp.0.cpp:26052:5: note: FIX-IT applied suggested code changes
/home/AD.UCSD.EDU/jsliang/DP-HLS/BasicKernel/solution1/.autopilot/db/frontend.pp.0.cpp:26068:5: warning: Added loop label VITIS_LOOP_140_1:   [xilinx-label-all-loops]
    for (size_t i = 0; i < N; ++i) {
    ^~~
    VITIS_LOOP_140_1: 
/home/AD.UCSD.EDU/jsliang/DP-HLS/BasicKernel/solution1/.autopilot/db/frontend.pp.0.cpp:26068:5: note: FIX-IT applied suggested code changes
/home/AD.UCSD.EDU/jsliang/DP-HLS/BasicKernel/solution1/.autopilot/db/frontend.pp.0.cpp:26084:75: warning: Added loop label VITIS_LOOP_166_1:   [xilinx-label-all-loops]
  inline __attribute__((always_inline)) vector &operator ++() { pragma(); for (size_t i = 0; i < N; ++i) {
                                                                          ^~~
                                                                          VITIS_LOOP_166_1: 
/home/AD.UCSD.EDU/jsliang/DP-HLS/BasicKernel/solution1/.autopilot/db/frontend.pp.0.cpp:26084:75: note: FIX-IT applied suggested code changes
/home/AD.UCSD.EDU/jsliang/DP-HLS/BasicKernel/solution1/.autopilot/db/frontend.pp.0.cpp:26089:75: warning: Added loop label VITIS_LOOP_167_1:   [xilinx-label-all-loops]
  inline __attribute__((always_inline)) vector &operator --() { pragma(); for (size_t i = 0; i < N; ++i) {
                                                                          ^~~
                                                                          VITIS_LOOP_167_1: 
/home/AD.UCSD.EDU/jsliang/DP-HLS/BasicKernel/solution1/.autopilot/db/frontend.pp.0.cpp:26089:75: note: FIX-IT applied suggested code changes
/home/AD.UCSD.EDU/jsliang/DP-HLS/BasicKernel/solution1/.autopilot/db/frontend.pp.0.cpp:26098:106: warning: Added loop label VITIS_LOOP_195_1:   [xilinx-label-all-loops]
  inline __attribute__((always_inline)) vector &operator +=(const vector &rhs) { pragma(); rhs.pragma(); for (size_t i = 0; i < N; ++i) {
                                                                                                         ^~~
                                                                                                         VITIS_LOOP_195_1: 
/home/AD.UCSD.EDU/jsliang/DP-HLS/BasicKernel/solution1/.autopilot/db/frontend.pp.0.cpp:26098:106: note: FIX-IT applied suggested code changes
/home/AD.UCSD.EDU/jsliang/DP-HLS/BasicKernel/solution1/.autopilot/db/frontend.pp.0.cpp:26103:106: warning: Added loop label VITIS_LOOP_196_1:   [xilinx-label-all-loops]
  inline __attribute__((always_inline)) vector &operator -=(const vector &rhs) { pragma(); rhs.pragma(); for (size_t i = 0; i < N; ++i) {
                                                                                                         ^~~
                                                                                                         VITIS_LOOP_196_1: 
/home/AD.UCSD.EDU/jsliang/DP-HLS/BasicKernel/solution1/.autopilot/db/frontend.pp.0.cpp:26103:106: note: FIX-IT applied suggested code changes
/home/AD.UCSD.EDU/jsliang/DP-HLS/BasicKernel/solution1/.autopilot/db/frontend.pp.0.cpp:26108:106: warning: Added loop label VITIS_LOOP_197_1:   [xilinx-label-all-loops]
  inline __attribute__((always_inline)) vector &operator *=(const vector &rhs) { pragma(); rhs.pragma(); for (size_t i = 0; i < N; ++i) {
                                                                                                         ^~~
                                                                                                         VITIS_LOOP_197_1: 
/home/AD.UCSD.EDU/jsliang/DP-HLS/BasicKernel/solution1/.autopilot/db/frontend.pp.0.cpp:26108:106: note: FIX-IT applied suggested code changes
/home/AD.UCSD.EDU/jsliang/DP-HLS/BasicKernel/solution1/.autopilot/db/frontend.pp.0.cpp:26113:106: warning: Added loop label VITIS_LOOP_198_1:   [xilinx-label-all-loops]
  inline __attribute__((always_inline)) vector &operator /=(const vector &rhs) { pragma(); rhs.pragma(); for (size_t i = 0; i < N; ++i) {
                                                                                                         ^~~
                                                                                                         VITIS_LOOP_198_1: 
/home/AD.UCSD.EDU/jsliang/DP-HLS/BasicKernel/solution1/.autopilot/db/frontend.pp.0.cpp:26113:106: note: FIX-IT applied suggested code changes
/home/AD.UCSD.EDU/jsliang/DP-HLS/BasicKernel/solution1/.autopilot/db/frontend.pp.0.cpp:26118:106: warning: Added loop label VITIS_LOOP_199_1:   [xilinx-label-all-loops]
  inline __attribute__((always_inline)) vector &operator %=(const vector &rhs) { pragma(); rhs.pragma(); for (size_t i = 0; i < N; ++i) {
                                                                                                         ^~~
                                                                                                         VITIS_LOOP_199_1: 
/home/AD.UCSD.EDU/jsliang/DP-HLS/BasicKernel/solution1/.autopilot/db/frontend.pp.0.cpp:26118:106: note: FIX-IT applied suggested code changes
/home/AD.UCSD.EDU/jsliang/DP-HLS/BasicKernel/solution1/.autopilot/db/frontend.pp.0.cpp:26123:106: warning: Added loop label VITIS_LOOP_200_1:   [xilinx-label-all-loops]
  inline __attribute__((always_inline)) vector &operator &=(const vector &rhs) { pragma(); rhs.pragma(); for (size_t i = 0; i < N; ++i) {
                                                                                                         ^~~
                                                                                                         VITIS_LOOP_200_1: 
/home/AD.UCSD.EDU/jsliang/DP-HLS/BasicKernel/solution1/.autopilot/db/frontend.pp.0.cpp:26123:106: note: FIX-IT applied suggested code changes
/home/AD.UCSD.EDU/jsliang/DP-HLS/BasicKernel/solution1/.autopilot/db/frontend.pp.0.cpp:26128:106: warning: Added loop label VITIS_LOOP_201_1:   [xilinx-label-all-loops]
  inline __attribute__((always_inline)) vector &operator |=(const vector &rhs) { pragma(); rhs.pragma(); for (size_t i = 0; i < N; ++i) {
                                                                                                         ^~~
                                                                                                         VITIS_LOOP_201_1: 
/home/AD.UCSD.EDU/jsliang/DP-HLS/BasicKernel/solution1/.autopilot/db/frontend.pp.0.cpp:26128:106: note: FIX-IT applied suggested code changes
/home/AD.UCSD.EDU/jsliang/DP-HLS/BasicKernel/solution1/.autopilot/db/frontend.pp.0.cpp:26133:106: warning: Added loop label VITIS_LOOP_202_1:   [xilinx-label-all-loops]
  inline __attribute__((always_inline)) vector &operator ^=(const vector &rhs) { pragma(); rhs.pragma(); for (size_t i = 0; i < N; ++i) {
                                                                                                         ^~~
                                                                                                         VITIS_LOOP_202_1: 
/home/AD.UCSD.EDU/jsliang/DP-HLS/BasicKernel/solution1/.autopilot/db/frontend.pp.0.cpp:26133:106: note: FIX-IT applied suggested code changes
/home/AD.UCSD.EDU/jsliang/DP-HLS/BasicKernel/solution1/.autopilot/db/frontend.pp.0.cpp:26138:107: warning: Added loop label VITIS_LOOP_203_1:   [xilinx-label-all-loops]
  inline __attribute__((always_inline)) vector &operator <<=(const vector &rhs) { pragma(); rhs.pragma(); for (size_t i = 0; i < N; ++i) {
                                                                                                          ^~~
                                                                                                          VITIS_LOOP_203_1: 
/home/AD.UCSD.EDU/jsliang/DP-HLS/BasicKernel/solution1/.autopilot/db/frontend.pp.0.cpp:26138:107: note: FIX-IT applied suggested code changes
/home/AD.UCSD.EDU/jsliang/DP-HLS/BasicKernel/solution1/.autopilot/db/frontend.pp.0.cpp:26143:107: warning: Added loop label VITIS_LOOP_204_1:   [xilinx-label-all-loops]
  inline __attribute__((always_inline)) vector &operator >>=(const vector &rhs) { pragma(); rhs.pragma(); for (size_t i = 0; i < N; ++i) {
                                                                                                          ^~~
                                                                                                          VITIS_LOOP_204_1: 
/home/AD.UCSD.EDU/jsliang/DP-HLS/BasicKernel/solution1/.autopilot/db/frontend.pp.0.cpp:26143:107: note: FIX-IT applied suggested code changes
/home/AD.UCSD.EDU/jsliang/DP-HLS/BasicKernel/solution1/.autopilot/db/frontend.pp.0.cpp:26149:91: warning: Added loop label VITIS_LOOP_219_1:   [xilinx-label-all-loops]
  inline __attribute__((always_inline)) T reduce_add() const { pragma(); T res = data[0]; for (size_t i = 1; i < N; ++i) {
                                                                                          ^~~
                                                                                          VITIS_LOOP_219_1: 
/home/AD.UCSD.EDU/jsliang/DP-HLS/BasicKernel/solution1/.autopilot/db/frontend.pp.0.cpp:26149:91: note: FIX-IT applied suggested code changes
/home/AD.UCSD.EDU/jsliang/DP-HLS/BasicKernel/solution1/.autopilot/db/frontend.pp.0.cpp:26154:92: warning: Added loop label VITIS_LOOP_220_1:   [xilinx-label-all-loops]
  inline __attribute__((always_inline)) T reduce_mult() const { pragma(); T res = data[0]; for (size_t i = 1; i < N; ++i) {
                                                                                           ^~~
                                                                                           VITIS_LOOP_220_1: 
/home/AD.UCSD.EDU/jsliang/DP-HLS/BasicKernel/solution1/.autopilot/db/frontend.pp.0.cpp:26154:92: note: FIX-IT applied suggested code changes
/home/AD.UCSD.EDU/jsliang/DP-HLS/BasicKernel/solution1/.autopilot/db/frontend.pp.0.cpp:26159:91: warning: Added loop label VITIS_LOOP_221_1:   [xilinx-label-all-loops]
  inline __attribute__((always_inline)) T reduce_and() const { pragma(); T res = data[0]; for (size_t i = 1; i < N; ++i) {
                                                                                          ^~~
                                                                                          VITIS_LOOP_221_1: 
/home/AD.UCSD.EDU/jsliang/DP-HLS/BasicKernel/solution1/.autopilot/db/frontend.pp.0.cpp:26159:91: note: FIX-IT applied suggested code changes
/home/AD.UCSD.EDU/jsliang/DP-HLS/BasicKernel/solution1/.autopilot/db/frontend.pp.0.cpp:26164:90: warning: Added loop label VITIS_LOOP_222_1:   [xilinx-label-all-loops]
  inline __attribute__((always_inline)) T reduce_or() const { pragma(); T res = data[0]; for (size_t i = 1; i < N; ++i) {
                                                                                         ^~~
                                                                                         VITIS_LOOP_222_1: 
/home/AD.UCSD.EDU/jsliang/DP-HLS/BasicKernel/solution1/.autopilot/db/frontend.pp.0.cpp:26164:90: note: FIX-IT applied suggested code changes
/home/AD.UCSD.EDU/jsliang/DP-HLS/BasicKernel/solution1/.autopilot/db/frontend.pp.0.cpp:26169:91: warning: Added loop label VITIS_LOOP_223_1:   [xilinx-label-all-loops]
  inline __attribute__((always_inline)) T reduce_xor() const { pragma(); T res = data[0]; for (size_t i = 1; i < N; ++i) {
                                                                                          ^~~
                                                                                          VITIS_LOOP_223_1: 
/home/AD.UCSD.EDU/jsliang/DP-HLS/BasicKernel/solution1/.autopilot/db/frontend.pp.0.cpp:26169:91: note: FIX-IT applied suggested code changes
/home/AD.UCSD.EDU/jsliang/DP-HLS/BasicKernel/solution1/.autopilot/db/frontend.pp.0.cpp:26175:132: warning: Added loop label VITIS_LOOP_253_1:   [xilinx-label-all-loops]
  inline __attribute__((always_inline)) friend bool operator <(const vector &lhs, const vector &rhs) { lhs.pragma(); rhs.pragma(); for (size_t i = 0; i < N; ++i) {
                                                                                                                                   ^~~
                                                                                                                                   VITIS_LOOP_253_1: 
/home/AD.UCSD.EDU/jsliang/DP-HLS/BasicKernel/solution1/.autopilot/db/frontend.pp.0.cpp:26175:132: note: FIX-IT applied suggested code changes
/home/AD.UCSD.EDU/jsliang/DP-HLS/BasicKernel/solution1/.autopilot/db/frontend.pp.0.cpp:26180:133: warning: Added loop label VITIS_LOOP_254_1:   [xilinx-label-all-loops]
  inline __attribute__((always_inline)) friend bool operator <=(const vector &lhs, const vector &rhs) { lhs.pragma(); rhs.pragma(); for (size_t i = 0; i < N; ++i) {
                                                                                                                                    ^~~
                                                                                                                                    VITIS_LOOP_254_1: 
/home/AD.UCSD.EDU/jsliang/DP-HLS/BasicKernel/solution1/.autopilot/db/frontend.pp.0.cpp:26180:133: note: FIX-IT applied suggested code changes
/home/AD.UCSD.EDU/jsliang/DP-HLS/BasicKernel/solution1/.autopilot/db/frontend.pp.0.cpp:26185:133: warning: Added loop label VITIS_LOOP_255_1:   [xilinx-label-all-loops]
  inline __attribute__((always_inline)) friend bool operator ==(const vector &lhs, const vector &rhs) { lhs.pragma(); rhs.pragma(); for (size_t i = 0; i < N; ++i) {
                                                                                                                                    ^~~
                                                                                                                                    VITIS_LOOP_255_1: 
/home/AD.UCSD.EDU/jsliang/DP-HLS/BasicKernel/solution1/.autopilot/db/frontend.pp.0.cpp:26185:133: note: FIX-IT applied suggested code changes
/home/AD.UCSD.EDU/jsliang/DP-HLS/BasicKernel/solution1/.autopilot/db/frontend.pp.0.cpp:26190:133: warning: Added loop label VITIS_LOOP_256_1:   [xilinx-label-all-loops]
  inline __attribute__((always_inline)) friend bool operator !=(const vector &lhs, const vector &rhs) { lhs.pragma(); rhs.pragma(); for (size_t i = 0; i < N; ++i) {
                                                                                                                                    ^~~
                                                                                                                                    VITIS_LOOP_256_1: 
/home/AD.UCSD.EDU/jsliang/DP-HLS/BasicKernel/solution1/.autopilot/db/frontend.pp.0.cpp:26190:133: note: FIX-IT applied suggested code changes
/home/AD.UCSD.EDU/jsliang/DP-HLS/BasicKernel/solution1/.autopilot/db/frontend.pp.0.cpp:26195:133: warning: Added loop label VITIS_LOOP_257_1:   [xilinx-label-all-loops]
  inline __attribute__((always_inline)) friend bool operator >=(const vector &lhs, const vector &rhs) { lhs.pragma(); rhs.pragma(); for (size_t i = 0; i < N; ++i) {
                                                                                                                                    ^~~
                                                                                                                                    VITIS_LOOP_257_1: 
/home/AD.UCSD.EDU/jsliang/DP-HLS/BasicKernel/solution1/.autopilot/db/frontend.pp.0.cpp:26195:133: note: FIX-IT applied suggested code changes
/home/AD.UCSD.EDU/jsliang/DP-HLS/BasicKernel/solution1/.autopilot/db/frontend.pp.0.cpp:26200:132: warning: Added loop label VITIS_LOOP_258_1:   [xilinx-label-all-loops]
  inline __attribute__((always_inline)) friend bool operator >(const vector &lhs, const vector &rhs) { lhs.pragma(); rhs.pragma(); for (size_t i = 0; i < N; ++i) {
                                                                                                                                   ^~~
                                                                                                                                   VITIS_LOOP_258_1: 
/home/AD.UCSD.EDU/jsliang/DP-HLS/BasicKernel/solution1/.autopilot/db/frontend.pp.0.cpp:26200:132: note: FIX-IT applied suggested code changes
/home/AD.UCSD.EDU/jsliang/DP-HLS/BasicKernel/solution1/.autopilot/db/frontend.pp.0.cpp:26538:2: warning: Added loop label VITIS_LOOP_20_1:   [xilinx-label-all-loops]
 for (int i = 0; i < N; i++)
 ^~~
 VITIS_LOOP_20_1: 
/home/AD.UCSD.EDU/jsliang/DP-HLS/BasicKernel/solution1/.autopilot/db/frontend.pp.0.cpp:26538:2: note: FIX-IT applied suggested code changes
/home/AD.UCSD.EDU/jsliang/DP-HLS/BasicKernel/solution1/.autopilot/db/frontend.pp.0.cpp:26547:4: warning: Added loop label VITIS_LOOP_29_1:   [xilinx-label-all-loops]
   for (int i = 0; i < N; i++)
   ^~~
   VITIS_LOOP_29_1: 
/home/AD.UCSD.EDU/jsliang/DP-HLS/BasicKernel/solution1/.autopilot/db/frontend.pp.0.cpp:26547:4: note: FIX-IT applied suggested code changes
/home/AD.UCSD.EDU/jsliang/DP-HLS/BasicKernel/solution1/.autopilot/db/frontend.pp.0.cpp:26557:4: warning: Added loop label VITIS_LOOP_39_1:   [xilinx-label-all-loops]
   for (int i = N - 1; i > 0; i--)
   ^~~
   VITIS_LOOP_39_1: 
/home/AD.UCSD.EDU/jsliang/DP-HLS/BasicKernel/solution1/.autopilot/db/frontend.pp.0.cpp:26557:4: note: FIX-IT applied suggested code changes
/home/AD.UCSD.EDU/jsliang/DP-HLS/BasicKernel/solution1/.autopilot/db/frontend.pp.0.cpp:26568:4: warning: Added loop label VITIS_LOOP_62_1:   [xilinx-label-all-loops]
   for (int i = 0; i < LEN; i++)
   ^~~
   VITIS_LOOP_62_1: 
/home/AD.UCSD.EDU/jsliang/DP-HLS/BasicKernel/solution1/.autopilot/db/frontend.pp.0.cpp:26568:4: note: FIX-IT applied suggested code changes
/home/AD.UCSD.EDU/jsliang/DP-HLS/BasicKernel/solution1/.autopilot/db/frontend.pp.0.cpp:26591:4: warning: Added loop label VITIS_LOOP_95_1:   [xilinx-label-all-loops]
   for (int i = 0; i < N; i++)
   ^~~
   VITIS_LOOP_95_1: 
/home/AD.UCSD.EDU/jsliang/DP-HLS/BasicKernel/solution1/.autopilot/db/frontend.pp.0.cpp:26591:4: note: FIX-IT applied suggested code changes
/home/AD.UCSD.EDU/jsliang/DP-HLS/BasicKernel/solution1/.autopilot/db/frontend.pp.0.cpp:26602:4: warning: Added loop label VITIS_LOOP_106_1:   [xilinx-label-all-loops]
   for (int i = 0; i < N; i++)
   ^~~
   VITIS_LOOP_106_1: 
/home/AD.UCSD.EDU/jsliang/DP-HLS/BasicKernel/solution1/.autopilot/db/frontend.pp.0.cpp:26602:4: note: FIX-IT applied suggested code changes
/home/AD.UCSD.EDU/jsliang/DP-HLS/BasicKernel/solution1/.autopilot/db/frontend.pp.0.cpp:26613:4: warning: Added loop label VITIS_LOOP_117_1:   [xilinx-label-all-loops]
   for (int i = starting_idx; i < N; i++)
   ^~~
   VITIS_LOOP_117_1: 
/home/AD.UCSD.EDU/jsliang/DP-HLS/BasicKernel/solution1/.autopilot/db/frontend.pp.0.cpp:26613:4: note: FIX-IT applied suggested code changes
/home/AD.UCSD.EDU/jsliang/DP-HLS/BasicKernel/solution1/.autopilot/db/frontend.pp.0.cpp:26624:4: warning: Added loop label VITIS_LOOP_128_1:   [xilinx-label-all-loops]
   for (int i = starting_idx; i < len; i++)
   ^~~
   VITIS_LOOP_128_1: 
/home/AD.UCSD.EDU/jsliang/DP-HLS/BasicKernel/solution1/.autopilot/db/frontend.pp.0.cpp:26624:4: note: FIX-IT applied suggested code changes
/home/AD.UCSD.EDU/jsliang/DP-HLS/BasicKernel/solution1/.autopilot/db/frontend.pp.0.cpp:26641:4: warning: Added loop label VITIS_LOOP_145_1:   [xilinx-label-all-loops]
   for (int i = 0; i < M; i++)
   ^~~
   VITIS_LOOP_145_1: 
/home/AD.UCSD.EDU/jsliang/DP-HLS/BasicKernel/solution1/.autopilot/db/frontend.pp.0.cpp:26641:4: note: FIX-IT applied suggested code changes
/home/AD.UCSD.EDU/jsliang/DP-HLS/BasicKernel/solution1/.autopilot/db/frontend.pp.0.cpp:26644:2: warning: Added loop label VITIS_LOOP_148_2:   [xilinx-label-all-loops]
 for (int j = 0; j < N; j++)
 ^~~
 VITIS_LOOP_148_2: 
/home/AD.UCSD.EDU/jsliang/DP-HLS/BasicKernel/solution1/.autopilot/db/frontend.pp.0.cpp:26644:2: note: FIX-IT applied suggested code changes
/home/AD.UCSD.EDU/jsliang/DP-HLS/BasicKernel/solution1/.autopilot/db/frontend.pp.0.cpp:26657:4: warning: Added loop label VITIS_LOOP_161_1:   [xilinx-label-all-loops]
   for (int i = 0; i < M; i++)
   ^~~
   VITIS_LOOP_161_1: 
/home/AD.UCSD.EDU/jsliang/DP-HLS/BasicKernel/solution1/.autopilot/db/frontend.pp.0.cpp:26657:4: note: FIX-IT applied suggested code changes
/home/AD.UCSD.EDU/jsliang/DP-HLS/BasicKernel/solution1/.autopilot/db/frontend.pp.0.cpp:26660:2: warning: Added loop label VITIS_LOOP_164_2:   [xilinx-label-all-loops]
 for (int j = 0; j < N; j++)
 ^~~
 VITIS_LOOP_164_2: 
/home/AD.UCSD.EDU/jsliang/DP-HLS/BasicKernel/solution1/.autopilot/db/frontend.pp.0.cpp:26660:2: note: FIX-IT applied suggested code changes
/home/AD.UCSD.EDU/jsliang/DP-HLS/BasicKernel/solution1/.autopilot/db/frontend.pp.0.cpp:26673:4: warning: Added loop label VITIS_LOOP_184_1:   [xilinx-label-all-loops]
   for (int i = 0; i < M; i++)
   ^~~
   VITIS_LOOP_184_1: 
/home/AD.UCSD.EDU/jsliang/DP-HLS/BasicKernel/solution1/.autopilot/db/frontend.pp.0.cpp:26673:4: note: FIX-IT applied suggested code changes
/home/AD.UCSD.EDU/jsliang/DP-HLS/BasicKernel/solution1/.autopilot/db/frontend.pp.0.cpp:26676:2: warning: Added loop label VITIS_LOOP_187_2:   [xilinx-label-all-loops]
 for (int j = 0; j < N; j++)
 ^~~
 VITIS_LOOP_187_2: 
/home/AD.UCSD.EDU/jsliang/DP-HLS/BasicKernel/solution1/.autopilot/db/frontend.pp.0.cpp:26676:2: note: FIX-IT applied suggested code changes
/home/AD.UCSD.EDU/jsliang/DP-HLS/BasicKernel/solution1/.autopilot/db/frontend.pp.0.cpp:26689:4: warning: Added loop label VITIS_LOOP_200_1:   [xilinx-label-all-loops]
   for (int i = 0; i < M; i++)
   ^~~
   VITIS_LOOP_200_1: 
/home/AD.UCSD.EDU/jsliang/DP-HLS/BasicKernel/solution1/.autopilot/db/frontend.pp.0.cpp:26689:4: note: FIX-IT applied suggested code changes
/home/AD.UCSD.EDU/jsliang/DP-HLS/BasicKernel/solution1/.autopilot/db/frontend.pp.0.cpp:26692:2: warning: Added loop label VITIS_LOOP_203_2:   [xilinx-label-all-loops]
 for (int j = 0; j < N; j++)
 ^~~
 VITIS_LOOP_203_2: 
/home/AD.UCSD.EDU/jsliang/DP-HLS/BasicKernel/solution1/.autopilot/db/frontend.pp.0.cpp:26692:2: note: FIX-IT applied suggested code changes
/home/AD.UCSD.EDU/jsliang/DP-HLS/BasicKernel/solution1/.autopilot/db/frontend.pp.0.cpp:26904:5: warning: Added loop label VITIS_LOOP_107_1:   [xilinx-label-all-loops]
    for (int i = 0; i < 32; i++)
    ^~~
    VITIS_LOOP_107_1: 
/home/AD.UCSD.EDU/jsliang/DP-HLS/BasicKernel/solution1/.autopilot/db/frontend.pp.0.cpp:26904:5: note: FIX-IT applied suggested code changes
/home/AD.UCSD.EDU/jsliang/DP-HLS/BasicKernel/solution1/.autopilot/db/frontend.pp.0.cpp:26931:5: warning: Added loop label VITIS_LOOP_134_1:   [xilinx-label-all-loops]
    for (int i = 0; i < 32; i++)
    ^~~
    VITIS_LOOP_134_1: 
/home/AD.UCSD.EDU/jsliang/DP-HLS/BasicKernel/solution1/.autopilot/db/frontend.pp.0.cpp:26931:5: note: FIX-IT applied suggested code changes
/home/AD.UCSD.EDU/jsliang/DP-HLS/BasicKernel/solution1/.autopilot/db/frontend.pp.0.cpp:27135:5: warning: Added loop label VITIS_LOOP_359_1:   [xilinx-label-all-loops]
    for (int i = 0; i < 32; i++)
    ^~~
    VITIS_LOOP_359_1: 
/home/AD.UCSD.EDU/jsliang/DP-HLS/BasicKernel/solution1/.autopilot/db/frontend.pp.0.cpp:27135:5: note: FIX-IT applied suggested code changes
/home/AD.UCSD.EDU/jsliang/DP-HLS/BasicKernel/solution1/.autopilot/db/frontend.pp.0.cpp:27156:5: warning: Added loop label VITIS_LOOP_380_1:   [xilinx-label-all-loops]
    for (int i = 0; i < 32; i++)
    ^~~
    VITIS_LOOP_380_1: 
/home/AD.UCSD.EDU/jsliang/DP-HLS/BasicKernel/solution1/.autopilot/db/frontend.pp.0.cpp:27156:5: note: FIX-IT applied suggested code changes
