/home/AD.UCSD.EDU/jsliang/DP-HLS/BasicKernel/solution1/.autopilot/db/pe.pp.0.cpp:25275:7: warning: Added loop label VITIS_LOOP_1213_1:   [xilinx-label-all-loops]
      for (i = 0; i < __N - 1; ++i) {
      ^~~
      VITIS_LOOP_1213_1: 
/home/AD.UCSD.EDU/jsliang/DP-HLS/BasicKernel/solution1/.autopilot/db/pe.pp.0.cpp:25275:7: note: FIX-IT applied suggested code changes
/home/AD.UCSD.EDU/jsliang/DP-HLS/BasicKernel/solution1/.autopilot/db/pe.pp.0.cpp:26249:5: warning: Added loop label VITIS_LOOP_676_1:   [xilinx-label-all-loops]
    for (unsigned i = low; i != high; ++i) {
    ^~~
    VITIS_LOOP_676_1: 
/home/AD.UCSD.EDU/jsliang/DP-HLS/BasicKernel/solution1/.autopilot/db/pe.pp.0.cpp:26249:5: note: FIX-IT applied suggested code changes
/home/AD.UCSD.EDU/jsliang/DP-HLS/BasicKernel/solution1/.autopilot/db/pe.pp.0.cpp:26263:5: warning: Added loop label VITIS_LOOP_690_1:   [xilinx-label-all-loops]
    for (unsigned i = low; i != high; ++i) {
    ^~~
    VITIS_LOOP_690_1: 
/home/AD.UCSD.EDU/jsliang/DP-HLS/BasicKernel/solution1/.autopilot/db/pe.pp.0.cpp:26263:5: note: FIX-IT applied suggested code changes
/home/AD.UCSD.EDU/jsliang/DP-HLS/BasicKernel/solution1/.autopilot/db/pe.pp.0.cpp:26277:5: warning: Added loop label VITIS_LOOP_704_1:   [xilinx-label-all-loops]
    for (unsigned i = low; i != high; ++i) {
    ^~~
    VITIS_LOOP_704_1: 
/home/AD.UCSD.EDU/jsliang/DP-HLS/BasicKernel/solution1/.autopilot/db/pe.pp.0.cpp:26277:5: note: FIX-IT applied suggested code changes
/home/AD.UCSD.EDU/jsliang/DP-HLS/BasicKernel/solution1/.autopilot/db/pe.pp.0.cpp:27888:7: warning: Added loop label VITIS_LOOP_1247_1:   [xilinx-label-all-loops]
      for (i = 0; i < __N - 1; ++i) {
      ^~~
      VITIS_LOOP_1247_1: 
/home/AD.UCSD.EDU/jsliang/DP-HLS/BasicKernel/solution1/.autopilot/db/pe.pp.0.cpp:27888:7: note: FIX-IT applied suggested code changes
/home/AD.UCSD.EDU/jsliang/DP-HLS/BasicKernel/solution1/.autopilot/db/pe.pp.0.cpp:29813:5: warning: Added loop label VITIS_LOOP_124_1:   [xilinx-label-all-loops]
    for (size_t i = 0; i < N; ++i) {
    ^~~
    VITIS_LOOP_124_1: 
/home/AD.UCSD.EDU/jsliang/DP-HLS/BasicKernel/solution1/.autopilot/db/pe.pp.0.cpp:29813:5: note: FIX-IT applied suggested code changes
/home/AD.UCSD.EDU/jsliang/DP-HLS/BasicKernel/solution1/.autopilot/db/pe.pp.0.cpp:29829:5: warning: Added loop label VITIS_LOOP_140_1:   [xilinx-label-all-loops]
    for (size_t i = 0; i < N; ++i) {
    ^~~
    VITIS_LOOP_140_1: 
/home/AD.UCSD.EDU/jsliang/DP-HLS/BasicKernel/solution1/.autopilot/db/pe.pp.0.cpp:29829:5: note: FIX-IT applied suggested code changes
/home/AD.UCSD.EDU/jsliang/DP-HLS/BasicKernel/solution1/.autopilot/db/pe.pp.0.cpp:29845:75: warning: Added loop label VITIS_LOOP_166_1:   [xilinx-label-all-loops]
  inline __attribute__((always_inline)) vector &operator ++() { pragma(); for (size_t i = 0; i < N; ++i) {
                                                                          ^~~
                                                                          VITIS_LOOP_166_1: 
/home/AD.UCSD.EDU/jsliang/DP-HLS/BasicKernel/solution1/.autopilot/db/pe.pp.0.cpp:29845:75: note: FIX-IT applied suggested code changes
/home/AD.UCSD.EDU/jsliang/DP-HLS/BasicKernel/solution1/.autopilot/db/pe.pp.0.cpp:29850:75: warning: Added loop label VITIS_LOOP_167_1:   [xilinx-label-all-loops]
  inline __attribute__((always_inline)) vector &operator --() { pragma(); for (size_t i = 0; i < N; ++i) {
                                                                          ^~~
                                                                          VITIS_LOOP_167_1: 
/home/AD.UCSD.EDU/jsliang/DP-HLS/BasicKernel/solution1/.autopilot/db/pe.pp.0.cpp:29850:75: note: FIX-IT applied suggested code changes
/home/AD.UCSD.EDU/jsliang/DP-HLS/BasicKernel/solution1/.autopilot/db/pe.pp.0.cpp:29859:106: warning: Added loop label VITIS_LOOP_195_1:   [xilinx-label-all-loops]
  inline __attribute__((always_inline)) vector &operator +=(const vector &rhs) { pragma(); rhs.pragma(); for (size_t i = 0; i < N; ++i) {
                                                                                                         ^~~
                                                                                                         VITIS_LOOP_195_1: 
/home/AD.UCSD.EDU/jsliang/DP-HLS/BasicKernel/solution1/.autopilot/db/pe.pp.0.cpp:29859:106: note: FIX-IT applied suggested code changes
/home/AD.UCSD.EDU/jsliang/DP-HLS/BasicKernel/solution1/.autopilot/db/pe.pp.0.cpp:29864:106: warning: Added loop label VITIS_LOOP_196_1:   [xilinx-label-all-loops]
  inline __attribute__((always_inline)) vector &operator -=(const vector &rhs) { pragma(); rhs.pragma(); for (size_t i = 0; i < N; ++i) {
                                                                                                         ^~~
                                                                                                         VITIS_LOOP_196_1: 
/home/AD.UCSD.EDU/jsliang/DP-HLS/BasicKernel/solution1/.autopilot/db/pe.pp.0.cpp:29864:106: note: FIX-IT applied suggested code changes
/home/AD.UCSD.EDU/jsliang/DP-HLS/BasicKernel/solution1/.autopilot/db/pe.pp.0.cpp:29869:106: warning: Added loop label VITIS_LOOP_197_1:   [xilinx-label-all-loops]
  inline __attribute__((always_inline)) vector &operator *=(const vector &rhs) { pragma(); rhs.pragma(); for (size_t i = 0; i < N; ++i) {
                                                                                                         ^~~
                                                                                                         VITIS_LOOP_197_1: 
/home/AD.UCSD.EDU/jsliang/DP-HLS/BasicKernel/solution1/.autopilot/db/pe.pp.0.cpp:29869:106: note: FIX-IT applied suggested code changes
/home/AD.UCSD.EDU/jsliang/DP-HLS/BasicKernel/solution1/.autopilot/db/pe.pp.0.cpp:29874:106: warning: Added loop label VITIS_LOOP_198_1:   [xilinx-label-all-loops]
  inline __attribute__((always_inline)) vector &operator /=(const vector &rhs) { pragma(); rhs.pragma(); for (size_t i = 0; i < N; ++i) {
                                                                                                         ^~~
                                                                                                         VITIS_LOOP_198_1: 
/home/AD.UCSD.EDU/jsliang/DP-HLS/BasicKernel/solution1/.autopilot/db/pe.pp.0.cpp:29874:106: note: FIX-IT applied suggested code changes
/home/AD.UCSD.EDU/jsliang/DP-HLS/BasicKernel/solution1/.autopilot/db/pe.pp.0.cpp:29879:106: warning: Added loop label VITIS_LOOP_199_1:   [xilinx-label-all-loops]
  inline __attribute__((always_inline)) vector &operator %=(const vector &rhs) { pragma(); rhs.pragma(); for (size_t i = 0; i < N; ++i) {
                                                                                                         ^~~
                                                                                                         VITIS_LOOP_199_1: 
/home/AD.UCSD.EDU/jsliang/DP-HLS/BasicKernel/solution1/.autopilot/db/pe.pp.0.cpp:29879:106: note: FIX-IT applied suggested code changes
/home/AD.UCSD.EDU/jsliang/DP-HLS/BasicKernel/solution1/.autopilot/db/pe.pp.0.cpp:29884:106: warning: Added loop label VITIS_LOOP_200_1:   [xilinx-label-all-loops]
  inline __attribute__((always_inline)) vector &operator &=(const vector &rhs) { pragma(); rhs.pragma(); for (size_t i = 0; i < N; ++i) {
                                                                                                         ^~~
                                                                                                         VITIS_LOOP_200_1: 
/home/AD.UCSD.EDU/jsliang/DP-HLS/BasicKernel/solution1/.autopilot/db/pe.pp.0.cpp:29884:106: note: FIX-IT applied suggested code changes
/home/AD.UCSD.EDU/jsliang/DP-HLS/BasicKernel/solution1/.autopilot/db/pe.pp.0.cpp:29889:106: warning: Added loop label VITIS_LOOP_201_1:   [xilinx-label-all-loops]
  inline __attribute__((always_inline)) vector &operator |=(const vector &rhs) { pragma(); rhs.pragma(); for (size_t i = 0; i < N; ++i) {
                                                                                                         ^~~
                                                                                                         VITIS_LOOP_201_1: 
/home/AD.UCSD.EDU/jsliang/DP-HLS/BasicKernel/solution1/.autopilot/db/pe.pp.0.cpp:29889:106: note: FIX-IT applied suggested code changes
/home/AD.UCSD.EDU/jsliang/DP-HLS/BasicKernel/solution1/.autopilot/db/pe.pp.0.cpp:29894:106: warning: Added loop label VITIS_LOOP_202_1:   [xilinx-label-all-loops]
  inline __attribute__((always_inline)) vector &operator ^=(const vector &rhs) { pragma(); rhs.pragma(); for (size_t i = 0; i < N; ++i) {
                                                                                                         ^~~
                                                                                                         VITIS_LOOP_202_1: 
/home/AD.UCSD.EDU/jsliang/DP-HLS/BasicKernel/solution1/.autopilot/db/pe.pp.0.cpp:29894:106: note: FIX-IT applied suggested code changes
/home/AD.UCSD.EDU/jsliang/DP-HLS/BasicKernel/solution1/.autopilot/db/pe.pp.0.cpp:29899:107: warning: Added loop label VITIS_LOOP_203_1:   [xilinx-label-all-loops]
  inline __attribute__((always_inline)) vector &operator <<=(const vector &rhs) { pragma(); rhs.pragma(); for (size_t i = 0; i < N; ++i) {
                                                                                                          ^~~
                                                                                                          VITIS_LOOP_203_1: 
/home/AD.UCSD.EDU/jsliang/DP-HLS/BasicKernel/solution1/.autopilot/db/pe.pp.0.cpp:29899:107: note: FIX-IT applied suggested code changes
/home/AD.UCSD.EDU/jsliang/DP-HLS/BasicKernel/solution1/.autopilot/db/pe.pp.0.cpp:29904:107: warning: Added loop label VITIS_LOOP_204_1:   [xilinx-label-all-loops]
  inline __attribute__((always_inline)) vector &operator >>=(const vector &rhs) { pragma(); rhs.pragma(); for (size_t i = 0; i < N; ++i) {
                                                                                                          ^~~
                                                                                                          VITIS_LOOP_204_1: 
/home/AD.UCSD.EDU/jsliang/DP-HLS/BasicKernel/solution1/.autopilot/db/pe.pp.0.cpp:29904:107: note: FIX-IT applied suggested code changes
/home/AD.UCSD.EDU/jsliang/DP-HLS/BasicKernel/solution1/.autopilot/db/pe.pp.0.cpp:29910:91: warning: Added loop label VITIS_LOOP_219_1:   [xilinx-label-all-loops]
  inline __attribute__((always_inline)) T reduce_add() const { pragma(); T res = data[0]; for (size_t i = 1; i < N; ++i) {
                                                                                          ^~~
                                                                                          VITIS_LOOP_219_1: 
/home/AD.UCSD.EDU/jsliang/DP-HLS/BasicKernel/solution1/.autopilot/db/pe.pp.0.cpp:29910:91: note: FIX-IT applied suggested code changes
/home/AD.UCSD.EDU/jsliang/DP-HLS/BasicKernel/solution1/.autopilot/db/pe.pp.0.cpp:29915:92: warning: Added loop label VITIS_LOOP_220_1:   [xilinx-label-all-loops]
  inline __attribute__((always_inline)) T reduce_mult() const { pragma(); T res = data[0]; for (size_t i = 1; i < N; ++i) {
                                                                                           ^~~
                                                                                           VITIS_LOOP_220_1: 
/home/AD.UCSD.EDU/jsliang/DP-HLS/BasicKernel/solution1/.autopilot/db/pe.pp.0.cpp:29915:92: note: FIX-IT applied suggested code changes
/home/AD.UCSD.EDU/jsliang/DP-HLS/BasicKernel/solution1/.autopilot/db/pe.pp.0.cpp:29920:91: warning: Added loop label VITIS_LOOP_221_1:   [xilinx-label-all-loops]
  inline __attribute__((always_inline)) T reduce_and() const { pragma(); T res = data[0]; for (size_t i = 1; i < N; ++i) {
                                                                                          ^~~
                                                                                          VITIS_LOOP_221_1: 
/home/AD.UCSD.EDU/jsliang/DP-HLS/BasicKernel/solution1/.autopilot/db/pe.pp.0.cpp:29920:91: note: FIX-IT applied suggested code changes
/home/AD.UCSD.EDU/jsliang/DP-HLS/BasicKernel/solution1/.autopilot/db/pe.pp.0.cpp:29925:90: warning: Added loop label VITIS_LOOP_222_1:   [xilinx-label-all-loops]
  inline __attribute__((always_inline)) T reduce_or() const { pragma(); T res = data[0]; for (size_t i = 1; i < N; ++i) {
                                                                                         ^~~
                                                                                         VITIS_LOOP_222_1: 
/home/AD.UCSD.EDU/jsliang/DP-HLS/BasicKernel/solution1/.autopilot/db/pe.pp.0.cpp:29925:90: note: FIX-IT applied suggested code changes
/home/AD.UCSD.EDU/jsliang/DP-HLS/BasicKernel/solution1/.autopilot/db/pe.pp.0.cpp:29930:91: warning: Added loop label VITIS_LOOP_223_1:   [xilinx-label-all-loops]
  inline __attribute__((always_inline)) T reduce_xor() const { pragma(); T res = data[0]; for (size_t i = 1; i < N; ++i) {
                                                                                          ^~~
                                                                                          VITIS_LOOP_223_1: 
/home/AD.UCSD.EDU/jsliang/DP-HLS/BasicKernel/solution1/.autopilot/db/pe.pp.0.cpp:29930:91: note: FIX-IT applied suggested code changes
/home/AD.UCSD.EDU/jsliang/DP-HLS/BasicKernel/solution1/.autopilot/db/pe.pp.0.cpp:29936:132: warning: Added loop label VITIS_LOOP_253_1:   [xilinx-label-all-loops]
  inline __attribute__((always_inline)) friend bool operator <(const vector &lhs, const vector &rhs) { lhs.pragma(); rhs.pragma(); for (size_t i = 0; i < N; ++i) {
                                                                                                                                   ^~~
                                                                                                                                   VITIS_LOOP_253_1: 
/home/AD.UCSD.EDU/jsliang/DP-HLS/BasicKernel/solution1/.autopilot/db/pe.pp.0.cpp:29936:132: note: FIX-IT applied suggested code changes
/home/AD.UCSD.EDU/jsliang/DP-HLS/BasicKernel/solution1/.autopilot/db/pe.pp.0.cpp:29941:133: warning: Added loop label VITIS_LOOP_254_1:   [xilinx-label-all-loops]
  inline __attribute__((always_inline)) friend bool operator <=(const vector &lhs, const vector &rhs) { lhs.pragma(); rhs.pragma(); for (size_t i = 0; i < N; ++i) {
                                                                                                                                    ^~~
                                                                                                                                    VITIS_LOOP_254_1: 
/home/AD.UCSD.EDU/jsliang/DP-HLS/BasicKernel/solution1/.autopilot/db/pe.pp.0.cpp:29941:133: note: FIX-IT applied suggested code changes
/home/AD.UCSD.EDU/jsliang/DP-HLS/BasicKernel/solution1/.autopilot/db/pe.pp.0.cpp:29946:133: warning: Added loop label VITIS_LOOP_255_1:   [xilinx-label-all-loops]
  inline __attribute__((always_inline)) friend bool operator ==(const vector &lhs, const vector &rhs) { lhs.pragma(); rhs.pragma(); for (size_t i = 0; i < N; ++i) {
                                                                                                                                    ^~~
                                                                                                                                    VITIS_LOOP_255_1: 
/home/AD.UCSD.EDU/jsliang/DP-HLS/BasicKernel/solution1/.autopilot/db/pe.pp.0.cpp:29946:133: note: FIX-IT applied suggested code changes
/home/AD.UCSD.EDU/jsliang/DP-HLS/BasicKernel/solution1/.autopilot/db/pe.pp.0.cpp:29951:133: warning: Added loop label VITIS_LOOP_256_1:   [xilinx-label-all-loops]
  inline __attribute__((always_inline)) friend bool operator !=(const vector &lhs, const vector &rhs) { lhs.pragma(); rhs.pragma(); for (size_t i = 0; i < N; ++i) {
                                                                                                                                    ^~~
                                                                                                                                    VITIS_LOOP_256_1: 
/home/AD.UCSD.EDU/jsliang/DP-HLS/BasicKernel/solution1/.autopilot/db/pe.pp.0.cpp:29951:133: note: FIX-IT applied suggested code changes
/home/AD.UCSD.EDU/jsliang/DP-HLS/BasicKernel/solution1/.autopilot/db/pe.pp.0.cpp:29956:133: warning: Added loop label VITIS_LOOP_257_1:   [xilinx-label-all-loops]
  inline __attribute__((always_inline)) friend bool operator >=(const vector &lhs, const vector &rhs) { lhs.pragma(); rhs.pragma(); for (size_t i = 0; i < N; ++i) {
                                                                                                                                    ^~~
                                                                                                                                    VITIS_LOOP_257_1: 
/home/AD.UCSD.EDU/jsliang/DP-HLS/BasicKernel/solution1/.autopilot/db/pe.pp.0.cpp:29956:133: note: FIX-IT applied suggested code changes
/home/AD.UCSD.EDU/jsliang/DP-HLS/BasicKernel/solution1/.autopilot/db/pe.pp.0.cpp:29961:132: warning: Added loop label VITIS_LOOP_258_1:   [xilinx-label-all-loops]
  inline __attribute__((always_inline)) friend bool operator >(const vector &lhs, const vector &rhs) { lhs.pragma(); rhs.pragma(); for (size_t i = 0; i < N; ++i) {
                                                                                                                                   ^~~
                                                                                                                                   VITIS_LOOP_258_1: 
/home/AD.UCSD.EDU/jsliang/DP-HLS/BasicKernel/solution1/.autopilot/db/pe.pp.0.cpp:29961:132: note: FIX-IT applied suggested code changes
/home/AD.UCSD.EDU/jsliang/DP-HLS/BasicKernel/solution1/.autopilot/db/pe.pp.0.cpp:30030:2: warning: Added loop label VITIS_LOOP_13_1:   [xilinx-label-all-loops]
 for (int i = 0; i < LEN; i++) {
 ^~~
 VITIS_LOOP_13_1: 
/home/AD.UCSD.EDU/jsliang/DP-HLS/BasicKernel/solution1/.autopilot/db/pe.pp.0.cpp:30030:2: note: FIX-IT applied suggested code changes
/home/AD.UCSD.EDU/jsliang/DP-HLS/BasicKernel/solution1/.autopilot/db/pe.pp.0.cpp:30042:3: warning: Added loop label VITIS_LOOP_25_1:   [xilinx-label-all-loops]
  for (int i = LEN - 1; i > 0; i--) {
  ^~~
  VITIS_LOOP_25_1: 
/home/AD.UCSD.EDU/jsliang/DP-HLS/BasicKernel/solution1/.autopilot/db/pe.pp.0.cpp:30042:3: note: FIX-IT applied suggested code changes
/home/AD.UCSD.EDU/jsliang/DP-HLS/BasicKernel/solution1/.autopilot/db/pe.pp.0.cpp:30056:3: warning: Added loop label VITIS_LOOP_39_1:   [xilinx-label-all-loops]
  for (int i = LEN - 1; i > 0; i--) {
  ^~~
  VITIS_LOOP_39_1: 
/home/AD.UCSD.EDU/jsliang/DP-HLS/BasicKernel/solution1/.autopilot/db/pe.pp.0.cpp:30056:3: note: FIX-IT applied suggested code changes
/home/AD.UCSD.EDU/jsliang/DP-HLS/BasicKernel/solution1/.autopilot/db/pe.pp.0.cpp:30069:3: warning: Added loop label VITIS_LOOP_52_1:   [xilinx-label-all-loops]
  for (int i = 0; i < LEN - 1; i++) {
  ^~~
  VITIS_LOOP_52_1: 
/home/AD.UCSD.EDU/jsliang/DP-HLS/BasicKernel/solution1/.autopilot/db/pe.pp.0.cpp:30069:3: note: FIX-IT applied suggested code changes
/home/AD.UCSD.EDU/jsliang/DP-HLS/BasicKernel/solution1/.autopilot/db/pe.pp.0.cpp:30082:3: warning: Added loop label VITIS_LOOP_65_1:   [xilinx-label-all-loops]
  for (int i = 0; i < LEN - 1; i++) {
  ^~~
  VITIS_LOOP_65_1: 
/home/AD.UCSD.EDU/jsliang/DP-HLS/BasicKernel/solution1/.autopilot/db/pe.pp.0.cpp:30082:3: note: FIX-IT applied suggested code changes
/home/AD.UCSD.EDU/jsliang/DP-HLS/BasicKernel/solution1/.autopilot/db/pe.pp.0.cpp:30095:3: warning: Added loop label VITIS_LOOP_78_1:   [xilinx-label-all-loops]
  for (int i = 0; i < LEN; i++) {
  ^~~
  VITIS_LOOP_78_1: 
/home/AD.UCSD.EDU/jsliang/DP-HLS/BasicKernel/solution1/.autopilot/db/pe.pp.0.cpp:30095:3: note: FIX-IT applied suggested code changes
/home/AD.UCSD.EDU/jsliang/DP-HLS/BasicKernel/solution1/.autopilot/db/pe.pp.0.cpp:30112:3: warning: Added loop label VITIS_LOOP_95_1:   [xilinx-label-all-loops]
  for (int i = 0; i < NUM; i++) {
  ^~~
  VITIS_LOOP_95_1: 
/home/AD.UCSD.EDU/jsliang/DP-HLS/BasicKernel/solution1/.autopilot/db/pe.pp.0.cpp:30112:3: note: FIX-IT applied suggested code changes
/home/AD.UCSD.EDU/jsliang/DP-HLS/BasicKernel/solution1/.autopilot/db/pe.pp.0.cpp:30119:3: warning: Added loop label VITIS_LOOP_102_1:   [xilinx-label-all-loops]
  for (int i = 0; i < NUM; i++) {
  ^~~
  VITIS_LOOP_102_1: 
/home/AD.UCSD.EDU/jsliang/DP-HLS/BasicKernel/solution1/.autopilot/db/pe.pp.0.cpp:30119:3: note: FIX-IT applied suggested code changes
/home/AD.UCSD.EDU/jsliang/DP-HLS/BasicKernel/solution1/.autopilot/db/pe.pp.0.cpp:30126:3: warning: Added loop label VITIS_LOOP_109_1:   [xilinx-label-all-loops]
  for (int i = 0; i < NUM; i++) {
  ^~~
  VITIS_LOOP_109_1: 
/home/AD.UCSD.EDU/jsliang/DP-HLS/BasicKernel/solution1/.autopilot/db/pe.pp.0.cpp:30126:3: note: FIX-IT applied suggested code changes
/home/AD.UCSD.EDU/jsliang/DP-HLS/BasicKernel/solution1/.autopilot/db/pe.pp.0.cpp:30134:3: warning: Added loop label VITIS_LOOP_117_1:   [xilinx-label-all-loops]
  for (int i = 0; i < NUM; i++) {
  ^~~
  VITIS_LOOP_117_1: 
/home/AD.UCSD.EDU/jsliang/DP-HLS/BasicKernel/solution1/.autopilot/db/pe.pp.0.cpp:30134:3: note: FIX-IT applied suggested code changes
/home/AD.UCSD.EDU/jsliang/DP-HLS/BasicKernel/solution1/.autopilot/db/pe.pp.0.cpp:30141:3: warning: Added loop label VITIS_LOOP_124_1:   [xilinx-label-all-loops]
  for (int i = 0; i < NUM; i++) {
  ^~~
  VITIS_LOOP_124_1: 
/home/AD.UCSD.EDU/jsliang/DP-HLS/BasicKernel/solution1/.autopilot/db/pe.pp.0.cpp:30141:3: note: FIX-IT applied suggested code changes
/home/AD.UCSD.EDU/jsliang/DP-HLS/BasicKernel/solution1/.autopilot/db/pe.pp.0.cpp:30389:2: warning: Added loop label VITIS_LOOP_20_1:   [xilinx-label-all-loops]
 for (int i = 0; i < N; i++)
 ^~~
 VITIS_LOOP_20_1: 
/home/AD.UCSD.EDU/jsliang/DP-HLS/BasicKernel/solution1/.autopilot/db/pe.pp.0.cpp:30389:2: note: FIX-IT applied suggested code changes
/home/AD.UCSD.EDU/jsliang/DP-HLS/BasicKernel/solution1/.autopilot/db/pe.pp.0.cpp:30398:4: warning: Added loop label VITIS_LOOP_29_1:   [xilinx-label-all-loops]
   for (int i = 0; i < N; i++)
   ^~~
   VITIS_LOOP_29_1: 
/home/AD.UCSD.EDU/jsliang/DP-HLS/BasicKernel/solution1/.autopilot/db/pe.pp.0.cpp:30398:4: note: FIX-IT applied suggested code changes
/home/AD.UCSD.EDU/jsliang/DP-HLS/BasicKernel/solution1/.autopilot/db/pe.pp.0.cpp:30408:4: warning: Added loop label VITIS_LOOP_39_1:   [xilinx-label-all-loops]
   for (int i = N - 1; i > 0; i--)
   ^~~
   VITIS_LOOP_39_1: 
/home/AD.UCSD.EDU/jsliang/DP-HLS/BasicKernel/solution1/.autopilot/db/pe.pp.0.cpp:30408:4: note: FIX-IT applied suggested code changes
/home/AD.UCSD.EDU/jsliang/DP-HLS/BasicKernel/solution1/.autopilot/db/pe.pp.0.cpp:30419:4: warning: Added loop label VITIS_LOOP_62_1:   [xilinx-label-all-loops]
   for (int i = 0; i < LEN; i++)
   ^~~
   VITIS_LOOP_62_1: 
/home/AD.UCSD.EDU/jsliang/DP-HLS/BasicKernel/solution1/.autopilot/db/pe.pp.0.cpp:30419:4: note: FIX-IT applied suggested code changes
/home/AD.UCSD.EDU/jsliang/DP-HLS/BasicKernel/solution1/.autopilot/db/pe.pp.0.cpp:30442:4: warning: Added loop label VITIS_LOOP_95_1:   [xilinx-label-all-loops]
   for (int i = 0; i < N; i++)
   ^~~
   VITIS_LOOP_95_1: 
/home/AD.UCSD.EDU/jsliang/DP-HLS/BasicKernel/solution1/.autopilot/db/pe.pp.0.cpp:30442:4: note: FIX-IT applied suggested code changes
/home/AD.UCSD.EDU/jsliang/DP-HLS/BasicKernel/solution1/.autopilot/db/pe.pp.0.cpp:30453:4: warning: Added loop label VITIS_LOOP_106_1:   [xilinx-label-all-loops]
   for (int i = 0; i < N; i++)
   ^~~
   VITIS_LOOP_106_1: 
/home/AD.UCSD.EDU/jsliang/DP-HLS/BasicKernel/solution1/.autopilot/db/pe.pp.0.cpp:30453:4: note: FIX-IT applied suggested code changes
/home/AD.UCSD.EDU/jsliang/DP-HLS/BasicKernel/solution1/.autopilot/db/pe.pp.0.cpp:30464:4: warning: Added loop label VITIS_LOOP_117_1:   [xilinx-label-all-loops]
   for (int i = starting_idx; i < N; i++)
   ^~~
   VITIS_LOOP_117_1: 
/home/AD.UCSD.EDU/jsliang/DP-HLS/BasicKernel/solution1/.autopilot/db/pe.pp.0.cpp:30464:4: note: FIX-IT applied suggested code changes
/home/AD.UCSD.EDU/jsliang/DP-HLS/BasicKernel/solution1/.autopilot/db/pe.pp.0.cpp:30475:4: warning: Added loop label VITIS_LOOP_128_1:   [xilinx-label-all-loops]
   for (int i = starting_idx; i < len; i++)
   ^~~
   VITIS_LOOP_128_1: 
/home/AD.UCSD.EDU/jsliang/DP-HLS/BasicKernel/solution1/.autopilot/db/pe.pp.0.cpp:30475:4: note: FIX-IT applied suggested code changes
/home/AD.UCSD.EDU/jsliang/DP-HLS/BasicKernel/solution1/.autopilot/db/pe.pp.0.cpp:30492:4: warning: Added loop label VITIS_LOOP_145_1:   [xilinx-label-all-loops]
   for (int i = 0; i < M; i++)
   ^~~
   VITIS_LOOP_145_1: 
/home/AD.UCSD.EDU/jsliang/DP-HLS/BasicKernel/solution1/.autopilot/db/pe.pp.0.cpp:30492:4: note: FIX-IT applied suggested code changes
/home/AD.UCSD.EDU/jsliang/DP-HLS/BasicKernel/solution1/.autopilot/db/pe.pp.0.cpp:30495:2: warning: Added loop label VITIS_LOOP_148_2:   [xilinx-label-all-loops]
 for (int j = 0; j < N; j++)
 ^~~
 VITIS_LOOP_148_2: 
/home/AD.UCSD.EDU/jsliang/DP-HLS/BasicKernel/solution1/.autopilot/db/pe.pp.0.cpp:30495:2: note: FIX-IT applied suggested code changes
/home/AD.UCSD.EDU/jsliang/DP-HLS/BasicKernel/solution1/.autopilot/db/pe.pp.0.cpp:30508:4: warning: Added loop label VITIS_LOOP_161_1:   [xilinx-label-all-loops]
   for (int i = 0; i < M; i++)
   ^~~
   VITIS_LOOP_161_1: 
/home/AD.UCSD.EDU/jsliang/DP-HLS/BasicKernel/solution1/.autopilot/db/pe.pp.0.cpp:30508:4: note: FIX-IT applied suggested code changes
/home/AD.UCSD.EDU/jsliang/DP-HLS/BasicKernel/solution1/.autopilot/db/pe.pp.0.cpp:30511:2: warning: Added loop label VITIS_LOOP_164_2:   [xilinx-label-all-loops]
 for (int j = 0; j < N; j++)
 ^~~
 VITIS_LOOP_164_2: 
/home/AD.UCSD.EDU/jsliang/DP-HLS/BasicKernel/solution1/.autopilot/db/pe.pp.0.cpp:30511:2: note: FIX-IT applied suggested code changes
/home/AD.UCSD.EDU/jsliang/DP-HLS/BasicKernel/solution1/.autopilot/db/pe.pp.0.cpp:30524:4: warning: Added loop label VITIS_LOOP_184_1:   [xilinx-label-all-loops]
   for (int i = 0; i < M; i++)
   ^~~
   VITIS_LOOP_184_1: 
/home/AD.UCSD.EDU/jsliang/DP-HLS/BasicKernel/solution1/.autopilot/db/pe.pp.0.cpp:30524:4: note: FIX-IT applied suggested code changes
/home/AD.UCSD.EDU/jsliang/DP-HLS/BasicKernel/solution1/.autopilot/db/pe.pp.0.cpp:30527:2: warning: Added loop label VITIS_LOOP_187_2:   [xilinx-label-all-loops]
 for (int j = 0; j < N; j++)
 ^~~
 VITIS_LOOP_187_2: 
/home/AD.UCSD.EDU/jsliang/DP-HLS/BasicKernel/solution1/.autopilot/db/pe.pp.0.cpp:30527:2: note: FIX-IT applied suggested code changes
/home/AD.UCSD.EDU/jsliang/DP-HLS/BasicKernel/solution1/.autopilot/db/pe.pp.0.cpp:30540:4: warning: Added loop label VITIS_LOOP_200_1:   [xilinx-label-all-loops]
   for (int i = 0; i < M; i++)
   ^~~
   VITIS_LOOP_200_1: 
/home/AD.UCSD.EDU/jsliang/DP-HLS/BasicKernel/solution1/.autopilot/db/pe.pp.0.cpp:30540:4: note: FIX-IT applied suggested code changes
/home/AD.UCSD.EDU/jsliang/DP-HLS/BasicKernel/solution1/.autopilot/db/pe.pp.0.cpp:30543:2: warning: Added loop label VITIS_LOOP_203_2:   [xilinx-label-all-loops]
 for (int j = 0; j < N; j++)
 ^~~
 VITIS_LOOP_203_2: 
/home/AD.UCSD.EDU/jsliang/DP-HLS/BasicKernel/solution1/.autopilot/db/pe.pp.0.cpp:30543:2: note: FIX-IT applied suggested code changes
/home/AD.UCSD.EDU/jsliang/DP-HLS/BasicKernel/solution1/.autopilot/db/pe.pp.0.cpp:30766:5: warning: Added loop label VITIS_LOOP_109_1:   [xilinx-label-all-loops]
    for (int i = 0; i < 32; i++)
    ^~~
    VITIS_LOOP_109_1: 
/home/AD.UCSD.EDU/jsliang/DP-HLS/BasicKernel/solution1/.autopilot/db/pe.pp.0.cpp:30766:5: note: FIX-IT applied suggested code changes
/home/AD.UCSD.EDU/jsliang/DP-HLS/BasicKernel/solution1/.autopilot/db/pe.pp.0.cpp:30797:5: warning: Added loop label VITIS_LOOP_140_1:   [xilinx-label-all-loops]
    for (int i = 0; i < 32; i++)
    ^~~
    VITIS_LOOP_140_1: 
/home/AD.UCSD.EDU/jsliang/DP-HLS/BasicKernel/solution1/.autopilot/db/pe.pp.0.cpp:30797:5: note: FIX-IT applied suggested code changes
/home/AD.UCSD.EDU/jsliang/DP-HLS/BasicKernel/solution1/.autopilot/db/pe.pp.0.cpp:30815:5: warning: Added loop label VITIS_LOOP_158_1:   [xilinx-label-all-loops]
    for (int i = 0; i < 32; i++)
    ^~~
    VITIS_LOOP_158_1: 
/home/AD.UCSD.EDU/jsliang/DP-HLS/BasicKernel/solution1/.autopilot/db/pe.pp.0.cpp:30815:5: note: FIX-IT applied suggested code changes
/home/AD.UCSD.EDU/jsliang/DP-HLS/BasicKernel/solution1/.autopilot/db/pe.pp.0.cpp:30853:5: warning: Added loop label VITIS_LOOP_196_1:   [xilinx-label-all-loops]
    for (int i = 0; i < 32; i++)
    ^~~
    VITIS_LOOP_196_1: 
/home/AD.UCSD.EDU/jsliang/DP-HLS/BasicKernel/solution1/.autopilot/db/pe.pp.0.cpp:30853:5: note: FIX-IT applied suggested code changes
/home/AD.UCSD.EDU/jsliang/DP-HLS/BasicKernel/solution1/.autopilot/db/pe.pp.0.cpp:30878:5: warning: Added loop label VITIS_LOOP_221_1:   [xilinx-label-all-loops]
    for (int i = 0; i < 32; i++)
    ^~~
    VITIS_LOOP_221_1: 
/home/AD.UCSD.EDU/jsliang/DP-HLS/BasicKernel/solution1/.autopilot/db/pe.pp.0.cpp:30878:5: note: FIX-IT applied suggested code changes
/home/AD.UCSD.EDU/jsliang/DP-HLS/BasicKernel/solution1/.autopilot/db/pe.pp.0.cpp:30902:5: warning: Added loop label VITIS_LOOP_245_1:   [xilinx-label-all-loops]
    for (int i = 0; i < 32; i++)
    ^~~
    VITIS_LOOP_245_1: 
/home/AD.UCSD.EDU/jsliang/DP-HLS/BasicKernel/solution1/.autopilot/db/pe.pp.0.cpp:30902:5: note: FIX-IT applied suggested code changes
/home/AD.UCSD.EDU/jsliang/DP-HLS/BasicKernel/solution1/.autopilot/db/pe.pp.0.cpp:30928:5: warning: Added loop label VITIS_LOOP_271_1:   [xilinx-label-all-loops]
    for (int i = 0; i < 32; i++)
    ^~~
    VITIS_LOOP_271_1: 
/home/AD.UCSD.EDU/jsliang/DP-HLS/BasicKernel/solution1/.autopilot/db/pe.pp.0.cpp:30928:5: note: FIX-IT applied suggested code changes
/home/AD.UCSD.EDU/jsliang/DP-HLS/BasicKernel/solution1/.autopilot/db/pe.pp.0.cpp:30950:5: warning: Added loop label VITIS_LOOP_293_1:   [xilinx-label-all-loops]
    for (int i = 1; i <= 32; i++)
    ^~~
    VITIS_LOOP_293_1: 
/home/AD.UCSD.EDU/jsliang/DP-HLS/BasicKernel/solution1/.autopilot/db/pe.pp.0.cpp:30950:5: note: FIX-IT applied suggested code changes
