/home/AD.UCSD.EDU/jsliang/DP-HLS/BasicKernel/solution1/.autopilot/db/seq_align_multiple.pp.0.cpp:8295:7: warning: Added loop label VITIS_LOOP_1213_1:   [xilinx-label-all-loops]
      for (i = 0; i < __N - 1; ++i) {
      ^~~
      VITIS_LOOP_1213_1: 
/home/AD.UCSD.EDU/jsliang/DP-HLS/BasicKernel/solution1/.autopilot/db/seq_align_multiple.pp.0.cpp:8295:7: note: FIX-IT applied suggested code changes
/home/AD.UCSD.EDU/jsliang/DP-HLS/BasicKernel/solution1/.autopilot/db/seq_align_multiple.pp.0.cpp:9269:5: warning: Added loop label VITIS_LOOP_676_1:   [xilinx-label-all-loops]
    for (unsigned i = low; i != high; ++i) {
    ^~~
    VITIS_LOOP_676_1: 
/home/AD.UCSD.EDU/jsliang/DP-HLS/BasicKernel/solution1/.autopilot/db/seq_align_multiple.pp.0.cpp:9269:5: note: FIX-IT applied suggested code changes
/home/AD.UCSD.EDU/jsliang/DP-HLS/BasicKernel/solution1/.autopilot/db/seq_align_multiple.pp.0.cpp:9283:5: warning: Added loop label VITIS_LOOP_690_1:   [xilinx-label-all-loops]
    for (unsigned i = low; i != high; ++i) {
    ^~~
    VITIS_LOOP_690_1: 
/home/AD.UCSD.EDU/jsliang/DP-HLS/BasicKernel/solution1/.autopilot/db/seq_align_multiple.pp.0.cpp:9283:5: note: FIX-IT applied suggested code changes
/home/AD.UCSD.EDU/jsliang/DP-HLS/BasicKernel/solution1/.autopilot/db/seq_align_multiple.pp.0.cpp:9297:5: warning: Added loop label VITIS_LOOP_704_1:   [xilinx-label-all-loops]
    for (unsigned i = low; i != high; ++i) {
    ^~~
    VITIS_LOOP_704_1: 
/home/AD.UCSD.EDU/jsliang/DP-HLS/BasicKernel/solution1/.autopilot/db/seq_align_multiple.pp.0.cpp:9297:5: note: FIX-IT applied suggested code changes
/home/AD.UCSD.EDU/jsliang/DP-HLS/BasicKernel/solution1/.autopilot/db/seq_align_multiple.pp.0.cpp:10896:7: warning: Added loop label VITIS_LOOP_1247_1:   [xilinx-label-all-loops]
      for (i = 0; i < __N - 1; ++i) {
      ^~~
      VITIS_LOOP_1247_1: 
/home/AD.UCSD.EDU/jsliang/DP-HLS/BasicKernel/solution1/.autopilot/db/seq_align_multiple.pp.0.cpp:10896:7: note: FIX-IT applied suggested code changes
/home/AD.UCSD.EDU/jsliang/DP-HLS/BasicKernel/solution1/.autopilot/db/seq_align_multiple.pp.0.cpp:30203:5: warning: Added loop label VITIS_LOOP_124_1:   [xilinx-label-all-loops]
    for (size_t i = 0; i < N; ++i) {
    ^~~
    VITIS_LOOP_124_1: 
/home/AD.UCSD.EDU/jsliang/DP-HLS/BasicKernel/solution1/.autopilot/db/seq_align_multiple.pp.0.cpp:30203:5: note: FIX-IT applied suggested code changes
/home/AD.UCSD.EDU/jsliang/DP-HLS/BasicKernel/solution1/.autopilot/db/seq_align_multiple.pp.0.cpp:30219:5: warning: Added loop label VITIS_LOOP_140_1:   [xilinx-label-all-loops]
    for (size_t i = 0; i < N; ++i) {
    ^~~
    VITIS_LOOP_140_1: 
/home/AD.UCSD.EDU/jsliang/DP-HLS/BasicKernel/solution1/.autopilot/db/seq_align_multiple.pp.0.cpp:30219:5: note: FIX-IT applied suggested code changes
/home/AD.UCSD.EDU/jsliang/DP-HLS/BasicKernel/solution1/.autopilot/db/seq_align_multiple.pp.0.cpp:30235:75: warning: Added loop label VITIS_LOOP_166_1:   [xilinx-label-all-loops]
  inline __attribute__((always_inline)) vector &operator ++() { pragma(); for (size_t i = 0; i < N; ++i) {
                                                                          ^~~
                                                                          VITIS_LOOP_166_1: 
/home/AD.UCSD.EDU/jsliang/DP-HLS/BasicKernel/solution1/.autopilot/db/seq_align_multiple.pp.0.cpp:30235:75: note: FIX-IT applied suggested code changes
/home/AD.UCSD.EDU/jsliang/DP-HLS/BasicKernel/solution1/.autopilot/db/seq_align_multiple.pp.0.cpp:30240:75: warning: Added loop label VITIS_LOOP_167_1:   [xilinx-label-all-loops]
  inline __attribute__((always_inline)) vector &operator --() { pragma(); for (size_t i = 0; i < N; ++i) {
                                                                          ^~~
                                                                          VITIS_LOOP_167_1: 
/home/AD.UCSD.EDU/jsliang/DP-HLS/BasicKernel/solution1/.autopilot/db/seq_align_multiple.pp.0.cpp:30240:75: note: FIX-IT applied suggested code changes
/home/AD.UCSD.EDU/jsliang/DP-HLS/BasicKernel/solution1/.autopilot/db/seq_align_multiple.pp.0.cpp:30249:106: warning: Added loop label VITIS_LOOP_195_1:   [xilinx-label-all-loops]
  inline __attribute__((always_inline)) vector &operator +=(const vector &rhs) { pragma(); rhs.pragma(); for (size_t i = 0; i < N; ++i) {
                                                                                                         ^~~
                                                                                                         VITIS_LOOP_195_1: 
/home/AD.UCSD.EDU/jsliang/DP-HLS/BasicKernel/solution1/.autopilot/db/seq_align_multiple.pp.0.cpp:30249:106: note: FIX-IT applied suggested code changes
/home/AD.UCSD.EDU/jsliang/DP-HLS/BasicKernel/solution1/.autopilot/db/seq_align_multiple.pp.0.cpp:30254:106: warning: Added loop label VITIS_LOOP_196_1:   [xilinx-label-all-loops]
  inline __attribute__((always_inline)) vector &operator -=(const vector &rhs) { pragma(); rhs.pragma(); for (size_t i = 0; i < N; ++i) {
                                                                                                         ^~~
                                                                                                         VITIS_LOOP_196_1: 
/home/AD.UCSD.EDU/jsliang/DP-HLS/BasicKernel/solution1/.autopilot/db/seq_align_multiple.pp.0.cpp:30254:106: note: FIX-IT applied suggested code changes
/home/AD.UCSD.EDU/jsliang/DP-HLS/BasicKernel/solution1/.autopilot/db/seq_align_multiple.pp.0.cpp:30259:106: warning: Added loop label VITIS_LOOP_197_1:   [xilinx-label-all-loops]
  inline __attribute__((always_inline)) vector &operator *=(const vector &rhs) { pragma(); rhs.pragma(); for (size_t i = 0; i < N; ++i) {
                                                                                                         ^~~
                                                                                                         VITIS_LOOP_197_1: 
/home/AD.UCSD.EDU/jsliang/DP-HLS/BasicKernel/solution1/.autopilot/db/seq_align_multiple.pp.0.cpp:30259:106: note: FIX-IT applied suggested code changes
/home/AD.UCSD.EDU/jsliang/DP-HLS/BasicKernel/solution1/.autopilot/db/seq_align_multiple.pp.0.cpp:30264:106: warning: Added loop label VITIS_LOOP_198_1:   [xilinx-label-all-loops]
  inline __attribute__((always_inline)) vector &operator /=(const vector &rhs) { pragma(); rhs.pragma(); for (size_t i = 0; i < N; ++i) {
                                                                                                         ^~~
                                                                                                         VITIS_LOOP_198_1: 
/home/AD.UCSD.EDU/jsliang/DP-HLS/BasicKernel/solution1/.autopilot/db/seq_align_multiple.pp.0.cpp:30264:106: note: FIX-IT applied suggested code changes
/home/AD.UCSD.EDU/jsliang/DP-HLS/BasicKernel/solution1/.autopilot/db/seq_align_multiple.pp.0.cpp:30269:106: warning: Added loop label VITIS_LOOP_199_1:   [xilinx-label-all-loops]
  inline __attribute__((always_inline)) vector &operator %=(const vector &rhs) { pragma(); rhs.pragma(); for (size_t i = 0; i < N; ++i) {
                                                                                                         ^~~
                                                                                                         VITIS_LOOP_199_1: 
/home/AD.UCSD.EDU/jsliang/DP-HLS/BasicKernel/solution1/.autopilot/db/seq_align_multiple.pp.0.cpp:30269:106: note: FIX-IT applied suggested code changes
/home/AD.UCSD.EDU/jsliang/DP-HLS/BasicKernel/solution1/.autopilot/db/seq_align_multiple.pp.0.cpp:30274:106: warning: Added loop label VITIS_LOOP_200_1:   [xilinx-label-all-loops]
  inline __attribute__((always_inline)) vector &operator &=(const vector &rhs) { pragma(); rhs.pragma(); for (size_t i = 0; i < N; ++i) {
                                                                                                         ^~~
                                                                                                         VITIS_LOOP_200_1: 
/home/AD.UCSD.EDU/jsliang/DP-HLS/BasicKernel/solution1/.autopilot/db/seq_align_multiple.pp.0.cpp:30274:106: note: FIX-IT applied suggested code changes
/home/AD.UCSD.EDU/jsliang/DP-HLS/BasicKernel/solution1/.autopilot/db/seq_align_multiple.pp.0.cpp:30279:106: warning: Added loop label VITIS_LOOP_201_1:   [xilinx-label-all-loops]
  inline __attribute__((always_inline)) vector &operator |=(const vector &rhs) { pragma(); rhs.pragma(); for (size_t i = 0; i < N; ++i) {
                                                                                                         ^~~
                                                                                                         VITIS_LOOP_201_1: 
/home/AD.UCSD.EDU/jsliang/DP-HLS/BasicKernel/solution1/.autopilot/db/seq_align_multiple.pp.0.cpp:30279:106: note: FIX-IT applied suggested code changes
/home/AD.UCSD.EDU/jsliang/DP-HLS/BasicKernel/solution1/.autopilot/db/seq_align_multiple.pp.0.cpp:30284:106: warning: Added loop label VITIS_LOOP_202_1:   [xilinx-label-all-loops]
  inline __attribute__((always_inline)) vector &operator ^=(const vector &rhs) { pragma(); rhs.pragma(); for (size_t i = 0; i < N; ++i) {
                                                                                                         ^~~
                                                                                                         VITIS_LOOP_202_1: 
/home/AD.UCSD.EDU/jsliang/DP-HLS/BasicKernel/solution1/.autopilot/db/seq_align_multiple.pp.0.cpp:30284:106: note: FIX-IT applied suggested code changes
/home/AD.UCSD.EDU/jsliang/DP-HLS/BasicKernel/solution1/.autopilot/db/seq_align_multiple.pp.0.cpp:30289:107: warning: Added loop label VITIS_LOOP_203_1:   [xilinx-label-all-loops]
  inline __attribute__((always_inline)) vector &operator <<=(const vector &rhs) { pragma(); rhs.pragma(); for (size_t i = 0; i < N; ++i) {
                                                                                                          ^~~
                                                                                                          VITIS_LOOP_203_1: 
/home/AD.UCSD.EDU/jsliang/DP-HLS/BasicKernel/solution1/.autopilot/db/seq_align_multiple.pp.0.cpp:30289:107: note: FIX-IT applied suggested code changes
/home/AD.UCSD.EDU/jsliang/DP-HLS/BasicKernel/solution1/.autopilot/db/seq_align_multiple.pp.0.cpp:30294:107: warning: Added loop label VITIS_LOOP_204_1:   [xilinx-label-all-loops]
  inline __attribute__((always_inline)) vector &operator >>=(const vector &rhs) { pragma(); rhs.pragma(); for (size_t i = 0; i < N; ++i) {
                                                                                                          ^~~
                                                                                                          VITIS_LOOP_204_1: 
/home/AD.UCSD.EDU/jsliang/DP-HLS/BasicKernel/solution1/.autopilot/db/seq_align_multiple.pp.0.cpp:30294:107: note: FIX-IT applied suggested code changes
/home/AD.UCSD.EDU/jsliang/DP-HLS/BasicKernel/solution1/.autopilot/db/seq_align_multiple.pp.0.cpp:30300:91: warning: Added loop label VITIS_LOOP_219_1:   [xilinx-label-all-loops]
  inline __attribute__((always_inline)) T reduce_add() const { pragma(); T res = data[0]; for (size_t i = 1; i < N; ++i) {
                                                                                          ^~~
                                                                                          VITIS_LOOP_219_1: 
/home/AD.UCSD.EDU/jsliang/DP-HLS/BasicKernel/solution1/.autopilot/db/seq_align_multiple.pp.0.cpp:30300:91: note: FIX-IT applied suggested code changes
/home/AD.UCSD.EDU/jsliang/DP-HLS/BasicKernel/solution1/.autopilot/db/seq_align_multiple.pp.0.cpp:30305:92: warning: Added loop label VITIS_LOOP_220_1:   [xilinx-label-all-loops]
  inline __attribute__((always_inline)) T reduce_mult() const { pragma(); T res = data[0]; for (size_t i = 1; i < N; ++i) {
                                                                                           ^~~
                                                                                           VITIS_LOOP_220_1: 
/home/AD.UCSD.EDU/jsliang/DP-HLS/BasicKernel/solution1/.autopilot/db/seq_align_multiple.pp.0.cpp:30305:92: note: FIX-IT applied suggested code changes
/home/AD.UCSD.EDU/jsliang/DP-HLS/BasicKernel/solution1/.autopilot/db/seq_align_multiple.pp.0.cpp:30310:91: warning: Added loop label VITIS_LOOP_221_1:   [xilinx-label-all-loops]
  inline __attribute__((always_inline)) T reduce_and() const { pragma(); T res = data[0]; for (size_t i = 1; i < N; ++i) {
                                                                                          ^~~
                                                                                          VITIS_LOOP_221_1: 
/home/AD.UCSD.EDU/jsliang/DP-HLS/BasicKernel/solution1/.autopilot/db/seq_align_multiple.pp.0.cpp:30310:91: note: FIX-IT applied suggested code changes
/home/AD.UCSD.EDU/jsliang/DP-HLS/BasicKernel/solution1/.autopilot/db/seq_align_multiple.pp.0.cpp:30315:90: warning: Added loop label VITIS_LOOP_222_1:   [xilinx-label-all-loops]
  inline __attribute__((always_inline)) T reduce_or() const { pragma(); T res = data[0]; for (size_t i = 1; i < N; ++i) {
                                                                                         ^~~
                                                                                         VITIS_LOOP_222_1: 
/home/AD.UCSD.EDU/jsliang/DP-HLS/BasicKernel/solution1/.autopilot/db/seq_align_multiple.pp.0.cpp:30315:90: note: FIX-IT applied suggested code changes
/home/AD.UCSD.EDU/jsliang/DP-HLS/BasicKernel/solution1/.autopilot/db/seq_align_multiple.pp.0.cpp:30320:91: warning: Added loop label VITIS_LOOP_223_1:   [xilinx-label-all-loops]
  inline __attribute__((always_inline)) T reduce_xor() const { pragma(); T res = data[0]; for (size_t i = 1; i < N; ++i) {
                                                                                          ^~~
                                                                                          VITIS_LOOP_223_1: 
/home/AD.UCSD.EDU/jsliang/DP-HLS/BasicKernel/solution1/.autopilot/db/seq_align_multiple.pp.0.cpp:30320:91: note: FIX-IT applied suggested code changes
/home/AD.UCSD.EDU/jsliang/DP-HLS/BasicKernel/solution1/.autopilot/db/seq_align_multiple.pp.0.cpp:30326:132: warning: Added loop label VITIS_LOOP_253_1:   [xilinx-label-all-loops]
  inline __attribute__((always_inline)) friend bool operator <(const vector &lhs, const vector &rhs) { lhs.pragma(); rhs.pragma(); for (size_t i = 0; i < N; ++i) {
                                                                                                                                   ^~~
                                                                                                                                   VITIS_LOOP_253_1: 
/home/AD.UCSD.EDU/jsliang/DP-HLS/BasicKernel/solution1/.autopilot/db/seq_align_multiple.pp.0.cpp:30326:132: note: FIX-IT applied suggested code changes
/home/AD.UCSD.EDU/jsliang/DP-HLS/BasicKernel/solution1/.autopilot/db/seq_align_multiple.pp.0.cpp:30331:133: warning: Added loop label VITIS_LOOP_254_1:   [xilinx-label-all-loops]
  inline __attribute__((always_inline)) friend bool operator <=(const vector &lhs, const vector &rhs) { lhs.pragma(); rhs.pragma(); for (size_t i = 0; i < N; ++i) {
                                                                                                                                    ^~~
                                                                                                                                    VITIS_LOOP_254_1: 
/home/AD.UCSD.EDU/jsliang/DP-HLS/BasicKernel/solution1/.autopilot/db/seq_align_multiple.pp.0.cpp:30331:133: note: FIX-IT applied suggested code changes
/home/AD.UCSD.EDU/jsliang/DP-HLS/BasicKernel/solution1/.autopilot/db/seq_align_multiple.pp.0.cpp:30336:133: warning: Added loop label VITIS_LOOP_255_1:   [xilinx-label-all-loops]
  inline __attribute__((always_inline)) friend bool operator ==(const vector &lhs, const vector &rhs) { lhs.pragma(); rhs.pragma(); for (size_t i = 0; i < N; ++i) {
                                                                                                                                    ^~~
                                                                                                                                    VITIS_LOOP_255_1: 
/home/AD.UCSD.EDU/jsliang/DP-HLS/BasicKernel/solution1/.autopilot/db/seq_align_multiple.pp.0.cpp:30336:133: note: FIX-IT applied suggested code changes
/home/AD.UCSD.EDU/jsliang/DP-HLS/BasicKernel/solution1/.autopilot/db/seq_align_multiple.pp.0.cpp:30341:133: warning: Added loop label VITIS_LOOP_256_1:   [xilinx-label-all-loops]
  inline __attribute__((always_inline)) friend bool operator !=(const vector &lhs, const vector &rhs) { lhs.pragma(); rhs.pragma(); for (size_t i = 0; i < N; ++i) {
                                                                                                                                    ^~~
                                                                                                                                    VITIS_LOOP_256_1: 
/home/AD.UCSD.EDU/jsliang/DP-HLS/BasicKernel/solution1/.autopilot/db/seq_align_multiple.pp.0.cpp:30341:133: note: FIX-IT applied suggested code changes
/home/AD.UCSD.EDU/jsliang/DP-HLS/BasicKernel/solution1/.autopilot/db/seq_align_multiple.pp.0.cpp:30346:133: warning: Added loop label VITIS_LOOP_257_1:   [xilinx-label-all-loops]
  inline __attribute__((always_inline)) friend bool operator >=(const vector &lhs, const vector &rhs) { lhs.pragma(); rhs.pragma(); for (size_t i = 0; i < N; ++i) {
                                                                                                                                    ^~~
                                                                                                                                    VITIS_LOOP_257_1: 
/home/AD.UCSD.EDU/jsliang/DP-HLS/BasicKernel/solution1/.autopilot/db/seq_align_multiple.pp.0.cpp:30346:133: note: FIX-IT applied suggested code changes
/home/AD.UCSD.EDU/jsliang/DP-HLS/BasicKernel/solution1/.autopilot/db/seq_align_multiple.pp.0.cpp:30351:132: warning: Added loop label VITIS_LOOP_258_1:   [xilinx-label-all-loops]
  inline __attribute__((always_inline)) friend bool operator >(const vector &lhs, const vector &rhs) { lhs.pragma(); rhs.pragma(); for (size_t i = 0; i < N; ++i) {
                                                                                                                                   ^~~
                                                                                                                                   VITIS_LOOP_258_1: 
/home/AD.UCSD.EDU/jsliang/DP-HLS/BasicKernel/solution1/.autopilot/db/seq_align_multiple.pp.0.cpp:30351:132: note: FIX-IT applied suggested code changes
/home/AD.UCSD.EDU/jsliang/DP-HLS/BasicKernel/solution1/.autopilot/db/seq_align_multiple.pp.0.cpp:42839:2: warning: Added loop label VITIS_LOOP_13_1:   [xilinx-label-all-loops]
 for (int i = 0; i < LEN; i++) {
 ^~~
 VITIS_LOOP_13_1: 
/home/AD.UCSD.EDU/jsliang/DP-HLS/BasicKernel/solution1/.autopilot/db/seq_align_multiple.pp.0.cpp:42839:2: note: FIX-IT applied suggested code changes
/home/AD.UCSD.EDU/jsliang/DP-HLS/BasicKernel/solution1/.autopilot/db/seq_align_multiple.pp.0.cpp:42851:3: warning: Added loop label VITIS_LOOP_25_1:   [xilinx-label-all-loops]
  for (int i = LEN - 1; i > 0; i--) {
  ^~~
  VITIS_LOOP_25_1: 
/home/AD.UCSD.EDU/jsliang/DP-HLS/BasicKernel/solution1/.autopilot/db/seq_align_multiple.pp.0.cpp:42851:3: note: FIX-IT applied suggested code changes
/home/AD.UCSD.EDU/jsliang/DP-HLS/BasicKernel/solution1/.autopilot/db/seq_align_multiple.pp.0.cpp:42865:3: warning: Added loop label VITIS_LOOP_39_1:   [xilinx-label-all-loops]
  for (int i = LEN - 1; i > 0; i--) {
  ^~~
  VITIS_LOOP_39_1: 
/home/AD.UCSD.EDU/jsliang/DP-HLS/BasicKernel/solution1/.autopilot/db/seq_align_multiple.pp.0.cpp:42865:3: note: FIX-IT applied suggested code changes
/home/AD.UCSD.EDU/jsliang/DP-HLS/BasicKernel/solution1/.autopilot/db/seq_align_multiple.pp.0.cpp:42878:3: warning: Added loop label VITIS_LOOP_52_1:   [xilinx-label-all-loops]
  for (int i = 0; i < LEN - 1; i++) {
  ^~~
  VITIS_LOOP_52_1: 
/home/AD.UCSD.EDU/jsliang/DP-HLS/BasicKernel/solution1/.autopilot/db/seq_align_multiple.pp.0.cpp:42878:3: note: FIX-IT applied suggested code changes
/home/AD.UCSD.EDU/jsliang/DP-HLS/BasicKernel/solution1/.autopilot/db/seq_align_multiple.pp.0.cpp:42891:3: warning: Added loop label VITIS_LOOP_65_1:   [xilinx-label-all-loops]
  for (int i = 0; i < LEN - 1; i++) {
  ^~~
  VITIS_LOOP_65_1: 
/home/AD.UCSD.EDU/jsliang/DP-HLS/BasicKernel/solution1/.autopilot/db/seq_align_multiple.pp.0.cpp:42891:3: note: FIX-IT applied suggested code changes
/home/AD.UCSD.EDU/jsliang/DP-HLS/BasicKernel/solution1/.autopilot/db/seq_align_multiple.pp.0.cpp:42904:3: warning: Added loop label VITIS_LOOP_78_1:   [xilinx-label-all-loops]
  for (int i = 0; i < LEN; i++) {
  ^~~
  VITIS_LOOP_78_1: 
/home/AD.UCSD.EDU/jsliang/DP-HLS/BasicKernel/solution1/.autopilot/db/seq_align_multiple.pp.0.cpp:42904:3: note: FIX-IT applied suggested code changes
/home/AD.UCSD.EDU/jsliang/DP-HLS/BasicKernel/solution1/.autopilot/db/seq_align_multiple.pp.0.cpp:42921:3: warning: Added loop label VITIS_LOOP_95_1:   [xilinx-label-all-loops]
  for (int i = 0; i < NUM; i++) {
  ^~~
  VITIS_LOOP_95_1: 
/home/AD.UCSD.EDU/jsliang/DP-HLS/BasicKernel/solution1/.autopilot/db/seq_align_multiple.pp.0.cpp:42921:3: note: FIX-IT applied suggested code changes
/home/AD.UCSD.EDU/jsliang/DP-HLS/BasicKernel/solution1/.autopilot/db/seq_align_multiple.pp.0.cpp:42928:3: warning: Added loop label VITIS_LOOP_102_1:   [xilinx-label-all-loops]
  for (int i = 0; i < NUM; i++) {
  ^~~
  VITIS_LOOP_102_1: 
/home/AD.UCSD.EDU/jsliang/DP-HLS/BasicKernel/solution1/.autopilot/db/seq_align_multiple.pp.0.cpp:42928:3: note: FIX-IT applied suggested code changes
/home/AD.UCSD.EDU/jsliang/DP-HLS/BasicKernel/solution1/.autopilot/db/seq_align_multiple.pp.0.cpp:42935:3: warning: Added loop label VITIS_LOOP_109_1:   [xilinx-label-all-loops]
  for (int i = 0; i < NUM; i++) {
  ^~~
  VITIS_LOOP_109_1: 
/home/AD.UCSD.EDU/jsliang/DP-HLS/BasicKernel/solution1/.autopilot/db/seq_align_multiple.pp.0.cpp:42935:3: note: FIX-IT applied suggested code changes
/home/AD.UCSD.EDU/jsliang/DP-HLS/BasicKernel/solution1/.autopilot/db/seq_align_multiple.pp.0.cpp:42943:3: warning: Added loop label VITIS_LOOP_117_1:   [xilinx-label-all-loops]
  for (int i = 0; i < NUM; i++) {
  ^~~
  VITIS_LOOP_117_1: 
/home/AD.UCSD.EDU/jsliang/DP-HLS/BasicKernel/solution1/.autopilot/db/seq_align_multiple.pp.0.cpp:42943:3: note: FIX-IT applied suggested code changes
/home/AD.UCSD.EDU/jsliang/DP-HLS/BasicKernel/solution1/.autopilot/db/seq_align_multiple.pp.0.cpp:42950:3: warning: Added loop label VITIS_LOOP_124_1:   [xilinx-label-all-loops]
  for (int i = 0; i < NUM; i++) {
  ^~~
  VITIS_LOOP_124_1: 
/home/AD.UCSD.EDU/jsliang/DP-HLS/BasicKernel/solution1/.autopilot/db/seq_align_multiple.pp.0.cpp:42950:3: note: FIX-IT applied suggested code changes
/home/AD.UCSD.EDU/jsliang/DP-HLS/BasicKernel/solution1/.autopilot/db/seq_align_multiple.pp.0.cpp:43132:2: warning: Added loop label VITIS_LOOP_20_1:   [xilinx-label-all-loops]
 for (int i = 0; i < N; i++)
 ^~~
 VITIS_LOOP_20_1: 
/home/AD.UCSD.EDU/jsliang/DP-HLS/BasicKernel/solution1/.autopilot/db/seq_align_multiple.pp.0.cpp:43132:2: note: FIX-IT applied suggested code changes
/home/AD.UCSD.EDU/jsliang/DP-HLS/BasicKernel/solution1/.autopilot/db/seq_align_multiple.pp.0.cpp:43141:4: warning: Added loop label VITIS_LOOP_29_1:   [xilinx-label-all-loops]
   for (int i = 0; i < N; i++)
   ^~~
   VITIS_LOOP_29_1: 
/home/AD.UCSD.EDU/jsliang/DP-HLS/BasicKernel/solution1/.autopilot/db/seq_align_multiple.pp.0.cpp:43141:4: note: FIX-IT applied suggested code changes
/home/AD.UCSD.EDU/jsliang/DP-HLS/BasicKernel/solution1/.autopilot/db/seq_align_multiple.pp.0.cpp:43151:4: warning: Added loop label VITIS_LOOP_39_1:   [xilinx-label-all-loops]
   for (int i = N - 1; i > 0; i--)
   ^~~
   VITIS_LOOP_39_1: 
/home/AD.UCSD.EDU/jsliang/DP-HLS/BasicKernel/solution1/.autopilot/db/seq_align_multiple.pp.0.cpp:43151:4: note: FIX-IT applied suggested code changes
/home/AD.UCSD.EDU/jsliang/DP-HLS/BasicKernel/solution1/.autopilot/db/seq_align_multiple.pp.0.cpp:43162:4: warning: Added loop label VITIS_LOOP_62_1:   [xilinx-label-all-loops]
   for (int i = 0; i < LEN; i++)
   ^~~
   VITIS_LOOP_62_1: 
/home/AD.UCSD.EDU/jsliang/DP-HLS/BasicKernel/solution1/.autopilot/db/seq_align_multiple.pp.0.cpp:43162:4: note: FIX-IT applied suggested code changes
/home/AD.UCSD.EDU/jsliang/DP-HLS/BasicKernel/solution1/.autopilot/db/seq_align_multiple.pp.0.cpp:43185:4: warning: Added loop label VITIS_LOOP_95_1:   [xilinx-label-all-loops]
   for (int i = 0; i < N; i++)
   ^~~
   VITIS_LOOP_95_1: 
/home/AD.UCSD.EDU/jsliang/DP-HLS/BasicKernel/solution1/.autopilot/db/seq_align_multiple.pp.0.cpp:43185:4: note: FIX-IT applied suggested code changes
/home/AD.UCSD.EDU/jsliang/DP-HLS/BasicKernel/solution1/.autopilot/db/seq_align_multiple.pp.0.cpp:43196:4: warning: Added loop label VITIS_LOOP_106_1:   [xilinx-label-all-loops]
   for (int i = 0; i < N; i++)
   ^~~
   VITIS_LOOP_106_1: 
/home/AD.UCSD.EDU/jsliang/DP-HLS/BasicKernel/solution1/.autopilot/db/seq_align_multiple.pp.0.cpp:43196:4: note: FIX-IT applied suggested code changes
/home/AD.UCSD.EDU/jsliang/DP-HLS/BasicKernel/solution1/.autopilot/db/seq_align_multiple.pp.0.cpp:43207:4: warning: Added loop label VITIS_LOOP_117_1:   [xilinx-label-all-loops]
   for (int i = starting_idx; i < N; i++)
   ^~~
   VITIS_LOOP_117_1: 
/home/AD.UCSD.EDU/jsliang/DP-HLS/BasicKernel/solution1/.autopilot/db/seq_align_multiple.pp.0.cpp:43207:4: note: FIX-IT applied suggested code changes
/home/AD.UCSD.EDU/jsliang/DP-HLS/BasicKernel/solution1/.autopilot/db/seq_align_multiple.pp.0.cpp:43218:4: warning: Added loop label VITIS_LOOP_128_1:   [xilinx-label-all-loops]
   for (int i = starting_idx; i < len; i++)
   ^~~
   VITIS_LOOP_128_1: 
/home/AD.UCSD.EDU/jsliang/DP-HLS/BasicKernel/solution1/.autopilot/db/seq_align_multiple.pp.0.cpp:43218:4: note: FIX-IT applied suggested code changes
/home/AD.UCSD.EDU/jsliang/DP-HLS/BasicKernel/solution1/.autopilot/db/seq_align_multiple.pp.0.cpp:43235:4: warning: Added loop label VITIS_LOOP_145_1:   [xilinx-label-all-loops]
   for (int i = 0; i < M; i++)
   ^~~
   VITIS_LOOP_145_1: 
/home/AD.UCSD.EDU/jsliang/DP-HLS/BasicKernel/solution1/.autopilot/db/seq_align_multiple.pp.0.cpp:43235:4: note: FIX-IT applied suggested code changes
/home/AD.UCSD.EDU/jsliang/DP-HLS/BasicKernel/solution1/.autopilot/db/seq_align_multiple.pp.0.cpp:43238:2: warning: Added loop label VITIS_LOOP_148_2:   [xilinx-label-all-loops]
 for (int j = 0; j < N; j++)
 ^~~
 VITIS_LOOP_148_2: 
/home/AD.UCSD.EDU/jsliang/DP-HLS/BasicKernel/solution1/.autopilot/db/seq_align_multiple.pp.0.cpp:43238:2: note: FIX-IT applied suggested code changes
/home/AD.UCSD.EDU/jsliang/DP-HLS/BasicKernel/solution1/.autopilot/db/seq_align_multiple.pp.0.cpp:43251:4: warning: Added loop label VITIS_LOOP_161_1:   [xilinx-label-all-loops]
   for (int i = 0; i < M; i++)
   ^~~
   VITIS_LOOP_161_1: 
/home/AD.UCSD.EDU/jsliang/DP-HLS/BasicKernel/solution1/.autopilot/db/seq_align_multiple.pp.0.cpp:43251:4: note: FIX-IT applied suggested code changes
/home/AD.UCSD.EDU/jsliang/DP-HLS/BasicKernel/solution1/.autopilot/db/seq_align_multiple.pp.0.cpp:43254:2: warning: Added loop label VITIS_LOOP_164_2:   [xilinx-label-all-loops]
 for (int j = 0; j < N; j++)
 ^~~
 VITIS_LOOP_164_2: 
/home/AD.UCSD.EDU/jsliang/DP-HLS/BasicKernel/solution1/.autopilot/db/seq_align_multiple.pp.0.cpp:43254:2: note: FIX-IT applied suggested code changes
/home/AD.UCSD.EDU/jsliang/DP-HLS/BasicKernel/solution1/.autopilot/db/seq_align_multiple.pp.0.cpp:43267:4: warning: Added loop label VITIS_LOOP_184_1:   [xilinx-label-all-loops]
   for (int i = 0; i < M; i++)
   ^~~
   VITIS_LOOP_184_1: 
/home/AD.UCSD.EDU/jsliang/DP-HLS/BasicKernel/solution1/.autopilot/db/seq_align_multiple.pp.0.cpp:43267:4: note: FIX-IT applied suggested code changes
/home/AD.UCSD.EDU/jsliang/DP-HLS/BasicKernel/solution1/.autopilot/db/seq_align_multiple.pp.0.cpp:43270:2: warning: Added loop label VITIS_LOOP_187_2:   [xilinx-label-all-loops]
 for (int j = 0; j < N; j++)
 ^~~
 VITIS_LOOP_187_2: 
/home/AD.UCSD.EDU/jsliang/DP-HLS/BasicKernel/solution1/.autopilot/db/seq_align_multiple.pp.0.cpp:43270:2: note: FIX-IT applied suggested code changes
/home/AD.UCSD.EDU/jsliang/DP-HLS/BasicKernel/solution1/.autopilot/db/seq_align_multiple.pp.0.cpp:43283:4: warning: Added loop label VITIS_LOOP_200_1:   [xilinx-label-all-loops]
   for (int i = 0; i < M; i++)
   ^~~
   VITIS_LOOP_200_1: 
/home/AD.UCSD.EDU/jsliang/DP-HLS/BasicKernel/solution1/.autopilot/db/seq_align_multiple.pp.0.cpp:43283:4: note: FIX-IT applied suggested code changes
/home/AD.UCSD.EDU/jsliang/DP-HLS/BasicKernel/solution1/.autopilot/db/seq_align_multiple.pp.0.cpp:43286:2: warning: Added loop label VITIS_LOOP_203_2:   [xilinx-label-all-loops]
 for (int j = 0; j < N; j++)
 ^~~
 VITIS_LOOP_203_2: 
/home/AD.UCSD.EDU/jsliang/DP-HLS/BasicKernel/solution1/.autopilot/db/seq_align_multiple.pp.0.cpp:43286:2: note: FIX-IT applied suggested code changes
/home/AD.UCSD.EDU/jsliang/DP-HLS/BasicKernel/solution1/.autopilot/db/seq_align_multiple.pp.0.cpp:43691:2: warning: Added loop label VITIS_LOOP_43_1:   [xilinx-label-all-loops]
 for (int i = 0; i < 1; i++){
 ^~~
 VITIS_LOOP_43_1: 
/home/AD.UCSD.EDU/jsliang/DP-HLS/BasicKernel/solution1/.autopilot/db/seq_align_multiple.pp.0.cpp:43691:2: note: FIX-IT applied suggested code changes
