/home/AD.UCSD.EDU/jsliang/DP-HLS/BasicKernel/solution1/.autopilot/db/traceback.pp.0.cpp:1339:7: warning: Added loop label VITIS_LOOP_1213_1:   [xilinx-label-all-loops]
      for (i = 0; i < __N - 1; ++i) {
      ^~~
      VITIS_LOOP_1213_1: 
/home/AD.UCSD.EDU/jsliang/DP-HLS/BasicKernel/solution1/.autopilot/db/traceback.pp.0.cpp:1339:7: note: FIX-IT applied suggested code changes
/home/AD.UCSD.EDU/jsliang/DP-HLS/BasicKernel/solution1/.autopilot/db/traceback.pp.0.cpp:2313:5: warning: Added loop label VITIS_LOOP_676_1:   [xilinx-label-all-loops]
    for (unsigned i = low; i != high; ++i) {
    ^~~
    VITIS_LOOP_676_1: 
/home/AD.UCSD.EDU/jsliang/DP-HLS/BasicKernel/solution1/.autopilot/db/traceback.pp.0.cpp:2313:5: note: FIX-IT applied suggested code changes
/home/AD.UCSD.EDU/jsliang/DP-HLS/BasicKernel/solution1/.autopilot/db/traceback.pp.0.cpp:2327:5: warning: Added loop label VITIS_LOOP_690_1:   [xilinx-label-all-loops]
    for (unsigned i = low; i != high; ++i) {
    ^~~
    VITIS_LOOP_690_1: 
/home/AD.UCSD.EDU/jsliang/DP-HLS/BasicKernel/solution1/.autopilot/db/traceback.pp.0.cpp:2327:5: note: FIX-IT applied suggested code changes
/home/AD.UCSD.EDU/jsliang/DP-HLS/BasicKernel/solution1/.autopilot/db/traceback.pp.0.cpp:2341:5: warning: Added loop label VITIS_LOOP_704_1:   [xilinx-label-all-loops]
    for (unsigned i = low; i != high; ++i) {
    ^~~
    VITIS_LOOP_704_1: 
/home/AD.UCSD.EDU/jsliang/DP-HLS/BasicKernel/solution1/.autopilot/db/traceback.pp.0.cpp:2341:5: note: FIX-IT applied suggested code changes
/home/AD.UCSD.EDU/jsliang/DP-HLS/BasicKernel/solution1/.autopilot/db/traceback.pp.0.cpp:3940:7: warning: Added loop label VITIS_LOOP_1247_1:   [xilinx-label-all-loops]
      for (i = 0; i < __N - 1; ++i) {
      ^~~
      VITIS_LOOP_1247_1: 
/home/AD.UCSD.EDU/jsliang/DP-HLS/BasicKernel/solution1/.autopilot/db/traceback.pp.0.cpp:3940:7: note: FIX-IT applied suggested code changes
/home/AD.UCSD.EDU/jsliang/DP-HLS/BasicKernel/solution1/.autopilot/db/traceback.pp.0.cpp:26048:5: warning: Added loop label VITIS_LOOP_124_1:   [xilinx-label-all-loops]
    for (size_t i = 0; i < N; ++i) {
    ^~~
    VITIS_LOOP_124_1: 
/home/AD.UCSD.EDU/jsliang/DP-HLS/BasicKernel/solution1/.autopilot/db/traceback.pp.0.cpp:26048:5: note: FIX-IT applied suggested code changes
/home/AD.UCSD.EDU/jsliang/DP-HLS/BasicKernel/solution1/.autopilot/db/traceback.pp.0.cpp:26064:5: warning: Added loop label VITIS_LOOP_140_1:   [xilinx-label-all-loops]
    for (size_t i = 0; i < N; ++i) {
    ^~~
    VITIS_LOOP_140_1: 
/home/AD.UCSD.EDU/jsliang/DP-HLS/BasicKernel/solution1/.autopilot/db/traceback.pp.0.cpp:26064:5: note: FIX-IT applied suggested code changes
/home/AD.UCSD.EDU/jsliang/DP-HLS/BasicKernel/solution1/.autopilot/db/traceback.pp.0.cpp:26080:75: warning: Added loop label VITIS_LOOP_166_1:   [xilinx-label-all-loops]
  inline __attribute__((always_inline)) vector &operator ++() { pragma(); for (size_t i = 0; i < N; ++i) {
                                                                          ^~~
                                                                          VITIS_LOOP_166_1: 
/home/AD.UCSD.EDU/jsliang/DP-HLS/BasicKernel/solution1/.autopilot/db/traceback.pp.0.cpp:26080:75: note: FIX-IT applied suggested code changes
/home/AD.UCSD.EDU/jsliang/DP-HLS/BasicKernel/solution1/.autopilot/db/traceback.pp.0.cpp:26085:75: warning: Added loop label VITIS_LOOP_167_1:   [xilinx-label-all-loops]
  inline __attribute__((always_inline)) vector &operator --() { pragma(); for (size_t i = 0; i < N; ++i) {
                                                                          ^~~
                                                                          VITIS_LOOP_167_1: 
/home/AD.UCSD.EDU/jsliang/DP-HLS/BasicKernel/solution1/.autopilot/db/traceback.pp.0.cpp:26085:75: note: FIX-IT applied suggested code changes
/home/AD.UCSD.EDU/jsliang/DP-HLS/BasicKernel/solution1/.autopilot/db/traceback.pp.0.cpp:26094:106: warning: Added loop label VITIS_LOOP_195_1:   [xilinx-label-all-loops]
  inline __attribute__((always_inline)) vector &operator +=(const vector &rhs) { pragma(); rhs.pragma(); for (size_t i = 0; i < N; ++i) {
                                                                                                         ^~~
                                                                                                         VITIS_LOOP_195_1: 
/home/AD.UCSD.EDU/jsliang/DP-HLS/BasicKernel/solution1/.autopilot/db/traceback.pp.0.cpp:26094:106: note: FIX-IT applied suggested code changes
/home/AD.UCSD.EDU/jsliang/DP-HLS/BasicKernel/solution1/.autopilot/db/traceback.pp.0.cpp:26099:106: warning: Added loop label VITIS_LOOP_196_1:   [xilinx-label-all-loops]
  inline __attribute__((always_inline)) vector &operator -=(const vector &rhs) { pragma(); rhs.pragma(); for (size_t i = 0; i < N; ++i) {
                                                                                                         ^~~
                                                                                                         VITIS_LOOP_196_1: 
/home/AD.UCSD.EDU/jsliang/DP-HLS/BasicKernel/solution1/.autopilot/db/traceback.pp.0.cpp:26099:106: note: FIX-IT applied suggested code changes
/home/AD.UCSD.EDU/jsliang/DP-HLS/BasicKernel/solution1/.autopilot/db/traceback.pp.0.cpp:26104:106: warning: Added loop label VITIS_LOOP_197_1:   [xilinx-label-all-loops]
  inline __attribute__((always_inline)) vector &operator *=(const vector &rhs) { pragma(); rhs.pragma(); for (size_t i = 0; i < N; ++i) {
                                                                                                         ^~~
                                                                                                         VITIS_LOOP_197_1: 
/home/AD.UCSD.EDU/jsliang/DP-HLS/BasicKernel/solution1/.autopilot/db/traceback.pp.0.cpp:26104:106: note: FIX-IT applied suggested code changes
/home/AD.UCSD.EDU/jsliang/DP-HLS/BasicKernel/solution1/.autopilot/db/traceback.pp.0.cpp:26109:106: warning: Added loop label VITIS_LOOP_198_1:   [xilinx-label-all-loops]
  inline __attribute__((always_inline)) vector &operator /=(const vector &rhs) { pragma(); rhs.pragma(); for (size_t i = 0; i < N; ++i) {
                                                                                                         ^~~
                                                                                                         VITIS_LOOP_198_1: 
/home/AD.UCSD.EDU/jsliang/DP-HLS/BasicKernel/solution1/.autopilot/db/traceback.pp.0.cpp:26109:106: note: FIX-IT applied suggested code changes
/home/AD.UCSD.EDU/jsliang/DP-HLS/BasicKernel/solution1/.autopilot/db/traceback.pp.0.cpp:26114:106: warning: Added loop label VITIS_LOOP_199_1:   [xilinx-label-all-loops]
  inline __attribute__((always_inline)) vector &operator %=(const vector &rhs) { pragma(); rhs.pragma(); for (size_t i = 0; i < N; ++i) {
                                                                                                         ^~~
                                                                                                         VITIS_LOOP_199_1: 
/home/AD.UCSD.EDU/jsliang/DP-HLS/BasicKernel/solution1/.autopilot/db/traceback.pp.0.cpp:26114:106: note: FIX-IT applied suggested code changes
/home/AD.UCSD.EDU/jsliang/DP-HLS/BasicKernel/solution1/.autopilot/db/traceback.pp.0.cpp:26119:106: warning: Added loop label VITIS_LOOP_200_1:   [xilinx-label-all-loops]
  inline __attribute__((always_inline)) vector &operator &=(const vector &rhs) { pragma(); rhs.pragma(); for (size_t i = 0; i < N; ++i) {
                                                                                                         ^~~
                                                                                                         VITIS_LOOP_200_1: 
/home/AD.UCSD.EDU/jsliang/DP-HLS/BasicKernel/solution1/.autopilot/db/traceback.pp.0.cpp:26119:106: note: FIX-IT applied suggested code changes
/home/AD.UCSD.EDU/jsliang/DP-HLS/BasicKernel/solution1/.autopilot/db/traceback.pp.0.cpp:26124:106: warning: Added loop label VITIS_LOOP_201_1:   [xilinx-label-all-loops]
  inline __attribute__((always_inline)) vector &operator |=(const vector &rhs) { pragma(); rhs.pragma(); for (size_t i = 0; i < N; ++i) {
                                                                                                         ^~~
                                                                                                         VITIS_LOOP_201_1: 
/home/AD.UCSD.EDU/jsliang/DP-HLS/BasicKernel/solution1/.autopilot/db/traceback.pp.0.cpp:26124:106: note: FIX-IT applied suggested code changes
/home/AD.UCSD.EDU/jsliang/DP-HLS/BasicKernel/solution1/.autopilot/db/traceback.pp.0.cpp:26129:106: warning: Added loop label VITIS_LOOP_202_1:   [xilinx-label-all-loops]
  inline __attribute__((always_inline)) vector &operator ^=(const vector &rhs) { pragma(); rhs.pragma(); for (size_t i = 0; i < N; ++i) {
                                                                                                         ^~~
                                                                                                         VITIS_LOOP_202_1: 
/home/AD.UCSD.EDU/jsliang/DP-HLS/BasicKernel/solution1/.autopilot/db/traceback.pp.0.cpp:26129:106: note: FIX-IT applied suggested code changes
/home/AD.UCSD.EDU/jsliang/DP-HLS/BasicKernel/solution1/.autopilot/db/traceback.pp.0.cpp:26134:107: warning: Added loop label VITIS_LOOP_203_1:   [xilinx-label-all-loops]
  inline __attribute__((always_inline)) vector &operator <<=(const vector &rhs) { pragma(); rhs.pragma(); for (size_t i = 0; i < N; ++i) {
                                                                                                          ^~~
                                                                                                          VITIS_LOOP_203_1: 
/home/AD.UCSD.EDU/jsliang/DP-HLS/BasicKernel/solution1/.autopilot/db/traceback.pp.0.cpp:26134:107: note: FIX-IT applied suggested code changes
/home/AD.UCSD.EDU/jsliang/DP-HLS/BasicKernel/solution1/.autopilot/db/traceback.pp.0.cpp:26139:107: warning: Added loop label VITIS_LOOP_204_1:   [xilinx-label-all-loops]
  inline __attribute__((always_inline)) vector &operator >>=(const vector &rhs) { pragma(); rhs.pragma(); for (size_t i = 0; i < N; ++i) {
                                                                                                          ^~~
                                                                                                          VITIS_LOOP_204_1: 
/home/AD.UCSD.EDU/jsliang/DP-HLS/BasicKernel/solution1/.autopilot/db/traceback.pp.0.cpp:26139:107: note: FIX-IT applied suggested code changes
/home/AD.UCSD.EDU/jsliang/DP-HLS/BasicKernel/solution1/.autopilot/db/traceback.pp.0.cpp:26145:91: warning: Added loop label VITIS_LOOP_219_1:   [xilinx-label-all-loops]
  inline __attribute__((always_inline)) T reduce_add() const { pragma(); T res = data[0]; for (size_t i = 1; i < N; ++i) {
                                                                                          ^~~
                                                                                          VITIS_LOOP_219_1: 
/home/AD.UCSD.EDU/jsliang/DP-HLS/BasicKernel/solution1/.autopilot/db/traceback.pp.0.cpp:26145:91: note: FIX-IT applied suggested code changes
/home/AD.UCSD.EDU/jsliang/DP-HLS/BasicKernel/solution1/.autopilot/db/traceback.pp.0.cpp:26150:92: warning: Added loop label VITIS_LOOP_220_1:   [xilinx-label-all-loops]
  inline __attribute__((always_inline)) T reduce_mult() const { pragma(); T res = data[0]; for (size_t i = 1; i < N; ++i) {
                                                                                           ^~~
                                                                                           VITIS_LOOP_220_1: 
/home/AD.UCSD.EDU/jsliang/DP-HLS/BasicKernel/solution1/.autopilot/db/traceback.pp.0.cpp:26150:92: note: FIX-IT applied suggested code changes
/home/AD.UCSD.EDU/jsliang/DP-HLS/BasicKernel/solution1/.autopilot/db/traceback.pp.0.cpp:26155:91: warning: Added loop label VITIS_LOOP_221_1:   [xilinx-label-all-loops]
  inline __attribute__((always_inline)) T reduce_and() const { pragma(); T res = data[0]; for (size_t i = 1; i < N; ++i) {
                                                                                          ^~~
                                                                                          VITIS_LOOP_221_1: 
/home/AD.UCSD.EDU/jsliang/DP-HLS/BasicKernel/solution1/.autopilot/db/traceback.pp.0.cpp:26155:91: note: FIX-IT applied suggested code changes
/home/AD.UCSD.EDU/jsliang/DP-HLS/BasicKernel/solution1/.autopilot/db/traceback.pp.0.cpp:26160:90: warning: Added loop label VITIS_LOOP_222_1:   [xilinx-label-all-loops]
  inline __attribute__((always_inline)) T reduce_or() const { pragma(); T res = data[0]; for (size_t i = 1; i < N; ++i) {
                                                                                         ^~~
                                                                                         VITIS_LOOP_222_1: 
/home/AD.UCSD.EDU/jsliang/DP-HLS/BasicKernel/solution1/.autopilot/db/traceback.pp.0.cpp:26160:90: note: FIX-IT applied suggested code changes
/home/AD.UCSD.EDU/jsliang/DP-HLS/BasicKernel/solution1/.autopilot/db/traceback.pp.0.cpp:26165:91: warning: Added loop label VITIS_LOOP_223_1:   [xilinx-label-all-loops]
  inline __attribute__((always_inline)) T reduce_xor() const { pragma(); T res = data[0]; for (size_t i = 1; i < N; ++i) {
                                                                                          ^~~
                                                                                          VITIS_LOOP_223_1: 
/home/AD.UCSD.EDU/jsliang/DP-HLS/BasicKernel/solution1/.autopilot/db/traceback.pp.0.cpp:26165:91: note: FIX-IT applied suggested code changes
/home/AD.UCSD.EDU/jsliang/DP-HLS/BasicKernel/solution1/.autopilot/db/traceback.pp.0.cpp:26171:132: warning: Added loop label VITIS_LOOP_253_1:   [xilinx-label-all-loops]
  inline __attribute__((always_inline)) friend bool operator <(const vector &lhs, const vector &rhs) { lhs.pragma(); rhs.pragma(); for (size_t i = 0; i < N; ++i) {
                                                                                                                                   ^~~
                                                                                                                                   VITIS_LOOP_253_1: 
/home/AD.UCSD.EDU/jsliang/DP-HLS/BasicKernel/solution1/.autopilot/db/traceback.pp.0.cpp:26171:132: note: FIX-IT applied suggested code changes
/home/AD.UCSD.EDU/jsliang/DP-HLS/BasicKernel/solution1/.autopilot/db/traceback.pp.0.cpp:26176:133: warning: Added loop label VITIS_LOOP_254_1:   [xilinx-label-all-loops]
  inline __attribute__((always_inline)) friend bool operator <=(const vector &lhs, const vector &rhs) { lhs.pragma(); rhs.pragma(); for (size_t i = 0; i < N; ++i) {
                                                                                                                                    ^~~
                                                                                                                                    VITIS_LOOP_254_1: 
/home/AD.UCSD.EDU/jsliang/DP-HLS/BasicKernel/solution1/.autopilot/db/traceback.pp.0.cpp:26176:133: note: FIX-IT applied suggested code changes
/home/AD.UCSD.EDU/jsliang/DP-HLS/BasicKernel/solution1/.autopilot/db/traceback.pp.0.cpp:26181:133: warning: Added loop label VITIS_LOOP_255_1:   [xilinx-label-all-loops]
  inline __attribute__((always_inline)) friend bool operator ==(const vector &lhs, const vector &rhs) { lhs.pragma(); rhs.pragma(); for (size_t i = 0; i < N; ++i) {
                                                                                                                                    ^~~
                                                                                                                                    VITIS_LOOP_255_1: 
/home/AD.UCSD.EDU/jsliang/DP-HLS/BasicKernel/solution1/.autopilot/db/traceback.pp.0.cpp:26181:133: note: FIX-IT applied suggested code changes
/home/AD.UCSD.EDU/jsliang/DP-HLS/BasicKernel/solution1/.autopilot/db/traceback.pp.0.cpp:26186:133: warning: Added loop label VITIS_LOOP_256_1:   [xilinx-label-all-loops]
  inline __attribute__((always_inline)) friend bool operator !=(const vector &lhs, const vector &rhs) { lhs.pragma(); rhs.pragma(); for (size_t i = 0; i < N; ++i) {
                                                                                                                                    ^~~
                                                                                                                                    VITIS_LOOP_256_1: 
/home/AD.UCSD.EDU/jsliang/DP-HLS/BasicKernel/solution1/.autopilot/db/traceback.pp.0.cpp:26186:133: note: FIX-IT applied suggested code changes
/home/AD.UCSD.EDU/jsliang/DP-HLS/BasicKernel/solution1/.autopilot/db/traceback.pp.0.cpp:26191:133: warning: Added loop label VITIS_LOOP_257_1:   [xilinx-label-all-loops]
  inline __attribute__((always_inline)) friend bool operator >=(const vector &lhs, const vector &rhs) { lhs.pragma(); rhs.pragma(); for (size_t i = 0; i < N; ++i) {
                                                                                                                                    ^~~
                                                                                                                                    VITIS_LOOP_257_1: 
/home/AD.UCSD.EDU/jsliang/DP-HLS/BasicKernel/solution1/.autopilot/db/traceback.pp.0.cpp:26191:133: note: FIX-IT applied suggested code changes
/home/AD.UCSD.EDU/jsliang/DP-HLS/BasicKernel/solution1/.autopilot/db/traceback.pp.0.cpp:26196:132: warning: Added loop label VITIS_LOOP_258_1:   [xilinx-label-all-loops]
  inline __attribute__((always_inline)) friend bool operator >(const vector &lhs, const vector &rhs) { lhs.pragma(); rhs.pragma(); for (size_t i = 0; i < N; ++i) {
                                                                                                                                   ^~~
                                                                                                                                   VITIS_LOOP_258_1: 
/home/AD.UCSD.EDU/jsliang/DP-HLS/BasicKernel/solution1/.autopilot/db/traceback.pp.0.cpp:26196:132: note: FIX-IT applied suggested code changes
/home/AD.UCSD.EDU/jsliang/DP-HLS/BasicKernel/solution1/.autopilot/db/traceback.pp.0.cpp:26623:2: warning: Added loop label VITIS_LOOP_20_1:   [xilinx-label-all-loops]
 for (int i = 0; i < N; i++)
 ^~~
 VITIS_LOOP_20_1: 
/home/AD.UCSD.EDU/jsliang/DP-HLS/BasicKernel/solution1/.autopilot/db/traceback.pp.0.cpp:26623:2: note: FIX-IT applied suggested code changes
/home/AD.UCSD.EDU/jsliang/DP-HLS/BasicKernel/solution1/.autopilot/db/traceback.pp.0.cpp:26632:4: warning: Added loop label VITIS_LOOP_29_1:   [xilinx-label-all-loops]
   for (int i = 0; i < N; i++)
   ^~~
   VITIS_LOOP_29_1: 
/home/AD.UCSD.EDU/jsliang/DP-HLS/BasicKernel/solution1/.autopilot/db/traceback.pp.0.cpp:26632:4: note: FIX-IT applied suggested code changes
/home/AD.UCSD.EDU/jsliang/DP-HLS/BasicKernel/solution1/.autopilot/db/traceback.pp.0.cpp:26642:4: warning: Added loop label VITIS_LOOP_39_1:   [xilinx-label-all-loops]
   for (int i = N - 1; i > 0; i--)
   ^~~
   VITIS_LOOP_39_1: 
/home/AD.UCSD.EDU/jsliang/DP-HLS/BasicKernel/solution1/.autopilot/db/traceback.pp.0.cpp:26642:4: note: FIX-IT applied suggested code changes
/home/AD.UCSD.EDU/jsliang/DP-HLS/BasicKernel/solution1/.autopilot/db/traceback.pp.0.cpp:26653:4: warning: Added loop label VITIS_LOOP_62_1:   [xilinx-label-all-loops]
   for (int i = 0; i < LEN; i++)
   ^~~
   VITIS_LOOP_62_1: 
/home/AD.UCSD.EDU/jsliang/DP-HLS/BasicKernel/solution1/.autopilot/db/traceback.pp.0.cpp:26653:4: note: FIX-IT applied suggested code changes
/home/AD.UCSD.EDU/jsliang/DP-HLS/BasicKernel/solution1/.autopilot/db/traceback.pp.0.cpp:26676:4: warning: Added loop label VITIS_LOOP_95_1:   [xilinx-label-all-loops]
   for (int i = 0; i < N; i++)
   ^~~
   VITIS_LOOP_95_1: 
/home/AD.UCSD.EDU/jsliang/DP-HLS/BasicKernel/solution1/.autopilot/db/traceback.pp.0.cpp:26676:4: note: FIX-IT applied suggested code changes
/home/AD.UCSD.EDU/jsliang/DP-HLS/BasicKernel/solution1/.autopilot/db/traceback.pp.0.cpp:26687:4: warning: Added loop label VITIS_LOOP_106_1:   [xilinx-label-all-loops]
   for (int i = 0; i < N; i++)
   ^~~
   VITIS_LOOP_106_1: 
/home/AD.UCSD.EDU/jsliang/DP-HLS/BasicKernel/solution1/.autopilot/db/traceback.pp.0.cpp:26687:4: note: FIX-IT applied suggested code changes
/home/AD.UCSD.EDU/jsliang/DP-HLS/BasicKernel/solution1/.autopilot/db/traceback.pp.0.cpp:26698:4: warning: Added loop label VITIS_LOOP_117_1:   [xilinx-label-all-loops]
   for (int i = starting_idx; i < N; i++)
   ^~~
   VITIS_LOOP_117_1: 
/home/AD.UCSD.EDU/jsliang/DP-HLS/BasicKernel/solution1/.autopilot/db/traceback.pp.0.cpp:26698:4: note: FIX-IT applied suggested code changes
/home/AD.UCSD.EDU/jsliang/DP-HLS/BasicKernel/solution1/.autopilot/db/traceback.pp.0.cpp:26709:4: warning: Added loop label VITIS_LOOP_128_1:   [xilinx-label-all-loops]
   for (int i = starting_idx; i < len; i++)
   ^~~
   VITIS_LOOP_128_1: 
/home/AD.UCSD.EDU/jsliang/DP-HLS/BasicKernel/solution1/.autopilot/db/traceback.pp.0.cpp:26709:4: note: FIX-IT applied suggested code changes
/home/AD.UCSD.EDU/jsliang/DP-HLS/BasicKernel/solution1/.autopilot/db/traceback.pp.0.cpp:26726:4: warning: Added loop label VITIS_LOOP_145_1:   [xilinx-label-all-loops]
   for (int i = 0; i < M; i++)
   ^~~
   VITIS_LOOP_145_1: 
/home/AD.UCSD.EDU/jsliang/DP-HLS/BasicKernel/solution1/.autopilot/db/traceback.pp.0.cpp:26726:4: note: FIX-IT applied suggested code changes
/home/AD.UCSD.EDU/jsliang/DP-HLS/BasicKernel/solution1/.autopilot/db/traceback.pp.0.cpp:26729:2: warning: Added loop label VITIS_LOOP_148_2:   [xilinx-label-all-loops]
 for (int j = 0; j < N; j++)
 ^~~
 VITIS_LOOP_148_2: 
/home/AD.UCSD.EDU/jsliang/DP-HLS/BasicKernel/solution1/.autopilot/db/traceback.pp.0.cpp:26729:2: note: FIX-IT applied suggested code changes
/home/AD.UCSD.EDU/jsliang/DP-HLS/BasicKernel/solution1/.autopilot/db/traceback.pp.0.cpp:26742:4: warning: Added loop label VITIS_LOOP_161_1:   [xilinx-label-all-loops]
   for (int i = 0; i < M; i++)
   ^~~
   VITIS_LOOP_161_1: 
/home/AD.UCSD.EDU/jsliang/DP-HLS/BasicKernel/solution1/.autopilot/db/traceback.pp.0.cpp:26742:4: note: FIX-IT applied suggested code changes
/home/AD.UCSD.EDU/jsliang/DP-HLS/BasicKernel/solution1/.autopilot/db/traceback.pp.0.cpp:26745:2: warning: Added loop label VITIS_LOOP_164_2:   [xilinx-label-all-loops]
 for (int j = 0; j < N; j++)
 ^~~
 VITIS_LOOP_164_2: 
/home/AD.UCSD.EDU/jsliang/DP-HLS/BasicKernel/solution1/.autopilot/db/traceback.pp.0.cpp:26745:2: note: FIX-IT applied suggested code changes
/home/AD.UCSD.EDU/jsliang/DP-HLS/BasicKernel/solution1/.autopilot/db/traceback.pp.0.cpp:26758:4: warning: Added loop label VITIS_LOOP_184_1:   [xilinx-label-all-loops]
   for (int i = 0; i < M; i++)
   ^~~
   VITIS_LOOP_184_1: 
/home/AD.UCSD.EDU/jsliang/DP-HLS/BasicKernel/solution1/.autopilot/db/traceback.pp.0.cpp:26758:4: note: FIX-IT applied suggested code changes
/home/AD.UCSD.EDU/jsliang/DP-HLS/BasicKernel/solution1/.autopilot/db/traceback.pp.0.cpp:26761:2: warning: Added loop label VITIS_LOOP_187_2:   [xilinx-label-all-loops]
 for (int j = 0; j < N; j++)
 ^~~
 VITIS_LOOP_187_2: 
/home/AD.UCSD.EDU/jsliang/DP-HLS/BasicKernel/solution1/.autopilot/db/traceback.pp.0.cpp:26761:2: note: FIX-IT applied suggested code changes
/home/AD.UCSD.EDU/jsliang/DP-HLS/BasicKernel/solution1/.autopilot/db/traceback.pp.0.cpp:26774:4: warning: Added loop label VITIS_LOOP_200_1:   [xilinx-label-all-loops]
   for (int i = 0; i < M; i++)
   ^~~
   VITIS_LOOP_200_1: 
/home/AD.UCSD.EDU/jsliang/DP-HLS/BasicKernel/solution1/.autopilot/db/traceback.pp.0.cpp:26774:4: note: FIX-IT applied suggested code changes
/home/AD.UCSD.EDU/jsliang/DP-HLS/BasicKernel/solution1/.autopilot/db/traceback.pp.0.cpp:26777:2: warning: Added loop label VITIS_LOOP_203_2:   [xilinx-label-all-loops]
 for (int j = 0; j < N; j++)
 ^~~
 VITIS_LOOP_203_2: 
/home/AD.UCSD.EDU/jsliang/DP-HLS/BasicKernel/solution1/.autopilot/db/traceback.pp.0.cpp:26777:2: note: FIX-IT applied suggested code changes
