

================================================================
== Synthesis Summary Report of 'seq_align_multiple'
================================================================
+ General Information: 
    * Date:           Tue Aug  8 00:17:20 2023
    * Version:        2022.1 (Build 3526262 on Mon Apr 18 15:47:01 MDT 2022)
    * Project:        local_seq_multiple_align_sa
    * Solution:       solution1 (Vitis Kernel Flow Target)
    * Product family: zynquplus
    * Target device:  xczu7ev-ffvc1156-2-i
    

+ Performance & Resource Estimates: 
    
    PS: '+' for module; 'o' for loop; '*' for dataflow
    +-----------------------------------------------------------------+--------+-------+---------+-----------+----------+---------+-------+----------+---------+----+------------+-------------+-----+
    |                             Modules                             |  Issue |       | Latency |  Latency  | Iteration|         |  Trip |          |         |    |            |             |     |
    |                             & Loops                             |  Type  | Slack | (cycles)|    (ns)   |  Latency | Interval| Count | Pipelined|  BRAM   | DSP|     FF     |     LUT     | URAM|
    +-----------------------------------------------------------------+--------+-------+---------+-----------+----------+---------+-------+----------+---------+----+------------+-------------+-----+
    |+ seq_align_multiple                                             |  Timing|  -2.33|        -|          -|         -|        -|      -|        no|  33 (5%)|   -|  16726 (3%)|  44686 (19%)|    -|
    | + seq_align_global                                              |  Timing|  -2.33|        -|          -|         -|        -|      -|        no|  33 (5%)|   -|  15770 (3%)|  42822 (18%)|    -|
    |  + seq_align_global_Pipeline_local_dpmem_loop_VITIS_LOOP_767_1  |       -|   0.54|       98|    392.000|         -|       98|      -|        no|        -|   -|    17 (~0%)|    127 (~0%)|    -|
    |   o local_dpmem_loop_VITIS_LOOP_767_1                           |       -|   2.92|       96|    384.000|         1|        1|     96|       yes|        -|   -|           -|            -|    -|
    |  + seq_align_global_Pipeline_VITIS_LOOP_773_2                   |       -|   0.77|      258|  1.032e+03|         -|      258|      -|        no|        -|   -|    11 (~0%)|     88 (~0%)|    -|
    |   o VITIS_LOOP_773_2                                            |       -|   2.92|      256|  1.024e+03|         1|        1|    256|       yes|        -|   -|           -|            -|    -|
    |  + seq_align_global_Pipeline_VITIS_LOOP_786_4_VITIS_LOOP_788_5  |       -|   0.44|    65538|  2.622e+05|         -|    65538|      -|        no|        -|   -|    55 (~0%)|    172 (~0%)|    -|
    |   o VITIS_LOOP_786_4_VITIS_LOOP_788_5                           |       -|   2.92|    65536|  2.621e+05|         2|        1|  65536|       yes|        -|   -|           -|            -|    -|
    |  + seq_align_global_Pipeline_VITIS_LOOP_795_6                   |       -|   1.36|      258|  1.032e+03|         -|      258|      -|        no|        -|   -|    11 (~0%)|     67 (~0%)|    -|
    |   o VITIS_LOOP_795_6                                            |       -|   2.92|      256|  1.024e+03|         1|        1|    256|       yes|        -|   -|           -|            -|    -|
    |  + seq_align_global_Pipeline_traceback_logic                    |       -|   0.20|        -|          -|         -|        -|      -|        no|        -|   -|   137 (~0%)|    412 (~0%)|    -|
    |   o traceback_logic                                             |      II|   2.92|        -|          -|         3|        3|      -|       yes|        -|   -|           -|            -|    -|
    |  o kernel                                                       |       -|   2.92|     2672|  1.402e+04|       334|        -|      8|        no|        -|   -|           -|            -|    -|
    |   + seq_align_global_Pipeline_VITIS_LOOP_828_9                  |       -|   1.71|       34|    136.000|         -|       34|      -|        no|        -|   -|   265 (~0%)|    344 (~0%)|    -|
    |    o VITIS_LOOP_828_9                                           |       -|   2.92|       32|    128.000|         1|        1|     32|       yes|        -|   -|           -|            -|    -|
    |   + seq_align_global_Pipeline_kernel1                           |  Timing|  -2.33|      295|  1.548e+03|         -|      295|      -|        no|        -|   -|  11898 (2%)|  35324 (15%)|    -|
    |    o kernel1                                                    |       -|   2.92|      293|  1.538e+03|         8|        1|    287|       yes|        -|   -|           -|            -|    -|
    +-----------------------------------------------------------------+--------+-------+---------+-----------+----------+---------+-------+----------+---------+----+------------+-------------+-----+


================================================================
== HW Interfaces
================================================================
* M_AXI
+------------+------------+---------------+---------+--------+----------+-----------+--------------+--------------+-------------+-------------+
| Interface  | Data Width | Address Width | Latency | Offset | Register | Max Widen | Max Read     | Max Write    | Num Read    | Num Write   |
|            | (SW->HW)   |               |         |        |          | Bitwidth  | Burst Length | Burst Length | Outstanding | Outstanding |
+------------+------------+---------------+---------+--------+----------+-----------+--------------+--------------+-------------+-------------+
| m_axi_gmem | 32 -> 32   | 64            | 64      | slave  | 0        | 512       | 16           | 16           | 16          | 16          |
+------------+------------+---------------+---------+--------+----------+-----------+--------------+--------------+-------------+-------------+

* S_AXILITE Interfaces
+---------------+------------+---------------+--------+----------+
| Interface     | Data Width | Address Width | Offset | Register |
+---------------+------------+---------------+--------+----------+
| s_axi_control | 32         | 5             | 16     | 0        |
+---------------+------------+---------------+--------+----------+

* S_AXILITE Registers
+---------------+-----------+--------+-------+--------+----------------------------------+------------------------------------------------------------------------------------+
| Interface     | Register  | Offset | Width | Access | Description                      | Bit Fields                                                                         |
+---------------+-----------+--------+-------+--------+----------------------------------+------------------------------------------------------------------------------------+
| s_axi_control | CTRL      | 0x00   | 32    | RW     | Control signals                  | 0=AP_START 1=AP_DONE 2=AP_IDLE 3=AP_READY 4=AP_CONTINUE 7=AUTO_RESTART 9=INTERRUPT |
| s_axi_control | GIER      | 0x04   | 32    | RW     | Global Interrupt Enable Register | 0=Enable                                                                           |
| s_axi_control | IP_IER    | 0x08   | 32    | RW     | IP Interrupt Enable Register     | 0=CHAN0_INT_EN 1=CHAN1_INT_EN                                                      |
| s_axi_control | IP_ISR    | 0x0c   | 32    | RW     | IP Interrupt Status Register     | 0=CHAN0_INT_ST 1=CHAN1_INT_ST                                                      |
| s_axi_control | dummies_1 | 0x10   | 32    | W      | Data signal of dummies           |                                                                                    |
| s_axi_control | dummies_2 | 0x14   | 32    | W      | Data signal of dummies           |                                                                                    |
+---------------+-----------+--------+-------+--------+----------------------------------+------------------------------------------------------------------------------------+

* AXIS
+-------------------------+---------------+-------+--------+--------+
| Interface               | Register Mode | TDATA | TREADY | TVALID |
+-------------------------+---------------+-------+--------+--------+
| query_string_comp_0     | both          | 8     | 1      | 1      |
| query_string_comp_1     | both          | 8     | 1      | 1      |
| query_string_comp_2     | both          | 8     | 1      | 1      |
| query_string_comp_3     | both          | 8     | 1      | 1      |
| query_string_comp_4     | both          | 8     | 1      | 1      |
| query_string_comp_5     | both          | 8     | 1      | 1      |
| query_string_comp_6     | both          | 8     | 1      | 1      |
| query_string_comp_7     | both          | 8     | 1      | 1      |
| reference_string_comp_0 | both          | 8     | 1      | 1      |
| reference_string_comp_1 | both          | 8     | 1      | 1      |
| reference_string_comp_2 | both          | 8     | 1      | 1      |
| reference_string_comp_3 | both          | 8     | 1      | 1      |
| reference_string_comp_4 | both          | 8     | 1      | 1      |
| reference_string_comp_5 | both          | 8     | 1      | 1      |
| reference_string_comp_6 | both          | 8     | 1      | 1      |
| reference_string_comp_7 | both          | 8     | 1      | 1      |
+-------------------------+---------------+-------+--------+--------+

* TOP LEVEL CONTROL
+-----------+---------------+-----------+
| Interface | Type          | Ports     |
+-----------+---------------+-----------+
| ap_clk    | clock         | ap_clk    |
| ap_rst_n  | reset         | ap_rst_n  |
| interrupt | interrupt     | interrupt |
| ap_ctrl   | ap_ctrl_chain |           |
+-----------+---------------+-----------+


================================================================
== SW I/O Information
================================================================
* Top Function Arguments
+-----------------------+-----------+--------------------+
| Argument              | Direction | Datatype           |
+-----------------------+-----------+--------------------+
| query_string_comp     | in        | stream<char, 256>& |
| reference_string_comp | in        | stream<char, 256>& |
| dummies               | out       | int*               |
+-----------------------+-----------+--------------------+

* SW-to-HW Mapping
+-----------------------+-------------------------+-----------+----------+-------------------------------------+
| Argument              | HW Interface            | HW Type   | HW Usage | HW Info                             |
+-----------------------+-------------------------+-----------+----------+-------------------------------------+
| query_string_comp     | query_string_comp_0     | interface |          |                                     |
| query_string_comp     | query_string_comp_1     | interface |          |                                     |
| query_string_comp     | query_string_comp_2     | interface |          |                                     |
| query_string_comp     | query_string_comp_3     | interface |          |                                     |
| query_string_comp     | query_string_comp_4     | interface |          |                                     |
| query_string_comp     | query_string_comp_5     | interface |          |                                     |
| query_string_comp     | query_string_comp_6     | interface |          |                                     |
| query_string_comp     | query_string_comp_7     | interface |          |                                     |
| reference_string_comp | reference_string_comp_0 | interface |          |                                     |
| reference_string_comp | reference_string_comp_1 | interface |          |                                     |
| reference_string_comp | reference_string_comp_2 | interface |          |                                     |
| reference_string_comp | reference_string_comp_3 | interface |          |                                     |
| reference_string_comp | reference_string_comp_4 | interface |          |                                     |
| reference_string_comp | reference_string_comp_5 | interface |          |                                     |
| reference_string_comp | reference_string_comp_6 | interface |          |                                     |
| reference_string_comp | reference_string_comp_7 | interface |          |                                     |
| dummies               | m_axi_gmem              | interface |          |                                     |
| dummies               | s_axi_control           | register  | offset   | name=dummies_1 offset=0x10 range=32 |
| dummies               | s_axi_control           | register  | offset   | name=dummies_2 offset=0x14 range=32 |
+-----------------------+-------------------------+-----------+----------+-------------------------------------+


================================================================
== M_AXI Burst Information
================================================================
 Note: All burst requests might be further partitioned into multiple requests during RTL generation based on max_read_burst_length or max_write_burst_length settings.

  No burst in design

================================================================
== Bind Op Report
================================================================
+-----------------------------------------------------------------+-----+--------+----------------------+-----+--------+---------+
| Name                                                            | DSP | Pragma | Variable             | Op  | Impl   | Latency |
+-----------------------------------------------------------------+-----+--------+----------------------+-----+--------+---------+
| + seq_align_multiple                                            | 0   |        |                      |     |        |         |
|  + seq_align_global                                             | 0   |        |                      |     |        |         |
|    add_ln807_fu_1617_p2                                         | -   |        | add_ln807            | add | fabric | 0       |
|    diag_prev_assign_fu_1878_p2                                  | -   |        | diag_prev_assign     | sub | fabric | 0       |
|    mul148_fu_1900_p2                                            | -   |        | mul148               | sub | fabric | 0       |
|    sub_ln802_fu_1906_p2                                         | -   |        | sub_ln802            | sub | fabric | 0       |
|    a1_1_fu_2245_p2                                              | -   |        | a1_1                 | add | fabric | 0       |
|    a1_2_fu_2251_p2                                              | -   |        | a1_2                 | add | fabric | 0       |
|    a1_4_fu_2257_p2                                              | -   |        | a1_4                 | add | fabric | 0       |
|    a1_6_fu_2263_p2                                              | -   |        | a1_6                 | add | fabric | 0       |
|    a1_8_fu_2269_p2                                              | -   |        | a1_8                 | add | fabric | 0       |
|    a1_10_fu_2275_p2                                             | -   |        | a1_10                | add | fabric | 0       |
|    a1_12_fu_2281_p2                                             | -   |        | a1_12                | add | fabric | 0       |
|    a1_14_fu_2287_p2                                             | -   |        | a1_14                | add | fabric | 0       |
|    a1_16_fu_2293_p2                                             | -   |        | a1_16                | add | fabric | 0       |
|    a1_18_fu_2299_p2                                             | -   |        | a1_18                | add | fabric | 0       |
|    a1_20_fu_2305_p2                                             | -   |        | a1_20                | add | fabric | 0       |
|    a1_22_fu_2311_p2                                             | -   |        | a1_22                | add | fabric | 0       |
|    a1_24_fu_2317_p2                                             | -   |        | a1_24                | add | fabric | 0       |
|    a1_26_fu_2323_p2                                             | -   |        | a1_26                | add | fabric | 0       |
|    a1_28_fu_2329_p2                                             | -   |        | a1_28                | add | fabric | 0       |
|    a1_30_fu_2335_p2                                             | -   |        | a1_30                | add | fabric | 0       |
|    a1_32_fu_2341_p2                                             | -   |        | a1_32                | add | fabric | 0       |
|    a1_34_fu_2347_p2                                             | -   |        | a1_34                | add | fabric | 0       |
|    a1_36_fu_2353_p2                                             | -   |        | a1_36                | add | fabric | 0       |
|    a1_38_fu_2359_p2                                             | -   |        | a1_38                | add | fabric | 0       |
|    a1_40_fu_2365_p2                                             | -   |        | a1_40                | add | fabric | 0       |
|    a1_42_fu_2371_p2                                             | -   |        | a1_42                | add | fabric | 0       |
|    a1_44_fu_2377_p2                                             | -   |        | a1_44                | add | fabric | 0       |
|    a1_46_fu_2383_p2                                             | -   |        | a1_46                | add | fabric | 0       |
|    a1_48_fu_2389_p2                                             | -   |        | a1_48                | add | fabric | 0       |
|    a1_50_fu_2395_p2                                             | -   |        | a1_50                | add | fabric | 0       |
|    a1_52_fu_2401_p2                                             | -   |        | a1_52                | add | fabric | 0       |
|    a1_54_fu_2407_p2                                             | -   |        | a1_54                | add | fabric | 0       |
|    a1_56_fu_2413_p2                                             | -   |        | a1_56                | add | fabric | 0       |
|    a1_58_fu_2419_p2                                             | -   |        | a1_58                | add | fabric | 0       |
|    fix_1_fu_1912_p2                                             | -   |        | fix_1                | add | fabric | 0       |
|    a1_60_fu_2425_p2                                             | -   |        | a1_60                | add | fabric | 0       |
|    match_1_fu_2457_p2                                           | -   |        | match_1              | add | fabric | 0       |
|    match_3_fu_2476_p2                                           | -   |        | match_3              | add | fabric | 0       |
|    match_5_fu_2495_p2                                           | -   |        | match_5              | add | fabric | 0       |
|    match_7_fu_2514_p2                                           | -   |        | match_7              | add | fabric | 0       |
|    match_9_fu_2533_p2                                           | -   |        | match_9              | add | fabric | 0       |
|    match_11_fu_2552_p2                                          | -   |        | match_11             | add | fabric | 0       |
|    match_13_fu_2571_p2                                          | -   |        | match_13             | add | fabric | 0       |
|    match_15_fu_2590_p2                                          | -   |        | match_15             | add | fabric | 0       |
|    match_17_fu_2609_p2                                          | -   |        | match_17             | add | fabric | 0       |
|    match_19_fu_2628_p2                                          | -   |        | match_19             | add | fabric | 0       |
|    match_21_fu_2647_p2                                          | -   |        | match_21             | add | fabric | 0       |
|    match_23_fu_2666_p2                                          | -   |        | match_23             | add | fabric | 0       |
|    match_25_fu_2685_p2                                          | -   |        | match_25             | add | fabric | 0       |
|    match_27_fu_2704_p2                                          | -   |        | match_27             | add | fabric | 0       |
|    match_29_fu_2723_p2                                          | -   |        | match_29             | add | fabric | 0       |
|    match_31_fu_2742_p2                                          | -   |        | match_31             | add | fabric | 0       |
|    match_33_fu_2761_p2                                          | -   |        | match_33             | add | fabric | 0       |
|    match_35_fu_2780_p2                                          | -   |        | match_35             | add | fabric | 0       |
|    match_37_fu_2799_p2                                          | -   |        | match_37             | add | fabric | 0       |
|    match_39_fu_2818_p2                                          | -   |        | match_39             | add | fabric | 0       |
|    match_41_fu_2837_p2                                          | -   |        | match_41             | add | fabric | 0       |
|    match_43_fu_2856_p2                                          | -   |        | match_43             | add | fabric | 0       |
|    match_45_fu_2875_p2                                          | -   |        | match_45             | add | fabric | 0       |
|    match_47_fu_2894_p2                                          | -   |        | match_47             | add | fabric | 0       |
|    match_49_fu_2913_p2                                          | -   |        | match_49             | add | fabric | 0       |
|    match_51_fu_2932_p2                                          | -   |        | match_51             | add | fabric | 0       |
|    match_53_fu_2951_p2                                          | -   |        | match_53             | add | fabric | 0       |
|    match_55_fu_2970_p2                                          | -   |        | match_55             | add | fabric | 0       |
|    match_57_fu_2989_p2                                          | -   |        | match_57             | add | fabric | 0       |
|    match_59_fu_3008_p2                                          | -   |        | match_59             | add | fabric | 0       |
|    match_61_fu_3021_p2                                          | -   |        | match_61             | add | fabric | 0       |
|   + seq_align_global_Pipeline_local_dpmem_loop_VITIS_LOOP_767_1 | 0   |        |                      |     |        |         |
|     add_ln765_1_fu_640_p2                                       | -   |        | add_ln765_1          | add | fabric | 0       |
|     add_ln765_fu_652_p2                                         | -   |        | add_ln765            | add | fabric | 0       |
|     add_ln767_fu_1062_p2                                        | -   |        | add_ln767            | add | fabric | 0       |
|   + seq_align_global_Pipeline_VITIS_LOOP_773_2                  | 0   |        |                      |     |        |         |
|     add_ln776_fu_65_p2                                          | -   |        | add_ln776            | add | fabric | 0       |
|   + seq_align_global_Pipeline_VITIS_LOOP_786_4_VITIS_LOOP_788_5 | 0   |        |                      |     |        |         |
|     add_ln786_1_fu_656_p2                                       | -   |        | add_ln786_1          | add | fabric | 0       |
|     add_ln786_fu_668_p2                                         | -   |        | add_ln786            | add | fabric | 0       |
|     add_ln791_fu_722_p2                                         | -   |        | add_ln791            | add | fabric | 0       |
|     add_ln788_fu_728_p2                                         | -   |        | add_ln788            | add | fabric | 0       |
|   + seq_align_global_Pipeline_VITIS_LOOP_795_6                  | 0   |        |                      |     |        |         |
|     add_ln795_fu_642_p2                                         | -   |        | add_ln795            | add | fabric | 0       |
|   + seq_align_global_Pipeline_VITIS_LOOP_828_9                  | 0   |        |                      |     |        |         |
|     i_2_fu_1005_p2                                              | -   |        | i_2                  | add | fabric | 0       |
|   + seq_align_global_Pipeline_traceback_logic                   | 0   |        |                      |     |        |         |
|     add_ln925_fu_578_p2                                         | -   |        | add_ln925            | add | fabric | 0       |
|     ultimate_row_value_3_fu_708_p2                              | -   |        | ultimate_row_value_3 | sub | fabric | 0       |
|     ultimate_col_value_3_fu_716_p2                              | -   |        | ultimate_col_value_3 | sub | fabric | 0       |
|   + seq_align_global_Pipeline_kernel1                           | 0   |        |                      |     |        |         |
|     add_ln836_fu_11132_p2                                       | -   |        | add_ln836            | add | fabric | 0       |
|     add_ln864_fu_11147_p2                                       | -   |        | add_ln864            | add | fabric | 0       |
|     a1_32_fu_14148_p2                                           | -   |        | a1_32                | add | fabric | 0       |
|     empty_63_fu_11247_p2                                        | -   |        | empty_63             | add | fabric | 0       |
|     add_ln878_fu_22877_p2                                       | -   |        | add_ln878            | add | fabric | 0       |
|     p_cast_fu_11252_p2                                          | -   |        | p_cast               | add | fabric | 0       |
|     a3_fu_11264_p2                                              | -   |        | a3                   | add | fabric | 0       |
|     match_fu_14236_p2                                           | -   |        | match                | add | fabric | 0       |
|     add_ln859_fu_11276_p2                                       | -   |        | add_ln859            | add | fabric | 0       |
|     add_ln878_1_fu_18587_p2                                     | -   |        | add_ln878_1          | add | fabric | 0       |
|     add_ln859_30_fu_11282_p2                                    | -   |        | add_ln859_30         | add | fabric | 0       |
|     a1_fu_14366_p2                                              | -   |        | a1                   | add | fabric | 0       |
|     match_1_fu_14385_p2                                         | -   |        | match_1              | add | fabric | 0       |
|     add_ln859_1_fu_11356_p2                                     | -   |        | add_ln859_1          | add | fabric | 0       |
|     add_ln878_2_fu_18686_p2                                     | -   |        | add_ln878_2          | add | fabric | 0       |
|     add_ln859_31_fu_11362_p2                                    | -   |        | add_ln859_31         | add | fabric | 0       |
|     a1_2_fu_14542_p2                                            | -   |        | a1_2                 | add | fabric | 0       |
|     grp_fu_10588_p2                                             | -   |        | a3_3                 | add | fabric | 0       |
|     match_2_fu_14561_p2                                         | -   |        | match_2              | add | fabric | 0       |
|     grp_fu_10588_p2                                             | -   |        | a3_2                 | add | fabric | 0       |
|     add_ln859_2_fu_11436_p2                                     | -   |        | add_ln859_2          | add | fabric | 0       |
|     add_ln878_3_fu_18787_p2                                     | -   |        | add_ln878_3          | add | fabric | 0       |
|     add_ln859_32_fu_11442_p2                                    | -   |        | add_ln859_32         | add | fabric | 0       |
|     a1_3_fu_14718_p2                                            | -   |        | a1_3                 | add | fabric | 0       |
|     grp_fu_10593_p2                                             | -   |        | a3_5                 | add | fabric | 0       |
|     match_3_fu_14737_p2                                         | -   |        | match_3              | add | fabric | 0       |
|     grp_fu_10593_p2                                             | -   |        | a3_4                 | add | fabric | 0       |
|     add_ln859_3_fu_11516_p2                                     | -   |        | add_ln859_3          | add | fabric | 0       |
|     add_ln878_4_fu_18888_p2                                     | -   |        | add_ln878_4          | add | fabric | 0       |
|     add_ln859_33_fu_11522_p2                                    | -   |        | add_ln859_33         | add | fabric | 0       |
|     a1_4_fu_14894_p2                                            | -   |        | a1_4                 | add | fabric | 0       |
|     grp_fu_10598_p2                                             | -   |        | a3_7                 | add | fabric | 0       |
|     match_4_fu_14913_p2                                         | -   |        | match_4              | add | fabric | 0       |
|     grp_fu_10598_p2                                             | -   |        | a3_6                 | add | fabric | 0       |
|     add_ln859_4_fu_11596_p2                                     | -   |        | add_ln859_4          | add | fabric | 0       |
|     add_ln878_5_fu_18989_p2                                     | -   |        | add_ln878_5          | add | fabric | 0       |
|     add_ln859_34_fu_11602_p2                                    | -   |        | add_ln859_34         | add | fabric | 0       |
|     a1_5_fu_15070_p2                                            | -   |        | a1_5                 | add | fabric | 0       |
|     grp_fu_10603_p2                                             | -   |        | a3_9                 | add | fabric | 0       |
|     match_5_fu_15089_p2                                         | -   |        | match_5              | add | fabric | 0       |
|     grp_fu_10603_p2                                             | -   |        | a3_8                 | add | fabric | 0       |
|     add_ln859_5_fu_11676_p2                                     | -   |        | add_ln859_5          | add | fabric | 0       |
|     add_ln878_6_fu_19090_p2                                     | -   |        | add_ln878_6          | add | fabric | 0       |
|     add_ln859_35_fu_11682_p2                                    | -   |        | add_ln859_35         | add | fabric | 0       |
|     a1_6_fu_15246_p2                                            | -   |        | a1_6                 | add | fabric | 0       |
|     grp_fu_10608_p2                                             | -   |        | a3_11                | add | fabric | 0       |
|     match_6_fu_15265_p2                                         | -   |        | match_6              | add | fabric | 0       |
|     grp_fu_10608_p2                                             | -   |        | a3_10                | add | fabric | 0       |
|     add_ln859_6_fu_11756_p2                                     | -   |        | add_ln859_6          | add | fabric | 0       |
|     add_ln878_7_fu_19191_p2                                     | -   |        | add_ln878_7          | add | fabric | 0       |
|     add_ln859_36_fu_11762_p2                                    | -   |        | add_ln859_36         | add | fabric | 0       |
|     a1_7_fu_15422_p2                                            | -   |        | a1_7                 | add | fabric | 0       |
|     grp_fu_10613_p2                                             | -   |        | a3_13                | add | fabric | 0       |
|     match_7_fu_15441_p2                                         | -   |        | match_7              | add | fabric | 0       |
|     grp_fu_10613_p2                                             | -   |        | a3_12                | add | fabric | 0       |
|     add_ln859_7_fu_11836_p2                                     | -   |        | add_ln859_7          | add | fabric | 0       |
|     add_ln878_8_fu_19292_p2                                     | -   |        | add_ln878_8          | add | fabric | 0       |
|     add_ln859_37_fu_11842_p2                                    | -   |        | add_ln859_37         | add | fabric | 0       |
|     a1_8_fu_15598_p2                                            | -   |        | a1_8                 | add | fabric | 0       |
|     grp_fu_10618_p2                                             | -   |        | a3_15                | add | fabric | 0       |
|     match_8_fu_15617_p2                                         | -   |        | match_8              | add | fabric | 0       |
|     grp_fu_10618_p2                                             | -   |        | a3_14                | add | fabric | 0       |
|     add_ln859_8_fu_11916_p2                                     | -   |        | add_ln859_8          | add | fabric | 0       |
|     add_ln878_9_fu_19393_p2                                     | -   |        | add_ln878_9          | add | fabric | 0       |
|     add_ln859_38_fu_11922_p2                                    | -   |        | add_ln859_38         | add | fabric | 0       |
|     a1_9_fu_15774_p2                                            | -   |        | a1_9                 | add | fabric | 0       |
|     grp_fu_10623_p2                                             | -   |        | a3_17                | add | fabric | 0       |
|     match_9_fu_15793_p2                                         | -   |        | match_9              | add | fabric | 0       |
|     grp_fu_10623_p2                                             | -   |        | a3_16                | add | fabric | 0       |
|     add_ln859_9_fu_11996_p2                                     | -   |        | add_ln859_9          | add | fabric | 0       |
|     add_ln878_10_fu_19494_p2                                    | -   |        | add_ln878_10         | add | fabric | 0       |
|     add_ln859_39_fu_12002_p2                                    | -   |        | add_ln859_39         | add | fabric | 0       |
|     a1_10_fu_15950_p2                                           | -   |        | a1_10                | add | fabric | 0       |
|     grp_fu_10628_p2                                             | -   |        | a3_19                | add | fabric | 0       |
|     match_10_fu_15969_p2                                        | -   |        | match_10             | add | fabric | 0       |
|     grp_fu_10628_p2                                             | -   |        | a3_18                | add | fabric | 0       |
|     add_ln859_10_fu_12076_p2                                    | -   |        | add_ln859_10         | add | fabric | 0       |
|     add_ln878_11_fu_19595_p2                                    | -   |        | add_ln878_11         | add | fabric | 0       |
|     add_ln859_40_fu_12082_p2                                    | -   |        | add_ln859_40         | add | fabric | 0       |
|     a1_11_fu_16126_p2                                           | -   |        | a1_11                | add | fabric | 0       |
|     grp_fu_10633_p2                                             | -   |        | a3_21                | add | fabric | 0       |
|     match_11_fu_16145_p2                                        | -   |        | match_11             | add | fabric | 0       |
|     grp_fu_10633_p2                                             | -   |        | a3_20                | add | fabric | 0       |
|     add_ln859_11_fu_12156_p2                                    | -   |        | add_ln859_11         | add | fabric | 0       |
|     add_ln878_12_fu_19696_p2                                    | -   |        | add_ln878_12         | add | fabric | 0       |
|     add_ln859_41_fu_12162_p2                                    | -   |        | add_ln859_41         | add | fabric | 0       |
|     a1_12_fu_16302_p2                                           | -   |        | a1_12                | add | fabric | 0       |
|     grp_fu_10638_p2                                             | -   |        | a3_23                | add | fabric | 0       |
|     match_12_fu_16321_p2                                        | -   |        | match_12             | add | fabric | 0       |
|     grp_fu_10638_p2                                             | -   |        | a3_22                | add | fabric | 0       |
|     add_ln859_12_fu_12236_p2                                    | -   |        | add_ln859_12         | add | fabric | 0       |
|     add_ln878_13_fu_19797_p2                                    | -   |        | add_ln878_13         | add | fabric | 0       |
|     add_ln859_42_fu_12242_p2                                    | -   |        | add_ln859_42         | add | fabric | 0       |
|     a1_13_fu_16478_p2                                           | -   |        | a1_13                | add | fabric | 0       |
|     grp_fu_10643_p2                                             | -   |        | a3_25                | add | fabric | 0       |
|     match_13_fu_16497_p2                                        | -   |        | match_13             | add | fabric | 0       |
|     grp_fu_10643_p2                                             | -   |        | a3_24                | add | fabric | 0       |
|     add_ln859_13_fu_12316_p2                                    | -   |        | add_ln859_13         | add | fabric | 0       |
|     add_ln878_14_fu_19898_p2                                    | -   |        | add_ln878_14         | add | fabric | 0       |
|     add_ln859_43_fu_12322_p2                                    | -   |        | add_ln859_43         | add | fabric | 0       |
|     a1_14_fu_16654_p2                                           | -   |        | a1_14                | add | fabric | 0       |
|     grp_fu_10648_p2                                             | -   |        | a3_27                | add | fabric | 0       |
|     match_14_fu_16673_p2                                        | -   |        | match_14             | add | fabric | 0       |
|     grp_fu_10648_p2                                             | -   |        | a3_26                | add | fabric | 0       |
|     add_ln859_14_fu_12396_p2                                    | -   |        | add_ln859_14         | add | fabric | 0       |
|     add_ln878_15_fu_19999_p2                                    | -   |        | add_ln878_15         | add | fabric | 0       |
|     add_ln859_44_fu_12402_p2                                    | -   |        | add_ln859_44         | add | fabric | 0       |
|     a1_15_fu_16830_p2                                           | -   |        | a1_15                | add | fabric | 0       |
|     grp_fu_10653_p2                                             | -   |        | a3_29                | add | fabric | 0       |
|     match_15_fu_16849_p2                                        | -   |        | match_15             | add | fabric | 0       |
|     grp_fu_10653_p2                                             | -   |        | a3_28                | add | fabric | 0       |
|     add_ln859_15_fu_12476_p2                                    | -   |        | add_ln859_15         | add | fabric | 0       |
|     add_ln878_16_fu_20100_p2                                    | -   |        | add_ln878_16         | add | fabric | 0       |
|     add_ln859_45_fu_12482_p2                                    | -   |        | add_ln859_45         | add | fabric | 0       |
|     a1_16_fu_17006_p2                                           | -   |        | a1_16                | add | fabric | 0       |
|     grp_fu_10658_p2                                             | -   |        | a3_31                | add | fabric | 0       |
|     match_16_fu_17025_p2                                        | -   |        | match_16             | add | fabric | 0       |
|     grp_fu_10658_p2                                             | -   |        | a3_30                | add | fabric | 0       |
|     add_ln859_16_fu_12556_p2                                    | -   |        | add_ln859_16         | add | fabric | 0       |
|     add_ln878_17_fu_20201_p2                                    | -   |        | add_ln878_17         | add | fabric | 0       |
|     add_ln859_46_fu_12562_p2                                    | -   |        | add_ln859_46         | add | fabric | 0       |
|     a1_17_fu_17182_p2                                           | -   |        | a1_17                | add | fabric | 0       |
|     grp_fu_10663_p2                                             | -   |        | a3_33                | add | fabric | 0       |
|     match_17_fu_17201_p2                                        | -   |        | match_17             | add | fabric | 0       |
|     grp_fu_10663_p2                                             | -   |        | a3_32                | add | fabric | 0       |
|     add_ln859_17_fu_12636_p2                                    | -   |        | add_ln859_17         | add | fabric | 0       |
|     add_ln878_18_fu_20887_p2                                    | -   |        | add_ln878_18         | add | fabric | 0       |
|     add_ln859_47_fu_12642_p2                                    | -   |        | add_ln859_47         | add | fabric | 0       |
|     a1_18_fu_20311_p2                                           | -   |        | a1_18                | add | fabric | 0       |
|     grp_fu_10668_p2                                             | -   |        | a3_35                | add | fabric | 0       |
|     match_18_fu_20324_p2                                        | -   |        | match_18             | add | fabric | 0       |
|     grp_fu_10668_p2                                             | -   |        | a3_34                | add | fabric | 0       |
|     add_ln859_18_fu_12716_p2                                    | -   |        | add_ln859_18         | add | fabric | 0       |
|     add_ln878_19_fu_20971_p2                                    | -   |        | add_ln878_19         | add | fabric | 0       |
|     add_ln859_48_fu_12722_p2                                    | -   |        | add_ln859_48         | add | fabric | 0       |
|     a1_19_fu_20421_p2                                           | -   |        | a1_19                | add | fabric | 0       |
|     grp_fu_10673_p2                                             | -   |        | a3_37                | add | fabric | 0       |
|     match_19_fu_20434_p2                                        | -   |        | match_19             | add | fabric | 0       |
|     grp_fu_10673_p2                                             | -   |        | a3_36                | add | fabric | 0       |
|     add_ln859_19_fu_12796_p2                                    | -   |        | add_ln859_19         | add | fabric | 0       |
|     add_ln878_20_fu_21072_p2                                    | -   |        | add_ln878_20         | add | fabric | 0       |
|     add_ln859_49_fu_12802_p2                                    | -   |        | add_ln859_49         | add | fabric | 0       |
|     a1_20_fu_20522_p2                                           | -   |        | a1_20                | add | fabric | 0       |
|     grp_fu_10678_p2                                             | -   |        | a3_39                | add | fabric | 0       |
|     match_20_fu_20535_p2                                        | -   |        | match_20             | add | fabric | 0       |
|     grp_fu_10678_p2                                             | -   |        | a3_38                | add | fabric | 0       |
|     add_ln859_20_fu_12876_p2                                    | -   |        | add_ln859_20         | add | fabric | 0       |
|     add_ln878_21_fu_21173_p2                                    | -   |        | add_ln878_21         | add | fabric | 0       |
|     add_ln859_50_fu_12882_p2                                    | -   |        | add_ln859_50         | add | fabric | 0       |
|     a1_21_fu_20623_p2                                           | -   |        | a1_21                | add | fabric | 0       |
|     grp_fu_10683_p2                                             | -   |        | a3_41                | add | fabric | 0       |
|     match_21_fu_20636_p2                                        | -   |        | match_21             | add | fabric | 0       |
|     grp_fu_10683_p2                                             | -   |        | a3_40                | add | fabric | 0       |
|     add_ln859_21_fu_12956_p2                                    | -   |        | add_ln859_21         | add | fabric | 0       |
|     add_ln878_22_fu_21274_p2                                    | -   |        | add_ln878_22         | add | fabric | 0       |
|     add_ln859_51_fu_12962_p2                                    | -   |        | add_ln859_51         | add | fabric | 0       |
|     a1_22_fu_20724_p2                                           | -   |        | a1_22                | add | fabric | 0       |
|     grp_fu_10688_p2                                             | -   |        | a3_43                | add | fabric | 0       |
|     match_22_fu_20737_p2                                        | -   |        | match_22             | add | fabric | 0       |
|     grp_fu_10688_p2                                             | -   |        | a3_42                | add | fabric | 0       |
|     add_ln859_22_fu_13036_p2                                    | -   |        | add_ln859_22         | add | fabric | 0       |
|     add_ln878_23_fu_21564_p2                                    | -   |        | add_ln878_23         | add | fabric | 0       |
|     add_ln859_52_fu_13042_p2                                    | -   |        | add_ln859_52         | add | fabric | 0       |
|     a1_23_fu_21384_p2                                           | -   |        | a1_23                | add | fabric | 0       |
|     grp_fu_10693_p2                                             | -   |        | a3_45                | add | fabric | 0       |
|     match_23_fu_20820_p2                                        | -   |        | match_23             | add | fabric | 0       |
|     grp_fu_10693_p2                                             | -   |        | a3_44                | add | fabric | 0       |
|     add_ln859_23_fu_13116_p2                                    | -   |        | add_ln859_23         | add | fabric | 0       |
|     add_ln878_24_fu_22074_p2                                    | -   |        | add_ln878_24         | add | fabric | 0       |
|     add_ln859_53_fu_13122_p2                                    | -   |        | add_ln859_53         | add | fabric | 0       |
|     a1_24_fu_21657_p2                                           | -   |        | a1_24                | add | fabric | 0       |
|     grp_fu_10698_p2                                             | -   |        | a3_47                | add | fabric | 0       |
|     match_24_fu_21475_p2                                        | -   |        | match_24             | add | fabric | 0       |
|     grp_fu_10698_p2                                             | -   |        | a3_46                | add | fabric | 0       |
|     add_ln859_24_fu_13196_p2                                    | -   |        | add_ln859_24         | add | fabric | 0       |
|     add_ln878_25_fu_22158_p2                                    | -   |        | add_ln878_25         | add | fabric | 0       |
|     add_ln859_54_fu_13202_p2                                    | -   |        | add_ln859_54         | add | fabric | 0       |
|     a1_25_fu_21753_p2                                           | -   |        | a1_25                | add | fabric | 0       |
|     grp_fu_10703_p2                                             | -   |        | a3_49                | add | fabric | 0       |
|     match_25_fu_21766_p2                                        | -   |        | match_25             | add | fabric | 0       |
|     grp_fu_10703_p2                                             | -   |        | a3_48                | add | fabric | 0       |
|     add_ln859_25_fu_13276_p2                                    | -   |        | add_ln859_25         | add | fabric | 0       |
|     add_ln878_26_fu_22259_p2                                    | -   |        | add_ln878_26         | add | fabric | 0       |
|     add_ln859_55_fu_13282_p2                                    | -   |        | add_ln859_55         | add | fabric | 0       |
|     a1_26_fu_21854_p2                                           | -   |        | a1_26                | add | fabric | 0       |
|     grp_fu_10708_p2                                             | -   |        | a3_51                | add | fabric | 0       |
|     match_26_fu_21867_p2                                        | -   |        | match_26             | add | fabric | 0       |
|     grp_fu_10708_p2                                             | -   |        | a3_50                | add | fabric | 0       |
|     add_ln859_26_fu_13356_p2                                    | -   |        | add_ln859_26         | add | fabric | 0       |
|     add_ln878_27_fu_22890_p2                                    | -   |        | add_ln878_27         | add | fabric | 0       |
|     add_ln859_56_fu_13362_p2                                    | -   |        | add_ln859_56         | add | fabric | 0       |
|     a1_27_fu_22369_p2                                           | -   |        | a1_27                | add | fabric | 0       |
|     grp_fu_10713_p2                                             | -   |        | a3_53                | add | fabric | 0       |
|     match_27_fu_21950_p2                                        | -   |        | match_27             | add | fabric | 0       |
|     grp_fu_10713_p2                                             | -   |        | a3_52                | add | fabric | 0       |
|     add_ln859_27_fu_13436_p2                                    | -   |        | add_ln859_27         | add | fabric | 0       |
|     add_ln878_28_fu_22974_p2                                    | -   |        | add_ln878_28         | add | fabric | 0       |
|     add_ln859_57_fu_13442_p2                                    | -   |        | add_ln859_57         | add | fabric | 0       |
|     a1_28_fu_22465_p2                                           | -   |        | a1_28                | add | fabric | 0       |
|     grp_fu_10718_p2                                             | -   |        | a3_55                | add | fabric | 0       |
|     match_28_fu_22478_p2                                        | -   |        | match_28             | add | fabric | 0       |
|     grp_fu_10718_p2                                             | -   |        | a3_54                | add | fabric | 0       |
|     add_ln859_28_fu_13516_p2                                    | -   |        | add_ln859_28         | add | fabric | 0       |
|     add_ln878_29_fu_23075_p2                                    | -   |        | add_ln878_29         | add | fabric | 0       |
|     add_ln859_58_fu_13522_p2                                    | -   |        | add_ln859_58         | add | fabric | 0       |
|     a1_29_fu_22566_p2                                           | -   |        | a1_29                | add | fabric | 0       |
|     grp_fu_10723_p2                                             | -   |        | a3_57                | add | fabric | 0       |
|     match_29_fu_22579_p2                                        | -   |        | match_29             | add | fabric | 0       |
|     grp_fu_10723_p2                                             | -   |        | a3_56                | add | fabric | 0       |
|     add_ln859_29_fu_13596_p2                                    | -   |        | add_ln859_29         | add | fabric | 0       |
|     add_ln878_30_fu_23176_p2                                    | -   |        | add_ln878_30         | add | fabric | 0       |
|     add_ln859_59_fu_13602_p2                                    | -   |        | add_ln859_59         | add | fabric | 0       |
|     a1_30_fu_22667_p2                                           | -   |        | a1_30                | add | fabric | 0       |
|     grp_fu_10728_p2                                             | -   |        | a3_59                | add | fabric | 0       |
|     match_30_fu_22680_p2                                        | -   |        | match_30             | add | fabric | 0       |
|     grp_fu_10728_p2                                             | -   |        | a3_58                | add | fabric | 0       |
|     add_ln101_fu_22760_p2                                       | -   |        | add_ln101            | add | fabric | 0       |
|     grp_fu_10733_p2                                             | -   |        | a3_61                | add | fabric | 0       |
|     match_31_fu_22780_p2                                        | -   |        | match_31             | add | fabric | 0       |
|     grp_fu_10733_p2                                             | -   |        | a3_60                | add | fabric | 0       |
+-----------------------------------------------------------------+-----+--------+----------------------+-----+--------+---------+


================================================================
== Bind Storage Report
================================================================
+-------------------------+------+------+--------+--------------------+---------+------+---------+
| Name                    | BRAM | URAM | Pragma | Variable           | Storage | Impl | Latency |
+-------------------------+------+------+--------+--------------------+---------+------+---------+
| + seq_align_multiple    | 33   | 0    |        |                    |         |      |         |
|  + seq_align_global     | 33   | 0    |        |                    |         |      |         |
|    traceback_V_U        | 1    | -    |        | traceback_V        | ram_t2p | auto | 1       |
|    traceback_V_1_U      | 1    | -    |        | traceback_V_1      | ram_1p  | auto | 1       |
|    traceback_V_2_U      | 1    | -    |        | traceback_V_2      | ram_1p  | auto | 1       |
|    traceback_V_3_U      | 1    | -    |        | traceback_V_3      | ram_1p  | auto | 1       |
|    traceback_V_4_U      | 1    | -    |        | traceback_V_4      | ram_1p  | auto | 1       |
|    traceback_V_5_U      | 1    | -    |        | traceback_V_5      | ram_1p  | auto | 1       |
|    traceback_V_6_U      | 1    | -    |        | traceback_V_6      | ram_1p  | auto | 1       |
|    traceback_V_7_U      | 1    | -    |        | traceback_V_7      | ram_1p  | auto | 1       |
|    traceback_V_8_U      | 1    | -    |        | traceback_V_8      | ram_1p  | auto | 1       |
|    traceback_V_9_U      | 1    | -    |        | traceback_V_9      | ram_1p  | auto | 1       |
|    traceback_V_10_U     | 1    | -    |        | traceback_V_10     | ram_1p  | auto | 1       |
|    traceback_V_11_U     | 1    | -    |        | traceback_V_11     | ram_1p  | auto | 1       |
|    traceback_V_12_U     | 1    | -    |        | traceback_V_12     | ram_1p  | auto | 1       |
|    traceback_V_13_U     | 1    | -    |        | traceback_V_13     | ram_1p  | auto | 1       |
|    traceback_V_14_U     | 1    | -    |        | traceback_V_14     | ram_1p  | auto | 1       |
|    traceback_V_15_U     | 1    | -    |        | traceback_V_15     | ram_1p  | auto | 1       |
|    traceback_V_16_U     | 1    | -    |        | traceback_V_16     | ram_1p  | auto | 1       |
|    traceback_V_17_U     | 1    | -    |        | traceback_V_17     | ram_1p  | auto | 1       |
|    traceback_V_18_U     | 1    | -    |        | traceback_V_18     | ram_1p  | auto | 1       |
|    traceback_V_19_U     | 1    | -    |        | traceback_V_19     | ram_1p  | auto | 1       |
|    traceback_V_20_U     | 1    | -    |        | traceback_V_20     | ram_1p  | auto | 1       |
|    traceback_V_21_U     | 1    | -    |        | traceback_V_21     | ram_1p  | auto | 1       |
|    traceback_V_22_U     | 1    | -    |        | traceback_V_22     | ram_1p  | auto | 1       |
|    traceback_V_23_U     | 1    | -    |        | traceback_V_23     | ram_1p  | auto | 1       |
|    traceback_V_24_U     | 1    | -    |        | traceback_V_24     | ram_1p  | auto | 1       |
|    traceback_V_25_U     | 1    | -    |        | traceback_V_25     | ram_1p  | auto | 1       |
|    traceback_V_26_U     | 1    | -    |        | traceback_V_26     | ram_1p  | auto | 1       |
|    traceback_V_27_U     | 1    | -    |        | traceback_V_27     | ram_1p  | auto | 1       |
|    traceback_V_28_U     | 1    | -    |        | traceback_V_28     | ram_1p  | auto | 1       |
|    traceback_V_29_U     | 1    | -    |        | traceback_V_29     | ram_1p  | auto | 1       |
|    traceback_V_30_U     | 1    | -    |        | traceback_V_30     | ram_1p  | auto | 1       |
|    traceback_V_31_U     | 1    | -    |        | traceback_V_31     | ram_1p  | auto | 1       |
|    last_pe_score_U      | 2    | -    |        | last_pe_score      | ram_s2p | auto | 1       |
|    local_reference_U    | -    | -    |        | local_reference    | rom_np  | auto | 1       |
|    local_reference_1_U  | -    | -    |        | local_reference_1  | rom_np  | auto | 1       |
|    local_reference_2_U  | -    | -    |        | local_reference_2  | rom_np  | auto | 1       |
|    local_reference_3_U  | -    | -    |        | local_reference_3  | rom_np  | auto | 1       |
|    local_reference_4_U  | -    | -    |        | local_reference_4  | rom_np  | auto | 1       |
|    local_reference_5_U  | -    | -    |        | local_reference_5  | rom_np  | auto | 1       |
|    local_reference_6_U  | -    | -    |        | local_reference_6  | rom_np  | auto | 1       |
|    local_reference_7_U  | -    | -    |        | local_reference_7  | rom_np  | auto | 1       |
|    local_reference_8_U  | -    | -    |        | local_reference_8  | rom_np  | auto | 1       |
|    local_reference_9_U  | -    | -    |        | local_reference_9  | rom_np  | auto | 1       |
|    local_reference_10_U | -    | -    |        | local_reference_10 | rom_np  | auto | 1       |
|    local_reference_11_U | -    | -    |        | local_reference_11 | rom_np  | auto | 1       |
|    local_reference_12_U | -    | -    |        | local_reference_12 | rom_np  | auto | 1       |
|    local_reference_13_U | -    | -    |        | local_reference_13 | rom_np  | auto | 1       |
|    local_reference_14_U | -    | -    |        | local_reference_14 | rom_np  | auto | 1       |
|    local_reference_15_U | -    | -    |        | local_reference_15 | rom_np  | auto | 1       |
|    local_reference_16_U | -    | -    |        | local_reference_16 | rom_np  | auto | 1       |
|    local_reference_17_U | -    | -    |        | local_reference_17 | rom_np  | auto | 1       |
|    local_reference_18_U | -    | -    |        | local_reference_18 | rom_np  | auto | 1       |
|    local_reference_19_U | -    | -    |        | local_reference_19 | rom_np  | auto | 1       |
|    local_reference_20_U | -    | -    |        | local_reference_20 | rom_np  | auto | 1       |
|    local_reference_21_U | -    | -    |        | local_reference_21 | rom_np  | auto | 1       |
|    local_reference_22_U | -    | -    |        | local_reference_22 | rom_np  | auto | 1       |
|    local_reference_23_U | -    | -    |        | local_reference_23 | rom_np  | auto | 1       |
|    local_reference_24_U | -    | -    |        | local_reference_24 | rom_np  | auto | 1       |
|    local_reference_25_U | -    | -    |        | local_reference_25 | rom_np  | auto | 1       |
|    local_reference_26_U | -    | -    |        | local_reference_26 | rom_np  | auto | 1       |
|    local_reference_27_U | -    | -    |        | local_reference_27 | rom_np  | auto | 1       |
|    local_reference_28_U | -    | -    |        | local_reference_28 | rom_np  | auto | 1       |
|    local_reference_29_U | -    | -    |        | local_reference_29 | rom_np  | auto | 1       |
|    local_reference_30_U | -    | -    |        | local_reference_30 | rom_np  | auto | 1       |
|    local_reference_31_U | -    | -    |        | local_reference_31 | rom_np  | auto | 1       |
+-------------------------+------+------+--------+--------------------+---------+------+---------+


================================================================
== Pragma Report
================================================================
* Pragmas with Warnings
+-----------------+------------------------------------+---------------------------------------------------+----------------------------------------------------------------------------------------------------------------------------------------------------------------------------------------------------------------------------------------------------------+
| Type            | Options                            | Location                                          | Messages                                                                                                                                                                                                                                                 |
+-----------------+------------------------------------+---------------------------------------------------+----------------------------------------------------------------------------------------------------------------------------------------------------------------------------------------------------------------------------------------------------------+
| array_partition | variable = dummies type = complete | seq_align_multiple.cpp:2195 in seq_align_multiple | Ignored unsupported array_partition pragma on variable 'dummies'. This can happen when applying a pragma on a function argument with mismatched array size w.r.t. its call site, or when providing a dim too deep on an array of insufficient dimension. |
+-----------------+------------------------------------+---------------------------------------------------+----------------------------------------------------------------------------------------------------------------------------------------------------------------------------------------------------------------------------------------------------------+

* Valid Pragma Syntax
+-----------------+------------------------------------------------------------------+---------------------------------------------------+
| Type            | Options                                                          | Location                                          |
+-----------------+------------------------------------------------------------------+---------------------------------------------------+
| array_partition | variable=data dim=0 complete                                     | ./shift_reg.h:7 in shiftregister<t, len>, data    |
| unroll          |                                                                  | ./shift_reg.h:16 in shift                         |
| unroll          |                                                                  | seq_align_multiple.cpp:23 in shift                |
| inline          |                                                                  | seq_align_multiple.cpp:95 in pe                   |
| array_partition | variable = dp_mem dim = 0 complete                               | seq_align_multiple.cpp:760 in seq_align_global    |
| array_partition | variable = traceback dim = 1 cyclic factor = 32                  | seq_align_multiple.cpp:761 in seq_align_global    |
| array_partition | variable = local_reference cyclic dim = 1 factor = 32            | seq_align_multiple.cpp:762 in seq_align_global    |
| pipeline        | II = 1                                                           | seq_align_multiple.cpp:816 in seq_align_global    |
| pipeline        | II = 1                                                           | seq_align_multiple.cpp:822 in seq_align_global    |
| pipeline        | II = 1                                                           | seq_align_multiple.cpp:830 in seq_align_global    |
| pipeline        | II = 1                                                           | seq_align_multiple.cpp:839 in seq_align_global    |
| unroll          |                                                                  | seq_align_multiple.cpp:844 in seq_align_global    |
| unroll          |                                                                  | seq_align_multiple.cpp:857 in seq_align_global    |
| interface       | mode = axis port = query_string_comp                             | seq_align_multiple.cpp:2191 in seq_align_multiple |
| interface       | mode = axis port = reference_string_comp                         | seq_align_multiple.cpp:2192 in seq_align_multiple |
| array_partition | variable = query_string_comp type = block dim = 1 factor = 8     | seq_align_multiple.cpp:2193 in seq_align_multiple |
| array_partition | variable = reference_string_comp type = block dim = 1 factor = 8 | seq_align_multiple.cpp:2194 in seq_align_multiple |
| array_partition | variable = dummies_inner type = complete                         | seq_align_multiple.cpp:2199 in seq_align_multiple |
| unroll          |                                                                  | seq_align_multiple.cpp:2218 in seq_align_multiple |
| unroll          |                                                                  | seq_align_multiple.cpp:2251 in seq_align_multiple |
+-----------------+------------------------------------------------------------------+---------------------------------------------------+


