

================================================================
== Vitis HLS Report for 'seq_align_global_Pipeline_traceback_logic'
================================================================
* Date:           Tue Aug  8 00:17:08 2023

* Version:        2022.1 (Build 3526262 on Mon Apr 18 15:47:01 MDT 2022)
* Project:        local_seq_multiple_align_sa
* Solution:       solution1 (Vitis Kernel Flow Target)
* Product family: zynquplus
* Target device:  xczu7ev-ffvc1156-2-i


================================================================
== Performance Estimates
================================================================
+ Timing: 
    * Summary: 
    +--------+---------+----------+------------+
    |  Clock |  Target | Estimated| Uncertainty|
    +--------+---------+----------+------------+
    |ap_clk  |  4.00 ns|  2.721 ns|     1.08 ns|
    +--------+---------+----------+------------+

+ Latency: 
    * Summary: 
    +---------+---------+----------+----------+-----+-----+---------+
    |  Latency (cycles) |  Latency (absolute) |  Interval | Pipeline|
    |   min   |   max   |    min   |    max   | min | max |   Type  |
    +---------+---------+----------+----------+-----+-----+---------+
    |        ?|        ?|         ?|         ?|    ?|    ?|       no|
    +---------+---------+----------+----------+-----+-----+---------+

    + Detail: 
        * Instance: 
        N/A

        * Loop: 
        +-------------------+---------+---------+----------+-----------+-----------+------+----------+
        |                   |  Latency (cycles) | Iteration|  Initiation Interval  | Trip |          |
        |     Loop Name     |   min   |   max   |  Latency |  achieved |   target  | Count| Pipelined|
        +-------------------+---------+---------+----------+-----------+-----------+------+----------+
        |- traceback_logic  |        ?|        ?|         3|          3|          1|     ?|       yes|
        +-------------------+---------+---------+----------+-----------+-----------+------+----------+



================================================================
== Utilization Estimates
================================================================
* Summary: 
+-----------------+---------+------+--------+--------+-----+
|       Name      | BRAM_18K|  DSP |   FF   |   LUT  | URAM|
+-----------------+---------+------+--------+--------+-----+
|DSP              |        -|     -|       -|       -|    -|
|Expression       |        -|     -|       0|     190|    -|
|FIFO             |        -|     -|       -|       -|    -|
|Instance         |        -|     -|       0|     148|    -|
|Memory           |        -|     -|       -|       -|    -|
|Multiplexer      |        -|     -|       -|      74|    -|
|Register         |        -|     -|     137|       -|    -|
+-----------------+---------+------+--------+--------+-----+
|Total            |        0|     0|     137|     412|    0|
+-----------------+---------+------+--------+--------+-----+
|Available        |      624|  1728|  460800|  230400|   96|
+-----------------+---------+------+--------+--------+-----+
|Utilization (%)  |        0|     0|      ~0|      ~0|    0|
+-----------------+---------+------+--------+--------+-----+

+ Detail: 
    * Instance: 
    +--------------------+---------------+---------+----+---+-----+-----+
    |      Instance      |     Module    | BRAM_18K| DSP| FF| LUT | URAM|
    +--------------------+---------------+---------+----+---+-----+-----+
    |mux_325_2_1_1_U485  |mux_325_2_1_1  |        0|   0|  0|  148|    0|
    +--------------------+---------------+---------+----+---+-----+-----+
    |Total               |               |        0|   0|  0|  148|    0|
    +--------------------+---------------+---------+----+---+-----+-----+

    * DSP: 
    N/A

    * Memory: 
    N/A

    * FIFO: 
    N/A

    * Expression: 
    +--------------------------------+----------+----+---+----+------------+------------+
    |          Variable Name         | Operation| DSP| FF| LUT| Bitwidth P0| Bitwidth P1|
    +--------------------------------+----------+----+---+----+------------+------------+
    |add_ln925_fu_578_p2             |         +|   0|  0|  18|          11|          11|
    |ultimate_col_value_3_fu_716_p2  |         -|   0|  0|  39|          32|          32|
    |ultimate_row_value_3_fu_708_p2  |         -|   0|  0|  39|          32|          32|
    |ap_condition_530                |       and|   0|  0|   2|           1|           1|
    |icmp_ln1069_1_fu_699_p2         |      icmp|   0|  0|   8|           2|           2|
    |icmp_ln1069_fu_693_p2           |      icmp|   0|  0|   8|           2|           3|
    |icmp_ln931_1_fu_727_p2          |      icmp|   0|  0|  20|          32|           2|
    |icmp_ln931_fu_721_p2            |      icmp|   0|  0|  20|          32|           2|
    |or_ln899_fu_542_p2              |        or|   0|  0|  32|          32|          32|
    |or_ln931_fu_733_p2              |        or|   0|  0|   2|           1|           1|
    |ap_enable_pp0                   |       xor|   0|  0|   2|           1|           2|
    +--------------------------------+----------+----+---+----+------------+------------+
    |Total                           |          |   0|  0| 190|         178|         120|
    +--------------------------------+----------+----+---+----+------------+------------+

    * Multiplexer: 
    +-----------------------------+----+-----------+-----+-----------+
    |             Name            | LUT| Input Size| Bits| Total Bits|
    +-----------------------------+----+-----------+-----+-----------+
    |ap_NS_fsm                    |  20|          4|    1|          4|
    |ap_done_int                  |   9|          2|    1|          2|
    |ap_enable_reg_pp0_iter0      |   9|          2|    1|          2|
    |ap_enable_reg_pp0_iter0_reg  |   9|          2|    1|          2|
    |ap_enable_reg_pp0_iter1      |   9|          2|    1|          2|
    |ultimate_col_value_fu_102    |   9|          2|   32|         64|
    |ultimate_row_value_fu_106    |   9|          2|   32|         64|
    +-----------------------------+----+-----------+-----+-----------+
    |Total                        |  74|         16|   69|        140|
    +-----------------------------+----+-----------+-----+-----------+

    * Register: 
    +------------------------------+----+----+-----+-----------+
    |             Name             | FF | LUT| Bits| Const Bits|
    +------------------------------+----+----+-----+-----------+
    |ap_CS_fsm                     |   3|   0|    3|          0|
    |ap_done_reg                   |   1|   0|    1|          0|
    |ap_enable_reg_pp0_iter0_reg   |   1|   0|    1|          0|
    |ap_enable_reg_pp0_iter1       |   1|   0|    1|          0|
    |icmp_ln1069_1_reg_943         |   1|   0|    1|          0|
    |icmp_ln1069_reg_938           |   1|   0|    1|          0|
    |tmp_reg_774                   |   1|   0|    1|          0|
    |ultimate_col_value_2_reg_763  |  32|   0|   32|          0|
    |ultimate_col_value_fu_102     |  32|   0|   32|          0|
    |ultimate_row_value_2_reg_768  |  32|   0|   32|          0|
    |ultimate_row_value_fu_106     |  32|   0|   32|          0|
    +------------------------------+----+----+-----+-----------+
    |Total                         | 137|   0|  137|          0|
    +------------------------------+----+----+-----+-----------+



================================================================
== Interface
================================================================
* Summary: 
+-------------------------+-----+-----+------------+-------------------------------------------+--------------+
|        RTL Ports        | Dir | Bits|  Protocol  |               Source Object               |    C Type    |
+-------------------------+-----+-----+------------+-------------------------------------------+--------------+
|ap_clk                   |   in|    1|  ap_ctrl_hs|  seq_align_global_Pipeline_traceback_logic|  return value|
|ap_rst                   |   in|    1|  ap_ctrl_hs|  seq_align_global_Pipeline_traceback_logic|  return value|
|ap_start                 |   in|    1|  ap_ctrl_hs|  seq_align_global_Pipeline_traceback_logic|  return value|
|ap_done                  |  out|    1|  ap_ctrl_hs|  seq_align_global_Pipeline_traceback_logic|  return value|
|ap_idle                  |  out|    1|  ap_ctrl_hs|  seq_align_global_Pipeline_traceback_logic|  return value|
|ap_ready                 |  out|    1|  ap_ctrl_hs|  seq_align_global_Pipeline_traceback_logic|  return value|
|traceback_V_address0     |  out|   11|   ap_memory|                                traceback_V|         array|
|traceback_V_ce0          |  out|    1|   ap_memory|                                traceback_V|         array|
|traceback_V_q0           |   in|    2|   ap_memory|                                traceback_V|         array|
|traceback_V_1_address0   |  out|   11|   ap_memory|                              traceback_V_1|         array|
|traceback_V_1_ce0        |  out|    1|   ap_memory|                              traceback_V_1|         array|
|traceback_V_1_q0         |   in|    2|   ap_memory|                              traceback_V_1|         array|
|traceback_V_2_address0   |  out|   11|   ap_memory|                              traceback_V_2|         array|
|traceback_V_2_ce0        |  out|    1|   ap_memory|                              traceback_V_2|         array|
|traceback_V_2_q0         |   in|    2|   ap_memory|                              traceback_V_2|         array|
|traceback_V_3_address0   |  out|   11|   ap_memory|                              traceback_V_3|         array|
|traceback_V_3_ce0        |  out|    1|   ap_memory|                              traceback_V_3|         array|
|traceback_V_3_q0         |   in|    2|   ap_memory|                              traceback_V_3|         array|
|traceback_V_4_address0   |  out|   11|   ap_memory|                              traceback_V_4|         array|
|traceback_V_4_ce0        |  out|    1|   ap_memory|                              traceback_V_4|         array|
|traceback_V_4_q0         |   in|    2|   ap_memory|                              traceback_V_4|         array|
|traceback_V_5_address0   |  out|   11|   ap_memory|                              traceback_V_5|         array|
|traceback_V_5_ce0        |  out|    1|   ap_memory|                              traceback_V_5|         array|
|traceback_V_5_q0         |   in|    2|   ap_memory|                              traceback_V_5|         array|
|traceback_V_6_address0   |  out|   11|   ap_memory|                              traceback_V_6|         array|
|traceback_V_6_ce0        |  out|    1|   ap_memory|                              traceback_V_6|         array|
|traceback_V_6_q0         |   in|    2|   ap_memory|                              traceback_V_6|         array|
|traceback_V_7_address0   |  out|   11|   ap_memory|                              traceback_V_7|         array|
|traceback_V_7_ce0        |  out|    1|   ap_memory|                              traceback_V_7|         array|
|traceback_V_7_q0         |   in|    2|   ap_memory|                              traceback_V_7|         array|
|traceback_V_8_address0   |  out|   11|   ap_memory|                              traceback_V_8|         array|
|traceback_V_8_ce0        |  out|    1|   ap_memory|                              traceback_V_8|         array|
|traceback_V_8_q0         |   in|    2|   ap_memory|                              traceback_V_8|         array|
|traceback_V_9_address0   |  out|   11|   ap_memory|                              traceback_V_9|         array|
|traceback_V_9_ce0        |  out|    1|   ap_memory|                              traceback_V_9|         array|
|traceback_V_9_q0         |   in|    2|   ap_memory|                              traceback_V_9|         array|
|traceback_V_10_address0  |  out|   11|   ap_memory|                             traceback_V_10|         array|
|traceback_V_10_ce0       |  out|    1|   ap_memory|                             traceback_V_10|         array|
|traceback_V_10_q0        |   in|    2|   ap_memory|                             traceback_V_10|         array|
|traceback_V_11_address0  |  out|   11|   ap_memory|                             traceback_V_11|         array|
|traceback_V_11_ce0       |  out|    1|   ap_memory|                             traceback_V_11|         array|
|traceback_V_11_q0        |   in|    2|   ap_memory|                             traceback_V_11|         array|
|traceback_V_12_address0  |  out|   11|   ap_memory|                             traceback_V_12|         array|
|traceback_V_12_ce0       |  out|    1|   ap_memory|                             traceback_V_12|         array|
|traceback_V_12_q0        |   in|    2|   ap_memory|                             traceback_V_12|         array|
|traceback_V_13_address0  |  out|   11|   ap_memory|                             traceback_V_13|         array|
|traceback_V_13_ce0       |  out|    1|   ap_memory|                             traceback_V_13|         array|
|traceback_V_13_q0        |   in|    2|   ap_memory|                             traceback_V_13|         array|
|traceback_V_14_address0  |  out|   11|   ap_memory|                             traceback_V_14|         array|
|traceback_V_14_ce0       |  out|    1|   ap_memory|                             traceback_V_14|         array|
|traceback_V_14_q0        |   in|    2|   ap_memory|                             traceback_V_14|         array|
|traceback_V_15_address0  |  out|   11|   ap_memory|                             traceback_V_15|         array|
|traceback_V_15_ce0       |  out|    1|   ap_memory|                             traceback_V_15|         array|
|traceback_V_15_q0        |   in|    2|   ap_memory|                             traceback_V_15|         array|
|traceback_V_16_address0  |  out|   11|   ap_memory|                             traceback_V_16|         array|
|traceback_V_16_ce0       |  out|    1|   ap_memory|                             traceback_V_16|         array|
|traceback_V_16_q0        |   in|    2|   ap_memory|                             traceback_V_16|         array|
|traceback_V_17_address0  |  out|   11|   ap_memory|                             traceback_V_17|         array|
|traceback_V_17_ce0       |  out|    1|   ap_memory|                             traceback_V_17|         array|
|traceback_V_17_q0        |   in|    2|   ap_memory|                             traceback_V_17|         array|
|traceback_V_18_address0  |  out|   11|   ap_memory|                             traceback_V_18|         array|
|traceback_V_18_ce0       |  out|    1|   ap_memory|                             traceback_V_18|         array|
|traceback_V_18_q0        |   in|    2|   ap_memory|                             traceback_V_18|         array|
|traceback_V_19_address0  |  out|   11|   ap_memory|                             traceback_V_19|         array|
|traceback_V_19_ce0       |  out|    1|   ap_memory|                             traceback_V_19|         array|
|traceback_V_19_q0        |   in|    2|   ap_memory|                             traceback_V_19|         array|
|traceback_V_20_address0  |  out|   11|   ap_memory|                             traceback_V_20|         array|
|traceback_V_20_ce0       |  out|    1|   ap_memory|                             traceback_V_20|         array|
|traceback_V_20_q0        |   in|    2|   ap_memory|                             traceback_V_20|         array|
|traceback_V_21_address0  |  out|   11|   ap_memory|                             traceback_V_21|         array|
|traceback_V_21_ce0       |  out|    1|   ap_memory|                             traceback_V_21|         array|
|traceback_V_21_q0        |   in|    2|   ap_memory|                             traceback_V_21|         array|
|traceback_V_22_address0  |  out|   11|   ap_memory|                             traceback_V_22|         array|
|traceback_V_22_ce0       |  out|    1|   ap_memory|                             traceback_V_22|         array|
|traceback_V_22_q0        |   in|    2|   ap_memory|                             traceback_V_22|         array|
|traceback_V_23_address0  |  out|   11|   ap_memory|                             traceback_V_23|         array|
|traceback_V_23_ce0       |  out|    1|   ap_memory|                             traceback_V_23|         array|
|traceback_V_23_q0        |   in|    2|   ap_memory|                             traceback_V_23|         array|
|traceback_V_24_address0  |  out|   11|   ap_memory|                             traceback_V_24|         array|
|traceback_V_24_ce0       |  out|    1|   ap_memory|                             traceback_V_24|         array|
|traceback_V_24_q0        |   in|    2|   ap_memory|                             traceback_V_24|         array|
|traceback_V_25_address0  |  out|   11|   ap_memory|                             traceback_V_25|         array|
|traceback_V_25_ce0       |  out|    1|   ap_memory|                             traceback_V_25|         array|
|traceback_V_25_q0        |   in|    2|   ap_memory|                             traceback_V_25|         array|
|traceback_V_26_address0  |  out|   11|   ap_memory|                             traceback_V_26|         array|
|traceback_V_26_ce0       |  out|    1|   ap_memory|                             traceback_V_26|         array|
|traceback_V_26_q0        |   in|    2|   ap_memory|                             traceback_V_26|         array|
|traceback_V_27_address0  |  out|   11|   ap_memory|                             traceback_V_27|         array|
|traceback_V_27_ce0       |  out|    1|   ap_memory|                             traceback_V_27|         array|
|traceback_V_27_q0        |   in|    2|   ap_memory|                             traceback_V_27|         array|
|traceback_V_28_address0  |  out|   11|   ap_memory|                             traceback_V_28|         array|
|traceback_V_28_ce0       |  out|    1|   ap_memory|                             traceback_V_28|         array|
|traceback_V_28_q0        |   in|    2|   ap_memory|                             traceback_V_28|         array|
|traceback_V_29_address0  |  out|   11|   ap_memory|                             traceback_V_29|         array|
|traceback_V_29_ce0       |  out|    1|   ap_memory|                             traceback_V_29|         array|
|traceback_V_29_q0        |   in|    2|   ap_memory|                             traceback_V_29|         array|
|traceback_V_30_address0  |  out|   11|   ap_memory|                             traceback_V_30|         array|
|traceback_V_30_ce0       |  out|    1|   ap_memory|                             traceback_V_30|         array|
|traceback_V_30_q0        |   in|    2|   ap_memory|                             traceback_V_30|         array|
|traceback_V_31_address0  |  out|   11|   ap_memory|                             traceback_V_31|         array|
|traceback_V_31_ce0       |  out|    1|   ap_memory|                             traceback_V_31|         array|
|traceback_V_31_q0        |   in|    2|   ap_memory|                             traceback_V_31|         array|
+-------------------------+-----+-----+------------+-------------------------------------------+--------------+

