

================================================================
== Vitis HLS Report for 'seq_align_global'
================================================================
* Date:           Tue Aug  8 00:17:08 2023

* Version:        2022.1 (Build 3526262 on Mon Apr 18 15:47:01 MDT 2022)
* Project:        local_seq_multiple_align_sa
* Solution:       solution1 (Vitis Kernel Flow Target)
* Product family: zynquplus
* Target device:  xczu7ev-ffvc1156-2-i


================================================================
== Performance Estimates
================================================================
+ Timing: 
    * Summary: 
    +--------+---------+----------+------------+
    |  Clock |  Target | Estimated| Uncertainty|
    +--------+---------+----------+------------+
    |ap_clk  |  4.00 ns|  5.248 ns|     1.08 ns|
    +--------+---------+----------+------------+

+ Latency: 
    * Summary: 
    +---------+---------+----------+----------+-----+-----+---------+
    |  Latency (cycles) |  Latency (absolute) |  Interval | Pipeline|
    |   min   |   max   |    min   |    max   | min | max |   Type  |
    +---------+---------+----------+----------+-----+-----+---------+
    |        ?|        ?|         ?|         ?|    ?|    ?|       no|
    +---------+---------+----------+----------+-----+-----+---------+

    + Detail: 
        * Instance: 
        +-------------------------------------------------------------------------+-------------------------------------------------------------+---------+---------+----------+----------+-------+-------+---------+
        |                                                                         |                                                             |  Latency (cycles) |  Latency (absolute) |    Interval   | Pipeline|
        |                                 Instance                                |                            Module                           |   min   |   max   |    min   |    max   |  min  |  max  |   Type  |
        +-------------------------------------------------------------------------+-------------------------------------------------------------+---------+---------+----------+----------+-------+-------+---------+
        |grp_seq_align_global_Pipeline_local_dpmem_loop_VITIS_LOOP_767_1_fu_1043  |seq_align_global_Pipeline_local_dpmem_loop_VITIS_LOOP_767_1  |       98|       98|  0.392 us|  0.392 us|     98|     98|       no|
        |grp_seq_align_global_Pipeline_VITIS_LOOP_773_2_fu_1110                   |seq_align_global_Pipeline_VITIS_LOOP_773_2                   |      258|      258|  1.032 us|  1.032 us|    258|    258|       no|
        |grp_seq_align_global_Pipeline_VITIS_LOOP_786_4_VITIS_LOOP_788_5_fu_1116  |seq_align_global_Pipeline_VITIS_LOOP_786_4_VITIS_LOOP_788_5  |    65538|    65538|  0.262 ms|  0.262 ms|  65538|  65538|       no|
        |grp_seq_align_global_Pipeline_VITIS_LOOP_795_6_fu_1184                   |seq_align_global_Pipeline_VITIS_LOOP_795_6                   |      258|      258|  1.032 us|  1.032 us|    258|    258|       no|
        |grp_seq_align_global_Pipeline_VITIS_LOOP_828_9_fu_1222                   |seq_align_global_Pipeline_VITIS_LOOP_828_9                   |       34|       34|  0.136 us|  0.136 us|     34|     34|       no|
        |grp_seq_align_global_Pipeline_traceback_logic_fu_1291                    |seq_align_global_Pipeline_traceback_logic                    |        ?|        ?|         ?|         ?|      ?|      ?|       no|
        |grp_seq_align_global_Pipeline_kernel1_fu_1327                            |seq_align_global_Pipeline_kernel1                            |      295|      295|  1.548 us|  1.548 us|    295|    295|       no|
        +-------------------------------------------------------------------------+-------------------------------------------------------------+---------+---------+----------+----------+-------+-------+---------+

        * Loop: 
        +----------+---------+---------+----------+-----------+-----------+------+----------+
        |          |  Latency (cycles) | Iteration|  Initiation Interval  | Trip |          |
        | Loop Name|   min   |   max   |  Latency |  achieved |   target  | Count| Pipelined|
        +----------+---------+---------+----------+-----------+-----------+------+----------+
        |- kernel  |     2672|     2672|       334|          -|          -|     8|        no|
        +----------+---------+---------+----------+-----------+-----------+------+----------+



================================================================
== Utilization Estimates
================================================================
* Summary: 
+-----------------+---------+------+--------+--------+-----+
|       Name      | BRAM_18K|  DSP |   FF   |   LUT  | URAM|
+-----------------+---------+------+--------+--------+-----+
|DSP              |        -|     -|       -|       -|    -|
|Expression       |        -|     -|       0|    2124|    -|
|FIFO             |        -|     -|       -|       -|    -|
|Instance         |        -|     -|   12394|   36534|    -|
|Memory           |       33|     -|     256|      32|    0|
|Multiplexer      |        -|     -|       -|    4132|    -|
|Register         |        -|     -|    3120|       -|    -|
+-----------------+---------+------+--------+--------+-----+
|Total            |       33|     0|   15770|   42822|    0|
+-----------------+---------+------+--------+--------+-----+
|Available        |      624|  1728|  460800|  230400|   96|
+-----------------+---------+------+--------+--------+-----+
|Utilization (%)  |        5|     0|       3|      18|    0|
+-----------------+---------+------+--------+--------+-----+

+ Detail: 
    * Instance: 
    +-------------------------------------------------------------------------+-------------------------------------------------------------+---------+----+-------+-------+-----+
    |                                 Instance                                |                            Module                           | BRAM_18K| DSP|   FF  |  LUT  | URAM|
    +-------------------------------------------------------------------------+-------------------------------------------------------------+---------+----+-------+-------+-----+
    |grp_seq_align_global_Pipeline_VITIS_LOOP_773_2_fu_1110                   |seq_align_global_Pipeline_VITIS_LOOP_773_2                   |        0|   0|     11|     88|    0|
    |grp_seq_align_global_Pipeline_VITIS_LOOP_786_4_VITIS_LOOP_788_5_fu_1116  |seq_align_global_Pipeline_VITIS_LOOP_786_4_VITIS_LOOP_788_5  |        0|   0|     55|    172|    0|
    |grp_seq_align_global_Pipeline_VITIS_LOOP_795_6_fu_1184                   |seq_align_global_Pipeline_VITIS_LOOP_795_6                   |        0|   0|     11|     67|    0|
    |grp_seq_align_global_Pipeline_VITIS_LOOP_828_9_fu_1222                   |seq_align_global_Pipeline_VITIS_LOOP_828_9                   |        0|   0|    265|    344|    0|
    |grp_seq_align_global_Pipeline_kernel1_fu_1327                            |seq_align_global_Pipeline_kernel1                            |        0|   0|  11898|  35324|    0|
    |grp_seq_align_global_Pipeline_local_dpmem_loop_VITIS_LOOP_767_1_fu_1043  |seq_align_global_Pipeline_local_dpmem_loop_VITIS_LOOP_767_1  |        0|   0|     17|    127|    0|
    |grp_seq_align_global_Pipeline_traceback_logic_fu_1291                    |seq_align_global_Pipeline_traceback_logic                    |        0|   0|    137|    412|    0|
    +-------------------------------------------------------------------------+-------------------------------------------------------------+---------+----+-------+-------+-----+
    |Total                                                                    |                                                             |        0|   0|  12394|  36534|    0|
    +-------------------------------------------------------------------------+-------------------------------------------------------------+---------+----+-------+-------+-----+

    * DSP: 
    N/A

    * Memory: 
    +----------------------+-----------------------------------------------------+---------+---+----+-----+------+-----+------+-------------+
    |        Memory        |                        Module                       | BRAM_18K| FF| LUT| URAM| Words| Bits| Banks| W*Bits*Banks|
    +----------------------+-----------------------------------------------------+---------+---+----+-----+------+-----+------+-------------+
    |last_pe_score_U       |seq_align_global_last_pe_score_RAM_AUTO_1R1W         |        1|  0|   0|    0|   256|   32|     1|         8192|
    |local_reference_U     |seq_align_global_local_reference_RAM_1WNR_AUTO_1R1W  |        0|  8|   1|    0|     8|    8|     1|           64|
    |local_reference_1_U   |seq_align_global_local_reference_RAM_1WNR_AUTO_1R1W  |        0|  8|   1|    0|     8|    8|     1|           64|
    |local_reference_2_U   |seq_align_global_local_reference_RAM_1WNR_AUTO_1R1W  |        0|  8|   1|    0|     8|    8|     1|           64|
    |local_reference_3_U   |seq_align_global_local_reference_RAM_1WNR_AUTO_1R1W  |        0|  8|   1|    0|     8|    8|     1|           64|
    |local_reference_4_U   |seq_align_global_local_reference_RAM_1WNR_AUTO_1R1W  |        0|  8|   1|    0|     8|    8|     1|           64|
    |local_reference_5_U   |seq_align_global_local_reference_RAM_1WNR_AUTO_1R1W  |        0|  8|   1|    0|     8|    8|     1|           64|
    |local_reference_6_U   |seq_align_global_local_reference_RAM_1WNR_AUTO_1R1W  |        0|  8|   1|    0|     8|    8|     1|           64|
    |local_reference_7_U   |seq_align_global_local_reference_RAM_1WNR_AUTO_1R1W  |        0|  8|   1|    0|     8|    8|     1|           64|
    |local_reference_8_U   |seq_align_global_local_reference_RAM_1WNR_AUTO_1R1W  |        0|  8|   1|    0|     8|    8|     1|           64|
    |local_reference_9_U   |seq_align_global_local_reference_RAM_1WNR_AUTO_1R1W  |        0|  8|   1|    0|     8|    8|     1|           64|
    |local_reference_10_U  |seq_align_global_local_reference_RAM_1WNR_AUTO_1R1W  |        0|  8|   1|    0|     8|    8|     1|           64|
    |local_reference_11_U  |seq_align_global_local_reference_RAM_1WNR_AUTO_1R1W  |        0|  8|   1|    0|     8|    8|     1|           64|
    |local_reference_12_U  |seq_align_global_local_reference_RAM_1WNR_AUTO_1R1W  |        0|  8|   1|    0|     8|    8|     1|           64|
    |local_reference_13_U  |seq_align_global_local_reference_RAM_1WNR_AUTO_1R1W  |        0|  8|   1|    0|     8|    8|     1|           64|
    |local_reference_14_U  |seq_align_global_local_reference_RAM_1WNR_AUTO_1R1W  |        0|  8|   1|    0|     8|    8|     1|           64|
    |local_reference_15_U  |seq_align_global_local_reference_RAM_1WNR_AUTO_1R1W  |        0|  8|   1|    0|     8|    8|     1|           64|
    |local_reference_16_U  |seq_align_global_local_reference_RAM_1WNR_AUTO_1R1W  |        0|  8|   1|    0|     8|    8|     1|           64|
    |local_reference_17_U  |seq_align_global_local_reference_RAM_1WNR_AUTO_1R1W  |        0|  8|   1|    0|     8|    8|     1|           64|
    |local_reference_18_U  |seq_align_global_local_reference_RAM_1WNR_AUTO_1R1W  |        0|  8|   1|    0|     8|    8|     1|           64|
    |local_reference_19_U  |seq_align_global_local_reference_RAM_1WNR_AUTO_1R1W  |        0|  8|   1|    0|     8|    8|     1|           64|
    |local_reference_20_U  |seq_align_global_local_reference_RAM_1WNR_AUTO_1R1W  |        0|  8|   1|    0|     8|    8|     1|           64|
    |local_reference_21_U  |seq_align_global_local_reference_RAM_1WNR_AUTO_1R1W  |        0|  8|   1|    0|     8|    8|     1|           64|
    |local_reference_22_U  |seq_align_global_local_reference_RAM_1WNR_AUTO_1R1W  |        0|  8|   1|    0|     8|    8|     1|           64|
    |local_reference_23_U  |seq_align_global_local_reference_RAM_1WNR_AUTO_1R1W  |        0|  8|   1|    0|     8|    8|     1|           64|
    |local_reference_24_U  |seq_align_global_local_reference_RAM_1WNR_AUTO_1R1W  |        0|  8|   1|    0|     8|    8|     1|           64|
    |local_reference_25_U  |seq_align_global_local_reference_RAM_1WNR_AUTO_1R1W  |        0|  8|   1|    0|     8|    8|     1|           64|
    |local_reference_26_U  |seq_align_global_local_reference_RAM_1WNR_AUTO_1R1W  |        0|  8|   1|    0|     8|    8|     1|           64|
    |local_reference_27_U  |seq_align_global_local_reference_RAM_1WNR_AUTO_1R1W  |        0|  8|   1|    0|     8|    8|     1|           64|
    |local_reference_28_U  |seq_align_global_local_reference_RAM_1WNR_AUTO_1R1W  |        0|  8|   1|    0|     8|    8|     1|           64|
    |local_reference_29_U  |seq_align_global_local_reference_RAM_1WNR_AUTO_1R1W  |        0|  8|   1|    0|     8|    8|     1|           64|
    |local_reference_30_U  |seq_align_global_local_reference_RAM_1WNR_AUTO_1R1W  |        0|  8|   1|    0|     8|    8|     1|           64|
    |local_reference_31_U  |seq_align_global_local_reference_RAM_1WNR_AUTO_1R1W  |        0|  8|   1|    0|     8|    8|     1|           64|
    |traceback_V_1_U       |seq_align_global_traceback_V_1_RAM_AUTO_1R1W         |        1|  0|   0|    0|  2048|    2|     1|         4096|
    |traceback_V_2_U       |seq_align_global_traceback_V_1_RAM_AUTO_1R1W         |        1|  0|   0|    0|  2048|    2|     1|         4096|
    |traceback_V_3_U       |seq_align_global_traceback_V_1_RAM_AUTO_1R1W         |        1|  0|   0|    0|  2048|    2|     1|         4096|
    |traceback_V_4_U       |seq_align_global_traceback_V_1_RAM_AUTO_1R1W         |        1|  0|   0|    0|  2048|    2|     1|         4096|
    |traceback_V_5_U       |seq_align_global_traceback_V_1_RAM_AUTO_1R1W         |        1|  0|   0|    0|  2048|    2|     1|         4096|
    |traceback_V_6_U       |seq_align_global_traceback_V_1_RAM_AUTO_1R1W         |        1|  0|   0|    0|  2048|    2|     1|         4096|
    |traceback_V_7_U       |seq_align_global_traceback_V_1_RAM_AUTO_1R1W         |        1|  0|   0|    0|  2048|    2|     1|         4096|
    |traceback_V_8_U       |seq_align_global_traceback_V_1_RAM_AUTO_1R1W         |        1|  0|   0|    0|  2048|    2|     1|         4096|
    |traceback_V_9_U       |seq_align_global_traceback_V_1_RAM_AUTO_1R1W         |        1|  0|   0|    0|  2048|    2|     1|         4096|
    |traceback_V_10_U      |seq_align_global_traceback_V_1_RAM_AUTO_1R1W         |        1|  0|   0|    0|  2048|    2|     1|         4096|
    |traceback_V_11_U      |seq_align_global_traceback_V_1_RAM_AUTO_1R1W         |        1|  0|   0|    0|  2048|    2|     1|         4096|
    |traceback_V_12_U      |seq_align_global_traceback_V_1_RAM_AUTO_1R1W         |        1|  0|   0|    0|  2048|    2|     1|         4096|
    |traceback_V_13_U      |seq_align_global_traceback_V_1_RAM_AUTO_1R1W         |        1|  0|   0|    0|  2048|    2|     1|         4096|
    |traceback_V_14_U      |seq_align_global_traceback_V_1_RAM_AUTO_1R1W         |        1|  0|   0|    0|  2048|    2|     1|         4096|
    |traceback_V_15_U      |seq_align_global_traceback_V_1_RAM_AUTO_1R1W         |        1|  0|   0|    0|  2048|    2|     1|         4096|
    |traceback_V_16_U      |seq_align_global_traceback_V_1_RAM_AUTO_1R1W         |        1|  0|   0|    0|  2048|    2|     1|         4096|
    |traceback_V_17_U      |seq_align_global_traceback_V_1_RAM_AUTO_1R1W         |        1|  0|   0|    0|  2048|    2|     1|         4096|
    |traceback_V_18_U      |seq_align_global_traceback_V_1_RAM_AUTO_1R1W         |        1|  0|   0|    0|  2048|    2|     1|         4096|
    |traceback_V_19_U      |seq_align_global_traceback_V_1_RAM_AUTO_1R1W         |        1|  0|   0|    0|  2048|    2|     1|         4096|
    |traceback_V_20_U      |seq_align_global_traceback_V_1_RAM_AUTO_1R1W         |        1|  0|   0|    0|  2048|    2|     1|         4096|
    |traceback_V_21_U      |seq_align_global_traceback_V_1_RAM_AUTO_1R1W         |        1|  0|   0|    0|  2048|    2|     1|         4096|
    |traceback_V_22_U      |seq_align_global_traceback_V_1_RAM_AUTO_1R1W         |        1|  0|   0|    0|  2048|    2|     1|         4096|
    |traceback_V_23_U      |seq_align_global_traceback_V_1_RAM_AUTO_1R1W         |        1|  0|   0|    0|  2048|    2|     1|         4096|
    |traceback_V_24_U      |seq_align_global_traceback_V_1_RAM_AUTO_1R1W         |        1|  0|   0|    0|  2048|    2|     1|         4096|
    |traceback_V_25_U      |seq_align_global_traceback_V_1_RAM_AUTO_1R1W         |        1|  0|   0|    0|  2048|    2|     1|         4096|
    |traceback_V_26_U      |seq_align_global_traceback_V_1_RAM_AUTO_1R1W         |        1|  0|   0|    0|  2048|    2|     1|         4096|
    |traceback_V_27_U      |seq_align_global_traceback_V_1_RAM_AUTO_1R1W         |        1|  0|   0|    0|  2048|    2|     1|         4096|
    |traceback_V_28_U      |seq_align_global_traceback_V_1_RAM_AUTO_1R1W         |        1|  0|   0|    0|  2048|    2|     1|         4096|
    |traceback_V_29_U      |seq_align_global_traceback_V_1_RAM_AUTO_1R1W         |        1|  0|   0|    0|  2048|    2|     1|         4096|
    |traceback_V_30_U      |seq_align_global_traceback_V_1_RAM_AUTO_1R1W         |        1|  0|   0|    0|  2048|    2|     1|         4096|
    |traceback_V_31_U      |seq_align_global_traceback_V_1_RAM_AUTO_1R1W         |        1|  0|   0|    0|  2048|    2|     1|         4096|
    |traceback_V_U         |seq_align_global_traceback_V_RAM_AUTO_1R1W           |        1|  0|   0|    0|  2048|    2|     1|         4096|
    +----------------------+-----------------------------------------------------+---------+---+----+-----+------+-----+------+-------------+
    |Total                 |                                                     |       33|256|  32|    0| 66048|  352|    65|       141312|
    +----------------------+-----------------------------------------------------+---------+---+----+-----+------+-----+------+-------------+

    * FIFO: 
    N/A

    * Expression: 
    +------------------------------------+----------+----+---+----+------------+------------+
    |            Variable Name           | Operation| DSP| FF| LUT| Bitwidth P0| Bitwidth P1|
    +------------------------------------+----------+----+---+----+------------+------------+
    |a1_10_fu_2275_p2                    |         +|   0|  0|  18|          11|           6|
    |a1_12_fu_2281_p2                    |         +|   0|  0|  18|          11|           6|
    |a1_14_fu_2287_p2                    |         +|   0|  0|  18|          11|           6|
    |a1_16_fu_2293_p2                    |         +|   0|  0|  18|          11|           6|
    |a1_18_fu_2299_p2                    |         +|   0|  0|  18|          11|           7|
    |a1_1_fu_2245_p2                     |         +|   0|  0|  18|          11|           4|
    |a1_20_fu_2305_p2                    |         +|   0|  0|  18|          11|           7|
    |a1_22_fu_2311_p2                    |         +|   0|  0|  18|          11|           7|
    |a1_24_fu_2317_p2                    |         +|   0|  0|  18|          11|           7|
    |a1_26_fu_2323_p2                    |         +|   0|  0|  18|          11|           7|
    |a1_28_fu_2329_p2                    |         +|   0|  0|  18|          11|           7|
    |a1_2_fu_2251_p2                     |         +|   0|  0|  18|          11|           5|
    |a1_30_fu_2335_p2                    |         +|   0|  0|  18|          11|           7|
    |a1_32_fu_2341_p2                    |         +|   0|  0|  18|          11|           7|
    |a1_34_fu_2347_p2                    |         +|   0|  0|  18|          11|           7|
    |a1_36_fu_2353_p2                    |         +|   0|  0|  18|          11|           7|
    |a1_38_fu_2359_p2                    |         +|   0|  0|  18|          11|           8|
    |a1_40_fu_2365_p2                    |         +|   0|  0|  18|          11|           8|
    |a1_42_fu_2371_p2                    |         +|   0|  0|  18|          11|           8|
    |a1_44_fu_2377_p2                    |         +|   0|  0|  18|          11|           8|
    |a1_46_fu_2383_p2                    |         +|   0|  0|  18|          11|           8|
    |a1_48_fu_2389_p2                    |         +|   0|  0|  18|          11|           8|
    |a1_4_fu_2257_p2                     |         +|   0|  0|  18|          11|           5|
    |a1_50_fu_2395_p2                    |         +|   0|  0|  18|          11|           8|
    |a1_52_fu_2401_p2                    |         +|   0|  0|  18|          11|           8|
    |a1_54_fu_2407_p2                    |         +|   0|  0|  18|          11|           8|
    |a1_56_fu_2413_p2                    |         +|   0|  0|  18|          11|           8|
    |a1_58_fu_2419_p2                    |         +|   0|  0|  18|          11|           8|
    |a1_60_fu_2425_p2                    |         +|   0|  0|  18|          11|           8|
    |a1_6_fu_2263_p2                     |         +|   0|  0|  18|          11|           6|
    |a1_8_fu_2269_p2                     |         +|   0|  0|  18|          11|           6|
    |add_ln807_fu_1617_p2                |         +|   0|  0|  12|           4|           1|
    |fix_1_fu_1912_p2                    |         +|   0|  0|  16|           9|           6|
    |match_11_fu_2552_p2                 |         +|   0|  0|  18|          11|          11|
    |match_13_fu_2571_p2                 |         +|   0|  0|  18|          11|          11|
    |match_15_fu_2590_p2                 |         +|   0|  0|  18|          11|          11|
    |match_17_fu_2609_p2                 |         +|   0|  0|  18|          11|          11|
    |match_19_fu_2628_p2                 |         +|   0|  0|  18|          11|          11|
    |match_1_fu_2457_p2                  |         +|   0|  0|  18|          11|          11|
    |match_21_fu_2647_p2                 |         +|   0|  0|  18|          11|          11|
    |match_23_fu_2666_p2                 |         +|   0|  0|  18|          11|          11|
    |match_25_fu_2685_p2                 |         +|   0|  0|  18|          11|          11|
    |match_27_fu_2704_p2                 |         +|   0|  0|  18|          11|          11|
    |match_29_fu_2723_p2                 |         +|   0|  0|  18|          11|          11|
    |match_31_fu_2742_p2                 |         +|   0|  0|  18|          11|          11|
    |match_33_fu_2761_p2                 |         +|   0|  0|  18|          11|          11|
    |match_35_fu_2780_p2                 |         +|   0|  0|  18|          11|          11|
    |match_37_fu_2799_p2                 |         +|   0|  0|  18|          11|          11|
    |match_39_fu_2818_p2                 |         +|   0|  0|  18|          11|          11|
    |match_3_fu_2476_p2                  |         +|   0|  0|  18|          11|          11|
    |match_41_fu_2837_p2                 |         +|   0|  0|  18|          11|          11|
    |match_43_fu_2856_p2                 |         +|   0|  0|  18|          11|          11|
    |match_45_fu_2875_p2                 |         +|   0|  0|  18|          11|          11|
    |match_47_fu_2894_p2                 |         +|   0|  0|  18|          11|          11|
    |match_49_fu_2913_p2                 |         +|   0|  0|  18|          11|          11|
    |match_51_fu_2932_p2                 |         +|   0|  0|  18|          11|          11|
    |match_53_fu_2951_p2                 |         +|   0|  0|  18|          11|          11|
    |match_55_fu_2970_p2                 |         +|   0|  0|  18|          11|          11|
    |match_57_fu_2989_p2                 |         +|   0|  0|  18|          11|          11|
    |match_59_fu_3008_p2                 |         +|   0|  0|  18|          11|          11|
    |match_5_fu_2495_p2                  |         +|   0|  0|  18|          11|          11|
    |match_61_fu_3021_p2                 |         +|   0|  0|  18|          11|          11|
    |match_7_fu_2514_p2                  |         +|   0|  0|  18|          11|          11|
    |match_9_fu_2533_p2                  |         +|   0|  0|  18|          11|          11|
    |diag_prev_assign_fu_1878_p2         |         -|   0|  0|  18|          11|          11|
    |mul148_fu_1900_p2                   |         -|   0|  0|  19|          12|          12|
    |sub_ln802_fu_1906_p2                |         -|   0|  0|  18|          11|          11|
    |cmp4_i45_10_fu_1963_p2              |      icmp|   0|  0|  11|           8|           8|
    |cmp4_i45_11_fu_1968_p2              |      icmp|   0|  0|  11|           8|           8|
    |cmp4_i45_12_fu_1973_p2              |      icmp|   0|  0|  11|           8|           8|
    |cmp4_i45_13_fu_1978_p2              |      icmp|   0|  0|  11|           8|           8|
    |cmp4_i45_14_fu_1983_p2              |      icmp|   0|  0|  11|           8|           8|
    |cmp4_i45_15_fu_1988_p2              |      icmp|   0|  0|  11|           8|           8|
    |cmp4_i45_16_fu_1993_p2              |      icmp|   0|  0|  11|           8|           8|
    |cmp4_i45_17_fu_1998_p2              |      icmp|   0|  0|  11|           8|           8|
    |cmp4_i45_18_fu_2003_p2              |      icmp|   0|  0|  11|           8|           8|
    |cmp4_i45_19_fu_2008_p2              |      icmp|   0|  0|  11|           8|           8|
    |cmp4_i45_1_fu_1918_p2               |      icmp|   0|  0|  11|           8|           8|
    |cmp4_i45_20_fu_2013_p2              |      icmp|   0|  0|  11|           8|           8|
    |cmp4_i45_21_fu_2018_p2              |      icmp|   0|  0|  11|           8|           8|
    |cmp4_i45_22_fu_2023_p2              |      icmp|   0|  0|  11|           8|           8|
    |cmp4_i45_23_fu_2028_p2              |      icmp|   0|  0|  11|           8|           8|
    |cmp4_i45_24_fu_2033_p2              |      icmp|   0|  0|  11|           8|           8|
    |cmp4_i45_25_fu_2038_p2              |      icmp|   0|  0|  11|           8|           8|
    |cmp4_i45_26_fu_2043_p2              |      icmp|   0|  0|  11|           8|           8|
    |cmp4_i45_27_fu_2048_p2              |      icmp|   0|  0|  11|           8|           8|
    |cmp4_i45_28_fu_2053_p2              |      icmp|   0|  0|  11|           8|           8|
    |cmp4_i45_29_fu_2058_p2              |      icmp|   0|  0|  11|           8|           8|
    |cmp4_i45_2_fu_1923_p2               |      icmp|   0|  0|  11|           8|           8|
    |cmp4_i45_30_fu_2063_p2              |      icmp|   0|  0|  11|           8|           8|
    |cmp4_i45_31_fu_2068_p2              |      icmp|   0|  0|  11|           8|           8|
    |cmp4_i45_3_fu_1928_p2               |      icmp|   0|  0|  11|           8|           8|
    |cmp4_i45_4_fu_1933_p2               |      icmp|   0|  0|  11|           8|           8|
    |cmp4_i45_5_fu_1938_p2               |      icmp|   0|  0|  11|           8|           8|
    |cmp4_i45_6_fu_1943_p2               |      icmp|   0|  0|  11|           8|           8|
    |cmp4_i45_7_fu_1948_p2               |      icmp|   0|  0|  11|           8|           8|
    |cmp4_i45_8_fu_1953_p2               |      icmp|   0|  0|  11|           8|           8|
    |cmp4_i45_9_fu_1958_p2               |      icmp|   0|  0|  11|           8|           8|
    |cmp_i40_10_fu_2596_p2               |      icmp|   0|  0|  11|           8|           1|
    |cmp_i40_11_fu_2615_p2               |      icmp|   0|  0|  11|           8|           1|
    |cmp_i40_12_fu_2634_p2               |      icmp|   0|  0|  11|           8|           1|
    |cmp_i40_13_fu_2653_p2               |      icmp|   0|  0|  11|           8|           1|
    |cmp_i40_14_fu_2672_p2               |      icmp|   0|  0|  11|           8|           1|
    |cmp_i40_15_fu_2691_p2               |      icmp|   0|  0|  11|           8|           1|
    |cmp_i40_16_fu_2710_p2               |      icmp|   0|  0|  11|           8|           1|
    |cmp_i40_17_fu_2729_p2               |      icmp|   0|  0|  11|           8|           1|
    |cmp_i40_18_fu_2748_p2               |      icmp|   0|  0|  11|           8|           1|
    |cmp_i40_19_fu_2767_p2               |      icmp|   0|  0|  11|           8|           1|
    |cmp_i40_1_fu_2438_p2                |      icmp|   0|  0|  11|           8|           1|
    |cmp_i40_20_fu_2786_p2               |      icmp|   0|  0|  11|           8|           1|
    |cmp_i40_21_fu_2805_p2               |      icmp|   0|  0|  11|           8|           1|
    |cmp_i40_22_fu_2824_p2               |      icmp|   0|  0|  11|           8|           1|
    |cmp_i40_23_fu_2843_p2               |      icmp|   0|  0|  11|           8|           1|
    |cmp_i40_24_fu_2862_p2               |      icmp|   0|  0|  11|           8|           1|
    |cmp_i40_25_fu_2881_p2               |      icmp|   0|  0|  11|           8|           1|
    |cmp_i40_26_fu_2900_p2               |      icmp|   0|  0|  11|           8|           1|
    |cmp_i40_27_fu_2919_p2               |      icmp|   0|  0|  11|           8|           1|
    |cmp_i40_28_fu_2938_p2               |      icmp|   0|  0|  11|           8|           1|
    |cmp_i40_29_fu_2957_p2               |      icmp|   0|  0|  11|           8|           1|
    |cmp_i40_2_fu_2444_p2                |      icmp|   0|  0|  11|           8|           1|
    |cmp_i40_30_fu_2976_p2               |      icmp|   0|  0|  11|           8|           1|
    |cmp_i40_3_fu_2463_p2                |      icmp|   0|  0|  11|           8|           1|
    |cmp_i40_4_fu_2482_p2                |      icmp|   0|  0|  11|           8|           1|
    |cmp_i40_5_fu_2501_p2                |      icmp|   0|  0|  11|           8|           1|
    |cmp_i40_6_fu_2520_p2                |      icmp|   0|  0|  11|           8|           1|
    |cmp_i40_7_fu_2539_p2                |      icmp|   0|  0|  11|           8|           1|
    |cmp_i40_8_fu_2558_p2                |      icmp|   0|  0|  11|           8|           1|
    |cmp_i40_9_fu_2577_p2                |      icmp|   0|  0|  11|           8|           1|
    |cmp_i91_fu_2431_p2                  |      icmp|   0|  0|  11|           8|           1|
    |cmp_i_31_fu_2995_p2                 |      icmp|   0|  0|  11|           8|           1|
    |icmp_ln807_fu_1611_p2               |      icmp|   0|  0|   9|           4|           5|
    |add1371_fu_1856_p2                  |        or|   0|  0|   8|           8|           1|
    |ap_block_state2_on_subcall_done     |        or|   0|  0|   2|           1|           1|
    |cond_i51_10_v_cast_cast_fu_2621_p3  |    select|   0|  0|   7|           1|           6|
    |cond_i51_11_v_cast_cast_fu_2640_p3  |    select|   0|  0|   7|           1|           6|
    |cond_i51_12_v_cast_cast_fu_2659_p3  |    select|   0|  0|   7|           1|           7|
    |cond_i51_13_v_cast_cast_fu_2678_p3  |    select|   0|  0|   7|           1|           7|
    |cond_i51_14_v_cast_cast_fu_2697_p3  |    select|   0|  0|   7|           1|           7|
    |cond_i51_15_v_cast_cast_fu_2716_p3  |    select|   0|  0|   7|           1|           7|
    |cond_i51_16_v_cast_cast_fu_2735_p3  |    select|   0|  0|   7|           1|           7|
    |cond_i51_17_v_cast_cast_fu_2754_p3  |    select|   0|  0|   7|           1|           7|
    |cond_i51_18_v_cast_cast_fu_2773_p3  |    select|   0|  0|   7|           1|           7|
    |cond_i51_19_v_cast_cast_fu_2792_p3  |    select|   0|  0|   7|           1|           7|
    |cond_i51_1_v_cast_cast_fu_2450_p3   |    select|   0|  0|   3|           1|           3|
    |cond_i51_20_v_cast_cast_fu_2811_p3  |    select|   0|  0|   7|           1|           7|
    |cond_i51_21_v_cast_cast_fu_2830_p3  |    select|   0|  0|   8|           1|           7|
    |cond_i51_22_v_cast_cast_fu_2849_p3  |    select|   0|  0|   8|           1|           7|
    |cond_i51_23_v_cast_cast_fu_2868_p3  |    select|   0|  0|   8|           1|           8|
    |cond_i51_24_v_cast_cast_fu_2887_p3  |    select|   0|  0|   8|           1|           8|
    |cond_i51_25_v_cast_cast_fu_2906_p3  |    select|   0|  0|   8|           1|           8|
    |cond_i51_26_v_cast_cast_fu_2925_p3  |    select|   0|  0|   8|           1|           8|
    |cond_i51_27_v_cast_cast_fu_2944_p3  |    select|   0|  0|   8|           1|           8|
    |cond_i51_28_v_cast_cast_fu_2963_p3  |    select|   0|  0|   8|           1|           8|
    |cond_i51_29_v_cast_cast_fu_2982_p3  |    select|   0|  0|   8|           1|           8|
    |cond_i51_2_v_cast_cast_fu_2469_p3   |    select|   0|  0|   5|           1|           3|
    |cond_i51_30_v_cast_cast_fu_3001_p3  |    select|   0|  0|   8|           1|           8|
    |cond_i51_31_v_cast_cast_fu_3014_p3  |    select|   0|  0|   8|           1|           8|
    |cond_i51_3_v_cast_cast_fu_2488_p3   |    select|   0|  0|   5|           1|           4|
    |cond_i51_4_v_cast_cast_fu_2507_p3   |    select|   0|  0|   5|           1|           5|
    |cond_i51_5_v_cast_cast_fu_2526_p3   |    select|   0|  0|   6|           1|           5|
    |cond_i51_6_v_cast_cast_fu_2545_p3   |    select|   0|  0|   6|           1|           5|
    |cond_i51_7_v_cast_cast_fu_2564_p3   |    select|   0|  0|   6|           1|           6|
    |cond_i51_8_v_cast_cast_fu_2583_p3   |    select|   0|  0|   6|           1|           6|
    |cond_i51_9_v_cast_cast_fu_2602_p3   |    select|   0|  0|   6|           1|           6|
    +------------------------------------+----------+----+---+----+------------+------------+
    |Total                               |          |   0|  0|2124|        1277|        1089|
    +------------------------------------+----------+----+---+----+------------+------------+

    * Multiplexer: 
    +--------------------------------+----+-----------+-----+-----------+
    |              Name              | LUT| Input Size| Bits| Total Bits|
    +--------------------------------+----+-----------+-----+-----------+
    |ap_NS_fsm                       |  65|         13|    1|         13|
    |cond125_10_lcssa365_fu_342      |   9|          2|   32|         64|
    |cond125_11_lcssa369_fu_350      |   9|          2|   32|         64|
    |cond125_12_lcssa373_fu_358      |   9|          2|   32|         64|
    |cond125_13_lcssa377_fu_366      |   9|          2|   32|         64|
    |cond125_14_lcssa381_fu_374      |   9|          2|   32|         64|
    |cond125_15_lcssa385_fu_382      |   9|          2|   32|         64|
    |cond125_16_lcssa389_fu_390      |   9|          2|   32|         64|
    |cond125_17_lcssa393_fu_398      |   9|          2|   32|         64|
    |cond125_18_lcssa397_fu_406      |   9|          2|   32|         64|
    |cond125_19_lcssa401_fu_414      |   9|          2|   32|         64|
    |cond125_1_lcssa329_fu_270       |   9|          2|   32|         64|
    |cond125_20_lcssa405_fu_422      |   9|          2|   32|         64|
    |cond125_21_lcssa409_fu_430      |   9|          2|   32|         64|
    |cond125_22_lcssa413_fu_438      |   9|          2|   32|         64|
    |cond125_23_lcssa417_fu_446      |   9|          2|   32|         64|
    |cond125_24_lcssa421_fu_454      |   9|          2|   32|         64|
    |cond125_25_lcssa425_fu_462      |   9|          2|   32|         64|
    |cond125_26_lcssa429_fu_470      |   9|          2|   32|         64|
    |cond125_27_lcssa433_fu_478      |   9|          2|   32|         64|
    |cond125_28_lcssa437_fu_486      |   9|          2|   32|         64|
    |cond125_29_lcssa441_fu_494      |   9|          2|   32|         64|
    |cond125_2_lcssa333_fu_278       |   9|          2|   32|         64|
    |cond125_30_lcssa445_fu_502      |   9|          2|   32|         64|
    |cond125_3_lcssa337_fu_286       |   9|          2|   32|         64|
    |cond125_4_lcssa341_fu_294       |   9|          2|   32|         64|
    |cond125_5_lcssa345_fu_302       |   9|          2|   32|         64|
    |cond125_6_lcssa349_fu_310       |   9|          2|   32|         64|
    |cond125_7_lcssa353_fu_318       |   9|          2|   32|         64|
    |cond125_8_lcssa357_fu_326       |   9|          2|   32|         64|
    |cond125_9_lcssa361_fu_334       |   9|          2|   32|         64|
    |cond143_lcssa325_fu_262         |   9|          2|   32|         64|
    |dummy_0_fu_510                  |   9|          2|   32|         64|
    |fix_fu_254                      |   9|          2|    9|         18|
    |last_pe_score_address0          |  14|          3|    8|         24|
    |last_pe_score_ce0               |  14|          3|    1|          3|
    |last_pe_score_ce1               |   9|          2|    1|          2|
    |last_pe_score_d0                |  14|          3|   32|         96|
    |last_pe_score_we0               |  14|          3|    1|          3|
    |local_reference_10_address0     |  14|          3|    3|          9|
    |local_reference_10_ce0          |  14|          3|    1|          3|
    |local_reference_10_we0          |   9|          2|    1|          2|
    |local_reference_11_address0     |  14|          3|    3|          9|
    |local_reference_11_ce0          |  14|          3|    1|          3|
    |local_reference_11_we0          |   9|          2|    1|          2|
    |local_reference_12_address0     |  14|          3|    3|          9|
    |local_reference_12_ce0          |  14|          3|    1|          3|
    |local_reference_12_we0          |   9|          2|    1|          2|
    |local_reference_13_address0     |  14|          3|    3|          9|
    |local_reference_13_ce0          |  14|          3|    1|          3|
    |local_reference_13_we0          |   9|          2|    1|          2|
    |local_reference_14_address0     |  14|          3|    3|          9|
    |local_reference_14_ce0          |  14|          3|    1|          3|
    |local_reference_14_we0          |   9|          2|    1|          2|
    |local_reference_15_address0     |  14|          3|    3|          9|
    |local_reference_15_ce0          |  14|          3|    1|          3|
    |local_reference_15_we0          |   9|          2|    1|          2|
    |local_reference_16_address0     |  14|          3|    3|          9|
    |local_reference_16_ce0          |  14|          3|    1|          3|
    |local_reference_16_we0          |   9|          2|    1|          2|
    |local_reference_17_address0     |  14|          3|    3|          9|
    |local_reference_17_ce0          |  14|          3|    1|          3|
    |local_reference_17_we0          |   9|          2|    1|          2|
    |local_reference_18_address0     |  14|          3|    3|          9|
    |local_reference_18_ce0          |  14|          3|    1|          3|
    |local_reference_18_we0          |   9|          2|    1|          2|
    |local_reference_19_address0     |  14|          3|    3|          9|
    |local_reference_19_ce0          |  14|          3|    1|          3|
    |local_reference_19_we0          |   9|          2|    1|          2|
    |local_reference_1_address0      |  14|          3|    3|          9|
    |local_reference_1_ce0           |  14|          3|    1|          3|
    |local_reference_1_we0           |   9|          2|    1|          2|
    |local_reference_20_address0     |  14|          3|    3|          9|
    |local_reference_20_ce0          |  14|          3|    1|          3|
    |local_reference_20_we0          |   9|          2|    1|          2|
    |local_reference_21_address0     |  14|          3|    3|          9|
    |local_reference_21_ce0          |  14|          3|    1|          3|
    |local_reference_21_we0          |   9|          2|    1|          2|
    |local_reference_22_address0     |  14|          3|    3|          9|
    |local_reference_22_ce0          |  14|          3|    1|          3|
    |local_reference_22_we0          |   9|          2|    1|          2|
    |local_reference_23_address0     |  14|          3|    3|          9|
    |local_reference_23_ce0          |  14|          3|    1|          3|
    |local_reference_23_we0          |   9|          2|    1|          2|
    |local_reference_24_address0     |  14|          3|    3|          9|
    |local_reference_24_ce0          |  14|          3|    1|          3|
    |local_reference_24_we0          |   9|          2|    1|          2|
    |local_reference_25_address0     |  14|          3|    3|          9|
    |local_reference_25_ce0          |  14|          3|    1|          3|
    |local_reference_25_we0          |   9|          2|    1|          2|
    |local_reference_26_address0     |  14|          3|    3|          9|
    |local_reference_26_ce0          |  14|          3|    1|          3|
    |local_reference_26_we0          |   9|          2|    1|          2|
    |local_reference_27_address0     |  14|          3|    3|          9|
    |local_reference_27_ce0          |  14|          3|    1|          3|
    |local_reference_27_we0          |   9|          2|    1|          2|
    |local_reference_28_address0     |  14|          3|    3|          9|
    |local_reference_28_ce0          |  14|          3|    1|          3|
    |local_reference_28_we0          |   9|          2|    1|          2|
    |local_reference_29_address0     |  14|          3|    3|          9|
    |local_reference_29_ce0          |  14|          3|    1|          3|
    |local_reference_29_we0          |   9|          2|    1|          2|
    |local_reference_2_address0      |  14|          3|    3|          9|
    |local_reference_2_ce0           |  14|          3|    1|          3|
    |local_reference_2_we0           |   9|          2|    1|          2|
    |local_reference_30_address0     |  14|          3|    3|          9|
    |local_reference_30_ce0          |  14|          3|    1|          3|
    |local_reference_30_we0          |   9|          2|    1|          2|
    |local_reference_31_address0     |  14|          3|    3|          9|
    |local_reference_31_ce0          |  14|          3|    1|          3|
    |local_reference_31_we0          |   9|          2|    1|          2|
    |local_reference_3_address0      |  14|          3|    3|          9|
    |local_reference_3_ce0           |  14|          3|    1|          3|
    |local_reference_3_we0           |   9|          2|    1|          2|
    |local_reference_4_address0      |  14|          3|    3|          9|
    |local_reference_4_ce0           |  14|          3|    1|          3|
    |local_reference_4_we0           |   9|          2|    1|          2|
    |local_reference_5_address0      |  14|          3|    3|          9|
    |local_reference_5_ce0           |  14|          3|    1|          3|
    |local_reference_5_we0           |   9|          2|    1|          2|
    |local_reference_6_address0      |  14|          3|    3|          9|
    |local_reference_6_ce0           |  14|          3|    1|          3|
    |local_reference_6_we0           |   9|          2|    1|          2|
    |local_reference_7_address0      |  14|          3|    3|          9|
    |local_reference_7_ce0           |  14|          3|    1|          3|
    |local_reference_7_we0           |   9|          2|    1|          2|
    |local_reference_8_address0      |  14|          3|    3|          9|
    |local_reference_8_ce0           |  14|          3|    1|          3|
    |local_reference_8_we0           |   9|          2|    1|          2|
    |local_reference_9_address0      |  14|          3|    3|          9|
    |local_reference_9_ce0           |  14|          3|    1|          3|
    |local_reference_9_we0           |   9|          2|    1|          2|
    |local_reference_address0        |  20|          4|    3|         12|
    |local_reference_ce0             |  20|          4|    1|          4|
    |local_reference_we0             |   9|          2|    1|          2|
    |p_lcssa293331_fu_274            |   9|          2|   32|         64|
    |p_lcssa294335_fu_282            |   9|          2|   32|         64|
    |p_lcssa295339_fu_290            |   9|          2|   32|         64|
    |p_lcssa296343_fu_298            |   9|          2|   32|         64|
    |p_lcssa297347_fu_306            |   9|          2|   32|         64|
    |p_lcssa298351_fu_314            |   9|          2|   32|         64|
    |p_lcssa299355_fu_322            |   9|          2|   32|         64|
    |p_lcssa300359_fu_330            |   9|          2|   32|         64|
    |p_lcssa301363_fu_338            |   9|          2|   32|         64|
    |p_lcssa302367_fu_346            |   9|          2|   32|         64|
    |p_lcssa303371_fu_354            |   9|          2|   32|         64|
    |p_lcssa304375_fu_362            |   9|          2|   32|         64|
    |p_lcssa305379_fu_370            |   9|          2|   32|         64|
    |p_lcssa306383_fu_378            |   9|          2|   32|         64|
    |p_lcssa307387_fu_386            |   9|          2|   32|         64|
    |p_lcssa308391_fu_394            |   9|          2|   32|         64|
    |p_lcssa309395_fu_402            |   9|          2|   32|         64|
    |p_lcssa310399_fu_410            |   9|          2|   32|         64|
    |p_lcssa311403_fu_418            |   9|          2|   32|         64|
    |p_lcssa312407_fu_426            |   9|          2|   32|         64|
    |p_lcssa313411_fu_434            |   9|          2|   32|         64|
    |p_lcssa314415_fu_442            |   9|          2|   32|         64|
    |p_lcssa315419_fu_450            |   9|          2|   32|         64|
    |p_lcssa316423_fu_458            |   9|          2|   32|         64|
    |p_lcssa317427_fu_466            |   9|          2|   32|         64|
    |p_lcssa318431_fu_474            |   9|          2|   32|         64|
    |p_lcssa319435_fu_482            |   9|          2|   32|         64|
    |p_lcssa320439_fu_490            |   9|          2|   32|         64|
    |p_lcssa321443_fu_498            |   9|          2|   32|         64|
    |p_lcssa322447_fu_506            |   9|          2|   32|         64|
    |p_lcssa327_fu_266               |   9|          2|   32|         64|
    |qq_fu_638                       |   9|          2|    4|          8|
    |query_string_comp_0_TREADY      |   9|          2|    1|          2|
    |reference_string_comp_0_TREADY  |   9|          2|    1|          2|
    |temp_fu_258                     |   9|          2|   32|         64|
    |traceback_V_10_address0         |  20|          4|   11|         44|
    |traceback_V_10_ce0              |  20|          4|    1|          4|
    |traceback_V_10_d0               |  14|          3|    2|          6|
    |traceback_V_10_we0              |  14|          3|    1|          3|
    |traceback_V_11_address0         |  20|          4|   11|         44|
    |traceback_V_11_ce0              |  20|          4|    1|          4|
    |traceback_V_11_d0               |  14|          3|    2|          6|
    |traceback_V_11_we0              |  14|          3|    1|          3|
    |traceback_V_12_address0         |  20|          4|   11|         44|
    |traceback_V_12_ce0              |  20|          4|    1|          4|
    |traceback_V_12_d0               |  14|          3|    2|          6|
    |traceback_V_12_we0              |  14|          3|    1|          3|
    |traceback_V_13_address0         |  20|          4|   11|         44|
    |traceback_V_13_ce0              |  20|          4|    1|          4|
    |traceback_V_13_d0               |  14|          3|    2|          6|
    |traceback_V_13_we0              |  14|          3|    1|          3|
    |traceback_V_14_address0         |  20|          4|   11|         44|
    |traceback_V_14_ce0              |  20|          4|    1|          4|
    |traceback_V_14_d0               |  14|          3|    2|          6|
    |traceback_V_14_we0              |  14|          3|    1|          3|
    |traceback_V_15_address0         |  20|          4|   11|         44|
    |traceback_V_15_ce0              |  20|          4|    1|          4|
    |traceback_V_15_d0               |  14|          3|    2|          6|
    |traceback_V_15_we0              |  14|          3|    1|          3|
    |traceback_V_16_address0         |  20|          4|   11|         44|
    |traceback_V_16_ce0              |  20|          4|    1|          4|
    |traceback_V_16_d0               |  14|          3|    2|          6|
    |traceback_V_16_we0              |  14|          3|    1|          3|
    |traceback_V_17_address0         |  20|          4|   11|         44|
    |traceback_V_17_ce0              |  20|          4|    1|          4|
    |traceback_V_17_d0               |  14|          3|    2|          6|
    |traceback_V_17_we0              |  14|          3|    1|          3|
    |traceback_V_18_address0         |  20|          4|   11|         44|
    |traceback_V_18_ce0              |  20|          4|    1|          4|
    |traceback_V_18_d0               |  14|          3|    2|          6|
    |traceback_V_18_we0              |  14|          3|    1|          3|
    |traceback_V_19_address0         |  20|          4|   11|         44|
    |traceback_V_19_ce0              |  20|          4|    1|          4|
    |traceback_V_19_d0               |  14|          3|    2|          6|
    |traceback_V_19_we0              |  14|          3|    1|          3|
    |traceback_V_1_address0          |  20|          4|   11|         44|
    |traceback_V_1_ce0               |  20|          4|    1|          4|
    |traceback_V_1_d0                |  14|          3|    2|          6|
    |traceback_V_1_we0               |  14|          3|    1|          3|
    |traceback_V_20_address0         |  20|          4|   11|         44|
    |traceback_V_20_ce0              |  20|          4|    1|          4|
    |traceback_V_20_d0               |  14|          3|    2|          6|
    |traceback_V_20_we0              |  14|          3|    1|          3|
    |traceback_V_21_address0         |  20|          4|   11|         44|
    |traceback_V_21_ce0              |  20|          4|    1|          4|
    |traceback_V_21_d0               |  14|          3|    2|          6|
    |traceback_V_21_we0              |  14|          3|    1|          3|
    |traceback_V_22_address0         |  20|          4|   11|         44|
    |traceback_V_22_ce0              |  20|          4|    1|          4|
    |traceback_V_22_d0               |  14|          3|    2|          6|
    |traceback_V_22_we0              |  14|          3|    1|          3|
    |traceback_V_23_address0         |  20|          4|   11|         44|
    |traceback_V_23_ce0              |  20|          4|    1|          4|
    |traceback_V_23_d0               |  14|          3|    2|          6|
    |traceback_V_23_we0              |  14|          3|    1|          3|
    |traceback_V_24_address0         |  20|          4|   11|         44|
    |traceback_V_24_ce0              |  20|          4|    1|          4|
    |traceback_V_24_d0               |  14|          3|    2|          6|
    |traceback_V_24_we0              |  14|          3|    1|          3|
    |traceback_V_25_address0         |  20|          4|   11|         44|
    |traceback_V_25_ce0              |  20|          4|    1|          4|
    |traceback_V_25_d0               |  14|          3|    2|          6|
    |traceback_V_25_we0              |  14|          3|    1|          3|
    |traceback_V_26_address0         |  20|          4|   11|         44|
    |traceback_V_26_ce0              |  20|          4|    1|          4|
    |traceback_V_26_d0               |  14|          3|    2|          6|
    |traceback_V_26_we0              |  14|          3|    1|          3|
    |traceback_V_27_address0         |  20|          4|   11|         44|
    |traceback_V_27_ce0              |  20|          4|    1|          4|
    |traceback_V_27_d0               |  14|          3|    2|          6|
    |traceback_V_27_we0              |  14|          3|    1|          3|
    |traceback_V_28_address0         |  20|          4|   11|         44|
    |traceback_V_28_ce0              |  20|          4|    1|          4|
    |traceback_V_28_d0               |  14|          3|    2|          6|
    |traceback_V_28_we0              |  14|          3|    1|          3|
    |traceback_V_29_address0         |  20|          4|   11|         44|
    |traceback_V_29_ce0              |  20|          4|    1|          4|
    |traceback_V_29_d0               |  14|          3|    2|          6|
    |traceback_V_29_we0              |  14|          3|    1|          3|
    |traceback_V_2_address0          |  20|          4|   11|         44|
    |traceback_V_2_ce0               |  20|          4|    1|          4|
    |traceback_V_2_d0                |  14|          3|    2|          6|
    |traceback_V_2_we0               |  14|          3|    1|          3|
    |traceback_V_30_address0         |  20|          4|   11|         44|
    |traceback_V_30_ce0              |  20|          4|    1|          4|
    |traceback_V_30_d0               |  14|          3|    2|          6|
    |traceback_V_30_we0              |  14|          3|    1|          3|
    |traceback_V_31_address0         |  20|          4|   11|         44|
    |traceback_V_31_ce0              |  20|          4|    1|          4|
    |traceback_V_31_d0               |  14|          3|    2|          6|
    |traceback_V_31_we0              |  14|          3|    1|          3|
    |traceback_V_3_address0          |  20|          4|   11|         44|
    |traceback_V_3_ce0               |  20|          4|    1|          4|
    |traceback_V_3_d0                |  14|          3|    2|          6|
    |traceback_V_3_we0               |  14|          3|    1|          3|
    |traceback_V_4_address0          |  20|          4|   11|         44|
    |traceback_V_4_ce0               |  20|          4|    1|          4|
    |traceback_V_4_d0                |  14|          3|    2|          6|
    |traceback_V_4_we0               |  14|          3|    1|          3|
    |traceback_V_5_address0          |  20|          4|   11|         44|
    |traceback_V_5_ce0               |  20|          4|    1|          4|
    |traceback_V_5_d0                |  14|          3|    2|          6|
    |traceback_V_5_we0               |  14|          3|    1|          3|
    |traceback_V_6_address0          |  20|          4|   11|         44|
    |traceback_V_6_ce0               |  20|          4|    1|          4|
    |traceback_V_6_d0                |  14|          3|    2|          6|
    |traceback_V_6_we0               |  14|          3|    1|          3|
    |traceback_V_7_address0          |  20|          4|   11|         44|
    |traceback_V_7_ce0               |  20|          4|    1|          4|
    |traceback_V_7_d0                |  14|          3|    2|          6|
    |traceback_V_7_we0               |  14|          3|    1|          3|
    |traceback_V_8_address0          |  20|          4|   11|         44|
    |traceback_V_8_ce0               |  20|          4|    1|          4|
    |traceback_V_8_d0                |  14|          3|    2|          6|
    |traceback_V_8_we0               |  14|          3|    1|          3|
    |traceback_V_9_address0          |  20|          4|   11|         44|
    |traceback_V_9_ce0               |  20|          4|    1|          4|
    |traceback_V_9_d0                |  14|          3|    2|          6|
    |traceback_V_9_we0               |  14|          3|    1|          3|
    |traceback_V_address0            |  20|          4|   11|         44|
    |traceback_V_ce0                 |  20|          4|    1|          4|
    |traceback_V_ce1                 |   9|          2|    1|          2|
    |traceback_V_d0                  |  14|          3|    2|          6|
    |traceback_V_we0                 |  14|          3|    1|          3|
    |traceback_V_we1                 |   9|          2|    1|          2|
    +--------------------------------+----+-----------+-----+-----------+
    |Total                           |4132|        873| 2749|       6547|
    +--------------------------------+----+-----------+-----+-----------+

    * Register: 
    +--------------------------------------------------------------------------------------+----+----+-----+-----------+
    |                                         Name                                         | FF | LUT| Bits| Const Bits|
    +--------------------------------------------------------------------------------------+----+----+-----+-----------+
    |a1_10_reg_4305                                                                        |  11|   0|   11|          0|
    |a1_12_reg_4310                                                                        |  11|   0|   11|          0|
    |a1_14_reg_4315                                                                        |  11|   0|   11|          0|
    |a1_16_reg_4320                                                                        |  11|   0|   11|          0|
    |a1_18_reg_4325                                                                        |  11|   0|   11|          0|
    |a1_1_reg_4280                                                                         |  11|   0|   11|          0|
    |a1_20_reg_4330                                                                        |  11|   0|   11|          0|
    |a1_22_reg_4335                                                                        |  11|   0|   11|          0|
    |a1_24_reg_4340                                                                        |  11|   0|   11|          0|
    |a1_26_reg_4345                                                                        |  11|   0|   11|          0|
    |a1_28_reg_4350                                                                        |  11|   0|   11|          0|
    |a1_2_reg_4285                                                                         |  11|   0|   11|          0|
    |a1_30_reg_4355                                                                        |  11|   0|   11|          0|
    |a1_32_reg_4360                                                                        |  11|   0|   11|          0|
    |a1_34_reg_4365                                                                        |  11|   0|   11|          0|
    |a1_36_reg_4370                                                                        |  11|   0|   11|          0|
    |a1_38_reg_4375                                                                        |  11|   0|   11|          0|
    |a1_40_reg_4380                                                                        |  11|   0|   11|          0|
    |a1_42_reg_4385                                                                        |  11|   0|   11|          0|
    |a1_44_reg_4390                                                                        |  11|   0|   11|          0|
    |a1_46_reg_4395                                                                        |  11|   0|   11|          0|
    |a1_48_reg_4400                                                                        |  11|   0|   11|          0|
    |a1_4_reg_4290                                                                         |  11|   0|   11|          0|
    |a1_50_reg_4405                                                                        |  11|   0|   11|          0|
    |a1_52_reg_4410                                                                        |  11|   0|   11|          0|
    |a1_54_reg_4415                                                                        |  11|   0|   11|          0|
    |a1_56_reg_4420                                                                        |  11|   0|   11|          0|
    |a1_58_reg_4425                                                                        |  11|   0|   11|          0|
    |a1_60_reg_4430                                                                        |  11|   0|   11|          0|
    |a1_6_reg_4295                                                                         |  11|   0|   11|          0|
    |a1_8_reg_4300                                                                         |  11|   0|   11|          0|
    |ap_CS_fsm                                                                             |  12|   0|   12|          0|
    |cmp4_i45_10_reg_4162                                                                  |   1|   0|    1|          0|
    |cmp4_i45_11_reg_4167                                                                  |   1|   0|    1|          0|
    |cmp4_i45_12_reg_4172                                                                  |   1|   0|    1|          0|
    |cmp4_i45_13_reg_4177                                                                  |   1|   0|    1|          0|
    |cmp4_i45_14_reg_4182                                                                  |   1|   0|    1|          0|
    |cmp4_i45_15_reg_4187                                                                  |   1|   0|    1|          0|
    |cmp4_i45_16_reg_4192                                                                  |   1|   0|    1|          0|
    |cmp4_i45_17_reg_4197                                                                  |   1|   0|    1|          0|
    |cmp4_i45_18_reg_4202                                                                  |   1|   0|    1|          0|
    |cmp4_i45_19_reg_4207                                                                  |   1|   0|    1|          0|
    |cmp4_i45_1_reg_4117                                                                   |   1|   0|    1|          0|
    |cmp4_i45_20_reg_4212                                                                  |   1|   0|    1|          0|
    |cmp4_i45_21_reg_4217                                                                  |   1|   0|    1|          0|
    |cmp4_i45_22_reg_4222                                                                  |   1|   0|    1|          0|
    |cmp4_i45_23_reg_4227                                                                  |   1|   0|    1|          0|
    |cmp4_i45_24_reg_4232                                                                  |   1|   0|    1|          0|
    |cmp4_i45_25_reg_4237                                                                  |   1|   0|    1|          0|
    |cmp4_i45_26_reg_4242                                                                  |   1|   0|    1|          0|
    |cmp4_i45_27_reg_4247                                                                  |   1|   0|    1|          0|
    |cmp4_i45_28_reg_4252                                                                  |   1|   0|    1|          0|
    |cmp4_i45_29_reg_4257                                                                  |   1|   0|    1|          0|
    |cmp4_i45_2_reg_4122                                                                   |   1|   0|    1|          0|
    |cmp4_i45_30_reg_4262                                                                  |   1|   0|    1|          0|
    |cmp4_i45_31_reg_4267                                                                  |   1|   0|    1|          0|
    |cmp4_i45_3_reg_4127                                                                   |   1|   0|    1|          0|
    |cmp4_i45_4_reg_4132                                                                   |   1|   0|    1|          0|
    |cmp4_i45_5_reg_4137                                                                   |   1|   0|    1|          0|
    |cmp4_i45_6_reg_4142                                                                   |   1|   0|    1|          0|
    |cmp4_i45_7_reg_4147                                                                   |   1|   0|    1|          0|
    |cmp4_i45_8_reg_4152                                                                   |   1|   0|    1|          0|
    |cmp4_i45_9_reg_4157                                                                   |   1|   0|    1|          0|
    |cmp_i40_10_reg_4525                                                                   |   1|   0|    1|          0|
    |cmp_i40_11_reg_4535                                                                   |   1|   0|    1|          0|
    |cmp_i40_12_reg_4545                                                                   |   1|   0|    1|          0|
    |cmp_i40_13_reg_4555                                                                   |   1|   0|    1|          0|
    |cmp_i40_14_reg_4565                                                                   |   1|   0|    1|          0|
    |cmp_i40_15_reg_4575                                                                   |   1|   0|    1|          0|
    |cmp_i40_16_reg_4585                                                                   |   1|   0|    1|          0|
    |cmp_i40_17_reg_4595                                                                   |   1|   0|    1|          0|
    |cmp_i40_18_reg_4605                                                                   |   1|   0|    1|          0|
    |cmp_i40_19_reg_4615                                                                   |   1|   0|    1|          0|
    |cmp_i40_1_reg_4440                                                                    |   1|   0|    1|          0|
    |cmp_i40_20_reg_4625                                                                   |   1|   0|    1|          0|
    |cmp_i40_21_reg_4635                                                                   |   1|   0|    1|          0|
    |cmp_i40_22_reg_4645                                                                   |   1|   0|    1|          0|
    |cmp_i40_23_reg_4655                                                                   |   1|   0|    1|          0|
    |cmp_i40_24_reg_4665                                                                   |   1|   0|    1|          0|
    |cmp_i40_25_reg_4675                                                                   |   1|   0|    1|          0|
    |cmp_i40_26_reg_4685                                                                   |   1|   0|    1|          0|
    |cmp_i40_27_reg_4695                                                                   |   1|   0|    1|          0|
    |cmp_i40_28_reg_4705                                                                   |   1|   0|    1|          0|
    |cmp_i40_29_reg_4715                                                                   |   1|   0|    1|          0|
    |cmp_i40_2_reg_4445                                                                    |   1|   0|    1|          0|
    |cmp_i40_30_reg_4725                                                                   |   1|   0|    1|          0|
    |cmp_i40_3_reg_4455                                                                    |   1|   0|    1|          0|
    |cmp_i40_4_reg_4465                                                                    |   1|   0|    1|          0|
    |cmp_i40_5_reg_4475                                                                    |   1|   0|    1|          0|
    |cmp_i40_6_reg_4485                                                                    |   1|   0|    1|          0|
    |cmp_i40_7_reg_4495                                                                    |   1|   0|    1|          0|
    |cmp_i40_8_reg_4505                                                                    |   1|   0|    1|          0|
    |cmp_i40_9_reg_4515                                                                    |   1|   0|    1|          0|
    |cmp_i91_reg_4435                                                                      |   1|   0|    1|          0|
    |cmp_i_31_reg_4735                                                                     |   1|   0|    1|          0|
    |cond125_10_lcssa365_fu_342                                                            |  32|   0|   32|          0|
    |cond125_11_lcssa369_fu_350                                                            |  32|   0|   32|          0|
    |cond125_12_lcssa373_fu_358                                                            |  32|   0|   32|          0|
    |cond125_13_lcssa377_fu_366                                                            |  32|   0|   32|          0|
    |cond125_14_lcssa381_fu_374                                                            |  32|   0|   32|          0|
    |cond125_15_lcssa385_fu_382                                                            |  32|   0|   32|          0|
    |cond125_16_lcssa389_fu_390                                                            |  32|   0|   32|          0|
    |cond125_17_lcssa393_fu_398                                                            |  32|   0|   32|          0|
    |cond125_18_lcssa397_fu_406                                                            |  32|   0|   32|          0|
    |cond125_19_lcssa401_fu_414                                                            |  32|   0|   32|          0|
    |cond125_1_lcssa329_fu_270                                                             |  32|   0|   32|          0|
    |cond125_20_lcssa405_fu_422                                                            |  32|   0|   32|          0|
    |cond125_21_lcssa409_fu_430                                                            |  32|   0|   32|          0|
    |cond125_22_lcssa413_fu_438                                                            |  32|   0|   32|          0|
    |cond125_23_lcssa417_fu_446                                                            |  32|   0|   32|          0|
    |cond125_24_lcssa421_fu_454                                                            |  32|   0|   32|          0|
    |cond125_25_lcssa425_fu_462                                                            |  32|   0|   32|          0|
    |cond125_26_lcssa429_fu_470                                                            |  32|   0|   32|          0|
    |cond125_27_lcssa433_fu_478                                                            |  32|   0|   32|          0|
    |cond125_28_lcssa437_fu_486                                                            |  32|   0|   32|          0|
    |cond125_29_lcssa441_fu_494                                                            |  32|   0|   32|          0|
    |cond125_2_lcssa333_fu_278                                                             |  32|   0|   32|          0|
    |cond125_30_lcssa445_fu_502                                                            |  32|   0|   32|          0|
    |cond125_3_lcssa337_fu_286                                                             |  32|   0|   32|          0|
    |cond125_4_lcssa341_fu_294                                                             |  32|   0|   32|          0|
    |cond125_5_lcssa345_fu_302                                                             |  32|   0|   32|          0|
    |cond125_6_lcssa349_fu_310                                                             |  32|   0|   32|          0|
    |cond125_7_lcssa353_fu_318                                                             |  32|   0|   32|          0|
    |cond125_8_lcssa357_fu_326                                                             |  32|   0|   32|          0|
    |cond125_9_lcssa361_fu_334                                                             |  32|   0|   32|          0|
    |cond143_lcssa325_fu_262                                                               |  32|   0|   32|          0|
    |diag_prev_assign_reg_4041                                                             |  10|   0|   11|          1|
    |dummy_0_fu_510                                                                        |  32|   0|   32|          0|
    |empty_66_fu_518                                                                       |   8|   0|    8|          0|
    |empty_67_fu_522                                                                       |   8|   0|    8|          0|
    |empty_68_fu_526                                                                       |   8|   0|    8|          0|
    |empty_69_fu_530                                                                       |   8|   0|    8|          0|
    |empty_70_fu_534                                                                       |   8|   0|    8|          0|
    |empty_71_fu_538                                                                       |   8|   0|    8|          0|
    |empty_72_fu_542                                                                       |   8|   0|    8|          0|
    |empty_73_fu_546                                                                       |   8|   0|    8|          0|
    |empty_74_fu_550                                                                       |   8|   0|    8|          0|
    |empty_75_fu_554                                                                       |   8|   0|    8|          0|
    |empty_76_fu_558                                                                       |   8|   0|    8|          0|
    |empty_77_fu_562                                                                       |   8|   0|    8|          0|
    |empty_78_fu_566                                                                       |   8|   0|    8|          0|
    |empty_79_fu_570                                                                       |   8|   0|    8|          0|
    |empty_80_fu_574                                                                       |   8|   0|    8|          0|
    |empty_81_fu_578                                                                       |   8|   0|    8|          0|
    |empty_82_fu_582                                                                       |   8|   0|    8|          0|
    |empty_83_fu_586                                                                       |   8|   0|    8|          0|
    |empty_84_fu_590                                                                       |   8|   0|    8|          0|
    |empty_85_fu_594                                                                       |   8|   0|    8|          0|
    |empty_86_fu_598                                                                       |   8|   0|    8|          0|
    |empty_87_fu_602                                                                       |   8|   0|    8|          0|
    |empty_88_fu_606                                                                       |   8|   0|    8|          0|
    |empty_89_fu_610                                                                       |   8|   0|    8|          0|
    |empty_90_fu_614                                                                       |   8|   0|    8|          0|
    |empty_91_fu_618                                                                       |   8|   0|    8|          0|
    |empty_92_fu_622                                                                       |   8|   0|    8|          0|
    |empty_93_fu_626                                                                       |   8|   0|    8|          0|
    |empty_94_fu_630                                                                       |   8|   0|    8|          0|
    |empty_95_fu_634                                                                       |   8|   0|    8|          0|
    |empty_fu_514                                                                          |   8|   0|    8|          0|
    |fix_fu_254                                                                            |   9|   0|    9|          0|
    |grp_seq_align_global_Pipeline_VITIS_LOOP_773_2_fu_1110_ap_start_reg                   |   1|   0|    1|          0|
    |grp_seq_align_global_Pipeline_VITIS_LOOP_786_4_VITIS_LOOP_788_5_fu_1116_ap_start_reg  |   1|   0|    1|          0|
    |grp_seq_align_global_Pipeline_VITIS_LOOP_795_6_fu_1184_ap_start_reg                   |   1|   0|    1|          0|
    |grp_seq_align_global_Pipeline_VITIS_LOOP_828_9_fu_1222_ap_start_reg                   |   1|   0|    1|          0|
    |grp_seq_align_global_Pipeline_kernel1_fu_1327_ap_start_reg                            |   1|   0|    1|          0|
    |grp_seq_align_global_Pipeline_local_dpmem_loop_VITIS_LOOP_767_1_fu_1043_ap_start_reg  |   1|   0|    1|          0|
    |grp_seq_align_global_Pipeline_traceback_logic_fu_1291_ap_start_reg                    |   1|   0|    1|          0|
    |local_reference_load_reg_3812                                                         |   8|   0|    8|          0|
    |match_11_reg_4500                                                                     |  11|   0|   11|          0|
    |match_13_reg_4510                                                                     |  11|   0|   11|          0|
    |match_15_reg_4520                                                                     |  11|   0|   11|          0|
    |match_17_reg_4530                                                                     |  11|   0|   11|          0|
    |match_19_reg_4540                                                                     |  11|   0|   11|          0|
    |match_1_reg_4450                                                                      |  11|   0|   11|          0|
    |match_21_reg_4550                                                                     |  11|   0|   11|          0|
    |match_23_reg_4560                                                                     |  11|   0|   11|          0|
    |match_25_reg_4570                                                                     |  11|   0|   11|          0|
    |match_27_reg_4580                                                                     |  11|   0|   11|          0|
    |match_29_reg_4590                                                                     |  11|   0|   11|          0|
    |match_31_reg_4600                                                                     |  11|   0|   11|          0|
    |match_33_reg_4610                                                                     |  11|   0|   11|          0|
    |match_35_reg_4620                                                                     |  11|   0|   11|          0|
    |match_37_reg_4630                                                                     |  11|   0|   11|          0|
    |match_39_reg_4640                                                                     |  11|   0|   11|          0|
    |match_3_reg_4460                                                                      |  11|   0|   11|          0|
    |match_41_reg_4650                                                                     |  11|   0|   11|          0|
    |match_43_reg_4660                                                                     |  11|   0|   11|          0|
    |match_45_reg_4670                                                                     |  11|   0|   11|          0|
    |match_47_reg_4680                                                                     |  11|   0|   11|          0|
    |match_49_reg_4690                                                                     |  11|   0|   11|          0|
    |match_51_reg_4700                                                                     |  11|   0|   11|          0|
    |match_53_reg_4710                                                                     |  11|   0|   11|          0|
    |match_55_reg_4720                                                                     |  11|   0|   11|          0|
    |match_57_reg_4730                                                                     |  11|   0|   11|          0|
    |match_59_reg_4740                                                                     |  11|   0|   11|          0|
    |match_5_reg_4470                                                                      |  11|   0|   11|          0|
    |match_61_reg_4745                                                                     |  11|   0|   11|          0|
    |match_7_reg_4480                                                                      |  11|   0|   11|          0|
    |match_9_reg_4490                                                                      |  11|   0|   11|          0|
    |mul148_reg_4047                                                                       |  12|   0|   12|          0|
    |p_lcssa293331_fu_274                                                                  |  32|   0|   32|          0|
    |p_lcssa294335_fu_282                                                                  |  32|   0|   32|          0|
    |p_lcssa295339_fu_290                                                                  |  32|   0|   32|          0|
    |p_lcssa296343_fu_298                                                                  |  32|   0|   32|          0|
    |p_lcssa297347_fu_306                                                                  |  32|   0|   32|          0|
    |p_lcssa298351_fu_314                                                                  |  32|   0|   32|          0|
    |p_lcssa299355_fu_322                                                                  |  32|   0|   32|          0|
    |p_lcssa300359_fu_330                                                                  |  32|   0|   32|          0|
    |p_lcssa301363_fu_338                                                                  |  32|   0|   32|          0|
    |p_lcssa302367_fu_346                                                                  |  32|   0|   32|          0|
    |p_lcssa303371_fu_354                                                                  |  32|   0|   32|          0|
    |p_lcssa304375_fu_362                                                                  |  32|   0|   32|          0|
    |p_lcssa305379_fu_370                                                                  |  32|   0|   32|          0|
    |p_lcssa306383_fu_378                                                                  |  32|   0|   32|          0|
    |p_lcssa307387_fu_386                                                                  |  32|   0|   32|          0|
    |p_lcssa308391_fu_394                                                                  |  32|   0|   32|          0|
    |p_lcssa309395_fu_402                                                                  |  32|   0|   32|          0|
    |p_lcssa310399_fu_410                                                                  |  32|   0|   32|          0|
    |p_lcssa311403_fu_418                                                                  |  32|   0|   32|          0|
    |p_lcssa312407_fu_426                                                                  |  32|   0|   32|          0|
    |p_lcssa313411_fu_434                                                                  |  32|   0|   32|          0|
    |p_lcssa314415_fu_442                                                                  |  32|   0|   32|          0|
    |p_lcssa315419_fu_450                                                                  |  32|   0|   32|          0|
    |p_lcssa316423_fu_458                                                                  |  32|   0|   32|          0|
    |p_lcssa317427_fu_466                                                                  |  32|   0|   32|          0|
    |p_lcssa318431_fu_474                                                                  |  32|   0|   32|          0|
    |p_lcssa319435_fu_482                                                                  |  32|   0|   32|          0|
    |p_lcssa320439_fu_490                                                                  |  32|   0|   32|          0|
    |p_lcssa321443_fu_498                                                                  |  32|   0|   32|          0|
    |p_lcssa322447_fu_506                                                                  |  32|   0|   32|          0|
    |p_lcssa327_fu_266                                                                     |  32|   0|   32|          0|
    |qq_fu_638                                                                             |   4|   0|    4|          0|
    |sub_ln802_reg_4052                                                                    |  11|   0|   11|          0|
    |temp_fu_258                                                                           |  32|   0|   32|          0|
    |tmp_4_reg_4272                                                                        |   3|   0|   11|          8|
    |trunc_ln807_reg_3847                                                                  |   3|   0|    3|          0|
    +--------------------------------------------------------------------------------------+----+----+-----+-----------+
    |Total                                                                                 |3120|   0| 3129|          9|
    +--------------------------------------------------------------------------------------+----+----+-----+-----------+



================================================================
== Interface
================================================================
* Summary: 
+--------------------------------+-----+-----+------------+-------------------------+--------------+
|            RTL Ports           | Dir | Bits|  Protocol  |      Source Object      |    C Type    |
+--------------------------------+-----+-----+------------+-------------------------+--------------+
|ap_clk                          |   in|    1|  ap_ctrl_hs|         seq_align_global|  return value|
|ap_rst                          |   in|    1|  ap_ctrl_hs|         seq_align_global|  return value|
|ap_start                        |   in|    1|  ap_ctrl_hs|         seq_align_global|  return value|
|ap_done                         |  out|    1|  ap_ctrl_hs|         seq_align_global|  return value|
|ap_idle                         |  out|    1|  ap_ctrl_hs|         seq_align_global|  return value|
|ap_ready                        |  out|    1|  ap_ctrl_hs|         seq_align_global|  return value|
|ap_return                       |  out|   32|  ap_ctrl_hs|         seq_align_global|  return value|
|query_string_comp_0_TDATA       |   in|    8|        axis|      query_string_comp_0|       pointer|
|query_string_comp_0_TVALID      |   in|    1|        axis|      query_string_comp_0|       pointer|
|query_string_comp_0_TREADY      |  out|    1|        axis|      query_string_comp_0|       pointer|
|reference_string_comp_0_TDATA   |   in|    8|        axis|  reference_string_comp_0|       pointer|
|reference_string_comp_0_TVALID  |   in|    1|        axis|  reference_string_comp_0|       pointer|
|reference_string_comp_0_TREADY  |  out|    1|        axis|  reference_string_comp_0|       pointer|
+--------------------------------+-----+-----+------------+-------------------------+--------------+

