

================================================================
== Vitis HLS Report for 'seq_align_global_Pipeline_VITIS_LOOP_786_4_VITIS_LOOP_788_5'
================================================================
* Date:           Tue Aug  8 00:16:51 2023

* Version:        2022.1 (Build 3526262 on Mon Apr 18 15:47:01 MDT 2022)
* Project:        local_seq_multiple_align_sa
* Solution:       solution1 (Vitis Kernel Flow Target)
* Product family: zynquplus
* Target device:  xczu7ev-ffvc1156-2-i


================================================================
== Performance Estimates
================================================================
+ Timing: 
    * Summary: 
    +--------+---------+----------+------------+
    |  Clock |  Target | Estimated| Uncertainty|
    +--------+---------+----------+------------+
    |ap_clk  |  4.00 ns|  2.482 ns|     1.08 ns|
    +--------+---------+----------+------------+

+ Latency: 
    * Summary: 
    +---------+---------+----------+----------+-------+-------+---------+
    |  Latency (cycles) |  Latency (absolute) |    Interval   | Pipeline|
    |   min   |   max   |    min   |    max   |  min  |  max  |   Type  |
    +---------+---------+----------+----------+-------+-------+---------+
    |    65538|    65538|  0.262 ms|  0.262 ms|  65538|  65538|       no|
    +---------+---------+----------+----------+-------+-------+---------+

    + Detail: 
        * Instance: 
        N/A

        * Loop: 
        +-------------------------------------+---------+---------+----------+-----------+-----------+-------+----------+
        |                                     |  Latency (cycles) | Iteration|  Initiation Interval  |  Trip |          |
        |              Loop Name              |   min   |   max   |  Latency |  achieved |   target  | Count | Pipelined|
        +-------------------------------------+---------+---------+----------+-----------+-----------+-------+----------+
        |- VITIS_LOOP_786_4_VITIS_LOOP_788_5  |    65536|    65536|         2|          1|          1|  65536|       yes|
        +-------------------------------------+---------+---------+----------+-----------+-----------+-------+----------+



================================================================
== Utilization Estimates
================================================================
* Summary: 
+-----------------+---------+------+--------+--------+-----+
|       Name      | BRAM_18K|  DSP |   FF   |   LUT  | URAM|
+-----------------+---------+------+--------+--------+-----+
|DSP              |        -|     -|       -|       -|    -|
|Expression       |        -|     -|       0|     118|    -|
|FIFO             |        -|     -|       -|       -|    -|
|Instance         |        -|     -|       -|       -|    -|
|Memory           |        -|     -|       -|       -|    -|
|Multiplexer      |        -|     -|       -|      54|    -|
|Register         |        -|     -|      55|       -|    -|
+-----------------+---------+------+--------+--------+-----+
|Total            |        0|     0|      55|     172|    0|
+-----------------+---------+------+--------+--------+-----+
|Available        |      624|  1728|  460800|  230400|   96|
+-----------------+---------+------+--------+--------+-----+
|Utilization (%)  |        0|     0|      ~0|      ~0|    0|
+-----------------+---------+------+--------+--------+-----+

+ Detail: 
    * Instance: 
    N/A

    * DSP: 
    N/A

    * Memory: 
    N/A

    * FIFO: 
    N/A

    * Expression: 
    +--------------------------+----------+----+---+----+------------+------------+
    |       Variable Name      | Operation| DSP| FF| LUT| Bitwidth P0| Bitwidth P1|
    +--------------------------+----------+----+---+----+------------+------------+
    |add_ln786_1_fu_656_p2     |         +|   0|  0|  24|          17|           1|
    |add_ln786_fu_668_p2       |         +|   0|  0|  16|           9|           1|
    |add_ln788_fu_728_p2       |         +|   0|  0|  16|           9|           1|
    |add_ln791_fu_722_p2       |         +|   0|  0|  18|          11|          11|
    |icmp_ln786_fu_650_p2      |      icmp|   0|  0|  13|          17|          18|
    |icmp_ln788_fu_674_p2      |      icmp|   0|  0|  11|           9|          10|
    |select_ln786_1_fu_688_p3  |    select|   0|  0|   9|           1|           9|
    |select_ln786_fu_680_p3    |    select|   0|  0|   9|           1|           1|
    |ap_enable_pp0             |       xor|   0|  0|   2|           1|           2|
    +--------------------------+----------+----+---+----+------------+------------+
    |Total                     |          |   0|  0| 118|          75|          54|
    +--------------------------+----------+----+---+----+------------+------------+

    * Multiplexer: 
    +-------------------------+----+-----------+-----+-----------+
    |           Name          | LUT| Input Size| Bits| Total Bits|
    +-------------------------+----+-----------+-----+-----------+
    |ap_done_int              |   9|          2|    1|          2|
    |ap_enable_reg_pp0_iter1  |   9|          2|    1|          2|
    |ap_enable_reg_pp0_iter2  |   9|          2|    1|          2|
    |indvar_flatten6_fu_180   |   9|          2|   17|         34|
    |pp_fu_176                |   9|          2|    9|         18|
    |rr_fu_172                |   9|          2|    9|         18|
    +-------------------------+----+-----------+-----+-----------+
    |Total                    |  54|         12|   38|         76|
    +-------------------------+----+-----------+-----+-----------+

    * Register: 
    +-------------------------+----+----+-----+-----------+
    |           Name          | FF | LUT| Bits| Const Bits|
    +-------------------------+----+----+-----+-----------+
    |add_ln791_reg_812        |  11|   0|   11|          0|
    |ap_CS_fsm                |   1|   0|    1|          0|
    |ap_done_reg              |   1|   0|    1|          0|
    |ap_enable_reg_pp0_iter1  |   1|   0|    1|          0|
    |ap_enable_reg_pp0_iter2  |   1|   0|    1|          0|
    |indvar_flatten6_fu_180   |  17|   0|   17|          0|
    |pp_fu_176                |   9|   0|    9|          0|
    |rr_fu_172                |   9|   0|    9|          0|
    |trunc_ln786_reg_808      |   5|   0|    5|          0|
    +-------------------------+----+----+-----+-----------+
    |Total                    |  55|   0|   55|          0|
    +-------------------------+----+----+-----+-----------+



================================================================
== Interface
================================================================
* Summary: 
+-------------------------+-----+-----+------------+-------------------------------------------------------------+--------------+
|        RTL Ports        | Dir | Bits|  Protocol  |                        Source Object                        |    C Type    |
+-------------------------+-----+-----+------------+-------------------------------------------------------------+--------------+
|ap_clk                   |   in|    1|  ap_ctrl_hs|  seq_align_global_Pipeline_VITIS_LOOP_786_4_VITIS_LOOP_788_5|  return value|
|ap_rst                   |   in|    1|  ap_ctrl_hs|  seq_align_global_Pipeline_VITIS_LOOP_786_4_VITIS_LOOP_788_5|  return value|
|ap_start                 |   in|    1|  ap_ctrl_hs|  seq_align_global_Pipeline_VITIS_LOOP_786_4_VITIS_LOOP_788_5|  return value|
|ap_done                  |  out|    1|  ap_ctrl_hs|  seq_align_global_Pipeline_VITIS_LOOP_786_4_VITIS_LOOP_788_5|  return value|
|ap_idle                  |  out|    1|  ap_ctrl_hs|  seq_align_global_Pipeline_VITIS_LOOP_786_4_VITIS_LOOP_788_5|  return value|
|ap_ready                 |  out|    1|  ap_ctrl_hs|  seq_align_global_Pipeline_VITIS_LOOP_786_4_VITIS_LOOP_788_5|  return value|
|traceback_V_address0     |  out|   11|   ap_memory|                                                  traceback_V|         array|
|traceback_V_ce0          |  out|    1|   ap_memory|                                                  traceback_V|         array|
|traceback_V_we0          |  out|    1|   ap_memory|                                                  traceback_V|         array|
|traceback_V_d0           |  out|    2|   ap_memory|                                                  traceback_V|         array|
|traceback_V_1_address0   |  out|   11|   ap_memory|                                                traceback_V_1|         array|
|traceback_V_1_ce0        |  out|    1|   ap_memory|                                                traceback_V_1|         array|
|traceback_V_1_we0        |  out|    1|   ap_memory|                                                traceback_V_1|         array|
|traceback_V_1_d0         |  out|    2|   ap_memory|                                                traceback_V_1|         array|
|traceback_V_2_address0   |  out|   11|   ap_memory|                                                traceback_V_2|         array|
|traceback_V_2_ce0        |  out|    1|   ap_memory|                                                traceback_V_2|         array|
|traceback_V_2_we0        |  out|    1|   ap_memory|                                                traceback_V_2|         array|
|traceback_V_2_d0         |  out|    2|   ap_memory|                                                traceback_V_2|         array|
|traceback_V_3_address0   |  out|   11|   ap_memory|                                                traceback_V_3|         array|
|traceback_V_3_ce0        |  out|    1|   ap_memory|                                                traceback_V_3|         array|
|traceback_V_3_we0        |  out|    1|   ap_memory|                                                traceback_V_3|         array|
|traceback_V_3_d0         |  out|    2|   ap_memory|                                                traceback_V_3|         array|
|traceback_V_4_address0   |  out|   11|   ap_memory|                                                traceback_V_4|         array|
|traceback_V_4_ce0        |  out|    1|   ap_memory|                                                traceback_V_4|         array|
|traceback_V_4_we0        |  out|    1|   ap_memory|                                                traceback_V_4|         array|
|traceback_V_4_d0         |  out|    2|   ap_memory|                                                traceback_V_4|         array|
|traceback_V_5_address0   |  out|   11|   ap_memory|                                                traceback_V_5|         array|
|traceback_V_5_ce0        |  out|    1|   ap_memory|                                                traceback_V_5|         array|
|traceback_V_5_we0        |  out|    1|   ap_memory|                                                traceback_V_5|         array|
|traceback_V_5_d0         |  out|    2|   ap_memory|                                                traceback_V_5|         array|
|traceback_V_6_address0   |  out|   11|   ap_memory|                                                traceback_V_6|         array|
|traceback_V_6_ce0        |  out|    1|   ap_memory|                                                traceback_V_6|         array|
|traceback_V_6_we0        |  out|    1|   ap_memory|                                                traceback_V_6|         array|
|traceback_V_6_d0         |  out|    2|   ap_memory|                                                traceback_V_6|         array|
|traceback_V_7_address0   |  out|   11|   ap_memory|                                                traceback_V_7|         array|
|traceback_V_7_ce0        |  out|    1|   ap_memory|                                                traceback_V_7|         array|
|traceback_V_7_we0        |  out|    1|   ap_memory|                                                traceback_V_7|         array|
|traceback_V_7_d0         |  out|    2|   ap_memory|                                                traceback_V_7|         array|
|traceback_V_8_address0   |  out|   11|   ap_memory|                                                traceback_V_8|         array|
|traceback_V_8_ce0        |  out|    1|   ap_memory|                                                traceback_V_8|         array|
|traceback_V_8_we0        |  out|    1|   ap_memory|                                                traceback_V_8|         array|
|traceback_V_8_d0         |  out|    2|   ap_memory|                                                traceback_V_8|         array|
|traceback_V_9_address0   |  out|   11|   ap_memory|                                                traceback_V_9|         array|
|traceback_V_9_ce0        |  out|    1|   ap_memory|                                                traceback_V_9|         array|
|traceback_V_9_we0        |  out|    1|   ap_memory|                                                traceback_V_9|         array|
|traceback_V_9_d0         |  out|    2|   ap_memory|                                                traceback_V_9|         array|
|traceback_V_10_address0  |  out|   11|   ap_memory|                                               traceback_V_10|         array|
|traceback_V_10_ce0       |  out|    1|   ap_memory|                                               traceback_V_10|         array|
|traceback_V_10_we0       |  out|    1|   ap_memory|                                               traceback_V_10|         array|
|traceback_V_10_d0        |  out|    2|   ap_memory|                                               traceback_V_10|         array|
|traceback_V_11_address0  |  out|   11|   ap_memory|                                               traceback_V_11|         array|
|traceback_V_11_ce0       |  out|    1|   ap_memory|                                               traceback_V_11|         array|
|traceback_V_11_we0       |  out|    1|   ap_memory|                                               traceback_V_11|         array|
|traceback_V_11_d0        |  out|    2|   ap_memory|                                               traceback_V_11|         array|
|traceback_V_12_address0  |  out|   11|   ap_memory|                                               traceback_V_12|         array|
|traceback_V_12_ce0       |  out|    1|   ap_memory|                                               traceback_V_12|         array|
|traceback_V_12_we0       |  out|    1|   ap_memory|                                               traceback_V_12|         array|
|traceback_V_12_d0        |  out|    2|   ap_memory|                                               traceback_V_12|         array|
|traceback_V_13_address0  |  out|   11|   ap_memory|                                               traceback_V_13|         array|
|traceback_V_13_ce0       |  out|    1|   ap_memory|                                               traceback_V_13|         array|
|traceback_V_13_we0       |  out|    1|   ap_memory|                                               traceback_V_13|         array|
|traceback_V_13_d0        |  out|    2|   ap_memory|                                               traceback_V_13|         array|
|traceback_V_14_address0  |  out|   11|   ap_memory|                                               traceback_V_14|         array|
|traceback_V_14_ce0       |  out|    1|   ap_memory|                                               traceback_V_14|         array|
|traceback_V_14_we0       |  out|    1|   ap_memory|                                               traceback_V_14|         array|
|traceback_V_14_d0        |  out|    2|   ap_memory|                                               traceback_V_14|         array|
|traceback_V_15_address0  |  out|   11|   ap_memory|                                               traceback_V_15|         array|
|traceback_V_15_ce0       |  out|    1|   ap_memory|                                               traceback_V_15|         array|
|traceback_V_15_we0       |  out|    1|   ap_memory|                                               traceback_V_15|         array|
|traceback_V_15_d0        |  out|    2|   ap_memory|                                               traceback_V_15|         array|
|traceback_V_16_address0  |  out|   11|   ap_memory|                                               traceback_V_16|         array|
|traceback_V_16_ce0       |  out|    1|   ap_memory|                                               traceback_V_16|         array|
|traceback_V_16_we0       |  out|    1|   ap_memory|                                               traceback_V_16|         array|
|traceback_V_16_d0        |  out|    2|   ap_memory|                                               traceback_V_16|         array|
|traceback_V_17_address0  |  out|   11|   ap_memory|                                               traceback_V_17|         array|
|traceback_V_17_ce0       |  out|    1|   ap_memory|                                               traceback_V_17|         array|
|traceback_V_17_we0       |  out|    1|   ap_memory|                                               traceback_V_17|         array|
|traceback_V_17_d0        |  out|    2|   ap_memory|                                               traceback_V_17|         array|
|traceback_V_18_address0  |  out|   11|   ap_memory|                                               traceback_V_18|         array|
|traceback_V_18_ce0       |  out|    1|   ap_memory|                                               traceback_V_18|         array|
|traceback_V_18_we0       |  out|    1|   ap_memory|                                               traceback_V_18|         array|
|traceback_V_18_d0        |  out|    2|   ap_memory|                                               traceback_V_18|         array|
|traceback_V_19_address0  |  out|   11|   ap_memory|                                               traceback_V_19|         array|
|traceback_V_19_ce0       |  out|    1|   ap_memory|                                               traceback_V_19|         array|
|traceback_V_19_we0       |  out|    1|   ap_memory|                                               traceback_V_19|         array|
|traceback_V_19_d0        |  out|    2|   ap_memory|                                               traceback_V_19|         array|
|traceback_V_20_address0  |  out|   11|   ap_memory|                                               traceback_V_20|         array|
|traceback_V_20_ce0       |  out|    1|   ap_memory|                                               traceback_V_20|         array|
|traceback_V_20_we0       |  out|    1|   ap_memory|                                               traceback_V_20|         array|
|traceback_V_20_d0        |  out|    2|   ap_memory|                                               traceback_V_20|         array|
|traceback_V_21_address0  |  out|   11|   ap_memory|                                               traceback_V_21|         array|
|traceback_V_21_ce0       |  out|    1|   ap_memory|                                               traceback_V_21|         array|
|traceback_V_21_we0       |  out|    1|   ap_memory|                                               traceback_V_21|         array|
|traceback_V_21_d0        |  out|    2|   ap_memory|                                               traceback_V_21|         array|
|traceback_V_22_address0  |  out|   11|   ap_memory|                                               traceback_V_22|         array|
|traceback_V_22_ce0       |  out|    1|   ap_memory|                                               traceback_V_22|         array|
|traceback_V_22_we0       |  out|    1|   ap_memory|                                               traceback_V_22|         array|
|traceback_V_22_d0        |  out|    2|   ap_memory|                                               traceback_V_22|         array|
|traceback_V_23_address0  |  out|   11|   ap_memory|                                               traceback_V_23|         array|
|traceback_V_23_ce0       |  out|    1|   ap_memory|                                               traceback_V_23|         array|
|traceback_V_23_we0       |  out|    1|   ap_memory|                                               traceback_V_23|         array|
|traceback_V_23_d0        |  out|    2|   ap_memory|                                               traceback_V_23|         array|
|traceback_V_24_address0  |  out|   11|   ap_memory|                                               traceback_V_24|         array|
|traceback_V_24_ce0       |  out|    1|   ap_memory|                                               traceback_V_24|         array|
|traceback_V_24_we0       |  out|    1|   ap_memory|                                               traceback_V_24|         array|
|traceback_V_24_d0        |  out|    2|   ap_memory|                                               traceback_V_24|         array|
|traceback_V_25_address0  |  out|   11|   ap_memory|                                               traceback_V_25|         array|
|traceback_V_25_ce0       |  out|    1|   ap_memory|                                               traceback_V_25|         array|
|traceback_V_25_we0       |  out|    1|   ap_memory|                                               traceback_V_25|         array|
|traceback_V_25_d0        |  out|    2|   ap_memory|                                               traceback_V_25|         array|
|traceback_V_26_address0  |  out|   11|   ap_memory|                                               traceback_V_26|         array|
|traceback_V_26_ce0       |  out|    1|   ap_memory|                                               traceback_V_26|         array|
|traceback_V_26_we0       |  out|    1|   ap_memory|                                               traceback_V_26|         array|
|traceback_V_26_d0        |  out|    2|   ap_memory|                                               traceback_V_26|         array|
|traceback_V_27_address0  |  out|   11|   ap_memory|                                               traceback_V_27|         array|
|traceback_V_27_ce0       |  out|    1|   ap_memory|                                               traceback_V_27|         array|
|traceback_V_27_we0       |  out|    1|   ap_memory|                                               traceback_V_27|         array|
|traceback_V_27_d0        |  out|    2|   ap_memory|                                               traceback_V_27|         array|
|traceback_V_28_address0  |  out|   11|   ap_memory|                                               traceback_V_28|         array|
|traceback_V_28_ce0       |  out|    1|   ap_memory|                                               traceback_V_28|         array|
|traceback_V_28_we0       |  out|    1|   ap_memory|                                               traceback_V_28|         array|
|traceback_V_28_d0        |  out|    2|   ap_memory|                                               traceback_V_28|         array|
|traceback_V_29_address0  |  out|   11|   ap_memory|                                               traceback_V_29|         array|
|traceback_V_29_ce0       |  out|    1|   ap_memory|                                               traceback_V_29|         array|
|traceback_V_29_we0       |  out|    1|   ap_memory|                                               traceback_V_29|         array|
|traceback_V_29_d0        |  out|    2|   ap_memory|                                               traceback_V_29|         array|
|traceback_V_30_address0  |  out|   11|   ap_memory|                                               traceback_V_30|         array|
|traceback_V_30_ce0       |  out|    1|   ap_memory|                                               traceback_V_30|         array|
|traceback_V_30_we0       |  out|    1|   ap_memory|                                               traceback_V_30|         array|
|traceback_V_30_d0        |  out|    2|   ap_memory|                                               traceback_V_30|         array|
|traceback_V_31_address0  |  out|   11|   ap_memory|                                               traceback_V_31|         array|
|traceback_V_31_ce0       |  out|    1|   ap_memory|                                               traceback_V_31|         array|
|traceback_V_31_we0       |  out|    1|   ap_memory|                                               traceback_V_31|         array|
|traceback_V_31_d0        |  out|    2|   ap_memory|                                               traceback_V_31|         array|
+-------------------------+-----+-----+------------+-------------------------------------------------------------+--------------+

