

================================================================
== Vitis HLS Report for 'seq_align_multiple'
================================================================
* Date:           Tue Aug  8 00:17:13 2023

* Version:        2022.1 (Build 3526262 on Mon Apr 18 15:47:01 MDT 2022)
* Project:        local_seq_multiple_align_sa
* Solution:       solution1 (Vitis Kernel Flow Target)
* Product family: zynquplus
* Target device:  xczu7ev-ffvc1156-2-i


================================================================
== Performance Estimates
================================================================
+ Timing: 
    * Summary: 
    +--------+---------+----------+------------+
    |  Clock |  Target | Estimated| Uncertainty|
    +--------+---------+----------+------------+
    |ap_clk  |  4.00 ns|  5.248 ns|     1.08 ns|
    +--------+---------+----------+------------+

+ Latency: 
    * Summary: 
    +---------+---------+----------+----------+-----+-----+---------+
    |  Latency (cycles) |  Latency (absolute) |  Interval | Pipeline|
    |   min   |   max   |    min   |    max   | min | max |   Type  |
    +---------+---------+----------+----------+-----+-----+---------+
    |        ?|        ?|         ?|         ?|    ?|    ?|       no|
    +---------+---------+----------+----------+-----+-----+---------+

    + Detail: 
        * Instance: 
        +-----------------------------+------------------+---------+---------+----------+----------+-----+-----+---------+
        |                             |                  |  Latency (cycles) |  Latency (absolute) |  Interval | Pipeline|
        |           Instance          |      Module      |   min   |   max   |    min   |    max   | min | max |   Type  |
        +-----------------------------+------------------+---------+---------+----------+----------+-----+-----+---------+
        |grp_seq_align_global_fu_118  |seq_align_global  |        ?|        ?|         ?|         ?|    ?|    ?|       no|
        +-----------------------------+------------------+---------+---------+----------+----------+-----+-----+---------+

        * Loop: 
        N/A



================================================================
== Utilization Estimates
================================================================
* Summary: 
+-----------------+---------+------+--------+--------+-----+
|       Name      | BRAM_18K|  DSP |   FF   |   LUT  | URAM|
+-----------------+---------+------+--------+--------+-----+
|DSP              |        -|     -|       -|       -|    -|
|Expression       |        -|     -|       0|       2|    -|
|FIFO             |        -|     -|       -|       -|    -|
|Instance         |       33|     -|   16586|   44264|    0|
|Memory           |        -|     -|       -|       -|    -|
|Multiplexer      |        -|     -|       -|     420|    -|
|Register         |        -|     -|     140|       -|    -|
+-----------------+---------+------+--------+--------+-----+
|Total            |       33|     0|   16726|   44686|    0|
+-----------------+---------+------+--------+--------+-----+
|Available        |      624|  1728|  460800|  230400|   96|
+-----------------+---------+------+--------+--------+-----+
|Utilization (%)  |        5|     0|       3|      19|    0|
+-----------------+---------+------+--------+--------+-----+

+ Detail: 
    * Instance: 
    +-----------------------------+------------------+---------+----+-------+-------+-----+
    |           Instance          |      Module      | BRAM_18K| DSP|   FF  |  LUT  | URAM|
    +-----------------------------+------------------+---------+----+-------+-------+-----+
    |control_s_axi_U              |control_s_axi     |        0|   0|    106|    168|    0|
    |gmem_m_axi_U                 |gmem_m_axi        |        0|   0|    710|   1274|    0|
    |grp_seq_align_global_fu_118  |seq_align_global  |       33|   0|  15770|  42822|    0|
    +-----------------------------+------------------+---------+----+-------+-------+-----+
    |Total                        |                  |       33|   0|  16586|  44264|    0|
    +-----------------------------+------------------+---------+----+-------+-------+-----+

    * DSP: 
    N/A

    * Memory: 
    N/A

    * FIFO: 
    N/A

    * Expression: 
    +-----------------+----------+----+---+----+------------+------------+
    |  Variable Name  | Operation| DSP| FF| LUT| Bitwidth P0| Bitwidth P1|
    +-----------------+----------+----+---+----+------------+------------+
    |ap_block_state1  |        or|   0|  0|   2|           1|           1|
    +-----------------+----------+----+---+----+------------+------------+
    |Total            |          |   0|  0|   2|           1|           1|
    +-----------------+----------+----+---+----+------------+------------+

    * Multiplexer: 
    +---------------------------------------------+-----+-----------+-----+-----------+
    |                     Name                    | LUT | Input Size| Bits| Total Bits|
    +---------------------------------------------+-----+-----------+-----+-----------+
    |ap_NS_fsm                                    |  366|         72|    1|         72|
    |ap_done                                      |    9|          2|    1|          2|
    |gmem_blk_n_AW                                |    9|          2|    1|          2|
    |gmem_blk_n_B                                 |    9|          2|    1|          2|
    |gmem_blk_n_W                                 |    9|          2|    1|          2|
    |query_string_comp_0_TREADY_int_regslice      |    9|          2|    1|          2|
    |reference_string_comp_0_TREADY_int_regslice  |    9|          2|    1|          2|
    +---------------------------------------------+-----+-----------+-----+-----------+
    |Total                                        |  420|         84|    7|         84|
    +---------------------------------------------+-----+-----------+-----+-----------+

    * Register: 
    +------------------------------------------+----+----+-----+-----------+
    |                   Name                   | FF | LUT| Bits| Const Bits|
    +------------------------------------------+----+----+-----+-----------+
    |ap_CS_fsm                                 |  71|   0|   71|          0|
    |ap_done_reg                               |   1|   0|    1|          0|
    |ap_rst_n_inv                              |   1|   0|    1|          0|
    |ap_rst_reg_1                              |   1|   0|    1|          0|
    |ap_rst_reg_2                              |   1|   0|    1|          0|
    |gmem_addr_reg_147                         |  64|   0|   64|          0|
    |grp_seq_align_global_fu_118_ap_start_reg  |   1|   0|    1|          0|
    +------------------------------------------+----+----+-----+-----------+
    |Total                                     | 140|   0|  140|          0|
    +------------------------------------------+----+----+-----+-----------+



================================================================
== Interface
================================================================
* Summary: 
+--------------------------------+-----+-----+---------------+-------------------------+--------------+
|            RTL Ports           | Dir | Bits|    Protocol   |      Source Object      |    C Type    |
+--------------------------------+-----+-----+---------------+-------------------------+--------------+
|s_axi_control_AWVALID           |   in|    1|          s_axi|                  control|        scalar|
|s_axi_control_AWREADY           |  out|    1|          s_axi|                  control|        scalar|
|s_axi_control_AWADDR            |   in|    5|          s_axi|                  control|        scalar|
|s_axi_control_WVALID            |   in|    1|          s_axi|                  control|        scalar|
|s_axi_control_WREADY            |  out|    1|          s_axi|                  control|        scalar|
|s_axi_control_WDATA             |   in|   32|          s_axi|                  control|        scalar|
|s_axi_control_WSTRB             |   in|    4|          s_axi|                  control|        scalar|
|s_axi_control_ARVALID           |   in|    1|          s_axi|                  control|        scalar|
|s_axi_control_ARREADY           |  out|    1|          s_axi|                  control|        scalar|
|s_axi_control_ARADDR            |   in|    5|          s_axi|                  control|        scalar|
|s_axi_control_RVALID            |  out|    1|          s_axi|                  control|        scalar|
|s_axi_control_RREADY            |   in|    1|          s_axi|                  control|        scalar|
|s_axi_control_RDATA             |  out|   32|          s_axi|                  control|        scalar|
|s_axi_control_RRESP             |  out|    2|          s_axi|                  control|        scalar|
|s_axi_control_BVALID            |  out|    1|          s_axi|                  control|        scalar|
|s_axi_control_BREADY            |   in|    1|          s_axi|                  control|        scalar|
|s_axi_control_BRESP             |  out|    2|          s_axi|                  control|        scalar|
|ap_clk                          |   in|    1|  ap_ctrl_chain|       seq_align_multiple|  return value|
|ap_rst_n                        |   in|    1|  ap_ctrl_chain|       seq_align_multiple|  return value|
|interrupt                       |  out|    1|  ap_ctrl_chain|       seq_align_multiple|  return value|
|m_axi_gmem_AWVALID              |  out|    1|          m_axi|                     gmem|       pointer|
|m_axi_gmem_AWREADY              |   in|    1|          m_axi|                     gmem|       pointer|
|m_axi_gmem_AWADDR               |  out|   64|          m_axi|                     gmem|       pointer|
|m_axi_gmem_AWID                 |  out|    1|          m_axi|                     gmem|       pointer|
|m_axi_gmem_AWLEN                |  out|    8|          m_axi|                     gmem|       pointer|
|m_axi_gmem_AWSIZE               |  out|    3|          m_axi|                     gmem|       pointer|
|m_axi_gmem_AWBURST              |  out|    2|          m_axi|                     gmem|       pointer|
|m_axi_gmem_AWLOCK               |  out|    2|          m_axi|                     gmem|       pointer|
|m_axi_gmem_AWCACHE              |  out|    4|          m_axi|                     gmem|       pointer|
|m_axi_gmem_AWPROT               |  out|    3|          m_axi|                     gmem|       pointer|
|m_axi_gmem_AWQOS                |  out|    4|          m_axi|                     gmem|       pointer|
|m_axi_gmem_AWREGION             |  out|    4|          m_axi|                     gmem|       pointer|
|m_axi_gmem_AWUSER               |  out|    1|          m_axi|                     gmem|       pointer|
|m_axi_gmem_WVALID               |  out|    1|          m_axi|                     gmem|       pointer|
|m_axi_gmem_WREADY               |   in|    1|          m_axi|                     gmem|       pointer|
|m_axi_gmem_WDATA                |  out|   32|          m_axi|                     gmem|       pointer|
|m_axi_gmem_WSTRB                |  out|    4|          m_axi|                     gmem|       pointer|
|m_axi_gmem_WLAST                |  out|    1|          m_axi|                     gmem|       pointer|
|m_axi_gmem_WID                  |  out|    1|          m_axi|                     gmem|       pointer|
|m_axi_gmem_WUSER                |  out|    1|          m_axi|                     gmem|       pointer|
|m_axi_gmem_ARVALID              |  out|    1|          m_axi|                     gmem|       pointer|
|m_axi_gmem_ARREADY              |   in|    1|          m_axi|                     gmem|       pointer|
|m_axi_gmem_ARADDR               |  out|   64|          m_axi|                     gmem|       pointer|
|m_axi_gmem_ARID                 |  out|    1|          m_axi|                     gmem|       pointer|
|m_axi_gmem_ARLEN                |  out|    8|          m_axi|                     gmem|       pointer|
|m_axi_gmem_ARSIZE               |  out|    3|          m_axi|                     gmem|       pointer|
|m_axi_gmem_ARBURST              |  out|    2|          m_axi|                     gmem|       pointer|
|m_axi_gmem_ARLOCK               |  out|    2|          m_axi|                     gmem|       pointer|
|m_axi_gmem_ARCACHE              |  out|    4|          m_axi|                     gmem|       pointer|
|m_axi_gmem_ARPROT               |  out|    3|          m_axi|                     gmem|       pointer|
|m_axi_gmem_ARQOS                |  out|    4|          m_axi|                     gmem|       pointer|
|m_axi_gmem_ARREGION             |  out|    4|          m_axi|                     gmem|       pointer|
|m_axi_gmem_ARUSER               |  out|    1|          m_axi|                     gmem|       pointer|
|m_axi_gmem_RVALID               |   in|    1|          m_axi|                     gmem|       pointer|
|m_axi_gmem_RREADY               |  out|    1|          m_axi|                     gmem|       pointer|
|m_axi_gmem_RDATA                |   in|   32|          m_axi|                     gmem|       pointer|
|m_axi_gmem_RLAST                |   in|    1|          m_axi|                     gmem|       pointer|
|m_axi_gmem_RID                  |   in|    1|          m_axi|                     gmem|       pointer|
|m_axi_gmem_RUSER                |   in|    1|          m_axi|                     gmem|       pointer|
|m_axi_gmem_RRESP                |   in|    2|          m_axi|                     gmem|       pointer|
|m_axi_gmem_BVALID               |   in|    1|          m_axi|                     gmem|       pointer|
|m_axi_gmem_BREADY               |  out|    1|          m_axi|                     gmem|       pointer|
|m_axi_gmem_BRESP                |   in|    2|          m_axi|                     gmem|       pointer|
|m_axi_gmem_BID                  |   in|    1|          m_axi|                     gmem|       pointer|
|m_axi_gmem_BUSER                |   in|    1|          m_axi|                     gmem|       pointer|
|query_string_comp_0_TDATA       |   in|    8|           axis|      query_string_comp_0|       pointer|
|query_string_comp_0_TVALID      |   in|    1|           axis|      query_string_comp_0|       pointer|
|query_string_comp_0_TREADY      |  out|    1|           axis|      query_string_comp_0|       pointer|
|query_string_comp_1_TDATA       |   in|    8|           axis|      query_string_comp_1|       pointer|
|query_string_comp_1_TVALID      |   in|    1|           axis|      query_string_comp_1|       pointer|
|query_string_comp_1_TREADY      |  out|    1|           axis|      query_string_comp_1|       pointer|
|query_string_comp_2_TDATA       |   in|    8|           axis|      query_string_comp_2|       pointer|
|query_string_comp_2_TVALID      |   in|    1|           axis|      query_string_comp_2|       pointer|
|query_string_comp_2_TREADY      |  out|    1|           axis|      query_string_comp_2|       pointer|
|query_string_comp_3_TDATA       |   in|    8|           axis|      query_string_comp_3|       pointer|
|query_string_comp_3_TVALID      |   in|    1|           axis|      query_string_comp_3|       pointer|
|query_string_comp_3_TREADY      |  out|    1|           axis|      query_string_comp_3|       pointer|
|query_string_comp_4_TDATA       |   in|    8|           axis|      query_string_comp_4|       pointer|
|query_string_comp_4_TVALID      |   in|    1|           axis|      query_string_comp_4|       pointer|
|query_string_comp_4_TREADY      |  out|    1|           axis|      query_string_comp_4|       pointer|
|query_string_comp_5_TDATA       |   in|    8|           axis|      query_string_comp_5|       pointer|
|query_string_comp_5_TVALID      |   in|    1|           axis|      query_string_comp_5|       pointer|
|query_string_comp_5_TREADY      |  out|    1|           axis|      query_string_comp_5|       pointer|
|query_string_comp_6_TDATA       |   in|    8|           axis|      query_string_comp_6|       pointer|
|query_string_comp_6_TVALID      |   in|    1|           axis|      query_string_comp_6|       pointer|
|query_string_comp_6_TREADY      |  out|    1|           axis|      query_string_comp_6|       pointer|
|query_string_comp_7_TDATA       |   in|    8|           axis|      query_string_comp_7|       pointer|
|query_string_comp_7_TVALID      |   in|    1|           axis|      query_string_comp_7|       pointer|
|query_string_comp_7_TREADY      |  out|    1|           axis|      query_string_comp_7|       pointer|
|reference_string_comp_0_TDATA   |   in|    8|           axis|  reference_string_comp_0|       pointer|
|reference_string_comp_0_TVALID  |   in|    1|           axis|  reference_string_comp_0|       pointer|
|reference_string_comp_0_TREADY  |  out|    1|           axis|  reference_string_comp_0|       pointer|
|reference_string_comp_1_TDATA   |   in|    8|           axis|  reference_string_comp_1|       pointer|
|reference_string_comp_1_TVALID  |   in|    1|           axis|  reference_string_comp_1|       pointer|
|reference_string_comp_1_TREADY  |  out|    1|           axis|  reference_string_comp_1|       pointer|
|reference_string_comp_2_TDATA   |   in|    8|           axis|  reference_string_comp_2|       pointer|
|reference_string_comp_2_TVALID  |   in|    1|           axis|  reference_string_comp_2|       pointer|
|reference_string_comp_2_TREADY  |  out|    1|           axis|  reference_string_comp_2|       pointer|
|reference_string_comp_3_TDATA   |   in|    8|           axis|  reference_string_comp_3|       pointer|
|reference_string_comp_3_TVALID  |   in|    1|           axis|  reference_string_comp_3|       pointer|
|reference_string_comp_3_TREADY  |  out|    1|           axis|  reference_string_comp_3|       pointer|
|reference_string_comp_4_TDATA   |   in|    8|           axis|  reference_string_comp_4|       pointer|
|reference_string_comp_4_TVALID  |   in|    1|           axis|  reference_string_comp_4|       pointer|
|reference_string_comp_4_TREADY  |  out|    1|           axis|  reference_string_comp_4|       pointer|
|reference_string_comp_5_TDATA   |   in|    8|           axis|  reference_string_comp_5|       pointer|
|reference_string_comp_5_TVALID  |   in|    1|           axis|  reference_string_comp_5|       pointer|
|reference_string_comp_5_TREADY  |  out|    1|           axis|  reference_string_comp_5|       pointer|
|reference_string_comp_6_TDATA   |   in|    8|           axis|  reference_string_comp_6|       pointer|
|reference_string_comp_6_TVALID  |   in|    1|           axis|  reference_string_comp_6|       pointer|
|reference_string_comp_6_TREADY  |  out|    1|           axis|  reference_string_comp_6|       pointer|
|reference_string_comp_7_TDATA   |   in|    8|           axis|  reference_string_comp_7|       pointer|
|reference_string_comp_7_TVALID  |   in|    1|           axis|  reference_string_comp_7|       pointer|
|reference_string_comp_7_TREADY  |  out|    1|           axis|  reference_string_comp_7|       pointer|
+--------------------------------+-----+-----+---------------+-------------------------+--------------+

