

================================================================
== Vitis HLS Report for 'seq_align_global_Pipeline_VITIS_LOOP_795_6'
================================================================
* Date:           Tue Aug  8 00:16:51 2023

* Version:        2022.1 (Build 3526262 on Mon Apr 18 15:47:01 MDT 2022)
* Project:        local_seq_multiple_align_sa
* Solution:       solution1 (Vitis Kernel Flow Target)
* Product family: zynquplus
* Target device:  xczu7ev-ffvc1156-2-i


================================================================
== Performance Estimates
================================================================
+ Timing: 
    * Summary: 
    +--------+---------+----------+------------+
    |  Clock |  Target | Estimated| Uncertainty|
    +--------+---------+----------+------------+
    |ap_clk  |  4.00 ns|  1.558 ns|     1.08 ns|
    +--------+---------+----------+------------+

+ Latency: 
    * Summary: 
    +---------+---------+----------+----------+-----+-----+---------+
    |  Latency (cycles) |  Latency (absolute) |  Interval | Pipeline|
    |   min   |   max   |    min   |    max   | min | max |   Type  |
    +---------+---------+----------+----------+-----+-----+---------+
    |      258|      258|  1.032 us|  1.032 us|  258|  258|       no|
    +---------+---------+----------+----------+-----+-----+---------+

    + Detail: 
        * Instance: 
        N/A

        * Loop: 
        +--------------------+---------+---------+----------+-----------+-----------+------+----------+
        |                    |  Latency (cycles) | Iteration|  Initiation Interval  | Trip |          |
        |      Loop Name     |   min   |   max   |  Latency |  achieved |   target  | Count| Pipelined|
        +--------------------+---------+---------+----------+-----------+-----------+------+----------+
        |- VITIS_LOOP_795_6  |      256|      256|         1|          1|          1|   256|       yes|
        +--------------------+---------+---------+----------+-----------+-----------+------+----------+



================================================================
== Utilization Estimates
================================================================
* Summary: 
+-----------------+---------+------+--------+--------+-----+
|       Name      | BRAM_18K|  DSP |   FF   |   LUT  | URAM|
+-----------------+---------+------+--------+--------+-----+
|DSP              |        -|     -|       -|       -|    -|
|Expression       |        -|     -|       0|      31|    -|
|FIFO             |        -|     -|       -|       -|    -|
|Instance         |        -|     -|       -|       -|    -|
|Memory           |        -|     -|       -|       -|    -|
|Multiplexer      |        -|     -|       -|      36|    -|
|Register         |        -|     -|      11|       -|    -|
+-----------------+---------+------+--------+--------+-----+
|Total            |        0|     0|      11|      67|    0|
+-----------------+---------+------+--------+--------+-----+
|Available        |      624|  1728|  460800|  230400|   96|
+-----------------+---------+------+--------+--------+-----+
|Utilization (%)  |        0|     0|      ~0|      ~0|    0|
+-----------------+---------+------+--------+--------+-----+

+ Detail: 
    * Instance: 
    N/A

    * DSP: 
    N/A

    * Memory: 
    N/A

    * FIFO: 
    N/A

    * Expression: 
    +----------------------------------+----------+----+---+----+------------+------------+
    |           Variable Name          | Operation| DSP| FF| LUT| Bitwidth P0| Bitwidth P1|
    +----------------------------------+----------+----+---+----+------------+------------+
    |add_ln795_fu_642_p2               |         +|   0|  0|  16|           9|           1|
    |ap_condition_962                  |       and|   0|  0|   2|           1|           1|
    |icmp_ln795_fu_636_p2              |      icmp|   0|  0|  11|           9|          10|
    |ap_block_state1_pp0_stage0_iter0  |        or|   0|  0|   2|           1|           1|
    +----------------------------------+----------+----+---+----+------------+------------+
    |Total                             |          |   0|  0|  31|          20|          13|
    +----------------------------------+----------+----+---+----+------------+------------+

    * Multiplexer: 
    +-------------------------------------+----+-----------+-----+-----------+
    |                 Name                | LUT| Input Size| Bits| Total Bits|
    +-------------------------------------+----+-----------+-----+-----------+
    |ap_done_int                          |   9|          2|    1|          2|
    |ap_sig_allocacmp_i_3                 |   9|          2|    9|         18|
    |i_fu_170                             |   9|          2|    9|         18|
    |reference_string_comp_0_TDATA_blk_n  |   9|          2|    1|          2|
    +-------------------------------------+----+-----------+-----+-----------+
    |Total                                |  36|          8|   20|         40|
    +-------------------------------------+----+-----------+-----+-----------+

    * Register: 
    +-------------+---+----+-----+-----------+
    |     Name    | FF| LUT| Bits| Const Bits|
    +-------------+---+----+-----+-----------+
    |ap_CS_fsm    |  1|   0|    1|          0|
    |ap_done_reg  |  1|   0|    1|          0|
    |i_fu_170     |  9|   0|    9|          0|
    +-------------+---+----+-----+-----------+
    |Total        | 11|   0|   11|          0|
    +-------------+---+----+-----+-----------+



================================================================
== Interface
================================================================
* Summary: 
+--------------------------------+-----+-----+------------+--------------------------------------------+--------------+
|            RTL Ports           | Dir | Bits|  Protocol  |                Source Object               |    C Type    |
+--------------------------------+-----+-----+------------+--------------------------------------------+--------------+
|ap_clk                          |   in|    1|  ap_ctrl_hs|  seq_align_global_Pipeline_VITIS_LOOP_795_6|  return value|
|ap_rst                          |   in|    1|  ap_ctrl_hs|  seq_align_global_Pipeline_VITIS_LOOP_795_6|  return value|
|ap_start                        |   in|    1|  ap_ctrl_hs|  seq_align_global_Pipeline_VITIS_LOOP_795_6|  return value|
|ap_done                         |  out|    1|  ap_ctrl_hs|  seq_align_global_Pipeline_VITIS_LOOP_795_6|  return value|
|ap_idle                         |  out|    1|  ap_ctrl_hs|  seq_align_global_Pipeline_VITIS_LOOP_795_6|  return value|
|ap_ready                        |  out|    1|  ap_ctrl_hs|  seq_align_global_Pipeline_VITIS_LOOP_795_6|  return value|
|reference_string_comp_0_TVALID  |   in|    1|        axis|                     reference_string_comp_0|       pointer|
|reference_string_comp_0_TDATA   |   in|    8|        axis|                     reference_string_comp_0|       pointer|
|reference_string_comp_0_TREADY  |  out|    1|        axis|                     reference_string_comp_0|       pointer|
|local_reference_address0        |  out|    3|   ap_memory|                             local_reference|         array|
|local_reference_ce0             |  out|    1|   ap_memory|                             local_reference|         array|
|local_reference_we0             |  out|    1|   ap_memory|                             local_reference|         array|
|local_reference_d0              |  out|    8|   ap_memory|                             local_reference|         array|
|local_reference_1_address0      |  out|    3|   ap_memory|                           local_reference_1|         array|
|local_reference_1_ce0           |  out|    1|   ap_memory|                           local_reference_1|         array|
|local_reference_1_we0           |  out|    1|   ap_memory|                           local_reference_1|         array|
|local_reference_1_d0            |  out|    8|   ap_memory|                           local_reference_1|         array|
|local_reference_2_address0      |  out|    3|   ap_memory|                           local_reference_2|         array|
|local_reference_2_ce0           |  out|    1|   ap_memory|                           local_reference_2|         array|
|local_reference_2_we0           |  out|    1|   ap_memory|                           local_reference_2|         array|
|local_reference_2_d0            |  out|    8|   ap_memory|                           local_reference_2|         array|
|local_reference_3_address0      |  out|    3|   ap_memory|                           local_reference_3|         array|
|local_reference_3_ce0           |  out|    1|   ap_memory|                           local_reference_3|         array|
|local_reference_3_we0           |  out|    1|   ap_memory|                           local_reference_3|         array|
|local_reference_3_d0            |  out|    8|   ap_memory|                           local_reference_3|         array|
|local_reference_4_address0      |  out|    3|   ap_memory|                           local_reference_4|         array|
|local_reference_4_ce0           |  out|    1|   ap_memory|                           local_reference_4|         array|
|local_reference_4_we0           |  out|    1|   ap_memory|                           local_reference_4|         array|
|local_reference_4_d0            |  out|    8|   ap_memory|                           local_reference_4|         array|
|local_reference_5_address0      |  out|    3|   ap_memory|                           local_reference_5|         array|
|local_reference_5_ce0           |  out|    1|   ap_memory|                           local_reference_5|         array|
|local_reference_5_we0           |  out|    1|   ap_memory|                           local_reference_5|         array|
|local_reference_5_d0            |  out|    8|   ap_memory|                           local_reference_5|         array|
|local_reference_6_address0      |  out|    3|   ap_memory|                           local_reference_6|         array|
|local_reference_6_ce0           |  out|    1|   ap_memory|                           local_reference_6|         array|
|local_reference_6_we0           |  out|    1|   ap_memory|                           local_reference_6|         array|
|local_reference_6_d0            |  out|    8|   ap_memory|                           local_reference_6|         array|
|local_reference_7_address0      |  out|    3|   ap_memory|                           local_reference_7|         array|
|local_reference_7_ce0           |  out|    1|   ap_memory|                           local_reference_7|         array|
|local_reference_7_we0           |  out|    1|   ap_memory|                           local_reference_7|         array|
|local_reference_7_d0            |  out|    8|   ap_memory|                           local_reference_7|         array|
|local_reference_8_address0      |  out|    3|   ap_memory|                           local_reference_8|         array|
|local_reference_8_ce0           |  out|    1|   ap_memory|                           local_reference_8|         array|
|local_reference_8_we0           |  out|    1|   ap_memory|                           local_reference_8|         array|
|local_reference_8_d0            |  out|    8|   ap_memory|                           local_reference_8|         array|
|local_reference_9_address0      |  out|    3|   ap_memory|                           local_reference_9|         array|
|local_reference_9_ce0           |  out|    1|   ap_memory|                           local_reference_9|         array|
|local_reference_9_we0           |  out|    1|   ap_memory|                           local_reference_9|         array|
|local_reference_9_d0            |  out|    8|   ap_memory|                           local_reference_9|         array|
|local_reference_10_address0     |  out|    3|   ap_memory|                          local_reference_10|         array|
|local_reference_10_ce0          |  out|    1|   ap_memory|                          local_reference_10|         array|
|local_reference_10_we0          |  out|    1|   ap_memory|                          local_reference_10|         array|
|local_reference_10_d0           |  out|    8|   ap_memory|                          local_reference_10|         array|
|local_reference_11_address0     |  out|    3|   ap_memory|                          local_reference_11|         array|
|local_reference_11_ce0          |  out|    1|   ap_memory|                          local_reference_11|         array|
|local_reference_11_we0          |  out|    1|   ap_memory|                          local_reference_11|         array|
|local_reference_11_d0           |  out|    8|   ap_memory|                          local_reference_11|         array|
|local_reference_12_address0     |  out|    3|   ap_memory|                          local_reference_12|         array|
|local_reference_12_ce0          |  out|    1|   ap_memory|                          local_reference_12|         array|
|local_reference_12_we0          |  out|    1|   ap_memory|                          local_reference_12|         array|
|local_reference_12_d0           |  out|    8|   ap_memory|                          local_reference_12|         array|
|local_reference_13_address0     |  out|    3|   ap_memory|                          local_reference_13|         array|
|local_reference_13_ce0          |  out|    1|   ap_memory|                          local_reference_13|         array|
|local_reference_13_we0          |  out|    1|   ap_memory|                          local_reference_13|         array|
|local_reference_13_d0           |  out|    8|   ap_memory|                          local_reference_13|         array|
|local_reference_14_address0     |  out|    3|   ap_memory|                          local_reference_14|         array|
|local_reference_14_ce0          |  out|    1|   ap_memory|                          local_reference_14|         array|
|local_reference_14_we0          |  out|    1|   ap_memory|                          local_reference_14|         array|
|local_reference_14_d0           |  out|    8|   ap_memory|                          local_reference_14|         array|
|local_reference_15_address0     |  out|    3|   ap_memory|                          local_reference_15|         array|
|local_reference_15_ce0          |  out|    1|   ap_memory|                          local_reference_15|         array|
|local_reference_15_we0          |  out|    1|   ap_memory|                          local_reference_15|         array|
|local_reference_15_d0           |  out|    8|   ap_memory|                          local_reference_15|         array|
|local_reference_16_address0     |  out|    3|   ap_memory|                          local_reference_16|         array|
|local_reference_16_ce0          |  out|    1|   ap_memory|                          local_reference_16|         array|
|local_reference_16_we0          |  out|    1|   ap_memory|                          local_reference_16|         array|
|local_reference_16_d0           |  out|    8|   ap_memory|                          local_reference_16|         array|
|local_reference_17_address0     |  out|    3|   ap_memory|                          local_reference_17|         array|
|local_reference_17_ce0          |  out|    1|   ap_memory|                          local_reference_17|         array|
|local_reference_17_we0          |  out|    1|   ap_memory|                          local_reference_17|         array|
|local_reference_17_d0           |  out|    8|   ap_memory|                          local_reference_17|         array|
|local_reference_18_address0     |  out|    3|   ap_memory|                          local_reference_18|         array|
|local_reference_18_ce0          |  out|    1|   ap_memory|                          local_reference_18|         array|
|local_reference_18_we0          |  out|    1|   ap_memory|                          local_reference_18|         array|
|local_reference_18_d0           |  out|    8|   ap_memory|                          local_reference_18|         array|
|local_reference_19_address0     |  out|    3|   ap_memory|                          local_reference_19|         array|
|local_reference_19_ce0          |  out|    1|   ap_memory|                          local_reference_19|         array|
|local_reference_19_we0          |  out|    1|   ap_memory|                          local_reference_19|         array|
|local_reference_19_d0           |  out|    8|   ap_memory|                          local_reference_19|         array|
|local_reference_20_address0     |  out|    3|   ap_memory|                          local_reference_20|         array|
|local_reference_20_ce0          |  out|    1|   ap_memory|                          local_reference_20|         array|
|local_reference_20_we0          |  out|    1|   ap_memory|                          local_reference_20|         array|
|local_reference_20_d0           |  out|    8|   ap_memory|                          local_reference_20|         array|
|local_reference_21_address0     |  out|    3|   ap_memory|                          local_reference_21|         array|
|local_reference_21_ce0          |  out|    1|   ap_memory|                          local_reference_21|         array|
|local_reference_21_we0          |  out|    1|   ap_memory|                          local_reference_21|         array|
|local_reference_21_d0           |  out|    8|   ap_memory|                          local_reference_21|         array|
|local_reference_22_address0     |  out|    3|   ap_memory|                          local_reference_22|         array|
|local_reference_22_ce0          |  out|    1|   ap_memory|                          local_reference_22|         array|
|local_reference_22_we0          |  out|    1|   ap_memory|                          local_reference_22|         array|
|local_reference_22_d0           |  out|    8|   ap_memory|                          local_reference_22|         array|
|local_reference_23_address0     |  out|    3|   ap_memory|                          local_reference_23|         array|
|local_reference_23_ce0          |  out|    1|   ap_memory|                          local_reference_23|         array|
|local_reference_23_we0          |  out|    1|   ap_memory|                          local_reference_23|         array|
|local_reference_23_d0           |  out|    8|   ap_memory|                          local_reference_23|         array|
|local_reference_24_address0     |  out|    3|   ap_memory|                          local_reference_24|         array|
|local_reference_24_ce0          |  out|    1|   ap_memory|                          local_reference_24|         array|
|local_reference_24_we0          |  out|    1|   ap_memory|                          local_reference_24|         array|
|local_reference_24_d0           |  out|    8|   ap_memory|                          local_reference_24|         array|
|local_reference_25_address0     |  out|    3|   ap_memory|                          local_reference_25|         array|
|local_reference_25_ce0          |  out|    1|   ap_memory|                          local_reference_25|         array|
|local_reference_25_we0          |  out|    1|   ap_memory|                          local_reference_25|         array|
|local_reference_25_d0           |  out|    8|   ap_memory|                          local_reference_25|         array|
|local_reference_26_address0     |  out|    3|   ap_memory|                          local_reference_26|         array|
|local_reference_26_ce0          |  out|    1|   ap_memory|                          local_reference_26|         array|
|local_reference_26_we0          |  out|    1|   ap_memory|                          local_reference_26|         array|
|local_reference_26_d0           |  out|    8|   ap_memory|                          local_reference_26|         array|
|local_reference_27_address0     |  out|    3|   ap_memory|                          local_reference_27|         array|
|local_reference_27_ce0          |  out|    1|   ap_memory|                          local_reference_27|         array|
|local_reference_27_we0          |  out|    1|   ap_memory|                          local_reference_27|         array|
|local_reference_27_d0           |  out|    8|   ap_memory|                          local_reference_27|         array|
|local_reference_28_address0     |  out|    3|   ap_memory|                          local_reference_28|         array|
|local_reference_28_ce0          |  out|    1|   ap_memory|                          local_reference_28|         array|
|local_reference_28_we0          |  out|    1|   ap_memory|                          local_reference_28|         array|
|local_reference_28_d0           |  out|    8|   ap_memory|                          local_reference_28|         array|
|local_reference_29_address0     |  out|    3|   ap_memory|                          local_reference_29|         array|
|local_reference_29_ce0          |  out|    1|   ap_memory|                          local_reference_29|         array|
|local_reference_29_we0          |  out|    1|   ap_memory|                          local_reference_29|         array|
|local_reference_29_d0           |  out|    8|   ap_memory|                          local_reference_29|         array|
|local_reference_30_address0     |  out|    3|   ap_memory|                          local_reference_30|         array|
|local_reference_30_ce0          |  out|    1|   ap_memory|                          local_reference_30|         array|
|local_reference_30_we0          |  out|    1|   ap_memory|                          local_reference_30|         array|
|local_reference_30_d0           |  out|    8|   ap_memory|                          local_reference_30|         array|
|local_reference_31_address0     |  out|    3|   ap_memory|                          local_reference_31|         array|
|local_reference_31_ce0          |  out|    1|   ap_memory|                          local_reference_31|         array|
|local_reference_31_we0          |  out|    1|   ap_memory|                          local_reference_31|         array|
|local_reference_31_d0           |  out|    8|   ap_memory|                          local_reference_31|         array|
+--------------------------------+-----+-----+------------+--------------------------------------------+--------------+

