

================================================================
== Vitis HLS Report for 'seq_align_global_Pipeline_local_dpmem_loop_VITIS_LOOP_767_1'
================================================================
* Date:           Tue Aug  8 00:16:50 2023

* Version:        2022.1 (Build 3526262 on Mon Apr 18 15:47:01 MDT 2022)
* Project:        local_seq_multiple_align_sa
* Solution:       solution1 (Vitis Kernel Flow Target)
* Product family: zynquplus
* Target device:  xczu7ev-ffvc1156-2-i


================================================================
== Performance Estimates
================================================================
+ Timing: 
    * Summary: 
    +--------+---------+----------+------------+
    |  Clock |  Target | Estimated| Uncertainty|
    +--------+---------+----------+------------+
    |ap_clk  |  4.00 ns|  2.377 ns|     1.08 ns|
    +--------+---------+----------+------------+

+ Latency: 
    * Summary: 
    +---------+---------+----------+----------+-----+-----+---------+
    |  Latency (cycles) |  Latency (absolute) |  Interval | Pipeline|
    |   min   |   max   |    min   |    max   | min | max |   Type  |
    +---------+---------+----------+----------+-----+-----+---------+
    |       98|       98|  0.392 us|  0.392 us|   98|   98|       no|
    +---------+---------+----------+----------+-----+-----+---------+

    + Detail: 
        * Instance: 
        N/A

        * Loop: 
        +-------------------------------------+---------+---------+----------+-----------+-----------+------+----------+
        |                                     |  Latency (cycles) | Iteration|  Initiation Interval  | Trip |          |
        |              Loop Name              |   min   |   max   |  Latency |  achieved |   target  | Count| Pipelined|
        +-------------------------------------+---------+---------+----------+-----------+-----------+------+----------+
        |- local_dpmem_loop_VITIS_LOOP_767_1  |       96|       96|         1|          1|          1|    96|       yes|
        +-------------------------------------+---------+---------+----------+-----------+-----------+------+----------+



================================================================
== Utilization Estimates
================================================================
* Summary: 
+-----------------+---------+------+--------+--------+-----+
|       Name      | BRAM_18K|  DSP |   FF   |   LUT  | URAM|
+-----------------+---------+------+--------+--------+-----+
|DSP              |        -|     -|       -|       -|    -|
|Expression       |        -|     -|       0|      64|    -|
|FIFO             |        -|     -|       -|       -|    -|
|Instance         |        -|     -|       -|       -|    -|
|Memory           |        -|     -|       -|       -|    -|
|Multiplexer      |        -|     -|       -|      63|    -|
|Register         |        -|     -|      17|       -|    -|
+-----------------+---------+------+--------+--------+-----+
|Total            |        0|     0|      17|     127|    0|
+-----------------+---------+------+--------+--------+-----+
|Available        |      624|  1728|  460800|  230400|   96|
+-----------------+---------+------+--------+--------+-----+
|Utilization (%)  |        0|     0|      ~0|      ~0|    0|
+-----------------+---------+------+--------+--------+-----+

+ Detail: 
    * Instance: 
    N/A

    * DSP: 
    N/A

    * Memory: 
    N/A

    * FIFO: 
    N/A

    * Expression: 
    +------------------------+----------+----+---+----+------------+------------+
    |      Variable Name     | Operation| DSP| FF| LUT| Bitwidth P0| Bitwidth P1|
    +------------------------+----------+----+---+----+------------+------------+
    |add_ln765_1_fu_640_p2   |         +|   0|  0|  14|           7|           1|
    |add_ln765_fu_652_p2     |         +|   0|  0|   9|           2|           1|
    |add_ln767_fu_1062_p2    |         +|   0|  0|  13|           6|           1|
    |icmp_ln765_fu_634_p2    |      icmp|   0|  0|  10|           7|           7|
    |icmp_ln767_fu_658_p2    |      icmp|   0|  0|  10|           6|           7|
    |select_ln746_fu_664_p3  |    select|   0|  0|   6|           1|           1|
    |select_ln765_fu_672_p3  |    select|   0|  0|   2|           1|           2|
    +------------------------+----------+----+---+----+------------+------------+
    |Total                   |          |   0|  0|  64|          30|          20|
    +------------------------+----------+----+---+----+------------+------------+

    * Multiplexer: 
    +--------------------------------------+----+-----------+-----+-----------+
    |                 Name                 | LUT| Input Size| Bits| Total Bits|
    +--------------------------------------+----+-----------+-----+-----------+
    |ap_done_int                           |   9|          2|    1|          2|
    |ap_sig_allocacmp_gg_load              |   9|          2|    2|          4|
    |ap_sig_allocacmp_ij_load              |   9|          2|    6|         12|
    |ap_sig_allocacmp_indvar_flatten_load  |   9|          2|    7|         14|
    |gg_fu_230                             |   9|          2|    2|          4|
    |ij_fu_226                             |   9|          2|    6|         12|
    |indvar_flatten_fu_234                 |   9|          2|    7|         14|
    +--------------------------------------+----+-----------+-----+-----------+
    |Total                                 |  63|         14|   31|         62|
    +--------------------------------------+----+-----------+-----+-----------+

    * Register: 
    +-----------------------+---+----+-----+-----------+
    |          Name         | FF| LUT| Bits| Const Bits|
    +-----------------------+---+----+-----+-----------+
    |ap_CS_fsm              |  1|   0|    1|          0|
    |ap_done_reg            |  1|   0|    1|          0|
    |gg_fu_230              |  2|   0|    2|          0|
    |ij_fu_226              |  6|   0|    6|          0|
    |indvar_flatten_fu_234  |  7|   0|    7|          0|
    +-----------------------+---+----+-----+-----------+
    |Total                  | 17|   0|   17|          0|
    +-----------------------+---+----+-----+-----------+



================================================================
== Interface
================================================================
* Summary: 
+----------------------+-----+-----+------------+-------------------------------------------------------------+--------------+
|       RTL Ports      | Dir | Bits|  Protocol  |                        Source Object                        |    C Type    |
+----------------------+-----+-----+------------+-------------------------------------------------------------+--------------+
|ap_clk                |   in|    1|  ap_ctrl_hs|  seq_align_global_Pipeline_local_dpmem_loop_VITIS_LOOP_767_1|  return value|
|ap_rst                |   in|    1|  ap_ctrl_hs|  seq_align_global_Pipeline_local_dpmem_loop_VITIS_LOOP_767_1|  return value|
|ap_start              |   in|    1|  ap_ctrl_hs|  seq_align_global_Pipeline_local_dpmem_loop_VITIS_LOOP_767_1|  return value|
|ap_done               |  out|    1|  ap_ctrl_hs|  seq_align_global_Pipeline_local_dpmem_loop_VITIS_LOOP_767_1|  return value|
|ap_idle               |  out|    1|  ap_ctrl_hs|  seq_align_global_Pipeline_local_dpmem_loop_VITIS_LOOP_767_1|  return value|
|ap_ready              |  out|    1|  ap_ctrl_hs|  seq_align_global_Pipeline_local_dpmem_loop_VITIS_LOOP_767_1|  return value|
|dp_mem_62_out         |  out|   32|      ap_vld|                                                dp_mem_62_out|       pointer|
|dp_mem_62_out_ap_vld  |  out|    1|      ap_vld|                                                dp_mem_62_out|       pointer|
|dp_mem_61_out         |  out|   32|      ap_vld|                                                dp_mem_61_out|       pointer|
|dp_mem_61_out_ap_vld  |  out|    1|      ap_vld|                                                dp_mem_61_out|       pointer|
|dp_mem_60_out         |  out|   32|      ap_vld|                                                dp_mem_60_out|       pointer|
|dp_mem_60_out_ap_vld  |  out|    1|      ap_vld|                                                dp_mem_60_out|       pointer|
|dp_mem_59_out         |  out|   32|      ap_vld|                                                dp_mem_59_out|       pointer|
|dp_mem_59_out_ap_vld  |  out|    1|      ap_vld|                                                dp_mem_59_out|       pointer|
|dp_mem_58_out         |  out|   32|      ap_vld|                                                dp_mem_58_out|       pointer|
|dp_mem_58_out_ap_vld  |  out|    1|      ap_vld|                                                dp_mem_58_out|       pointer|
|dp_mem_57_out         |  out|   32|      ap_vld|                                                dp_mem_57_out|       pointer|
|dp_mem_57_out_ap_vld  |  out|    1|      ap_vld|                                                dp_mem_57_out|       pointer|
|dp_mem_56_out         |  out|   32|      ap_vld|                                                dp_mem_56_out|       pointer|
|dp_mem_56_out_ap_vld  |  out|    1|      ap_vld|                                                dp_mem_56_out|       pointer|
|dp_mem_55_out         |  out|   32|      ap_vld|                                                dp_mem_55_out|       pointer|
|dp_mem_55_out_ap_vld  |  out|    1|      ap_vld|                                                dp_mem_55_out|       pointer|
|dp_mem_54_out         |  out|   32|      ap_vld|                                                dp_mem_54_out|       pointer|
|dp_mem_54_out_ap_vld  |  out|    1|      ap_vld|                                                dp_mem_54_out|       pointer|
|dp_mem_53_out         |  out|   32|      ap_vld|                                                dp_mem_53_out|       pointer|
|dp_mem_53_out_ap_vld  |  out|    1|      ap_vld|                                                dp_mem_53_out|       pointer|
|dp_mem_52_out         |  out|   32|      ap_vld|                                                dp_mem_52_out|       pointer|
|dp_mem_52_out_ap_vld  |  out|    1|      ap_vld|                                                dp_mem_52_out|       pointer|
|dp_mem_51_out         |  out|   32|      ap_vld|                                                dp_mem_51_out|       pointer|
|dp_mem_51_out_ap_vld  |  out|    1|      ap_vld|                                                dp_mem_51_out|       pointer|
|dp_mem_50_out         |  out|   32|      ap_vld|                                                dp_mem_50_out|       pointer|
|dp_mem_50_out_ap_vld  |  out|    1|      ap_vld|                                                dp_mem_50_out|       pointer|
|dp_mem_49_out         |  out|   32|      ap_vld|                                                dp_mem_49_out|       pointer|
|dp_mem_49_out_ap_vld  |  out|    1|      ap_vld|                                                dp_mem_49_out|       pointer|
|dp_mem_48_out         |  out|   32|      ap_vld|                                                dp_mem_48_out|       pointer|
|dp_mem_48_out_ap_vld  |  out|    1|      ap_vld|                                                dp_mem_48_out|       pointer|
|dp_mem_47_out         |  out|   32|      ap_vld|                                                dp_mem_47_out|       pointer|
|dp_mem_47_out_ap_vld  |  out|    1|      ap_vld|                                                dp_mem_47_out|       pointer|
|dp_mem_46_out         |  out|   32|      ap_vld|                                                dp_mem_46_out|       pointer|
|dp_mem_46_out_ap_vld  |  out|    1|      ap_vld|                                                dp_mem_46_out|       pointer|
|dp_mem_45_out         |  out|   32|      ap_vld|                                                dp_mem_45_out|       pointer|
|dp_mem_45_out_ap_vld  |  out|    1|      ap_vld|                                                dp_mem_45_out|       pointer|
|dp_mem_44_out         |  out|   32|      ap_vld|                                                dp_mem_44_out|       pointer|
|dp_mem_44_out_ap_vld  |  out|    1|      ap_vld|                                                dp_mem_44_out|       pointer|
|dp_mem_43_out         |  out|   32|      ap_vld|                                                dp_mem_43_out|       pointer|
|dp_mem_43_out_ap_vld  |  out|    1|      ap_vld|                                                dp_mem_43_out|       pointer|
|dp_mem_42_out         |  out|   32|      ap_vld|                                                dp_mem_42_out|       pointer|
|dp_mem_42_out_ap_vld  |  out|    1|      ap_vld|                                                dp_mem_42_out|       pointer|
|dp_mem_41_out         |  out|   32|      ap_vld|                                                dp_mem_41_out|       pointer|
|dp_mem_41_out_ap_vld  |  out|    1|      ap_vld|                                                dp_mem_41_out|       pointer|
|dp_mem_40_out         |  out|   32|      ap_vld|                                                dp_mem_40_out|       pointer|
|dp_mem_40_out_ap_vld  |  out|    1|      ap_vld|                                                dp_mem_40_out|       pointer|
|dp_mem_39_out         |  out|   32|      ap_vld|                                                dp_mem_39_out|       pointer|
|dp_mem_39_out_ap_vld  |  out|    1|      ap_vld|                                                dp_mem_39_out|       pointer|
|dp_mem_38_out         |  out|   32|      ap_vld|                                                dp_mem_38_out|       pointer|
|dp_mem_38_out_ap_vld  |  out|    1|      ap_vld|                                                dp_mem_38_out|       pointer|
|dp_mem_37_out         |  out|   32|      ap_vld|                                                dp_mem_37_out|       pointer|
|dp_mem_37_out_ap_vld  |  out|    1|      ap_vld|                                                dp_mem_37_out|       pointer|
|dp_mem_36_out         |  out|   32|      ap_vld|                                                dp_mem_36_out|       pointer|
|dp_mem_36_out_ap_vld  |  out|    1|      ap_vld|                                                dp_mem_36_out|       pointer|
|dp_mem_35_out         |  out|   32|      ap_vld|                                                dp_mem_35_out|       pointer|
|dp_mem_35_out_ap_vld  |  out|    1|      ap_vld|                                                dp_mem_35_out|       pointer|
|dp_mem_34_out         |  out|   32|      ap_vld|                                                dp_mem_34_out|       pointer|
|dp_mem_34_out_ap_vld  |  out|    1|      ap_vld|                                                dp_mem_34_out|       pointer|
|dp_mem_33_out         |  out|   32|      ap_vld|                                                dp_mem_33_out|       pointer|
|dp_mem_33_out_ap_vld  |  out|    1|      ap_vld|                                                dp_mem_33_out|       pointer|
|dp_mem_32_out         |  out|   32|      ap_vld|                                                dp_mem_32_out|       pointer|
|dp_mem_32_out_ap_vld  |  out|    1|      ap_vld|                                                dp_mem_32_out|       pointer|
|dp_mem_31_out         |  out|   32|      ap_vld|                                                dp_mem_31_out|       pointer|
|dp_mem_31_out_ap_vld  |  out|    1|      ap_vld|                                                dp_mem_31_out|       pointer|
|dp_mem_30_out         |  out|   32|      ap_vld|                                                dp_mem_30_out|       pointer|
|dp_mem_30_out_ap_vld  |  out|    1|      ap_vld|                                                dp_mem_30_out|       pointer|
|dp_mem_29_out         |  out|   32|      ap_vld|                                                dp_mem_29_out|       pointer|
|dp_mem_29_out_ap_vld  |  out|    1|      ap_vld|                                                dp_mem_29_out|       pointer|
|dp_mem_28_out         |  out|   32|      ap_vld|                                                dp_mem_28_out|       pointer|
|dp_mem_28_out_ap_vld  |  out|    1|      ap_vld|                                                dp_mem_28_out|       pointer|
|dp_mem_27_out         |  out|   32|      ap_vld|                                                dp_mem_27_out|       pointer|
|dp_mem_27_out_ap_vld  |  out|    1|      ap_vld|                                                dp_mem_27_out|       pointer|
|dp_mem_26_out         |  out|   32|      ap_vld|                                                dp_mem_26_out|       pointer|
|dp_mem_26_out_ap_vld  |  out|    1|      ap_vld|                                                dp_mem_26_out|       pointer|
|dp_mem_25_out         |  out|   32|      ap_vld|                                                dp_mem_25_out|       pointer|
|dp_mem_25_out_ap_vld  |  out|    1|      ap_vld|                                                dp_mem_25_out|       pointer|
|dp_mem_24_out         |  out|   32|      ap_vld|                                                dp_mem_24_out|       pointer|
|dp_mem_24_out_ap_vld  |  out|    1|      ap_vld|                                                dp_mem_24_out|       pointer|
|dp_mem_23_out         |  out|   32|      ap_vld|                                                dp_mem_23_out|       pointer|
|dp_mem_23_out_ap_vld  |  out|    1|      ap_vld|                                                dp_mem_23_out|       pointer|
|dp_mem_22_out         |  out|   32|      ap_vld|                                                dp_mem_22_out|       pointer|
|dp_mem_22_out_ap_vld  |  out|    1|      ap_vld|                                                dp_mem_22_out|       pointer|
|dp_mem_21_out         |  out|   32|      ap_vld|                                                dp_mem_21_out|       pointer|
|dp_mem_21_out_ap_vld  |  out|    1|      ap_vld|                                                dp_mem_21_out|       pointer|
|dp_mem_20_out         |  out|   32|      ap_vld|                                                dp_mem_20_out|       pointer|
|dp_mem_20_out_ap_vld  |  out|    1|      ap_vld|                                                dp_mem_20_out|       pointer|
|dp_mem_19_out         |  out|   32|      ap_vld|                                                dp_mem_19_out|       pointer|
|dp_mem_19_out_ap_vld  |  out|    1|      ap_vld|                                                dp_mem_19_out|       pointer|
|dp_mem_18_out         |  out|   32|      ap_vld|                                                dp_mem_18_out|       pointer|
|dp_mem_18_out_ap_vld  |  out|    1|      ap_vld|                                                dp_mem_18_out|       pointer|
|dp_mem_17_out         |  out|   32|      ap_vld|                                                dp_mem_17_out|       pointer|
|dp_mem_17_out_ap_vld  |  out|    1|      ap_vld|                                                dp_mem_17_out|       pointer|
|dp_mem_16_out         |  out|   32|      ap_vld|                                                dp_mem_16_out|       pointer|
|dp_mem_16_out_ap_vld  |  out|    1|      ap_vld|                                                dp_mem_16_out|       pointer|
|dp_mem_15_out         |  out|   32|      ap_vld|                                                dp_mem_15_out|       pointer|
|dp_mem_15_out_ap_vld  |  out|    1|      ap_vld|                                                dp_mem_15_out|       pointer|
|dp_mem_14_out         |  out|   32|      ap_vld|                                                dp_mem_14_out|       pointer|
|dp_mem_14_out_ap_vld  |  out|    1|      ap_vld|                                                dp_mem_14_out|       pointer|
|dp_mem_13_out         |  out|   32|      ap_vld|                                                dp_mem_13_out|       pointer|
|dp_mem_13_out_ap_vld  |  out|    1|      ap_vld|                                                dp_mem_13_out|       pointer|
|dp_mem_12_out         |  out|   32|      ap_vld|                                                dp_mem_12_out|       pointer|
|dp_mem_12_out_ap_vld  |  out|    1|      ap_vld|                                                dp_mem_12_out|       pointer|
|dp_mem_11_out         |  out|   32|      ap_vld|                                                dp_mem_11_out|       pointer|
|dp_mem_11_out_ap_vld  |  out|    1|      ap_vld|                                                dp_mem_11_out|       pointer|
|dp_mem_10_out         |  out|   32|      ap_vld|                                                dp_mem_10_out|       pointer|
|dp_mem_10_out_ap_vld  |  out|    1|      ap_vld|                                                dp_mem_10_out|       pointer|
|dp_mem_9_out          |  out|   32|      ap_vld|                                                 dp_mem_9_out|       pointer|
|dp_mem_9_out_ap_vld   |  out|    1|      ap_vld|                                                 dp_mem_9_out|       pointer|
|dp_mem_8_out          |  out|   32|      ap_vld|                                                 dp_mem_8_out|       pointer|
|dp_mem_8_out_ap_vld   |  out|    1|      ap_vld|                                                 dp_mem_8_out|       pointer|
|dp_mem_7_out          |  out|   32|      ap_vld|                                                 dp_mem_7_out|       pointer|
|dp_mem_7_out_ap_vld   |  out|    1|      ap_vld|                                                 dp_mem_7_out|       pointer|
|dp_mem_6_out          |  out|   32|      ap_vld|                                                 dp_mem_6_out|       pointer|
|dp_mem_6_out_ap_vld   |  out|    1|      ap_vld|                                                 dp_mem_6_out|       pointer|
|dp_mem_5_out          |  out|   32|      ap_vld|                                                 dp_mem_5_out|       pointer|
|dp_mem_5_out_ap_vld   |  out|    1|      ap_vld|                                                 dp_mem_5_out|       pointer|
|dp_mem_4_out          |  out|   32|      ap_vld|                                                 dp_mem_4_out|       pointer|
|dp_mem_4_out_ap_vld   |  out|    1|      ap_vld|                                                 dp_mem_4_out|       pointer|
|dp_mem_3_out          |  out|   32|      ap_vld|                                                 dp_mem_3_out|       pointer|
|dp_mem_3_out_ap_vld   |  out|    1|      ap_vld|                                                 dp_mem_3_out|       pointer|
|dp_mem_2_out          |  out|   32|      ap_vld|                                                 dp_mem_2_out|       pointer|
|dp_mem_2_out_ap_vld   |  out|    1|      ap_vld|                                                 dp_mem_2_out|       pointer|
|dp_mem_1_out          |  out|   32|      ap_vld|                                                 dp_mem_1_out|       pointer|
|dp_mem_1_out_ap_vld   |  out|    1|      ap_vld|                                                 dp_mem_1_out|       pointer|
|dp_mem_out            |  out|   32|      ap_vld|                                                   dp_mem_out|       pointer|
|dp_mem_out_ap_vld     |  out|    1|      ap_vld|                                                   dp_mem_out|       pointer|
+----------------------+-----+-----+------------+-------------------------------------------------------------+--------------+

