INFO: [v++ 60-1306] Additional information associated with this v++ compile can be found at:
	Reports: /home/centos/Desktop/DP-HLS/compile/_x/reports/global_affine_k
	Log files: /home/centos/Desktop/DP-HLS/compile/_x/logs/global_affine_k
INFO: [v++ 60-1548] Creating build summary session with primary output /home/centos/Desktop/DP-HLS/compile/build_dir/sw_emu/global_affine_k.xo.compile_summary, at Mon Dec 11 08:29:19 2023
INFO: [v++ 60-1316] Initiating connection to rulecheck server, at Mon Dec 11 08:29:19 2023
INFO: [v++ 60-1315] Creating rulecheck session with output '/home/centos/Desktop/DP-HLS/compile/_x/reports/global_affine_k/v++_compile_global_affine_k_guidance.html', at Mon Dec 11 08:29:20 2023
INFO: [v++ 60-895]   Target platform: /home/centos/Desktop/aws-fpga-exp/Vitis/aws_platform/xilinx_aws-vu9p-f1_shell-v04261818_201920_3/xilinx_aws-vu9p-f1_shell-v04261818_201920_3.xpfm
INFO: [v++ 60-1578]   This platform contains Xilinx Shell Archive '/home/centos/Desktop/aws-fpga-exp/Vitis/aws_platform/xilinx_aws-vu9p-f1_shell-v04261818_201920_3/hw/xilinx_aws-vu9p-f1_shell-v04261818_201920_3.xsa'
INFO: [v++ 74-78] Compiler Version string: 2021.2
INFO: [v++ 60-1302] Platform 'xilinx_aws-vu9p-f1_shell-v04261818_201920_3.xpfm' has been explicitly enabled for this release with an extended warranty.
INFO: [v++ 60-585] Compiling for software emulation target
INFO: [v++ 60-423]   Target device: xilinx_aws-vu9p-f1_shell-v04261818_201920_3
INFO: [v++ 60-242] Creating kernel: 'global_affine_k'

===>The following messages were generated while  performing high-level synthesis for kernel: global_affine_k Log file: /home/centos/Desktop/DP-HLS/compile/_x/global_affine_k/global_affine_k/vitis_hls.log :
ERROR: [v++ 207-2970] no template named 'stream_of_blocks' in namespace 'hls' (/home/centos/Desktop/DP-HLS/src/../include/utils.h:13:40)
ERROR: [v++ 207-2967] no member named 'write_lock' in namespace 'hls' (/home/centos/Desktop/DP-HLS/src/../include/utils.h:15:9)
ERROR: [v++ 207-3439] 'T' does not refer to a value (/home/centos/Desktop/DP-HLS/src/../include/utils.h:15:20)
ERROR: [v++ 207-3771] use of undeclared identifier 'wr' (/home/centos/Desktop/DP-HLS/src/../include/utils.h:18:40)
ERROR: [v++ 207-3771] use of undeclared identifier 'wr' (/home/centos/Desktop/DP-HLS/src/../include/utils.h:23:2)
ERROR: [v++ 207-2970] no template named 'stream_of_blocks' in namespace 'hls' (/home/centos/Desktop/DP-HLS/src/../include/utils.h:139:43)
ERROR: [v++ 207-2967] no member named 'write_lock' in namespace 'hls' (/home/centos/Desktop/DP-HLS/src/../include/utils.h:141:9)
ERROR: [v++ 207-3439] 'T' does not refer to a value (/home/centos/Desktop/DP-HLS/src/../include/utils.h:141:20)
ERROR: [v++ 207-3771] use of undeclared identifier 'wr' (/home/centos/Desktop/DP-HLS/src/../include/utils.h:149:2)
ERROR: [v++ 207-3696] variable has incomplete type 'void' (/home/centos/Desktop/DP-HLS/src/../include/utils.h:155:8)
ERROR: [v++ 207-2967] no member named 'stream_of_blocks' in namespace 'hls' (/home/centos/Desktop/DP-HLS/src/../include/utils.h:155:45)
ERROR: [v++ 207-3439] 'T' does not refer to a value (/home/centos/Desktop/DP-HLS/src/../include/utils.h:155:62)
ERROR: [v++ 207-3771] use of undeclared identifier 'stream_block' (/home/centos/Desktop/DP-HLS/src/../include/utils.h:155:72)
ERROR: [v++ 207-3771] use of undeclared identifier 'arr' (/home/centos/Desktop/DP-HLS/src/../include/utils.h:155:28)
ERROR: [v++ 207-1219] expected ';' at end of declaration (/home/centos/Desktop/DP-HLS/src/../include/utils.h:155:85)
ERROR: [v++ 207-1228] expected unqualified-id (/home/centos/Desktop/DP-HLS/src/../include/utils.h:156:3)
ERROR: [v++ 207-1228] expected unqualified-id (/home/centos/Desktop/DP-HLS/src/../include/utils.h:161:9)
ERROR: [v++ 207-1228] expected unqualified-id (/home/centos/Desktop/DP-HLS/src/../include/utils.h:164:9)
ERROR: [v++ 207-1237] extraneous closing brace ('}') (/home/centos/Desktop/DP-HLS/src/../include/utils.h:168:3)
ERROR: [v++ 207-59] too many errors emitted, stopping now
ERROR: [v++ 60-300] Failed to build kernel(ip) global_affine_k, see log for details: /home/centos/Desktop/DP-HLS/compile/_x/global_affine_k/global_affine_k/vitis_hls.log
ERROR: [v++ 60-773] In '/home/centos/Desktop/DP-HLS/compile/_x/global_affine_k/global_affine_k/vitis_hls.log', caught Tcl error: ERROR: [HLS 207-2970] no template named 'stream_of_blocks' in namespace 'hls' (/home/centos/Desktop/DP-HLS/src/../include/utils.h:13:40)
ERROR: [v++ 60-773] In '/home/centos/Desktop/DP-HLS/compile/_x/global_affine_k/global_affine_k/vitis_hls.log', caught Tcl error: ERROR: [HLS 207-2967] no member named 'write_lock' in namespace 'hls' (/home/centos/Desktop/DP-HLS/src/../include/utils.h:15:9)
ERROR: [v++ 60-773] In '/home/centos/Desktop/DP-HLS/compile/_x/global_affine_k/global_affine_k/vitis_hls.log', caught Tcl error: ERROR: [HLS 207-3439] 'T' does not refer to a value (/home/centos/Desktop/DP-HLS/src/../include/utils.h:15:20)
ERROR: [v++ 60-773] In '/home/centos/Desktop/DP-HLS/compile/_x/global_affine_k/global_affine_k/vitis_hls.log', caught Tcl error: ERROR: [HLS 207-3771] use of undeclared identifier 'wr' (/home/centos/Desktop/DP-HLS/src/../include/utils.h:18:40)
ERROR: [v++ 60-773] In '/home/centos/Desktop/DP-HLS/compile/_x/global_affine_k/global_affine_k/vitis_hls.log', caught Tcl error: ERROR: [HLS 207-3771] use of undeclared identifier 'wr' (/home/centos/Desktop/DP-HLS/src/../include/utils.h:23:2)
ERROR: [v++ 60-773] In '/home/centos/Desktop/DP-HLS/compile/_x/global_affine_k/global_affine_k/vitis_hls.log', caught Tcl error: ERROR: [HLS 207-2970] no template named 'stream_of_blocks' in namespace 'hls' (/home/centos/Desktop/DP-HLS/src/../include/utils.h:139:43)
ERROR: [v++ 60-773] In '/home/centos/Desktop/DP-HLS/compile/_x/global_affine_k/global_affine_k/vitis_hls.log', caught Tcl error: ERROR: [HLS 207-2967] no member named 'write_lock' in namespace 'hls' (/home/centos/Desktop/DP-HLS/src/../include/utils.h:141:9)
ERROR: [v++ 60-773] In '/home/centos/Desktop/DP-HLS/compile/_x/global_affine_k/global_affine_k/vitis_hls.log', caught Tcl error: ERROR: [HLS 207-3439] 'T' does not refer to a value (/home/centos/Desktop/DP-HLS/src/../include/utils.h:141:20)
ERROR: [v++ 60-773] In '/home/centos/Desktop/DP-HLS/compile/_x/global_affine_k/global_affine_k/vitis_hls.log', caught Tcl error: ERROR: [HLS 207-3771] use of undeclared identifier 'wr' (/home/centos/Desktop/DP-HLS/src/../include/utils.h:149:2)
ERROR: [v++ 60-773] In '/home/centos/Desktop/DP-HLS/compile/_x/global_affine_k/global_affine_k/vitis_hls.log', caught Tcl error: ERROR: [HLS 207-3696] variable has incomplete type 'void' (/home/centos/Desktop/DP-HLS/src/../include/utils.h:155:8)
ERROR: [v++ 60-773] In '/home/centos/Desktop/DP-HLS/compile/_x/global_affine_k/global_affine_k/vitis_hls.log', caught Tcl error: ERROR: [HLS 207-2967] no member named 'stream_of_blocks' in namespace 'hls' (/home/centos/Desktop/DP-HLS/src/../include/utils.h:155:45)
ERROR: [v++ 60-773] In '/home/centos/Desktop/DP-HLS/compile/_x/global_affine_k/global_affine_k/vitis_hls.log', caught Tcl error: ERROR: [HLS 207-3439] 'T' does not refer to a value (/home/centos/Desktop/DP-HLS/src/../include/utils.h:155:62)
ERROR: [v++ 60-773] In '/home/centos/Desktop/DP-HLS/compile/_x/global_affine_k/global_affine_k/vitis_hls.log', caught Tcl error: ERROR: [HLS 207-3771] use of undeclared identifier 'stream_block' (/home/centos/Desktop/DP-HLS/src/../include/utils.h:155:72)
ERROR: [v++ 60-773] In '/home/centos/Desktop/DP-HLS/compile/_x/global_affine_k/global_affine_k/vitis_hls.log', caught Tcl error: ERROR: [HLS 207-3771] use of undeclared identifier 'arr' (/home/centos/Desktop/DP-HLS/src/../include/utils.h:155:28)
ERROR: [v++ 60-773] In '/home/centos/Desktop/DP-HLS/compile/_x/global_affine_k/global_affine_k/vitis_hls.log', caught Tcl error: ERROR: [HLS 207-1219] expected ';' at end of declaration (/home/centos/Desktop/DP-HLS/src/../include/utils.h:155:85)
ERROR: [v++ 60-773] In '/home/centos/Desktop/DP-HLS/compile/_x/global_affine_k/global_affine_k/vitis_hls.log', caught Tcl error: ERROR: [HLS 207-1228] expected unqualified-id (/home/centos/Desktop/DP-HLS/src/../include/utils.h:156:3)
ERROR: [v++ 60-773] In '/home/centos/Desktop/DP-HLS/compile/_x/global_affine_k/global_affine_k/vitis_hls.log', caught Tcl error: ERROR: [HLS 207-1228] expected unqualified-id (/home/centos/Desktop/DP-HLS/src/../include/utils.h:161:9)
ERROR: [v++ 60-773] In '/home/centos/Desktop/DP-HLS/compile/_x/global_affine_k/global_affine_k/vitis_hls.log', caught Tcl error: ERROR: [HLS 207-1228] expected unqualified-id (/home/centos/Desktop/DP-HLS/src/../include/utils.h:164:9)
ERROR: [v++ 60-773] In '/home/centos/Desktop/DP-HLS/compile/_x/global_affine_k/global_affine_k/vitis_hls.log', caught Tcl error: ERROR: [HLS 207-1237] extraneous closing brace ('}') (/home/centos/Desktop/DP-HLS/src/../include/utils.h:168:3)
ERROR: [v++ 60-773] In '/home/centos/Desktop/DP-HLS/compile/_x/global_affine_k/global_affine_k/vitis_hls.log', caught Tcl error: ERROR: [HLS 207-59] too many errors emitted, stopping now
ERROR: [v++ 60-599] Kernel compilation failed to complete
ERROR: [v++ 60-592] Failed to finish compilation
