# 
# Steps log generated by v++
# This log file contains a collection of steps that describe the kernel compilation flow
# Note: Some steps are tagged as internal, these steps are for debugging purposes and 
#       are not expected to be able to run independently.
# 

# The following environment variables are set when running v++
Environment variables :
------------------------------------------
_RDI_DONT_SET_XILINX_AS_PATH=True
XDG_SESSION_ID=1
HOSTNAME=ip-172-31-29-19.ec2.internal
TERM_PROGRAM=vscode
XILINX_DSP=
SHELL=/bin/bash
TERM=xterm-256color
MAKEFLAGS=DEVICE=/home/centos/Desktop/aws-fpga-exp/Vitis/aws_platform/xilinx_aws-vu9p-f1_shell-v04261818_201920_3/xilinx_aws-vu9p-f1_shell-v04261818_201920_3.xpfm TARGET=sw_emu
HISTSIZE=1000
SSH_CLIENT=128.54.31.116 61872 22
MYVIVADO=
TERM_PROGRAM_VERSION=1.84.2
RDI_TPS_ROOT=/opt/Xilinx/Vivado/2021.2/tps/lnx64
HDK_SHELL_DIR=/home/centos/Desktop/aws-fpga-exp/hdk/common/shell_v04261818
QTDIR=/usr/lib64/qt-3.3
HDI_PROCESSOR=x86_64
HDK_SHELL_DESIGN_DIR=/home/centos/Desktop/aws-fpga-exp/hdk/common/shell_v04261818/design
QTINC=/usr/lib64/qt-3.3/include
SYNTH_COMMON=/opt/Xilinx/Vitis/2021.2/scripts/rt/data
LC_ALL=en_US.UTF-8
RDI_JAVA_VERSION=11.0.11_9
RT_TCL_PATH=/opt/Xilinx/Vitis/2021.2/scripts/rt/base_tcl/tcl
RDI_PREPEND_PATH=/opt/Xilinx/Vitis/2021.2/bin
QT_GRAPHICSSYSTEM_CHECKED=1
RDI_OPT_EXT=.o
MAKEOVERRIDES=${-*-command-variables-*-}
USER=centos
LS_COLORS=rs=0:di=38;5;27:ln=38;5;51:mh=44;38;5;15:pi=40;38;5;11:so=38;5;13:do=38;5;5:bd=48;5;232;38;5;11:cd=48;5;232;38;5;3:or=48;5;232;38;5;9:mi=05;48;5;232;38;5;15:su=48;5;196;38;5;15:sg=48;5;11;38;5;16:ca=48;5;196;38;5;226:tw=48;5;10;38;5;16:ow=48;5;10;38;5;21:st=48;5;21;38;5;15:ex=38;5;34:*.tar=38;5;9:*.tgz=38;5;9:*.arc=38;5;9:*.arj=38;5;9:*.taz=38;5;9:*.lha=38;5;9:*.lz4=38;5;9:*.lzh=38;5;9:*.lzma=38;5;9:*.tlz=38;5;9:*.txz=38;5;9:*.tzo=38;5;9:*.t7z=38;5;9:*.zip=38;5;9:*.z=38;5;9:*.Z=38;5;9:*.dz=38;5;9:*.gz=38;5;9:*.lrz=38;5;9:*.lz=38;5;9:*.lzo=38;5;9:*.xz=38;5;9:*.bz2=38;5;9:*.bz=38;5;9:*.tbz=38;5;9:*.tbz2=38;5;9:*.tz=38;5;9:*.deb=38;5;9:*.rpm=38;5;9:*.jar=38;5;9:*.war=38;5;9:*.ear=38;5;9:*.sar=38;5;9:*.rar=38;5;9:*.alz=38;5;9:*.ace=38;5;9:*.zoo=38;5;9:*.cpio=38;5;9:*.7z=38;5;9:*.rz=38;5;9:*.cab=38;5;9:*.jpg=38;5;13:*.jpeg=38;5;13:*.gif=38;5;13:*.bmp=38;5;13:*.pbm=38;5;13:*.pgm=38;5;13:*.ppm=38;5;13:*.tga=38;5;13:*.xbm=38;5;13:*.xpm=38;5;13:*.tif=38;5;13:*.tiff=38;5;13:*.png=38;5;13:*.svg=38;5;13:*.svgz=38;5;13:*.mng=38;5;13:*.pcx=38;5;13:*.mov=38;5;13:*.mpg=38;5;13:*.mpeg=38;5;13:*.m2v=38;5;13:*.mkv=38;5;13:*.webm=38;5;13:*.ogm=38;5;13:*.mp4=38;5;13:*.m4v=38;5;13:*.mp4v=38;5;13:*.vob=38;5;13:*.qt=38;5;13:*.nuv=38;5;13:*.wmv=38;5;13:*.asf=38;5;13:*.rm=38;5;13:*.rmvb=38;5;13:*.flc=38;5;13:*.avi=38;5;13:*.fli=38;5;13:*.flv=38;5;13:*.gl=38;5;13:*.dl=38;5;13:*.xcf=38;5;13:*.xwd=38;5;13:*.yuv=38;5;13:*.cgm=38;5;13:*.emf=38;5;13:*.axv=38;5;13:*.anx=38;5;13:*.ogv=38;5;13:*.ogx=38;5;13:*.aac=38;5;45:*.au=38;5;45:*.flac=38;5;45:*.mid=38;5;45:*.midi=38;5;45:*.mka=38;5;45:*.mp3=38;5;45:*.mpc=38;5;45:*.ogg=38;5;45:*.ra=38;5;45:*.wav=38;5;45:*.axa=38;5;45:*.oga=38;5;45:*.spx=38;5;45:*.xspf=38;5;45:
LD_LIBRARY_PATH=/opt/Xilinx/Vitis/2021.2/lib/lnx64.o/Default:/opt/Xilinx/Vitis/2021.2/lib/lnx64.o:/opt/Xilinx/Vitis/2021.2/tps/lnx64/jre11.0.11_9/lib/:/opt/Xilinx/Vitis/2021.2/tps/lnx64/jre11.0.11_9/lib//server:/opt/Xilinx/Vitis/2021.2/lib/lnx64.o/Default:/opt/Xilinx/Vitis/2021.2/lib/lnx64.o:/opt/xilinx/xrt/lib::/opt/Xilinx/Vitis/2021.2/bin/../lnx64/tools/dot/lib
XILINX_ENABLE_AWS_WHITELIST=095707098027
RDI_PATCHROOT=
TCL_LIBRARY=/opt/Xilinx/Vitis/2021.2/tps/tcl/tcl8.5
RDI_PLATFORM=lnx64
AWS_PLATFORM=/home/centos/Desktop/aws-fpga-exp/Vitis/aws_platform/xilinx_aws-vu9p-f1_shell-v04261818_201920_3/xilinx_aws-vu9p-f1_shell-v04261818_201920_3.xpfm
MAKELEVEL=1
VIRTUAL_ENV=/home/centos/venv/dp-hls
RDI_BUILD=yes
MFLAGS=
RT_LIBPATH=/opt/Xilinx/Vitis/2021.2/scripts/rt/data
RDI_LIBDIR=/opt/Xilinx/Vitis/2021.2/lib/lnx64.o/Default:/opt/Xilinx/Vitis/2021.2/lib/lnx64.o
RELEASE_VER=2021.2
PATH=/opt/Xilinx/Vivado/2021.2/tps/lnx64/binutils-2.26/bin:/opt/Xilinx/Vitis/2021.2/bin/../gnu/aarch64/lin/aarch64-linux/bin:/opt/Xilinx/Vitis/2021.2/bin/../gnu/ppc64le/4.9.3/lnx64/bin:/opt/Xilinx/Vitis/2021.2/bin/../gnu/aarch32/lin/gcc-arm-linux-gnueabi/bin:/opt/Xilinx/Vivado/2021.2/tps/lnx64/gcc-6.2.0/bin:/opt/Xilinx/Vivado/2021.2/gnu/microblaze/lin/bin:/opt/Xilinx/Vitis/2021.2/bin:/opt/Xilinx/Vitis/2021.2/tps/lnx64/jre11.0.11_9/bin:/opt/Xilinx/Vivado/2021.2/bin:/home/centos/Desktop/aws-fpga-exp/shared/bin/scripts:/home/centos/venv/dp-hls/bin:/home/centos/.vscode-server/bin/1a5daa3a0231a0fbba4f14db7ec463cf99d7768e/bin/remote-cli:/usr/lib64/qt-3.3/bin:/opt/Xilinx/Vitis_HLS/2021.2/bin:/usr/local/bin:/usr/bin:/usr/local/sbin:/usr/sbin:/srv/git/centos-git-common:/home/centos/.local/bin:/home/centos/bin:/opt/xilinx/xrt/bin
MAIL=/var/spool/mail/centos
XILINX_VITIS=/opt/Xilinx/Vitis/2021.2
HDK_DIR=/home/centos/Desktop/aws-fpga-exp/hdk
SDK_DIR=/home/centos/Desktop/aws-fpga-exp/sdk
PWD=/home/centos/Desktop/DP-HLS/compile
XILINX_XRT=/opt/xilinx/xrt
XIL_CHECK_TCL_DEBUG=False
_LMFILES_=/usr/share/Modules/modulefiles/vitis
SDACCEL_DIR=/home/centos/Desktop/aws-fpga-exp/SDAccel
XILINX_VIVADO_HLS=/opt/Xilinx/Vivado/2021.2
LANG=en_US.UTF-8
MODULEPATH=/usr/share/Modules/modulefiles:/etc/modulefiles
HDK_COMMON_DIR=/home/centos/Desktop/aws-fpga-exp/hdk/common
HDI_APPROOT=/opt/Xilinx/Vitis/2021.2
AWS_PLATFORM_201920_3=/home/centos/Desktop/aws-fpga-exp/Vitis/aws_platform/xilinx_aws-vu9p-f1_shell-v04261818_201920_3/xilinx_aws-vu9p-f1_shell-v04261818_201920_3.xpfm
LOADEDMODULES=vitis
VSCODE_GIT_ASKPASS_EXTRA_ARGS=
XILINX_HLS=/opt/Xilinx/Vitis_HLS/2021.2
VITIS_DIR=/home/centos/Desktop/aws-fpga-exp/Vitis
XILINX_VIVADO=/opt/Xilinx/Vivado/2021.2
XILINX_SDK=/opt/Xilinx/Vitis/2021.2
HISTCONTROL=ignoredups
ISL_IOSTREAMS_RSA=/opt/Xilinx/Vitis/2021.2/tps/isl
HOME=/home/centos
SHLVL=7
RDI_BASEROOT=/opt/Xilinx/Vitis
LANGUAGE=en_US:en
VSCODE_GIT_ASKPASS_MAIN=/home/centos/.vscode-server/bin/1a5daa3a0231a0fbba4f14db7ec463cf99d7768e/extensions/git/dist/askpass-main.js
DEVICE=/home/centos/Desktop/aws-fpga-exp/Vitis/aws_platform/xilinx_aws-vu9p-f1_shell-v04261818_201920_3/xilinx_aws-vu9p-f1_shell-v04261818_201920_3.xpfm
RDI_APPROOT=/opt/Xilinx/Vitis/2021.2
TARGET=sw_emu
LOGNAME=centos
PYTHONPATH=/home/centos/Desktop/aws-fpga-exp/shared/lib:/home/centos/Desktop/aws-fpga-exp/shared/lib:
RDI_JAVA_PLATFORM=
QTLIB=/usr/lib64/qt-3.3/lib
XDG_DATA_DIRS=/home/centos/.local/share/flatpak/exports/share:/var/lib/flatpak/exports/share:/usr/local/share:/usr/share
SSH_CONNECTION=128.54.31.116 61872 172.31.29.19 22
VSCODE_GIT_IPC_HANDLE=/run/user/1000/vscode-git-9da3a4709f.sock
RDI_BINROOT=/opt/Xilinx/Vitis/2021.2/bin
VIVADO_TOOL_VER=2021.2
VSCODE_IPC_HOOK_CLI=/run/user/1000/vscode-ipc-b99dd72e-2cd5-4a12-a58a-0b5b46d6260a.sock
MODULESHOME=/usr/share/Modules
LESSOPEN=||/usr/bin/lesspipe.sh %s
BROWSER=/home/centos/.vscode-server/bin/1a5daa3a0231a0fbba4f14db7ec463cf99d7768e/bin/helpers/browser.sh
VSCODE_GIT_ASKPASS_NODE=/home/centos/.vscode-server/bin/1a5daa3a0231a0fbba4f14db7ec463cf99d7768e/node
GIT_ASKPASS=/home/centos/.vscode-server/bin/1a5daa3a0231a0fbba4f14db7ec463cf99d7768e/extensions/git/dist/askpass.sh
RDI_PROG=/opt/Xilinx/Vitis/2021.2/bin/unwrapped/lnx64.o/v++
XDG_RUNTIME_DIR=/run/user/1000
XIL_NO_OVERRIDE=0
XIL_SUPPRESS_OVERRIDE_WARNINGS=1
XILINX_PLANAHEAD=/opt/Xilinx/Vitis/2021.2
AWS_FPGA_REPO_DIR=/home/centos/Desktop/aws-fpga-exp
HDIPRELDPATH=/opt/Xilinx/Vitis/2021.2/lib/lnx64.o/Default:/opt/Xilinx/Vitis/2021.2/lib/lnx64.o:/opt/xilinx/xrt/lib::/opt/Xilinx/Vitis/2021.2/bin/../lnx64/tools/dot/lib
RDI_INSTALLVER=2021.2
RDI_DATADIR=/opt/Xilinx/Vitis/2021.2/data
COLORTERM=truecolor
RDI_INSTALLROOT=/opt/Xilinx
BASH_FUNC_allow_non_root()=() {  [ ! -z ${AWS_FPGA_ALLOW_NON_ROOT} ]
}
BASH_FUNC_module()=() {  eval `/usr/bin/modulecmd bash $*`
}
BASH_FUNC_allow_others()=() {  [ ! -z ${AWS_FPGA_SDK_OTHERS} ]
}
_=/opt/Xilinx/Vitis/2021.2/bin/unwrapped/lnx64.o/v++
XILINX_CD_CONNECT_ID=40782
XILINX_CD_SESSION=b36dfc8b-d3e2-4317-8e7b-db4b8fc0f1e8
XILINX_RS_PORT=34480
XILINX_RS_SESSION=465c752f-7130-4f45-ac7d-3e71503153ef


V++ command line:
------------------------------------------
/opt/Xilinx/Vitis/2021.2/bin/unwrapped/lnx64.o/v++ -t sw_emu --platform /home/centos/Desktop/aws-fpga-exp/Vitis/aws_platform/xilinx_aws-vu9p-f1_shell-v04261818_201920_3/xilinx_aws-vu9p-f1_shell-v04261818_201920_3.xpfm --save-temps -I../includes -c -k global_affine_k -I../src -o./build_dir/sw_emu/global_affine_k.xo ../src/frontend.cpp 

FINAL PROGRAM OPTIONS
--compile
--include ../includes
--include ../src
--input_files ../src/frontend.cpp
--kernel global_affine_k
--optimize 0
--output ./build_dir/sw_emu/global_affine_k.xo
--platform /home/centos/Desktop/aws-fpga-exp/Vitis/aws_platform/xilinx_aws-vu9p-f1_shell-v04261818_201920_3/xilinx_aws-vu9p-f1_shell-v04261818_201920_3.xpfm
--report_level 0
--save-temps
--target sw_emu

PARSED COMMAND LINE OPTIONS
-t sw_emu 
--platform /home/centos/Desktop/aws-fpga-exp/Vitis/aws_platform/xilinx_aws-vu9p-f1_shell-v04261818_201920_3/xilinx_aws-vu9p-f1_shell-v04261818_201920_3.xpfm 
--save-temps 
-I../includes 
-c 
-k global_affine_k 
-I../src 
-o./build_dir/sw_emu/global_affine_k.xo 
../src/frontend.cpp 

EXPANDED PARAMETERS
From application of optMap.xml: 
 --vivado.prop "run.__KERNEL__.{STEPS.SYNTH_DESIGN.ARGS.MORE OPTIONS}={-directive sdx_optimization_effort_high}" --advanced.misc "report=type report_timing_summary name impl_report_timing_summary_route_design_summary steps {route_design} runs {impl_1} options {-max_paths 10}" --advanced.misc "report=type report_timing_summary name impl_report_timing_summary_post_route_phys_opt_design_summary steps {post_route_phys_opt_design} runs {impl_1} options {-max_paths 10}"


FINAL PLATFORM PATH
/home/centos/Desktop/aws-fpga-exp/Vitis/aws_platform/xilinx_aws-vu9p-f1_shell-v04261818_201920_3/xilinx_aws-vu9p-f1_shell-v04261818_201920_3.xpfm

==========================================
new:  steps log generated by v++ for new launch 
timestamp: 11 Dec 2023 08:29:23
------------------------------------------
step: performing high-level synthesis for kernel:global_affine_k
timestamp: 11 Dec 2023 08:29:27
launch dir: /home/centos/Desktop/DP-HLS/compile/_x/global_affine_k/global_affine_k
cmd: vitis_hls -f /home/centos/Desktop/DP-HLS/compile/_x/global_affine_k/global_affine_k/global_affine_k.tcl -messageDb vitis_hls.pb
V++ internal step status: fail
