remark: ../src/local_seq_align_cpp/seq_align.cpp:126:14: Inlining function 'PE(ap_uint<2>, ap_uint<2>, ap_fixed<10, 6, (ap_q_mode)5, (ap_o_mode)3, 0>, ap_fixed<10, 6, (ap_q_mode)5, (ap_o_mode)3, 0>, ap_fixed<10, 6, (ap_q_mode)5, (ap_o_mode)3, 0>, ap_fixed<10, 6, (ap_q_mode)5, (ap_o_mode)3, 0>*, ap_fixed<10, 6, (ap_q_mode)5, (ap_o_mode)3, 0>, ap_fixed<10, 6, (ap_q_mode)5, (ap_o_mode)3, 0>*, ap_fixed<10, 6, (ap_q_mode)5, (ap_o_mode)3, 0>, ap_fixed<10, 6, (ap_q_mode)5, (ap_o_mode)3, 0>*, ap_fixed<10, 6, (ap_q_mode)5, (ap_o_mode)3, 0>*)' into 'seq_align(ap_uint<2>*, ap_uint<2>*, ap_fixed<10, 6, (ap_q_mode)5, (ap_o_mode)3, 0>*, ap_fixed<10, 6, (ap_q_mode)5, (ap_o_mode)3, 0> (*) [32], ap_fixed<10, 6, (ap_q_mode)5, (ap_o_mode)3, 0> (*) [32], ap_fixed<10, 6, (ap_q_mode)5, (ap_o_mode)3, 0> (*) [32], ap_fixed<10, 6, (ap_q_mode)5, (ap_o_mode)3, 0>*, ap_fixed<10, 6, (ap_q_mode)5, (ap_o_mode)3, 0>*, ap_fixed<10, 6, (ap_q_mode)5, (ap_o_mode)3, 0> (*) [1024])'
remark: ../src/local_seq_align_cpp/seq_align.cpp:120:11: Inlining function 'PE(ap_uint<2>, ap_uint<2>, ap_fixed<10, 6, (ap_q_mode)5, (ap_o_mode)3, 0>, ap_fixed<10, 6, (ap_q_mode)5, (ap_o_mode)3, 0>, ap_fixed<10, 6, (ap_q_mode)5, (ap_o_mode)3, 0>, ap_fixed<10, 6, (ap_q_mode)5, (ap_o_mode)3, 0>*, ap_fixed<10, 6, (ap_q_mode)5, (ap_o_mode)3, 0>, ap_fixed<10, 6, (ap_q_mode)5, (ap_o_mode)3, 0>*, ap_fixed<10, 6, (ap_q_mode)5, (ap_o_mode)3, 0>, ap_fixed<10, 6, (ap_q_mode)5, (ap_o_mode)3, 0>*, ap_fixed<10, 6, (ap_q_mode)5, (ap_o_mode)3, 0>*)' into 'seq_align(ap_uint<2>*, ap_uint<2>*, ap_fixed<10, 6, (ap_q_mode)5, (ap_o_mode)3, 0>*, ap_fixed<10, 6, (ap_q_mode)5, (ap_o_mode)3, 0> (*) [32], ap_fixed<10, 6, (ap_q_mode)5, (ap_o_mode)3, 0> (*) [32], ap_fixed<10, 6, (ap_q_mode)5, (ap_o_mode)3, 0> (*) [32], ap_fixed<10, 6, (ap_q_mode)5, (ap_o_mode)3, 0>*, ap_fixed<10, 6, (ap_q_mode)5, (ap_o_mode)3, 0>*, ap_fixed<10, 6, (ap_q_mode)5, (ap_o_mode)3, 0> (*) [1024])'
remark: ../src/local_seq_align_cpp/seq_align.cpp:97:16: Loop 'cbuff' is marked as complete unroll implied by the pipeline pragma
remark: ../src/local_seq_align_cpp/seq_align.cpp:112:16: Loop 'peloop' is marked as complete unroll implied by the pipeline pragma
remark: ../src/local_seq_align_cpp/seq_align.cpp:215:0: Unrolling loop 'parallel_loop' (../src/local_seq_align_cpp/seq_align.cpp:219:15) in function 'seq_align_multiple' completely with a factor of 2
remark: ../src/local_seq_align_cpp/seq_align.cpp:62:0: Unrolling loop 'cbuff' (../src/local_seq_align_cpp/seq_align.cpp:97:16) in function 'seq_align' completely with a factor of 32
remark: ../src/local_seq_align_cpp/seq_align.cpp:62:0: Unrolling loop 'peloop' (../src/local_seq_align_cpp/seq_align.cpp:112:16) in function 'seq_align' completely with a factor of 32
remark: ../src/local_seq_align_cpp/seq_align.cpp:73:13: Applying array_partition to 'local_query': Complete partitioning on dimension 1.
remark: ../src/local_seq_align_cpp/seq_align.cpp:74:16: Applying array_partition to 'local_reference': Cyclic partitioning with factor 16 on dimension 1.
remark: ../src/local_seq_align_cpp/seq_align.cpp:215:0: Applying array_partition to 'dp_mem': Complete partitioning on dimension 1. Complete partitioning on dimension 2.
remark: ../src/local_seq_align_cpp/seq_align.cpp:215:0: Applying array_partition to 'Ix_mem': Complete partitioning on dimension 1. Complete partitioning on dimension 2.
remark: ../src/local_seq_align_cpp/seq_align.cpp:215:0: Applying array_partition to 'Iy_mem': Complete partitioning on dimension 1. Complete partitioning on dimension 2.
remark: ../src/local_seq_align_cpp/seq_align.cpp:215:0: Applying array_partition to 'dp_matrix1': Cyclic partitioning with factor 16 on dimension 1.
remark: <unknown>:0:0: Aggregating bram variable 'dp_matrix2' with compact=bit mode in 10-bits
remark: <unknown>:0:0: Aggregating bram variable 'dp_matrix1_15' with compact=bit mode in 10-bits
remark: <unknown>:0:0: Aggregating bram variable 'dp_matrix1_14' with compact=bit mode in 10-bits
remark: <unknown>:0:0: Aggregating bram variable 'dp_matrix1_13' with compact=bit mode in 10-bits
remark: <unknown>:0:0: Aggregating bram variable 'dp_matrix1_12' with compact=bit mode in 10-bits
remark: <unknown>:0:0: Aggregating bram variable 'dp_matrix1_11' with compact=bit mode in 10-bits
remark: <unknown>:0:0: Aggregating bram variable 'dp_matrix1_10' with compact=bit mode in 10-bits
remark: <unknown>:0:0: Aggregating bram variable 'dp_matrix1_9' with compact=bit mode in 10-bits
remark: <unknown>:0:0: Aggregating bram variable 'dp_matrix1_8' with compact=bit mode in 10-bits
remark: <unknown>:0:0: Aggregating bram variable 'dp_matrix1_7' with compact=bit mode in 10-bits
remark: <unknown>:0:0: Aggregating bram variable 'dp_matrix1_6' with compact=bit mode in 10-bits
remark: <unknown>:0:0: Aggregating bram variable 'dp_matrix1_5' with compact=bit mode in 10-bits
remark: <unknown>:0:0: Aggregating bram variable 'dp_matrix1_4' with compact=bit mode in 10-bits
remark: <unknown>:0:0: Aggregating bram variable 'dp_matrix1_3' with compact=bit mode in 10-bits
remark: <unknown>:0:0: Aggregating bram variable 'dp_matrix1_2' with compact=bit mode in 10-bits
remark: <unknown>:0:0: Aggregating bram variable 'dp_matrix1_1' with compact=bit mode in 10-bits
remark: <unknown>:0:0: Aggregating bram variable 'dp_matrix1_0' with compact=bit mode in 10-bits
remark: ../src/local_seq_align_cpp/seq_align.cpp:215:0: Aggregating scalar variable 'Iy_mem_1_31' with compact=bit mode in 10-bits
remark: ../src/local_seq_align_cpp/seq_align.cpp:215:0: Aggregating scalar variable 'Iy_mem_1_30' with compact=bit mode in 10-bits
remark: ../src/local_seq_align_cpp/seq_align.cpp:215:0: Aggregating scalar variable 'Iy_mem_1_29' with compact=bit mode in 10-bits
remark: ../src/local_seq_align_cpp/seq_align.cpp:215:0: Aggregating scalar variable 'Iy_mem_1_28' with compact=bit mode in 10-bits
remark: ../src/local_seq_align_cpp/seq_align.cpp:215:0: Aggregating scalar variable 'Iy_mem_1_27' with compact=bit mode in 10-bits
remark: ../src/local_seq_align_cpp/seq_align.cpp:215:0: Aggregating scalar variable 'Iy_mem_1_26' with compact=bit mode in 10-bits
remark: ../src/local_seq_align_cpp/seq_align.cpp:215:0: Aggregating scalar variable 'Iy_mem_1_25' with compact=bit mode in 10-bits
remark: ../src/local_seq_align_cpp/seq_align.cpp:215:0: Aggregating scalar variable 'Iy_mem_1_24' with compact=bit mode in 10-bits
remark: ../src/local_seq_align_cpp/seq_align.cpp:215:0: Aggregating scalar variable 'Iy_mem_1_23' with compact=bit mode in 10-bits
remark: ../src/local_seq_align_cpp/seq_align.cpp:215:0: Aggregating scalar variable 'Iy_mem_1_22' with compact=bit mode in 10-bits
remark: ../src/local_seq_align_cpp/seq_align.cpp:215:0: Aggregating scalar variable 'Iy_mem_1_21' with compact=bit mode in 10-bits
remark: ../src/local_seq_align_cpp/seq_align.cpp:215:0: Aggregating scalar variable 'Iy_mem_1_20' with compact=bit mode in 10-bits
remark: ../src/local_seq_align_cpp/seq_align.cpp:215:0: Aggregating scalar variable 'Iy_mem_1_19' with compact=bit mode in 10-bits
remark: ../src/local_seq_align_cpp/seq_align.cpp:215:0: Aggregating scalar variable 'Iy_mem_1_18' with compact=bit mode in 10-bits
remark: ../src/local_seq_align_cpp/seq_align.cpp:215:0: Aggregating scalar variable 'Iy_mem_1_17' with compact=bit mode in 10-bits
remark: ../src/local_seq_align_cpp/seq_align.cpp:215:0: Aggregating scalar variable 'Iy_mem_1_16' with compact=bit mode in 10-bits
remark: ../src/local_seq_align_cpp/seq_align.cpp:215:0: Aggregating scalar variable 'Iy_mem_1_15' with compact=bit mode in 10-bits
remark: ../src/local_seq_align_cpp/seq_align.cpp:215:0: Aggregating scalar variable 'Iy_mem_1_14' with compact=bit mode in 10-bits
remark: ../src/local_seq_align_cpp/seq_align.cpp:215:0: Aggregating scalar variable 'Iy_mem_1_13' with compact=bit mode in 10-bits
remark: ../src/local_seq_align_cpp/seq_align.cpp:215:0: Aggregating scalar variable 'Iy_mem_1_12' with compact=bit mode in 10-bits
remark: ../src/local_seq_align_cpp/seq_align.cpp:215:0: Aggregating scalar variable 'Iy_mem_1_11' with compact=bit mode in 10-bits
remark: ../src/local_seq_align_cpp/seq_align.cpp:215:0: Aggregating scalar variable 'Iy_mem_1_10' with compact=bit mode in 10-bits
remark: ../src/local_seq_align_cpp/seq_align.cpp:215:0: Aggregating scalar variable 'Iy_mem_1_9' with compact=bit mode in 10-bits
remark: ../src/local_seq_align_cpp/seq_align.cpp:215:0: Aggregating scalar variable 'Iy_mem_1_8' with compact=bit mode in 10-bits
remark: ../src/local_seq_align_cpp/seq_align.cpp:215:0: Aggregating scalar variable 'Iy_mem_1_7' with compact=bit mode in 10-bits
remark: ../src/local_seq_align_cpp/seq_align.cpp:215:0: Aggregating scalar variable 'Iy_mem_1_6' with compact=bit mode in 10-bits
remark: ../src/local_seq_align_cpp/seq_align.cpp:215:0: Aggregating scalar variable 'Iy_mem_1_5' with compact=bit mode in 10-bits
remark: ../src/local_seq_align_cpp/seq_align.cpp:215:0: Aggregating scalar variable 'Iy_mem_1_4' with compact=bit mode in 10-bits
remark: ../src/local_seq_align_cpp/seq_align.cpp:215:0: Aggregating scalar variable 'Iy_mem_1_3' with compact=bit mode in 10-bits
remark: ../src/local_seq_align_cpp/seq_align.cpp:215:0: Aggregating scalar variable 'Iy_mem_1_2' with compact=bit mode in 10-bits
remark: ../src/local_seq_align_cpp/seq_align.cpp:215:0: Aggregating scalar variable 'Iy_mem_1_1' with compact=bit mode in 10-bits
remark: ../src/local_seq_align_cpp/seq_align.cpp:215:0: Aggregating scalar variable 'Iy_mem_1_0' with compact=bit mode in 10-bits
remark: ../src/local_seq_align_cpp/seq_align.cpp:215:0: Aggregating scalar variable 'Iy_mem_0_31' with compact=bit mode in 10-bits
remark: ../src/local_seq_align_cpp/seq_align.cpp:215:0: Aggregating scalar variable 'Iy_mem_0_30' with compact=bit mode in 10-bits
remark: ../src/local_seq_align_cpp/seq_align.cpp:215:0: Aggregating scalar variable 'Iy_mem_0_29' with compact=bit mode in 10-bits
remark: ../src/local_seq_align_cpp/seq_align.cpp:215:0: Aggregating scalar variable 'Iy_mem_0_28' with compact=bit mode in 10-bits
remark: ../src/local_seq_align_cpp/seq_align.cpp:215:0: Aggregating scalar variable 'Iy_mem_0_27' with compact=bit mode in 10-bits
remark: ../src/local_seq_align_cpp/seq_align.cpp:215:0: Aggregating scalar variable 'Iy_mem_0_26' with compact=bit mode in 10-bits
remark: ../src/local_seq_align_cpp/seq_align.cpp:215:0: Aggregating scalar variable 'Iy_mem_0_25' with compact=bit mode in 10-bits
remark: ../src/local_seq_align_cpp/seq_align.cpp:215:0: Aggregating scalar variable 'Iy_mem_0_24' with compact=bit mode in 10-bits
remark: ../src/local_seq_align_cpp/seq_align.cpp:215:0: Aggregating scalar variable 'Iy_mem_0_23' with compact=bit mode in 10-bits
remark: ../src/local_seq_align_cpp/seq_align.cpp:215:0: Aggregating scalar variable 'Iy_mem_0_22' with compact=bit mode in 10-bits
remark: ../src/local_seq_align_cpp/seq_align.cpp:215:0: Aggregating scalar variable 'Iy_mem_0_21' with compact=bit mode in 10-bits
remark: ../src/local_seq_align_cpp/seq_align.cpp:215:0: Aggregating scalar variable 'Iy_mem_0_20' with compact=bit mode in 10-bits
remark: ../src/local_seq_align_cpp/seq_align.cpp:215:0: Aggregating scalar variable 'Iy_mem_0_19' with compact=bit mode in 10-bits
remark: ../src/local_seq_align_cpp/seq_align.cpp:215:0: Aggregating scalar variable 'Iy_mem_0_18' with compact=bit mode in 10-bits
remark: ../src/local_seq_align_cpp/seq_align.cpp:215:0: Aggregating scalar variable 'Iy_mem_0_17' with compact=bit mode in 10-bits
remark: ../src/local_seq_align_cpp/seq_align.cpp:215:0: Aggregating scalar variable 'Iy_mem_0_16' with compact=bit mode in 10-bits
remark: ../src/local_seq_align_cpp/seq_align.cpp:215:0: Aggregating scalar variable 'Iy_mem_0_15' with compact=bit mode in 10-bits
remark: ../src/local_seq_align_cpp/seq_align.cpp:215:0: Aggregating scalar variable 'Iy_mem_0_14' with compact=bit mode in 10-bits
remark: ../src/local_seq_align_cpp/seq_align.cpp:215:0: Aggregating scalar variable 'Iy_mem_0_13' with compact=bit mode in 10-bits
remark: ../src/local_seq_align_cpp/seq_align.cpp:215:0: Aggregating scalar variable 'Iy_mem_0_12' with compact=bit mode in 10-bits
remark: ../src/local_seq_align_cpp/seq_align.cpp:215:0: Aggregating scalar variable 'Iy_mem_0_11' with compact=bit mode in 10-bits
remark: ../src/local_seq_align_cpp/seq_align.cpp:215:0: Aggregating scalar variable 'Iy_mem_0_10' with compact=bit mode in 10-bits
remark: ../src/local_seq_align_cpp/seq_align.cpp:215:0: Aggregating scalar variable 'Iy_mem_0_9' with compact=bit mode in 10-bits
remark: ../src/local_seq_align_cpp/seq_align.cpp:215:0: Aggregating scalar variable 'Iy_mem_0_8' with compact=bit mode in 10-bits
remark: ../src/local_seq_align_cpp/seq_align.cpp:215:0: Aggregating scalar variable 'Iy_mem_0_7' with compact=bit mode in 10-bits
remark: ../src/local_seq_align_cpp/seq_align.cpp:215:0: Aggregating scalar variable 'Iy_mem_0_6' with compact=bit mode in 10-bits
remark: ../src/local_seq_align_cpp/seq_align.cpp:215:0: Aggregating scalar variable 'Iy_mem_0_5' with compact=bit mode in 10-bits
remark: ../src/local_seq_align_cpp/seq_align.cpp:215:0: Aggregating scalar variable 'Iy_mem_0_4' with compact=bit mode in 10-bits
remark: ../src/local_seq_align_cpp/seq_align.cpp:215:0: Aggregating scalar variable 'Iy_mem_0_3' with compact=bit mode in 10-bits
remark: ../src/local_seq_align_cpp/seq_align.cpp:215:0: Aggregating scalar variable 'Iy_mem_0_2' with compact=bit mode in 10-bits
remark: ../src/local_seq_align_cpp/seq_align.cpp:215:0: Aggregating scalar variable 'Iy_mem_0_1' with compact=bit mode in 10-bits
remark: ../src/local_seq_align_cpp/seq_align.cpp:215:0: Aggregating scalar variable 'Iy_mem_0_0' with compact=bit mode in 10-bits
remark: ../src/local_seq_align_cpp/seq_align.cpp:215:0: Aggregating scalar variable 'Ix_mem_1_31' with compact=bit mode in 10-bits
remark: ../src/local_seq_align_cpp/seq_align.cpp:215:0: Aggregating scalar variable 'Ix_mem_1_30' with compact=bit mode in 10-bits
remark: ../src/local_seq_align_cpp/seq_align.cpp:215:0: Aggregating scalar variable 'Ix_mem_1_29' with compact=bit mode in 10-bits
remark: ../src/local_seq_align_cpp/seq_align.cpp:215:0: Aggregating scalar variable 'Ix_mem_1_28' with compact=bit mode in 10-bits
remark: ../src/local_seq_align_cpp/seq_align.cpp:215:0: Aggregating scalar variable 'Ix_mem_1_27' with compact=bit mode in 10-bits
remark: ../src/local_seq_align_cpp/seq_align.cpp:215:0: Aggregating scalar variable 'Ix_mem_1_26' with compact=bit mode in 10-bits
remark: ../src/local_seq_align_cpp/seq_align.cpp:215:0: Aggregating scalar variable 'Ix_mem_1_25' with compact=bit mode in 10-bits
remark: ../src/local_seq_align_cpp/seq_align.cpp:215:0: Aggregating scalar variable 'Ix_mem_1_24' with compact=bit mode in 10-bits
remark: ../src/local_seq_align_cpp/seq_align.cpp:215:0: Aggregating scalar variable 'Ix_mem_1_23' with compact=bit mode in 10-bits
remark: ../src/local_seq_align_cpp/seq_align.cpp:215:0: Aggregating scalar variable 'Ix_mem_1_22' with compact=bit mode in 10-bits
remark: ../src/local_seq_align_cpp/seq_align.cpp:215:0: Aggregating scalar variable 'Ix_mem_1_21' with compact=bit mode in 10-bits
remark: ../src/local_seq_align_cpp/seq_align.cpp:215:0: Aggregating scalar variable 'Ix_mem_1_20' with compact=bit mode in 10-bits
remark: ../src/local_seq_align_cpp/seq_align.cpp:215:0: Aggregating scalar variable 'Ix_mem_1_19' with compact=bit mode in 10-bits
remark: ../src/local_seq_align_cpp/seq_align.cpp:215:0: Aggregating scalar variable 'Ix_mem_1_18' with compact=bit mode in 10-bits
remark: ../src/local_seq_align_cpp/seq_align.cpp:215:0: Aggregating scalar variable 'Ix_mem_1_17' with compact=bit mode in 10-bits
remark: ../src/local_seq_align_cpp/seq_align.cpp:215:0: Aggregating scalar variable 'Ix_mem_1_16' with compact=bit mode in 10-bits
remark: ../src/local_seq_align_cpp/seq_align.cpp:215:0: Aggregating scalar variable 'Ix_mem_1_15' with compact=bit mode in 10-bits
remark: ../src/local_seq_align_cpp/seq_align.cpp:215:0: Aggregating scalar variable 'Ix_mem_1_14' with compact=bit mode in 10-bits
remark: ../src/local_seq_align_cpp/seq_align.cpp:215:0: Aggregating scalar variable 'Ix_mem_1_13' with compact=bit mode in 10-bits
remark: ../src/local_seq_align_cpp/seq_align.cpp:215:0: Aggregating scalar variable 'Ix_mem_1_12' with compact=bit mode in 10-bits
remark: ../src/local_seq_align_cpp/seq_align.cpp:215:0: Aggregating scalar variable 'Ix_mem_1_11' with compact=bit mode in 10-bits
remark: ../src/local_seq_align_cpp/seq_align.cpp:215:0: Aggregating scalar variable 'Ix_mem_1_10' with compact=bit mode in 10-bits
remark: ../src/local_seq_align_cpp/seq_align.cpp:215:0: Aggregating scalar variable 'Ix_mem_1_9' with compact=bit mode in 10-bits
remark: ../src/local_seq_align_cpp/seq_align.cpp:215:0: Aggregating scalar variable 'Ix_mem_1_8' with compact=bit mode in 10-bits
remark: ../src/local_seq_align_cpp/seq_align.cpp:215:0: Aggregating scalar variable 'Ix_mem_1_7' with compact=bit mode in 10-bits
remark: ../src/local_seq_align_cpp/seq_align.cpp:215:0: Aggregating scalar variable 'Ix_mem_1_6' with compact=bit mode in 10-bits
remark: ../src/local_seq_align_cpp/seq_align.cpp:215:0: Aggregating scalar variable 'Ix_mem_1_5' with compact=bit mode in 10-bits
remark: ../src/local_seq_align_cpp/seq_align.cpp:215:0: Aggregating scalar variable 'Ix_mem_1_4' with compact=bit mode in 10-bits
remark: ../src/local_seq_align_cpp/seq_align.cpp:215:0: Aggregating scalar variable 'Ix_mem_1_3' with compact=bit mode in 10-bits
remark: ../src/local_seq_align_cpp/seq_align.cpp:215:0: Aggregating scalar variable 'Ix_mem_1_2' with compact=bit mode in 10-bits
remark: ../src/local_seq_align_cpp/seq_align.cpp:215:0: Aggregating scalar variable 'Ix_mem_1_1' with compact=bit mode in 10-bits
remark: ../src/local_seq_align_cpp/seq_align.cpp:215:0: Aggregating scalar variable 'Ix_mem_1_0' with compact=bit mode in 10-bits
remark: ../src/local_seq_align_cpp/seq_align.cpp:215:0: Aggregating scalar variable 'Ix_mem_0_31' with compact=bit mode in 10-bits
remark: ../src/local_seq_align_cpp/seq_align.cpp:215:0: Aggregating scalar variable 'Ix_mem_0_30' with compact=bit mode in 10-bits
remark: ../src/local_seq_align_cpp/seq_align.cpp:215:0: Aggregating scalar variable 'Ix_mem_0_29' with compact=bit mode in 10-bits
remark: ../src/local_seq_align_cpp/seq_align.cpp:215:0: Aggregating scalar variable 'Ix_mem_0_28' with compact=bit mode in 10-bits
remark: ../src/local_seq_align_cpp/seq_align.cpp:215:0: Aggregating scalar variable 'Ix_mem_0_27' with compact=bit mode in 10-bits
remark: ../src/local_seq_align_cpp/seq_align.cpp:215:0: Aggregating scalar variable 'Ix_mem_0_26' with compact=bit mode in 10-bits
remark: ../src/local_seq_align_cpp/seq_align.cpp:215:0: Aggregating scalar variable 'Ix_mem_0_25' with compact=bit mode in 10-bits
remark: ../src/local_seq_align_cpp/seq_align.cpp:215:0: Aggregating scalar variable 'Ix_mem_0_24' with compact=bit mode in 10-bits
remark: ../src/local_seq_align_cpp/seq_align.cpp:215:0: Aggregating scalar variable 'Ix_mem_0_23' with compact=bit mode in 10-bits
remark: ../src/local_seq_align_cpp/seq_align.cpp:215:0: Aggregating scalar variable 'Ix_mem_0_22' with compact=bit mode in 10-bits
remark: ../src/local_seq_align_cpp/seq_align.cpp:215:0: Aggregating scalar variable 'Ix_mem_0_21' with compact=bit mode in 10-bits
remark: ../src/local_seq_align_cpp/seq_align.cpp:215:0: Aggregating scalar variable 'Ix_mem_0_20' with compact=bit mode in 10-bits
remark: ../src/local_seq_align_cpp/seq_align.cpp:215:0: Aggregating scalar variable 'Ix_mem_0_19' with compact=bit mode in 10-bits
remark: ../src/local_seq_align_cpp/seq_align.cpp:215:0: Aggregating scalar variable 'Ix_mem_0_18' with compact=bit mode in 10-bits
remark: ../src/local_seq_align_cpp/seq_align.cpp:215:0: Aggregating scalar variable 'Ix_mem_0_17' with compact=bit mode in 10-bits
remark: ../src/local_seq_align_cpp/seq_align.cpp:215:0: Aggregating scalar variable 'Ix_mem_0_16' with compact=bit mode in 10-bits
remark: ../src/local_seq_align_cpp/seq_align.cpp:215:0: Aggregating scalar variable 'Ix_mem_0_15' with compact=bit mode in 10-bits
remark: ../src/local_seq_align_cpp/seq_align.cpp:215:0: Aggregating scalar variable 'Ix_mem_0_14' with compact=bit mode in 10-bits
remark: ../src/local_seq_align_cpp/seq_align.cpp:215:0: Aggregating scalar variable 'Ix_mem_0_13' with compact=bit mode in 10-bits
remark: ../src/local_seq_align_cpp/seq_align.cpp:215:0: Aggregating scalar variable 'Ix_mem_0_12' with compact=bit mode in 10-bits
remark: ../src/local_seq_align_cpp/seq_align.cpp:215:0: Aggregating scalar variable 'Ix_mem_0_11' with compact=bit mode in 10-bits
remark: ../src/local_seq_align_cpp/seq_align.cpp:215:0: Aggregating scalar variable 'Ix_mem_0_10' with compact=bit mode in 10-bits
remark: ../src/local_seq_align_cpp/seq_align.cpp:215:0: Aggregating scalar variable 'Ix_mem_0_9' with compact=bit mode in 10-bits
remark: ../src/local_seq_align_cpp/seq_align.cpp:215:0: Aggregating scalar variable 'Ix_mem_0_8' with compact=bit mode in 10-bits
remark: ../src/local_seq_align_cpp/seq_align.cpp:215:0: Aggregating scalar variable 'Ix_mem_0_7' with compact=bit mode in 10-bits
remark: ../src/local_seq_align_cpp/seq_align.cpp:215:0: Aggregating scalar variable 'Ix_mem_0_6' with compact=bit mode in 10-bits
remark: ../src/local_seq_align_cpp/seq_align.cpp:215:0: Aggregating scalar variable 'Ix_mem_0_5' with compact=bit mode in 10-bits
remark: ../src/local_seq_align_cpp/seq_align.cpp:215:0: Aggregating scalar variable 'Ix_mem_0_4' with compact=bit mode in 10-bits
remark: ../src/local_seq_align_cpp/seq_align.cpp:215:0: Aggregating scalar variable 'Ix_mem_0_3' with compact=bit mode in 10-bits
remark: ../src/local_seq_align_cpp/seq_align.cpp:215:0: Aggregating scalar variable 'Ix_mem_0_2' with compact=bit mode in 10-bits
remark: ../src/local_seq_align_cpp/seq_align.cpp:215:0: Aggregating scalar variable 'Ix_mem_0_1' with compact=bit mode in 10-bits
remark: ../src/local_seq_align_cpp/seq_align.cpp:215:0: Aggregating scalar variable 'Ix_mem_0_0' with compact=bit mode in 10-bits
remark: ../src/local_seq_align_cpp/seq_align.cpp:215:0: Aggregating scalar variable 'dp_mem_2_31' with compact=bit mode in 10-bits
remark: ../src/local_seq_align_cpp/seq_align.cpp:215:0: Aggregating scalar variable 'dp_mem_2_30' with compact=bit mode in 10-bits
remark: ../src/local_seq_align_cpp/seq_align.cpp:215:0: Aggregating scalar variable 'dp_mem_2_29' with compact=bit mode in 10-bits
remark: ../src/local_seq_align_cpp/seq_align.cpp:215:0: Aggregating scalar variable 'dp_mem_2_28' with compact=bit mode in 10-bits
remark: ../src/local_seq_align_cpp/seq_align.cpp:215:0: Aggregating scalar variable 'dp_mem_2_27' with compact=bit mode in 10-bits
remark: ../src/local_seq_align_cpp/seq_align.cpp:215:0: Aggregating scalar variable 'dp_mem_2_26' with compact=bit mode in 10-bits
remark: ../src/local_seq_align_cpp/seq_align.cpp:215:0: Aggregating scalar variable 'dp_mem_2_25' with compact=bit mode in 10-bits
remark: ../src/local_seq_align_cpp/seq_align.cpp:215:0: Aggregating scalar variable 'dp_mem_2_24' with compact=bit mode in 10-bits
remark: ../src/local_seq_align_cpp/seq_align.cpp:215:0: Aggregating scalar variable 'dp_mem_2_23' with compact=bit mode in 10-bits
remark: ../src/local_seq_align_cpp/seq_align.cpp:215:0: Aggregating scalar variable 'dp_mem_2_22' with compact=bit mode in 10-bits
remark: ../src/local_seq_align_cpp/seq_align.cpp:215:0: Aggregating scalar variable 'dp_mem_2_21' with compact=bit mode in 10-bits
remark: ../src/local_seq_align_cpp/seq_align.cpp:215:0: Aggregating scalar variable 'dp_mem_2_20' with compact=bit mode in 10-bits
remark: ../src/local_seq_align_cpp/seq_align.cpp:215:0: Aggregating scalar variable 'dp_mem_2_19' with compact=bit mode in 10-bits
remark: ../src/local_seq_align_cpp/seq_align.cpp:215:0: Aggregating scalar variable 'dp_mem_2_18' with compact=bit mode in 10-bits
remark: ../src/local_seq_align_cpp/seq_align.cpp:215:0: Aggregating scalar variable 'dp_mem_2_17' with compact=bit mode in 10-bits
remark: ../src/local_seq_align_cpp/seq_align.cpp:215:0: Aggregating scalar variable 'dp_mem_2_16' with compact=bit mode in 10-bits
remark: ../src/local_seq_align_cpp/seq_align.cpp:215:0: Aggregating scalar variable 'dp_mem_2_15' with compact=bit mode in 10-bits
remark: ../src/local_seq_align_cpp/seq_align.cpp:215:0: Aggregating scalar variable 'dp_mem_2_14' with compact=bit mode in 10-bits
remark: ../src/local_seq_align_cpp/seq_align.cpp:215:0: Aggregating scalar variable 'dp_mem_2_13' with compact=bit mode in 10-bits
remark: ../src/local_seq_align_cpp/seq_align.cpp:215:0: Aggregating scalar variable 'dp_mem_2_12' with compact=bit mode in 10-bits
remark: ../src/local_seq_align_cpp/seq_align.cpp:215:0: Aggregating scalar variable 'dp_mem_2_11' with compact=bit mode in 10-bits
remark: ../src/local_seq_align_cpp/seq_align.cpp:215:0: Aggregating scalar variable 'dp_mem_2_10' with compact=bit mode in 10-bits
remark: ../src/local_seq_align_cpp/seq_align.cpp:215:0: Aggregating scalar variable 'dp_mem_2_9' with compact=bit mode in 10-bits
remark: ../src/local_seq_align_cpp/seq_align.cpp:215:0: Aggregating scalar variable 'dp_mem_2_8' with compact=bit mode in 10-bits
remark: ../src/local_seq_align_cpp/seq_align.cpp:215:0: Aggregating scalar variable 'dp_mem_2_7' with compact=bit mode in 10-bits
remark: ../src/local_seq_align_cpp/seq_align.cpp:215:0: Aggregating scalar variable 'dp_mem_2_6' with compact=bit mode in 10-bits
remark: ../src/local_seq_align_cpp/seq_align.cpp:215:0: Aggregating scalar variable 'dp_mem_2_5' with compact=bit mode in 10-bits
remark: ../src/local_seq_align_cpp/seq_align.cpp:215:0: Aggregating scalar variable 'dp_mem_2_4' with compact=bit mode in 10-bits
remark: ../src/local_seq_align_cpp/seq_align.cpp:215:0: Aggregating scalar variable 'dp_mem_2_3' with compact=bit mode in 10-bits
remark: ../src/local_seq_align_cpp/seq_align.cpp:215:0: Aggregating scalar variable 'dp_mem_2_2' with compact=bit mode in 10-bits
remark: ../src/local_seq_align_cpp/seq_align.cpp:215:0: Aggregating scalar variable 'dp_mem_2_1' with compact=bit mode in 10-bits
remark: ../src/local_seq_align_cpp/seq_align.cpp:215:0: Aggregating scalar variable 'dp_mem_2_0' with compact=bit mode in 10-bits
remark: ../src/local_seq_align_cpp/seq_align.cpp:215:0: Aggregating scalar variable 'dp_mem_1_31' with compact=bit mode in 10-bits
remark: ../src/local_seq_align_cpp/seq_align.cpp:215:0: Aggregating scalar variable 'dp_mem_1_30' with compact=bit mode in 10-bits
remark: ../src/local_seq_align_cpp/seq_align.cpp:215:0: Aggregating scalar variable 'dp_mem_1_29' with compact=bit mode in 10-bits
remark: ../src/local_seq_align_cpp/seq_align.cpp:215:0: Aggregating scalar variable 'dp_mem_1_28' with compact=bit mode in 10-bits
remark: ../src/local_seq_align_cpp/seq_align.cpp:215:0: Aggregating scalar variable 'dp_mem_1_27' with compact=bit mode in 10-bits
remark: ../src/local_seq_align_cpp/seq_align.cpp:215:0: Aggregating scalar variable 'dp_mem_1_26' with compact=bit mode in 10-bits
remark: ../src/local_seq_align_cpp/seq_align.cpp:215:0: Aggregating scalar variable 'dp_mem_1_25' with compact=bit mode in 10-bits
remark: ../src/local_seq_align_cpp/seq_align.cpp:215:0: Aggregating scalar variable 'dp_mem_1_24' with compact=bit mode in 10-bits
remark: ../src/local_seq_align_cpp/seq_align.cpp:215:0: Aggregating scalar variable 'dp_mem_1_23' with compact=bit mode in 10-bits
remark: ../src/local_seq_align_cpp/seq_align.cpp:215:0: Aggregating scalar variable 'dp_mem_1_22' with compact=bit mode in 10-bits
remark: ../src/local_seq_align_cpp/seq_align.cpp:215:0: Aggregating scalar variable 'dp_mem_1_21' with compact=bit mode in 10-bits
remark: ../src/local_seq_align_cpp/seq_align.cpp:215:0: Aggregating scalar variable 'dp_mem_1_20' with compact=bit mode in 10-bits
remark: ../src/local_seq_align_cpp/seq_align.cpp:215:0: Aggregating scalar variable 'dp_mem_1_19' with compact=bit mode in 10-bits
remark: ../src/local_seq_align_cpp/seq_align.cpp:215:0: Aggregating scalar variable 'dp_mem_1_18' with compact=bit mode in 10-bits
remark: ../src/local_seq_align_cpp/seq_align.cpp:215:0: Aggregating scalar variable 'dp_mem_1_17' with compact=bit mode in 10-bits
remark: ../src/local_seq_align_cpp/seq_align.cpp:215:0: Aggregating scalar variable 'dp_mem_1_16' with compact=bit mode in 10-bits
remark: ../src/local_seq_align_cpp/seq_align.cpp:215:0: Aggregating scalar variable 'dp_mem_1_15' with compact=bit mode in 10-bits
remark: ../src/local_seq_align_cpp/seq_align.cpp:215:0: Aggregating scalar variable 'dp_mem_1_14' with compact=bit mode in 10-bits
remark: ../src/local_seq_align_cpp/seq_align.cpp:215:0: Aggregating scalar variable 'dp_mem_1_13' with compact=bit mode in 10-bits
remark: ../src/local_seq_align_cpp/seq_align.cpp:215:0: Aggregating scalar variable 'dp_mem_1_12' with compact=bit mode in 10-bits
remark: ../src/local_seq_align_cpp/seq_align.cpp:215:0: Aggregating scalar variable 'dp_mem_1_11' with compact=bit mode in 10-bits
remark: ../src/local_seq_align_cpp/seq_align.cpp:215:0: Aggregating scalar variable 'dp_mem_1_10' with compact=bit mode in 10-bits
remark: ../src/local_seq_align_cpp/seq_align.cpp:215:0: Aggregating scalar variable 'dp_mem_1_9' with compact=bit mode in 10-bits
remark: ../src/local_seq_align_cpp/seq_align.cpp:215:0: Aggregating scalar variable 'dp_mem_1_8' with compact=bit mode in 10-bits
remark: ../src/local_seq_align_cpp/seq_align.cpp:215:0: Aggregating scalar variable 'dp_mem_1_7' with compact=bit mode in 10-bits
remark: ../src/local_seq_align_cpp/seq_align.cpp:215:0: Aggregating scalar variable 'dp_mem_1_6' with compact=bit mode in 10-bits
remark: ../src/local_seq_align_cpp/seq_align.cpp:215:0: Aggregating scalar variable 'dp_mem_1_5' with compact=bit mode in 10-bits
remark: ../src/local_seq_align_cpp/seq_align.cpp:215:0: Aggregating scalar variable 'dp_mem_1_4' with compact=bit mode in 10-bits
remark: ../src/local_seq_align_cpp/seq_align.cpp:215:0: Aggregating scalar variable 'dp_mem_1_3' with compact=bit mode in 10-bits
remark: ../src/local_seq_align_cpp/seq_align.cpp:215:0: Aggregating scalar variable 'dp_mem_1_2' with compact=bit mode in 10-bits
remark: ../src/local_seq_align_cpp/seq_align.cpp:215:0: Aggregating scalar variable 'dp_mem_1_1' with compact=bit mode in 10-bits
remark: ../src/local_seq_align_cpp/seq_align.cpp:215:0: Aggregating scalar variable 'dp_mem_1_0' with compact=bit mode in 10-bits
remark: ../src/local_seq_align_cpp/seq_align.cpp:215:0: Aggregating scalar variable 'dp_mem_0_31' with compact=bit mode in 10-bits
remark: ../src/local_seq_align_cpp/seq_align.cpp:215:0: Aggregating scalar variable 'dp_mem_0_30' with compact=bit mode in 10-bits
remark: ../src/local_seq_align_cpp/seq_align.cpp:215:0: Aggregating scalar variable 'dp_mem_0_29' with compact=bit mode in 10-bits
remark: ../src/local_seq_align_cpp/seq_align.cpp:215:0: Aggregating scalar variable 'dp_mem_0_28' with compact=bit mode in 10-bits
remark: ../src/local_seq_align_cpp/seq_align.cpp:215:0: Aggregating scalar variable 'dp_mem_0_27' with compact=bit mode in 10-bits
remark: ../src/local_seq_align_cpp/seq_align.cpp:215:0: Aggregating scalar variable 'dp_mem_0_26' with compact=bit mode in 10-bits
remark: ../src/local_seq_align_cpp/seq_align.cpp:215:0: Aggregating scalar variable 'dp_mem_0_25' with compact=bit mode in 10-bits
remark: ../src/local_seq_align_cpp/seq_align.cpp:215:0: Aggregating scalar variable 'dp_mem_0_24' with compact=bit mode in 10-bits
remark: ../src/local_seq_align_cpp/seq_align.cpp:215:0: Aggregating scalar variable 'dp_mem_0_23' with compact=bit mode in 10-bits
remark: ../src/local_seq_align_cpp/seq_align.cpp:215:0: Aggregating scalar variable 'dp_mem_0_22' with compact=bit mode in 10-bits
remark: ../src/local_seq_align_cpp/seq_align.cpp:215:0: Aggregating scalar variable 'dp_mem_0_21' with compact=bit mode in 10-bits
remark: ../src/local_seq_align_cpp/seq_align.cpp:215:0: Aggregating scalar variable 'dp_mem_0_20' with compact=bit mode in 10-bits
remark: ../src/local_seq_align_cpp/seq_align.cpp:215:0: Aggregating scalar variable 'dp_mem_0_19' with compact=bit mode in 10-bits
remark: ../src/local_seq_align_cpp/seq_align.cpp:215:0: Aggregating scalar variable 'dp_mem_0_18' with compact=bit mode in 10-bits
remark: ../src/local_seq_align_cpp/seq_align.cpp:215:0: Aggregating scalar variable 'dp_mem_0_17' with compact=bit mode in 10-bits
remark: ../src/local_seq_align_cpp/seq_align.cpp:215:0: Aggregating scalar variable 'dp_mem_0_16' with compact=bit mode in 10-bits
remark: ../src/local_seq_align_cpp/seq_align.cpp:215:0: Aggregating scalar variable 'dp_mem_0_15' with compact=bit mode in 10-bits
remark: ../src/local_seq_align_cpp/seq_align.cpp:215:0: Aggregating scalar variable 'dp_mem_0_14' with compact=bit mode in 10-bits
remark: ../src/local_seq_align_cpp/seq_align.cpp:215:0: Aggregating scalar variable 'dp_mem_0_13' with compact=bit mode in 10-bits
remark: ../src/local_seq_align_cpp/seq_align.cpp:215:0: Aggregating scalar variable 'dp_mem_0_12' with compact=bit mode in 10-bits
remark: ../src/local_seq_align_cpp/seq_align.cpp:215:0: Aggregating scalar variable 'dp_mem_0_11' with compact=bit mode in 10-bits
remark: ../src/local_seq_align_cpp/seq_align.cpp:215:0: Aggregating scalar variable 'dp_mem_0_10' with compact=bit mode in 10-bits
remark: ../src/local_seq_align_cpp/seq_align.cpp:215:0: Aggregating scalar variable 'dp_mem_0_9' with compact=bit mode in 10-bits
remark: ../src/local_seq_align_cpp/seq_align.cpp:215:0: Aggregating scalar variable 'dp_mem_0_8' with compact=bit mode in 10-bits
remark: ../src/local_seq_align_cpp/seq_align.cpp:215:0: Aggregating scalar variable 'dp_mem_0_7' with compact=bit mode in 10-bits
remark: ../src/local_seq_align_cpp/seq_align.cpp:215:0: Aggregating scalar variable 'dp_mem_0_6' with compact=bit mode in 10-bits
remark: ../src/local_seq_align_cpp/seq_align.cpp:215:0: Aggregating scalar variable 'dp_mem_0_5' with compact=bit mode in 10-bits
remark: ../src/local_seq_align_cpp/seq_align.cpp:215:0: Aggregating scalar variable 'dp_mem_0_4' with compact=bit mode in 10-bits
remark: ../src/local_seq_align_cpp/seq_align.cpp:215:0: Aggregating scalar variable 'dp_mem_0_3' with compact=bit mode in 10-bits
remark: ../src/local_seq_align_cpp/seq_align.cpp:215:0: Aggregating scalar variable 'dp_mem_0_2' with compact=bit mode in 10-bits
remark: ../src/local_seq_align_cpp/seq_align.cpp:215:0: Aggregating scalar variable 'dp_mem_0_1' with compact=bit mode in 10-bits
remark: ../src/local_seq_align_cpp/seq_align.cpp:215:0: Aggregating scalar variable 'dp_mem_0_0' with compact=bit mode in 10-bits
