/home/ioeddk/Desktop/DP-HLS/vitis/local_seq_align/local_seq_align_cpp_u250/.autopilot/db/seq_align.pp.0.cpp:3830:3: warning: Added loop label VITIS_LOOP_2142_1:   [xilinx-label-all-loops]
  do { mp_size_t __gmp_i; mp_limb_t __gmp_x; __gmp_i = (__gmp_ysize); if (__gmp_i != 0) { if (__gmpn_add_n (__gmp_wp, __gmp_xp, __gmp_yp, __gmp_i)) { do { if (__gmp_i >= (__gmp_xsize)) { (__gmp_c) = 1; goto __gmp_done; } __gmp_x = (__gmp_xp)[__gmp_i]; } while ((((__gmp_wp)[__gmp_i++] = (__gmp_x + 1) & ((~ (static_cast<mp_limb_t> (0))) >> 0)) == 0)); } } if ((__gmp_wp) != (__gmp_xp)) do { mp_size_t __gmp_j; ; for (__gmp_j = (__gmp_i); __gmp_j < (__gmp_xsize); __gmp_j++) (__gmp_wp)[__gmp_j] = (__gmp_xp)[__gmp_j]; } while (0); (__gmp_c) = 0; __gmp_done: ; } while (0);
  ^~
  VITIS_LOOP_2142_1: 
/home/ioeddk/Desktop/DP-HLS/vitis/local_seq_align/local_seq_align_cpp_u250/.autopilot/db/seq_align.pp.0.cpp:3830:3: note: FIX-IT applied suggested code changes
/home/ioeddk/Desktop/DP-HLS/vitis/local_seq_align/local_seq_align_cpp_u250/.autopilot/db/seq_align.pp.0.cpp:3830:151: warning: Added loop label VITIS_LOOP_2142_2:   [xilinx-label-all-loops]
  do { mp_size_t __gmp_i; mp_limb_t __gmp_x; __gmp_i = (__gmp_ysize); if (__gmp_i != 0) { if (__gmpn_add_n (__gmp_wp, __gmp_xp, __gmp_yp, __gmp_i)) { do { if (__gmp_i >= (__gmp_xsize)) { (__gmp_c) = 1; goto __gmp_done; } __gmp_x = (__gmp_xp)[__gmp_i]; } while ((((__gmp_wp)[__gmp_i++] = (__gmp_x + 1) & ((~ (static_cast<mp_limb_t> (0))) >> 0)) == 0)); } } if ((__gmp_wp) != (__gmp_xp)) do { mp_size_t __gmp_j; ; for (__gmp_j = (__gmp_i); __gmp_j < (__gmp_xsize); __gmp_j++) (__gmp_wp)[__gmp_j] = (__gmp_xp)[__gmp_j]; } while (0); (__gmp_c) = 0; __gmp_done: ; } while (0);
                                                                                                                                                      ^~
                                                                                                                                                      VITIS_LOOP_2142_2: 
/home/ioeddk/Desktop/DP-HLS/vitis/local_seq_align/local_seq_align_cpp_u250/.autopilot/db/seq_align.pp.0.cpp:3830:151: note: FIX-IT applied suggested code changes
/home/ioeddk/Desktop/DP-HLS/vitis/local_seq_align/local_seq_align_cpp_u250/.autopilot/db/seq_align.pp.0.cpp:3830:387: warning: Added loop label VITIS_LOOP_2142_3:   [xilinx-label-all-loops]
  do { mp_size_t __gmp_i; mp_limb_t __gmp_x; __gmp_i = (__gmp_ysize); if (__gmp_i != 0) { if (__gmpn_add_n (__gmp_wp, __gmp_xp, __gmp_yp, __gmp_i)) { do { if (__gmp_i >= (__gmp_xsize)) { (__gmp_c) = 1; goto __gmp_done; } __gmp_x = (__gmp_xp)[__gmp_i]; } while ((((__gmp_wp)[__gmp_i++] = (__gmp_x + 1) & ((~ (static_cast<mp_limb_t> (0))) >> 0)) == 0)); } } if ((__gmp_wp) != (__gmp_xp)) do { mp_size_t __gmp_j; ; for (__gmp_j = (__gmp_i); __gmp_j < (__gmp_xsize); __gmp_j++) (__gmp_wp)[__gmp_j] = (__gmp_xp)[__gmp_j]; } while (0); (__gmp_c) = 0; __gmp_done: ; } while (0);
                                                                                                                                                                                                                                                                                                                                                                                                  ^~
                                                                                                                                                                                                                                                                                                                                                                                                  VITIS_LOOP_2142_3: 
/home/ioeddk/Desktop/DP-HLS/vitis/local_seq_align/local_seq_align_cpp_u250/.autopilot/db/seq_align.pp.0.cpp:3830:387: note: FIX-IT applied suggested code changes
/home/ioeddk/Desktop/DP-HLS/vitis/local_seq_align/local_seq_align_cpp_u250/.autopilot/db/seq_align.pp.0.cpp:3830:413: warning: Added loop label VITIS_LOOP_2142_4:   [xilinx-label-all-loops]
  do { mp_size_t __gmp_i; mp_limb_t __gmp_x; __gmp_i = (__gmp_ysize); if (__gmp_i != 0) { if (__gmpn_add_n (__gmp_wp, __gmp_xp, __gmp_yp, __gmp_i)) { do { if (__gmp_i >= (__gmp_xsize)) { (__gmp_c) = 1; goto __gmp_done; } __gmp_x = (__gmp_xp)[__gmp_i]; } while ((((__gmp_wp)[__gmp_i++] = (__gmp_x + 1) & ((~ (static_cast<mp_limb_t> (0))) >> 0)) == 0)); } } if ((__gmp_wp) != (__gmp_xp)) do { mp_size_t __gmp_j; ; for (__gmp_j = (__gmp_i); __gmp_j < (__gmp_xsize); __gmp_j++) (__gmp_wp)[__gmp_j] = (__gmp_xp)[__gmp_j]; } while (0); (__gmp_c) = 0; __gmp_done: ; } while (0);
                                                                                                                                                                                                                                                                                                                                                                                                                            ^~~
                                                                                                                                                                                                                                                                                                                                                                                                                            VITIS_LOOP_2142_4: 
/home/ioeddk/Desktop/DP-HLS/vitis/local_seq_align/local_seq_align_cpp_u250/.autopilot/db/seq_align.pp.0.cpp:3830:413: note: FIX-IT applied suggested code changes
/home/ioeddk/Desktop/DP-HLS/vitis/local_seq_align/local_seq_align_cpp_u250/.autopilot/db/seq_align.pp.0.cpp:3843:3: warning: Added loop label VITIS_LOOP_2155_1:   [xilinx-label-all-loops]
  do { mp_size_t __gmp_i; mp_limb_t __gmp_x, __gmp_r; __gmp_x = (__gmp_src)[0]; __gmp_r = __gmp_x + (__gmp_n); (__gmp_dst)[0] = __gmp_r; if (((__gmp_r) < ((__gmp_n)))) { (__gmp_c) = 1; for (__gmp_i = 1; __gmp_i < (__gmp_size);) { __gmp_x = (__gmp_src)[__gmp_i]; __gmp_r = __gmp_x + 1; (__gmp_dst)[__gmp_i] = __gmp_r; ++__gmp_i; if (!((__gmp_r) < (1))) { if ((__gmp_src) != (__gmp_dst)) do { mp_size_t __gmp_j; ; for (__gmp_j = (__gmp_i); __gmp_j < (__gmp_size); __gmp_j++) (__gmp_dst)[__gmp_j] = (__gmp_src)[__gmp_j]; } while (0); (__gmp_c) = 0; break; } } } else { if ((__gmp_src) != (__gmp_dst)) do { mp_size_t __gmp_j; ; for (__gmp_j = (1); __gmp_j < (__gmp_size); __gmp_j++) (__gmp_dst)[__gmp_j] = (__gmp_src)[__gmp_j]; } while (0); (__gmp_c) = 0; } } while (0);
  ^~
  VITIS_LOOP_2155_1: 
/home/ioeddk/Desktop/DP-HLS/vitis/local_seq_align/local_seq_align_cpp_u250/.autopilot/db/seq_align.pp.0.cpp:3843:3: note: FIX-IT applied suggested code changes
/home/ioeddk/Desktop/DP-HLS/vitis/local_seq_align/local_seq_align_cpp_u250/.autopilot/db/seq_align.pp.0.cpp:3843:186: warning: Added loop label VITIS_LOOP_2155_2:   [xilinx-label-all-loops]
  do { mp_size_t __gmp_i; mp_limb_t __gmp_x, __gmp_r; __gmp_x = (__gmp_src)[0]; __gmp_r = __gmp_x + (__gmp_n); (__gmp_dst)[0] = __gmp_r; if (((__gmp_r) < ((__gmp_n)))) { (__gmp_c) = 1; for (__gmp_i = 1; __gmp_i < (__gmp_size);) { __gmp_x = (__gmp_src)[__gmp_i]; __gmp_r = __gmp_x + 1; (__gmp_dst)[__gmp_i] = __gmp_r; ++__gmp_i; if (!((__gmp_r) < (1))) { if ((__gmp_src) != (__gmp_dst)) do { mp_size_t __gmp_j; ; for (__gmp_j = (__gmp_i); __gmp_j < (__gmp_size); __gmp_j++) (__gmp_dst)[__gmp_j] = (__gmp_src)[__gmp_j]; } while (0); (__gmp_c) = 0; break; } } } else { if ((__gmp_src) != (__gmp_dst)) do { mp_size_t __gmp_j; ; for (__gmp_j = (1); __gmp_j < (__gmp_size); __gmp_j++) (__gmp_dst)[__gmp_j] = (__gmp_src)[__gmp_j]; } while (0); (__gmp_c) = 0; } } while (0);
                                                                                                                                                                                         ^~~
                                                                                                                                                                                         VITIS_LOOP_2155_2: 
/home/ioeddk/Desktop/DP-HLS/vitis/local_seq_align/local_seq_align_cpp_u250/.autopilot/db/seq_align.pp.0.cpp:3843:186: note: FIX-IT applied suggested code changes
/home/ioeddk/Desktop/DP-HLS/vitis/local_seq_align/local_seq_align_cpp_u250/.autopilot/db/seq_align.pp.0.cpp:3843:387: warning: Added loop label VITIS_LOOP_2155_3:   [xilinx-label-all-loops]
  do { mp_size_t __gmp_i; mp_limb_t __gmp_x, __gmp_r; __gmp_x = (__gmp_src)[0]; __gmp_r = __gmp_x + (__gmp_n); (__gmp_dst)[0] = __gmp_r; if (((__gmp_r) < ((__gmp_n)))) { (__gmp_c) = 1; for (__gmp_i = 1; __gmp_i < (__gmp_size);) { __gmp_x = (__gmp_src)[__gmp_i]; __gmp_r = __gmp_x + 1; (__gmp_dst)[__gmp_i] = __gmp_r; ++__gmp_i; if (!((__gmp_r) < (1))) { if ((__gmp_src) != (__gmp_dst)) do { mp_size_t __gmp_j; ; for (__gmp_j = (__gmp_i); __gmp_j < (__gmp_size); __gmp_j++) (__gmp_dst)[__gmp_j] = (__gmp_src)[__gmp_j]; } while (0); (__gmp_c) = 0; break; } } } else { if ((__gmp_src) != (__gmp_dst)) do { mp_size_t __gmp_j; ; for (__gmp_j = (1); __gmp_j < (__gmp_size); __gmp_j++) (__gmp_dst)[__gmp_j] = (__gmp_src)[__gmp_j]; } while (0); (__gmp_c) = 0; } } while (0);
                                                                                                                                                                                                                                                                                                                                                                                                  ^~
                                                                                                                                                                                                                                                                                                                                                                                                  VITIS_LOOP_2155_3: 
/home/ioeddk/Desktop/DP-HLS/vitis/local_seq_align/local_seq_align_cpp_u250/.autopilot/db/seq_align.pp.0.cpp:3843:387: note: FIX-IT applied suggested code changes
/home/ioeddk/Desktop/DP-HLS/vitis/local_seq_align/local_seq_align_cpp_u250/.autopilot/db/seq_align.pp.0.cpp:3843:413: warning: Added loop label VITIS_LOOP_2155_4:   [xilinx-label-all-loops]
  do { mp_size_t __gmp_i; mp_limb_t __gmp_x, __gmp_r; __gmp_x = (__gmp_src)[0]; __gmp_r = __gmp_x + (__gmp_n); (__gmp_dst)[0] = __gmp_r; if (((__gmp_r) < ((__gmp_n)))) { (__gmp_c) = 1; for (__gmp_i = 1; __gmp_i < (__gmp_size);) { __gmp_x = (__gmp_src)[__gmp_i]; __gmp_r = __gmp_x + 1; (__gmp_dst)[__gmp_i] = __gmp_r; ++__gmp_i; if (!((__gmp_r) < (1))) { if ((__gmp_src) != (__gmp_dst)) do { mp_size_t __gmp_j; ; for (__gmp_j = (__gmp_i); __gmp_j < (__gmp_size); __gmp_j++) (__gmp_dst)[__gmp_j] = (__gmp_src)[__gmp_j]; } while (0); (__gmp_c) = 0; break; } } } else { if ((__gmp_src) != (__gmp_dst)) do { mp_size_t __gmp_j; ; for (__gmp_j = (1); __gmp_j < (__gmp_size); __gmp_j++) (__gmp_dst)[__gmp_j] = (__gmp_src)[__gmp_j]; } while (0); (__gmp_c) = 0; } } while (0);
                                                                                                                                                                                                                                                                                                                                                                                                                            ^~~
                                                                                                                                                                                                                                                                                                                                                                                                                            VITIS_LOOP_2155_4: 
/home/ioeddk/Desktop/DP-HLS/vitis/local_seq_align/local_seq_align_cpp_u250/.autopilot/db/seq_align.pp.0.cpp:3843:413: note: FIX-IT applied suggested code changes
/home/ioeddk/Desktop/DP-HLS/vitis/local_seq_align/local_seq_align_cpp_u250/.autopilot/db/seq_align.pp.0.cpp:3843:599: warning: Added loop label VITIS_LOOP_2155_5:   [xilinx-label-all-loops]
  do { mp_size_t __gmp_i; mp_limb_t __gmp_x, __gmp_r; __gmp_x = (__gmp_src)[0]; __gmp_r = __gmp_x + (__gmp_n); (__gmp_dst)[0] = __gmp_r; if (((__gmp_r) < ((__gmp_n)))) { (__gmp_c) = 1; for (__gmp_i = 1; __gmp_i < (__gmp_size);) { __gmp_x = (__gmp_src)[__gmp_i]; __gmp_r = __gmp_x + 1; (__gmp_dst)[__gmp_i] = __gmp_r; ++__gmp_i; if (!((__gmp_r) < (1))) { if ((__gmp_src) != (__gmp_dst)) do { mp_size_t __gmp_j; ; for (__gmp_j = (__gmp_i); __gmp_j < (__gmp_size); __gmp_j++) (__gmp_dst)[__gmp_j] = (__gmp_src)[__gmp_j]; } while (0); (__gmp_c) = 0; break; } } } else { if ((__gmp_src) != (__gmp_dst)) do { mp_size_t __gmp_j; ; for (__gmp_j = (1); __gmp_j < (__gmp_size); __gmp_j++) (__gmp_dst)[__gmp_j] = (__gmp_src)[__gmp_j]; } while (0); (__gmp_c) = 0; } } while (0);
                                                                                                                                                                                                                                                                                                                                                                                                                                                                                                                                                                                                                      ^~
                                                                                                                                                                                                                                                                                                                                                                                                                                                                                                                                                                                                                      VITIS_LOOP_2155_5: 
/home/ioeddk/Desktop/DP-HLS/vitis/local_seq_align/local_seq_align_cpp_u250/.autopilot/db/seq_align.pp.0.cpp:3843:599: note: FIX-IT applied suggested code changes
/home/ioeddk/Desktop/DP-HLS/vitis/local_seq_align/local_seq_align_cpp_u250/.autopilot/db/seq_align.pp.0.cpp:3843:625: warning: Added loop label VITIS_LOOP_2155_6:   [xilinx-label-all-loops]
  do { mp_size_t __gmp_i; mp_limb_t __gmp_x, __gmp_r; __gmp_x = (__gmp_src)[0]; __gmp_r = __gmp_x + (__gmp_n); (__gmp_dst)[0] = __gmp_r; if (((__gmp_r) < ((__gmp_n)))) { (__gmp_c) = 1; for (__gmp_i = 1; __gmp_i < (__gmp_size);) { __gmp_x = (__gmp_src)[__gmp_i]; __gmp_r = __gmp_x + 1; (__gmp_dst)[__gmp_i] = __gmp_r; ++__gmp_i; if (!((__gmp_r) < (1))) { if ((__gmp_src) != (__gmp_dst)) do { mp_size_t __gmp_j; ; for (__gmp_j = (__gmp_i); __gmp_j < (__gmp_size); __gmp_j++) (__gmp_dst)[__gmp_j] = (__gmp_src)[__gmp_j]; } while (0); (__gmp_c) = 0; break; } } } else { if ((__gmp_src) != (__gmp_dst)) do { mp_size_t __gmp_j; ; for (__gmp_j = (1); __gmp_j < (__gmp_size); __gmp_j++) (__gmp_dst)[__gmp_j] = (__gmp_src)[__gmp_j]; } while (0); (__gmp_c) = 0; } } while (0);
                                                                                                                                                                                                                                                                                                                                                                                                                                                                                                                                                                                                                                                ^~~
                                                                                                                                                                                                                                                                                                                                                                                                                                                                                                                                                                                                                                                VITIS_LOOP_2155_6: 
/home/ioeddk/Desktop/DP-HLS/vitis/local_seq_align/local_seq_align_cpp_u250/.autopilot/db/seq_align.pp.0.cpp:3843:625: note: FIX-IT applied suggested code changes
/home/ioeddk/Desktop/DP-HLS/vitis/local_seq_align/local_seq_align_cpp_u250/.autopilot/db/seq_align.pp.0.cpp:3856:3: warning: Added loop label VITIS_LOOP_2168_1:   [xilinx-label-all-loops]
  do { mp_size_t __gmp_i; mp_limb_t __gmp_x, __gmp_y; (__gmp_result) = 0; __gmp_i = (__gmp_size); while (--__gmp_i >= 0) { __gmp_x = (__gmp_xp)[__gmp_i]; __gmp_y = (__gmp_yp)[__gmp_i]; if (__gmp_x != __gmp_y) { (__gmp_result) = (__gmp_x > __gmp_y ? 1 : -1); break; } } } while (0);
  ^~
  VITIS_LOOP_2168_1: 
/home/ioeddk/Desktop/DP-HLS/vitis/local_seq_align/local_seq_align_cpp_u250/.autopilot/db/seq_align.pp.0.cpp:3856:3: note: FIX-IT applied suggested code changes
/home/ioeddk/Desktop/DP-HLS/vitis/local_seq_align/local_seq_align_cpp_u250/.autopilot/db/seq_align.pp.0.cpp:3856:99: warning: Added loop label VITIS_LOOP_2168_2:   [xilinx-label-all-loops]
  do { mp_size_t __gmp_i; mp_limb_t __gmp_x, __gmp_y; (__gmp_result) = 0; __gmp_i = (__gmp_size); while (--__gmp_i >= 0) { __gmp_x = (__gmp_xp)[__gmp_i]; __gmp_y = (__gmp_yp)[__gmp_i]; if (__gmp_x != __gmp_y) { (__gmp_result) = (__gmp_x > __gmp_y ? 1 : -1); break; } } } while (0);
                                                                                                  ^~~~~
                                                                                                  VITIS_LOOP_2168_2: 
/home/ioeddk/Desktop/DP-HLS/vitis/local_seq_align/local_seq_align_cpp_u250/.autopilot/db/seq_align.pp.0.cpp:3856:99: note: FIX-IT applied suggested code changes
/home/ioeddk/Desktop/DP-HLS/vitis/local_seq_align/local_seq_align_cpp_u250/.autopilot/db/seq_align.pp.0.cpp:3869:5: warning: Added loop label VITIS_LOOP_2181_1:   [xilinx-label-all-loops]
    do {
    ^~
    VITIS_LOOP_2181_1: 
/home/ioeddk/Desktop/DP-HLS/vitis/local_seq_align/local_seq_align_cpp_u250/.autopilot/db/seq_align.pp.0.cpp:3869:5: note: FIX-IT applied suggested code changes
/home/ioeddk/Desktop/DP-HLS/vitis/local_seq_align/local_seq_align_cpp_u250/.autopilot/db/seq_align.pp.0.cpp:3885:3: warning: Added loop label VITIS_LOOP_2197_1:   [xilinx-label-all-loops]
  do { mp_size_t __gmp_i; mp_limb_t __gmp_x; __gmp_i = (__gmp_ysize); if (__gmp_i != 0) { if (__gmpn_sub_n (__gmp_wp, __gmp_xp, __gmp_yp, __gmp_i)) { do { if (__gmp_i >= (__gmp_xsize)) { (__gmp_c) = 1; goto __gmp_done; } __gmp_x = (__gmp_xp)[__gmp_i]; } while ((((__gmp_wp)[__gmp_i++] = (__gmp_x - 1) & ((~ (static_cast<mp_limb_t> (0))) >> 0)), __gmp_x == 0)); } } if ((__gmp_wp) != (__gmp_xp)) do { mp_size_t __gmp_j; ; for (__gmp_j = (__gmp_i); __gmp_j < (__gmp_xsize); __gmp_j++) (__gmp_wp)[__gmp_j] = (__gmp_xp)[__gmp_j]; } while (0); (__gmp_c) = 0; __gmp_done: ; } while (0);
  ^~
  VITIS_LOOP_2197_1: 
/home/ioeddk/Desktop/DP-HLS/vitis/local_seq_align/local_seq_align_cpp_u250/.autopilot/db/seq_align.pp.0.cpp:3885:3: note: FIX-IT applied suggested code changes
/home/ioeddk/Desktop/DP-HLS/vitis/local_seq_align/local_seq_align_cpp_u250/.autopilot/db/seq_align.pp.0.cpp:3885:151: warning: Added loop label VITIS_LOOP_2197_2:   [xilinx-label-all-loops]
  do { mp_size_t __gmp_i; mp_limb_t __gmp_x; __gmp_i = (__gmp_ysize); if (__gmp_i != 0) { if (__gmpn_sub_n (__gmp_wp, __gmp_xp, __gmp_yp, __gmp_i)) { do { if (__gmp_i >= (__gmp_xsize)) { (__gmp_c) = 1; goto __gmp_done; } __gmp_x = (__gmp_xp)[__gmp_i]; } while ((((__gmp_wp)[__gmp_i++] = (__gmp_x - 1) & ((~ (static_cast<mp_limb_t> (0))) >> 0)), __gmp_x == 0)); } } if ((__gmp_wp) != (__gmp_xp)) do { mp_size_t __gmp_j; ; for (__gmp_j = (__gmp_i); __gmp_j < (__gmp_xsize); __gmp_j++) (__gmp_wp)[__gmp_j] = (__gmp_xp)[__gmp_j]; } while (0); (__gmp_c) = 0; __gmp_done: ; } while (0);
                                                                                                                                                      ^~
                                                                                                                                                      VITIS_LOOP_2197_2: 
/home/ioeddk/Desktop/DP-HLS/vitis/local_seq_align/local_seq_align_cpp_u250/.autopilot/db/seq_align.pp.0.cpp:3885:151: note: FIX-IT applied suggested code changes
/home/ioeddk/Desktop/DP-HLS/vitis/local_seq_align/local_seq_align_cpp_u250/.autopilot/db/seq_align.pp.0.cpp:3885:396: warning: Added loop label VITIS_LOOP_2197_3:   [xilinx-label-all-loops]
  do { mp_size_t __gmp_i; mp_limb_t __gmp_x; __gmp_i = (__gmp_ysize); if (__gmp_i != 0) { if (__gmpn_sub_n (__gmp_wp, __gmp_xp, __gmp_yp, __gmp_i)) { do { if (__gmp_i >= (__gmp_xsize)) { (__gmp_c) = 1; goto __gmp_done; } __gmp_x = (__gmp_xp)[__gmp_i]; } while ((((__gmp_wp)[__gmp_i++] = (__gmp_x - 1) & ((~ (static_cast<mp_limb_t> (0))) >> 0)), __gmp_x == 0)); } } if ((__gmp_wp) != (__gmp_xp)) do { mp_size_t __gmp_j; ; for (__gmp_j = (__gmp_i); __gmp_j < (__gmp_xsize); __gmp_j++) (__gmp_wp)[__gmp_j] = (__gmp_xp)[__gmp_j]; } while (0); (__gmp_c) = 0; __gmp_done: ; } while (0);
                                                                                                                                                                                                                                                                                                                                                                                                           ^~
                                                                                                                                                                                                                                                                                                                                                                                                           VITIS_LOOP_2197_3: 
/home/ioeddk/Desktop/DP-HLS/vitis/local_seq_align/local_seq_align_cpp_u250/.autopilot/db/seq_align.pp.0.cpp:3885:396: note: FIX-IT applied suggested code changes
/home/ioeddk/Desktop/DP-HLS/vitis/local_seq_align/local_seq_align_cpp_u250/.autopilot/db/seq_align.pp.0.cpp:3885:422: warning: Added loop label VITIS_LOOP_2197_4:   [xilinx-label-all-loops]
  do { mp_size_t __gmp_i; mp_limb_t __gmp_x; __gmp_i = (__gmp_ysize); if (__gmp_i != 0) { if (__gmpn_sub_n (__gmp_wp, __gmp_xp, __gmp_yp, __gmp_i)) { do { if (__gmp_i >= (__gmp_xsize)) { (__gmp_c) = 1; goto __gmp_done; } __gmp_x = (__gmp_xp)[__gmp_i]; } while ((((__gmp_wp)[__gmp_i++] = (__gmp_x - 1) & ((~ (static_cast<mp_limb_t> (0))) >> 0)), __gmp_x == 0)); } } if ((__gmp_wp) != (__gmp_xp)) do { mp_size_t __gmp_j; ; for (__gmp_j = (__gmp_i); __gmp_j < (__gmp_xsize); __gmp_j++) (__gmp_wp)[__gmp_j] = (__gmp_xp)[__gmp_j]; } while (0); (__gmp_c) = 0; __gmp_done: ; } while (0);
                                                                                                                                                                                                                                                                                                                                                                                                                                     ^~~
                                                                                                                                                                                                                                                                                                                                                                                                                                     VITIS_LOOP_2197_4: 
/home/ioeddk/Desktop/DP-HLS/vitis/local_seq_align/local_seq_align_cpp_u250/.autopilot/db/seq_align.pp.0.cpp:3885:422: note: FIX-IT applied suggested code changes
/home/ioeddk/Desktop/DP-HLS/vitis/local_seq_align/local_seq_align_cpp_u250/.autopilot/db/seq_align.pp.0.cpp:3898:3: warning: Added loop label VITIS_LOOP_2210_1:   [xilinx-label-all-loops]
  do { mp_size_t __gmp_i; mp_limb_t __gmp_x, __gmp_r; __gmp_x = (__gmp_src)[0]; __gmp_r = __gmp_x - (__gmp_n); (__gmp_dst)[0] = __gmp_r; if (((__gmp_x) < ((__gmp_n)))) { (__gmp_c) = 1; for (__gmp_i = 1; __gmp_i < (__gmp_size);) { __gmp_x = (__gmp_src)[__gmp_i]; __gmp_r = __gmp_x - 1; (__gmp_dst)[__gmp_i] = __gmp_r; ++__gmp_i; if (!((__gmp_x) < (1))) { if ((__gmp_src) != (__gmp_dst)) do { mp_size_t __gmp_j; ; for (__gmp_j = (__gmp_i); __gmp_j < (__gmp_size); __gmp_j++) (__gmp_dst)[__gmp_j] = (__gmp_src)[__gmp_j]; } while (0); (__gmp_c) = 0; break; } } } else { if ((__gmp_src) != (__gmp_dst)) do { mp_size_t __gmp_j; ; for (__gmp_j = (1); __gmp_j < (__gmp_size); __gmp_j++) (__gmp_dst)[__gmp_j] = (__gmp_src)[__gmp_j]; } while (0); (__gmp_c) = 0; } } while (0);
  ^~
  VITIS_LOOP_2210_1: 
/home/ioeddk/Desktop/DP-HLS/vitis/local_seq_align/local_seq_align_cpp_u250/.autopilot/db/seq_align.pp.0.cpp:3898:3: note: FIX-IT applied suggested code changes
/home/ioeddk/Desktop/DP-HLS/vitis/local_seq_align/local_seq_align_cpp_u250/.autopilot/db/seq_align.pp.0.cpp:3898:186: warning: Added loop label VITIS_LOOP_2210_2:   [xilinx-label-all-loops]
  do { mp_size_t __gmp_i; mp_limb_t __gmp_x, __gmp_r; __gmp_x = (__gmp_src)[0]; __gmp_r = __gmp_x - (__gmp_n); (__gmp_dst)[0] = __gmp_r; if (((__gmp_x) < ((__gmp_n)))) { (__gmp_c) = 1; for (__gmp_i = 1; __gmp_i < (__gmp_size);) { __gmp_x = (__gmp_src)[__gmp_i]; __gmp_r = __gmp_x - 1; (__gmp_dst)[__gmp_i] = __gmp_r; ++__gmp_i; if (!((__gmp_x) < (1))) { if ((__gmp_src) != (__gmp_dst)) do { mp_size_t __gmp_j; ; for (__gmp_j = (__gmp_i); __gmp_j < (__gmp_size); __gmp_j++) (__gmp_dst)[__gmp_j] = (__gmp_src)[__gmp_j]; } while (0); (__gmp_c) = 0; break; } } } else { if ((__gmp_src) != (__gmp_dst)) do { mp_size_t __gmp_j; ; for (__gmp_j = (1); __gmp_j < (__gmp_size); __gmp_j++) (__gmp_dst)[__gmp_j] = (__gmp_src)[__gmp_j]; } while (0); (__gmp_c) = 0; } } while (0);
                                                                                                                                                                                         ^~~
                                                                                                                                                                                         VITIS_LOOP_2210_2: 
/home/ioeddk/Desktop/DP-HLS/vitis/local_seq_align/local_seq_align_cpp_u250/.autopilot/db/seq_align.pp.0.cpp:3898:186: note: FIX-IT applied suggested code changes
/home/ioeddk/Desktop/DP-HLS/vitis/local_seq_align/local_seq_align_cpp_u250/.autopilot/db/seq_align.pp.0.cpp:3898:387: warning: Added loop label VITIS_LOOP_2210_3:   [xilinx-label-all-loops]
  do { mp_size_t __gmp_i; mp_limb_t __gmp_x, __gmp_r; __gmp_x = (__gmp_src)[0]; __gmp_r = __gmp_x - (__gmp_n); (__gmp_dst)[0] = __gmp_r; if (((__gmp_x) < ((__gmp_n)))) { (__gmp_c) = 1; for (__gmp_i = 1; __gmp_i < (__gmp_size);) { __gmp_x = (__gmp_src)[__gmp_i]; __gmp_r = __gmp_x - 1; (__gmp_dst)[__gmp_i] = __gmp_r; ++__gmp_i; if (!((__gmp_x) < (1))) { if ((__gmp_src) != (__gmp_dst)) do { mp_size_t __gmp_j; ; for (__gmp_j = (__gmp_i); __gmp_j < (__gmp_size); __gmp_j++) (__gmp_dst)[__gmp_j] = (__gmp_src)[__gmp_j]; } while (0); (__gmp_c) = 0; break; } } } else { if ((__gmp_src) != (__gmp_dst)) do { mp_size_t __gmp_j; ; for (__gmp_j = (1); __gmp_j < (__gmp_size); __gmp_j++) (__gmp_dst)[__gmp_j] = (__gmp_src)[__gmp_j]; } while (0); (__gmp_c) = 0; } } while (0);
                                                                                                                                                                                                                                                                                                                                                                                                  ^~
                                                                                                                                                                                                                                                                                                                                                                                                  VITIS_LOOP_2210_3: 
/home/ioeddk/Desktop/DP-HLS/vitis/local_seq_align/local_seq_align_cpp_u250/.autopilot/db/seq_align.pp.0.cpp:3898:387: note: FIX-IT applied suggested code changes
/home/ioeddk/Desktop/DP-HLS/vitis/local_seq_align/local_seq_align_cpp_u250/.autopilot/db/seq_align.pp.0.cpp:3898:413: warning: Added loop label VITIS_LOOP_2210_4:   [xilinx-label-all-loops]
  do { mp_size_t __gmp_i; mp_limb_t __gmp_x, __gmp_r; __gmp_x = (__gmp_src)[0]; __gmp_r = __gmp_x - (__gmp_n); (__gmp_dst)[0] = __gmp_r; if (((__gmp_x) < ((__gmp_n)))) { (__gmp_c) = 1; for (__gmp_i = 1; __gmp_i < (__gmp_size);) { __gmp_x = (__gmp_src)[__gmp_i]; __gmp_r = __gmp_x - 1; (__gmp_dst)[__gmp_i] = __gmp_r; ++__gmp_i; if (!((__gmp_x) < (1))) { if ((__gmp_src) != (__gmp_dst)) do { mp_size_t __gmp_j; ; for (__gmp_j = (__gmp_i); __gmp_j < (__gmp_size); __gmp_j++) (__gmp_dst)[__gmp_j] = (__gmp_src)[__gmp_j]; } while (0); (__gmp_c) = 0; break; } } } else { if ((__gmp_src) != (__gmp_dst)) do { mp_size_t __gmp_j; ; for (__gmp_j = (1); __gmp_j < (__gmp_size); __gmp_j++) (__gmp_dst)[__gmp_j] = (__gmp_src)[__gmp_j]; } while (0); (__gmp_c) = 0; } } while (0);
                                                                                                                                                                                                                                                                                                                                                                                                                            ^~~
                                                                                                                                                                                                                                                                                                                                                                                                                            VITIS_LOOP_2210_4: 
/home/ioeddk/Desktop/DP-HLS/vitis/local_seq_align/local_seq_align_cpp_u250/.autopilot/db/seq_align.pp.0.cpp:3898:413: note: FIX-IT applied suggested code changes
/home/ioeddk/Desktop/DP-HLS/vitis/local_seq_align/local_seq_align_cpp_u250/.autopilot/db/seq_align.pp.0.cpp:3898:599: warning: Added loop label VITIS_LOOP_2210_5:   [xilinx-label-all-loops]
  do { mp_size_t __gmp_i; mp_limb_t __gmp_x, __gmp_r; __gmp_x = (__gmp_src)[0]; __gmp_r = __gmp_x - (__gmp_n); (__gmp_dst)[0] = __gmp_r; if (((__gmp_x) < ((__gmp_n)))) { (__gmp_c) = 1; for (__gmp_i = 1; __gmp_i < (__gmp_size);) { __gmp_x = (__gmp_src)[__gmp_i]; __gmp_r = __gmp_x - 1; (__gmp_dst)[__gmp_i] = __gmp_r; ++__gmp_i; if (!((__gmp_x) < (1))) { if ((__gmp_src) != (__gmp_dst)) do { mp_size_t __gmp_j; ; for (__gmp_j = (__gmp_i); __gmp_j < (__gmp_size); __gmp_j++) (__gmp_dst)[__gmp_j] = (__gmp_src)[__gmp_j]; } while (0); (__gmp_c) = 0; break; } } } else { if ((__gmp_src) != (__gmp_dst)) do { mp_size_t __gmp_j; ; for (__gmp_j = (1); __gmp_j < (__gmp_size); __gmp_j++) (__gmp_dst)[__gmp_j] = (__gmp_src)[__gmp_j]; } while (0); (__gmp_c) = 0; } } while (0);
                                                                                                                                                                                                                                                                                                                                                                                                                                                                                                                                                                                                                      ^~
                                                                                                                                                                                                                                                                                                                                                                                                                                                                                                                                                                                                                      VITIS_LOOP_2210_5: 
/home/ioeddk/Desktop/DP-HLS/vitis/local_seq_align/local_seq_align_cpp_u250/.autopilot/db/seq_align.pp.0.cpp:3898:599: note: FIX-IT applied suggested code changes
/home/ioeddk/Desktop/DP-HLS/vitis/local_seq_align/local_seq_align_cpp_u250/.autopilot/db/seq_align.pp.0.cpp:3898:625: warning: Added loop label VITIS_LOOP_2210_6:   [xilinx-label-all-loops]
  do { mp_size_t __gmp_i; mp_limb_t __gmp_x, __gmp_r; __gmp_x = (__gmp_src)[0]; __gmp_r = __gmp_x - (__gmp_n); (__gmp_dst)[0] = __gmp_r; if (((__gmp_x) < ((__gmp_n)))) { (__gmp_c) = 1; for (__gmp_i = 1; __gmp_i < (__gmp_size);) { __gmp_x = (__gmp_src)[__gmp_i]; __gmp_r = __gmp_x - 1; (__gmp_dst)[__gmp_i] = __gmp_r; ++__gmp_i; if (!((__gmp_x) < (1))) { if ((__gmp_src) != (__gmp_dst)) do { mp_size_t __gmp_j; ; for (__gmp_j = (__gmp_i); __gmp_j < (__gmp_size); __gmp_j++) (__gmp_dst)[__gmp_j] = (__gmp_src)[__gmp_j]; } while (0); (__gmp_c) = 0; break; } } } else { if ((__gmp_src) != (__gmp_dst)) do { mp_size_t __gmp_j; ; for (__gmp_j = (1); __gmp_j < (__gmp_size); __gmp_j++) (__gmp_dst)[__gmp_j] = (__gmp_src)[__gmp_j]; } while (0); (__gmp_c) = 0; } } while (0);
                                                                                                                                                                                                                                                                                                                                                                                                                                                                                                                                                                                                                                                ^~~
                                                                                                                                                                                                                                                                                                                                                                                                                                                                                                                                                                                                                                                VITIS_LOOP_2210_6: 
/home/ioeddk/Desktop/DP-HLS/vitis/local_seq_align/local_seq_align_cpp_u250/.autopilot/db/seq_align.pp.0.cpp:3898:625: note: FIX-IT applied suggested code changes
/home/ioeddk/Desktop/DP-HLS/vitis/local_seq_align/local_seq_align_cpp_u250/.autopilot/db/seq_align.pp.0.cpp:3910:3: warning: Added loop label VITIS_LOOP_2222_1:   [xilinx-label-all-loops]
  while (*__gmp_up == 0)
  ^~~~~
  VITIS_LOOP_2222_1: 
/home/ioeddk/Desktop/DP-HLS/vitis/local_seq_align/local_seq_align_cpp_u250/.autopilot/db/seq_align.pp.0.cpp:3910:3: note: FIX-IT applied suggested code changes
/home/ioeddk/Desktop/DP-HLS/vitis/local_seq_align/local_seq_align_cpp_u250/.autopilot/db/seq_align.pp.0.cpp:35571:7: warning: Added loop label VITIS_LOOP_1211_1:   [xilinx-label-all-loops]
      for (i = 0; i < __N - 1; ++i) {
      ^~~
      VITIS_LOOP_1211_1: 
/home/ioeddk/Desktop/DP-HLS/vitis/local_seq_align/local_seq_align_cpp_u250/.autopilot/db/seq_align.pp.0.cpp:35571:7: note: FIX-IT applied suggested code changes
/home/ioeddk/Desktop/DP-HLS/vitis/local_seq_align/local_seq_align_cpp_u250/.autopilot/db/seq_align.pp.0.cpp:36545:5: warning: Added loop label VITIS_LOOP_676_1:   [xilinx-label-all-loops]
    for (unsigned i = low; i != high; ++i) {
    ^~~
    VITIS_LOOP_676_1: 
/home/ioeddk/Desktop/DP-HLS/vitis/local_seq_align/local_seq_align_cpp_u250/.autopilot/db/seq_align.pp.0.cpp:36545:5: note: FIX-IT applied suggested code changes
/home/ioeddk/Desktop/DP-HLS/vitis/local_seq_align/local_seq_align_cpp_u250/.autopilot/db/seq_align.pp.0.cpp:36559:5: warning: Added loop label VITIS_LOOP_690_1:   [xilinx-label-all-loops]
    for (unsigned i = low; i != high; ++i) {
    ^~~
    VITIS_LOOP_690_1: 
/home/ioeddk/Desktop/DP-HLS/vitis/local_seq_align/local_seq_align_cpp_u250/.autopilot/db/seq_align.pp.0.cpp:36559:5: note: FIX-IT applied suggested code changes
/home/ioeddk/Desktop/DP-HLS/vitis/local_seq_align/local_seq_align_cpp_u250/.autopilot/db/seq_align.pp.0.cpp:36573:5: warning: Added loop label VITIS_LOOP_704_1:   [xilinx-label-all-loops]
    for (unsigned i = low; i != high; ++i) {
    ^~~
    VITIS_LOOP_704_1: 
/home/ioeddk/Desktop/DP-HLS/vitis/local_seq_align/local_seq_align_cpp_u250/.autopilot/db/seq_align.pp.0.cpp:36573:5: note: FIX-IT applied suggested code changes
/home/ioeddk/Desktop/DP-HLS/vitis/local_seq_align/local_seq_align_cpp_u250/.autopilot/db/seq_align.pp.0.cpp:38184:7: warning: Added loop label VITIS_LOOP_1245_1:   [xilinx-label-all-loops]
      for (i = 0; i < __N - 1; ++i) {
      ^~~
      VITIS_LOOP_1245_1: 
/home/ioeddk/Desktop/DP-HLS/vitis/local_seq_align/local_seq_align_cpp_u250/.autopilot/db/seq_align.pp.0.cpp:38184:7: note: FIX-IT applied suggested code changes
/home/ioeddk/Desktop/DP-HLS/vitis/local_seq_align/local_seq_align_cpp_u250/.autopilot/db/seq_align.pp.0.cpp:40162:5: warning: Added loop label VITIS_LOOP_76_1:   [xilinx-label-all-loops]
    for(int i = 0; i < 1024; i ++){
    ^~~
    VITIS_LOOP_76_1: 
/home/ioeddk/Desktop/DP-HLS/vitis/local_seq_align/local_seq_align_cpp_u250/.autopilot/db/seq_align.pp.0.cpp:40162:5: note: FIX-IT applied suggested code changes
