

================================================================
== Vitis HLS Report for 'seq_align_global_Pipeline_local_dpmem_loop_VITIS_LOOP_993_1'
================================================================
* Date:           Thu Aug  3 17:37:33 2023

* Version:        2022.1 (Build 3526262 on Mon Apr 18 15:47:01 MDT 2022)
* Project:        local_seq_multiple_align_sa
* Solution:       solution1 (Vitis Kernel Flow Target)
* Product family: zynquplus
* Target device:  xczu7ev-ffvc1156-2-i


================================================================
== Performance Estimates
================================================================
+ Timing: 
    * Summary: 
    +--------+---------+----------+------------+
    |  Clock |  Target | Estimated| Uncertainty|
    +--------+---------+----------+------------+
    |ap_clk  |  4.00 ns|  2.377 ns|     1.08 ns|
    +--------+---------+----------+------------+

+ Latency: 
    * Summary: 
    +---------+---------+----------+----------+-----+-----+---------+
    |  Latency (cycles) |  Latency (absolute) |  Interval | Pipeline|
    |   min   |   max   |    min   |    max   | min | max |   Type  |
    +---------+---------+----------+----------+-----+-----+---------+
    |       98|       98|  0.392 us|  0.392 us|   98|   98|       no|
    +---------+---------+----------+----------+-----+-----+---------+

    + Detail: 
        * Instance: 
        N/A

        * Loop: 
        +-------------------------------------+---------+---------+----------+-----------+-----------+------+----------+
        |                                     |  Latency (cycles) | Iteration|  Initiation Interval  | Trip |          |
        |              Loop Name              |   min   |   max   |  Latency |  achieved |   target  | Count| Pipelined|
        +-------------------------------------+---------+---------+----------+-----------+-----------+------+----------+
        |- local_dpmem_loop_VITIS_LOOP_993_1  |       96|       96|         1|          1|          1|    96|       yes|
        +-------------------------------------+---------+---------+----------+-----------+-----------+------+----------+

============================================================
+ Verbose Summary: Synthesis Manager
============================================================
InlineROM: 1
ExposeGlobal: 0
============================================================
+ Verbose Summary: CDFG Model
============================================================
IsTopModel: 0
ResetActiveHigh: 1
IsCombinational: 0
IsDatapathOnly: 0
HasWiredReturn: 1
HasMFsm: 2
HasVarLatency: 1
IsPipeline: 0
IsRtlPipelined: 0
IsInstanceOverlapped: 0
IsDontTouch: 0
HasImplIP: 0
IsGatedGlobalClock: 0

+ Individual pipeline summary: 
  * Pipeline-0: initiation interval (II) = 1, depth = 1


============================================================
+ Verbose Summary: Schedule
============================================================
* Number of FSM states : 1
* Pipeline : 1
  Pipeline-0 : II = 1, D = 1, States = { 1 }
* Dataflow Pipeline: 0

* FSM state transitions: 
1 --> 

* FSM state operations: 

State 1 <SV = 0> <Delay = 2.37>
ST_1 : Operation 4 [1/1] (0.00ns)   --->   "%ij = alloca i32 1"   --->   Operation 4 'alloca' 'ij' <Predicate = true> <Delay = 0.00>
ST_1 : Operation 5 [1/1] (0.00ns)   --->   "%gg = alloca i32 1"   --->   Operation 5 'alloca' 'gg' <Predicate = true> <Delay = 0.00>
ST_1 : Operation 6 [1/1] (0.00ns)   --->   "%indvar_flatten = alloca i32 1"   --->   Operation 6 'alloca' 'indvar_flatten' <Predicate = true> <Delay = 0.00>
ST_1 : Operation 7 [1/1] (0.42ns)   --->   "%store_ln0 = store i32 0, i32 %dp_mem_62_out"   --->   Operation 7 'store' 'store_ln0' <Predicate = true> <Delay = 0.42>
ST_1 : Operation 8 [1/1] (0.42ns)   --->   "%store_ln0 = store i32 0, i32 %dp_mem_61_out"   --->   Operation 8 'store' 'store_ln0' <Predicate = true> <Delay = 0.42>
ST_1 : Operation 9 [1/1] (0.42ns)   --->   "%store_ln0 = store i32 0, i32 %dp_mem_60_out"   --->   Operation 9 'store' 'store_ln0' <Predicate = true> <Delay = 0.42>
ST_1 : Operation 10 [1/1] (0.42ns)   --->   "%store_ln0 = store i32 0, i32 %dp_mem_59_out"   --->   Operation 10 'store' 'store_ln0' <Predicate = true> <Delay = 0.42>
ST_1 : Operation 11 [1/1] (0.42ns)   --->   "%store_ln0 = store i32 0, i32 %dp_mem_58_out"   --->   Operation 11 'store' 'store_ln0' <Predicate = true> <Delay = 0.42>
ST_1 : Operation 12 [1/1] (0.42ns)   --->   "%store_ln0 = store i32 0, i32 %dp_mem_57_out"   --->   Operation 12 'store' 'store_ln0' <Predicate = true> <Delay = 0.42>
ST_1 : Operation 13 [1/1] (0.42ns)   --->   "%store_ln0 = store i32 0, i32 %dp_mem_56_out"   --->   Operation 13 'store' 'store_ln0' <Predicate = true> <Delay = 0.42>
ST_1 : Operation 14 [1/1] (0.42ns)   --->   "%store_ln0 = store i32 0, i32 %dp_mem_55_out"   --->   Operation 14 'store' 'store_ln0' <Predicate = true> <Delay = 0.42>
ST_1 : Operation 15 [1/1] (0.42ns)   --->   "%store_ln0 = store i32 0, i32 %dp_mem_54_out"   --->   Operation 15 'store' 'store_ln0' <Predicate = true> <Delay = 0.42>
ST_1 : Operation 16 [1/1] (0.42ns)   --->   "%store_ln0 = store i32 0, i32 %dp_mem_53_out"   --->   Operation 16 'store' 'store_ln0' <Predicate = true> <Delay = 0.42>
ST_1 : Operation 17 [1/1] (0.42ns)   --->   "%store_ln0 = store i32 0, i32 %dp_mem_52_out"   --->   Operation 17 'store' 'store_ln0' <Predicate = true> <Delay = 0.42>
ST_1 : Operation 18 [1/1] (0.42ns)   --->   "%store_ln0 = store i32 0, i32 %dp_mem_51_out"   --->   Operation 18 'store' 'store_ln0' <Predicate = true> <Delay = 0.42>
ST_1 : Operation 19 [1/1] (0.42ns)   --->   "%store_ln0 = store i32 0, i32 %dp_mem_50_out"   --->   Operation 19 'store' 'store_ln0' <Predicate = true> <Delay = 0.42>
ST_1 : Operation 20 [1/1] (0.42ns)   --->   "%store_ln0 = store i32 0, i32 %dp_mem_49_out"   --->   Operation 20 'store' 'store_ln0' <Predicate = true> <Delay = 0.42>
ST_1 : Operation 21 [1/1] (0.42ns)   --->   "%store_ln0 = store i32 0, i32 %dp_mem_48_out"   --->   Operation 21 'store' 'store_ln0' <Predicate = true> <Delay = 0.42>
ST_1 : Operation 22 [1/1] (0.42ns)   --->   "%store_ln0 = store i32 0, i32 %dp_mem_47_out"   --->   Operation 22 'store' 'store_ln0' <Predicate = true> <Delay = 0.42>
ST_1 : Operation 23 [1/1] (0.42ns)   --->   "%store_ln0 = store i32 0, i32 %dp_mem_46_out"   --->   Operation 23 'store' 'store_ln0' <Predicate = true> <Delay = 0.42>
ST_1 : Operation 24 [1/1] (0.42ns)   --->   "%store_ln0 = store i32 0, i32 %dp_mem_45_out"   --->   Operation 24 'store' 'store_ln0' <Predicate = true> <Delay = 0.42>
ST_1 : Operation 25 [1/1] (0.42ns)   --->   "%store_ln0 = store i32 0, i32 %dp_mem_44_out"   --->   Operation 25 'store' 'store_ln0' <Predicate = true> <Delay = 0.42>
ST_1 : Operation 26 [1/1] (0.42ns)   --->   "%store_ln0 = store i32 0, i32 %dp_mem_43_out"   --->   Operation 26 'store' 'store_ln0' <Predicate = true> <Delay = 0.42>
ST_1 : Operation 27 [1/1] (0.42ns)   --->   "%store_ln0 = store i32 0, i32 %dp_mem_42_out"   --->   Operation 27 'store' 'store_ln0' <Predicate = true> <Delay = 0.42>
ST_1 : Operation 28 [1/1] (0.42ns)   --->   "%store_ln0 = store i32 0, i32 %dp_mem_41_out"   --->   Operation 28 'store' 'store_ln0' <Predicate = true> <Delay = 0.42>
ST_1 : Operation 29 [1/1] (0.42ns)   --->   "%store_ln0 = store i32 0, i32 %dp_mem_40_out"   --->   Operation 29 'store' 'store_ln0' <Predicate = true> <Delay = 0.42>
ST_1 : Operation 30 [1/1] (0.42ns)   --->   "%store_ln0 = store i32 0, i32 %dp_mem_39_out"   --->   Operation 30 'store' 'store_ln0' <Predicate = true> <Delay = 0.42>
ST_1 : Operation 31 [1/1] (0.42ns)   --->   "%store_ln0 = store i32 0, i32 %dp_mem_38_out"   --->   Operation 31 'store' 'store_ln0' <Predicate = true> <Delay = 0.42>
ST_1 : Operation 32 [1/1] (0.42ns)   --->   "%store_ln0 = store i32 0, i32 %dp_mem_37_out"   --->   Operation 32 'store' 'store_ln0' <Predicate = true> <Delay = 0.42>
ST_1 : Operation 33 [1/1] (0.42ns)   --->   "%store_ln0 = store i32 0, i32 %dp_mem_36_out"   --->   Operation 33 'store' 'store_ln0' <Predicate = true> <Delay = 0.42>
ST_1 : Operation 34 [1/1] (0.42ns)   --->   "%store_ln0 = store i32 0, i32 %dp_mem_35_out"   --->   Operation 34 'store' 'store_ln0' <Predicate = true> <Delay = 0.42>
ST_1 : Operation 35 [1/1] (0.42ns)   --->   "%store_ln0 = store i32 0, i32 %dp_mem_34_out"   --->   Operation 35 'store' 'store_ln0' <Predicate = true> <Delay = 0.42>
ST_1 : Operation 36 [1/1] (0.42ns)   --->   "%store_ln0 = store i32 0, i32 %dp_mem_33_out"   --->   Operation 36 'store' 'store_ln0' <Predicate = true> <Delay = 0.42>
ST_1 : Operation 37 [1/1] (0.42ns)   --->   "%store_ln0 = store i32 0, i32 %dp_mem_32_out"   --->   Operation 37 'store' 'store_ln0' <Predicate = true> <Delay = 0.42>
ST_1 : Operation 38 [1/1] (0.42ns)   --->   "%store_ln0 = store i32 0, i32 %dp_mem_31_out"   --->   Operation 38 'store' 'store_ln0' <Predicate = true> <Delay = 0.42>
ST_1 : Operation 39 [1/1] (0.42ns)   --->   "%store_ln0 = store i32 0, i32 %dp_mem_30_out"   --->   Operation 39 'store' 'store_ln0' <Predicate = true> <Delay = 0.42>
ST_1 : Operation 40 [1/1] (0.42ns)   --->   "%store_ln0 = store i32 0, i32 %dp_mem_29_out"   --->   Operation 40 'store' 'store_ln0' <Predicate = true> <Delay = 0.42>
ST_1 : Operation 41 [1/1] (0.42ns)   --->   "%store_ln0 = store i32 0, i32 %dp_mem_28_out"   --->   Operation 41 'store' 'store_ln0' <Predicate = true> <Delay = 0.42>
ST_1 : Operation 42 [1/1] (0.42ns)   --->   "%store_ln0 = store i32 0, i32 %dp_mem_27_out"   --->   Operation 42 'store' 'store_ln0' <Predicate = true> <Delay = 0.42>
ST_1 : Operation 43 [1/1] (0.42ns)   --->   "%store_ln0 = store i32 0, i32 %dp_mem_26_out"   --->   Operation 43 'store' 'store_ln0' <Predicate = true> <Delay = 0.42>
ST_1 : Operation 44 [1/1] (0.42ns)   --->   "%store_ln0 = store i32 0, i32 %dp_mem_25_out"   --->   Operation 44 'store' 'store_ln0' <Predicate = true> <Delay = 0.42>
ST_1 : Operation 45 [1/1] (0.42ns)   --->   "%store_ln0 = store i32 0, i32 %dp_mem_24_out"   --->   Operation 45 'store' 'store_ln0' <Predicate = true> <Delay = 0.42>
ST_1 : Operation 46 [1/1] (0.42ns)   --->   "%store_ln0 = store i32 0, i32 %dp_mem_23_out"   --->   Operation 46 'store' 'store_ln0' <Predicate = true> <Delay = 0.42>
ST_1 : Operation 47 [1/1] (0.42ns)   --->   "%store_ln0 = store i32 0, i32 %dp_mem_22_out"   --->   Operation 47 'store' 'store_ln0' <Predicate = true> <Delay = 0.42>
ST_1 : Operation 48 [1/1] (0.42ns)   --->   "%store_ln0 = store i32 0, i32 %dp_mem_21_out"   --->   Operation 48 'store' 'store_ln0' <Predicate = true> <Delay = 0.42>
ST_1 : Operation 49 [1/1] (0.42ns)   --->   "%store_ln0 = store i32 0, i32 %dp_mem_20_out"   --->   Operation 49 'store' 'store_ln0' <Predicate = true> <Delay = 0.42>
ST_1 : Operation 50 [1/1] (0.42ns)   --->   "%store_ln0 = store i32 0, i32 %dp_mem_19_out"   --->   Operation 50 'store' 'store_ln0' <Predicate = true> <Delay = 0.42>
ST_1 : Operation 51 [1/1] (0.42ns)   --->   "%store_ln0 = store i32 0, i32 %dp_mem_18_out"   --->   Operation 51 'store' 'store_ln0' <Predicate = true> <Delay = 0.42>
ST_1 : Operation 52 [1/1] (0.42ns)   --->   "%store_ln0 = store i32 0, i32 %dp_mem_17_out"   --->   Operation 52 'store' 'store_ln0' <Predicate = true> <Delay = 0.42>
ST_1 : Operation 53 [1/1] (0.42ns)   --->   "%store_ln0 = store i32 0, i32 %dp_mem_16_out"   --->   Operation 53 'store' 'store_ln0' <Predicate = true> <Delay = 0.42>
ST_1 : Operation 54 [1/1] (0.42ns)   --->   "%store_ln0 = store i32 0, i32 %dp_mem_15_out"   --->   Operation 54 'store' 'store_ln0' <Predicate = true> <Delay = 0.42>
ST_1 : Operation 55 [1/1] (0.42ns)   --->   "%store_ln0 = store i32 0, i32 %dp_mem_14_out"   --->   Operation 55 'store' 'store_ln0' <Predicate = true> <Delay = 0.42>
ST_1 : Operation 56 [1/1] (0.42ns)   --->   "%store_ln0 = store i32 0, i32 %dp_mem_13_out"   --->   Operation 56 'store' 'store_ln0' <Predicate = true> <Delay = 0.42>
ST_1 : Operation 57 [1/1] (0.42ns)   --->   "%store_ln0 = store i32 0, i32 %dp_mem_12_out"   --->   Operation 57 'store' 'store_ln0' <Predicate = true> <Delay = 0.42>
ST_1 : Operation 58 [1/1] (0.42ns)   --->   "%store_ln0 = store i32 0, i32 %dp_mem_11_out"   --->   Operation 58 'store' 'store_ln0' <Predicate = true> <Delay = 0.42>
ST_1 : Operation 59 [1/1] (0.42ns)   --->   "%store_ln0 = store i32 0, i32 %dp_mem_10_out"   --->   Operation 59 'store' 'store_ln0' <Predicate = true> <Delay = 0.42>
ST_1 : Operation 60 [1/1] (0.42ns)   --->   "%store_ln0 = store i32 0, i32 %dp_mem_9_out"   --->   Operation 60 'store' 'store_ln0' <Predicate = true> <Delay = 0.42>
ST_1 : Operation 61 [1/1] (0.42ns)   --->   "%store_ln0 = store i32 0, i32 %dp_mem_8_out"   --->   Operation 61 'store' 'store_ln0' <Predicate = true> <Delay = 0.42>
ST_1 : Operation 62 [1/1] (0.42ns)   --->   "%store_ln0 = store i32 0, i32 %dp_mem_7_out"   --->   Operation 62 'store' 'store_ln0' <Predicate = true> <Delay = 0.42>
ST_1 : Operation 63 [1/1] (0.42ns)   --->   "%store_ln0 = store i32 0, i32 %dp_mem_6_out"   --->   Operation 63 'store' 'store_ln0' <Predicate = true> <Delay = 0.42>
ST_1 : Operation 64 [1/1] (0.42ns)   --->   "%store_ln0 = store i32 0, i32 %dp_mem_5_out"   --->   Operation 64 'store' 'store_ln0' <Predicate = true> <Delay = 0.42>
ST_1 : Operation 65 [1/1] (0.42ns)   --->   "%store_ln0 = store i32 0, i32 %dp_mem_4_out"   --->   Operation 65 'store' 'store_ln0' <Predicate = true> <Delay = 0.42>
ST_1 : Operation 66 [1/1] (0.42ns)   --->   "%store_ln0 = store i32 0, i32 %dp_mem_3_out"   --->   Operation 66 'store' 'store_ln0' <Predicate = true> <Delay = 0.42>
ST_1 : Operation 67 [1/1] (0.42ns)   --->   "%store_ln0 = store i32 0, i32 %dp_mem_2_out"   --->   Operation 67 'store' 'store_ln0' <Predicate = true> <Delay = 0.42>
ST_1 : Operation 68 [1/1] (0.42ns)   --->   "%store_ln0 = store i32 0, i32 %dp_mem_1_out"   --->   Operation 68 'store' 'store_ln0' <Predicate = true> <Delay = 0.42>
ST_1 : Operation 69 [1/1] (0.42ns)   --->   "%store_ln0 = store i32 0, i32 %dp_mem_out"   --->   Operation 69 'store' 'store_ln0' <Predicate = true> <Delay = 0.42>
ST_1 : Operation 70 [1/1] (0.42ns)   --->   "%store_ln0 = store i7 0, i7 %indvar_flatten"   --->   Operation 70 'store' 'store_ln0' <Predicate = true> <Delay = 0.42>
ST_1 : Operation 71 [1/1] (0.42ns)   --->   "%store_ln0 = store i2 0, i2 %gg"   --->   Operation 71 'store' 'store_ln0' <Predicate = true> <Delay = 0.42>
ST_1 : Operation 72 [1/1] (0.42ns)   --->   "%store_ln0 = store i6 0, i6 %ij"   --->   Operation 72 'store' 'store_ln0' <Predicate = true> <Delay = 0.42>
ST_1 : Operation 73 [1/1] (0.00ns)   --->   "%br_ln0 = br void %for.inc"   --->   Operation 73 'br' 'br_ln0' <Predicate = true> <Delay = 0.00>
ST_1 : Operation 74 [1/1] (0.00ns)   --->   "%indvar_flatten_load = load i7 %indvar_flatten" [seq_align_multiple.cpp:991]   --->   Operation 74 'load' 'indvar_flatten_load' <Predicate = true> <Delay = 0.00>
ST_1 : Operation 75 [1/1] (0.00ns)   --->   "%specpipeline_ln0 = specpipeline void @_ssdm_op_SpecPipeline, i32 4294967295, i32 0, i32 1, i32 0, void @p_str"   --->   Operation 75 'specpipeline' 'specpipeline_ln0' <Predicate = true> <Delay = 0.00>
ST_1 : Operation 76 [1/1] (0.81ns)   --->   "%icmp_ln991 = icmp_eq  i7 %indvar_flatten_load, i7 96" [seq_align_multiple.cpp:991]   --->   Operation 76 'icmp' 'icmp_ln991' <Predicate = true> <Delay = 0.81> <CoreInst = "Cmp">   --->   Core 9 'Cmp' <Latency = 0> <II = 1> <Delay = 0.81> <FuncUnit> <Opcode : 'icmp'> <InPorts = 2> <OutPorts = 1>
ST_1 : Operation 77 [1/1] (0.77ns)   --->   "%add_ln991_1 = add i7 %indvar_flatten_load, i7 1" [seq_align_multiple.cpp:991]   --->   Operation 77 'add' 'add_ln991_1' <Predicate = true> <Delay = 0.77> <CoreInst = "Adder">   --->   Core 1 'Adder' <Latency = 0> <II = 1> <Delay = 0.77> <FuncUnit> <Opcode : 'add' 'sub'> <InPorts = 2> <OutPorts = 1>
ST_1 : Operation 78 [1/1] (0.00ns)   --->   "%br_ln991 = br i1 %icmp_ln991, void %for.inc48, void %for.inc67.preheader.exitStub" [seq_align_multiple.cpp:991]   --->   Operation 78 'br' 'br_ln991' <Predicate = true> <Delay = 0.00>
ST_1 : Operation 79 [1/1] (0.00ns)   --->   "%ij_load = load i6 %ij" [seq_align_multiple.cpp:993]   --->   Operation 79 'load' 'ij_load' <Predicate = (!icmp_ln991)> <Delay = 0.00>
ST_1 : Operation 80 [1/1] (0.00ns)   --->   "%gg_load = load i2 %gg" [seq_align_multiple.cpp:991]   --->   Operation 80 'load' 'gg_load' <Predicate = (!icmp_ln991)> <Delay = 0.00>
ST_1 : Operation 81 [1/1] (0.54ns)   --->   "%add_ln991 = add i2 %gg_load, i2 1" [seq_align_multiple.cpp:991]   --->   Operation 81 'add' 'add_ln991' <Predicate = (!icmp_ln991)> <Delay = 0.54> <CoreInst = "Adder">   --->   Core 1 'Adder' <Latency = 0> <II = 1> <Delay = 0.54> <FuncUnit> <Opcode : 'add' 'sub'> <InPorts = 2> <OutPorts = 1>
ST_1 : Operation 82 [1/1] (0.00ns)   --->   "%specloopname_ln0 = specloopname void @_ssdm_op_SpecLoopName, void @local_dpmem_loop_VITIS_LOOP_993_1_str"   --->   Operation 82 'specloopname' 'specloopname_ln0' <Predicate = (!icmp_ln991)> <Delay = 0.00>
ST_1 : Operation 83 [1/1] (0.00ns)   --->   "%speclooptripcount_ln0 = speclooptripcount void @_ssdm_op_SpecLoopTripCount, i64 96, i64 96, i64 96"   --->   Operation 83 'speclooptripcount' 'speclooptripcount_ln0' <Predicate = (!icmp_ln991)> <Delay = 0.00>
ST_1 : Operation 84 [1/1] (0.78ns)   --->   "%icmp_ln993 = icmp_eq  i6 %ij_load, i6 32" [seq_align_multiple.cpp:993]   --->   Operation 84 'icmp' 'icmp_ln993' <Predicate = (!icmp_ln991)> <Delay = 0.78> <CoreInst = "Cmp">   --->   Core 9 'Cmp' <Latency = 0> <II = 1> <Delay = 0.78> <FuncUnit> <Opcode : 'icmp'> <InPorts = 2> <OutPorts = 1>
ST_1 : Operation 85 [1/1] (0.38ns)   --->   "%select_ln967 = select i1 %icmp_ln993, i6 0, i6 %ij_load" [seq_align_multiple.cpp:967]   --->   Operation 85 'select' 'select_ln967' <Predicate = (!icmp_ln991)> <Delay = 0.38> <CoreInst = "Sel">   --->   Core 73 'Sel' <Latency = 0> <II = 1> <Delay = 0.38> <FuncUnit> <Opcode : 'select'> <InPorts = 3> <OutPorts = 1>
ST_1 : Operation 86 [1/1] (0.00ns)   --->   "%specpipeline_ln0 = specpipeline void @_ssdm_op_SpecPipeline, i32 4294967295, i32 0, i32 1, i32 0, void @p_str"   --->   Operation 86 'specpipeline' 'specpipeline_ln0' <Predicate = (!icmp_ln991)> <Delay = 0.00>
ST_1 : Operation 87 [1/1] (0.17ns)   --->   "%select_ln991 = select i1 %icmp_ln993, i2 %add_ln991, i2 %gg_load" [seq_align_multiple.cpp:991]   --->   Operation 87 'select' 'select_ln991' <Predicate = (!icmp_ln991)> <Delay = 0.17> <CoreInst = "Sel">   --->   Core 73 'Sel' <Latency = 0> <II = 1> <Delay = 0.17> <FuncUnit> <Opcode : 'select'> <InPorts = 3> <OutPorts = 1>
ST_1 : Operation 88 [1/1] (0.00ns)   --->   "%specloopname_ln967 = specloopname void @_ssdm_op_SpecLoopName, void @empty_19" [seq_align_multiple.cpp:967]   --->   Operation 88 'specloopname' 'specloopname_ln967' <Predicate = (!icmp_ln991)> <Delay = 0.00>
ST_1 : Operation 89 [1/1] (0.00ns)   --->   "%trunc_ln995 = trunc i6 %select_ln967" [seq_align_multiple.cpp:995]   --->   Operation 89 'trunc' 'trunc_ln995' <Predicate = (!icmp_ln991)> <Delay = 0.00>
ST_1 : Operation 90 [1/1] (0.44ns)   --->   "%switch_ln995 = switch i2 %select_ln991, void %arrayidx4750.case.2, i2 0, void %arrayidx4750.exit, i2 1, void %arrayidx4750.case.1" [seq_align_multiple.cpp:995]   --->   Operation 90 'switch' 'switch_ln995' <Predicate = (!icmp_ln991)> <Delay = 0.44>
ST_1 : Operation 91 [1/1] (0.44ns)   --->   "%switch_ln995 = switch i5 %trunc_ln995, void %arrayidx4750.exit, i5 0, void %arrayidx4750.case.1.arrayidx4750.exit_crit_edge, i5 1, void %arrayidx4750.case.1.arrayidx4750.exit_crit_edge2, i5 2, void %arrayidx4750.case.21819, i5 3, void %arrayidx4750.case.31820, i5 4, void %arrayidx4750.case.41821, i5 5, void %arrayidx4750.case.51822, i5 6, void %arrayidx4750.case.61823, i5 7, void %arrayidx4750.case.71824, i5 8, void %arrayidx4750.case.81825, i5 9, void %arrayidx4750.case.91826, i5 10, void %arrayidx4750.case.101827, i5 11, void %arrayidx4750.case.111828, i5 12, void %arrayidx4750.case.121829, i5 13, void %arrayidx4750.case.131830, i5 14, void %arrayidx4750.case.141831, i5 15, void %arrayidx4750.case.151832, i5 16, void %arrayidx4750.case.161833, i5 17, void %arrayidx4750.case.171834, i5 18, void %arrayidx4750.case.181835, i5 19, void %arrayidx4750.case.191836, i5 20, void %arrayidx4750.case.201837, i5 21, void %arrayidx4750.case.211838, i5 22, void %arrayidx4750.case.221839, i5 23, void %arrayidx4750.case.231840, i5 24, void %arrayidx4750.case.241841, i5 25, void %arrayidx4750.case.251842, i5 26, void %arrayidx4750.case.261843, i5 27, void %arrayidx4750.case.271844, i5 28, void %arrayidx4750.case.281845, i5 29, void %arrayidx4750.case.291846, i5 30, void %arrayidx4750.case.301847" [seq_align_multiple.cpp:995]   --->   Operation 91 'switch' 'switch_ln995' <Predicate = (!icmp_ln991 & select_ln991 == 1)> <Delay = 0.44>
ST_1 : Operation 92 [1/1] (0.42ns)   --->   "%store_ln995 = store i32 0, i32 %dp_mem_30_out" [seq_align_multiple.cpp:995]   --->   Operation 92 'store' 'store_ln995' <Predicate = (!icmp_ln991 & select_ln991 == 1 & trunc_ln995 == 30)> <Delay = 0.42>
ST_1 : Operation 93 [1/1] (0.00ns)   --->   "%br_ln995 = br void %arrayidx4750.exit" [seq_align_multiple.cpp:995]   --->   Operation 93 'br' 'br_ln995' <Predicate = (!icmp_ln991 & select_ln991 == 1 & trunc_ln995 == 30)> <Delay = 0.00>
ST_1 : Operation 94 [1/1] (0.42ns)   --->   "%store_ln995 = store i32 0, i32 %dp_mem_29_out" [seq_align_multiple.cpp:995]   --->   Operation 94 'store' 'store_ln995' <Predicate = (!icmp_ln991 & select_ln991 == 1 & trunc_ln995 == 29)> <Delay = 0.42>
ST_1 : Operation 95 [1/1] (0.00ns)   --->   "%br_ln995 = br void %arrayidx4750.exit" [seq_align_multiple.cpp:995]   --->   Operation 95 'br' 'br_ln995' <Predicate = (!icmp_ln991 & select_ln991 == 1 & trunc_ln995 == 29)> <Delay = 0.00>
ST_1 : Operation 96 [1/1] (0.42ns)   --->   "%store_ln995 = store i32 0, i32 %dp_mem_28_out" [seq_align_multiple.cpp:995]   --->   Operation 96 'store' 'store_ln995' <Predicate = (!icmp_ln991 & select_ln991 == 1 & trunc_ln995 == 28)> <Delay = 0.42>
ST_1 : Operation 97 [1/1] (0.00ns)   --->   "%br_ln995 = br void %arrayidx4750.exit" [seq_align_multiple.cpp:995]   --->   Operation 97 'br' 'br_ln995' <Predicate = (!icmp_ln991 & select_ln991 == 1 & trunc_ln995 == 28)> <Delay = 0.00>
ST_1 : Operation 98 [1/1] (0.42ns)   --->   "%store_ln995 = store i32 0, i32 %dp_mem_27_out" [seq_align_multiple.cpp:995]   --->   Operation 98 'store' 'store_ln995' <Predicate = (!icmp_ln991 & select_ln991 == 1 & trunc_ln995 == 27)> <Delay = 0.42>
ST_1 : Operation 99 [1/1] (0.00ns)   --->   "%br_ln995 = br void %arrayidx4750.exit" [seq_align_multiple.cpp:995]   --->   Operation 99 'br' 'br_ln995' <Predicate = (!icmp_ln991 & select_ln991 == 1 & trunc_ln995 == 27)> <Delay = 0.00>
ST_1 : Operation 100 [1/1] (0.42ns)   --->   "%store_ln995 = store i32 0, i32 %dp_mem_26_out" [seq_align_multiple.cpp:995]   --->   Operation 100 'store' 'store_ln995' <Predicate = (!icmp_ln991 & select_ln991 == 1 & trunc_ln995 == 26)> <Delay = 0.42>
ST_1 : Operation 101 [1/1] (0.00ns)   --->   "%br_ln995 = br void %arrayidx4750.exit" [seq_align_multiple.cpp:995]   --->   Operation 101 'br' 'br_ln995' <Predicate = (!icmp_ln991 & select_ln991 == 1 & trunc_ln995 == 26)> <Delay = 0.00>
ST_1 : Operation 102 [1/1] (0.42ns)   --->   "%store_ln995 = store i32 0, i32 %dp_mem_25_out" [seq_align_multiple.cpp:995]   --->   Operation 102 'store' 'store_ln995' <Predicate = (!icmp_ln991 & select_ln991 == 1 & trunc_ln995 == 25)> <Delay = 0.42>
ST_1 : Operation 103 [1/1] (0.00ns)   --->   "%br_ln995 = br void %arrayidx4750.exit" [seq_align_multiple.cpp:995]   --->   Operation 103 'br' 'br_ln995' <Predicate = (!icmp_ln991 & select_ln991 == 1 & trunc_ln995 == 25)> <Delay = 0.00>
ST_1 : Operation 104 [1/1] (0.42ns)   --->   "%store_ln995 = store i32 0, i32 %dp_mem_24_out" [seq_align_multiple.cpp:995]   --->   Operation 104 'store' 'store_ln995' <Predicate = (!icmp_ln991 & select_ln991 == 1 & trunc_ln995 == 24)> <Delay = 0.42>
ST_1 : Operation 105 [1/1] (0.00ns)   --->   "%br_ln995 = br void %arrayidx4750.exit" [seq_align_multiple.cpp:995]   --->   Operation 105 'br' 'br_ln995' <Predicate = (!icmp_ln991 & select_ln991 == 1 & trunc_ln995 == 24)> <Delay = 0.00>
ST_1 : Operation 106 [1/1] (0.42ns)   --->   "%store_ln995 = store i32 0, i32 %dp_mem_23_out" [seq_align_multiple.cpp:995]   --->   Operation 106 'store' 'store_ln995' <Predicate = (!icmp_ln991 & select_ln991 == 1 & trunc_ln995 == 23)> <Delay = 0.42>
ST_1 : Operation 107 [1/1] (0.00ns)   --->   "%br_ln995 = br void %arrayidx4750.exit" [seq_align_multiple.cpp:995]   --->   Operation 107 'br' 'br_ln995' <Predicate = (!icmp_ln991 & select_ln991 == 1 & trunc_ln995 == 23)> <Delay = 0.00>
ST_1 : Operation 108 [1/1] (0.42ns)   --->   "%store_ln995 = store i32 0, i32 %dp_mem_22_out" [seq_align_multiple.cpp:995]   --->   Operation 108 'store' 'store_ln995' <Predicate = (!icmp_ln991 & select_ln991 == 1 & trunc_ln995 == 22)> <Delay = 0.42>
ST_1 : Operation 109 [1/1] (0.00ns)   --->   "%br_ln995 = br void %arrayidx4750.exit" [seq_align_multiple.cpp:995]   --->   Operation 109 'br' 'br_ln995' <Predicate = (!icmp_ln991 & select_ln991 == 1 & trunc_ln995 == 22)> <Delay = 0.00>
ST_1 : Operation 110 [1/1] (0.42ns)   --->   "%store_ln995 = store i32 0, i32 %dp_mem_21_out" [seq_align_multiple.cpp:995]   --->   Operation 110 'store' 'store_ln995' <Predicate = (!icmp_ln991 & select_ln991 == 1 & trunc_ln995 == 21)> <Delay = 0.42>
ST_1 : Operation 111 [1/1] (0.00ns)   --->   "%br_ln995 = br void %arrayidx4750.exit" [seq_align_multiple.cpp:995]   --->   Operation 111 'br' 'br_ln995' <Predicate = (!icmp_ln991 & select_ln991 == 1 & trunc_ln995 == 21)> <Delay = 0.00>
ST_1 : Operation 112 [1/1] (0.42ns)   --->   "%store_ln995 = store i32 0, i32 %dp_mem_20_out" [seq_align_multiple.cpp:995]   --->   Operation 112 'store' 'store_ln995' <Predicate = (!icmp_ln991 & select_ln991 == 1 & trunc_ln995 == 20)> <Delay = 0.42>
ST_1 : Operation 113 [1/1] (0.00ns)   --->   "%br_ln995 = br void %arrayidx4750.exit" [seq_align_multiple.cpp:995]   --->   Operation 113 'br' 'br_ln995' <Predicate = (!icmp_ln991 & select_ln991 == 1 & trunc_ln995 == 20)> <Delay = 0.00>
ST_1 : Operation 114 [1/1] (0.42ns)   --->   "%store_ln995 = store i32 0, i32 %dp_mem_19_out" [seq_align_multiple.cpp:995]   --->   Operation 114 'store' 'store_ln995' <Predicate = (!icmp_ln991 & select_ln991 == 1 & trunc_ln995 == 19)> <Delay = 0.42>
ST_1 : Operation 115 [1/1] (0.00ns)   --->   "%br_ln995 = br void %arrayidx4750.exit" [seq_align_multiple.cpp:995]   --->   Operation 115 'br' 'br_ln995' <Predicate = (!icmp_ln991 & select_ln991 == 1 & trunc_ln995 == 19)> <Delay = 0.00>
ST_1 : Operation 116 [1/1] (0.42ns)   --->   "%store_ln995 = store i32 0, i32 %dp_mem_18_out" [seq_align_multiple.cpp:995]   --->   Operation 116 'store' 'store_ln995' <Predicate = (!icmp_ln991 & select_ln991 == 1 & trunc_ln995 == 18)> <Delay = 0.42>
ST_1 : Operation 117 [1/1] (0.00ns)   --->   "%br_ln995 = br void %arrayidx4750.exit" [seq_align_multiple.cpp:995]   --->   Operation 117 'br' 'br_ln995' <Predicate = (!icmp_ln991 & select_ln991 == 1 & trunc_ln995 == 18)> <Delay = 0.00>
ST_1 : Operation 118 [1/1] (0.42ns)   --->   "%store_ln995 = store i32 0, i32 %dp_mem_17_out" [seq_align_multiple.cpp:995]   --->   Operation 118 'store' 'store_ln995' <Predicate = (!icmp_ln991 & select_ln991 == 1 & trunc_ln995 == 17)> <Delay = 0.42>
ST_1 : Operation 119 [1/1] (0.00ns)   --->   "%br_ln995 = br void %arrayidx4750.exit" [seq_align_multiple.cpp:995]   --->   Operation 119 'br' 'br_ln995' <Predicate = (!icmp_ln991 & select_ln991 == 1 & trunc_ln995 == 17)> <Delay = 0.00>
ST_1 : Operation 120 [1/1] (0.42ns)   --->   "%store_ln995 = store i32 0, i32 %dp_mem_16_out" [seq_align_multiple.cpp:995]   --->   Operation 120 'store' 'store_ln995' <Predicate = (!icmp_ln991 & select_ln991 == 1 & trunc_ln995 == 16)> <Delay = 0.42>
ST_1 : Operation 121 [1/1] (0.00ns)   --->   "%br_ln995 = br void %arrayidx4750.exit" [seq_align_multiple.cpp:995]   --->   Operation 121 'br' 'br_ln995' <Predicate = (!icmp_ln991 & select_ln991 == 1 & trunc_ln995 == 16)> <Delay = 0.00>
ST_1 : Operation 122 [1/1] (0.42ns)   --->   "%store_ln995 = store i32 0, i32 %dp_mem_15_out" [seq_align_multiple.cpp:995]   --->   Operation 122 'store' 'store_ln995' <Predicate = (!icmp_ln991 & select_ln991 == 1 & trunc_ln995 == 15)> <Delay = 0.42>
ST_1 : Operation 123 [1/1] (0.00ns)   --->   "%br_ln995 = br void %arrayidx4750.exit" [seq_align_multiple.cpp:995]   --->   Operation 123 'br' 'br_ln995' <Predicate = (!icmp_ln991 & select_ln991 == 1 & trunc_ln995 == 15)> <Delay = 0.00>
ST_1 : Operation 124 [1/1] (0.42ns)   --->   "%store_ln995 = store i32 0, i32 %dp_mem_14_out" [seq_align_multiple.cpp:995]   --->   Operation 124 'store' 'store_ln995' <Predicate = (!icmp_ln991 & select_ln991 == 1 & trunc_ln995 == 14)> <Delay = 0.42>
ST_1 : Operation 125 [1/1] (0.00ns)   --->   "%br_ln995 = br void %arrayidx4750.exit" [seq_align_multiple.cpp:995]   --->   Operation 125 'br' 'br_ln995' <Predicate = (!icmp_ln991 & select_ln991 == 1 & trunc_ln995 == 14)> <Delay = 0.00>
ST_1 : Operation 126 [1/1] (0.42ns)   --->   "%store_ln995 = store i32 0, i32 %dp_mem_13_out" [seq_align_multiple.cpp:995]   --->   Operation 126 'store' 'store_ln995' <Predicate = (!icmp_ln991 & select_ln991 == 1 & trunc_ln995 == 13)> <Delay = 0.42>
ST_1 : Operation 127 [1/1] (0.00ns)   --->   "%br_ln995 = br void %arrayidx4750.exit" [seq_align_multiple.cpp:995]   --->   Operation 127 'br' 'br_ln995' <Predicate = (!icmp_ln991 & select_ln991 == 1 & trunc_ln995 == 13)> <Delay = 0.00>
ST_1 : Operation 128 [1/1] (0.42ns)   --->   "%store_ln995 = store i32 0, i32 %dp_mem_12_out" [seq_align_multiple.cpp:995]   --->   Operation 128 'store' 'store_ln995' <Predicate = (!icmp_ln991 & select_ln991 == 1 & trunc_ln995 == 12)> <Delay = 0.42>
ST_1 : Operation 129 [1/1] (0.00ns)   --->   "%br_ln995 = br void %arrayidx4750.exit" [seq_align_multiple.cpp:995]   --->   Operation 129 'br' 'br_ln995' <Predicate = (!icmp_ln991 & select_ln991 == 1 & trunc_ln995 == 12)> <Delay = 0.00>
ST_1 : Operation 130 [1/1] (0.42ns)   --->   "%store_ln995 = store i32 0, i32 %dp_mem_11_out" [seq_align_multiple.cpp:995]   --->   Operation 130 'store' 'store_ln995' <Predicate = (!icmp_ln991 & select_ln991 == 1 & trunc_ln995 == 11)> <Delay = 0.42>
ST_1 : Operation 131 [1/1] (0.00ns)   --->   "%br_ln995 = br void %arrayidx4750.exit" [seq_align_multiple.cpp:995]   --->   Operation 131 'br' 'br_ln995' <Predicate = (!icmp_ln991 & select_ln991 == 1 & trunc_ln995 == 11)> <Delay = 0.00>
ST_1 : Operation 132 [1/1] (0.42ns)   --->   "%store_ln995 = store i32 0, i32 %dp_mem_10_out" [seq_align_multiple.cpp:995]   --->   Operation 132 'store' 'store_ln995' <Predicate = (!icmp_ln991 & select_ln991 == 1 & trunc_ln995 == 10)> <Delay = 0.42>
ST_1 : Operation 133 [1/1] (0.00ns)   --->   "%br_ln995 = br void %arrayidx4750.exit" [seq_align_multiple.cpp:995]   --->   Operation 133 'br' 'br_ln995' <Predicate = (!icmp_ln991 & select_ln991 == 1 & trunc_ln995 == 10)> <Delay = 0.00>
ST_1 : Operation 134 [1/1] (0.42ns)   --->   "%store_ln995 = store i32 0, i32 %dp_mem_9_out" [seq_align_multiple.cpp:995]   --->   Operation 134 'store' 'store_ln995' <Predicate = (!icmp_ln991 & select_ln991 == 1 & trunc_ln995 == 9)> <Delay = 0.42>
ST_1 : Operation 135 [1/1] (0.00ns)   --->   "%br_ln995 = br void %arrayidx4750.exit" [seq_align_multiple.cpp:995]   --->   Operation 135 'br' 'br_ln995' <Predicate = (!icmp_ln991 & select_ln991 == 1 & trunc_ln995 == 9)> <Delay = 0.00>
ST_1 : Operation 136 [1/1] (0.42ns)   --->   "%store_ln995 = store i32 0, i32 %dp_mem_8_out" [seq_align_multiple.cpp:995]   --->   Operation 136 'store' 'store_ln995' <Predicate = (!icmp_ln991 & select_ln991 == 1 & trunc_ln995 == 8)> <Delay = 0.42>
ST_1 : Operation 137 [1/1] (0.00ns)   --->   "%br_ln995 = br void %arrayidx4750.exit" [seq_align_multiple.cpp:995]   --->   Operation 137 'br' 'br_ln995' <Predicate = (!icmp_ln991 & select_ln991 == 1 & trunc_ln995 == 8)> <Delay = 0.00>
ST_1 : Operation 138 [1/1] (0.42ns)   --->   "%store_ln995 = store i32 0, i32 %dp_mem_7_out" [seq_align_multiple.cpp:995]   --->   Operation 138 'store' 'store_ln995' <Predicate = (!icmp_ln991 & select_ln991 == 1 & trunc_ln995 == 7)> <Delay = 0.42>
ST_1 : Operation 139 [1/1] (0.00ns)   --->   "%br_ln995 = br void %arrayidx4750.exit" [seq_align_multiple.cpp:995]   --->   Operation 139 'br' 'br_ln995' <Predicate = (!icmp_ln991 & select_ln991 == 1 & trunc_ln995 == 7)> <Delay = 0.00>
ST_1 : Operation 140 [1/1] (0.42ns)   --->   "%store_ln995 = store i32 0, i32 %dp_mem_6_out" [seq_align_multiple.cpp:995]   --->   Operation 140 'store' 'store_ln995' <Predicate = (!icmp_ln991 & select_ln991 == 1 & trunc_ln995 == 6)> <Delay = 0.42>
ST_1 : Operation 141 [1/1] (0.00ns)   --->   "%br_ln995 = br void %arrayidx4750.exit" [seq_align_multiple.cpp:995]   --->   Operation 141 'br' 'br_ln995' <Predicate = (!icmp_ln991 & select_ln991 == 1 & trunc_ln995 == 6)> <Delay = 0.00>
ST_1 : Operation 142 [1/1] (0.42ns)   --->   "%store_ln995 = store i32 0, i32 %dp_mem_5_out" [seq_align_multiple.cpp:995]   --->   Operation 142 'store' 'store_ln995' <Predicate = (!icmp_ln991 & select_ln991 == 1 & trunc_ln995 == 5)> <Delay = 0.42>
ST_1 : Operation 143 [1/1] (0.00ns)   --->   "%br_ln995 = br void %arrayidx4750.exit" [seq_align_multiple.cpp:995]   --->   Operation 143 'br' 'br_ln995' <Predicate = (!icmp_ln991 & select_ln991 == 1 & trunc_ln995 == 5)> <Delay = 0.00>
ST_1 : Operation 144 [1/1] (0.42ns)   --->   "%store_ln995 = store i32 0, i32 %dp_mem_4_out" [seq_align_multiple.cpp:995]   --->   Operation 144 'store' 'store_ln995' <Predicate = (!icmp_ln991 & select_ln991 == 1 & trunc_ln995 == 4)> <Delay = 0.42>
ST_1 : Operation 145 [1/1] (0.00ns)   --->   "%br_ln995 = br void %arrayidx4750.exit" [seq_align_multiple.cpp:995]   --->   Operation 145 'br' 'br_ln995' <Predicate = (!icmp_ln991 & select_ln991 == 1 & trunc_ln995 == 4)> <Delay = 0.00>
ST_1 : Operation 146 [1/1] (0.42ns)   --->   "%store_ln995 = store i32 0, i32 %dp_mem_3_out" [seq_align_multiple.cpp:995]   --->   Operation 146 'store' 'store_ln995' <Predicate = (!icmp_ln991 & select_ln991 == 1 & trunc_ln995 == 3)> <Delay = 0.42>
ST_1 : Operation 147 [1/1] (0.00ns)   --->   "%br_ln995 = br void %arrayidx4750.exit" [seq_align_multiple.cpp:995]   --->   Operation 147 'br' 'br_ln995' <Predicate = (!icmp_ln991 & select_ln991 == 1 & trunc_ln995 == 3)> <Delay = 0.00>
ST_1 : Operation 148 [1/1] (0.42ns)   --->   "%store_ln995 = store i32 0, i32 %dp_mem_2_out" [seq_align_multiple.cpp:995]   --->   Operation 148 'store' 'store_ln995' <Predicate = (!icmp_ln991 & select_ln991 == 1 & trunc_ln995 == 2)> <Delay = 0.42>
ST_1 : Operation 149 [1/1] (0.00ns)   --->   "%br_ln995 = br void %arrayidx4750.exit" [seq_align_multiple.cpp:995]   --->   Operation 149 'br' 'br_ln995' <Predicate = (!icmp_ln991 & select_ln991 == 1 & trunc_ln995 == 2)> <Delay = 0.00>
ST_1 : Operation 150 [1/1] (0.42ns)   --->   "%store_ln995 = store i32 0, i32 %dp_mem_1_out" [seq_align_multiple.cpp:995]   --->   Operation 150 'store' 'store_ln995' <Predicate = (!icmp_ln991 & select_ln991 == 1 & trunc_ln995 == 1)> <Delay = 0.42>
ST_1 : Operation 151 [1/1] (0.00ns)   --->   "%br_ln995 = br void %arrayidx4750.exit" [seq_align_multiple.cpp:995]   --->   Operation 151 'br' 'br_ln995' <Predicate = (!icmp_ln991 & select_ln991 == 1 & trunc_ln995 == 1)> <Delay = 0.00>
ST_1 : Operation 152 [1/1] (0.42ns)   --->   "%store_ln995 = store i32 0, i32 %dp_mem_out" [seq_align_multiple.cpp:995]   --->   Operation 152 'store' 'store_ln995' <Predicate = (!icmp_ln991 & select_ln991 == 1 & trunc_ln995 == 0)> <Delay = 0.42>
ST_1 : Operation 153 [1/1] (0.00ns)   --->   "%br_ln995 = br void %arrayidx4750.exit" [seq_align_multiple.cpp:995]   --->   Operation 153 'br' 'br_ln995' <Predicate = (!icmp_ln991 & select_ln991 == 1 & trunc_ln995 == 0)> <Delay = 0.00>
ST_1 : Operation 154 [1/1] (0.44ns)   --->   "%switch_ln995 = switch i5 %trunc_ln995, void %arrayidx4750.case.311882, i5 0, void %arrayidx4750.case.2.arrayidx4750.exit_crit_edge, i5 1, void %arrayidx4750.case.2.arrayidx4750.exit_crit_edge1, i5 2, void %arrayidx4750.case.21853, i5 3, void %arrayidx4750.case.31854, i5 4, void %arrayidx4750.case.41855, i5 5, void %arrayidx4750.case.51856, i5 6, void %arrayidx4750.case.61857, i5 7, void %arrayidx4750.case.71858, i5 8, void %arrayidx4750.case.81859, i5 9, void %arrayidx4750.case.91860, i5 10, void %arrayidx4750.case.101861, i5 11, void %arrayidx4750.case.111862, i5 12, void %arrayidx4750.case.121863, i5 13, void %arrayidx4750.case.131864, i5 14, void %arrayidx4750.case.141865, i5 15, void %arrayidx4750.case.151866, i5 16, void %arrayidx4750.case.161867, i5 17, void %arrayidx4750.case.171868, i5 18, void %arrayidx4750.case.181869, i5 19, void %arrayidx4750.case.191870, i5 20, void %arrayidx4750.case.201871, i5 21, void %arrayidx4750.case.211872, i5 22, void %arrayidx4750.case.221873, i5 23, void %arrayidx4750.case.231874, i5 24, void %arrayidx4750.case.241875, i5 25, void %arrayidx4750.case.251876, i5 26, void %arrayidx4750.case.261877, i5 27, void %arrayidx4750.case.271878, i5 28, void %arrayidx4750.case.281879, i5 29, void %arrayidx4750.case.291880, i5 30, void %arrayidx4750.case.301881" [seq_align_multiple.cpp:995]   --->   Operation 154 'switch' 'switch_ln995' <Predicate = (!icmp_ln991 & select_ln991 != 0 & select_ln991 != 1)> <Delay = 0.44>
ST_1 : Operation 155 [1/1] (0.42ns)   --->   "%store_ln995 = store i32 0, i32 %dp_mem_61_out" [seq_align_multiple.cpp:995]   --->   Operation 155 'store' 'store_ln995' <Predicate = (!icmp_ln991 & select_ln991 != 0 & select_ln991 != 1 & trunc_ln995 == 30)> <Delay = 0.42>
ST_1 : Operation 156 [1/1] (0.00ns)   --->   "%br_ln995 = br void %arrayidx4750.exit" [seq_align_multiple.cpp:995]   --->   Operation 156 'br' 'br_ln995' <Predicate = (!icmp_ln991 & select_ln991 != 0 & select_ln991 != 1 & trunc_ln995 == 30)> <Delay = 0.00>
ST_1 : Operation 157 [1/1] (0.42ns)   --->   "%store_ln995 = store i32 0, i32 %dp_mem_60_out" [seq_align_multiple.cpp:995]   --->   Operation 157 'store' 'store_ln995' <Predicate = (!icmp_ln991 & select_ln991 != 0 & select_ln991 != 1 & trunc_ln995 == 29)> <Delay = 0.42>
ST_1 : Operation 158 [1/1] (0.00ns)   --->   "%br_ln995 = br void %arrayidx4750.exit" [seq_align_multiple.cpp:995]   --->   Operation 158 'br' 'br_ln995' <Predicate = (!icmp_ln991 & select_ln991 != 0 & select_ln991 != 1 & trunc_ln995 == 29)> <Delay = 0.00>
ST_1 : Operation 159 [1/1] (0.42ns)   --->   "%store_ln995 = store i32 0, i32 %dp_mem_59_out" [seq_align_multiple.cpp:995]   --->   Operation 159 'store' 'store_ln995' <Predicate = (!icmp_ln991 & select_ln991 != 0 & select_ln991 != 1 & trunc_ln995 == 28)> <Delay = 0.42>
ST_1 : Operation 160 [1/1] (0.00ns)   --->   "%br_ln995 = br void %arrayidx4750.exit" [seq_align_multiple.cpp:995]   --->   Operation 160 'br' 'br_ln995' <Predicate = (!icmp_ln991 & select_ln991 != 0 & select_ln991 != 1 & trunc_ln995 == 28)> <Delay = 0.00>
ST_1 : Operation 161 [1/1] (0.42ns)   --->   "%store_ln995 = store i32 0, i32 %dp_mem_58_out" [seq_align_multiple.cpp:995]   --->   Operation 161 'store' 'store_ln995' <Predicate = (!icmp_ln991 & select_ln991 != 0 & select_ln991 != 1 & trunc_ln995 == 27)> <Delay = 0.42>
ST_1 : Operation 162 [1/1] (0.00ns)   --->   "%br_ln995 = br void %arrayidx4750.exit" [seq_align_multiple.cpp:995]   --->   Operation 162 'br' 'br_ln995' <Predicate = (!icmp_ln991 & select_ln991 != 0 & select_ln991 != 1 & trunc_ln995 == 27)> <Delay = 0.00>
ST_1 : Operation 163 [1/1] (0.42ns)   --->   "%store_ln995 = store i32 0, i32 %dp_mem_57_out" [seq_align_multiple.cpp:995]   --->   Operation 163 'store' 'store_ln995' <Predicate = (!icmp_ln991 & select_ln991 != 0 & select_ln991 != 1 & trunc_ln995 == 26)> <Delay = 0.42>
ST_1 : Operation 164 [1/1] (0.00ns)   --->   "%br_ln995 = br void %arrayidx4750.exit" [seq_align_multiple.cpp:995]   --->   Operation 164 'br' 'br_ln995' <Predicate = (!icmp_ln991 & select_ln991 != 0 & select_ln991 != 1 & trunc_ln995 == 26)> <Delay = 0.00>
ST_1 : Operation 165 [1/1] (0.42ns)   --->   "%store_ln995 = store i32 0, i32 %dp_mem_56_out" [seq_align_multiple.cpp:995]   --->   Operation 165 'store' 'store_ln995' <Predicate = (!icmp_ln991 & select_ln991 != 0 & select_ln991 != 1 & trunc_ln995 == 25)> <Delay = 0.42>
ST_1 : Operation 166 [1/1] (0.00ns)   --->   "%br_ln995 = br void %arrayidx4750.exit" [seq_align_multiple.cpp:995]   --->   Operation 166 'br' 'br_ln995' <Predicate = (!icmp_ln991 & select_ln991 != 0 & select_ln991 != 1 & trunc_ln995 == 25)> <Delay = 0.00>
ST_1 : Operation 167 [1/1] (0.42ns)   --->   "%store_ln995 = store i32 0, i32 %dp_mem_55_out" [seq_align_multiple.cpp:995]   --->   Operation 167 'store' 'store_ln995' <Predicate = (!icmp_ln991 & select_ln991 != 0 & select_ln991 != 1 & trunc_ln995 == 24)> <Delay = 0.42>
ST_1 : Operation 168 [1/1] (0.00ns)   --->   "%br_ln995 = br void %arrayidx4750.exit" [seq_align_multiple.cpp:995]   --->   Operation 168 'br' 'br_ln995' <Predicate = (!icmp_ln991 & select_ln991 != 0 & select_ln991 != 1 & trunc_ln995 == 24)> <Delay = 0.00>
ST_1 : Operation 169 [1/1] (0.42ns)   --->   "%store_ln995 = store i32 0, i32 %dp_mem_54_out" [seq_align_multiple.cpp:995]   --->   Operation 169 'store' 'store_ln995' <Predicate = (!icmp_ln991 & select_ln991 != 0 & select_ln991 != 1 & trunc_ln995 == 23)> <Delay = 0.42>
ST_1 : Operation 170 [1/1] (0.00ns)   --->   "%br_ln995 = br void %arrayidx4750.exit" [seq_align_multiple.cpp:995]   --->   Operation 170 'br' 'br_ln995' <Predicate = (!icmp_ln991 & select_ln991 != 0 & select_ln991 != 1 & trunc_ln995 == 23)> <Delay = 0.00>
ST_1 : Operation 171 [1/1] (0.42ns)   --->   "%store_ln995 = store i32 0, i32 %dp_mem_53_out" [seq_align_multiple.cpp:995]   --->   Operation 171 'store' 'store_ln995' <Predicate = (!icmp_ln991 & select_ln991 != 0 & select_ln991 != 1 & trunc_ln995 == 22)> <Delay = 0.42>
ST_1 : Operation 172 [1/1] (0.00ns)   --->   "%br_ln995 = br void %arrayidx4750.exit" [seq_align_multiple.cpp:995]   --->   Operation 172 'br' 'br_ln995' <Predicate = (!icmp_ln991 & select_ln991 != 0 & select_ln991 != 1 & trunc_ln995 == 22)> <Delay = 0.00>
ST_1 : Operation 173 [1/1] (0.42ns)   --->   "%store_ln995 = store i32 0, i32 %dp_mem_52_out" [seq_align_multiple.cpp:995]   --->   Operation 173 'store' 'store_ln995' <Predicate = (!icmp_ln991 & select_ln991 != 0 & select_ln991 != 1 & trunc_ln995 == 21)> <Delay = 0.42>
ST_1 : Operation 174 [1/1] (0.00ns)   --->   "%br_ln995 = br void %arrayidx4750.exit" [seq_align_multiple.cpp:995]   --->   Operation 174 'br' 'br_ln995' <Predicate = (!icmp_ln991 & select_ln991 != 0 & select_ln991 != 1 & trunc_ln995 == 21)> <Delay = 0.00>
ST_1 : Operation 175 [1/1] (0.42ns)   --->   "%store_ln995 = store i32 0, i32 %dp_mem_51_out" [seq_align_multiple.cpp:995]   --->   Operation 175 'store' 'store_ln995' <Predicate = (!icmp_ln991 & select_ln991 != 0 & select_ln991 != 1 & trunc_ln995 == 20)> <Delay = 0.42>
ST_1 : Operation 176 [1/1] (0.00ns)   --->   "%br_ln995 = br void %arrayidx4750.exit" [seq_align_multiple.cpp:995]   --->   Operation 176 'br' 'br_ln995' <Predicate = (!icmp_ln991 & select_ln991 != 0 & select_ln991 != 1 & trunc_ln995 == 20)> <Delay = 0.00>
ST_1 : Operation 177 [1/1] (0.42ns)   --->   "%store_ln995 = store i32 0, i32 %dp_mem_50_out" [seq_align_multiple.cpp:995]   --->   Operation 177 'store' 'store_ln995' <Predicate = (!icmp_ln991 & select_ln991 != 0 & select_ln991 != 1 & trunc_ln995 == 19)> <Delay = 0.42>
ST_1 : Operation 178 [1/1] (0.00ns)   --->   "%br_ln995 = br void %arrayidx4750.exit" [seq_align_multiple.cpp:995]   --->   Operation 178 'br' 'br_ln995' <Predicate = (!icmp_ln991 & select_ln991 != 0 & select_ln991 != 1 & trunc_ln995 == 19)> <Delay = 0.00>
ST_1 : Operation 179 [1/1] (0.42ns)   --->   "%store_ln995 = store i32 0, i32 %dp_mem_49_out" [seq_align_multiple.cpp:995]   --->   Operation 179 'store' 'store_ln995' <Predicate = (!icmp_ln991 & select_ln991 != 0 & select_ln991 != 1 & trunc_ln995 == 18)> <Delay = 0.42>
ST_1 : Operation 180 [1/1] (0.00ns)   --->   "%br_ln995 = br void %arrayidx4750.exit" [seq_align_multiple.cpp:995]   --->   Operation 180 'br' 'br_ln995' <Predicate = (!icmp_ln991 & select_ln991 != 0 & select_ln991 != 1 & trunc_ln995 == 18)> <Delay = 0.00>
ST_1 : Operation 181 [1/1] (0.42ns)   --->   "%store_ln995 = store i32 0, i32 %dp_mem_48_out" [seq_align_multiple.cpp:995]   --->   Operation 181 'store' 'store_ln995' <Predicate = (!icmp_ln991 & select_ln991 != 0 & select_ln991 != 1 & trunc_ln995 == 17)> <Delay = 0.42>
ST_1 : Operation 182 [1/1] (0.00ns)   --->   "%br_ln995 = br void %arrayidx4750.exit" [seq_align_multiple.cpp:995]   --->   Operation 182 'br' 'br_ln995' <Predicate = (!icmp_ln991 & select_ln991 != 0 & select_ln991 != 1 & trunc_ln995 == 17)> <Delay = 0.00>
ST_1 : Operation 183 [1/1] (0.42ns)   --->   "%store_ln995 = store i32 0, i32 %dp_mem_47_out" [seq_align_multiple.cpp:995]   --->   Operation 183 'store' 'store_ln995' <Predicate = (!icmp_ln991 & select_ln991 != 0 & select_ln991 != 1 & trunc_ln995 == 16)> <Delay = 0.42>
ST_1 : Operation 184 [1/1] (0.00ns)   --->   "%br_ln995 = br void %arrayidx4750.exit" [seq_align_multiple.cpp:995]   --->   Operation 184 'br' 'br_ln995' <Predicate = (!icmp_ln991 & select_ln991 != 0 & select_ln991 != 1 & trunc_ln995 == 16)> <Delay = 0.00>
ST_1 : Operation 185 [1/1] (0.42ns)   --->   "%store_ln995 = store i32 0, i32 %dp_mem_46_out" [seq_align_multiple.cpp:995]   --->   Operation 185 'store' 'store_ln995' <Predicate = (!icmp_ln991 & select_ln991 != 0 & select_ln991 != 1 & trunc_ln995 == 15)> <Delay = 0.42>
ST_1 : Operation 186 [1/1] (0.00ns)   --->   "%br_ln995 = br void %arrayidx4750.exit" [seq_align_multiple.cpp:995]   --->   Operation 186 'br' 'br_ln995' <Predicate = (!icmp_ln991 & select_ln991 != 0 & select_ln991 != 1 & trunc_ln995 == 15)> <Delay = 0.00>
ST_1 : Operation 187 [1/1] (0.42ns)   --->   "%store_ln995 = store i32 0, i32 %dp_mem_45_out" [seq_align_multiple.cpp:995]   --->   Operation 187 'store' 'store_ln995' <Predicate = (!icmp_ln991 & select_ln991 != 0 & select_ln991 != 1 & trunc_ln995 == 14)> <Delay = 0.42>
ST_1 : Operation 188 [1/1] (0.00ns)   --->   "%br_ln995 = br void %arrayidx4750.exit" [seq_align_multiple.cpp:995]   --->   Operation 188 'br' 'br_ln995' <Predicate = (!icmp_ln991 & select_ln991 != 0 & select_ln991 != 1 & trunc_ln995 == 14)> <Delay = 0.00>
ST_1 : Operation 189 [1/1] (0.42ns)   --->   "%store_ln995 = store i32 0, i32 %dp_mem_44_out" [seq_align_multiple.cpp:995]   --->   Operation 189 'store' 'store_ln995' <Predicate = (!icmp_ln991 & select_ln991 != 0 & select_ln991 != 1 & trunc_ln995 == 13)> <Delay = 0.42>
ST_1 : Operation 190 [1/1] (0.00ns)   --->   "%br_ln995 = br void %arrayidx4750.exit" [seq_align_multiple.cpp:995]   --->   Operation 190 'br' 'br_ln995' <Predicate = (!icmp_ln991 & select_ln991 != 0 & select_ln991 != 1 & trunc_ln995 == 13)> <Delay = 0.00>
ST_1 : Operation 191 [1/1] (0.42ns)   --->   "%store_ln995 = store i32 0, i32 %dp_mem_43_out" [seq_align_multiple.cpp:995]   --->   Operation 191 'store' 'store_ln995' <Predicate = (!icmp_ln991 & select_ln991 != 0 & select_ln991 != 1 & trunc_ln995 == 12)> <Delay = 0.42>
ST_1 : Operation 192 [1/1] (0.00ns)   --->   "%br_ln995 = br void %arrayidx4750.exit" [seq_align_multiple.cpp:995]   --->   Operation 192 'br' 'br_ln995' <Predicate = (!icmp_ln991 & select_ln991 != 0 & select_ln991 != 1 & trunc_ln995 == 12)> <Delay = 0.00>
ST_1 : Operation 193 [1/1] (0.42ns)   --->   "%store_ln995 = store i32 0, i32 %dp_mem_42_out" [seq_align_multiple.cpp:995]   --->   Operation 193 'store' 'store_ln995' <Predicate = (!icmp_ln991 & select_ln991 != 0 & select_ln991 != 1 & trunc_ln995 == 11)> <Delay = 0.42>
ST_1 : Operation 194 [1/1] (0.00ns)   --->   "%br_ln995 = br void %arrayidx4750.exit" [seq_align_multiple.cpp:995]   --->   Operation 194 'br' 'br_ln995' <Predicate = (!icmp_ln991 & select_ln991 != 0 & select_ln991 != 1 & trunc_ln995 == 11)> <Delay = 0.00>
ST_1 : Operation 195 [1/1] (0.42ns)   --->   "%store_ln995 = store i32 0, i32 %dp_mem_41_out" [seq_align_multiple.cpp:995]   --->   Operation 195 'store' 'store_ln995' <Predicate = (!icmp_ln991 & select_ln991 != 0 & select_ln991 != 1 & trunc_ln995 == 10)> <Delay = 0.42>
ST_1 : Operation 196 [1/1] (0.00ns)   --->   "%br_ln995 = br void %arrayidx4750.exit" [seq_align_multiple.cpp:995]   --->   Operation 196 'br' 'br_ln995' <Predicate = (!icmp_ln991 & select_ln991 != 0 & select_ln991 != 1 & trunc_ln995 == 10)> <Delay = 0.00>
ST_1 : Operation 197 [1/1] (0.42ns)   --->   "%store_ln995 = store i32 0, i32 %dp_mem_40_out" [seq_align_multiple.cpp:995]   --->   Operation 197 'store' 'store_ln995' <Predicate = (!icmp_ln991 & select_ln991 != 0 & select_ln991 != 1 & trunc_ln995 == 9)> <Delay = 0.42>
ST_1 : Operation 198 [1/1] (0.00ns)   --->   "%br_ln995 = br void %arrayidx4750.exit" [seq_align_multiple.cpp:995]   --->   Operation 198 'br' 'br_ln995' <Predicate = (!icmp_ln991 & select_ln991 != 0 & select_ln991 != 1 & trunc_ln995 == 9)> <Delay = 0.00>
ST_1 : Operation 199 [1/1] (0.42ns)   --->   "%store_ln995 = store i32 0, i32 %dp_mem_39_out" [seq_align_multiple.cpp:995]   --->   Operation 199 'store' 'store_ln995' <Predicate = (!icmp_ln991 & select_ln991 != 0 & select_ln991 != 1 & trunc_ln995 == 8)> <Delay = 0.42>
ST_1 : Operation 200 [1/1] (0.00ns)   --->   "%br_ln995 = br void %arrayidx4750.exit" [seq_align_multiple.cpp:995]   --->   Operation 200 'br' 'br_ln995' <Predicate = (!icmp_ln991 & select_ln991 != 0 & select_ln991 != 1 & trunc_ln995 == 8)> <Delay = 0.00>
ST_1 : Operation 201 [1/1] (0.42ns)   --->   "%store_ln995 = store i32 0, i32 %dp_mem_38_out" [seq_align_multiple.cpp:995]   --->   Operation 201 'store' 'store_ln995' <Predicate = (!icmp_ln991 & select_ln991 != 0 & select_ln991 != 1 & trunc_ln995 == 7)> <Delay = 0.42>
ST_1 : Operation 202 [1/1] (0.00ns)   --->   "%br_ln995 = br void %arrayidx4750.exit" [seq_align_multiple.cpp:995]   --->   Operation 202 'br' 'br_ln995' <Predicate = (!icmp_ln991 & select_ln991 != 0 & select_ln991 != 1 & trunc_ln995 == 7)> <Delay = 0.00>
ST_1 : Operation 203 [1/1] (0.42ns)   --->   "%store_ln995 = store i32 0, i32 %dp_mem_37_out" [seq_align_multiple.cpp:995]   --->   Operation 203 'store' 'store_ln995' <Predicate = (!icmp_ln991 & select_ln991 != 0 & select_ln991 != 1 & trunc_ln995 == 6)> <Delay = 0.42>
ST_1 : Operation 204 [1/1] (0.00ns)   --->   "%br_ln995 = br void %arrayidx4750.exit" [seq_align_multiple.cpp:995]   --->   Operation 204 'br' 'br_ln995' <Predicate = (!icmp_ln991 & select_ln991 != 0 & select_ln991 != 1 & trunc_ln995 == 6)> <Delay = 0.00>
ST_1 : Operation 205 [1/1] (0.42ns)   --->   "%store_ln995 = store i32 0, i32 %dp_mem_36_out" [seq_align_multiple.cpp:995]   --->   Operation 205 'store' 'store_ln995' <Predicate = (!icmp_ln991 & select_ln991 != 0 & select_ln991 != 1 & trunc_ln995 == 5)> <Delay = 0.42>
ST_1 : Operation 206 [1/1] (0.00ns)   --->   "%br_ln995 = br void %arrayidx4750.exit" [seq_align_multiple.cpp:995]   --->   Operation 206 'br' 'br_ln995' <Predicate = (!icmp_ln991 & select_ln991 != 0 & select_ln991 != 1 & trunc_ln995 == 5)> <Delay = 0.00>
ST_1 : Operation 207 [1/1] (0.42ns)   --->   "%store_ln995 = store i32 0, i32 %dp_mem_35_out" [seq_align_multiple.cpp:995]   --->   Operation 207 'store' 'store_ln995' <Predicate = (!icmp_ln991 & select_ln991 != 0 & select_ln991 != 1 & trunc_ln995 == 4)> <Delay = 0.42>
ST_1 : Operation 208 [1/1] (0.00ns)   --->   "%br_ln995 = br void %arrayidx4750.exit" [seq_align_multiple.cpp:995]   --->   Operation 208 'br' 'br_ln995' <Predicate = (!icmp_ln991 & select_ln991 != 0 & select_ln991 != 1 & trunc_ln995 == 4)> <Delay = 0.00>
ST_1 : Operation 209 [1/1] (0.42ns)   --->   "%store_ln995 = store i32 0, i32 %dp_mem_34_out" [seq_align_multiple.cpp:995]   --->   Operation 209 'store' 'store_ln995' <Predicate = (!icmp_ln991 & select_ln991 != 0 & select_ln991 != 1 & trunc_ln995 == 3)> <Delay = 0.42>
ST_1 : Operation 210 [1/1] (0.00ns)   --->   "%br_ln995 = br void %arrayidx4750.exit" [seq_align_multiple.cpp:995]   --->   Operation 210 'br' 'br_ln995' <Predicate = (!icmp_ln991 & select_ln991 != 0 & select_ln991 != 1 & trunc_ln995 == 3)> <Delay = 0.00>
ST_1 : Operation 211 [1/1] (0.42ns)   --->   "%store_ln995 = store i32 0, i32 %dp_mem_33_out" [seq_align_multiple.cpp:995]   --->   Operation 211 'store' 'store_ln995' <Predicate = (!icmp_ln991 & select_ln991 != 0 & select_ln991 != 1 & trunc_ln995 == 2)> <Delay = 0.42>
ST_1 : Operation 212 [1/1] (0.00ns)   --->   "%br_ln995 = br void %arrayidx4750.exit" [seq_align_multiple.cpp:995]   --->   Operation 212 'br' 'br_ln995' <Predicate = (!icmp_ln991 & select_ln991 != 0 & select_ln991 != 1 & trunc_ln995 == 2)> <Delay = 0.00>
ST_1 : Operation 213 [1/1] (0.42ns)   --->   "%store_ln995 = store i32 0, i32 %dp_mem_32_out" [seq_align_multiple.cpp:995]   --->   Operation 213 'store' 'store_ln995' <Predicate = (!icmp_ln991 & select_ln991 != 0 & select_ln991 != 1 & trunc_ln995 == 1)> <Delay = 0.42>
ST_1 : Operation 214 [1/1] (0.00ns)   --->   "%br_ln995 = br void %arrayidx4750.exit" [seq_align_multiple.cpp:995]   --->   Operation 214 'br' 'br_ln995' <Predicate = (!icmp_ln991 & select_ln991 != 0 & select_ln991 != 1 & trunc_ln995 == 1)> <Delay = 0.00>
ST_1 : Operation 215 [1/1] (0.42ns)   --->   "%store_ln995 = store i32 0, i32 %dp_mem_31_out" [seq_align_multiple.cpp:995]   --->   Operation 215 'store' 'store_ln995' <Predicate = (!icmp_ln991 & select_ln991 != 0 & select_ln991 != 1 & trunc_ln995 == 0)> <Delay = 0.42>
ST_1 : Operation 216 [1/1] (0.00ns)   --->   "%br_ln995 = br void %arrayidx4750.exit" [seq_align_multiple.cpp:995]   --->   Operation 216 'br' 'br_ln995' <Predicate = (!icmp_ln991 & select_ln991 != 0 & select_ln991 != 1 & trunc_ln995 == 0)> <Delay = 0.00>
ST_1 : Operation 217 [1/1] (0.42ns)   --->   "%store_ln995 = store i32 0, i32 %dp_mem_62_out" [seq_align_multiple.cpp:995]   --->   Operation 217 'store' 'store_ln995' <Predicate = (!icmp_ln991 & select_ln991 != 0 & select_ln991 != 1 & trunc_ln995 == 31)> <Delay = 0.42>
ST_1 : Operation 218 [1/1] (0.00ns)   --->   "%br_ln995 = br void %arrayidx4750.exit" [seq_align_multiple.cpp:995]   --->   Operation 218 'br' 'br_ln995' <Predicate = (!icmp_ln991 & select_ln991 != 0 & select_ln991 != 1 & trunc_ln995 == 31)> <Delay = 0.00>
ST_1 : Operation 219 [1/1] (0.78ns)   --->   "%add_ln993 = add i6 %select_ln967, i6 1" [seq_align_multiple.cpp:993]   --->   Operation 219 'add' 'add_ln993' <Predicate = (!icmp_ln991)> <Delay = 0.78> <CoreInst = "Adder">   --->   Core 1 'Adder' <Latency = 0> <II = 1> <Delay = 0.78> <FuncUnit> <Opcode : 'add' 'sub'> <InPorts = 2> <OutPorts = 1>
ST_1 : Operation 220 [1/1] (0.42ns)   --->   "%store_ln993 = store i7 %add_ln991_1, i7 %indvar_flatten" [seq_align_multiple.cpp:993]   --->   Operation 220 'store' 'store_ln993' <Predicate = (!icmp_ln991)> <Delay = 0.42>
ST_1 : Operation 221 [1/1] (0.42ns)   --->   "%store_ln993 = store i2 %select_ln991, i2 %gg" [seq_align_multiple.cpp:993]   --->   Operation 221 'store' 'store_ln993' <Predicate = (!icmp_ln991)> <Delay = 0.42>
ST_1 : Operation 222 [1/1] (0.42ns)   --->   "%store_ln993 = store i6 %add_ln993, i6 %ij" [seq_align_multiple.cpp:993]   --->   Operation 222 'store' 'store_ln993' <Predicate = (!icmp_ln991)> <Delay = 0.42>
ST_1 : Operation 223 [1/1] (0.00ns)   --->   "%br_ln993 = br void %for.inc" [seq_align_multiple.cpp:993]   --->   Operation 223 'br' 'br_ln993' <Predicate = (!icmp_ln991)> <Delay = 0.00>
ST_1 : Operation 224 [1/1] (0.00ns)   --->   "%ret_ln0 = ret"   --->   Operation 224 'ret' 'ret_ln0' <Predicate = (icmp_ln991)> <Delay = 0.00>


============================================================
+ Verbose Summary: Timing violations
============================================================
Target clock period: 4ns, clock uncertainty: 1.08ns.

 <State 1>: 2.38ns
The critical path consists of the following:
	'alloca' operation ('ij') [64]  (0 ns)
	'load' operation ('ij_load', seq_align_multiple.cpp:993) on local variable 'ij' [141]  (0 ns)
	'icmp' operation ('icmp_ln993', seq_align_multiple.cpp:993) [146]  (0.785 ns)
	'select' operation ('select_ln967', seq_align_multiple.cpp:967) [147]  (0.384 ns)
	'add' operation ('add_ln993', seq_align_multiple.cpp:993) [347]  (0.781 ns)
	'store' operation ('store_ln993', seq_align_multiple.cpp:993) of variable 'add_ln993', seq_align_multiple.cpp:993 on local variable 'ij' [350]  (0.427 ns)


============================================================
+ Verbose Summary: Binding
============================================================
N/A
* FSMD analyzer results:
  - Output states:
 - Input state : 
  - Chain level:
	State 1


============================================================
+ Verbose Summary: Datapath Resource usage 
============================================================
N/A
