

================================================================
== Vitis HLS Report for 'seq_align_global_Pipeline_VITIS_LOOP_1033_7'
================================================================
* Date:           Thu Aug  3 17:37:34 2023

* Version:        2022.1 (Build 3526262 on Mon Apr 18 15:47:01 MDT 2022)
* Project:        local_seq_multiple_align_sa
* Solution:       solution1 (Vitis Kernel Flow Target)
* Product family: zynquplus
* Target device:  xczu7ev-ffvc1156-2-i


================================================================
== Performance Estimates
================================================================
+ Timing: 
    * Summary: 
    +--------+---------+----------+------------+
    |  Clock |  Target | Estimated| Uncertainty|
    +--------+---------+----------+------------+
    |ap_clk  |  4.00 ns|  1.558 ns|     1.08 ns|
    +--------+---------+----------+------------+

+ Latency: 
    * Summary: 
    +---------+---------+----------+----------+-----+-----+---------+
    |  Latency (cycles) |  Latency (absolute) |  Interval | Pipeline|
    |   min   |   max   |    min   |    max   | min | max |   Type  |
    +---------+---------+----------+----------+-----+-----+---------+
    |      258|      258|  1.032 us|  1.032 us|  258|  258|       no|
    +---------+---------+----------+----------+-----+-----+---------+

    + Detail: 
        * Instance: 
        N/A

        * Loop: 
        +---------------------+---------+---------+----------+-----------+-----------+------+----------+
        |                     |  Latency (cycles) | Iteration|  Initiation Interval  | Trip |          |
        |      Loop Name      |   min   |   max   |  Latency |  achieved |   target  | Count| Pipelined|
        +---------------------+---------+---------+----------+-----------+-----------+------+----------+
        |- VITIS_LOOP_1033_7  |      256|      256|         1|          1|          1|   256|       yes|
        +---------------------+---------+---------+----------+-----------+-----------+------+----------+

============================================================
+ Verbose Summary: Synthesis Manager
============================================================
InlineROM: 1
ExposeGlobal: 0
============================================================
+ Verbose Summary: CDFG Model
============================================================
IsTopModel: 0
ResetActiveHigh: 1
IsCombinational: 0
IsDatapathOnly: 0
HasWiredReturn: 1
HasMFsm: 2
HasVarLatency: 1
IsPipeline: 0
IsRtlPipelined: 0
IsInstanceOverlapped: 0
IsDontTouch: 0
HasImplIP: 0
IsGatedGlobalClock: 0

+ Individual pipeline summary: 
  * Pipeline-0: initiation interval (II) = 1, depth = 1


============================================================
+ Verbose Summary: Schedule
============================================================
* Number of FSM states : 1
* Pipeline : 1
  Pipeline-0 : II = 1, D = 1, States = { 1 }
* Dataflow Pipeline: 0

* FSM state transitions: 
1 --> 

* FSM state operations: 

State 1 <SV = 0> <Delay = 1.55>
ST_1 : Operation 4 [1/1] (0.00ns)   --->   "%i = alloca i32 1"   --->   Operation 4 'alloca' 'i' <Predicate = true> <Delay = 0.00>
ST_1 : Operation 5 [1/1] (0.00ns)   --->   "%specinterface_ln0 = specinterface void @_ssdm_op_SpecInterface, i8 %reference_string_comp_0, void @empty_13, i32 0, i32 0, void @empty_11, i32 0, i32 0, void @empty_5, void @empty_5, void @empty_5, i32 0, i32 0, i32 0, i32 0, void @empty_5, void @empty_5, i32 4294967295, i32 0"   --->   Operation 5 'specinterface' 'specinterface_ln0' <Predicate = true> <Delay = 0.00>
ST_1 : Operation 6 [1/1] (0.42ns)   --->   "%store_ln0 = store i9 0, i9 %i"   --->   Operation 6 'store' 'store_ln0' <Predicate = true> <Delay = 0.42>
ST_1 : Operation 7 [1/1] (0.00ns)   --->   "%br_ln0 = br void %for.inc120"   --->   Operation 7 'br' 'br_ln0' <Predicate = true> <Delay = 0.00>
ST_1 : Operation 8 [1/1] (0.00ns)   --->   "%i_3 = load i9 %i" [seq_align_multiple.cpp:1035]   --->   Operation 8 'load' 'i_3' <Predicate = true> <Delay = 0.00>
ST_1 : Operation 9 [1/1] (0.00ns)   --->   "%specpipeline_ln0 = specpipeline void @_ssdm_op_SpecPipeline, i32 4294967295, i32 0, i32 1, i32 0, void @p_str"   --->   Operation 9 'specpipeline' 'specpipeline_ln0' <Predicate = true> <Delay = 0.00>
ST_1 : Operation 10 [1/1] (0.88ns)   --->   "%icmp_ln1033 = icmp_eq  i9 %i_3, i9 256" [seq_align_multiple.cpp:1033]   --->   Operation 10 'icmp' 'icmp_ln1033' <Predicate = true> <Delay = 0.88> <CoreInst = "Cmp">   --->   Core 9 'Cmp' <Latency = 0> <II = 1> <Delay = 0.88> <FuncUnit> <Opcode : 'icmp'> <InPorts = 2> <OutPorts = 1>
ST_1 : Operation 11 [1/1] (0.00ns)   --->   "%speclooptripcount_ln0 = speclooptripcount void @_ssdm_op_SpecLoopTripCount, i64 256, i64 256, i64 256"   --->   Operation 11 'speclooptripcount' 'speclooptripcount_ln0' <Predicate = true> <Delay = 0.00>
ST_1 : Operation 12 [1/1] (0.77ns)   --->   "%add_ln1033 = add i9 %i_3, i9 1" [seq_align_multiple.cpp:1033]   --->   Operation 12 'add' 'add_ln1033' <Predicate = true> <Delay = 0.77> <CoreInst = "Adder">   --->   Core 1 'Adder' <Latency = 0> <II = 1> <Delay = 0.77> <FuncUnit> <Opcode : 'add' 'sub'> <InPorts = 2> <OutPorts = 1>
ST_1 : Operation 13 [1/1] (0.00ns)   --->   "%br_ln1033 = br i1 %icmp_ln1033, void %for.inc120.split, void %kernel.exitStub" [seq_align_multiple.cpp:1033]   --->   Operation 13 'br' 'br_ln1033' <Predicate = true> <Delay = 0.00>
ST_1 : Operation 14 [1/1] (0.00ns)   --->   "%specloopname_ln0 = specloopname void @_ssdm_op_SpecLoopName, void @empty_12" [/home/AD.UCSD.EDU/swalia/xilinx/vitis/Vitis_HLS/2022.1/common/technology/autopilot/hls_stream_39.h:0]   --->   Operation 14 'specloopname' 'specloopname_ln0' <Predicate = (!icmp_ln1033)> <Delay = 0.00>
ST_1 : Operation 15 [1/1] (0.00ns)   --->   "%tmp = read i8 @_ssdm_op_Read.axis.volatile.i8P128A, i8 %reference_string_comp_0" [/home/AD.UCSD.EDU/swalia/xilinx/vitis/Vitis_HLS/2022.1/common/technology/autopilot/hls_stream_39.h:145]   --->   Operation 15 'read' 'tmp' <Predicate = (!icmp_ln1033)> <Delay = 0.00> <CoreInst = "axis">   --->   Core 123 'axis' <Latency = 0> <II = 1> <Delay = 1.00> <Adapter> <Opcode : >
ST_1 : Operation 16 [1/1] (0.00ns)   --->   "%lshr_ln = partselect i4 @_ssdm_op_PartSelect.i4.i9.i32.i32, i9 %i_3, i32 4, i32 7" [seq_align_multiple.cpp:1035]   --->   Operation 16 'partselect' 'lshr_ln' <Predicate = (!icmp_ln1033)> <Delay = 0.00>
ST_1 : Operation 17 [1/1] (0.00ns)   --->   "%zext_ln1035 = zext i4 %lshr_ln" [seq_align_multiple.cpp:1035]   --->   Operation 17 'zext' 'zext_ln1035' <Predicate = (!icmp_ln1033)> <Delay = 0.00>
ST_1 : Operation 18 [1/1] (0.00ns)   --->   "%local_reference_addr_1 = getelementptr i8 %local_reference, i64 0, i64 %zext_ln1035" [seq_align_multiple.cpp:1035]   --->   Operation 18 'getelementptr' 'local_reference_addr_1' <Predicate = (!icmp_ln1033)> <Delay = 0.00>
ST_1 : Operation 19 [1/1] (0.00ns)   --->   "%local_reference_1_addr = getelementptr i8 %local_reference_1, i64 0, i64 %zext_ln1035" [seq_align_multiple.cpp:1035]   --->   Operation 19 'getelementptr' 'local_reference_1_addr' <Predicate = (!icmp_ln1033)> <Delay = 0.00>
ST_1 : Operation 20 [1/1] (0.00ns)   --->   "%local_reference_2_addr = getelementptr i8 %local_reference_2, i64 0, i64 %zext_ln1035" [seq_align_multiple.cpp:1035]   --->   Operation 20 'getelementptr' 'local_reference_2_addr' <Predicate = (!icmp_ln1033)> <Delay = 0.00>
ST_1 : Operation 21 [1/1] (0.00ns)   --->   "%local_reference_3_addr = getelementptr i8 %local_reference_3, i64 0, i64 %zext_ln1035" [seq_align_multiple.cpp:1035]   --->   Operation 21 'getelementptr' 'local_reference_3_addr' <Predicate = (!icmp_ln1033)> <Delay = 0.00>
ST_1 : Operation 22 [1/1] (0.00ns)   --->   "%local_reference_4_addr = getelementptr i8 %local_reference_4, i64 0, i64 %zext_ln1035" [seq_align_multiple.cpp:1035]   --->   Operation 22 'getelementptr' 'local_reference_4_addr' <Predicate = (!icmp_ln1033)> <Delay = 0.00>
ST_1 : Operation 23 [1/1] (0.00ns)   --->   "%local_reference_5_addr = getelementptr i8 %local_reference_5, i64 0, i64 %zext_ln1035" [seq_align_multiple.cpp:1035]   --->   Operation 23 'getelementptr' 'local_reference_5_addr' <Predicate = (!icmp_ln1033)> <Delay = 0.00>
ST_1 : Operation 24 [1/1] (0.00ns)   --->   "%local_reference_6_addr = getelementptr i8 %local_reference_6, i64 0, i64 %zext_ln1035" [seq_align_multiple.cpp:1035]   --->   Operation 24 'getelementptr' 'local_reference_6_addr' <Predicate = (!icmp_ln1033)> <Delay = 0.00>
ST_1 : Operation 25 [1/1] (0.00ns)   --->   "%local_reference_7_addr = getelementptr i8 %local_reference_7, i64 0, i64 %zext_ln1035" [seq_align_multiple.cpp:1035]   --->   Operation 25 'getelementptr' 'local_reference_7_addr' <Predicate = (!icmp_ln1033)> <Delay = 0.00>
ST_1 : Operation 26 [1/1] (0.00ns)   --->   "%local_reference_8_addr = getelementptr i8 %local_reference_8, i64 0, i64 %zext_ln1035" [seq_align_multiple.cpp:1035]   --->   Operation 26 'getelementptr' 'local_reference_8_addr' <Predicate = (!icmp_ln1033)> <Delay = 0.00>
ST_1 : Operation 27 [1/1] (0.00ns)   --->   "%local_reference_9_addr = getelementptr i8 %local_reference_9, i64 0, i64 %zext_ln1035" [seq_align_multiple.cpp:1035]   --->   Operation 27 'getelementptr' 'local_reference_9_addr' <Predicate = (!icmp_ln1033)> <Delay = 0.00>
ST_1 : Operation 28 [1/1] (0.00ns)   --->   "%local_reference_10_addr = getelementptr i8 %local_reference_10, i64 0, i64 %zext_ln1035" [seq_align_multiple.cpp:1035]   --->   Operation 28 'getelementptr' 'local_reference_10_addr' <Predicate = (!icmp_ln1033)> <Delay = 0.00>
ST_1 : Operation 29 [1/1] (0.00ns)   --->   "%local_reference_11_addr = getelementptr i8 %local_reference_11, i64 0, i64 %zext_ln1035" [seq_align_multiple.cpp:1035]   --->   Operation 29 'getelementptr' 'local_reference_11_addr' <Predicate = (!icmp_ln1033)> <Delay = 0.00>
ST_1 : Operation 30 [1/1] (0.00ns)   --->   "%local_reference_12_addr = getelementptr i8 %local_reference_12, i64 0, i64 %zext_ln1035" [seq_align_multiple.cpp:1035]   --->   Operation 30 'getelementptr' 'local_reference_12_addr' <Predicate = (!icmp_ln1033)> <Delay = 0.00>
ST_1 : Operation 31 [1/1] (0.00ns)   --->   "%local_reference_13_addr = getelementptr i8 %local_reference_13, i64 0, i64 %zext_ln1035" [seq_align_multiple.cpp:1035]   --->   Operation 31 'getelementptr' 'local_reference_13_addr' <Predicate = (!icmp_ln1033)> <Delay = 0.00>
ST_1 : Operation 32 [1/1] (0.00ns)   --->   "%local_reference_14_addr = getelementptr i8 %local_reference_14, i64 0, i64 %zext_ln1035" [seq_align_multiple.cpp:1035]   --->   Operation 32 'getelementptr' 'local_reference_14_addr' <Predicate = (!icmp_ln1033)> <Delay = 0.00>
ST_1 : Operation 33 [1/1] (0.00ns)   --->   "%local_reference_15_addr = getelementptr i8 %local_reference_15, i64 0, i64 %zext_ln1035" [seq_align_multiple.cpp:1035]   --->   Operation 33 'getelementptr' 'local_reference_15_addr' <Predicate = (!icmp_ln1033)> <Delay = 0.00>
ST_1 : Operation 34 [1/1] (0.00ns)   --->   "%trunc_ln1035 = trunc i9 %i_3" [seq_align_multiple.cpp:1035]   --->   Operation 34 'trunc' 'trunc_ln1035' <Predicate = (!icmp_ln1033)> <Delay = 0.00>
ST_1 : Operation 35 [1/1] (0.44ns)   --->   "%switch_ln1035 = switch i4 %trunc_ln1035, void %arrayidx119.case.15, i4 0, void %arrayidx119.case.0, i4 1, void %arrayidx119.case.1, i4 2, void %arrayidx119.case.2, i4 3, void %arrayidx119.case.3, i4 4, void %arrayidx119.case.4, i4 5, void %arrayidx119.case.5, i4 6, void %arrayidx119.case.6, i4 7, void %arrayidx119.case.7, i4 8, void %arrayidx119.case.8, i4 9, void %arrayidx119.case.9, i4 10, void %arrayidx119.case.10, i4 11, void %arrayidx119.case.11, i4 12, void %arrayidx119.case.12, i4 13, void %arrayidx119.case.13, i4 14, void %arrayidx119.case.14" [seq_align_multiple.cpp:1035]   --->   Operation 35 'switch' 'switch_ln1035' <Predicate = (!icmp_ln1033)> <Delay = 0.44>
ST_1 : Operation 36 [1/1] (0.67ns)   --->   "%store_ln1035 = store i8 %tmp, i4 %local_reference_14_addr" [seq_align_multiple.cpp:1035]   --->   Operation 36 'store' 'store_ln1035' <Predicate = (!icmp_ln1033 & trunc_ln1035 == 14)> <Delay = 0.67> <CoreInst = "RAM_1WnR">   --->   Core 84 'RAM_1WnR' <Latency = 1> <II = 1> <Delay = 0.67> <Storage> <Opcode : 'load' 'store'> <Ports = 17> <Width = 8> <Depth = 16> <RAM>
ST_1 : Operation 37 [1/1] (0.00ns)   --->   "%br_ln1035 = br void %arrayidx119.exit" [seq_align_multiple.cpp:1035]   --->   Operation 37 'br' 'br_ln1035' <Predicate = (!icmp_ln1033 & trunc_ln1035 == 14)> <Delay = 0.00>
ST_1 : Operation 38 [1/1] (0.67ns)   --->   "%store_ln1035 = store i8 %tmp, i4 %local_reference_13_addr" [seq_align_multiple.cpp:1035]   --->   Operation 38 'store' 'store_ln1035' <Predicate = (!icmp_ln1033 & trunc_ln1035 == 13)> <Delay = 0.67> <CoreInst = "RAM_1WnR">   --->   Core 84 'RAM_1WnR' <Latency = 1> <II = 1> <Delay = 0.67> <Storage> <Opcode : 'load' 'store'> <Ports = 17> <Width = 8> <Depth = 16> <RAM>
ST_1 : Operation 39 [1/1] (0.00ns)   --->   "%br_ln1035 = br void %arrayidx119.exit" [seq_align_multiple.cpp:1035]   --->   Operation 39 'br' 'br_ln1035' <Predicate = (!icmp_ln1033 & trunc_ln1035 == 13)> <Delay = 0.00>
ST_1 : Operation 40 [1/1] (0.67ns)   --->   "%store_ln1035 = store i8 %tmp, i4 %local_reference_12_addr" [seq_align_multiple.cpp:1035]   --->   Operation 40 'store' 'store_ln1035' <Predicate = (!icmp_ln1033 & trunc_ln1035 == 12)> <Delay = 0.67> <CoreInst = "RAM_1WnR">   --->   Core 84 'RAM_1WnR' <Latency = 1> <II = 1> <Delay = 0.67> <Storage> <Opcode : 'load' 'store'> <Ports = 17> <Width = 8> <Depth = 16> <RAM>
ST_1 : Operation 41 [1/1] (0.00ns)   --->   "%br_ln1035 = br void %arrayidx119.exit" [seq_align_multiple.cpp:1035]   --->   Operation 41 'br' 'br_ln1035' <Predicate = (!icmp_ln1033 & trunc_ln1035 == 12)> <Delay = 0.00>
ST_1 : Operation 42 [1/1] (0.67ns)   --->   "%store_ln1035 = store i8 %tmp, i4 %local_reference_11_addr" [seq_align_multiple.cpp:1035]   --->   Operation 42 'store' 'store_ln1035' <Predicate = (!icmp_ln1033 & trunc_ln1035 == 11)> <Delay = 0.67> <CoreInst = "RAM_1WnR">   --->   Core 84 'RAM_1WnR' <Latency = 1> <II = 1> <Delay = 0.67> <Storage> <Opcode : 'load' 'store'> <Ports = 17> <Width = 8> <Depth = 16> <RAM>
ST_1 : Operation 43 [1/1] (0.00ns)   --->   "%br_ln1035 = br void %arrayidx119.exit" [seq_align_multiple.cpp:1035]   --->   Operation 43 'br' 'br_ln1035' <Predicate = (!icmp_ln1033 & trunc_ln1035 == 11)> <Delay = 0.00>
ST_1 : Operation 44 [1/1] (0.67ns)   --->   "%store_ln1035 = store i8 %tmp, i4 %local_reference_10_addr" [seq_align_multiple.cpp:1035]   --->   Operation 44 'store' 'store_ln1035' <Predicate = (!icmp_ln1033 & trunc_ln1035 == 10)> <Delay = 0.67> <CoreInst = "RAM_1WnR">   --->   Core 84 'RAM_1WnR' <Latency = 1> <II = 1> <Delay = 0.67> <Storage> <Opcode : 'load' 'store'> <Ports = 17> <Width = 8> <Depth = 16> <RAM>
ST_1 : Operation 45 [1/1] (0.00ns)   --->   "%br_ln1035 = br void %arrayidx119.exit" [seq_align_multiple.cpp:1035]   --->   Operation 45 'br' 'br_ln1035' <Predicate = (!icmp_ln1033 & trunc_ln1035 == 10)> <Delay = 0.00>
ST_1 : Operation 46 [1/1] (0.67ns)   --->   "%store_ln1035 = store i8 %tmp, i4 %local_reference_9_addr" [seq_align_multiple.cpp:1035]   --->   Operation 46 'store' 'store_ln1035' <Predicate = (!icmp_ln1033 & trunc_ln1035 == 9)> <Delay = 0.67> <CoreInst = "RAM_1WnR">   --->   Core 84 'RAM_1WnR' <Latency = 1> <II = 1> <Delay = 0.67> <Storage> <Opcode : 'load' 'store'> <Ports = 17> <Width = 8> <Depth = 16> <RAM>
ST_1 : Operation 47 [1/1] (0.00ns)   --->   "%br_ln1035 = br void %arrayidx119.exit" [seq_align_multiple.cpp:1035]   --->   Operation 47 'br' 'br_ln1035' <Predicate = (!icmp_ln1033 & trunc_ln1035 == 9)> <Delay = 0.00>
ST_1 : Operation 48 [1/1] (0.67ns)   --->   "%store_ln1035 = store i8 %tmp, i4 %local_reference_8_addr" [seq_align_multiple.cpp:1035]   --->   Operation 48 'store' 'store_ln1035' <Predicate = (!icmp_ln1033 & trunc_ln1035 == 8)> <Delay = 0.67> <CoreInst = "RAM_1WnR">   --->   Core 84 'RAM_1WnR' <Latency = 1> <II = 1> <Delay = 0.67> <Storage> <Opcode : 'load' 'store'> <Ports = 17> <Width = 8> <Depth = 16> <RAM>
ST_1 : Operation 49 [1/1] (0.00ns)   --->   "%br_ln1035 = br void %arrayidx119.exit" [seq_align_multiple.cpp:1035]   --->   Operation 49 'br' 'br_ln1035' <Predicate = (!icmp_ln1033 & trunc_ln1035 == 8)> <Delay = 0.00>
ST_1 : Operation 50 [1/1] (0.67ns)   --->   "%store_ln1035 = store i8 %tmp, i4 %local_reference_7_addr" [seq_align_multiple.cpp:1035]   --->   Operation 50 'store' 'store_ln1035' <Predicate = (!icmp_ln1033 & trunc_ln1035 == 7)> <Delay = 0.67> <CoreInst = "RAM_1WnR">   --->   Core 84 'RAM_1WnR' <Latency = 1> <II = 1> <Delay = 0.67> <Storage> <Opcode : 'load' 'store'> <Ports = 17> <Width = 8> <Depth = 16> <RAM>
ST_1 : Operation 51 [1/1] (0.00ns)   --->   "%br_ln1035 = br void %arrayidx119.exit" [seq_align_multiple.cpp:1035]   --->   Operation 51 'br' 'br_ln1035' <Predicate = (!icmp_ln1033 & trunc_ln1035 == 7)> <Delay = 0.00>
ST_1 : Operation 52 [1/1] (0.67ns)   --->   "%store_ln1035 = store i8 %tmp, i4 %local_reference_6_addr" [seq_align_multiple.cpp:1035]   --->   Operation 52 'store' 'store_ln1035' <Predicate = (!icmp_ln1033 & trunc_ln1035 == 6)> <Delay = 0.67> <CoreInst = "RAM_1WnR">   --->   Core 84 'RAM_1WnR' <Latency = 1> <II = 1> <Delay = 0.67> <Storage> <Opcode : 'load' 'store'> <Ports = 17> <Width = 8> <Depth = 16> <RAM>
ST_1 : Operation 53 [1/1] (0.00ns)   --->   "%br_ln1035 = br void %arrayidx119.exit" [seq_align_multiple.cpp:1035]   --->   Operation 53 'br' 'br_ln1035' <Predicate = (!icmp_ln1033 & trunc_ln1035 == 6)> <Delay = 0.00>
ST_1 : Operation 54 [1/1] (0.67ns)   --->   "%store_ln1035 = store i8 %tmp, i4 %local_reference_5_addr" [seq_align_multiple.cpp:1035]   --->   Operation 54 'store' 'store_ln1035' <Predicate = (!icmp_ln1033 & trunc_ln1035 == 5)> <Delay = 0.67> <CoreInst = "RAM_1WnR">   --->   Core 84 'RAM_1WnR' <Latency = 1> <II = 1> <Delay = 0.67> <Storage> <Opcode : 'load' 'store'> <Ports = 17> <Width = 8> <Depth = 16> <RAM>
ST_1 : Operation 55 [1/1] (0.00ns)   --->   "%br_ln1035 = br void %arrayidx119.exit" [seq_align_multiple.cpp:1035]   --->   Operation 55 'br' 'br_ln1035' <Predicate = (!icmp_ln1033 & trunc_ln1035 == 5)> <Delay = 0.00>
ST_1 : Operation 56 [1/1] (0.67ns)   --->   "%store_ln1035 = store i8 %tmp, i4 %local_reference_4_addr" [seq_align_multiple.cpp:1035]   --->   Operation 56 'store' 'store_ln1035' <Predicate = (!icmp_ln1033 & trunc_ln1035 == 4)> <Delay = 0.67> <CoreInst = "RAM_1WnR">   --->   Core 84 'RAM_1WnR' <Latency = 1> <II = 1> <Delay = 0.67> <Storage> <Opcode : 'load' 'store'> <Ports = 17> <Width = 8> <Depth = 16> <RAM>
ST_1 : Operation 57 [1/1] (0.00ns)   --->   "%br_ln1035 = br void %arrayidx119.exit" [seq_align_multiple.cpp:1035]   --->   Operation 57 'br' 'br_ln1035' <Predicate = (!icmp_ln1033 & trunc_ln1035 == 4)> <Delay = 0.00>
ST_1 : Operation 58 [1/1] (0.67ns)   --->   "%store_ln1035 = store i8 %tmp, i4 %local_reference_3_addr" [seq_align_multiple.cpp:1035]   --->   Operation 58 'store' 'store_ln1035' <Predicate = (!icmp_ln1033 & trunc_ln1035 == 3)> <Delay = 0.67> <CoreInst = "RAM_1WnR">   --->   Core 84 'RAM_1WnR' <Latency = 1> <II = 1> <Delay = 0.67> <Storage> <Opcode : 'load' 'store'> <Ports = 17> <Width = 8> <Depth = 16> <RAM>
ST_1 : Operation 59 [1/1] (0.00ns)   --->   "%br_ln1035 = br void %arrayidx119.exit" [seq_align_multiple.cpp:1035]   --->   Operation 59 'br' 'br_ln1035' <Predicate = (!icmp_ln1033 & trunc_ln1035 == 3)> <Delay = 0.00>
ST_1 : Operation 60 [1/1] (0.67ns)   --->   "%store_ln1035 = store i8 %tmp, i4 %local_reference_2_addr" [seq_align_multiple.cpp:1035]   --->   Operation 60 'store' 'store_ln1035' <Predicate = (!icmp_ln1033 & trunc_ln1035 == 2)> <Delay = 0.67> <CoreInst = "RAM_1WnR">   --->   Core 84 'RAM_1WnR' <Latency = 1> <II = 1> <Delay = 0.67> <Storage> <Opcode : 'load' 'store'> <Ports = 17> <Width = 8> <Depth = 16> <RAM>
ST_1 : Operation 61 [1/1] (0.00ns)   --->   "%br_ln1035 = br void %arrayidx119.exit" [seq_align_multiple.cpp:1035]   --->   Operation 61 'br' 'br_ln1035' <Predicate = (!icmp_ln1033 & trunc_ln1035 == 2)> <Delay = 0.00>
ST_1 : Operation 62 [1/1] (0.67ns)   --->   "%store_ln1035 = store i8 %tmp, i4 %local_reference_1_addr" [seq_align_multiple.cpp:1035]   --->   Operation 62 'store' 'store_ln1035' <Predicate = (!icmp_ln1033 & trunc_ln1035 == 1)> <Delay = 0.67> <CoreInst = "RAM_1WnR">   --->   Core 84 'RAM_1WnR' <Latency = 1> <II = 1> <Delay = 0.67> <Storage> <Opcode : 'load' 'store'> <Ports = 17> <Width = 8> <Depth = 16> <RAM>
ST_1 : Operation 63 [1/1] (0.00ns)   --->   "%br_ln1035 = br void %arrayidx119.exit" [seq_align_multiple.cpp:1035]   --->   Operation 63 'br' 'br_ln1035' <Predicate = (!icmp_ln1033 & trunc_ln1035 == 1)> <Delay = 0.00>
ST_1 : Operation 64 [1/1] (0.67ns)   --->   "%store_ln1035 = store i8 %tmp, i4 %local_reference_addr_1" [seq_align_multiple.cpp:1035]   --->   Operation 64 'store' 'store_ln1035' <Predicate = (!icmp_ln1033 & trunc_ln1035 == 0)> <Delay = 0.67> <CoreInst = "RAM_1WnR">   --->   Core 84 'RAM_1WnR' <Latency = 1> <II = 1> <Delay = 0.67> <Storage> <Opcode : 'load' 'store'> <Ports = 17> <Width = 8> <Depth = 16> <RAM>
ST_1 : Operation 65 [1/1] (0.00ns)   --->   "%br_ln1035 = br void %arrayidx119.exit" [seq_align_multiple.cpp:1035]   --->   Operation 65 'br' 'br_ln1035' <Predicate = (!icmp_ln1033 & trunc_ln1035 == 0)> <Delay = 0.00>
ST_1 : Operation 66 [1/1] (0.67ns)   --->   "%store_ln1035 = store i8 %tmp, i4 %local_reference_15_addr" [seq_align_multiple.cpp:1035]   --->   Operation 66 'store' 'store_ln1035' <Predicate = (!icmp_ln1033 & trunc_ln1035 == 15)> <Delay = 0.67> <CoreInst = "RAM_1WnR">   --->   Core 84 'RAM_1WnR' <Latency = 1> <II = 1> <Delay = 0.67> <Storage> <Opcode : 'load' 'store'> <Ports = 17> <Width = 8> <Depth = 16> <RAM>
ST_1 : Operation 67 [1/1] (0.00ns)   --->   "%br_ln1035 = br void %arrayidx119.exit" [seq_align_multiple.cpp:1035]   --->   Operation 67 'br' 'br_ln1035' <Predicate = (!icmp_ln1033 & trunc_ln1035 == 15)> <Delay = 0.00>
ST_1 : Operation 68 [1/1] (0.42ns)   --->   "%store_ln1033 = store i9 %add_ln1033, i9 %i" [seq_align_multiple.cpp:1033]   --->   Operation 68 'store' 'store_ln1033' <Predicate = (!icmp_ln1033)> <Delay = 0.42>
ST_1 : Operation 69 [1/1] (0.00ns)   --->   "%br_ln1033 = br void %for.inc120" [seq_align_multiple.cpp:1033]   --->   Operation 69 'br' 'br_ln1033' <Predicate = (!icmp_ln1033)> <Delay = 0.00>
ST_1 : Operation 70 [1/1] (0.00ns)   --->   "%ret_ln0 = ret"   --->   Operation 70 'ret' 'ret_ln0' <Predicate = (icmp_ln1033)> <Delay = 0.00>


============================================================
+ Verbose Summary: Binding
============================================================
STG Binding: 
---------------- STG Properties BEGIN ----------------
- Is combinational: 0
- Is one-state seq: 0
- Is datapath-only: 0
- Is pipelined: 0
- Is top level: 0
Port [ Return ] is wired: 1; IO mode=ap_ctrl_hs:ce=0
Port [ reference_string_comp_0]:  wired=1; compound=1; hidden=0; nouse=0; global=0; static=0; extern=0; dir=0; type=0; pingpong=0; private_global=0; IO mode=axis:ce=0
Port [ local_reference]:  wired=1; compound=1; hidden=0; nouse=0; global=0; static=0; extern=0; dir=1; type=1; pingpong=0; private_global=0; MemPort=[03333333333333333]; IO mode=ap_memory:ce=0
Port [ local_reference_1]:  wired=1; compound=1; hidden=0; nouse=0; global=0; static=0; extern=0; dir=1; type=1; pingpong=0; private_global=0; MemPort=[03333333333333333]; IO mode=ap_memory:ce=0
Port [ local_reference_2]:  wired=1; compound=1; hidden=0; nouse=0; global=0; static=0; extern=0; dir=1; type=1; pingpong=0; private_global=0; MemPort=[03333333333333333]; IO mode=ap_memory:ce=0
Port [ local_reference_3]:  wired=1; compound=1; hidden=0; nouse=0; global=0; static=0; extern=0; dir=1; type=1; pingpong=0; private_global=0; MemPort=[03333333333333333]; IO mode=ap_memory:ce=0
Port [ local_reference_4]:  wired=1; compound=1; hidden=0; nouse=0; global=0; static=0; extern=0; dir=1; type=1; pingpong=0; private_global=0; MemPort=[03333333333333333]; IO mode=ap_memory:ce=0
Port [ local_reference_5]:  wired=1; compound=1; hidden=0; nouse=0; global=0; static=0; extern=0; dir=1; type=1; pingpong=0; private_global=0; MemPort=[03333333333333333]; IO mode=ap_memory:ce=0
Port [ local_reference_6]:  wired=1; compound=1; hidden=0; nouse=0; global=0; static=0; extern=0; dir=1; type=1; pingpong=0; private_global=0; MemPort=[03333333333333333]; IO mode=ap_memory:ce=0
Port [ local_reference_7]:  wired=1; compound=1; hidden=0; nouse=0; global=0; static=0; extern=0; dir=1; type=1; pingpong=0; private_global=0; MemPort=[03333333333333333]; IO mode=ap_memory:ce=0
Port [ local_reference_8]:  wired=1; compound=1; hidden=0; nouse=0; global=0; static=0; extern=0; dir=1; type=1; pingpong=0; private_global=0; MemPort=[03333333333333333]; IO mode=ap_memory:ce=0
Port [ local_reference_9]:  wired=1; compound=1; hidden=0; nouse=0; global=0; static=0; extern=0; dir=1; type=1; pingpong=0; private_global=0; MemPort=[03333333333333333]; IO mode=ap_memory:ce=0
Port [ local_reference_10]:  wired=1; compound=1; hidden=0; nouse=0; global=0; static=0; extern=0; dir=1; type=1; pingpong=0; private_global=0; MemPort=[03333333333333333]; IO mode=ap_memory:ce=0
Port [ local_reference_11]:  wired=1; compound=1; hidden=0; nouse=0; global=0; static=0; extern=0; dir=1; type=1; pingpong=0; private_global=0; MemPort=[03333333333333333]; IO mode=ap_memory:ce=0
Port [ local_reference_12]:  wired=1; compound=1; hidden=0; nouse=0; global=0; static=0; extern=0; dir=1; type=1; pingpong=0; private_global=0; MemPort=[03333333333333333]; IO mode=ap_memory:ce=0
Port [ local_reference_13]:  wired=1; compound=1; hidden=0; nouse=0; global=0; static=0; extern=0; dir=1; type=1; pingpong=0; private_global=0; MemPort=[03333333333333333]; IO mode=ap_memory:ce=0
Port [ local_reference_14]:  wired=1; compound=1; hidden=0; nouse=0; global=0; static=0; extern=0; dir=1; type=1; pingpong=0; private_global=0; MemPort=[03333333333333333]; IO mode=ap_memory:ce=0
Port [ local_reference_15]:  wired=1; compound=1; hidden=0; nouse=0; global=0; static=0; extern=0; dir=1; type=1; pingpong=0; private_global=0; MemPort=[03333333333333333]; IO mode=ap_memory:ce=0
---------------- STG Properties END ------------------

---------------- Datapath Model BEGIN ----------------

<LifeTime>
<method=bitvector/>
i                       (alloca           ) [ 01]
specinterface_ln0       (specinterface    ) [ 00]
store_ln0               (store            ) [ 00]
br_ln0                  (br               ) [ 00]
i_3                     (load             ) [ 00]
specpipeline_ln0        (specpipeline     ) [ 00]
icmp_ln1033             (icmp             ) [ 01]
speclooptripcount_ln0   (speclooptripcount) [ 00]
add_ln1033              (add              ) [ 00]
br_ln1033               (br               ) [ 00]
specloopname_ln0        (specloopname     ) [ 00]
tmp                     (read             ) [ 00]
lshr_ln                 (partselect       ) [ 00]
zext_ln1035             (zext             ) [ 00]
local_reference_addr_1  (getelementptr    ) [ 00]
local_reference_1_addr  (getelementptr    ) [ 00]
local_reference_2_addr  (getelementptr    ) [ 00]
local_reference_3_addr  (getelementptr    ) [ 00]
local_reference_4_addr  (getelementptr    ) [ 00]
local_reference_5_addr  (getelementptr    ) [ 00]
local_reference_6_addr  (getelementptr    ) [ 00]
local_reference_7_addr  (getelementptr    ) [ 00]
local_reference_8_addr  (getelementptr    ) [ 00]
local_reference_9_addr  (getelementptr    ) [ 00]
local_reference_10_addr (getelementptr    ) [ 00]
local_reference_11_addr (getelementptr    ) [ 00]
local_reference_12_addr (getelementptr    ) [ 00]
local_reference_13_addr (getelementptr    ) [ 00]
local_reference_14_addr (getelementptr    ) [ 00]
local_reference_15_addr (getelementptr    ) [ 00]
trunc_ln1035            (trunc            ) [ 01]
switch_ln1035           (switch           ) [ 00]
store_ln1035            (store            ) [ 00]
br_ln1035               (br               ) [ 00]
store_ln1035            (store            ) [ 00]
br_ln1035               (br               ) [ 00]
store_ln1035            (store            ) [ 00]
br_ln1035               (br               ) [ 00]
store_ln1035            (store            ) [ 00]
br_ln1035               (br               ) [ 00]
store_ln1035            (store            ) [ 00]
br_ln1035               (br               ) [ 00]
store_ln1035            (store            ) [ 00]
br_ln1035               (br               ) [ 00]
store_ln1035            (store            ) [ 00]
br_ln1035               (br               ) [ 00]
store_ln1035            (store            ) [ 00]
br_ln1035               (br               ) [ 00]
store_ln1035            (store            ) [ 00]
br_ln1035               (br               ) [ 00]
store_ln1035            (store            ) [ 00]
br_ln1035               (br               ) [ 00]
store_ln1035            (store            ) [ 00]
br_ln1035               (br               ) [ 00]
store_ln1035            (store            ) [ 00]
br_ln1035               (br               ) [ 00]
store_ln1035            (store            ) [ 00]
br_ln1035               (br               ) [ 00]
store_ln1035            (store            ) [ 00]
br_ln1035               (br               ) [ 00]
store_ln1035            (store            ) [ 00]
br_ln1035               (br               ) [ 00]
store_ln1035            (store            ) [ 00]
br_ln1035               (br               ) [ 00]
store_ln1033            (store            ) [ 00]
br_ln1033               (br               ) [ 00]
ret_ln0                 (ret              ) [ 00]
</LifeTime>

<model>

<comp_list>
<comp id="0" class="1000" name="reference_string_comp_0">
<pin_list>
<pin id="1" dir="1" index="0" bw="1" slack="0"/>
</pin_list>
<bind>
<StgValue><ssdm name="reference_string_comp_0"/></StgValue>
</bind>
</comp>

<comp id="2" class="1000" name="local_reference">
<pin_list>
<pin id="3" dir="1" index="0" bw="1" slack="0"/>
</pin_list>
<bind>
<StgValue><ssdm name="local_reference"/><MemPortTyVec>0 3 3 3 3 3 3 3 3 3 3 3 3 3 3 3 3 </MemPortTyVec>
</StgValue>
</bind>
</comp>

<comp id="4" class="1000" name="local_reference_1">
<pin_list>
<pin id="5" dir="1" index="0" bw="1" slack="0"/>
</pin_list>
<bind>
<StgValue><ssdm name="local_reference_1"/><MemPortTyVec>0 3 3 3 3 3 3 3 3 3 3 3 3 3 3 3 3 </MemPortTyVec>
</StgValue>
</bind>
</comp>

<comp id="6" class="1000" name="local_reference_2">
<pin_list>
<pin id="7" dir="1" index="0" bw="1" slack="0"/>
</pin_list>
<bind>
<StgValue><ssdm name="local_reference_2"/><MemPortTyVec>0 3 3 3 3 3 3 3 3 3 3 3 3 3 3 3 3 </MemPortTyVec>
</StgValue>
</bind>
</comp>

<comp id="8" class="1000" name="local_reference_3">
<pin_list>
<pin id="9" dir="1" index="0" bw="1" slack="0"/>
</pin_list>
<bind>
<StgValue><ssdm name="local_reference_3"/><MemPortTyVec>0 3 3 3 3 3 3 3 3 3 3 3 3 3 3 3 3 </MemPortTyVec>
</StgValue>
</bind>
</comp>

<comp id="10" class="1000" name="local_reference_4">
<pin_list>
<pin id="11" dir="1" index="0" bw="1" slack="0"/>
</pin_list>
<bind>
<StgValue><ssdm name="local_reference_4"/><MemPortTyVec>0 3 3 3 3 3 3 3 3 3 3 3 3 3 3 3 3 </MemPortTyVec>
</StgValue>
</bind>
</comp>

<comp id="12" class="1000" name="local_reference_5">
<pin_list>
<pin id="13" dir="1" index="0" bw="1" slack="0"/>
</pin_list>
<bind>
<StgValue><ssdm name="local_reference_5"/><MemPortTyVec>0 3 3 3 3 3 3 3 3 3 3 3 3 3 3 3 3 </MemPortTyVec>
</StgValue>
</bind>
</comp>

<comp id="14" class="1000" name="local_reference_6">
<pin_list>
<pin id="15" dir="1" index="0" bw="1" slack="0"/>
</pin_list>
<bind>
<StgValue><ssdm name="local_reference_6"/><MemPortTyVec>0 3 3 3 3 3 3 3 3 3 3 3 3 3 3 3 3 </MemPortTyVec>
</StgValue>
</bind>
</comp>

<comp id="16" class="1000" name="local_reference_7">
<pin_list>
<pin id="17" dir="1" index="0" bw="1" slack="0"/>
</pin_list>
<bind>
<StgValue><ssdm name="local_reference_7"/><MemPortTyVec>0 3 3 3 3 3 3 3 3 3 3 3 3 3 3 3 3 </MemPortTyVec>
</StgValue>
</bind>
</comp>

<comp id="18" class="1000" name="local_reference_8">
<pin_list>
<pin id="19" dir="1" index="0" bw="1" slack="0"/>
</pin_list>
<bind>
<StgValue><ssdm name="local_reference_8"/><MemPortTyVec>0 3 3 3 3 3 3 3 3 3 3 3 3 3 3 3 3 </MemPortTyVec>
</StgValue>
</bind>
</comp>

<comp id="20" class="1000" name="local_reference_9">
<pin_list>
<pin id="21" dir="1" index="0" bw="1" slack="0"/>
</pin_list>
<bind>
<StgValue><ssdm name="local_reference_9"/><MemPortTyVec>0 3 3 3 3 3 3 3 3 3 3 3 3 3 3 3 3 </MemPortTyVec>
</StgValue>
</bind>
</comp>

<comp id="22" class="1000" name="local_reference_10">
<pin_list>
<pin id="23" dir="1" index="0" bw="1" slack="0"/>
</pin_list>
<bind>
<StgValue><ssdm name="local_reference_10"/><MemPortTyVec>0 3 3 3 3 3 3 3 3 3 3 3 3 3 3 3 3 </MemPortTyVec>
</StgValue>
</bind>
</comp>

<comp id="24" class="1000" name="local_reference_11">
<pin_list>
<pin id="25" dir="1" index="0" bw="1" slack="0"/>
</pin_list>
<bind>
<StgValue><ssdm name="local_reference_11"/><MemPortTyVec>0 3 3 3 3 3 3 3 3 3 3 3 3 3 3 3 3 </MemPortTyVec>
</StgValue>
</bind>
</comp>

<comp id="26" class="1000" name="local_reference_12">
<pin_list>
<pin id="27" dir="1" index="0" bw="1" slack="0"/>
</pin_list>
<bind>
<StgValue><ssdm name="local_reference_12"/><MemPortTyVec>0 3 3 3 3 3 3 3 3 3 3 3 3 3 3 3 3 </MemPortTyVec>
</StgValue>
</bind>
</comp>

<comp id="28" class="1000" name="local_reference_13">
<pin_list>
<pin id="29" dir="1" index="0" bw="1" slack="0"/>
</pin_list>
<bind>
<StgValue><ssdm name="local_reference_13"/><MemPortTyVec>0 3 3 3 3 3 3 3 3 3 3 3 3 3 3 3 3 </MemPortTyVec>
</StgValue>
</bind>
</comp>

<comp id="30" class="1000" name="local_reference_14">
<pin_list>
<pin id="31" dir="1" index="0" bw="1" slack="0"/>
</pin_list>
<bind>
<StgValue><ssdm name="local_reference_14"/><MemPortTyVec>0 3 3 3 3 3 3 3 3 3 3 3 3 3 3 3 3 </MemPortTyVec>
</StgValue>
</bind>
</comp>

<comp id="32" class="1000" name="local_reference_15">
<pin_list>
<pin id="33" dir="1" index="0" bw="1" slack="0"/>
</pin_list>
<bind>
<StgValue><ssdm name="local_reference_15"/><MemPortTyVec>0 3 3 3 3 3 3 3 3 3 3 3 3 3 3 3 3 </MemPortTyVec>
</StgValue>
</bind>
</comp>

<comp id="34" class="1001" name="const_34">
<pin_list>
<pin id="35" dir="1" index="0" bw="1" slack="0"/>
</pin_list>
<bind>
<StgValue><ssdm name=""/></StgValue>
</bind>
</comp>

<comp id="36" class="1001" name="const_36">
<pin_list>
<pin id="37" dir="1" index="0" bw="1" slack="2147483647"/>
</pin_list>
<bind>
<StgValue><ssdm name="_ssdm_op_SpecInterface"/></StgValue>
</bind>
</comp>

<comp id="38" class="1001" name="const_38">
<pin_list>
<pin id="39" dir="1" index="0" bw="1" slack="2147483647"/>
</pin_list>
<bind>
<StgValue><ssdm name="empty_13"/></StgValue>
</bind>
</comp>

<comp id="40" class="1001" name="const_40">
<pin_list>
<pin id="41" dir="1" index="0" bw="1" slack="2147483647"/>
</pin_list>
<bind>
<StgValue><ssdm name=""/></StgValue>
</bind>
</comp>

<comp id="42" class="1001" name="const_42">
<pin_list>
<pin id="43" dir="1" index="0" bw="1" slack="2147483647"/>
</pin_list>
<bind>
<StgValue><ssdm name="empty_11"/></StgValue>
</bind>
</comp>

<comp id="44" class="1001" name="const_44">
<pin_list>
<pin id="45" dir="1" index="0" bw="1" slack="2147483647"/>
</pin_list>
<bind>
<StgValue><ssdm name="empty_5"/></StgValue>
</bind>
</comp>

<comp id="46" class="1001" name="const_46">
<pin_list>
<pin id="47" dir="1" index="0" bw="1" slack="2147483647"/>
</pin_list>
<bind>
<StgValue><ssdm name=""/></StgValue>
</bind>
</comp>

<comp id="48" class="1001" name="const_48">
<pin_list>
<pin id="49" dir="1" index="0" bw="1" slack="0"/>
</pin_list>
<bind>
<StgValue><ssdm name=""/></StgValue>
</bind>
</comp>

<comp id="50" class="1001" name="const_50">
<pin_list>
<pin id="51" dir="1" index="0" bw="1" slack="2147483647"/>
</pin_list>
<bind>
<StgValue><ssdm name="_ssdm_op_SpecPipeline"/></StgValue>
</bind>
</comp>

<comp id="52" class="1001" name="const_52">
<pin_list>
<pin id="53" dir="1" index="0" bw="1" slack="2147483647"/>
</pin_list>
<bind>
<StgValue><ssdm name="p_str"/></StgValue>
</bind>
</comp>

<comp id="54" class="1001" name="const_54">
<pin_list>
<pin id="55" dir="1" index="0" bw="1" slack="0"/>
</pin_list>
<bind>
<StgValue><ssdm name=""/></StgValue>
</bind>
</comp>

<comp id="56" class="1001" name="const_56">
<pin_list>
<pin id="57" dir="1" index="0" bw="1" slack="2147483647"/>
</pin_list>
<bind>
<StgValue><ssdm name="_ssdm_op_SpecLoopTripCount"/></StgValue>
</bind>
</comp>

<comp id="58" class="1001" name="const_58">
<pin_list>
<pin id="59" dir="1" index="0" bw="1" slack="2147483647"/>
</pin_list>
<bind>
<StgValue><ssdm name=""/></StgValue>
</bind>
</comp>

<comp id="60" class="1001" name="const_60">
<pin_list>
<pin id="61" dir="1" index="0" bw="1" slack="0"/>
</pin_list>
<bind>
<StgValue><ssdm name=""/></StgValue>
</bind>
</comp>

<comp id="62" class="1001" name="const_62">
<pin_list>
<pin id="63" dir="1" index="0" bw="1" slack="2147483647"/>
</pin_list>
<bind>
<StgValue><ssdm name="_ssdm_op_SpecLoopName"/></StgValue>
</bind>
</comp>

<comp id="64" class="1001" name="const_64">
<pin_list>
<pin id="65" dir="1" index="0" bw="1" slack="2147483647"/>
</pin_list>
<bind>
<StgValue><ssdm name="empty_12"/></StgValue>
</bind>
</comp>

<comp id="66" class="1001" name="const_66">
<pin_list>
<pin id="67" dir="1" index="0" bw="1" slack="0"/>
</pin_list>
<bind>
<StgValue><ssdm name="_ssdm_op_Read.axis.volatile.i8P128A"/></StgValue>
</bind>
</comp>

<comp id="68" class="1001" name="const_68">
<pin_list>
<pin id="69" dir="1" index="0" bw="1" slack="0"/>
</pin_list>
<bind>
<StgValue><ssdm name="_ssdm_op_PartSelect.i4.i9.i32.i32"/></StgValue>
</bind>
</comp>

<comp id="70" class="1001" name="const_70">
<pin_list>
<pin id="71" dir="1" index="0" bw="1" slack="0"/>
</pin_list>
<bind>
<StgValue><ssdm name=""/></StgValue>
</bind>
</comp>

<comp id="72" class="1001" name="const_72">
<pin_list>
<pin id="73" dir="1" index="0" bw="1" slack="0"/>
</pin_list>
<bind>
<StgValue><ssdm name=""/></StgValue>
</bind>
</comp>

<comp id="74" class="1001" name="const_74">
<pin_list>
<pin id="75" dir="1" index="0" bw="1" slack="0"/>
</pin_list>
<bind>
<StgValue><ssdm name=""/></StgValue>
</bind>
</comp>

<comp id="76" class="1001" name="const_76">
<pin_list>
<pin id="77" dir="1" index="0" bw="1" slack="2147483647"/>
</pin_list>
<bind>
<StgValue><ssdm name=""/></StgValue>
</bind>
</comp>

<comp id="78" class="1001" name="const_78">
<pin_list>
<pin id="79" dir="1" index="0" bw="1" slack="2147483647"/>
</pin_list>
<bind>
<StgValue><ssdm name=""/></StgValue>
</bind>
</comp>

<comp id="80" class="1001" name="const_80">
<pin_list>
<pin id="81" dir="1" index="0" bw="1" slack="2147483647"/>
</pin_list>
<bind>
<StgValue><ssdm name=""/></StgValue>
</bind>
</comp>

<comp id="82" class="1001" name="const_82">
<pin_list>
<pin id="83" dir="1" index="0" bw="1" slack="2147483647"/>
</pin_list>
<bind>
<StgValue><ssdm name=""/></StgValue>
</bind>
</comp>

<comp id="84" class="1001" name="const_84">
<pin_list>
<pin id="85" dir="1" index="0" bw="1" slack="2147483647"/>
</pin_list>
<bind>
<StgValue><ssdm name=""/></StgValue>
</bind>
</comp>

<comp id="86" class="1001" name="const_86">
<pin_list>
<pin id="87" dir="1" index="0" bw="1" slack="2147483647"/>
</pin_list>
<bind>
<StgValue><ssdm name=""/></StgValue>
</bind>
</comp>

<comp id="88" class="1001" name="const_88">
<pin_list>
<pin id="89" dir="1" index="0" bw="1" slack="2147483647"/>
</pin_list>
<bind>
<StgValue><ssdm name=""/></StgValue>
</bind>
</comp>

<comp id="90" class="1001" name="const_90">
<pin_list>
<pin id="91" dir="1" index="0" bw="1" slack="2147483647"/>
</pin_list>
<bind>
<StgValue><ssdm name=""/></StgValue>
</bind>
</comp>

<comp id="92" class="1001" name="const_92">
<pin_list>
<pin id="93" dir="1" index="0" bw="1" slack="2147483647"/>
</pin_list>
<bind>
<StgValue><ssdm name=""/></StgValue>
</bind>
</comp>

<comp id="94" class="1001" name="const_94">
<pin_list>
<pin id="95" dir="1" index="0" bw="1" slack="2147483647"/>
</pin_list>
<bind>
<StgValue><ssdm name=""/></StgValue>
</bind>
</comp>

<comp id="96" class="1001" name="const_96">
<pin_list>
<pin id="97" dir="1" index="0" bw="1" slack="2147483647"/>
</pin_list>
<bind>
<StgValue><ssdm name=""/></StgValue>
</bind>
</comp>

<comp id="98" class="1001" name="const_98">
<pin_list>
<pin id="99" dir="1" index="0" bw="1" slack="2147483647"/>
</pin_list>
<bind>
<StgValue><ssdm name=""/></StgValue>
</bind>
</comp>

<comp id="100" class="1001" name="const_100">
<pin_list>
<pin id="101" dir="1" index="0" bw="1" slack="2147483647"/>
</pin_list>
<bind>
<StgValue><ssdm name=""/></StgValue>
</bind>
</comp>

<comp id="102" class="1001" name="const_102">
<pin_list>
<pin id="103" dir="1" index="0" bw="1" slack="2147483647"/>
</pin_list>
<bind>
<StgValue><ssdm name=""/></StgValue>
</bind>
</comp>

<comp id="104" class="1001" name="const_104">
<pin_list>
<pin id="105" dir="1" index="0" bw="1" slack="2147483647"/>
</pin_list>
<bind>
<StgValue><ssdm name=""/></StgValue>
</bind>
</comp>

<comp id="106" class="1004" name="i_fu_106">
<pin_list>
<pin id="107" dir="0" index="0" bw="1" slack="0"/>
<pin id="108" dir="1" index="1" bw="9" slack="0"/>
</pin_list>
<bind>
<opcode="alloca(26) " fcode="alloca"/>
<opset="i/1 "/>
</bind>
</comp>

<comp id="110" class="1004" name="tmp_read_fu_110">
<pin_list>
<pin id="111" dir="0" index="0" bw="8" slack="0"/>
<pin id="112" dir="0" index="1" bw="8" slack="0"/>
<pin id="113" dir="1" index="2" bw="8" slack="0"/>
</pin_list>
<bind>
<opcode="read(1150) " fcode="read"/>
<opset="tmp/1 "/>
</bind>
</comp>

<comp id="116" class="1004" name="local_reference_addr_1_gep_fu_116">
<pin_list>
<pin id="117" dir="0" index="0" bw="8" slack="0"/>
<pin id="118" dir="0" index="1" bw="1" slack="0"/>
<pin id="119" dir="0" index="2" bw="4" slack="0"/>
<pin id="120" dir="1" index="3" bw="4" slack="0"/>
</pin_list>
<bind>
<opcode="getelementptr(29) " fcode="getelementptr"/>
<opset="local_reference_addr_1/1 "/>
</bind>
</comp>

<comp id="123" class="1004" name="local_reference_1_addr_gep_fu_123">
<pin_list>
<pin id="124" dir="0" index="0" bw="8" slack="0"/>
<pin id="125" dir="0" index="1" bw="1" slack="0"/>
<pin id="126" dir="0" index="2" bw="4" slack="0"/>
<pin id="127" dir="1" index="3" bw="4" slack="0"/>
</pin_list>
<bind>
<opcode="getelementptr(29) " fcode="getelementptr"/>
<opset="local_reference_1_addr/1 "/>
</bind>
</comp>

<comp id="130" class="1004" name="local_reference_2_addr_gep_fu_130">
<pin_list>
<pin id="131" dir="0" index="0" bw="8" slack="0"/>
<pin id="132" dir="0" index="1" bw="1" slack="0"/>
<pin id="133" dir="0" index="2" bw="4" slack="0"/>
<pin id="134" dir="1" index="3" bw="4" slack="0"/>
</pin_list>
<bind>
<opcode="getelementptr(29) " fcode="getelementptr"/>
<opset="local_reference_2_addr/1 "/>
</bind>
</comp>

<comp id="137" class="1004" name="local_reference_3_addr_gep_fu_137">
<pin_list>
<pin id="138" dir="0" index="0" bw="8" slack="0"/>
<pin id="139" dir="0" index="1" bw="1" slack="0"/>
<pin id="140" dir="0" index="2" bw="4" slack="0"/>
<pin id="141" dir="1" index="3" bw="4" slack="0"/>
</pin_list>
<bind>
<opcode="getelementptr(29) " fcode="getelementptr"/>
<opset="local_reference_3_addr/1 "/>
</bind>
</comp>

<comp id="144" class="1004" name="local_reference_4_addr_gep_fu_144">
<pin_list>
<pin id="145" dir="0" index="0" bw="8" slack="0"/>
<pin id="146" dir="0" index="1" bw="1" slack="0"/>
<pin id="147" dir="0" index="2" bw="4" slack="0"/>
<pin id="148" dir="1" index="3" bw="4" slack="0"/>
</pin_list>
<bind>
<opcode="getelementptr(29) " fcode="getelementptr"/>
<opset="local_reference_4_addr/1 "/>
</bind>
</comp>

<comp id="151" class="1004" name="local_reference_5_addr_gep_fu_151">
<pin_list>
<pin id="152" dir="0" index="0" bw="8" slack="0"/>
<pin id="153" dir="0" index="1" bw="1" slack="0"/>
<pin id="154" dir="0" index="2" bw="4" slack="0"/>
<pin id="155" dir="1" index="3" bw="4" slack="0"/>
</pin_list>
<bind>
<opcode="getelementptr(29) " fcode="getelementptr"/>
<opset="local_reference_5_addr/1 "/>
</bind>
</comp>

<comp id="158" class="1004" name="local_reference_6_addr_gep_fu_158">
<pin_list>
<pin id="159" dir="0" index="0" bw="8" slack="0"/>
<pin id="160" dir="0" index="1" bw="1" slack="0"/>
<pin id="161" dir="0" index="2" bw="4" slack="0"/>
<pin id="162" dir="1" index="3" bw="4" slack="0"/>
</pin_list>
<bind>
<opcode="getelementptr(29) " fcode="getelementptr"/>
<opset="local_reference_6_addr/1 "/>
</bind>
</comp>

<comp id="165" class="1004" name="local_reference_7_addr_gep_fu_165">
<pin_list>
<pin id="166" dir="0" index="0" bw="8" slack="0"/>
<pin id="167" dir="0" index="1" bw="1" slack="0"/>
<pin id="168" dir="0" index="2" bw="4" slack="0"/>
<pin id="169" dir="1" index="3" bw="4" slack="0"/>
</pin_list>
<bind>
<opcode="getelementptr(29) " fcode="getelementptr"/>
<opset="local_reference_7_addr/1 "/>
</bind>
</comp>

<comp id="172" class="1004" name="local_reference_8_addr_gep_fu_172">
<pin_list>
<pin id="173" dir="0" index="0" bw="8" slack="0"/>
<pin id="174" dir="0" index="1" bw="1" slack="0"/>
<pin id="175" dir="0" index="2" bw="4" slack="0"/>
<pin id="176" dir="1" index="3" bw="4" slack="0"/>
</pin_list>
<bind>
<opcode="getelementptr(29) " fcode="getelementptr"/>
<opset="local_reference_8_addr/1 "/>
</bind>
</comp>

<comp id="179" class="1004" name="local_reference_9_addr_gep_fu_179">
<pin_list>
<pin id="180" dir="0" index="0" bw="8" slack="0"/>
<pin id="181" dir="0" index="1" bw="1" slack="0"/>
<pin id="182" dir="0" index="2" bw="4" slack="0"/>
<pin id="183" dir="1" index="3" bw="4" slack="0"/>
</pin_list>
<bind>
<opcode="getelementptr(29) " fcode="getelementptr"/>
<opset="local_reference_9_addr/1 "/>
</bind>
</comp>

<comp id="186" class="1004" name="local_reference_10_addr_gep_fu_186">
<pin_list>
<pin id="187" dir="0" index="0" bw="8" slack="0"/>
<pin id="188" dir="0" index="1" bw="1" slack="0"/>
<pin id="189" dir="0" index="2" bw="4" slack="0"/>
<pin id="190" dir="1" index="3" bw="4" slack="0"/>
</pin_list>
<bind>
<opcode="getelementptr(29) " fcode="getelementptr"/>
<opset="local_reference_10_addr/1 "/>
</bind>
</comp>

<comp id="193" class="1004" name="local_reference_11_addr_gep_fu_193">
<pin_list>
<pin id="194" dir="0" index="0" bw="8" slack="0"/>
<pin id="195" dir="0" index="1" bw="1" slack="0"/>
<pin id="196" dir="0" index="2" bw="4" slack="0"/>
<pin id="197" dir="1" index="3" bw="4" slack="0"/>
</pin_list>
<bind>
<opcode="getelementptr(29) " fcode="getelementptr"/>
<opset="local_reference_11_addr/1 "/>
</bind>
</comp>

<comp id="200" class="1004" name="local_reference_12_addr_gep_fu_200">
<pin_list>
<pin id="201" dir="0" index="0" bw="8" slack="0"/>
<pin id="202" dir="0" index="1" bw="1" slack="0"/>
<pin id="203" dir="0" index="2" bw="4" slack="0"/>
<pin id="204" dir="1" index="3" bw="4" slack="0"/>
</pin_list>
<bind>
<opcode="getelementptr(29) " fcode="getelementptr"/>
<opset="local_reference_12_addr/1 "/>
</bind>
</comp>

<comp id="207" class="1004" name="local_reference_13_addr_gep_fu_207">
<pin_list>
<pin id="208" dir="0" index="0" bw="8" slack="0"/>
<pin id="209" dir="0" index="1" bw="1" slack="0"/>
<pin id="210" dir="0" index="2" bw="4" slack="0"/>
<pin id="211" dir="1" index="3" bw="4" slack="0"/>
</pin_list>
<bind>
<opcode="getelementptr(29) " fcode="getelementptr"/>
<opset="local_reference_13_addr/1 "/>
</bind>
</comp>

<comp id="214" class="1004" name="local_reference_14_addr_gep_fu_214">
<pin_list>
<pin id="215" dir="0" index="0" bw="8" slack="0"/>
<pin id="216" dir="0" index="1" bw="1" slack="0"/>
<pin id="217" dir="0" index="2" bw="4" slack="0"/>
<pin id="218" dir="1" index="3" bw="4" slack="0"/>
</pin_list>
<bind>
<opcode="getelementptr(29) " fcode="getelementptr"/>
<opset="local_reference_14_addr/1 "/>
</bind>
</comp>

<comp id="221" class="1004" name="local_reference_15_addr_gep_fu_221">
<pin_list>
<pin id="222" dir="0" index="0" bw="8" slack="0"/>
<pin id="223" dir="0" index="1" bw="1" slack="0"/>
<pin id="224" dir="0" index="2" bw="4" slack="0"/>
<pin id="225" dir="1" index="3" bw="4" slack="0"/>
</pin_list>
<bind>
<opcode="getelementptr(29) " fcode="getelementptr"/>
<opset="local_reference_15_addr/1 "/>
</bind>
</comp>

<comp id="228" class="1004" name="store_ln1035_access_fu_228">
<pin_list>
<pin id="229" dir="0" index="0" bw="4" slack="0"/>
<pin id="230" dir="0" index="1" bw="8" slack="0"/>
<pin id="231" dir="0" index="2" bw="0" slack="2147483647"/>
<pin id="232" dir="1" index="3" bw="8" slack="2147483647"/>
</pin_list>
<bind>
<opcode="store(28) " fcode="store"/>
<opset="store_ln1035/1 "/>
</bind>
</comp>

<comp id="235" class="1004" name="store_ln1035_access_fu_235">
<pin_list>
<pin id="236" dir="0" index="0" bw="4" slack="0"/>
<pin id="237" dir="0" index="1" bw="8" slack="0"/>
<pin id="238" dir="0" index="2" bw="0" slack="2147483647"/>
<pin id="239" dir="1" index="3" bw="8" slack="2147483647"/>
</pin_list>
<bind>
<opcode="store(28) " fcode="store"/>
<opset="store_ln1035/1 "/>
</bind>
</comp>

<comp id="242" class="1004" name="store_ln1035_access_fu_242">
<pin_list>
<pin id="243" dir="0" index="0" bw="4" slack="0"/>
<pin id="244" dir="0" index="1" bw="8" slack="0"/>
<pin id="245" dir="0" index="2" bw="0" slack="2147483647"/>
<pin id="246" dir="1" index="3" bw="8" slack="2147483647"/>
</pin_list>
<bind>
<opcode="store(28) " fcode="store"/>
<opset="store_ln1035/1 "/>
</bind>
</comp>

<comp id="249" class="1004" name="store_ln1035_access_fu_249">
<pin_list>
<pin id="250" dir="0" index="0" bw="4" slack="0"/>
<pin id="251" dir="0" index="1" bw="8" slack="0"/>
<pin id="252" dir="0" index="2" bw="0" slack="2147483647"/>
<pin id="253" dir="1" index="3" bw="8" slack="2147483647"/>
</pin_list>
<bind>
<opcode="store(28) " fcode="store"/>
<opset="store_ln1035/1 "/>
</bind>
</comp>

<comp id="256" class="1004" name="store_ln1035_access_fu_256">
<pin_list>
<pin id="257" dir="0" index="0" bw="4" slack="0"/>
<pin id="258" dir="0" index="1" bw="8" slack="0"/>
<pin id="259" dir="0" index="2" bw="0" slack="2147483647"/>
<pin id="260" dir="1" index="3" bw="8" slack="2147483647"/>
</pin_list>
<bind>
<opcode="store(28) " fcode="store"/>
<opset="store_ln1035/1 "/>
</bind>
</comp>

<comp id="263" class="1004" name="store_ln1035_access_fu_263">
<pin_list>
<pin id="264" dir="0" index="0" bw="4" slack="0"/>
<pin id="265" dir="0" index="1" bw="8" slack="0"/>
<pin id="266" dir="0" index="2" bw="0" slack="2147483647"/>
<pin id="267" dir="1" index="3" bw="8" slack="2147483647"/>
</pin_list>
<bind>
<opcode="store(28) " fcode="store"/>
<opset="store_ln1035/1 "/>
</bind>
</comp>

<comp id="270" class="1004" name="store_ln1035_access_fu_270">
<pin_list>
<pin id="271" dir="0" index="0" bw="4" slack="0"/>
<pin id="272" dir="0" index="1" bw="8" slack="0"/>
<pin id="273" dir="0" index="2" bw="0" slack="2147483647"/>
<pin id="274" dir="1" index="3" bw="8" slack="2147483647"/>
</pin_list>
<bind>
<opcode="store(28) " fcode="store"/>
<opset="store_ln1035/1 "/>
</bind>
</comp>

<comp id="277" class="1004" name="store_ln1035_access_fu_277">
<pin_list>
<pin id="278" dir="0" index="0" bw="4" slack="0"/>
<pin id="279" dir="0" index="1" bw="8" slack="0"/>
<pin id="280" dir="0" index="2" bw="0" slack="2147483647"/>
<pin id="281" dir="1" index="3" bw="8" slack="2147483647"/>
</pin_list>
<bind>
<opcode="store(28) " fcode="store"/>
<opset="store_ln1035/1 "/>
</bind>
</comp>

<comp id="284" class="1004" name="store_ln1035_access_fu_284">
<pin_list>
<pin id="285" dir="0" index="0" bw="4" slack="0"/>
<pin id="286" dir="0" index="1" bw="8" slack="0"/>
<pin id="287" dir="0" index="2" bw="0" slack="2147483647"/>
<pin id="288" dir="1" index="3" bw="8" slack="2147483647"/>
</pin_list>
<bind>
<opcode="store(28) " fcode="store"/>
<opset="store_ln1035/1 "/>
</bind>
</comp>

<comp id="291" class="1004" name="store_ln1035_access_fu_291">
<pin_list>
<pin id="292" dir="0" index="0" bw="4" slack="0"/>
<pin id="293" dir="0" index="1" bw="8" slack="0"/>
<pin id="294" dir="0" index="2" bw="0" slack="2147483647"/>
<pin id="295" dir="1" index="3" bw="8" slack="2147483647"/>
</pin_list>
<bind>
<opcode="store(28) " fcode="store"/>
<opset="store_ln1035/1 "/>
</bind>
</comp>

<comp id="298" class="1004" name="store_ln1035_access_fu_298">
<pin_list>
<pin id="299" dir="0" index="0" bw="4" slack="0"/>
<pin id="300" dir="0" index="1" bw="8" slack="0"/>
<pin id="301" dir="0" index="2" bw="0" slack="2147483647"/>
<pin id="302" dir="1" index="3" bw="8" slack="2147483647"/>
</pin_list>
<bind>
<opcode="store(28) " fcode="store"/>
<opset="store_ln1035/1 "/>
</bind>
</comp>

<comp id="305" class="1004" name="store_ln1035_access_fu_305">
<pin_list>
<pin id="306" dir="0" index="0" bw="4" slack="0"/>
<pin id="307" dir="0" index="1" bw="8" slack="0"/>
<pin id="308" dir="0" index="2" bw="0" slack="2147483647"/>
<pin id="309" dir="1" index="3" bw="8" slack="2147483647"/>
</pin_list>
<bind>
<opcode="store(28) " fcode="store"/>
<opset="store_ln1035/1 "/>
</bind>
</comp>

<comp id="312" class="1004" name="store_ln1035_access_fu_312">
<pin_list>
<pin id="313" dir="0" index="0" bw="4" slack="0"/>
<pin id="314" dir="0" index="1" bw="8" slack="0"/>
<pin id="315" dir="0" index="2" bw="0" slack="2147483647"/>
<pin id="316" dir="1" index="3" bw="8" slack="2147483647"/>
</pin_list>
<bind>
<opcode="store(28) " fcode="store"/>
<opset="store_ln1035/1 "/>
</bind>
</comp>

<comp id="319" class="1004" name="store_ln1035_access_fu_319">
<pin_list>
<pin id="320" dir="0" index="0" bw="4" slack="0"/>
<pin id="321" dir="0" index="1" bw="8" slack="0"/>
<pin id="322" dir="0" index="2" bw="0" slack="2147483647"/>
<pin id="323" dir="1" index="3" bw="8" slack="2147483647"/>
</pin_list>
<bind>
<opcode="store(28) " fcode="store"/>
<opset="store_ln1035/1 "/>
</bind>
</comp>

<comp id="326" class="1004" name="store_ln1035_access_fu_326">
<pin_list>
<pin id="327" dir="0" index="0" bw="4" slack="0"/>
<pin id="328" dir="0" index="1" bw="8" slack="0"/>
<pin id="329" dir="0" index="2" bw="0" slack="2147483647"/>
<pin id="330" dir="1" index="3" bw="8" slack="2147483647"/>
</pin_list>
<bind>
<opcode="store(28) " fcode="store"/>
<opset="store_ln1035/1 "/>
</bind>
</comp>

<comp id="333" class="1004" name="store_ln1035_access_fu_333">
<pin_list>
<pin id="334" dir="0" index="0" bw="4" slack="0"/>
<pin id="335" dir="0" index="1" bw="8" slack="0"/>
<pin id="336" dir="0" index="2" bw="0" slack="2147483647"/>
<pin id="337" dir="1" index="3" bw="8" slack="2147483647"/>
</pin_list>
<bind>
<opcode="store(28) " fcode="store"/>
<opset="store_ln1035/1 "/>
</bind>
</comp>

<comp id="340" class="1004" name="store_ln0_store_fu_340">
<pin_list>
<pin id="341" dir="0" index="0" bw="1" slack="0"/>
<pin id="342" dir="0" index="1" bw="9" slack="0"/>
<pin id="343" dir="1" index="2" bw="0" slack="2147483647"/>
</pin_list>
<bind>
<opcode="store(28) " fcode="store"/>
<opset="store_ln0/1 "/>
</bind>
</comp>

<comp id="345" class="1004" name="i_3_load_fu_345">
<pin_list>
<pin id="346" dir="0" index="0" bw="9" slack="0"/>
<pin id="347" dir="1" index="1" bw="9" slack="0"/>
</pin_list>
<bind>
<opcode="load(27) " fcode="load"/>
<opset="i_3/1 "/>
</bind>
</comp>

<comp id="348" class="1004" name="icmp_ln1033_fu_348">
<pin_list>
<pin id="349" dir="0" index="0" bw="9" slack="0"/>
<pin id="350" dir="0" index="1" bw="9" slack="0"/>
<pin id="351" dir="1" index="2" bw="1" slack="2147483647"/>
</pin_list>
<bind>
<opcode="icmp(45) " fcode="icmp"/>
<opset="icmp_ln1033/1 "/>
</bind>
</comp>

<comp id="354" class="1004" name="add_ln1033_fu_354">
<pin_list>
<pin id="355" dir="0" index="0" bw="9" slack="0"/>
<pin id="356" dir="0" index="1" bw="1" slack="0"/>
<pin id="357" dir="1" index="2" bw="9" slack="0"/>
</pin_list>
<bind>
<opcode="add(8) " fcode="add"/>
<opset="add_ln1033/1 "/>
</bind>
</comp>

<comp id="360" class="1004" name="lshr_ln_fu_360">
<pin_list>
<pin id="361" dir="0" index="0" bw="4" slack="0"/>
<pin id="362" dir="0" index="1" bw="9" slack="0"/>
<pin id="363" dir="0" index="2" bw="4" slack="0"/>
<pin id="364" dir="0" index="3" bw="4" slack="0"/>
<pin id="365" dir="1" index="4" bw="4" slack="0"/>
</pin_list>
<bind>
<opcode="partselect(1002) " fcode="partselect"/>
<opset="lshr_ln/1 "/>
</bind>
</comp>

<comp id="370" class="1004" name="zext_ln1035_fu_370">
<pin_list>
<pin id="371" dir="0" index="0" bw="4" slack="0"/>
<pin id="372" dir="1" index="1" bw="64" slack="0"/>
</pin_list>
<bind>
<opcode="zext(34) " fcode="zext"/>
<opset="zext_ln1035/1 "/>
</bind>
</comp>

<comp id="390" class="1004" name="trunc_ln1035_fu_390">
<pin_list>
<pin id="391" dir="0" index="0" bw="9" slack="0"/>
<pin id="392" dir="1" index="1" bw="4" slack="2147483647"/>
</pin_list>
<bind>
<opcode="trunc(33) " fcode="trunc"/>
<opset="trunc_ln1035/1 "/>
</bind>
</comp>

<comp id="394" class="1004" name="store_ln1033_store_fu_394">
<pin_list>
<pin id="395" dir="0" index="0" bw="9" slack="0"/>
<pin id="396" dir="0" index="1" bw="9" slack="0"/>
<pin id="397" dir="1" index="2" bw="0" slack="2147483647"/>
</pin_list>
<bind>
<opcode="store(28) " fcode="store"/>
<opset="store_ln1033/1 "/>
</bind>
</comp>

<comp id="399" class="1005" name="i_reg_399">
<pin_list>
<pin id="400" dir="0" index="0" bw="9" slack="0"/>
<pin id="401" dir="1" index="1" bw="9" slack="0"/>
</pin_list>
<bind>
<opset="i "/>
</bind>
</comp>

</comp_list>

<net_list>
<net id="109"><net_src comp="34" pin="0"/><net_sink comp="106" pin=0"/></net>

<net id="114"><net_src comp="66" pin="0"/><net_sink comp="110" pin=0"/></net>

<net id="115"><net_src comp="0" pin="0"/><net_sink comp="110" pin=1"/></net>

<net id="121"><net_src comp="2" pin="0"/><net_sink comp="116" pin=0"/></net>

<net id="122"><net_src comp="74" pin="0"/><net_sink comp="116" pin=1"/></net>

<net id="128"><net_src comp="4" pin="0"/><net_sink comp="123" pin=0"/></net>

<net id="129"><net_src comp="74" pin="0"/><net_sink comp="123" pin=1"/></net>

<net id="135"><net_src comp="6" pin="0"/><net_sink comp="130" pin=0"/></net>

<net id="136"><net_src comp="74" pin="0"/><net_sink comp="130" pin=1"/></net>

<net id="142"><net_src comp="8" pin="0"/><net_sink comp="137" pin=0"/></net>

<net id="143"><net_src comp="74" pin="0"/><net_sink comp="137" pin=1"/></net>

<net id="149"><net_src comp="10" pin="0"/><net_sink comp="144" pin=0"/></net>

<net id="150"><net_src comp="74" pin="0"/><net_sink comp="144" pin=1"/></net>

<net id="156"><net_src comp="12" pin="0"/><net_sink comp="151" pin=0"/></net>

<net id="157"><net_src comp="74" pin="0"/><net_sink comp="151" pin=1"/></net>

<net id="163"><net_src comp="14" pin="0"/><net_sink comp="158" pin=0"/></net>

<net id="164"><net_src comp="74" pin="0"/><net_sink comp="158" pin=1"/></net>

<net id="170"><net_src comp="16" pin="0"/><net_sink comp="165" pin=0"/></net>

<net id="171"><net_src comp="74" pin="0"/><net_sink comp="165" pin=1"/></net>

<net id="177"><net_src comp="18" pin="0"/><net_sink comp="172" pin=0"/></net>

<net id="178"><net_src comp="74" pin="0"/><net_sink comp="172" pin=1"/></net>

<net id="184"><net_src comp="20" pin="0"/><net_sink comp="179" pin=0"/></net>

<net id="185"><net_src comp="74" pin="0"/><net_sink comp="179" pin=1"/></net>

<net id="191"><net_src comp="22" pin="0"/><net_sink comp="186" pin=0"/></net>

<net id="192"><net_src comp="74" pin="0"/><net_sink comp="186" pin=1"/></net>

<net id="198"><net_src comp="24" pin="0"/><net_sink comp="193" pin=0"/></net>

<net id="199"><net_src comp="74" pin="0"/><net_sink comp="193" pin=1"/></net>

<net id="205"><net_src comp="26" pin="0"/><net_sink comp="200" pin=0"/></net>

<net id="206"><net_src comp="74" pin="0"/><net_sink comp="200" pin=1"/></net>

<net id="212"><net_src comp="28" pin="0"/><net_sink comp="207" pin=0"/></net>

<net id="213"><net_src comp="74" pin="0"/><net_sink comp="207" pin=1"/></net>

<net id="219"><net_src comp="30" pin="0"/><net_sink comp="214" pin=0"/></net>

<net id="220"><net_src comp="74" pin="0"/><net_sink comp="214" pin=1"/></net>

<net id="226"><net_src comp="32" pin="0"/><net_sink comp="221" pin=0"/></net>

<net id="227"><net_src comp="74" pin="0"/><net_sink comp="221" pin=1"/></net>

<net id="233"><net_src comp="110" pin="2"/><net_sink comp="228" pin=1"/></net>

<net id="234"><net_src comp="214" pin="3"/><net_sink comp="228" pin=0"/></net>

<net id="240"><net_src comp="110" pin="2"/><net_sink comp="235" pin=1"/></net>

<net id="241"><net_src comp="207" pin="3"/><net_sink comp="235" pin=0"/></net>

<net id="247"><net_src comp="110" pin="2"/><net_sink comp="242" pin=1"/></net>

<net id="248"><net_src comp="200" pin="3"/><net_sink comp="242" pin=0"/></net>

<net id="254"><net_src comp="110" pin="2"/><net_sink comp="249" pin=1"/></net>

<net id="255"><net_src comp="193" pin="3"/><net_sink comp="249" pin=0"/></net>

<net id="261"><net_src comp="110" pin="2"/><net_sink comp="256" pin=1"/></net>

<net id="262"><net_src comp="186" pin="3"/><net_sink comp="256" pin=0"/></net>

<net id="268"><net_src comp="110" pin="2"/><net_sink comp="263" pin=1"/></net>

<net id="269"><net_src comp="179" pin="3"/><net_sink comp="263" pin=0"/></net>

<net id="275"><net_src comp="110" pin="2"/><net_sink comp="270" pin=1"/></net>

<net id="276"><net_src comp="172" pin="3"/><net_sink comp="270" pin=0"/></net>

<net id="282"><net_src comp="110" pin="2"/><net_sink comp="277" pin=1"/></net>

<net id="283"><net_src comp="165" pin="3"/><net_sink comp="277" pin=0"/></net>

<net id="289"><net_src comp="110" pin="2"/><net_sink comp="284" pin=1"/></net>

<net id="290"><net_src comp="158" pin="3"/><net_sink comp="284" pin=0"/></net>

<net id="296"><net_src comp="110" pin="2"/><net_sink comp="291" pin=1"/></net>

<net id="297"><net_src comp="151" pin="3"/><net_sink comp="291" pin=0"/></net>

<net id="303"><net_src comp="110" pin="2"/><net_sink comp="298" pin=1"/></net>

<net id="304"><net_src comp="144" pin="3"/><net_sink comp="298" pin=0"/></net>

<net id="310"><net_src comp="110" pin="2"/><net_sink comp="305" pin=1"/></net>

<net id="311"><net_src comp="137" pin="3"/><net_sink comp="305" pin=0"/></net>

<net id="317"><net_src comp="110" pin="2"/><net_sink comp="312" pin=1"/></net>

<net id="318"><net_src comp="130" pin="3"/><net_sink comp="312" pin=0"/></net>

<net id="324"><net_src comp="110" pin="2"/><net_sink comp="319" pin=1"/></net>

<net id="325"><net_src comp="123" pin="3"/><net_sink comp="319" pin=0"/></net>

<net id="331"><net_src comp="110" pin="2"/><net_sink comp="326" pin=1"/></net>

<net id="332"><net_src comp="116" pin="3"/><net_sink comp="326" pin=0"/></net>

<net id="338"><net_src comp="110" pin="2"/><net_sink comp="333" pin=1"/></net>

<net id="339"><net_src comp="221" pin="3"/><net_sink comp="333" pin=0"/></net>

<net id="344"><net_src comp="48" pin="0"/><net_sink comp="340" pin=0"/></net>

<net id="352"><net_src comp="345" pin="1"/><net_sink comp="348" pin=0"/></net>

<net id="353"><net_src comp="54" pin="0"/><net_sink comp="348" pin=1"/></net>

<net id="358"><net_src comp="345" pin="1"/><net_sink comp="354" pin=0"/></net>

<net id="359"><net_src comp="60" pin="0"/><net_sink comp="354" pin=1"/></net>

<net id="366"><net_src comp="68" pin="0"/><net_sink comp="360" pin=0"/></net>

<net id="367"><net_src comp="345" pin="1"/><net_sink comp="360" pin=1"/></net>

<net id="368"><net_src comp="70" pin="0"/><net_sink comp="360" pin=2"/></net>

<net id="369"><net_src comp="72" pin="0"/><net_sink comp="360" pin=3"/></net>

<net id="373"><net_src comp="360" pin="4"/><net_sink comp="370" pin=0"/></net>

<net id="374"><net_src comp="370" pin="1"/><net_sink comp="116" pin=2"/></net>

<net id="375"><net_src comp="370" pin="1"/><net_sink comp="123" pin=2"/></net>

<net id="376"><net_src comp="370" pin="1"/><net_sink comp="130" pin=2"/></net>

<net id="377"><net_src comp="370" pin="1"/><net_sink comp="137" pin=2"/></net>

<net id="378"><net_src comp="370" pin="1"/><net_sink comp="144" pin=2"/></net>

<net id="379"><net_src comp="370" pin="1"/><net_sink comp="151" pin=2"/></net>

<net id="380"><net_src comp="370" pin="1"/><net_sink comp="158" pin=2"/></net>

<net id="381"><net_src comp="370" pin="1"/><net_sink comp="165" pin=2"/></net>

<net id="382"><net_src comp="370" pin="1"/><net_sink comp="172" pin=2"/></net>

<net id="383"><net_src comp="370" pin="1"/><net_sink comp="179" pin=2"/></net>

<net id="384"><net_src comp="370" pin="1"/><net_sink comp="186" pin=2"/></net>

<net id="385"><net_src comp="370" pin="1"/><net_sink comp="193" pin=2"/></net>

<net id="386"><net_src comp="370" pin="1"/><net_sink comp="200" pin=2"/></net>

<net id="387"><net_src comp="370" pin="1"/><net_sink comp="207" pin=2"/></net>

<net id="388"><net_src comp="370" pin="1"/><net_sink comp="214" pin=2"/></net>

<net id="389"><net_src comp="370" pin="1"/><net_sink comp="221" pin=2"/></net>

<net id="393"><net_src comp="345" pin="1"/><net_sink comp="390" pin=0"/></net>

<net id="398"><net_src comp="354" pin="2"/><net_sink comp="394" pin=0"/></net>

<net id="402"><net_src comp="106" pin="1"/><net_sink comp="399" pin=0"/></net>

<net id="403"><net_src comp="399" pin="1"/><net_sink comp="340" pin=1"/></net>

<net id="404"><net_src comp="399" pin="1"/><net_sink comp="345" pin=0"/></net>

<net id="405"><net_src comp="399" pin="1"/><net_sink comp="394" pin=1"/></net>

</net_list>

</model> 
---------------- Datapath Model END ------------------

* FSMD analyzer results:
  - Output states:
	Port: local_reference | {1 }
	Port: local_reference_1 | {1 }
	Port: local_reference_2 | {1 }
	Port: local_reference_3 | {1 }
	Port: local_reference_4 | {1 }
	Port: local_reference_5 | {1 }
	Port: local_reference_6 | {1 }
	Port: local_reference_7 | {1 }
	Port: local_reference_8 | {1 }
	Port: local_reference_9 | {1 }
	Port: local_reference_10 | {1 }
	Port: local_reference_11 | {1 }
	Port: local_reference_12 | {1 }
	Port: local_reference_13 | {1 }
	Port: local_reference_14 | {1 }
	Port: local_reference_15 | {1 }
 - Input state : 
	Port: seq_align_global_Pipeline_VITIS_LOOP_1033_7 : reference_string_comp_0 | {1 }
  - Chain level:
	State 1
		store_ln0 : 1
		i_3 : 1
		icmp_ln1033 : 2
		add_ln1033 : 2
		br_ln1033 : 3
		lshr_ln : 2
		zext_ln1035 : 3
		local_reference_addr_1 : 4
		local_reference_1_addr : 4
		local_reference_2_addr : 4
		local_reference_3_addr : 4
		local_reference_4_addr : 4
		local_reference_5_addr : 4
		local_reference_6_addr : 4
		local_reference_7_addr : 4
		local_reference_8_addr : 4
		local_reference_9_addr : 4
		local_reference_10_addr : 4
		local_reference_11_addr : 4
		local_reference_12_addr : 4
		local_reference_13_addr : 4
		local_reference_14_addr : 4
		local_reference_15_addr : 4
		trunc_ln1035 : 2
		switch_ln1035 : 3
		store_ln1035 : 5
		store_ln1035 : 5
		store_ln1035 : 5
		store_ln1035 : 5
		store_ln1035 : 5
		store_ln1035 : 5
		store_ln1035 : 5
		store_ln1035 : 5
		store_ln1035 : 5
		store_ln1035 : 5
		store_ln1035 : 5
		store_ln1035 : 5
		store_ln1035 : 5
		store_ln1035 : 5
		store_ln1035 : 5
		store_ln1035 : 5
		store_ln1033 : 3


============================================================
+ Verbose Summary: Datapath Resource usage 
============================================================

* Functional unit list:
|----------|---------------------|---------|---------|
| Operation|   Functional Unit   |    FF   |   LUT   |
|----------|---------------------|---------|---------|
|    add   |  add_ln1033_fu_354  |    0    |    16   |
|----------|---------------------|---------|---------|
|   icmp   |  icmp_ln1033_fu_348 |    0    |    11   |
|----------|---------------------|---------|---------|
|   read   |   tmp_read_fu_110   |    0    |    0    |
|----------|---------------------|---------|---------|
|partselect|    lshr_ln_fu_360   |    0    |    0    |
|----------|---------------------|---------|---------|
|   zext   |  zext_ln1035_fu_370 |    0    |    0    |
|----------|---------------------|---------|---------|
|   trunc  | trunc_ln1035_fu_390 |    0    |    0    |
|----------|---------------------|---------|---------|
|   Total  |                     |    0    |    27   |
|----------|---------------------|---------|---------|

Memories:
N/A

* Register list:
+---------+--------+
|         |   FF   |
+---------+--------+
|i_reg_399|    9   |
+---------+--------+
|  Total  |    9   |
+---------+--------+

* Multiplexer (MUX) list: 
|--------|------|------|------|--------|
|  Comp  |  Pin | Size |  BW  | S x BW |
|--------|------|------|------|--------|
|  Total |      |      |      |    0   |
|--------|------|------|------|--------|



* Summary:
+-----------+--------+--------+
|           |   FF   |   LUT  |
+-----------+--------+--------+
|  Function |    0   |   27   |
|   Memory  |    -   |    -   |
|Multiplexer|    -   |    -   |
|  Register |    9   |    -   |
+-----------+--------+--------+
|   Total   |    9   |   27   |
+-----------+--------+--------+
