

================================================================
== Vitis HLS Report for 'seq_align_Pipeline_VITIS_LOOP_487_5'
================================================================
* Date:           Mon Aug  7 23:53:30 2023

* Version:        2022.1 (Build 3526262 on Mon Apr 18 15:47:01 MDT 2022)
* Project:        local_seq_multiple_align_sa
* Solution:       solution1 (Vitis Kernel Flow Target)
* Product family: zynquplus
* Target device:  xczu7ev-ffvc1156-2-i


================================================================
== Performance Estimates
================================================================
+ Timing: 
    * Summary: 
    +--------+---------+----------+------------+
    |  Clock |  Target | Estimated| Uncertainty|
    +--------+---------+----------+------------+
    |ap_clk  |  4.00 ns|  1.212 ns|     1.08 ns|
    +--------+---------+----------+------------+

+ Latency: 
    * Summary: 
    +---------+---------+----------+----------+-----+-----+---------+
    |  Latency (cycles) |  Latency (absolute) |  Interval | Pipeline|
    |   min   |   max   |    min   |    max   | min | max |   Type  |
    +---------+---------+----------+----------+-----+-----+---------+
    |       34|       34|  0.136 us|  0.136 us|   34|   34|       no|
    +---------+---------+----------+----------+-----+-----+---------+

    + Detail: 
        * Instance: 
        N/A

        * Loop: 
        +--------------------+---------+---------+----------+-----------+-----------+------+----------+
        |                    |  Latency (cycles) | Iteration|  Initiation Interval  | Trip |          |
        |      Loop Name     |   min   |   max   |  Latency |  achieved |   target  | Count| Pipelined|
        +--------------------+---------+---------+----------+-----------+-----------+------+----------+
        |- VITIS_LOOP_487_5  |       32|       32|         1|          1|          1|    32|       yes|
        +--------------------+---------+---------+----------+-----------+-----------+------+----------+

============================================================
+ Verbose Summary: Synthesis Manager
============================================================
InlineROM: 1
ExposeGlobal: 0
============================================================
+ Verbose Summary: CDFG Model
============================================================
IsTopModel: 0
ResetActiveHigh: 1
IsCombinational: 0
IsDatapathOnly: 0
HasWiredReturn: 1
HasMFsm: 2
HasVarLatency: 1
IsPipeline: 0
IsRtlPipelined: 0
IsInstanceOverlapped: 0
IsDontTouch: 0
HasImplIP: 0
IsGatedGlobalClock: 0

+ Individual pipeline summary: 
  * Pipeline-0: initiation interval (II) = 1, depth = 1


============================================================
+ Verbose Summary: Schedule
============================================================
* Number of FSM states : 1
* Pipeline : 1
  Pipeline-0 : II = 1, D = 1, States = { 1 }
* Dataflow Pipeline: 0

* FSM state transitions: 
1 --> 

* FSM state operations: 

State 1 <SV = 0> <Delay = 1.21>
ST_1 : Operation 4 [1/1] (0.00ns)   --->   "%i = alloca i32 1"   --->   Operation 4 'alloca' 'i' <Predicate = true> <Delay = 0.00>
ST_1 : Operation 5 [1/1] (0.42ns)   --->   "%store_ln0 = store i32 0, i32 %max_col_value_31_out"   --->   Operation 5 'store' 'store_ln0' <Predicate = true> <Delay = 0.42>
ST_1 : Operation 6 [1/1] (0.42ns)   --->   "%store_ln0 = store i32 0, i32 %max_col_value_30_out"   --->   Operation 6 'store' 'store_ln0' <Predicate = true> <Delay = 0.42>
ST_1 : Operation 7 [1/1] (0.42ns)   --->   "%store_ln0 = store i32 0, i32 %max_col_value_29_out"   --->   Operation 7 'store' 'store_ln0' <Predicate = true> <Delay = 0.42>
ST_1 : Operation 8 [1/1] (0.42ns)   --->   "%store_ln0 = store i32 0, i32 %max_col_value_28_out"   --->   Operation 8 'store' 'store_ln0' <Predicate = true> <Delay = 0.42>
ST_1 : Operation 9 [1/1] (0.42ns)   --->   "%store_ln0 = store i32 0, i32 %max_col_value_27_out"   --->   Operation 9 'store' 'store_ln0' <Predicate = true> <Delay = 0.42>
ST_1 : Operation 10 [1/1] (0.42ns)   --->   "%store_ln0 = store i32 0, i32 %max_col_value_26_out"   --->   Operation 10 'store' 'store_ln0' <Predicate = true> <Delay = 0.42>
ST_1 : Operation 11 [1/1] (0.42ns)   --->   "%store_ln0 = store i32 0, i32 %max_col_value_25_out"   --->   Operation 11 'store' 'store_ln0' <Predicate = true> <Delay = 0.42>
ST_1 : Operation 12 [1/1] (0.42ns)   --->   "%store_ln0 = store i32 0, i32 %max_col_value_24_out"   --->   Operation 12 'store' 'store_ln0' <Predicate = true> <Delay = 0.42>
ST_1 : Operation 13 [1/1] (0.42ns)   --->   "%store_ln0 = store i32 0, i32 %max_col_value_23_out"   --->   Operation 13 'store' 'store_ln0' <Predicate = true> <Delay = 0.42>
ST_1 : Operation 14 [1/1] (0.42ns)   --->   "%store_ln0 = store i32 0, i32 %max_col_value_22_out"   --->   Operation 14 'store' 'store_ln0' <Predicate = true> <Delay = 0.42>
ST_1 : Operation 15 [1/1] (0.42ns)   --->   "%store_ln0 = store i32 0, i32 %max_col_value_21_out"   --->   Operation 15 'store' 'store_ln0' <Predicate = true> <Delay = 0.42>
ST_1 : Operation 16 [1/1] (0.42ns)   --->   "%store_ln0 = store i32 0, i32 %max_col_value_20_out"   --->   Operation 16 'store' 'store_ln0' <Predicate = true> <Delay = 0.42>
ST_1 : Operation 17 [1/1] (0.42ns)   --->   "%store_ln0 = store i32 0, i32 %max_col_value_19_out"   --->   Operation 17 'store' 'store_ln0' <Predicate = true> <Delay = 0.42>
ST_1 : Operation 18 [1/1] (0.42ns)   --->   "%store_ln0 = store i32 0, i32 %max_col_value_18_out"   --->   Operation 18 'store' 'store_ln0' <Predicate = true> <Delay = 0.42>
ST_1 : Operation 19 [1/1] (0.42ns)   --->   "%store_ln0 = store i32 0, i32 %max_col_value_17_out"   --->   Operation 19 'store' 'store_ln0' <Predicate = true> <Delay = 0.42>
ST_1 : Operation 20 [1/1] (0.42ns)   --->   "%store_ln0 = store i32 0, i32 %max_col_value_16_out"   --->   Operation 20 'store' 'store_ln0' <Predicate = true> <Delay = 0.42>
ST_1 : Operation 21 [1/1] (0.42ns)   --->   "%store_ln0 = store i32 0, i32 %max_col_value_15_out"   --->   Operation 21 'store' 'store_ln0' <Predicate = true> <Delay = 0.42>
ST_1 : Operation 22 [1/1] (0.42ns)   --->   "%store_ln0 = store i32 0, i32 %max_col_value_14_out"   --->   Operation 22 'store' 'store_ln0' <Predicate = true> <Delay = 0.42>
ST_1 : Operation 23 [1/1] (0.42ns)   --->   "%store_ln0 = store i32 0, i32 %max_col_value_13_out"   --->   Operation 23 'store' 'store_ln0' <Predicate = true> <Delay = 0.42>
ST_1 : Operation 24 [1/1] (0.42ns)   --->   "%store_ln0 = store i32 0, i32 %max_col_value_12_out"   --->   Operation 24 'store' 'store_ln0' <Predicate = true> <Delay = 0.42>
ST_1 : Operation 25 [1/1] (0.42ns)   --->   "%store_ln0 = store i32 0, i32 %max_col_value_11_out"   --->   Operation 25 'store' 'store_ln0' <Predicate = true> <Delay = 0.42>
ST_1 : Operation 26 [1/1] (0.42ns)   --->   "%store_ln0 = store i32 0, i32 %max_col_value_10_out"   --->   Operation 26 'store' 'store_ln0' <Predicate = true> <Delay = 0.42>
ST_1 : Operation 27 [1/1] (0.42ns)   --->   "%store_ln0 = store i32 0, i32 %max_col_value_9_out"   --->   Operation 27 'store' 'store_ln0' <Predicate = true> <Delay = 0.42>
ST_1 : Operation 28 [1/1] (0.42ns)   --->   "%store_ln0 = store i32 0, i32 %max_col_value_8_out"   --->   Operation 28 'store' 'store_ln0' <Predicate = true> <Delay = 0.42>
ST_1 : Operation 29 [1/1] (0.42ns)   --->   "%store_ln0 = store i32 0, i32 %max_col_value_7_out"   --->   Operation 29 'store' 'store_ln0' <Predicate = true> <Delay = 0.42>
ST_1 : Operation 30 [1/1] (0.42ns)   --->   "%store_ln0 = store i32 0, i32 %max_col_value_6_out"   --->   Operation 30 'store' 'store_ln0' <Predicate = true> <Delay = 0.42>
ST_1 : Operation 31 [1/1] (0.42ns)   --->   "%store_ln0 = store i32 0, i32 %max_col_value_5_out"   --->   Operation 31 'store' 'store_ln0' <Predicate = true> <Delay = 0.42>
ST_1 : Operation 32 [1/1] (0.42ns)   --->   "%store_ln0 = store i32 0, i32 %max_col_value_4_out"   --->   Operation 32 'store' 'store_ln0' <Predicate = true> <Delay = 0.42>
ST_1 : Operation 33 [1/1] (0.42ns)   --->   "%store_ln0 = store i32 0, i32 %max_col_value_3_out"   --->   Operation 33 'store' 'store_ln0' <Predicate = true> <Delay = 0.42>
ST_1 : Operation 34 [1/1] (0.42ns)   --->   "%store_ln0 = store i32 0, i32 %max_col_value_2_out"   --->   Operation 34 'store' 'store_ln0' <Predicate = true> <Delay = 0.42>
ST_1 : Operation 35 [1/1] (0.42ns)   --->   "%store_ln0 = store i32 0, i32 %max_col_value_1_out"   --->   Operation 35 'store' 'store_ln0' <Predicate = true> <Delay = 0.42>
ST_1 : Operation 36 [1/1] (0.42ns)   --->   "%store_ln0 = store i32 0, i32 %max_col_value_out"   --->   Operation 36 'store' 'store_ln0' <Predicate = true> <Delay = 0.42>
ST_1 : Operation 37 [1/1] (0.42ns)   --->   "%store_ln0 = store i32 0, i32 %max_row_value_31_out"   --->   Operation 37 'store' 'store_ln0' <Predicate = true> <Delay = 0.42>
ST_1 : Operation 38 [1/1] (0.42ns)   --->   "%store_ln0 = store i32 0, i32 %max_row_value_30_out"   --->   Operation 38 'store' 'store_ln0' <Predicate = true> <Delay = 0.42>
ST_1 : Operation 39 [1/1] (0.42ns)   --->   "%store_ln0 = store i32 0, i32 %max_row_value_29_out"   --->   Operation 39 'store' 'store_ln0' <Predicate = true> <Delay = 0.42>
ST_1 : Operation 40 [1/1] (0.42ns)   --->   "%store_ln0 = store i32 0, i32 %max_row_value_28_out"   --->   Operation 40 'store' 'store_ln0' <Predicate = true> <Delay = 0.42>
ST_1 : Operation 41 [1/1] (0.42ns)   --->   "%store_ln0 = store i32 0, i32 %max_row_value_27_out"   --->   Operation 41 'store' 'store_ln0' <Predicate = true> <Delay = 0.42>
ST_1 : Operation 42 [1/1] (0.42ns)   --->   "%store_ln0 = store i32 0, i32 %max_row_value_26_out"   --->   Operation 42 'store' 'store_ln0' <Predicate = true> <Delay = 0.42>
ST_1 : Operation 43 [1/1] (0.42ns)   --->   "%store_ln0 = store i32 0, i32 %max_row_value_25_out"   --->   Operation 43 'store' 'store_ln0' <Predicate = true> <Delay = 0.42>
ST_1 : Operation 44 [1/1] (0.42ns)   --->   "%store_ln0 = store i32 0, i32 %max_row_value_24_out"   --->   Operation 44 'store' 'store_ln0' <Predicate = true> <Delay = 0.42>
ST_1 : Operation 45 [1/1] (0.42ns)   --->   "%store_ln0 = store i32 0, i32 %max_row_value_23_out"   --->   Operation 45 'store' 'store_ln0' <Predicate = true> <Delay = 0.42>
ST_1 : Operation 46 [1/1] (0.42ns)   --->   "%store_ln0 = store i32 0, i32 %max_row_value_22_out"   --->   Operation 46 'store' 'store_ln0' <Predicate = true> <Delay = 0.42>
ST_1 : Operation 47 [1/1] (0.42ns)   --->   "%store_ln0 = store i32 0, i32 %max_row_value_21_out"   --->   Operation 47 'store' 'store_ln0' <Predicate = true> <Delay = 0.42>
ST_1 : Operation 48 [1/1] (0.42ns)   --->   "%store_ln0 = store i32 0, i32 %max_row_value_20_out"   --->   Operation 48 'store' 'store_ln0' <Predicate = true> <Delay = 0.42>
ST_1 : Operation 49 [1/1] (0.42ns)   --->   "%store_ln0 = store i32 0, i32 %max_row_value_19_out"   --->   Operation 49 'store' 'store_ln0' <Predicate = true> <Delay = 0.42>
ST_1 : Operation 50 [1/1] (0.42ns)   --->   "%store_ln0 = store i32 0, i32 %max_row_value_18_out"   --->   Operation 50 'store' 'store_ln0' <Predicate = true> <Delay = 0.42>
ST_1 : Operation 51 [1/1] (0.42ns)   --->   "%store_ln0 = store i32 0, i32 %max_row_value_17_out"   --->   Operation 51 'store' 'store_ln0' <Predicate = true> <Delay = 0.42>
ST_1 : Operation 52 [1/1] (0.42ns)   --->   "%store_ln0 = store i32 0, i32 %max_row_value_16_out"   --->   Operation 52 'store' 'store_ln0' <Predicate = true> <Delay = 0.42>
ST_1 : Operation 53 [1/1] (0.42ns)   --->   "%store_ln0 = store i32 0, i32 %max_row_value_15_out"   --->   Operation 53 'store' 'store_ln0' <Predicate = true> <Delay = 0.42>
ST_1 : Operation 54 [1/1] (0.42ns)   --->   "%store_ln0 = store i32 0, i32 %max_row_value_14_out"   --->   Operation 54 'store' 'store_ln0' <Predicate = true> <Delay = 0.42>
ST_1 : Operation 55 [1/1] (0.42ns)   --->   "%store_ln0 = store i32 0, i32 %max_row_value_13_out"   --->   Operation 55 'store' 'store_ln0' <Predicate = true> <Delay = 0.42>
ST_1 : Operation 56 [1/1] (0.42ns)   --->   "%store_ln0 = store i32 0, i32 %max_row_value_12_out"   --->   Operation 56 'store' 'store_ln0' <Predicate = true> <Delay = 0.42>
ST_1 : Operation 57 [1/1] (0.42ns)   --->   "%store_ln0 = store i32 0, i32 %max_row_value_11_out"   --->   Operation 57 'store' 'store_ln0' <Predicate = true> <Delay = 0.42>
ST_1 : Operation 58 [1/1] (0.42ns)   --->   "%store_ln0 = store i32 0, i32 %max_row_value_10_out"   --->   Operation 58 'store' 'store_ln0' <Predicate = true> <Delay = 0.42>
ST_1 : Operation 59 [1/1] (0.42ns)   --->   "%store_ln0 = store i32 0, i32 %max_row_value_9_out"   --->   Operation 59 'store' 'store_ln0' <Predicate = true> <Delay = 0.42>
ST_1 : Operation 60 [1/1] (0.42ns)   --->   "%store_ln0 = store i32 0, i32 %max_row_value_8_out"   --->   Operation 60 'store' 'store_ln0' <Predicate = true> <Delay = 0.42>
ST_1 : Operation 61 [1/1] (0.42ns)   --->   "%store_ln0 = store i32 0, i32 %max_row_value_7_out"   --->   Operation 61 'store' 'store_ln0' <Predicate = true> <Delay = 0.42>
ST_1 : Operation 62 [1/1] (0.42ns)   --->   "%store_ln0 = store i32 0, i32 %max_row_value_6_out"   --->   Operation 62 'store' 'store_ln0' <Predicate = true> <Delay = 0.42>
ST_1 : Operation 63 [1/1] (0.42ns)   --->   "%store_ln0 = store i32 0, i32 %max_row_value_5_out"   --->   Operation 63 'store' 'store_ln0' <Predicate = true> <Delay = 0.42>
ST_1 : Operation 64 [1/1] (0.42ns)   --->   "%store_ln0 = store i32 0, i32 %max_row_value_4_out"   --->   Operation 64 'store' 'store_ln0' <Predicate = true> <Delay = 0.42>
ST_1 : Operation 65 [1/1] (0.42ns)   --->   "%store_ln0 = store i32 0, i32 %max_row_value_3_out"   --->   Operation 65 'store' 'store_ln0' <Predicate = true> <Delay = 0.42>
ST_1 : Operation 66 [1/1] (0.42ns)   --->   "%store_ln0 = store i32 0, i32 %max_row_value_2_out"   --->   Operation 66 'store' 'store_ln0' <Predicate = true> <Delay = 0.42>
ST_1 : Operation 67 [1/1] (0.42ns)   --->   "%store_ln0 = store i32 0, i32 %max_row_value_1_out"   --->   Operation 67 'store' 'store_ln0' <Predicate = true> <Delay = 0.42>
ST_1 : Operation 68 [1/1] (0.42ns)   --->   "%store_ln0 = store i32 0, i32 %max_row_value_out"   --->   Operation 68 'store' 'store_ln0' <Predicate = true> <Delay = 0.42>
ST_1 : Operation 69 [1/1] (0.42ns)   --->   "%store_ln0 = store i32 0, i32 %max_score_31_out"   --->   Operation 69 'store' 'store_ln0' <Predicate = true> <Delay = 0.42>
ST_1 : Operation 70 [1/1] (0.42ns)   --->   "%store_ln0 = store i32 0, i32 %max_score_30_out"   --->   Operation 70 'store' 'store_ln0' <Predicate = true> <Delay = 0.42>
ST_1 : Operation 71 [1/1] (0.42ns)   --->   "%store_ln0 = store i32 0, i32 %max_score_29_out"   --->   Operation 71 'store' 'store_ln0' <Predicate = true> <Delay = 0.42>
ST_1 : Operation 72 [1/1] (0.42ns)   --->   "%store_ln0 = store i32 0, i32 %max_score_28_out"   --->   Operation 72 'store' 'store_ln0' <Predicate = true> <Delay = 0.42>
ST_1 : Operation 73 [1/1] (0.42ns)   --->   "%store_ln0 = store i32 0, i32 %max_score_27_out"   --->   Operation 73 'store' 'store_ln0' <Predicate = true> <Delay = 0.42>
ST_1 : Operation 74 [1/1] (0.42ns)   --->   "%store_ln0 = store i32 0, i32 %max_score_26_out"   --->   Operation 74 'store' 'store_ln0' <Predicate = true> <Delay = 0.42>
ST_1 : Operation 75 [1/1] (0.42ns)   --->   "%store_ln0 = store i32 0, i32 %max_score_25_out"   --->   Operation 75 'store' 'store_ln0' <Predicate = true> <Delay = 0.42>
ST_1 : Operation 76 [1/1] (0.42ns)   --->   "%store_ln0 = store i32 0, i32 %max_score_24_out"   --->   Operation 76 'store' 'store_ln0' <Predicate = true> <Delay = 0.42>
ST_1 : Operation 77 [1/1] (0.42ns)   --->   "%store_ln0 = store i32 0, i32 %max_score_23_out"   --->   Operation 77 'store' 'store_ln0' <Predicate = true> <Delay = 0.42>
ST_1 : Operation 78 [1/1] (0.42ns)   --->   "%store_ln0 = store i32 0, i32 %max_score_22_out"   --->   Operation 78 'store' 'store_ln0' <Predicate = true> <Delay = 0.42>
ST_1 : Operation 79 [1/1] (0.42ns)   --->   "%store_ln0 = store i32 0, i32 %max_score_21_out"   --->   Operation 79 'store' 'store_ln0' <Predicate = true> <Delay = 0.42>
ST_1 : Operation 80 [1/1] (0.42ns)   --->   "%store_ln0 = store i32 0, i32 %max_score_20_out"   --->   Operation 80 'store' 'store_ln0' <Predicate = true> <Delay = 0.42>
ST_1 : Operation 81 [1/1] (0.42ns)   --->   "%store_ln0 = store i32 0, i32 %max_score_19_out"   --->   Operation 81 'store' 'store_ln0' <Predicate = true> <Delay = 0.42>
ST_1 : Operation 82 [1/1] (0.42ns)   --->   "%store_ln0 = store i32 0, i32 %max_score_18_out"   --->   Operation 82 'store' 'store_ln0' <Predicate = true> <Delay = 0.42>
ST_1 : Operation 83 [1/1] (0.42ns)   --->   "%store_ln0 = store i32 0, i32 %max_score_17_out"   --->   Operation 83 'store' 'store_ln0' <Predicate = true> <Delay = 0.42>
ST_1 : Operation 84 [1/1] (0.42ns)   --->   "%store_ln0 = store i32 0, i32 %max_score_16_out"   --->   Operation 84 'store' 'store_ln0' <Predicate = true> <Delay = 0.42>
ST_1 : Operation 85 [1/1] (0.42ns)   --->   "%store_ln0 = store i32 0, i32 %max_score_15_out"   --->   Operation 85 'store' 'store_ln0' <Predicate = true> <Delay = 0.42>
ST_1 : Operation 86 [1/1] (0.42ns)   --->   "%store_ln0 = store i32 0, i32 %max_score_14_out"   --->   Operation 86 'store' 'store_ln0' <Predicate = true> <Delay = 0.42>
ST_1 : Operation 87 [1/1] (0.42ns)   --->   "%store_ln0 = store i32 0, i32 %max_score_13_out"   --->   Operation 87 'store' 'store_ln0' <Predicate = true> <Delay = 0.42>
ST_1 : Operation 88 [1/1] (0.42ns)   --->   "%store_ln0 = store i32 0, i32 %max_score_12_out"   --->   Operation 88 'store' 'store_ln0' <Predicate = true> <Delay = 0.42>
ST_1 : Operation 89 [1/1] (0.42ns)   --->   "%store_ln0 = store i32 0, i32 %max_score_11_out"   --->   Operation 89 'store' 'store_ln0' <Predicate = true> <Delay = 0.42>
ST_1 : Operation 90 [1/1] (0.42ns)   --->   "%store_ln0 = store i32 0, i32 %max_score_10_out"   --->   Operation 90 'store' 'store_ln0' <Predicate = true> <Delay = 0.42>
ST_1 : Operation 91 [1/1] (0.42ns)   --->   "%store_ln0 = store i32 0, i32 %max_score_9_out"   --->   Operation 91 'store' 'store_ln0' <Predicate = true> <Delay = 0.42>
ST_1 : Operation 92 [1/1] (0.42ns)   --->   "%store_ln0 = store i32 0, i32 %max_score_8_out"   --->   Operation 92 'store' 'store_ln0' <Predicate = true> <Delay = 0.42>
ST_1 : Operation 93 [1/1] (0.42ns)   --->   "%store_ln0 = store i32 0, i32 %max_score_7_out"   --->   Operation 93 'store' 'store_ln0' <Predicate = true> <Delay = 0.42>
ST_1 : Operation 94 [1/1] (0.42ns)   --->   "%store_ln0 = store i32 0, i32 %max_score_6_out"   --->   Operation 94 'store' 'store_ln0' <Predicate = true> <Delay = 0.42>
ST_1 : Operation 95 [1/1] (0.42ns)   --->   "%store_ln0 = store i32 0, i32 %max_score_5_out"   --->   Operation 95 'store' 'store_ln0' <Predicate = true> <Delay = 0.42>
ST_1 : Operation 96 [1/1] (0.42ns)   --->   "%store_ln0 = store i32 0, i32 %max_score_4_out"   --->   Operation 96 'store' 'store_ln0' <Predicate = true> <Delay = 0.42>
ST_1 : Operation 97 [1/1] (0.42ns)   --->   "%store_ln0 = store i32 0, i32 %max_score_3_out"   --->   Operation 97 'store' 'store_ln0' <Predicate = true> <Delay = 0.42>
ST_1 : Operation 98 [1/1] (0.42ns)   --->   "%store_ln0 = store i32 0, i32 %max_score_2_out"   --->   Operation 98 'store' 'store_ln0' <Predicate = true> <Delay = 0.42>
ST_1 : Operation 99 [1/1] (0.42ns)   --->   "%store_ln0 = store i32 0, i32 %max_score_1_out"   --->   Operation 99 'store' 'store_ln0' <Predicate = true> <Delay = 0.42>
ST_1 : Operation 100 [1/1] (0.42ns)   --->   "%store_ln0 = store i32 0, i32 %max_score_out"   --->   Operation 100 'store' 'store_ln0' <Predicate = true> <Delay = 0.42>
ST_1 : Operation 101 [1/1] (0.42ns)   --->   "%store_ln0 = store i6 0, i6 %i"   --->   Operation 101 'store' 'store_ln0' <Predicate = true> <Delay = 0.42>
ST_1 : Operation 102 [1/1] (0.00ns)   --->   "%br_ln0 = br void %for.inc104"   --->   Operation 102 'br' 'br_ln0' <Predicate = true> <Delay = 0.00>
ST_1 : Operation 103 [1/1] (0.00ns)   --->   "%i_3 = load i6 %i" [seq_align_multiple.cpp:490]   --->   Operation 103 'load' 'i_3' <Predicate = true> <Delay = 0.00>
ST_1 : Operation 104 [1/1] (0.00ns)   --->   "%specpipeline_ln0 = specpipeline void @_ssdm_op_SpecPipeline, i32 4294967295, i32 0, i32 1, i32 0, void @p_str"   --->   Operation 104 'specpipeline' 'specpipeline_ln0' <Predicate = true> <Delay = 0.00>
ST_1 : Operation 105 [1/1] (0.78ns)   --->   "%icmp_ln487 = icmp_eq  i6 %i_3, i6 32" [seq_align_multiple.cpp:487]   --->   Operation 105 'icmp' 'icmp_ln487' <Predicate = true> <Delay = 0.78> <CoreInst = "Cmp">   --->   Core 9 'Cmp' <Latency = 0> <II = 1> <Delay = 0.78> <FuncUnit> <Opcode : 'icmp'> <InPorts = 2> <OutPorts = 1>
ST_1 : Operation 106 [1/1] (0.00ns)   --->   "%empty = speclooptripcount i32 @_ssdm_op_SpecLoopTripCount, i64 32, i64 32, i64 32"   --->   Operation 106 'speclooptripcount' 'empty' <Predicate = true> <Delay = 0.00>
ST_1 : Operation 107 [1/1] (0.78ns)   --->   "%add_ln487 = add i6 %i_3, i6 1" [seq_align_multiple.cpp:487]   --->   Operation 107 'add' 'add_ln487' <Predicate = true> <Delay = 0.78> <CoreInst = "Adder">   --->   Core 1 'Adder' <Latency = 0> <II = 1> <Delay = 0.78> <FuncUnit> <Opcode : 'add' 'sub'> <InPorts = 2> <OutPorts = 1>
ST_1 : Operation 108 [1/1] (0.00ns)   --->   "%br_ln487 = br i1 %icmp_ln487, void %for.inc104.split, void %for.inc130.preheader.exitStub" [seq_align_multiple.cpp:487]   --->   Operation 108 'br' 'br_ln487' <Predicate = true> <Delay = 0.00>
ST_1 : Operation 109 [1/1] (0.00ns)   --->   "%specloopname_ln430 = specloopname void @_ssdm_op_SpecLoopName, void @empty_17" [seq_align_multiple.cpp:430]   --->   Operation 109 'specloopname' 'specloopname_ln430' <Predicate = (!icmp_ln487)> <Delay = 0.00>
ST_1 : Operation 110 [1/1] (0.00ns)   --->   "%trunc_ln490 = trunc i6 %i_3" [seq_align_multiple.cpp:490]   --->   Operation 110 'trunc' 'trunc_ln490' <Predicate = (!icmp_ln487)> <Delay = 0.00>
ST_1 : Operation 111 [1/1] (0.44ns)   --->   "%switch_ln490 = switch i5 %trunc_ln490, void %arrayidx103.case.31, i5 0, void %for.inc104.split.arrayidx103.exit_crit_edge, i5 1, void %for.inc104.split.arrayidx103.exit_crit_edge1, i5 2, void %arrayidx103.case.2, i5 3, void %arrayidx103.case.3, i5 4, void %arrayidx103.case.4, i5 5, void %arrayidx103.case.5, i5 6, void %arrayidx103.case.6, i5 7, void %arrayidx103.case.7, i5 8, void %arrayidx103.case.8, i5 9, void %arrayidx103.case.9, i5 10, void %arrayidx103.case.10, i5 11, void %arrayidx103.case.11, i5 12, void %arrayidx103.case.12, i5 13, void %arrayidx103.case.13, i5 14, void %arrayidx103.case.14, i5 15, void %arrayidx103.case.15, i5 16, void %arrayidx103.case.16, i5 17, void %arrayidx103.case.17, i5 18, void %arrayidx103.case.18, i5 19, void %arrayidx103.case.19, i5 20, void %arrayidx103.case.20, i5 21, void %arrayidx103.case.21, i5 22, void %arrayidx103.case.22, i5 23, void %arrayidx103.case.23, i5 24, void %arrayidx103.case.24, i5 25, void %arrayidx103.case.25, i5 26, void %arrayidx103.case.26, i5 27, void %arrayidx103.case.27, i5 28, void %arrayidx103.case.28, i5 29, void %arrayidx103.case.29, i5 30, void %arrayidx103.case.30" [seq_align_multiple.cpp:490]   --->   Operation 111 'switch' 'switch_ln490' <Predicate = (!icmp_ln487)> <Delay = 0.44>
ST_1 : Operation 112 [1/1] (0.42ns)   --->   "%store_ln492 = store i32 0, i32 %max_col_value_30_out" [seq_align_multiple.cpp:492]   --->   Operation 112 'store' 'store_ln492' <Predicate = (!icmp_ln487 & trunc_ln490 == 30)> <Delay = 0.42>
ST_1 : Operation 113 [1/1] (0.42ns)   --->   "%store_ln492 = store i32 0, i32 %max_row_value_30_out" [seq_align_multiple.cpp:492]   --->   Operation 113 'store' 'store_ln492' <Predicate = (!icmp_ln487 & trunc_ln490 == 30)> <Delay = 0.42>
ST_1 : Operation 114 [1/1] (0.42ns)   --->   "%store_ln492 = store i32 0, i32 %max_score_30_out" [seq_align_multiple.cpp:492]   --->   Operation 114 'store' 'store_ln492' <Predicate = (!icmp_ln487 & trunc_ln490 == 30)> <Delay = 0.42>
ST_1 : Operation 115 [1/1] (0.00ns)   --->   "%br_ln492 = br void %arrayidx103.exit" [seq_align_multiple.cpp:492]   --->   Operation 115 'br' 'br_ln492' <Predicate = (!icmp_ln487 & trunc_ln490 == 30)> <Delay = 0.00>
ST_1 : Operation 116 [1/1] (0.42ns)   --->   "%store_ln492 = store i32 0, i32 %max_col_value_29_out" [seq_align_multiple.cpp:492]   --->   Operation 116 'store' 'store_ln492' <Predicate = (!icmp_ln487 & trunc_ln490 == 29)> <Delay = 0.42>
ST_1 : Operation 117 [1/1] (0.42ns)   --->   "%store_ln492 = store i32 0, i32 %max_row_value_29_out" [seq_align_multiple.cpp:492]   --->   Operation 117 'store' 'store_ln492' <Predicate = (!icmp_ln487 & trunc_ln490 == 29)> <Delay = 0.42>
ST_1 : Operation 118 [1/1] (0.42ns)   --->   "%store_ln492 = store i32 0, i32 %max_score_29_out" [seq_align_multiple.cpp:492]   --->   Operation 118 'store' 'store_ln492' <Predicate = (!icmp_ln487 & trunc_ln490 == 29)> <Delay = 0.42>
ST_1 : Operation 119 [1/1] (0.00ns)   --->   "%br_ln492 = br void %arrayidx103.exit" [seq_align_multiple.cpp:492]   --->   Operation 119 'br' 'br_ln492' <Predicate = (!icmp_ln487 & trunc_ln490 == 29)> <Delay = 0.00>
ST_1 : Operation 120 [1/1] (0.42ns)   --->   "%store_ln492 = store i32 0, i32 %max_col_value_28_out" [seq_align_multiple.cpp:492]   --->   Operation 120 'store' 'store_ln492' <Predicate = (!icmp_ln487 & trunc_ln490 == 28)> <Delay = 0.42>
ST_1 : Operation 121 [1/1] (0.42ns)   --->   "%store_ln492 = store i32 0, i32 %max_row_value_28_out" [seq_align_multiple.cpp:492]   --->   Operation 121 'store' 'store_ln492' <Predicate = (!icmp_ln487 & trunc_ln490 == 28)> <Delay = 0.42>
ST_1 : Operation 122 [1/1] (0.42ns)   --->   "%store_ln492 = store i32 0, i32 %max_score_28_out" [seq_align_multiple.cpp:492]   --->   Operation 122 'store' 'store_ln492' <Predicate = (!icmp_ln487 & trunc_ln490 == 28)> <Delay = 0.42>
ST_1 : Operation 123 [1/1] (0.00ns)   --->   "%br_ln492 = br void %arrayidx103.exit" [seq_align_multiple.cpp:492]   --->   Operation 123 'br' 'br_ln492' <Predicate = (!icmp_ln487 & trunc_ln490 == 28)> <Delay = 0.00>
ST_1 : Operation 124 [1/1] (0.42ns)   --->   "%store_ln492 = store i32 0, i32 %max_col_value_27_out" [seq_align_multiple.cpp:492]   --->   Operation 124 'store' 'store_ln492' <Predicate = (!icmp_ln487 & trunc_ln490 == 27)> <Delay = 0.42>
ST_1 : Operation 125 [1/1] (0.42ns)   --->   "%store_ln492 = store i32 0, i32 %max_row_value_27_out" [seq_align_multiple.cpp:492]   --->   Operation 125 'store' 'store_ln492' <Predicate = (!icmp_ln487 & trunc_ln490 == 27)> <Delay = 0.42>
ST_1 : Operation 126 [1/1] (0.42ns)   --->   "%store_ln492 = store i32 0, i32 %max_score_27_out" [seq_align_multiple.cpp:492]   --->   Operation 126 'store' 'store_ln492' <Predicate = (!icmp_ln487 & trunc_ln490 == 27)> <Delay = 0.42>
ST_1 : Operation 127 [1/1] (0.00ns)   --->   "%br_ln492 = br void %arrayidx103.exit" [seq_align_multiple.cpp:492]   --->   Operation 127 'br' 'br_ln492' <Predicate = (!icmp_ln487 & trunc_ln490 == 27)> <Delay = 0.00>
ST_1 : Operation 128 [1/1] (0.42ns)   --->   "%store_ln492 = store i32 0, i32 %max_col_value_26_out" [seq_align_multiple.cpp:492]   --->   Operation 128 'store' 'store_ln492' <Predicate = (!icmp_ln487 & trunc_ln490 == 26)> <Delay = 0.42>
ST_1 : Operation 129 [1/1] (0.42ns)   --->   "%store_ln492 = store i32 0, i32 %max_row_value_26_out" [seq_align_multiple.cpp:492]   --->   Operation 129 'store' 'store_ln492' <Predicate = (!icmp_ln487 & trunc_ln490 == 26)> <Delay = 0.42>
ST_1 : Operation 130 [1/1] (0.42ns)   --->   "%store_ln492 = store i32 0, i32 %max_score_26_out" [seq_align_multiple.cpp:492]   --->   Operation 130 'store' 'store_ln492' <Predicate = (!icmp_ln487 & trunc_ln490 == 26)> <Delay = 0.42>
ST_1 : Operation 131 [1/1] (0.00ns)   --->   "%br_ln492 = br void %arrayidx103.exit" [seq_align_multiple.cpp:492]   --->   Operation 131 'br' 'br_ln492' <Predicate = (!icmp_ln487 & trunc_ln490 == 26)> <Delay = 0.00>
ST_1 : Operation 132 [1/1] (0.42ns)   --->   "%store_ln492 = store i32 0, i32 %max_col_value_25_out" [seq_align_multiple.cpp:492]   --->   Operation 132 'store' 'store_ln492' <Predicate = (!icmp_ln487 & trunc_ln490 == 25)> <Delay = 0.42>
ST_1 : Operation 133 [1/1] (0.42ns)   --->   "%store_ln492 = store i32 0, i32 %max_row_value_25_out" [seq_align_multiple.cpp:492]   --->   Operation 133 'store' 'store_ln492' <Predicate = (!icmp_ln487 & trunc_ln490 == 25)> <Delay = 0.42>
ST_1 : Operation 134 [1/1] (0.42ns)   --->   "%store_ln492 = store i32 0, i32 %max_score_25_out" [seq_align_multiple.cpp:492]   --->   Operation 134 'store' 'store_ln492' <Predicate = (!icmp_ln487 & trunc_ln490 == 25)> <Delay = 0.42>
ST_1 : Operation 135 [1/1] (0.00ns)   --->   "%br_ln492 = br void %arrayidx103.exit" [seq_align_multiple.cpp:492]   --->   Operation 135 'br' 'br_ln492' <Predicate = (!icmp_ln487 & trunc_ln490 == 25)> <Delay = 0.00>
ST_1 : Operation 136 [1/1] (0.42ns)   --->   "%store_ln492 = store i32 0, i32 %max_col_value_24_out" [seq_align_multiple.cpp:492]   --->   Operation 136 'store' 'store_ln492' <Predicate = (!icmp_ln487 & trunc_ln490 == 24)> <Delay = 0.42>
ST_1 : Operation 137 [1/1] (0.42ns)   --->   "%store_ln492 = store i32 0, i32 %max_row_value_24_out" [seq_align_multiple.cpp:492]   --->   Operation 137 'store' 'store_ln492' <Predicate = (!icmp_ln487 & trunc_ln490 == 24)> <Delay = 0.42>
ST_1 : Operation 138 [1/1] (0.42ns)   --->   "%store_ln492 = store i32 0, i32 %max_score_24_out" [seq_align_multiple.cpp:492]   --->   Operation 138 'store' 'store_ln492' <Predicate = (!icmp_ln487 & trunc_ln490 == 24)> <Delay = 0.42>
ST_1 : Operation 139 [1/1] (0.00ns)   --->   "%br_ln492 = br void %arrayidx103.exit" [seq_align_multiple.cpp:492]   --->   Operation 139 'br' 'br_ln492' <Predicate = (!icmp_ln487 & trunc_ln490 == 24)> <Delay = 0.00>
ST_1 : Operation 140 [1/1] (0.42ns)   --->   "%store_ln492 = store i32 0, i32 %max_col_value_23_out" [seq_align_multiple.cpp:492]   --->   Operation 140 'store' 'store_ln492' <Predicate = (!icmp_ln487 & trunc_ln490 == 23)> <Delay = 0.42>
ST_1 : Operation 141 [1/1] (0.42ns)   --->   "%store_ln492 = store i32 0, i32 %max_row_value_23_out" [seq_align_multiple.cpp:492]   --->   Operation 141 'store' 'store_ln492' <Predicate = (!icmp_ln487 & trunc_ln490 == 23)> <Delay = 0.42>
ST_1 : Operation 142 [1/1] (0.42ns)   --->   "%store_ln492 = store i32 0, i32 %max_score_23_out" [seq_align_multiple.cpp:492]   --->   Operation 142 'store' 'store_ln492' <Predicate = (!icmp_ln487 & trunc_ln490 == 23)> <Delay = 0.42>
ST_1 : Operation 143 [1/1] (0.00ns)   --->   "%br_ln492 = br void %arrayidx103.exit" [seq_align_multiple.cpp:492]   --->   Operation 143 'br' 'br_ln492' <Predicate = (!icmp_ln487 & trunc_ln490 == 23)> <Delay = 0.00>
ST_1 : Operation 144 [1/1] (0.42ns)   --->   "%store_ln492 = store i32 0, i32 %max_col_value_22_out" [seq_align_multiple.cpp:492]   --->   Operation 144 'store' 'store_ln492' <Predicate = (!icmp_ln487 & trunc_ln490 == 22)> <Delay = 0.42>
ST_1 : Operation 145 [1/1] (0.42ns)   --->   "%store_ln492 = store i32 0, i32 %max_row_value_22_out" [seq_align_multiple.cpp:492]   --->   Operation 145 'store' 'store_ln492' <Predicate = (!icmp_ln487 & trunc_ln490 == 22)> <Delay = 0.42>
ST_1 : Operation 146 [1/1] (0.42ns)   --->   "%store_ln492 = store i32 0, i32 %max_score_22_out" [seq_align_multiple.cpp:492]   --->   Operation 146 'store' 'store_ln492' <Predicate = (!icmp_ln487 & trunc_ln490 == 22)> <Delay = 0.42>
ST_1 : Operation 147 [1/1] (0.00ns)   --->   "%br_ln492 = br void %arrayidx103.exit" [seq_align_multiple.cpp:492]   --->   Operation 147 'br' 'br_ln492' <Predicate = (!icmp_ln487 & trunc_ln490 == 22)> <Delay = 0.00>
ST_1 : Operation 148 [1/1] (0.42ns)   --->   "%store_ln492 = store i32 0, i32 %max_col_value_21_out" [seq_align_multiple.cpp:492]   --->   Operation 148 'store' 'store_ln492' <Predicate = (!icmp_ln487 & trunc_ln490 == 21)> <Delay = 0.42>
ST_1 : Operation 149 [1/1] (0.42ns)   --->   "%store_ln492 = store i32 0, i32 %max_row_value_21_out" [seq_align_multiple.cpp:492]   --->   Operation 149 'store' 'store_ln492' <Predicate = (!icmp_ln487 & trunc_ln490 == 21)> <Delay = 0.42>
ST_1 : Operation 150 [1/1] (0.42ns)   --->   "%store_ln492 = store i32 0, i32 %max_score_21_out" [seq_align_multiple.cpp:492]   --->   Operation 150 'store' 'store_ln492' <Predicate = (!icmp_ln487 & trunc_ln490 == 21)> <Delay = 0.42>
ST_1 : Operation 151 [1/1] (0.00ns)   --->   "%br_ln492 = br void %arrayidx103.exit" [seq_align_multiple.cpp:492]   --->   Operation 151 'br' 'br_ln492' <Predicate = (!icmp_ln487 & trunc_ln490 == 21)> <Delay = 0.00>
ST_1 : Operation 152 [1/1] (0.42ns)   --->   "%store_ln492 = store i32 0, i32 %max_col_value_20_out" [seq_align_multiple.cpp:492]   --->   Operation 152 'store' 'store_ln492' <Predicate = (!icmp_ln487 & trunc_ln490 == 20)> <Delay = 0.42>
ST_1 : Operation 153 [1/1] (0.42ns)   --->   "%store_ln492 = store i32 0, i32 %max_row_value_20_out" [seq_align_multiple.cpp:492]   --->   Operation 153 'store' 'store_ln492' <Predicate = (!icmp_ln487 & trunc_ln490 == 20)> <Delay = 0.42>
ST_1 : Operation 154 [1/1] (0.42ns)   --->   "%store_ln492 = store i32 0, i32 %max_score_20_out" [seq_align_multiple.cpp:492]   --->   Operation 154 'store' 'store_ln492' <Predicate = (!icmp_ln487 & trunc_ln490 == 20)> <Delay = 0.42>
ST_1 : Operation 155 [1/1] (0.00ns)   --->   "%br_ln492 = br void %arrayidx103.exit" [seq_align_multiple.cpp:492]   --->   Operation 155 'br' 'br_ln492' <Predicate = (!icmp_ln487 & trunc_ln490 == 20)> <Delay = 0.00>
ST_1 : Operation 156 [1/1] (0.42ns)   --->   "%store_ln492 = store i32 0, i32 %max_col_value_19_out" [seq_align_multiple.cpp:492]   --->   Operation 156 'store' 'store_ln492' <Predicate = (!icmp_ln487 & trunc_ln490 == 19)> <Delay = 0.42>
ST_1 : Operation 157 [1/1] (0.42ns)   --->   "%store_ln492 = store i32 0, i32 %max_row_value_19_out" [seq_align_multiple.cpp:492]   --->   Operation 157 'store' 'store_ln492' <Predicate = (!icmp_ln487 & trunc_ln490 == 19)> <Delay = 0.42>
ST_1 : Operation 158 [1/1] (0.42ns)   --->   "%store_ln492 = store i32 0, i32 %max_score_19_out" [seq_align_multiple.cpp:492]   --->   Operation 158 'store' 'store_ln492' <Predicate = (!icmp_ln487 & trunc_ln490 == 19)> <Delay = 0.42>
ST_1 : Operation 159 [1/1] (0.00ns)   --->   "%br_ln492 = br void %arrayidx103.exit" [seq_align_multiple.cpp:492]   --->   Operation 159 'br' 'br_ln492' <Predicate = (!icmp_ln487 & trunc_ln490 == 19)> <Delay = 0.00>
ST_1 : Operation 160 [1/1] (0.42ns)   --->   "%store_ln492 = store i32 0, i32 %max_col_value_18_out" [seq_align_multiple.cpp:492]   --->   Operation 160 'store' 'store_ln492' <Predicate = (!icmp_ln487 & trunc_ln490 == 18)> <Delay = 0.42>
ST_1 : Operation 161 [1/1] (0.42ns)   --->   "%store_ln492 = store i32 0, i32 %max_row_value_18_out" [seq_align_multiple.cpp:492]   --->   Operation 161 'store' 'store_ln492' <Predicate = (!icmp_ln487 & trunc_ln490 == 18)> <Delay = 0.42>
ST_1 : Operation 162 [1/1] (0.42ns)   --->   "%store_ln492 = store i32 0, i32 %max_score_18_out" [seq_align_multiple.cpp:492]   --->   Operation 162 'store' 'store_ln492' <Predicate = (!icmp_ln487 & trunc_ln490 == 18)> <Delay = 0.42>
ST_1 : Operation 163 [1/1] (0.00ns)   --->   "%br_ln492 = br void %arrayidx103.exit" [seq_align_multiple.cpp:492]   --->   Operation 163 'br' 'br_ln492' <Predicate = (!icmp_ln487 & trunc_ln490 == 18)> <Delay = 0.00>
ST_1 : Operation 164 [1/1] (0.42ns)   --->   "%store_ln492 = store i32 0, i32 %max_col_value_17_out" [seq_align_multiple.cpp:492]   --->   Operation 164 'store' 'store_ln492' <Predicate = (!icmp_ln487 & trunc_ln490 == 17)> <Delay = 0.42>
ST_1 : Operation 165 [1/1] (0.42ns)   --->   "%store_ln492 = store i32 0, i32 %max_row_value_17_out" [seq_align_multiple.cpp:492]   --->   Operation 165 'store' 'store_ln492' <Predicate = (!icmp_ln487 & trunc_ln490 == 17)> <Delay = 0.42>
ST_1 : Operation 166 [1/1] (0.42ns)   --->   "%store_ln492 = store i32 0, i32 %max_score_17_out" [seq_align_multiple.cpp:492]   --->   Operation 166 'store' 'store_ln492' <Predicate = (!icmp_ln487 & trunc_ln490 == 17)> <Delay = 0.42>
ST_1 : Operation 167 [1/1] (0.00ns)   --->   "%br_ln492 = br void %arrayidx103.exit" [seq_align_multiple.cpp:492]   --->   Operation 167 'br' 'br_ln492' <Predicate = (!icmp_ln487 & trunc_ln490 == 17)> <Delay = 0.00>
ST_1 : Operation 168 [1/1] (0.42ns)   --->   "%store_ln492 = store i32 0, i32 %max_col_value_16_out" [seq_align_multiple.cpp:492]   --->   Operation 168 'store' 'store_ln492' <Predicate = (!icmp_ln487 & trunc_ln490 == 16)> <Delay = 0.42>
ST_1 : Operation 169 [1/1] (0.42ns)   --->   "%store_ln492 = store i32 0, i32 %max_row_value_16_out" [seq_align_multiple.cpp:492]   --->   Operation 169 'store' 'store_ln492' <Predicate = (!icmp_ln487 & trunc_ln490 == 16)> <Delay = 0.42>
ST_1 : Operation 170 [1/1] (0.42ns)   --->   "%store_ln492 = store i32 0, i32 %max_score_16_out" [seq_align_multiple.cpp:492]   --->   Operation 170 'store' 'store_ln492' <Predicate = (!icmp_ln487 & trunc_ln490 == 16)> <Delay = 0.42>
ST_1 : Operation 171 [1/1] (0.00ns)   --->   "%br_ln492 = br void %arrayidx103.exit" [seq_align_multiple.cpp:492]   --->   Operation 171 'br' 'br_ln492' <Predicate = (!icmp_ln487 & trunc_ln490 == 16)> <Delay = 0.00>
ST_1 : Operation 172 [1/1] (0.42ns)   --->   "%store_ln492 = store i32 0, i32 %max_col_value_15_out" [seq_align_multiple.cpp:492]   --->   Operation 172 'store' 'store_ln492' <Predicate = (!icmp_ln487 & trunc_ln490 == 15)> <Delay = 0.42>
ST_1 : Operation 173 [1/1] (0.42ns)   --->   "%store_ln492 = store i32 0, i32 %max_row_value_15_out" [seq_align_multiple.cpp:492]   --->   Operation 173 'store' 'store_ln492' <Predicate = (!icmp_ln487 & trunc_ln490 == 15)> <Delay = 0.42>
ST_1 : Operation 174 [1/1] (0.42ns)   --->   "%store_ln492 = store i32 0, i32 %max_score_15_out" [seq_align_multiple.cpp:492]   --->   Operation 174 'store' 'store_ln492' <Predicate = (!icmp_ln487 & trunc_ln490 == 15)> <Delay = 0.42>
ST_1 : Operation 175 [1/1] (0.00ns)   --->   "%br_ln492 = br void %arrayidx103.exit" [seq_align_multiple.cpp:492]   --->   Operation 175 'br' 'br_ln492' <Predicate = (!icmp_ln487 & trunc_ln490 == 15)> <Delay = 0.00>
ST_1 : Operation 176 [1/1] (0.42ns)   --->   "%store_ln492 = store i32 0, i32 %max_col_value_14_out" [seq_align_multiple.cpp:492]   --->   Operation 176 'store' 'store_ln492' <Predicate = (!icmp_ln487 & trunc_ln490 == 14)> <Delay = 0.42>
ST_1 : Operation 177 [1/1] (0.42ns)   --->   "%store_ln492 = store i32 0, i32 %max_row_value_14_out" [seq_align_multiple.cpp:492]   --->   Operation 177 'store' 'store_ln492' <Predicate = (!icmp_ln487 & trunc_ln490 == 14)> <Delay = 0.42>
ST_1 : Operation 178 [1/1] (0.42ns)   --->   "%store_ln492 = store i32 0, i32 %max_score_14_out" [seq_align_multiple.cpp:492]   --->   Operation 178 'store' 'store_ln492' <Predicate = (!icmp_ln487 & trunc_ln490 == 14)> <Delay = 0.42>
ST_1 : Operation 179 [1/1] (0.00ns)   --->   "%br_ln492 = br void %arrayidx103.exit" [seq_align_multiple.cpp:492]   --->   Operation 179 'br' 'br_ln492' <Predicate = (!icmp_ln487 & trunc_ln490 == 14)> <Delay = 0.00>
ST_1 : Operation 180 [1/1] (0.42ns)   --->   "%store_ln492 = store i32 0, i32 %max_col_value_13_out" [seq_align_multiple.cpp:492]   --->   Operation 180 'store' 'store_ln492' <Predicate = (!icmp_ln487 & trunc_ln490 == 13)> <Delay = 0.42>
ST_1 : Operation 181 [1/1] (0.42ns)   --->   "%store_ln492 = store i32 0, i32 %max_row_value_13_out" [seq_align_multiple.cpp:492]   --->   Operation 181 'store' 'store_ln492' <Predicate = (!icmp_ln487 & trunc_ln490 == 13)> <Delay = 0.42>
ST_1 : Operation 182 [1/1] (0.42ns)   --->   "%store_ln492 = store i32 0, i32 %max_score_13_out" [seq_align_multiple.cpp:492]   --->   Operation 182 'store' 'store_ln492' <Predicate = (!icmp_ln487 & trunc_ln490 == 13)> <Delay = 0.42>
ST_1 : Operation 183 [1/1] (0.00ns)   --->   "%br_ln492 = br void %arrayidx103.exit" [seq_align_multiple.cpp:492]   --->   Operation 183 'br' 'br_ln492' <Predicate = (!icmp_ln487 & trunc_ln490 == 13)> <Delay = 0.00>
ST_1 : Operation 184 [1/1] (0.42ns)   --->   "%store_ln492 = store i32 0, i32 %max_col_value_12_out" [seq_align_multiple.cpp:492]   --->   Operation 184 'store' 'store_ln492' <Predicate = (!icmp_ln487 & trunc_ln490 == 12)> <Delay = 0.42>
ST_1 : Operation 185 [1/1] (0.42ns)   --->   "%store_ln492 = store i32 0, i32 %max_row_value_12_out" [seq_align_multiple.cpp:492]   --->   Operation 185 'store' 'store_ln492' <Predicate = (!icmp_ln487 & trunc_ln490 == 12)> <Delay = 0.42>
ST_1 : Operation 186 [1/1] (0.42ns)   --->   "%store_ln492 = store i32 0, i32 %max_score_12_out" [seq_align_multiple.cpp:492]   --->   Operation 186 'store' 'store_ln492' <Predicate = (!icmp_ln487 & trunc_ln490 == 12)> <Delay = 0.42>
ST_1 : Operation 187 [1/1] (0.00ns)   --->   "%br_ln492 = br void %arrayidx103.exit" [seq_align_multiple.cpp:492]   --->   Operation 187 'br' 'br_ln492' <Predicate = (!icmp_ln487 & trunc_ln490 == 12)> <Delay = 0.00>
ST_1 : Operation 188 [1/1] (0.42ns)   --->   "%store_ln492 = store i32 0, i32 %max_col_value_11_out" [seq_align_multiple.cpp:492]   --->   Operation 188 'store' 'store_ln492' <Predicate = (!icmp_ln487 & trunc_ln490 == 11)> <Delay = 0.42>
ST_1 : Operation 189 [1/1] (0.42ns)   --->   "%store_ln492 = store i32 0, i32 %max_row_value_11_out" [seq_align_multiple.cpp:492]   --->   Operation 189 'store' 'store_ln492' <Predicate = (!icmp_ln487 & trunc_ln490 == 11)> <Delay = 0.42>
ST_1 : Operation 190 [1/1] (0.42ns)   --->   "%store_ln492 = store i32 0, i32 %max_score_11_out" [seq_align_multiple.cpp:492]   --->   Operation 190 'store' 'store_ln492' <Predicate = (!icmp_ln487 & trunc_ln490 == 11)> <Delay = 0.42>
ST_1 : Operation 191 [1/1] (0.00ns)   --->   "%br_ln492 = br void %arrayidx103.exit" [seq_align_multiple.cpp:492]   --->   Operation 191 'br' 'br_ln492' <Predicate = (!icmp_ln487 & trunc_ln490 == 11)> <Delay = 0.00>
ST_1 : Operation 192 [1/1] (0.42ns)   --->   "%store_ln492 = store i32 0, i32 %max_col_value_10_out" [seq_align_multiple.cpp:492]   --->   Operation 192 'store' 'store_ln492' <Predicate = (!icmp_ln487 & trunc_ln490 == 10)> <Delay = 0.42>
ST_1 : Operation 193 [1/1] (0.42ns)   --->   "%store_ln492 = store i32 0, i32 %max_row_value_10_out" [seq_align_multiple.cpp:492]   --->   Operation 193 'store' 'store_ln492' <Predicate = (!icmp_ln487 & trunc_ln490 == 10)> <Delay = 0.42>
ST_1 : Operation 194 [1/1] (0.42ns)   --->   "%store_ln492 = store i32 0, i32 %max_score_10_out" [seq_align_multiple.cpp:492]   --->   Operation 194 'store' 'store_ln492' <Predicate = (!icmp_ln487 & trunc_ln490 == 10)> <Delay = 0.42>
ST_1 : Operation 195 [1/1] (0.00ns)   --->   "%br_ln492 = br void %arrayidx103.exit" [seq_align_multiple.cpp:492]   --->   Operation 195 'br' 'br_ln492' <Predicate = (!icmp_ln487 & trunc_ln490 == 10)> <Delay = 0.00>
ST_1 : Operation 196 [1/1] (0.42ns)   --->   "%store_ln492 = store i32 0, i32 %max_col_value_9_out" [seq_align_multiple.cpp:492]   --->   Operation 196 'store' 'store_ln492' <Predicate = (!icmp_ln487 & trunc_ln490 == 9)> <Delay = 0.42>
ST_1 : Operation 197 [1/1] (0.42ns)   --->   "%store_ln492 = store i32 0, i32 %max_row_value_9_out" [seq_align_multiple.cpp:492]   --->   Operation 197 'store' 'store_ln492' <Predicate = (!icmp_ln487 & trunc_ln490 == 9)> <Delay = 0.42>
ST_1 : Operation 198 [1/1] (0.42ns)   --->   "%store_ln492 = store i32 0, i32 %max_score_9_out" [seq_align_multiple.cpp:492]   --->   Operation 198 'store' 'store_ln492' <Predicate = (!icmp_ln487 & trunc_ln490 == 9)> <Delay = 0.42>
ST_1 : Operation 199 [1/1] (0.00ns)   --->   "%br_ln492 = br void %arrayidx103.exit" [seq_align_multiple.cpp:492]   --->   Operation 199 'br' 'br_ln492' <Predicate = (!icmp_ln487 & trunc_ln490 == 9)> <Delay = 0.00>
ST_1 : Operation 200 [1/1] (0.42ns)   --->   "%store_ln492 = store i32 0, i32 %max_col_value_8_out" [seq_align_multiple.cpp:492]   --->   Operation 200 'store' 'store_ln492' <Predicate = (!icmp_ln487 & trunc_ln490 == 8)> <Delay = 0.42>
ST_1 : Operation 201 [1/1] (0.42ns)   --->   "%store_ln492 = store i32 0, i32 %max_row_value_8_out" [seq_align_multiple.cpp:492]   --->   Operation 201 'store' 'store_ln492' <Predicate = (!icmp_ln487 & trunc_ln490 == 8)> <Delay = 0.42>
ST_1 : Operation 202 [1/1] (0.42ns)   --->   "%store_ln492 = store i32 0, i32 %max_score_8_out" [seq_align_multiple.cpp:492]   --->   Operation 202 'store' 'store_ln492' <Predicate = (!icmp_ln487 & trunc_ln490 == 8)> <Delay = 0.42>
ST_1 : Operation 203 [1/1] (0.00ns)   --->   "%br_ln492 = br void %arrayidx103.exit" [seq_align_multiple.cpp:492]   --->   Operation 203 'br' 'br_ln492' <Predicate = (!icmp_ln487 & trunc_ln490 == 8)> <Delay = 0.00>
ST_1 : Operation 204 [1/1] (0.42ns)   --->   "%store_ln492 = store i32 0, i32 %max_col_value_7_out" [seq_align_multiple.cpp:492]   --->   Operation 204 'store' 'store_ln492' <Predicate = (!icmp_ln487 & trunc_ln490 == 7)> <Delay = 0.42>
ST_1 : Operation 205 [1/1] (0.42ns)   --->   "%store_ln492 = store i32 0, i32 %max_row_value_7_out" [seq_align_multiple.cpp:492]   --->   Operation 205 'store' 'store_ln492' <Predicate = (!icmp_ln487 & trunc_ln490 == 7)> <Delay = 0.42>
ST_1 : Operation 206 [1/1] (0.42ns)   --->   "%store_ln492 = store i32 0, i32 %max_score_7_out" [seq_align_multiple.cpp:492]   --->   Operation 206 'store' 'store_ln492' <Predicate = (!icmp_ln487 & trunc_ln490 == 7)> <Delay = 0.42>
ST_1 : Operation 207 [1/1] (0.00ns)   --->   "%br_ln492 = br void %arrayidx103.exit" [seq_align_multiple.cpp:492]   --->   Operation 207 'br' 'br_ln492' <Predicate = (!icmp_ln487 & trunc_ln490 == 7)> <Delay = 0.00>
ST_1 : Operation 208 [1/1] (0.42ns)   --->   "%store_ln492 = store i32 0, i32 %max_col_value_6_out" [seq_align_multiple.cpp:492]   --->   Operation 208 'store' 'store_ln492' <Predicate = (!icmp_ln487 & trunc_ln490 == 6)> <Delay = 0.42>
ST_1 : Operation 209 [1/1] (0.42ns)   --->   "%store_ln492 = store i32 0, i32 %max_row_value_6_out" [seq_align_multiple.cpp:492]   --->   Operation 209 'store' 'store_ln492' <Predicate = (!icmp_ln487 & trunc_ln490 == 6)> <Delay = 0.42>
ST_1 : Operation 210 [1/1] (0.42ns)   --->   "%store_ln492 = store i32 0, i32 %max_score_6_out" [seq_align_multiple.cpp:492]   --->   Operation 210 'store' 'store_ln492' <Predicate = (!icmp_ln487 & trunc_ln490 == 6)> <Delay = 0.42>
ST_1 : Operation 211 [1/1] (0.00ns)   --->   "%br_ln492 = br void %arrayidx103.exit" [seq_align_multiple.cpp:492]   --->   Operation 211 'br' 'br_ln492' <Predicate = (!icmp_ln487 & trunc_ln490 == 6)> <Delay = 0.00>
ST_1 : Operation 212 [1/1] (0.42ns)   --->   "%store_ln492 = store i32 0, i32 %max_col_value_5_out" [seq_align_multiple.cpp:492]   --->   Operation 212 'store' 'store_ln492' <Predicate = (!icmp_ln487 & trunc_ln490 == 5)> <Delay = 0.42>
ST_1 : Operation 213 [1/1] (0.42ns)   --->   "%store_ln492 = store i32 0, i32 %max_row_value_5_out" [seq_align_multiple.cpp:492]   --->   Operation 213 'store' 'store_ln492' <Predicate = (!icmp_ln487 & trunc_ln490 == 5)> <Delay = 0.42>
ST_1 : Operation 214 [1/1] (0.42ns)   --->   "%store_ln492 = store i32 0, i32 %max_score_5_out" [seq_align_multiple.cpp:492]   --->   Operation 214 'store' 'store_ln492' <Predicate = (!icmp_ln487 & trunc_ln490 == 5)> <Delay = 0.42>
ST_1 : Operation 215 [1/1] (0.00ns)   --->   "%br_ln492 = br void %arrayidx103.exit" [seq_align_multiple.cpp:492]   --->   Operation 215 'br' 'br_ln492' <Predicate = (!icmp_ln487 & trunc_ln490 == 5)> <Delay = 0.00>
ST_1 : Operation 216 [1/1] (0.42ns)   --->   "%store_ln492 = store i32 0, i32 %max_col_value_4_out" [seq_align_multiple.cpp:492]   --->   Operation 216 'store' 'store_ln492' <Predicate = (!icmp_ln487 & trunc_ln490 == 4)> <Delay = 0.42>
ST_1 : Operation 217 [1/1] (0.42ns)   --->   "%store_ln492 = store i32 0, i32 %max_row_value_4_out" [seq_align_multiple.cpp:492]   --->   Operation 217 'store' 'store_ln492' <Predicate = (!icmp_ln487 & trunc_ln490 == 4)> <Delay = 0.42>
ST_1 : Operation 218 [1/1] (0.42ns)   --->   "%store_ln492 = store i32 0, i32 %max_score_4_out" [seq_align_multiple.cpp:492]   --->   Operation 218 'store' 'store_ln492' <Predicate = (!icmp_ln487 & trunc_ln490 == 4)> <Delay = 0.42>
ST_1 : Operation 219 [1/1] (0.00ns)   --->   "%br_ln492 = br void %arrayidx103.exit" [seq_align_multiple.cpp:492]   --->   Operation 219 'br' 'br_ln492' <Predicate = (!icmp_ln487 & trunc_ln490 == 4)> <Delay = 0.00>
ST_1 : Operation 220 [1/1] (0.42ns)   --->   "%store_ln492 = store i32 0, i32 %max_col_value_3_out" [seq_align_multiple.cpp:492]   --->   Operation 220 'store' 'store_ln492' <Predicate = (!icmp_ln487 & trunc_ln490 == 3)> <Delay = 0.42>
ST_1 : Operation 221 [1/1] (0.42ns)   --->   "%store_ln492 = store i32 0, i32 %max_row_value_3_out" [seq_align_multiple.cpp:492]   --->   Operation 221 'store' 'store_ln492' <Predicate = (!icmp_ln487 & trunc_ln490 == 3)> <Delay = 0.42>
ST_1 : Operation 222 [1/1] (0.42ns)   --->   "%store_ln492 = store i32 0, i32 %max_score_3_out" [seq_align_multiple.cpp:492]   --->   Operation 222 'store' 'store_ln492' <Predicate = (!icmp_ln487 & trunc_ln490 == 3)> <Delay = 0.42>
ST_1 : Operation 223 [1/1] (0.00ns)   --->   "%br_ln492 = br void %arrayidx103.exit" [seq_align_multiple.cpp:492]   --->   Operation 223 'br' 'br_ln492' <Predicate = (!icmp_ln487 & trunc_ln490 == 3)> <Delay = 0.00>
ST_1 : Operation 224 [1/1] (0.42ns)   --->   "%store_ln492 = store i32 0, i32 %max_col_value_2_out" [seq_align_multiple.cpp:492]   --->   Operation 224 'store' 'store_ln492' <Predicate = (!icmp_ln487 & trunc_ln490 == 2)> <Delay = 0.42>
ST_1 : Operation 225 [1/1] (0.42ns)   --->   "%store_ln492 = store i32 0, i32 %max_row_value_2_out" [seq_align_multiple.cpp:492]   --->   Operation 225 'store' 'store_ln492' <Predicate = (!icmp_ln487 & trunc_ln490 == 2)> <Delay = 0.42>
ST_1 : Operation 226 [1/1] (0.42ns)   --->   "%store_ln492 = store i32 0, i32 %max_score_2_out" [seq_align_multiple.cpp:492]   --->   Operation 226 'store' 'store_ln492' <Predicate = (!icmp_ln487 & trunc_ln490 == 2)> <Delay = 0.42>
ST_1 : Operation 227 [1/1] (0.00ns)   --->   "%br_ln492 = br void %arrayidx103.exit" [seq_align_multiple.cpp:492]   --->   Operation 227 'br' 'br_ln492' <Predicate = (!icmp_ln487 & trunc_ln490 == 2)> <Delay = 0.00>
ST_1 : Operation 228 [1/1] (0.42ns)   --->   "%store_ln490 = store i32 0, i32 %max_col_value_1_out" [seq_align_multiple.cpp:490]   --->   Operation 228 'store' 'store_ln490' <Predicate = (!icmp_ln487 & trunc_ln490 == 1)> <Delay = 0.42>
ST_1 : Operation 229 [1/1] (0.42ns)   --->   "%store_ln490 = store i32 0, i32 %max_row_value_1_out" [seq_align_multiple.cpp:490]   --->   Operation 229 'store' 'store_ln490' <Predicate = (!icmp_ln487 & trunc_ln490 == 1)> <Delay = 0.42>
ST_1 : Operation 230 [1/1] (0.42ns)   --->   "%store_ln490 = store i32 0, i32 %max_score_1_out" [seq_align_multiple.cpp:490]   --->   Operation 230 'store' 'store_ln490' <Predicate = (!icmp_ln487 & trunc_ln490 == 1)> <Delay = 0.42>
ST_1 : Operation 231 [1/1] (0.00ns)   --->   "%br_ln490 = br void %arrayidx103.exit" [seq_align_multiple.cpp:490]   --->   Operation 231 'br' 'br_ln490' <Predicate = (!icmp_ln487 & trunc_ln490 == 1)> <Delay = 0.00>
ST_1 : Operation 232 [1/1] (0.42ns)   --->   "%store_ln490 = store i32 0, i32 %max_col_value_out" [seq_align_multiple.cpp:490]   --->   Operation 232 'store' 'store_ln490' <Predicate = (!icmp_ln487 & trunc_ln490 == 0)> <Delay = 0.42>
ST_1 : Operation 233 [1/1] (0.42ns)   --->   "%store_ln490 = store i32 0, i32 %max_row_value_out" [seq_align_multiple.cpp:490]   --->   Operation 233 'store' 'store_ln490' <Predicate = (!icmp_ln487 & trunc_ln490 == 0)> <Delay = 0.42>
ST_1 : Operation 234 [1/1] (0.42ns)   --->   "%store_ln490 = store i32 0, i32 %max_score_out" [seq_align_multiple.cpp:490]   --->   Operation 234 'store' 'store_ln490' <Predicate = (!icmp_ln487 & trunc_ln490 == 0)> <Delay = 0.42>
ST_1 : Operation 235 [1/1] (0.00ns)   --->   "%br_ln490 = br void %arrayidx103.exit" [seq_align_multiple.cpp:490]   --->   Operation 235 'br' 'br_ln490' <Predicate = (!icmp_ln487 & trunc_ln490 == 0)> <Delay = 0.00>
ST_1 : Operation 236 [1/1] (0.42ns)   --->   "%store_ln492 = store i32 0, i32 %max_col_value_31_out" [seq_align_multiple.cpp:492]   --->   Operation 236 'store' 'store_ln492' <Predicate = (!icmp_ln487 & trunc_ln490 == 31)> <Delay = 0.42>
ST_1 : Operation 237 [1/1] (0.42ns)   --->   "%store_ln492 = store i32 0, i32 %max_row_value_31_out" [seq_align_multiple.cpp:492]   --->   Operation 237 'store' 'store_ln492' <Predicate = (!icmp_ln487 & trunc_ln490 == 31)> <Delay = 0.42>
ST_1 : Operation 238 [1/1] (0.42ns)   --->   "%store_ln492 = store i32 0, i32 %max_score_31_out" [seq_align_multiple.cpp:492]   --->   Operation 238 'store' 'store_ln492' <Predicate = (!icmp_ln487 & trunc_ln490 == 31)> <Delay = 0.42>
ST_1 : Operation 239 [1/1] (0.00ns)   --->   "%br_ln492 = br void %arrayidx103.exit" [seq_align_multiple.cpp:492]   --->   Operation 239 'br' 'br_ln492' <Predicate = (!icmp_ln487 & trunc_ln490 == 31)> <Delay = 0.00>
ST_1 : Operation 240 [1/1] (0.42ns)   --->   "%store_ln487 = store i6 %add_ln487, i6 %i" [seq_align_multiple.cpp:487]   --->   Operation 240 'store' 'store_ln487' <Predicate = (!icmp_ln487)> <Delay = 0.42>
ST_1 : Operation 241 [1/1] (0.00ns)   --->   "%br_ln487 = br void %for.inc104" [seq_align_multiple.cpp:487]   --->   Operation 241 'br' 'br_ln487' <Predicate = (!icmp_ln487)> <Delay = 0.00>
ST_1 : Operation 242 [1/1] (0.00ns)   --->   "%ret_ln0 = ret"   --->   Operation 242 'ret' 'ret_ln0' <Predicate = (icmp_ln487)> <Delay = 0.00>


============================================================
+ Verbose Summary: Timing violations
============================================================
Target clock period: 4ns, clock uncertainty: 1.08ns.

 <State 1>: 1.21ns
The critical path consists of the following:
	'alloca' operation ('i') [97]  (0 ns)
	'load' operation ('i', seq_align_multiple.cpp:490) on local variable 'i' [197]  (0 ns)
	'add' operation ('add_ln487', seq_align_multiple.cpp:487) [201]  (0.781 ns)
	'store' operation ('store_ln487', seq_align_multiple.cpp:487) of variable 'add_ln487', seq_align_multiple.cpp:487 on local variable 'i' [368]  (0.427 ns)
	blocking operation 0.004 ns on control path)


============================================================
+ Verbose Summary: Binding
============================================================
N/A
* FSMD analyzer results:
  - Output states:
 - Input state : 
  - Chain level:
	State 1


============================================================
+ Verbose Summary: Datapath Resource usage 
============================================================
N/A
