

================================================================
== Vitis HLS Report for 'seq_align_global_Pipeline_VITIS_LOOP_773_2'
================================================================
* Date:           Tue Aug  8 00:15:59 2023

* Version:        2022.1 (Build 3526262 on Mon Apr 18 15:47:01 MDT 2022)
* Project:        local_seq_multiple_align_sa
* Solution:       solution1 (Vitis Kernel Flow Target)
* Product family: zynquplus
* Target device:  xczu7ev-ffvc1156-2-i


================================================================
== Performance Estimates
================================================================
+ Timing: 
    * Summary: 
    +--------+---------+----------+------------+
    |  Clock |  Target | Estimated| Uncertainty|
    +--------+---------+----------+------------+
    |ap_clk  |  4.00 ns|  2.151 ns|     1.08 ns|
    +--------+---------+----------+------------+

+ Latency: 
    * Summary: 
    +---------+---------+----------+----------+-----+-----+---------+
    |  Latency (cycles) |  Latency (absolute) |  Interval | Pipeline|
    |   min   |   max   |    min   |    max   | min | max |   Type  |
    +---------+---------+----------+----------+-----+-----+---------+
    |      258|      258|  1.032 us|  1.032 us|  258|  258|       no|
    +---------+---------+----------+----------+-----+-----+---------+

    + Detail: 
        * Instance: 
        N/A

        * Loop: 
        +--------------------+---------+---------+----------+-----------+-----------+------+----------+
        |                    |  Latency (cycles) | Iteration|  Initiation Interval  | Trip |          |
        |      Loop Name     |   min   |   max   |  Latency |  achieved |   target  | Count| Pipelined|
        +--------------------+---------+---------+----------+-----------+-----------+------+----------+
        |- VITIS_LOOP_773_2  |      256|      256|         1|          1|          1|   256|       yes|
        +--------------------+---------+---------+----------+-----------+-----------+------+----------+

============================================================
+ Verbose Summary: Synthesis Manager
============================================================
InlineROM: 1
ExposeGlobal: 0
============================================================
+ Verbose Summary: CDFG Model
============================================================
IsTopModel: 0
ResetActiveHigh: 1
IsCombinational: 0
IsDatapathOnly: 0
HasWiredReturn: 1
HasMFsm: 2
HasVarLatency: 1
IsPipeline: 0
IsRtlPipelined: 0
IsInstanceOverlapped: 0
IsDontTouch: 0
HasImplIP: 0
IsGatedGlobalClock: 0

+ Individual pipeline summary: 
  * Pipeline-0: initiation interval (II) = 1, depth = 1


============================================================
+ Verbose Summary: Schedule
============================================================
* Number of FSM states : 1
* Pipeline : 1
  Pipeline-0 : II = 1, D = 1, States = { 1 }
* Dataflow Pipeline: 0

* FSM state transitions: 
1 --> 

* FSM state operations: 

State 1 <SV = 0> <Delay = 2.15>
ST_1 : Operation 4 [1/1] (0.00ns)   --->   "%ip = alloca i32 1"   --->   Operation 4 'alloca' 'ip' <Predicate = true> <Delay = 0.00>
ST_1 : Operation 5 [1/1] (0.42ns)   --->   "%store_ln0 = store i9 0, i9 %ip"   --->   Operation 5 'store' 'store_ln0' <Predicate = true> <Delay = 0.42>
ST_1 : Operation 6 [1/1] (0.00ns)   --->   "%br_ln0 = br void %for.inc31"   --->   Operation 6 'br' 'br_ln0' <Predicate = true> <Delay = 0.00>
ST_1 : Operation 7 [1/1] (0.00ns)   --->   "%ip_1 = load i9 %ip" [seq_align_multiple.cpp:776]   --->   Operation 7 'load' 'ip_1' <Predicate = true> <Delay = 0.00>
ST_1 : Operation 8 [1/1] (0.00ns)   --->   "%specpipeline_ln0 = specpipeline void @_ssdm_op_SpecPipeline, i32 4294967295, i32 0, i32 1, i32 0, void @p_str"   --->   Operation 8 'specpipeline' 'specpipeline_ln0' <Predicate = true> <Delay = 0.00>
ST_1 : Operation 9 [1/1] (0.88ns)   --->   "%icmp_ln773 = icmp_eq  i9 %ip_1, i9 256" [seq_align_multiple.cpp:773]   --->   Operation 9 'icmp' 'icmp_ln773' <Predicate = true> <Delay = 0.88> <CoreInst = "Cmp">   --->   Core 9 'Cmp' <Latency = 0> <II = 1> <Delay = 0.88> <FuncUnit> <Opcode : 'icmp'> <InPorts = 2> <OutPorts = 1>
ST_1 : Operation 10 [1/1] (0.00ns)   --->   "%empty = speclooptripcount i32 @_ssdm_op_SpecLoopTripCount, i64 256, i64 256, i64 256"   --->   Operation 10 'speclooptripcount' 'empty' <Predicate = true> <Delay = 0.00>
ST_1 : Operation 11 [1/1] (0.77ns)   --->   "%add_ln776 = add i9 %ip_1, i9 1" [seq_align_multiple.cpp:776]   --->   Operation 11 'add' 'add_ln776' <Predicate = true> <Delay = 0.77> <CoreInst = "Adder">   --->   Core 1 'Adder' <Latency = 0> <II = 1> <Delay = 0.77> <FuncUnit> <Opcode : 'add' 'sub'> <InPorts = 2> <OutPorts = 1>
ST_1 : Operation 12 [1/1] (0.00ns)   --->   "%br_ln773 = br i1 %icmp_ln773, void %for.inc31.split, void %for.inc56.preheader.exitStub" [seq_align_multiple.cpp:773]   --->   Operation 12 'br' 'br_ln773' <Predicate = true> <Delay = 0.00>
ST_1 : Operation 13 [1/1] (0.00ns)   --->   "%ip_cast = zext i9 %ip_1" [seq_align_multiple.cpp:776]   --->   Operation 13 'zext' 'ip_cast' <Predicate = (!icmp_ln773)> <Delay = 0.00>
ST_1 : Operation 14 [1/1] (0.00ns)   --->   "%specloopname_ln773 = specloopname void @_ssdm_op_SpecLoopName, void @empty_15" [seq_align_multiple.cpp:773]   --->   Operation 14 'specloopname' 'specloopname_ln773' <Predicate = (!icmp_ln773)> <Delay = 0.00>
ST_1 : Operation 15 [1/1] (0.00ns)   --->   "%trunc_ln776 = trunc i9 %ip_1" [seq_align_multiple.cpp:776]   --->   Operation 15 'trunc' 'trunc_ln776' <Predicate = (!icmp_ln773)> <Delay = 0.00>
ST_1 : Operation 16 [1/1] (0.00ns)   --->   "%zext_ln776 = zext i8 %trunc_ln776" [seq_align_multiple.cpp:776]   --->   Operation 16 'zext' 'zext_ln776' <Predicate = (!icmp_ln773)> <Delay = 0.00>
ST_1 : Operation 17 [1/1] (0.00ns)   --->   "%last_pe_score_addr = getelementptr i32 %last_pe_score, i64 0, i64 %ip_cast" [seq_align_multiple.cpp:776]   --->   Operation 17 'getelementptr' 'last_pe_score_addr' <Predicate = (!icmp_ln773)> <Delay = 0.00>
ST_1 : Operation 18 [1/1] (0.00ns)   --->   "%tmp_2 = bitconcatenate i10 @_ssdm_op_BitConcatenate.i10.i8.i2, i8 %trunc_ln776, i2 0" [seq_align_multiple.cpp:776]   --->   Operation 18 'bitconcatenate' 'tmp_2' <Predicate = (!icmp_ln773)> <Delay = 0.00>
ST_1 : Operation 19 [1/1] (0.00ns)   --->   "%zext_ln776_1 = zext i10 %tmp_2" [seq_align_multiple.cpp:776]   --->   Operation 19 'zext' 'zext_ln776_1' <Predicate = (!icmp_ln773)> <Delay = 0.00>
ST_1 : Operation 20 [1/1] (0.00ns) (grouped into TernaryAdder)   --->   "%sub_ln776 = sub i11 %zext_ln776, i11 %zext_ln776_1" [seq_align_multiple.cpp:776]   --->   Operation 20 'sub' 'sub_ln776' <Predicate = (!icmp_ln773)> <Delay = 0.00> <CoreInst = "TAddSub">   --->   Core 10 'TAddSub' <Latency = 0> <II = 1> <Delay = 0.45> <IPBlock> <Opcode : 'add' 'sub'> <InPorts = 3> <OutPorts = 1> <Sync> <CReg>
ST_1 : Operation 21 [1/1] (0.91ns) (root node of TernaryAdder)   --->   "%add_ln776_1 = add i11 %sub_ln776, i11 2045" [seq_align_multiple.cpp:776]   --->   Operation 21 'add' 'add_ln776_1' <Predicate = (!icmp_ln773)> <Delay = 0.91> <CoreInst = "TAddSub">   --->   Core 10 'TAddSub' <Latency = 0> <II = 1> <Delay = 0.45> <IPBlock> <Opcode : 'add' 'sub'> <InPorts = 3> <OutPorts = 1> <Sync> <CReg>
ST_1 : Operation 22 [1/1] (0.00ns)   --->   "%sext_ln776 = sext i11 %add_ln776_1" [seq_align_multiple.cpp:776]   --->   Operation 22 'sext' 'sext_ln776' <Predicate = (!icmp_ln773)> <Delay = 0.00>
ST_1 : Operation 23 [1/1] (1.23ns)   --->   "%store_ln776 = store i32 %sext_ln776, i8 %last_pe_score_addr" [seq_align_multiple.cpp:776]   --->   Operation 23 'store' 'store_ln776' <Predicate = (!icmp_ln773)> <Delay = 1.23> <CoreInst = "RAM">   --->   Core 83 'RAM' <Latency = 1> <II = 1> <Delay = 1.23> <Storage> <Opcode : 'load' 'store'> <Ports = 2> <Width = 32> <Depth = 256> <RAM>
ST_1 : Operation 24 [1/1] (0.42ns)   --->   "%store_ln773 = store i9 %add_ln776, i9 %ip" [seq_align_multiple.cpp:773]   --->   Operation 24 'store' 'store_ln773' <Predicate = (!icmp_ln773)> <Delay = 0.42>
ST_1 : Operation 25 [1/1] (0.00ns)   --->   "%br_ln773 = br void %for.inc31" [seq_align_multiple.cpp:773]   --->   Operation 25 'br' 'br_ln773' <Predicate = (!icmp_ln773)> <Delay = 0.00>
ST_1 : Operation 26 [1/1] (0.00ns)   --->   "%ret_ln0 = ret"   --->   Operation 26 'ret' 'ret_ln0' <Predicate = (icmp_ln773)> <Delay = 0.00>


============================================================
+ Verbose Summary: Binding
============================================================
STG Binding: 
---------------- STG Properties BEGIN ----------------
- Is combinational: 0
- Is one-state seq: 0
- Is datapath-only: 0
- Is pipelined: 0
- Is top level: 0
Port [ Return ] is wired: 1; IO mode=ap_ctrl_hs:ce=0
Port [ last_pe_score]:  wired=1; compound=1; hidden=0; nouse=0; global=0; static=0; extern=0; dir=1; type=1; pingpong=0; private_global=0; MemPort=[03]; IO mode=ap_memory:ce=0
---------------- STG Properties END ------------------

---------------- Datapath Model BEGIN ----------------

<LifeTime>
<method=bitvector/>
ip                 (alloca           ) [ 01]
store_ln0          (store            ) [ 00]
br_ln0             (br               ) [ 00]
ip_1               (load             ) [ 00]
specpipeline_ln0   (specpipeline     ) [ 00]
icmp_ln773         (icmp             ) [ 01]
empty              (speclooptripcount) [ 00]
add_ln776          (add              ) [ 00]
br_ln773           (br               ) [ 00]
ip_cast            (zext             ) [ 00]
specloopname_ln773 (specloopname     ) [ 00]
trunc_ln776        (trunc            ) [ 00]
zext_ln776         (zext             ) [ 00]
last_pe_score_addr (getelementptr    ) [ 00]
tmp_2              (bitconcatenate   ) [ 00]
zext_ln776_1       (zext             ) [ 00]
sub_ln776          (sub              ) [ 00]
add_ln776_1        (add              ) [ 00]
sext_ln776         (sext             ) [ 00]
store_ln776        (store            ) [ 00]
store_ln773        (store            ) [ 00]
br_ln773           (br               ) [ 00]
ret_ln0            (ret              ) [ 00]
</LifeTime>

<model>

<comp_list>
<comp id="0" class="1000" name="last_pe_score">
<pin_list>
<pin id="1" dir="1" index="0" bw="1" slack="0"/>
</pin_list>
<bind>
<StgValue><ssdm name="last_pe_score"/><MemPortTyVec>0 3 </MemPortTyVec>
</StgValue>
</bind>
</comp>

<comp id="2" class="1001" name="const_2">
<pin_list>
<pin id="3" dir="1" index="0" bw="1" slack="0"/>
</pin_list>
<bind>
<StgValue><ssdm name=""/></StgValue>
</bind>
</comp>

<comp id="4" class="1001" name="const_4">
<pin_list>
<pin id="5" dir="1" index="0" bw="1" slack="0"/>
</pin_list>
<bind>
<StgValue><ssdm name=""/></StgValue>
</bind>
</comp>

<comp id="6" class="1001" name="const_6">
<pin_list>
<pin id="7" dir="1" index="0" bw="1" slack="2147483647"/>
</pin_list>
<bind>
<StgValue><ssdm name="_ssdm_op_SpecPipeline"/></StgValue>
</bind>
</comp>

<comp id="8" class="1001" name="const_8">
<pin_list>
<pin id="9" dir="1" index="0" bw="1" slack="2147483647"/>
</pin_list>
<bind>
<StgValue><ssdm name=""/></StgValue>
</bind>
</comp>

<comp id="10" class="1001" name="const_10">
<pin_list>
<pin id="11" dir="1" index="0" bw="1" slack="2147483647"/>
</pin_list>
<bind>
<StgValue><ssdm name=""/></StgValue>
</bind>
</comp>

<comp id="12" class="1001" name="const_12">
<pin_list>
<pin id="13" dir="1" index="0" bw="1" slack="2147483647"/>
</pin_list>
<bind>
<StgValue><ssdm name="p_str"/></StgValue>
</bind>
</comp>

<comp id="14" class="1001" name="const_14">
<pin_list>
<pin id="15" dir="1" index="0" bw="1" slack="0"/>
</pin_list>
<bind>
<StgValue><ssdm name=""/></StgValue>
</bind>
</comp>

<comp id="16" class="1001" name="const_16">
<pin_list>
<pin id="17" dir="1" index="0" bw="1" slack="2147483647"/>
</pin_list>
<bind>
<StgValue><ssdm name="_ssdm_op_SpecLoopTripCount"/></StgValue>
</bind>
</comp>

<comp id="18" class="1001" name="const_18">
<pin_list>
<pin id="19" dir="1" index="0" bw="1" slack="2147483647"/>
</pin_list>
<bind>
<StgValue><ssdm name=""/></StgValue>
</bind>
</comp>

<comp id="20" class="1001" name="const_20">
<pin_list>
<pin id="21" dir="1" index="0" bw="1" slack="0"/>
</pin_list>
<bind>
<StgValue><ssdm name=""/></StgValue>
</bind>
</comp>

<comp id="22" class="1001" name="const_22">
<pin_list>
<pin id="23" dir="1" index="0" bw="1" slack="2147483647"/>
</pin_list>
<bind>
<StgValue><ssdm name="_ssdm_op_SpecLoopName"/></StgValue>
</bind>
</comp>

<comp id="24" class="1001" name="const_24">
<pin_list>
<pin id="25" dir="1" index="0" bw="1" slack="2147483647"/>
</pin_list>
<bind>
<StgValue><ssdm name="empty_15"/></StgValue>
</bind>
</comp>

<comp id="26" class="1001" name="const_26">
<pin_list>
<pin id="27" dir="1" index="0" bw="1" slack="0"/>
</pin_list>
<bind>
<StgValue><ssdm name=""/></StgValue>
</bind>
</comp>

<comp id="28" class="1001" name="const_28">
<pin_list>
<pin id="29" dir="1" index="0" bw="1" slack="0"/>
</pin_list>
<bind>
<StgValue><ssdm name="_ssdm_op_BitConcatenate.i10.i8.i2"/></StgValue>
</bind>
</comp>

<comp id="30" class="1001" name="const_30">
<pin_list>
<pin id="31" dir="1" index="0" bw="1" slack="0"/>
</pin_list>
<bind>
<StgValue><ssdm name=""/></StgValue>
</bind>
</comp>

<comp id="32" class="1001" name="const_32">
<pin_list>
<pin id="33" dir="1" index="0" bw="1" slack="0"/>
</pin_list>
<bind>
<StgValue><ssdm name=""/></StgValue>
</bind>
</comp>

<comp id="34" class="1004" name="ip_fu_34">
<pin_list>
<pin id="35" dir="0" index="0" bw="1" slack="0"/>
<pin id="36" dir="1" index="1" bw="9" slack="0"/>
</pin_list>
<bind>
<opcode="alloca(26) " fcode="alloca"/>
<opset="ip/1 "/>
</bind>
</comp>

<comp id="38" class="1004" name="last_pe_score_addr_gep_fu_38">
<pin_list>
<pin id="39" dir="0" index="0" bw="32" slack="0"/>
<pin id="40" dir="0" index="1" bw="1" slack="0"/>
<pin id="41" dir="0" index="2" bw="9" slack="0"/>
<pin id="42" dir="1" index="3" bw="8" slack="0"/>
</pin_list>
<bind>
<opcode="getelementptr(29) " fcode="getelementptr"/>
<opset="last_pe_score_addr/1 "/>
</bind>
</comp>

<comp id="45" class="1004" name="store_ln776_access_fu_45">
<pin_list>
<pin id="46" dir="0" index="0" bw="8" slack="0"/>
<pin id="47" dir="0" index="1" bw="32" slack="0"/>
<pin id="48" dir="0" index="2" bw="0" slack="2147483647"/>
<pin id="49" dir="1" index="3" bw="32" slack="2147483647"/>
</pin_list>
<bind>
<opcode="store(28) " fcode="store"/>
<opset="store_ln776/1 "/>
</bind>
</comp>

<comp id="51" class="1004" name="store_ln0_store_fu_51">
<pin_list>
<pin id="52" dir="0" index="0" bw="1" slack="0"/>
<pin id="53" dir="0" index="1" bw="9" slack="0"/>
<pin id="54" dir="1" index="2" bw="0" slack="2147483647"/>
</pin_list>
<bind>
<opcode="store(28) " fcode="store"/>
<opset="store_ln0/1 "/>
</bind>
</comp>

<comp id="56" class="1004" name="ip_1_load_fu_56">
<pin_list>
<pin id="57" dir="0" index="0" bw="9" slack="0"/>
<pin id="58" dir="1" index="1" bw="9" slack="0"/>
</pin_list>
<bind>
<opcode="load(27) " fcode="load"/>
<opset="ip_1/1 "/>
</bind>
</comp>

<comp id="59" class="1004" name="icmp_ln773_fu_59">
<pin_list>
<pin id="60" dir="0" index="0" bw="9" slack="0"/>
<pin id="61" dir="0" index="1" bw="9" slack="0"/>
<pin id="62" dir="1" index="2" bw="1" slack="2147483647"/>
</pin_list>
<bind>
<opcode="icmp(45) " fcode="icmp"/>
<opset="icmp_ln773/1 "/>
</bind>
</comp>

<comp id="65" class="1004" name="add_ln776_fu_65">
<pin_list>
<pin id="66" dir="0" index="0" bw="9" slack="0"/>
<pin id="67" dir="0" index="1" bw="1" slack="0"/>
<pin id="68" dir="1" index="2" bw="9" slack="0"/>
</pin_list>
<bind>
<opcode="add(8) " fcode="add"/>
<opset="add_ln776/1 "/>
</bind>
</comp>

<comp id="71" class="1004" name="ip_cast_fu_71">
<pin_list>
<pin id="72" dir="0" index="0" bw="9" slack="0"/>
<pin id="73" dir="1" index="1" bw="64" slack="0"/>
</pin_list>
<bind>
<opcode="zext(34) " fcode="zext"/>
<opset="ip_cast/1 "/>
</bind>
</comp>

<comp id="76" class="1004" name="trunc_ln776_fu_76">
<pin_list>
<pin id="77" dir="0" index="0" bw="9" slack="0"/>
<pin id="78" dir="1" index="1" bw="8" slack="0"/>
</pin_list>
<bind>
<opcode="trunc(33) " fcode="trunc"/>
<opset="trunc_ln776/1 "/>
</bind>
</comp>

<comp id="80" class="1004" name="zext_ln776_fu_80">
<pin_list>
<pin id="81" dir="0" index="0" bw="8" slack="0"/>
<pin id="82" dir="1" index="1" bw="11" slack="0"/>
</pin_list>
<bind>
<opcode="zext(34) " fcode="zext"/>
<opset="zext_ln776/1 "/>
</bind>
</comp>

<comp id="84" class="1004" name="tmp_2_fu_84">
<pin_list>
<pin id="85" dir="0" index="0" bw="10" slack="0"/>
<pin id="86" dir="0" index="1" bw="8" slack="0"/>
<pin id="87" dir="0" index="2" bw="1" slack="0"/>
<pin id="88" dir="1" index="3" bw="10" slack="0"/>
</pin_list>
<bind>
<opcode="bitconcatenate(1004) " fcode="bitconcatenate"/>
<opset="tmp_2/1 "/>
</bind>
</comp>

<comp id="92" class="1004" name="zext_ln776_1_fu_92">
<pin_list>
<pin id="93" dir="0" index="0" bw="10" slack="0"/>
<pin id="94" dir="1" index="1" bw="11" slack="0"/>
</pin_list>
<bind>
<opcode="zext(34) " fcode="zext"/>
<opset="zext_ln776_1/1 "/>
</bind>
</comp>

<comp id="96" class="1004" name="sub_ln776_fu_96">
<pin_list>
<pin id="97" dir="0" index="0" bw="8" slack="0"/>
<pin id="98" dir="0" index="1" bw="10" slack="0"/>
<pin id="99" dir="1" index="2" bw="11" slack="0"/>
</pin_list>
<bind>
<opcode="sub(10) " fcode="sub"/>
<opset="sub_ln776/1 "/>
</bind>
</comp>

<comp id="102" class="1004" name="add_ln776_1_fu_102">
<pin_list>
<pin id="103" dir="0" index="0" bw="11" slack="0"/>
<pin id="104" dir="0" index="1" bw="3" slack="0"/>
<pin id="105" dir="1" index="2" bw="11" slack="0"/>
</pin_list>
<bind>
<opcode="add(8) " fcode="add"/>
<opset="add_ln776_1/1 "/>
</bind>
</comp>

<comp id="108" class="1004" name="sext_ln776_fu_108">
<pin_list>
<pin id="109" dir="0" index="0" bw="11" slack="0"/>
<pin id="110" dir="1" index="1" bw="32" slack="0"/>
</pin_list>
<bind>
<opcode="sext(35) " fcode="sext"/>
<opset="sext_ln776/1 "/>
</bind>
</comp>

<comp id="113" class="1004" name="store_ln773_store_fu_113">
<pin_list>
<pin id="114" dir="0" index="0" bw="9" slack="0"/>
<pin id="115" dir="0" index="1" bw="9" slack="0"/>
<pin id="116" dir="1" index="2" bw="0" slack="2147483647"/>
</pin_list>
<bind>
<opcode="store(28) " fcode="store"/>
<opset="store_ln773/1 "/>
</bind>
</comp>

<comp id="118" class="1005" name="ip_reg_118">
<pin_list>
<pin id="119" dir="0" index="0" bw="9" slack="0"/>
<pin id="120" dir="1" index="1" bw="9" slack="0"/>
</pin_list>
<bind>
<opset="ip "/>
</bind>
</comp>

</comp_list>

<net_list>
<net id="37"><net_src comp="2" pin="0"/><net_sink comp="34" pin=0"/></net>

<net id="43"><net_src comp="0" pin="0"/><net_sink comp="38" pin=0"/></net>

<net id="44"><net_src comp="26" pin="0"/><net_sink comp="38" pin=1"/></net>

<net id="50"><net_src comp="38" pin="3"/><net_sink comp="45" pin=0"/></net>

<net id="55"><net_src comp="4" pin="0"/><net_sink comp="51" pin=0"/></net>

<net id="63"><net_src comp="56" pin="1"/><net_sink comp="59" pin=0"/></net>

<net id="64"><net_src comp="14" pin="0"/><net_sink comp="59" pin=1"/></net>

<net id="69"><net_src comp="56" pin="1"/><net_sink comp="65" pin=0"/></net>

<net id="70"><net_src comp="20" pin="0"/><net_sink comp="65" pin=1"/></net>

<net id="74"><net_src comp="56" pin="1"/><net_sink comp="71" pin=0"/></net>

<net id="75"><net_src comp="71" pin="1"/><net_sink comp="38" pin=2"/></net>

<net id="79"><net_src comp="56" pin="1"/><net_sink comp="76" pin=0"/></net>

<net id="83"><net_src comp="76" pin="1"/><net_sink comp="80" pin=0"/></net>

<net id="89"><net_src comp="28" pin="0"/><net_sink comp="84" pin=0"/></net>

<net id="90"><net_src comp="76" pin="1"/><net_sink comp="84" pin=1"/></net>

<net id="91"><net_src comp="30" pin="0"/><net_sink comp="84" pin=2"/></net>

<net id="95"><net_src comp="84" pin="3"/><net_sink comp="92" pin=0"/></net>

<net id="100"><net_src comp="80" pin="1"/><net_sink comp="96" pin=0"/></net>

<net id="101"><net_src comp="92" pin="1"/><net_sink comp="96" pin=1"/></net>

<net id="106"><net_src comp="96" pin="2"/><net_sink comp="102" pin=0"/></net>

<net id="107"><net_src comp="32" pin="0"/><net_sink comp="102" pin=1"/></net>

<net id="111"><net_src comp="102" pin="2"/><net_sink comp="108" pin=0"/></net>

<net id="112"><net_src comp="108" pin="1"/><net_sink comp="45" pin=1"/></net>

<net id="117"><net_src comp="65" pin="2"/><net_sink comp="113" pin=0"/></net>

<net id="121"><net_src comp="34" pin="1"/><net_sink comp="118" pin=0"/></net>

<net id="122"><net_src comp="118" pin="1"/><net_sink comp="51" pin=1"/></net>

<net id="123"><net_src comp="118" pin="1"/><net_sink comp="56" pin=0"/></net>

<net id="124"><net_src comp="118" pin="1"/><net_sink comp="113" pin=1"/></net>

</net_list>

</model> 
---------------- Datapath Model END ------------------

* FSMD analyzer results:
  - Output states:
	Port: last_pe_score | {1 }
 - Input state : 
  - Chain level:
	State 1
		store_ln0 : 1
		ip_1 : 1
		icmp_ln773 : 2
		add_ln776 : 2
		br_ln773 : 3
		ip_cast : 2
		trunc_ln776 : 2
		zext_ln776 : 3
		last_pe_score_addr : 3
		tmp_2 : 3
		zext_ln776_1 : 4
		sub_ln776 : 5
		add_ln776_1 : 6
		sext_ln776 : 7
		store_ln776 : 8
		store_ln773 : 3


============================================================
+ Verbose Summary: Datapath Resource usage 
============================================================

* Functional unit list:
|----------|--------------------|---------|---------|
| Operation|   Functional Unit  |    FF   |   LUT   |
|----------|--------------------|---------|---------|
|    add   |   add_ln776_fu_65  |    0    |    16   |
|          | add_ln776_1_fu_102 |    0    |    17   |
|----------|--------------------|---------|---------|
|    sub   |   sub_ln776_fu_96  |    0    |    18   |
|----------|--------------------|---------|---------|
|   icmp   |  icmp_ln773_fu_59  |    0    |    11   |
|----------|--------------------|---------|---------|
|          |    ip_cast_fu_71   |    0    |    0    |
|   zext   |  zext_ln776_fu_80  |    0    |    0    |
|          | zext_ln776_1_fu_92 |    0    |    0    |
|----------|--------------------|---------|---------|
|   trunc  |  trunc_ln776_fu_76 |    0    |    0    |
|----------|--------------------|---------|---------|
|bitconcatenate|     tmp_2_fu_84    |    0    |    0    |
|----------|--------------------|---------|---------|
|   sext   |  sext_ln776_fu_108 |    0    |    0    |
|----------|--------------------|---------|---------|
|   Total  |                    |    0    |    62   |
|----------|--------------------|---------|---------|

Memories:
N/A

* Register list:
+----------+--------+
|          |   FF   |
+----------+--------+
|ip_reg_118|    9   |
+----------+--------+
|   Total  |    9   |
+----------+--------+

* Multiplexer (MUX) list: 
|--------|------|------|------|--------|
|  Comp  |  Pin | Size |  BW  | S x BW |
|--------|------|------|------|--------|
|  Total |      |      |      |    0   |
|--------|------|------|------|--------|



* Summary:
+-----------+--------+--------+
|           |   FF   |   LUT  |
+-----------+--------+--------+
|  Function |    0   |   62   |
|   Memory  |    -   |    -   |
|Multiplexer|    -   |    -   |
|  Register |    9   |    -   |
+-----------+--------+--------+
|   Total   |    9   |   62   |
+-----------+--------+--------+
