

================================================================
== Vitis HLS Report for 'seq_align_banded_Pipeline_VITIS_LOOP_1421_10'
================================================================
* Date:           Mon Jul 31 23:34:22 2023

* Version:        2022.1 (Build 3526262 on Mon Apr 18 15:47:01 MDT 2022)
* Project:        local_seq_multiple_align_sa
* Solution:       solution1 (Vitis Kernel Flow Target)
* Product family: zynquplus
* Target device:  xczu7ev-ffvc1156-2-i


================================================================
== Performance Estimates
================================================================
+ Timing: 
    * Summary: 
    +--------+---------+----------+------------+
    |  Clock |  Target | Estimated| Uncertainty|
    +--------+---------+----------+------------+
    |ap_clk  |  4.00 ns|  1.212 ns|     1.08 ns|
    +--------+---------+----------+------------+

+ Latency: 
    * Summary: 
    +---------+---------+----------+----------+-----+-----+---------+
    |  Latency (cycles) |  Latency (absolute) |  Interval | Pipeline|
    |   min   |   max   |    min   |    max   | min | max |   Type  |
    +---------+---------+----------+----------+-----+-----+---------+
    |       34|       34|  0.136 us|  0.136 us|   34|   34|       no|
    +---------+---------+----------+----------+-----+-----+---------+

    + Detail: 
        * Instance: 
        N/A

        * Loop: 
        +----------------------+---------+---------+----------+-----------+-----------+------+----------+
        |                      |  Latency (cycles) | Iteration|  Initiation Interval  | Trip |          |
        |       Loop Name      |   min   |   max   |  Latency |  achieved |   target  | Count| Pipelined|
        +----------------------+---------+---------+----------+-----------+-----------+------+----------+
        |- VITIS_LOOP_1421_10  |       32|       32|         1|          1|          1|    32|       yes|
        +----------------------+---------+---------+----------+-----------+-----------+------+----------+

============================================================
+ Verbose Summary: Synthesis Manager
============================================================
InlineROM: 1
ExposeGlobal: 0
============================================================
+ Verbose Summary: CDFG Model
============================================================
IsTopModel: 0
ResetActiveHigh: 1
IsCombinational: 0
IsDatapathOnly: 0
HasWiredReturn: 1
HasMFsm: 2
HasVarLatency: 1
IsPipeline: 0
IsRtlPipelined: 0
IsInstanceOverlapped: 0
IsDontTouch: 0
HasImplIP: 0
IsGatedGlobalClock: 0

+ Individual pipeline summary: 
  * Pipeline-0: initiation interval (II) = 1, depth = 2


============================================================
+ Verbose Summary: Schedule
============================================================
* Number of FSM states : 2
* Pipeline : 1
  Pipeline-0 : II = 1, D = 2, States = { 1 2 }
* Dataflow Pipeline: 0

* FSM state transitions: 
1 --> 2 
2 --> 

* FSM state operations: 

State 1 <SV = 0> <Delay = 0.42>
ST_1 : Operation 4 [1/1] (0.00ns)   --->   "%p_phi = alloca i32 1"   --->   Operation 4 'alloca' 'p_phi' <Predicate = true> <Delay = 0.00>
ST_1 : Operation 5 [1/1] (0.00ns)   --->   "%i = alloca i32 1"   --->   Operation 5 'alloca' 'i' <Predicate = true> <Delay = 0.00>
ST_1 : Operation 6 [1/1] (0.00ns)   --->   "%query_data_32 = alloca i32 1"   --->   Operation 6 'alloca' 'query_data_32' <Predicate = true> <Delay = 0.00>
ST_1 : Operation 7 [1/1] (0.00ns)   --->   "%query_data_31 = alloca i32 1"   --->   Operation 7 'alloca' 'query_data_31' <Predicate = true> <Delay = 0.00>
ST_1 : Operation 8 [1/1] (0.00ns)   --->   "%query_data_33 = alloca i32 1"   --->   Operation 8 'alloca' 'query_data_33' <Predicate = true> <Delay = 0.00>
ST_1 : Operation 9 [1/1] (0.00ns)   --->   "%query_data_34 = alloca i32 1"   --->   Operation 9 'alloca' 'query_data_34' <Predicate = true> <Delay = 0.00>
ST_1 : Operation 10 [1/1] (0.00ns)   --->   "%query_data_35 = alloca i32 1"   --->   Operation 10 'alloca' 'query_data_35' <Predicate = true> <Delay = 0.00>
ST_1 : Operation 11 [1/1] (0.00ns)   --->   "%query_data_36 = alloca i32 1"   --->   Operation 11 'alloca' 'query_data_36' <Predicate = true> <Delay = 0.00>
ST_1 : Operation 12 [1/1] (0.00ns)   --->   "%query_data_37 = alloca i32 1"   --->   Operation 12 'alloca' 'query_data_37' <Predicate = true> <Delay = 0.00>
ST_1 : Operation 13 [1/1] (0.00ns)   --->   "%query_data_38 = alloca i32 1"   --->   Operation 13 'alloca' 'query_data_38' <Predicate = true> <Delay = 0.00>
ST_1 : Operation 14 [1/1] (0.00ns)   --->   "%query_data_39 = alloca i32 1"   --->   Operation 14 'alloca' 'query_data_39' <Predicate = true> <Delay = 0.00>
ST_1 : Operation 15 [1/1] (0.00ns)   --->   "%query_data_40 = alloca i32 1"   --->   Operation 15 'alloca' 'query_data_40' <Predicate = true> <Delay = 0.00>
ST_1 : Operation 16 [1/1] (0.00ns)   --->   "%query_data_41 = alloca i32 1"   --->   Operation 16 'alloca' 'query_data_41' <Predicate = true> <Delay = 0.00>
ST_1 : Operation 17 [1/1] (0.00ns)   --->   "%query_data_42 = alloca i32 1"   --->   Operation 17 'alloca' 'query_data_42' <Predicate = true> <Delay = 0.00>
ST_1 : Operation 18 [1/1] (0.00ns)   --->   "%query_data_43 = alloca i32 1"   --->   Operation 18 'alloca' 'query_data_43' <Predicate = true> <Delay = 0.00>
ST_1 : Operation 19 [1/1] (0.00ns)   --->   "%query_data_44 = alloca i32 1"   --->   Operation 19 'alloca' 'query_data_44' <Predicate = true> <Delay = 0.00>
ST_1 : Operation 20 [1/1] (0.00ns)   --->   "%query_data_45 = alloca i32 1"   --->   Operation 20 'alloca' 'query_data_45' <Predicate = true> <Delay = 0.00>
ST_1 : Operation 21 [1/1] (0.00ns)   --->   "%query_data_46 = alloca i32 1"   --->   Operation 21 'alloca' 'query_data_46' <Predicate = true> <Delay = 0.00>
ST_1 : Operation 22 [1/1] (0.00ns)   --->   "%query_data_47 = alloca i32 1"   --->   Operation 22 'alloca' 'query_data_47' <Predicate = true> <Delay = 0.00>
ST_1 : Operation 23 [1/1] (0.00ns)   --->   "%query_data_48 = alloca i32 1"   --->   Operation 23 'alloca' 'query_data_48' <Predicate = true> <Delay = 0.00>
ST_1 : Operation 24 [1/1] (0.00ns)   --->   "%query_data_49 = alloca i32 1"   --->   Operation 24 'alloca' 'query_data_49' <Predicate = true> <Delay = 0.00>
ST_1 : Operation 25 [1/1] (0.00ns)   --->   "%query_data_50 = alloca i32 1"   --->   Operation 25 'alloca' 'query_data_50' <Predicate = true> <Delay = 0.00>
ST_1 : Operation 26 [1/1] (0.00ns)   --->   "%query_data_51 = alloca i32 1"   --->   Operation 26 'alloca' 'query_data_51' <Predicate = true> <Delay = 0.00>
ST_1 : Operation 27 [1/1] (0.00ns)   --->   "%query_data_52 = alloca i32 1"   --->   Operation 27 'alloca' 'query_data_52' <Predicate = true> <Delay = 0.00>
ST_1 : Operation 28 [1/1] (0.00ns)   --->   "%query_data_53 = alloca i32 1"   --->   Operation 28 'alloca' 'query_data_53' <Predicate = true> <Delay = 0.00>
ST_1 : Operation 29 [1/1] (0.00ns)   --->   "%query_data_54 = alloca i32 1"   --->   Operation 29 'alloca' 'query_data_54' <Predicate = true> <Delay = 0.00>
ST_1 : Operation 30 [1/1] (0.00ns)   --->   "%query_data_55 = alloca i32 1"   --->   Operation 30 'alloca' 'query_data_55' <Predicate = true> <Delay = 0.00>
ST_1 : Operation 31 [1/1] (0.00ns)   --->   "%query_data_56 = alloca i32 1"   --->   Operation 31 'alloca' 'query_data_56' <Predicate = true> <Delay = 0.00>
ST_1 : Operation 32 [1/1] (0.00ns)   --->   "%query_data_57 = alloca i32 1"   --->   Operation 32 'alloca' 'query_data_57' <Predicate = true> <Delay = 0.00>
ST_1 : Operation 33 [1/1] (0.00ns)   --->   "%query_data_58 = alloca i32 1"   --->   Operation 33 'alloca' 'query_data_58' <Predicate = true> <Delay = 0.00>
ST_1 : Operation 34 [1/1] (0.00ns)   --->   "%query_data_59 = alloca i32 1"   --->   Operation 34 'alloca' 'query_data_59' <Predicate = true> <Delay = 0.00>
ST_1 : Operation 35 [1/1] (0.00ns)   --->   "%query_data_60 = alloca i32 1"   --->   Operation 35 'alloca' 'query_data_60' <Predicate = true> <Delay = 0.00>
ST_1 : Operation 36 [1/1] (0.00ns)   --->   "%tmp = alloca i32 1"   --->   Operation 36 'alloca' 'tmp' <Predicate = true> <Delay = 0.00>
ST_1 : Operation 37 [1/1] (0.00ns)   --->   "%specinterface_ln0 = specinterface void @_ssdm_op_SpecInterface, i8 %query_string_comp_0, void @empty_13, i32 0, i32 0, void @empty_11, i32 0, i32 0, void @empty_4, void @empty_4, void @empty_4, i32 0, i32 0, i32 0, i32 0, void @empty_4, void @empty_4, i32 4294967295, i32 0"   --->   Operation 37 'specinterface' 'specinterface_ln0' <Predicate = true> <Delay = 0.00>
ST_1 : Operation 38 [1/1] (0.00ns)   --->   "%query_data_1_read = read i8 @_ssdm_op_Read.ap_auto.i8, i8 %query_data_1"   --->   Operation 38 'read' 'query_data_1_read' <Predicate = true> <Delay = 0.00>
ST_1 : Operation 39 [1/1] (0.00ns)   --->   "%query_data_2_read = read i8 @_ssdm_op_Read.ap_auto.i8, i8 %query_data_2"   --->   Operation 39 'read' 'query_data_2_read' <Predicate = true> <Delay = 0.00>
ST_1 : Operation 40 [1/1] (0.00ns)   --->   "%query_data_3_read = read i8 @_ssdm_op_Read.ap_auto.i8, i8 %query_data_3"   --->   Operation 40 'read' 'query_data_3_read' <Predicate = true> <Delay = 0.00>
ST_1 : Operation 41 [1/1] (0.00ns)   --->   "%query_data_4_read = read i8 @_ssdm_op_Read.ap_auto.i8, i8 %query_data_4"   --->   Operation 41 'read' 'query_data_4_read' <Predicate = true> <Delay = 0.00>
ST_1 : Operation 42 [1/1] (0.00ns)   --->   "%query_data_5_read = read i8 @_ssdm_op_Read.ap_auto.i8, i8 %query_data_5"   --->   Operation 42 'read' 'query_data_5_read' <Predicate = true> <Delay = 0.00>
ST_1 : Operation 43 [1/1] (0.00ns)   --->   "%query_data_6_read = read i8 @_ssdm_op_Read.ap_auto.i8, i8 %query_data_6"   --->   Operation 43 'read' 'query_data_6_read' <Predicate = true> <Delay = 0.00>
ST_1 : Operation 44 [1/1] (0.00ns)   --->   "%query_data_7_read = read i8 @_ssdm_op_Read.ap_auto.i8, i8 %query_data_7"   --->   Operation 44 'read' 'query_data_7_read' <Predicate = true> <Delay = 0.00>
ST_1 : Operation 45 [1/1] (0.00ns)   --->   "%query_data_8_read = read i8 @_ssdm_op_Read.ap_auto.i8, i8 %query_data_8"   --->   Operation 45 'read' 'query_data_8_read' <Predicate = true> <Delay = 0.00>
ST_1 : Operation 46 [1/1] (0.00ns)   --->   "%query_data_9_read = read i8 @_ssdm_op_Read.ap_auto.i8, i8 %query_data_9"   --->   Operation 46 'read' 'query_data_9_read' <Predicate = true> <Delay = 0.00>
ST_1 : Operation 47 [1/1] (0.00ns)   --->   "%query_data_10_read = read i8 @_ssdm_op_Read.ap_auto.i8, i8 %query_data_10"   --->   Operation 47 'read' 'query_data_10_read' <Predicate = true> <Delay = 0.00>
ST_1 : Operation 48 [1/1] (0.00ns)   --->   "%query_data_11_read = read i8 @_ssdm_op_Read.ap_auto.i8, i8 %query_data_11"   --->   Operation 48 'read' 'query_data_11_read' <Predicate = true> <Delay = 0.00>
ST_1 : Operation 49 [1/1] (0.00ns)   --->   "%query_data_12_read = read i8 @_ssdm_op_Read.ap_auto.i8, i8 %query_data_12"   --->   Operation 49 'read' 'query_data_12_read' <Predicate = true> <Delay = 0.00>
ST_1 : Operation 50 [1/1] (0.00ns)   --->   "%query_data_13_read = read i8 @_ssdm_op_Read.ap_auto.i8, i8 %query_data_13"   --->   Operation 50 'read' 'query_data_13_read' <Predicate = true> <Delay = 0.00>
ST_1 : Operation 51 [1/1] (0.00ns)   --->   "%query_data_14_read = read i8 @_ssdm_op_Read.ap_auto.i8, i8 %query_data_14"   --->   Operation 51 'read' 'query_data_14_read' <Predicate = true> <Delay = 0.00>
ST_1 : Operation 52 [1/1] (0.00ns)   --->   "%query_data_15_read = read i8 @_ssdm_op_Read.ap_auto.i8, i8 %query_data_15"   --->   Operation 52 'read' 'query_data_15_read' <Predicate = true> <Delay = 0.00>
ST_1 : Operation 53 [1/1] (0.00ns)   --->   "%query_data_16_read = read i8 @_ssdm_op_Read.ap_auto.i8, i8 %query_data_16"   --->   Operation 53 'read' 'query_data_16_read' <Predicate = true> <Delay = 0.00>
ST_1 : Operation 54 [1/1] (0.00ns)   --->   "%query_data_17_read = read i8 @_ssdm_op_Read.ap_auto.i8, i8 %query_data_17"   --->   Operation 54 'read' 'query_data_17_read' <Predicate = true> <Delay = 0.00>
ST_1 : Operation 55 [1/1] (0.00ns)   --->   "%query_data_18_read = read i8 @_ssdm_op_Read.ap_auto.i8, i8 %query_data_18"   --->   Operation 55 'read' 'query_data_18_read' <Predicate = true> <Delay = 0.00>
ST_1 : Operation 56 [1/1] (0.00ns)   --->   "%query_data_19_read = read i8 @_ssdm_op_Read.ap_auto.i8, i8 %query_data_19"   --->   Operation 56 'read' 'query_data_19_read' <Predicate = true> <Delay = 0.00>
ST_1 : Operation 57 [1/1] (0.00ns)   --->   "%query_data_20_read = read i8 @_ssdm_op_Read.ap_auto.i8, i8 %query_data_20"   --->   Operation 57 'read' 'query_data_20_read' <Predicate = true> <Delay = 0.00>
ST_1 : Operation 58 [1/1] (0.00ns)   --->   "%query_data_21_read = read i8 @_ssdm_op_Read.ap_auto.i8, i8 %query_data_21"   --->   Operation 58 'read' 'query_data_21_read' <Predicate = true> <Delay = 0.00>
ST_1 : Operation 59 [1/1] (0.00ns)   --->   "%query_data_22_read = read i8 @_ssdm_op_Read.ap_auto.i8, i8 %query_data_22"   --->   Operation 59 'read' 'query_data_22_read' <Predicate = true> <Delay = 0.00>
ST_1 : Operation 60 [1/1] (0.00ns)   --->   "%query_data_23_read = read i8 @_ssdm_op_Read.ap_auto.i8, i8 %query_data_23"   --->   Operation 60 'read' 'query_data_23_read' <Predicate = true> <Delay = 0.00>
ST_1 : Operation 61 [1/1] (0.00ns)   --->   "%query_data_24_read = read i8 @_ssdm_op_Read.ap_auto.i8, i8 %query_data_24"   --->   Operation 61 'read' 'query_data_24_read' <Predicate = true> <Delay = 0.00>
ST_1 : Operation 62 [1/1] (0.00ns)   --->   "%query_data_25_read = read i8 @_ssdm_op_Read.ap_auto.i8, i8 %query_data_25"   --->   Operation 62 'read' 'query_data_25_read' <Predicate = true> <Delay = 0.00>
ST_1 : Operation 63 [1/1] (0.00ns)   --->   "%query_data_26_read = read i8 @_ssdm_op_Read.ap_auto.i8, i8 %query_data_26"   --->   Operation 63 'read' 'query_data_26_read' <Predicate = true> <Delay = 0.00>
ST_1 : Operation 64 [1/1] (0.00ns)   --->   "%query_data_27_read = read i8 @_ssdm_op_Read.ap_auto.i8, i8 %query_data_27"   --->   Operation 64 'read' 'query_data_27_read' <Predicate = true> <Delay = 0.00>
ST_1 : Operation 65 [1/1] (0.00ns)   --->   "%query_data_28_read = read i8 @_ssdm_op_Read.ap_auto.i8, i8 %query_data_28"   --->   Operation 65 'read' 'query_data_28_read' <Predicate = true> <Delay = 0.00>
ST_1 : Operation 66 [1/1] (0.00ns)   --->   "%query_data_29_read = read i8 @_ssdm_op_Read.ap_auto.i8, i8 %query_data_29"   --->   Operation 66 'read' 'query_data_29_read' <Predicate = true> <Delay = 0.00>
ST_1 : Operation 67 [1/1] (0.00ns)   --->   "%query_data_30_read = read i8 @_ssdm_op_Read.ap_auto.i8, i8 %query_data_30"   --->   Operation 67 'read' 'query_data_30_read' <Predicate = true> <Delay = 0.00>
ST_1 : Operation 68 [1/1] (0.00ns)   --->   "%query_data_read = read i8 @_ssdm_op_Read.ap_auto.i8, i8 %query_data"   --->   Operation 68 'read' 'query_data_read' <Predicate = true> <Delay = 0.00>
ST_1 : Operation 69 [1/1] (0.42ns)   --->   "%store_ln0 = store i8 %query_data_read, i8 %tmp"   --->   Operation 69 'store' 'store_ln0' <Predicate = true> <Delay = 0.42>
ST_1 : Operation 70 [1/1] (0.42ns)   --->   "%store_ln0 = store i8 %query_data_30_read, i8 %query_data_60"   --->   Operation 70 'store' 'store_ln0' <Predicate = true> <Delay = 0.42>
ST_1 : Operation 71 [1/1] (0.42ns)   --->   "%store_ln0 = store i8 %query_data_29_read, i8 %query_data_59"   --->   Operation 71 'store' 'store_ln0' <Predicate = true> <Delay = 0.42>
ST_1 : Operation 72 [1/1] (0.42ns)   --->   "%store_ln0 = store i8 %query_data_28_read, i8 %query_data_58"   --->   Operation 72 'store' 'store_ln0' <Predicate = true> <Delay = 0.42>
ST_1 : Operation 73 [1/1] (0.42ns)   --->   "%store_ln0 = store i8 %query_data_27_read, i8 %query_data_57"   --->   Operation 73 'store' 'store_ln0' <Predicate = true> <Delay = 0.42>
ST_1 : Operation 74 [1/1] (0.42ns)   --->   "%store_ln0 = store i8 %query_data_26_read, i8 %query_data_56"   --->   Operation 74 'store' 'store_ln0' <Predicate = true> <Delay = 0.42>
ST_1 : Operation 75 [1/1] (0.42ns)   --->   "%store_ln0 = store i8 %query_data_25_read, i8 %query_data_55"   --->   Operation 75 'store' 'store_ln0' <Predicate = true> <Delay = 0.42>
ST_1 : Operation 76 [1/1] (0.42ns)   --->   "%store_ln0 = store i8 %query_data_24_read, i8 %query_data_54"   --->   Operation 76 'store' 'store_ln0' <Predicate = true> <Delay = 0.42>
ST_1 : Operation 77 [1/1] (0.42ns)   --->   "%store_ln0 = store i8 %query_data_23_read, i8 %query_data_53"   --->   Operation 77 'store' 'store_ln0' <Predicate = true> <Delay = 0.42>
ST_1 : Operation 78 [1/1] (0.42ns)   --->   "%store_ln0 = store i8 %query_data_22_read, i8 %query_data_52"   --->   Operation 78 'store' 'store_ln0' <Predicate = true> <Delay = 0.42>
ST_1 : Operation 79 [1/1] (0.42ns)   --->   "%store_ln0 = store i8 %query_data_21_read, i8 %query_data_51"   --->   Operation 79 'store' 'store_ln0' <Predicate = true> <Delay = 0.42>
ST_1 : Operation 80 [1/1] (0.42ns)   --->   "%store_ln0 = store i8 %query_data_20_read, i8 %query_data_50"   --->   Operation 80 'store' 'store_ln0' <Predicate = true> <Delay = 0.42>
ST_1 : Operation 81 [1/1] (0.42ns)   --->   "%store_ln0 = store i8 %query_data_19_read, i8 %query_data_49"   --->   Operation 81 'store' 'store_ln0' <Predicate = true> <Delay = 0.42>
ST_1 : Operation 82 [1/1] (0.42ns)   --->   "%store_ln0 = store i8 %query_data_18_read, i8 %query_data_48"   --->   Operation 82 'store' 'store_ln0' <Predicate = true> <Delay = 0.42>
ST_1 : Operation 83 [1/1] (0.42ns)   --->   "%store_ln0 = store i8 %query_data_17_read, i8 %query_data_47"   --->   Operation 83 'store' 'store_ln0' <Predicate = true> <Delay = 0.42>
ST_1 : Operation 84 [1/1] (0.42ns)   --->   "%store_ln0 = store i8 %query_data_16_read, i8 %query_data_46"   --->   Operation 84 'store' 'store_ln0' <Predicate = true> <Delay = 0.42>
ST_1 : Operation 85 [1/1] (0.42ns)   --->   "%store_ln0 = store i8 %query_data_15_read, i8 %query_data_45"   --->   Operation 85 'store' 'store_ln0' <Predicate = true> <Delay = 0.42>
ST_1 : Operation 86 [1/1] (0.42ns)   --->   "%store_ln0 = store i8 %query_data_14_read, i8 %query_data_44"   --->   Operation 86 'store' 'store_ln0' <Predicate = true> <Delay = 0.42>
ST_1 : Operation 87 [1/1] (0.42ns)   --->   "%store_ln0 = store i8 %query_data_13_read, i8 %query_data_43"   --->   Operation 87 'store' 'store_ln0' <Predicate = true> <Delay = 0.42>
ST_1 : Operation 88 [1/1] (0.42ns)   --->   "%store_ln0 = store i8 %query_data_12_read, i8 %query_data_42"   --->   Operation 88 'store' 'store_ln0' <Predicate = true> <Delay = 0.42>
ST_1 : Operation 89 [1/1] (0.42ns)   --->   "%store_ln0 = store i8 %query_data_11_read, i8 %query_data_41"   --->   Operation 89 'store' 'store_ln0' <Predicate = true> <Delay = 0.42>
ST_1 : Operation 90 [1/1] (0.42ns)   --->   "%store_ln0 = store i8 %query_data_10_read, i8 %query_data_40"   --->   Operation 90 'store' 'store_ln0' <Predicate = true> <Delay = 0.42>
ST_1 : Operation 91 [1/1] (0.42ns)   --->   "%store_ln0 = store i8 %query_data_9_read, i8 %query_data_39"   --->   Operation 91 'store' 'store_ln0' <Predicate = true> <Delay = 0.42>
ST_1 : Operation 92 [1/1] (0.42ns)   --->   "%store_ln0 = store i8 %query_data_8_read, i8 %query_data_38"   --->   Operation 92 'store' 'store_ln0' <Predicate = true> <Delay = 0.42>
ST_1 : Operation 93 [1/1] (0.42ns)   --->   "%store_ln0 = store i8 %query_data_7_read, i8 %query_data_37"   --->   Operation 93 'store' 'store_ln0' <Predicate = true> <Delay = 0.42>
ST_1 : Operation 94 [1/1] (0.42ns)   --->   "%store_ln0 = store i8 %query_data_6_read, i8 %query_data_36"   --->   Operation 94 'store' 'store_ln0' <Predicate = true> <Delay = 0.42>
ST_1 : Operation 95 [1/1] (0.42ns)   --->   "%store_ln0 = store i8 %query_data_5_read, i8 %query_data_35"   --->   Operation 95 'store' 'store_ln0' <Predicate = true> <Delay = 0.42>
ST_1 : Operation 96 [1/1] (0.42ns)   --->   "%store_ln0 = store i8 %query_data_4_read, i8 %query_data_34"   --->   Operation 96 'store' 'store_ln0' <Predicate = true> <Delay = 0.42>
ST_1 : Operation 97 [1/1] (0.42ns)   --->   "%store_ln0 = store i8 %query_data_3_read, i8 %query_data_33"   --->   Operation 97 'store' 'store_ln0' <Predicate = true> <Delay = 0.42>
ST_1 : Operation 98 [1/1] (0.42ns)   --->   "%store_ln0 = store i8 %query_data_2_read, i8 %query_data_31"   --->   Operation 98 'store' 'store_ln0' <Predicate = true> <Delay = 0.42>
ST_1 : Operation 99 [1/1] (0.42ns)   --->   "%store_ln0 = store i8 %query_data_1_read, i8 %query_data_32"   --->   Operation 99 'store' 'store_ln0' <Predicate = true> <Delay = 0.42>
ST_1 : Operation 100 [1/1] (0.42ns)   --->   "%store_ln0 = store i6 0, i6 %i"   --->   Operation 100 'store' 'store_ln0' <Predicate = true> <Delay = 0.42>
ST_1 : Operation 101 [1/1] (0.00ns)   --->   "%br_ln0 = br void %for.inc126"   --->   Operation 101 'br' 'br_ln0' <Predicate = true> <Delay = 0.00>

State 2 <SV = 1> <Delay = 1.21>
ST_2 : Operation 102 [1/1] (0.00ns)   --->   "%i_1 = load i6 %i" [seq_align_multiple.cpp:1421]   --->   Operation 102 'load' 'i_1' <Predicate = true> <Delay = 0.00>
ST_2 : Operation 103 [1/1] (0.00ns)   --->   "%query_data_32_load = load i8 %query_data_32"   --->   Operation 103 'load' 'query_data_32_load' <Predicate = true> <Delay = 0.00>
ST_2 : Operation 104 [1/1] (0.00ns)   --->   "%query_data_31_load = load i8 %query_data_31"   --->   Operation 104 'load' 'query_data_31_load' <Predicate = true> <Delay = 0.00>
ST_2 : Operation 105 [1/1] (0.00ns)   --->   "%query_data_33_load = load i8 %query_data_33"   --->   Operation 105 'load' 'query_data_33_load' <Predicate = true> <Delay = 0.00>
ST_2 : Operation 106 [1/1] (0.00ns)   --->   "%query_data_34_load = load i8 %query_data_34"   --->   Operation 106 'load' 'query_data_34_load' <Predicate = true> <Delay = 0.00>
ST_2 : Operation 107 [1/1] (0.00ns)   --->   "%query_data_35_load = load i8 %query_data_35"   --->   Operation 107 'load' 'query_data_35_load' <Predicate = true> <Delay = 0.00>
ST_2 : Operation 108 [1/1] (0.00ns)   --->   "%query_data_36_load = load i8 %query_data_36"   --->   Operation 108 'load' 'query_data_36_load' <Predicate = true> <Delay = 0.00>
ST_2 : Operation 109 [1/1] (0.00ns)   --->   "%query_data_37_load = load i8 %query_data_37"   --->   Operation 109 'load' 'query_data_37_load' <Predicate = true> <Delay = 0.00>
ST_2 : Operation 110 [1/1] (0.00ns)   --->   "%query_data_38_load = load i8 %query_data_38"   --->   Operation 110 'load' 'query_data_38_load' <Predicate = true> <Delay = 0.00>
ST_2 : Operation 111 [1/1] (0.00ns)   --->   "%query_data_39_load = load i8 %query_data_39"   --->   Operation 111 'load' 'query_data_39_load' <Predicate = true> <Delay = 0.00>
ST_2 : Operation 112 [1/1] (0.00ns)   --->   "%query_data_40_load = load i8 %query_data_40"   --->   Operation 112 'load' 'query_data_40_load' <Predicate = true> <Delay = 0.00>
ST_2 : Operation 113 [1/1] (0.00ns)   --->   "%query_data_41_load = load i8 %query_data_41"   --->   Operation 113 'load' 'query_data_41_load' <Predicate = true> <Delay = 0.00>
ST_2 : Operation 114 [1/1] (0.00ns)   --->   "%query_data_42_load = load i8 %query_data_42"   --->   Operation 114 'load' 'query_data_42_load' <Predicate = true> <Delay = 0.00>
ST_2 : Operation 115 [1/1] (0.00ns)   --->   "%query_data_43_load = load i8 %query_data_43"   --->   Operation 115 'load' 'query_data_43_load' <Predicate = true> <Delay = 0.00>
ST_2 : Operation 116 [1/1] (0.00ns)   --->   "%query_data_44_load = load i8 %query_data_44"   --->   Operation 116 'load' 'query_data_44_load' <Predicate = true> <Delay = 0.00>
ST_2 : Operation 117 [1/1] (0.00ns)   --->   "%query_data_45_load = load i8 %query_data_45"   --->   Operation 117 'load' 'query_data_45_load' <Predicate = true> <Delay = 0.00>
ST_2 : Operation 118 [1/1] (0.00ns)   --->   "%query_data_46_load = load i8 %query_data_46"   --->   Operation 118 'load' 'query_data_46_load' <Predicate = true> <Delay = 0.00>
ST_2 : Operation 119 [1/1] (0.00ns)   --->   "%query_data_47_load = load i8 %query_data_47"   --->   Operation 119 'load' 'query_data_47_load' <Predicate = true> <Delay = 0.00>
ST_2 : Operation 120 [1/1] (0.00ns)   --->   "%query_data_48_load = load i8 %query_data_48"   --->   Operation 120 'load' 'query_data_48_load' <Predicate = true> <Delay = 0.00>
ST_2 : Operation 121 [1/1] (0.00ns)   --->   "%query_data_49_load = load i8 %query_data_49"   --->   Operation 121 'load' 'query_data_49_load' <Predicate = true> <Delay = 0.00>
ST_2 : Operation 122 [1/1] (0.00ns)   --->   "%query_data_50_load = load i8 %query_data_50"   --->   Operation 122 'load' 'query_data_50_load' <Predicate = true> <Delay = 0.00>
ST_2 : Operation 123 [1/1] (0.00ns)   --->   "%query_data_51_load = load i8 %query_data_51"   --->   Operation 123 'load' 'query_data_51_load' <Predicate = true> <Delay = 0.00>
ST_2 : Operation 124 [1/1] (0.00ns)   --->   "%query_data_52_load = load i8 %query_data_52"   --->   Operation 124 'load' 'query_data_52_load' <Predicate = true> <Delay = 0.00>
ST_2 : Operation 125 [1/1] (0.00ns)   --->   "%query_data_53_load = load i8 %query_data_53"   --->   Operation 125 'load' 'query_data_53_load' <Predicate = true> <Delay = 0.00>
ST_2 : Operation 126 [1/1] (0.00ns)   --->   "%query_data_54_load = load i8 %query_data_54"   --->   Operation 126 'load' 'query_data_54_load' <Predicate = true> <Delay = 0.00>
ST_2 : Operation 127 [1/1] (0.00ns)   --->   "%query_data_55_load = load i8 %query_data_55"   --->   Operation 127 'load' 'query_data_55_load' <Predicate = true> <Delay = 0.00>
ST_2 : Operation 128 [1/1] (0.00ns)   --->   "%query_data_56_load = load i8 %query_data_56"   --->   Operation 128 'load' 'query_data_56_load' <Predicate = true> <Delay = 0.00>
ST_2 : Operation 129 [1/1] (0.00ns)   --->   "%query_data_57_load = load i8 %query_data_57"   --->   Operation 129 'load' 'query_data_57_load' <Predicate = true> <Delay = 0.00>
ST_2 : Operation 130 [1/1] (0.00ns)   --->   "%query_data_58_load = load i8 %query_data_58"   --->   Operation 130 'load' 'query_data_58_load' <Predicate = true> <Delay = 0.00>
ST_2 : Operation 131 [1/1] (0.00ns)   --->   "%query_data_59_load = load i8 %query_data_59"   --->   Operation 131 'load' 'query_data_59_load' <Predicate = true> <Delay = 0.00>
ST_2 : Operation 132 [1/1] (0.00ns)   --->   "%query_data_60_load = load i8 %query_data_60"   --->   Operation 132 'load' 'query_data_60_load' <Predicate = true> <Delay = 0.00>
ST_2 : Operation 133 [1/1] (0.00ns)   --->   "%query_data_61_load = load i8 %tmp"   --->   Operation 133 'load' 'query_data_61_load' <Predicate = true> <Delay = 0.00>
ST_2 : Operation 134 [1/1] (0.78ns)   --->   "%icmp_ln1421 = icmp_eq  i6 %i_1, i6 32" [seq_align_multiple.cpp:1421]   --->   Operation 134 'icmp' 'icmp_ln1421' <Predicate = true> <Delay = 0.78> <CoreInst = "Cmp">   --->   Core 9 'Cmp' <Latency = 0> <II = 1> <Delay = 0.78> <FuncUnit> <Opcode : 'icmp'> <InPorts = 2> <OutPorts = 1>
ST_2 : Operation 135 [1/1] (0.00ns)   --->   "%empty = speclooptripcount i32 @_ssdm_op_SpecLoopTripCount, i64 32, i64 32, i64 32"   --->   Operation 135 'speclooptripcount' 'empty' <Predicate = true> <Delay = 0.00>
ST_2 : Operation 136 [1/1] (0.78ns)   --->   "%i_2 = add i6 %i_1, i6 1" [seq_align_multiple.cpp:1421]   --->   Operation 136 'add' 'i_2' <Predicate = true> <Delay = 0.78> <CoreInst = "Adder">   --->   Core 1 'Adder' <Latency = 0> <II = 1> <Delay = 0.78> <FuncUnit> <Opcode : 'add' 'sub'> <InPorts = 2> <OutPorts = 1>
ST_2 : Operation 137 [1/1] (0.00ns)   --->   "%br_ln1421 = br i1 %icmp_ln1421, void %for.inc126.split, void %kernel1.exitStub" [seq_align_multiple.cpp:1421]   --->   Operation 137 'br' 'br_ln1421' <Predicate = true> <Delay = 0.00>
ST_2 : Operation 138 [1/1] (0.00ns)   --->   "%specpipeline_ln1423 = specpipeline void @_ssdm_op_SpecPipeline, i32 1, i32 0, i32 0, i32 0, void @empty_4" [seq_align_multiple.cpp:1423]   --->   Operation 138 'specpipeline' 'specpipeline_ln1423' <Predicate = (!icmp_ln1421)> <Delay = 0.00>
ST_2 : Operation 139 [1/1] (0.00ns)   --->   "%specloopname_ln0 = specloopname void @_ssdm_op_SpecLoopName, void @empty_10" [/home/AD.UCSD.EDU/swalia/xilinx/vitis/Vitis_HLS/2022.1/common/technology/autopilot/hls_stream_39.h:0]   --->   Operation 139 'specloopname' 'specloopname_ln0' <Predicate = (!icmp_ln1421)> <Delay = 0.00>
ST_2 : Operation 140 [1/1] (0.00ns)   --->   "%tmp_214 = read i8 @_ssdm_op_Read.axis.volatile.i8P128A, i8 %query_string_comp_0" [/home/AD.UCSD.EDU/swalia/xilinx/vitis/Vitis_HLS/2022.1/common/technology/autopilot/hls_stream_39.h:145]   --->   Operation 140 'read' 'tmp_214' <Predicate = (!icmp_ln1421)> <Delay = 0.00> <CoreInst = "axis">   --->   Core 123 'axis' <Latency = 0> <II = 1> <Delay = 1.00> <Adapter> <Opcode : >
ST_2 : Operation 141 [1/1] (0.42ns)   --->   "%store_ln1421 = store i8 %tmp_214, i8 %tmp" [seq_align_multiple.cpp:1421]   --->   Operation 141 'store' 'store_ln1421' <Predicate = (!icmp_ln1421)> <Delay = 0.42>
ST_2 : Operation 142 [1/1] (0.42ns)   --->   "%store_ln1421 = store i8 %query_data_61_load, i8 %query_data_60" [seq_align_multiple.cpp:1421]   --->   Operation 142 'store' 'store_ln1421' <Predicate = (!icmp_ln1421)> <Delay = 0.42>
ST_2 : Operation 143 [1/1] (0.42ns)   --->   "%store_ln1421 = store i8 %query_data_60_load, i8 %query_data_59" [seq_align_multiple.cpp:1421]   --->   Operation 143 'store' 'store_ln1421' <Predicate = (!icmp_ln1421)> <Delay = 0.42>
ST_2 : Operation 144 [1/1] (0.42ns)   --->   "%store_ln1421 = store i8 %query_data_59_load, i8 %query_data_58" [seq_align_multiple.cpp:1421]   --->   Operation 144 'store' 'store_ln1421' <Predicate = (!icmp_ln1421)> <Delay = 0.42>
ST_2 : Operation 145 [1/1] (0.42ns)   --->   "%store_ln1421 = store i8 %query_data_58_load, i8 %query_data_57" [seq_align_multiple.cpp:1421]   --->   Operation 145 'store' 'store_ln1421' <Predicate = (!icmp_ln1421)> <Delay = 0.42>
ST_2 : Operation 146 [1/1] (0.42ns)   --->   "%store_ln1421 = store i8 %query_data_57_load, i8 %query_data_56" [seq_align_multiple.cpp:1421]   --->   Operation 146 'store' 'store_ln1421' <Predicate = (!icmp_ln1421)> <Delay = 0.42>
ST_2 : Operation 147 [1/1] (0.42ns)   --->   "%store_ln1421 = store i8 %query_data_56_load, i8 %query_data_55" [seq_align_multiple.cpp:1421]   --->   Operation 147 'store' 'store_ln1421' <Predicate = (!icmp_ln1421)> <Delay = 0.42>
ST_2 : Operation 148 [1/1] (0.42ns)   --->   "%store_ln1421 = store i8 %query_data_55_load, i8 %query_data_54" [seq_align_multiple.cpp:1421]   --->   Operation 148 'store' 'store_ln1421' <Predicate = (!icmp_ln1421)> <Delay = 0.42>
ST_2 : Operation 149 [1/1] (0.42ns)   --->   "%store_ln1421 = store i8 %query_data_54_load, i8 %query_data_53" [seq_align_multiple.cpp:1421]   --->   Operation 149 'store' 'store_ln1421' <Predicate = (!icmp_ln1421)> <Delay = 0.42>
ST_2 : Operation 150 [1/1] (0.42ns)   --->   "%store_ln1421 = store i8 %query_data_53_load, i8 %query_data_52" [seq_align_multiple.cpp:1421]   --->   Operation 150 'store' 'store_ln1421' <Predicate = (!icmp_ln1421)> <Delay = 0.42>
ST_2 : Operation 151 [1/1] (0.42ns)   --->   "%store_ln1421 = store i8 %query_data_52_load, i8 %query_data_51" [seq_align_multiple.cpp:1421]   --->   Operation 151 'store' 'store_ln1421' <Predicate = (!icmp_ln1421)> <Delay = 0.42>
ST_2 : Operation 152 [1/1] (0.42ns)   --->   "%store_ln1421 = store i8 %query_data_51_load, i8 %query_data_50" [seq_align_multiple.cpp:1421]   --->   Operation 152 'store' 'store_ln1421' <Predicate = (!icmp_ln1421)> <Delay = 0.42>
ST_2 : Operation 153 [1/1] (0.42ns)   --->   "%store_ln1421 = store i8 %query_data_50_load, i8 %query_data_49" [seq_align_multiple.cpp:1421]   --->   Operation 153 'store' 'store_ln1421' <Predicate = (!icmp_ln1421)> <Delay = 0.42>
ST_2 : Operation 154 [1/1] (0.42ns)   --->   "%store_ln1421 = store i8 %query_data_49_load, i8 %query_data_48" [seq_align_multiple.cpp:1421]   --->   Operation 154 'store' 'store_ln1421' <Predicate = (!icmp_ln1421)> <Delay = 0.42>
ST_2 : Operation 155 [1/1] (0.42ns)   --->   "%store_ln1421 = store i8 %query_data_48_load, i8 %query_data_47" [seq_align_multiple.cpp:1421]   --->   Operation 155 'store' 'store_ln1421' <Predicate = (!icmp_ln1421)> <Delay = 0.42>
ST_2 : Operation 156 [1/1] (0.42ns)   --->   "%store_ln1421 = store i8 %query_data_47_load, i8 %query_data_46" [seq_align_multiple.cpp:1421]   --->   Operation 156 'store' 'store_ln1421' <Predicate = (!icmp_ln1421)> <Delay = 0.42>
ST_2 : Operation 157 [1/1] (0.42ns)   --->   "%store_ln1421 = store i8 %query_data_46_load, i8 %query_data_45" [seq_align_multiple.cpp:1421]   --->   Operation 157 'store' 'store_ln1421' <Predicate = (!icmp_ln1421)> <Delay = 0.42>
ST_2 : Operation 158 [1/1] (0.42ns)   --->   "%store_ln1421 = store i8 %query_data_45_load, i8 %query_data_44" [seq_align_multiple.cpp:1421]   --->   Operation 158 'store' 'store_ln1421' <Predicate = (!icmp_ln1421)> <Delay = 0.42>
ST_2 : Operation 159 [1/1] (0.42ns)   --->   "%store_ln1421 = store i8 %query_data_44_load, i8 %query_data_43" [seq_align_multiple.cpp:1421]   --->   Operation 159 'store' 'store_ln1421' <Predicate = (!icmp_ln1421)> <Delay = 0.42>
ST_2 : Operation 160 [1/1] (0.42ns)   --->   "%store_ln1421 = store i8 %query_data_43_load, i8 %query_data_42" [seq_align_multiple.cpp:1421]   --->   Operation 160 'store' 'store_ln1421' <Predicate = (!icmp_ln1421)> <Delay = 0.42>
ST_2 : Operation 161 [1/1] (0.42ns)   --->   "%store_ln1421 = store i8 %query_data_42_load, i8 %query_data_41" [seq_align_multiple.cpp:1421]   --->   Operation 161 'store' 'store_ln1421' <Predicate = (!icmp_ln1421)> <Delay = 0.42>
ST_2 : Operation 162 [1/1] (0.42ns)   --->   "%store_ln1421 = store i8 %query_data_41_load, i8 %query_data_40" [seq_align_multiple.cpp:1421]   --->   Operation 162 'store' 'store_ln1421' <Predicate = (!icmp_ln1421)> <Delay = 0.42>
ST_2 : Operation 163 [1/1] (0.42ns)   --->   "%store_ln1421 = store i8 %query_data_40_load, i8 %query_data_39" [seq_align_multiple.cpp:1421]   --->   Operation 163 'store' 'store_ln1421' <Predicate = (!icmp_ln1421)> <Delay = 0.42>
ST_2 : Operation 164 [1/1] (0.42ns)   --->   "%store_ln1421 = store i8 %query_data_39_load, i8 %query_data_38" [seq_align_multiple.cpp:1421]   --->   Operation 164 'store' 'store_ln1421' <Predicate = (!icmp_ln1421)> <Delay = 0.42>
ST_2 : Operation 165 [1/1] (0.42ns)   --->   "%store_ln1421 = store i8 %query_data_38_load, i8 %query_data_37" [seq_align_multiple.cpp:1421]   --->   Operation 165 'store' 'store_ln1421' <Predicate = (!icmp_ln1421)> <Delay = 0.42>
ST_2 : Operation 166 [1/1] (0.42ns)   --->   "%store_ln1421 = store i8 %query_data_37_load, i8 %query_data_36" [seq_align_multiple.cpp:1421]   --->   Operation 166 'store' 'store_ln1421' <Predicate = (!icmp_ln1421)> <Delay = 0.42>
ST_2 : Operation 167 [1/1] (0.42ns)   --->   "%store_ln1421 = store i8 %query_data_36_load, i8 %query_data_35" [seq_align_multiple.cpp:1421]   --->   Operation 167 'store' 'store_ln1421' <Predicate = (!icmp_ln1421)> <Delay = 0.42>
ST_2 : Operation 168 [1/1] (0.42ns)   --->   "%store_ln1421 = store i8 %query_data_35_load, i8 %query_data_34" [seq_align_multiple.cpp:1421]   --->   Operation 168 'store' 'store_ln1421' <Predicate = (!icmp_ln1421)> <Delay = 0.42>
ST_2 : Operation 169 [1/1] (0.42ns)   --->   "%store_ln1421 = store i8 %query_data_34_load, i8 %query_data_33" [seq_align_multiple.cpp:1421]   --->   Operation 169 'store' 'store_ln1421' <Predicate = (!icmp_ln1421)> <Delay = 0.42>
ST_2 : Operation 170 [1/1] (0.42ns)   --->   "%store_ln1421 = store i8 %query_data_33_load, i8 %query_data_31" [seq_align_multiple.cpp:1421]   --->   Operation 170 'store' 'store_ln1421' <Predicate = (!icmp_ln1421)> <Delay = 0.42>
ST_2 : Operation 171 [1/1] (0.42ns)   --->   "%store_ln1421 = store i8 %query_data_31_load, i8 %query_data_32" [seq_align_multiple.cpp:1421]   --->   Operation 171 'store' 'store_ln1421' <Predicate = (!icmp_ln1421)> <Delay = 0.42>
ST_2 : Operation 172 [1/1] (0.42ns)   --->   "%store_ln1421 = store i6 %i_2, i6 %i" [seq_align_multiple.cpp:1421]   --->   Operation 172 'store' 'store_ln1421' <Predicate = (!icmp_ln1421)> <Delay = 0.42>
ST_2 : Operation 173 [1/1] (0.00ns)   --->   "%store_ln1421 = store i8 %query_data_32_load, i8 %p_phi" [seq_align_multiple.cpp:1421]   --->   Operation 173 'store' 'store_ln1421' <Predicate = (!icmp_ln1421)> <Delay = 0.00>
ST_2 : Operation 174 [1/1] (0.00ns)   --->   "%br_ln1421 = br void %for.inc126" [seq_align_multiple.cpp:1421]   --->   Operation 174 'br' 'br_ln1421' <Predicate = (!icmp_ln1421)> <Delay = 0.00>
ST_2 : Operation 175 [1/1] (0.00ns)   --->   "%p_phi_load = load i8 %p_phi"   --->   Operation 175 'load' 'p_phi_load' <Predicate = (icmp_ln1421)> <Delay = 0.00>
ST_2 : Operation 176 [1/1] (0.00ns)   --->   "%write_ln0 = write void @_ssdm_op_Write.ap_auto.i8P0A, i8 %query_data_61_out, i8 %query_data_61_load"   --->   Operation 176 'write' 'write_ln0' <Predicate = (icmp_ln1421)> <Delay = 0.00>
ST_2 : Operation 177 [1/1] (0.00ns)   --->   "%write_ln0 = write void @_ssdm_op_Write.ap_auto.i8P0A, i8 %query_data_60_out, i8 %query_data_60_load"   --->   Operation 177 'write' 'write_ln0' <Predicate = (icmp_ln1421)> <Delay = 0.00>
ST_2 : Operation 178 [1/1] (0.00ns)   --->   "%write_ln0 = write void @_ssdm_op_Write.ap_auto.i8P0A, i8 %query_data_59_out, i8 %query_data_59_load"   --->   Operation 178 'write' 'write_ln0' <Predicate = (icmp_ln1421)> <Delay = 0.00>
ST_2 : Operation 179 [1/1] (0.00ns)   --->   "%write_ln0 = write void @_ssdm_op_Write.ap_auto.i8P0A, i8 %query_data_58_out, i8 %query_data_58_load"   --->   Operation 179 'write' 'write_ln0' <Predicate = (icmp_ln1421)> <Delay = 0.00>
ST_2 : Operation 180 [1/1] (0.00ns)   --->   "%write_ln0 = write void @_ssdm_op_Write.ap_auto.i8P0A, i8 %query_data_57_out, i8 %query_data_57_load"   --->   Operation 180 'write' 'write_ln0' <Predicate = (icmp_ln1421)> <Delay = 0.00>
ST_2 : Operation 181 [1/1] (0.00ns)   --->   "%write_ln0 = write void @_ssdm_op_Write.ap_auto.i8P0A, i8 %query_data_56_out, i8 %query_data_56_load"   --->   Operation 181 'write' 'write_ln0' <Predicate = (icmp_ln1421)> <Delay = 0.00>
ST_2 : Operation 182 [1/1] (0.00ns)   --->   "%write_ln0 = write void @_ssdm_op_Write.ap_auto.i8P0A, i8 %query_data_55_out, i8 %query_data_55_load"   --->   Operation 182 'write' 'write_ln0' <Predicate = (icmp_ln1421)> <Delay = 0.00>
ST_2 : Operation 183 [1/1] (0.00ns)   --->   "%write_ln0 = write void @_ssdm_op_Write.ap_auto.i8P0A, i8 %query_data_54_out, i8 %query_data_54_load"   --->   Operation 183 'write' 'write_ln0' <Predicate = (icmp_ln1421)> <Delay = 0.00>
ST_2 : Operation 184 [1/1] (0.00ns)   --->   "%write_ln0 = write void @_ssdm_op_Write.ap_auto.i8P0A, i8 %query_data_53_out, i8 %query_data_53_load"   --->   Operation 184 'write' 'write_ln0' <Predicate = (icmp_ln1421)> <Delay = 0.00>
ST_2 : Operation 185 [1/1] (0.00ns)   --->   "%write_ln0 = write void @_ssdm_op_Write.ap_auto.i8P0A, i8 %query_data_52_out, i8 %query_data_52_load"   --->   Operation 185 'write' 'write_ln0' <Predicate = (icmp_ln1421)> <Delay = 0.00>
ST_2 : Operation 186 [1/1] (0.00ns)   --->   "%write_ln0 = write void @_ssdm_op_Write.ap_auto.i8P0A, i8 %query_data_51_out, i8 %query_data_51_load"   --->   Operation 186 'write' 'write_ln0' <Predicate = (icmp_ln1421)> <Delay = 0.00>
ST_2 : Operation 187 [1/1] (0.00ns)   --->   "%write_ln0 = write void @_ssdm_op_Write.ap_auto.i8P0A, i8 %query_data_50_out, i8 %query_data_50_load"   --->   Operation 187 'write' 'write_ln0' <Predicate = (icmp_ln1421)> <Delay = 0.00>
ST_2 : Operation 188 [1/1] (0.00ns)   --->   "%write_ln0 = write void @_ssdm_op_Write.ap_auto.i8P0A, i8 %query_data_49_out, i8 %query_data_49_load"   --->   Operation 188 'write' 'write_ln0' <Predicate = (icmp_ln1421)> <Delay = 0.00>
ST_2 : Operation 189 [1/1] (0.00ns)   --->   "%write_ln0 = write void @_ssdm_op_Write.ap_auto.i8P0A, i8 %query_data_48_out, i8 %query_data_48_load"   --->   Operation 189 'write' 'write_ln0' <Predicate = (icmp_ln1421)> <Delay = 0.00>
ST_2 : Operation 190 [1/1] (0.00ns)   --->   "%write_ln0 = write void @_ssdm_op_Write.ap_auto.i8P0A, i8 %query_data_47_out, i8 %query_data_47_load"   --->   Operation 190 'write' 'write_ln0' <Predicate = (icmp_ln1421)> <Delay = 0.00>
ST_2 : Operation 191 [1/1] (0.00ns)   --->   "%write_ln0 = write void @_ssdm_op_Write.ap_auto.i8P0A, i8 %query_data_46_out, i8 %query_data_46_load"   --->   Operation 191 'write' 'write_ln0' <Predicate = (icmp_ln1421)> <Delay = 0.00>
ST_2 : Operation 192 [1/1] (0.00ns)   --->   "%write_ln0 = write void @_ssdm_op_Write.ap_auto.i8P0A, i8 %query_data_45_out, i8 %query_data_45_load"   --->   Operation 192 'write' 'write_ln0' <Predicate = (icmp_ln1421)> <Delay = 0.00>
ST_2 : Operation 193 [1/1] (0.00ns)   --->   "%write_ln0 = write void @_ssdm_op_Write.ap_auto.i8P0A, i8 %query_data_44_out, i8 %query_data_44_load"   --->   Operation 193 'write' 'write_ln0' <Predicate = (icmp_ln1421)> <Delay = 0.00>
ST_2 : Operation 194 [1/1] (0.00ns)   --->   "%write_ln0 = write void @_ssdm_op_Write.ap_auto.i8P0A, i8 %query_data_43_out, i8 %query_data_43_load"   --->   Operation 194 'write' 'write_ln0' <Predicate = (icmp_ln1421)> <Delay = 0.00>
ST_2 : Operation 195 [1/1] (0.00ns)   --->   "%write_ln0 = write void @_ssdm_op_Write.ap_auto.i8P0A, i8 %query_data_42_out, i8 %query_data_42_load"   --->   Operation 195 'write' 'write_ln0' <Predicate = (icmp_ln1421)> <Delay = 0.00>
ST_2 : Operation 196 [1/1] (0.00ns)   --->   "%write_ln0 = write void @_ssdm_op_Write.ap_auto.i8P0A, i8 %query_data_41_out, i8 %query_data_41_load"   --->   Operation 196 'write' 'write_ln0' <Predicate = (icmp_ln1421)> <Delay = 0.00>
ST_2 : Operation 197 [1/1] (0.00ns)   --->   "%write_ln0 = write void @_ssdm_op_Write.ap_auto.i8P0A, i8 %query_data_40_out, i8 %query_data_40_load"   --->   Operation 197 'write' 'write_ln0' <Predicate = (icmp_ln1421)> <Delay = 0.00>
ST_2 : Operation 198 [1/1] (0.00ns)   --->   "%write_ln0 = write void @_ssdm_op_Write.ap_auto.i8P0A, i8 %query_data_39_out, i8 %query_data_39_load"   --->   Operation 198 'write' 'write_ln0' <Predicate = (icmp_ln1421)> <Delay = 0.00>
ST_2 : Operation 199 [1/1] (0.00ns)   --->   "%write_ln0 = write void @_ssdm_op_Write.ap_auto.i8P0A, i8 %query_data_38_out, i8 %query_data_38_load"   --->   Operation 199 'write' 'write_ln0' <Predicate = (icmp_ln1421)> <Delay = 0.00>
ST_2 : Operation 200 [1/1] (0.00ns)   --->   "%write_ln0 = write void @_ssdm_op_Write.ap_auto.i8P0A, i8 %query_data_37_out, i8 %query_data_37_load"   --->   Operation 200 'write' 'write_ln0' <Predicate = (icmp_ln1421)> <Delay = 0.00>
ST_2 : Operation 201 [1/1] (0.00ns)   --->   "%write_ln0 = write void @_ssdm_op_Write.ap_auto.i8P0A, i8 %query_data_36_out, i8 %query_data_36_load"   --->   Operation 201 'write' 'write_ln0' <Predicate = (icmp_ln1421)> <Delay = 0.00>
ST_2 : Operation 202 [1/1] (0.00ns)   --->   "%write_ln0 = write void @_ssdm_op_Write.ap_auto.i8P0A, i8 %query_data_35_out, i8 %query_data_35_load"   --->   Operation 202 'write' 'write_ln0' <Predicate = (icmp_ln1421)> <Delay = 0.00>
ST_2 : Operation 203 [1/1] (0.00ns)   --->   "%write_ln0 = write void @_ssdm_op_Write.ap_auto.i8P0A, i8 %query_data_34_out, i8 %query_data_34_load"   --->   Operation 203 'write' 'write_ln0' <Predicate = (icmp_ln1421)> <Delay = 0.00>
ST_2 : Operation 204 [1/1] (0.00ns)   --->   "%write_ln0 = write void @_ssdm_op_Write.ap_auto.i8P0A, i8 %query_data_33_out, i8 %query_data_33_load"   --->   Operation 204 'write' 'write_ln0' <Predicate = (icmp_ln1421)> <Delay = 0.00>
ST_2 : Operation 205 [1/1] (0.00ns)   --->   "%write_ln0 = write void @_ssdm_op_Write.ap_auto.i8P0A, i8 %query_data_31_out, i8 %query_data_31_load"   --->   Operation 205 'write' 'write_ln0' <Predicate = (icmp_ln1421)> <Delay = 0.00>
ST_2 : Operation 206 [1/1] (0.00ns)   --->   "%write_ln0 = write void @_ssdm_op_Write.ap_auto.i8P0A, i8 %query_data_32_out, i8 %query_data_32_load"   --->   Operation 206 'write' 'write_ln0' <Predicate = (icmp_ln1421)> <Delay = 0.00>
ST_2 : Operation 207 [1/1] (0.00ns)   --->   "%write_ln0 = write void @_ssdm_op_Write.ap_auto.i8P0A, i8 %p_phi_out, i8 %p_phi_load"   --->   Operation 207 'write' 'write_ln0' <Predicate = (icmp_ln1421)> <Delay = 0.00>
ST_2 : Operation 208 [1/1] (0.00ns)   --->   "%ret_ln0 = ret"   --->   Operation 208 'ret' 'ret_ln0' <Predicate = (icmp_ln1421)> <Delay = 0.00>


============================================================
+ Verbose Summary: Timing violations
============================================================
Target clock period: 4ns, clock uncertainty: 1.08ns.

 <State 1>: 0.427ns
The critical path consists of the following:
	'alloca' operation ('tmp') [97]  (0 ns)
	'store' operation ('store_ln0') of variable 'query_data_read' on local variable 'tmp' [130]  (0.427 ns)

 <State 2>: 1.21ns
The critical path consists of the following:
	'load' operation ('i', seq_align_multiple.cpp:1421) on local variable 'i' [164]  (0 ns)
	'add' operation ('i', seq_align_multiple.cpp:1421) [198]  (0.781 ns)
	'store' operation ('store_ln1421', seq_align_multiple.cpp:1421) of variable 'i', seq_align_multiple.cpp:1421 on local variable 'i' [235]  (0.427 ns)
	blocking operation 0.004 ns on control path)


============================================================
+ Verbose Summary: Binding
============================================================
N/A
* FSMD analyzer results:
  - Output states:
 - Input state : 
  - Chain level:
	State 1
	State 2


============================================================
+ Verbose Summary: Datapath Resource usage 
============================================================
N/A
