

================================================================
== Vitis HLS Report for 'seq_align_Pipeline_VITIS_LOOP_206_5_VITIS_LOOP_208_6'
================================================================
* Date:           Mon Aug  7 23:37:58 2023

* Version:        2022.1 (Build 3526262 on Mon Apr 18 15:47:01 MDT 2022)
* Project:        local_seq_multiple_align_sa
* Solution:       solution1 (Vitis Kernel Flow Target)
* Product family: zynquplus
* Target device:  xczu7ev-ffvc1156-2-i


================================================================
== Performance Estimates
================================================================
+ Timing: 
    * Summary: 
    +--------+---------+----------+------------+
    |  Clock |  Target | Estimated| Uncertainty|
    +--------+---------+----------+------------+
    |ap_clk  |  4.00 ns|  2.482 ns|     1.08 ns|
    +--------+---------+----------+------------+

+ Latency: 
    * Summary: 
    +---------+---------+----------+----------+-------+-------+---------+
    |  Latency (cycles) |  Latency (absolute) |    Interval   | Pipeline|
    |   min   |   max   |    min   |    max   |  min  |  max  |   Type  |
    +---------+---------+----------+----------+-------+-------+---------+
    |    65538|    65538|  0.262 ms|  0.262 ms|  65538|  65538|       no|
    +---------+---------+----------+----------+-------+-------+---------+

    + Detail: 
        * Instance: 
        N/A

        * Loop: 
        +-------------------------------------+---------+---------+----------+-----------+-----------+-------+----------+
        |                                     |  Latency (cycles) | Iteration|  Initiation Interval  |  Trip |          |
        |              Loop Name              |   min   |   max   |  Latency |  achieved |   target  | Count | Pipelined|
        +-------------------------------------+---------+---------+----------+-----------+-----------+-------+----------+
        |- VITIS_LOOP_206_5_VITIS_LOOP_208_6  |    65536|    65536|         2|          1|          1|  65536|       yes|
        +-------------------------------------+---------+---------+----------+-----------+-----------+-------+----------+

============================================================
+ Verbose Summary: Synthesis Manager
============================================================
InlineROM: 1
ExposeGlobal: 0
============================================================
+ Verbose Summary: CDFG Model
============================================================
IsTopModel: 0
ResetActiveHigh: 1
IsCombinational: 0
IsDatapathOnly: 0
HasWiredReturn: 1
HasMFsm: 2
HasVarLatency: 1
IsPipeline: 0
IsRtlPipelined: 0
IsInstanceOverlapped: 0
IsDontTouch: 0
HasImplIP: 0
IsGatedGlobalClock: 0

+ Individual pipeline summary: 
  * Pipeline-0: initiation interval (II) = 1, depth = 3


============================================================
+ Verbose Summary: Schedule
============================================================
* Number of FSM states : 3
* Pipeline : 1
  Pipeline-0 : II = 1, D = 3, States = { 1 2 3 }
* Dataflow Pipeline: 0

* FSM state transitions: 
1 --> 2 
2 --> 3 
3 --> 

* FSM state operations: 

State 1 <SV = 0> <Delay = 0.42>
ST_1 : Operation 5 [1/1] (0.00ns)   --->   "%rr = alloca i32 1"   --->   Operation 5 'alloca' 'rr' <Predicate = true> <Delay = 0.00>
ST_1 : Operation 6 [1/1] (0.00ns)   --->   "%pp = alloca i32 1"   --->   Operation 6 'alloca' 'pp' <Predicate = true> <Delay = 0.00>
ST_1 : Operation 7 [1/1] (0.00ns)   --->   "%indvar_flatten6 = alloca i32 1"   --->   Operation 7 'alloca' 'indvar_flatten6' <Predicate = true> <Delay = 0.00>
ST_1 : Operation 8 [1/1] (0.42ns)   --->   "%store_ln0 = store i17 0, i17 %indvar_flatten6"   --->   Operation 8 'store' 'store_ln0' <Predicate = true> <Delay = 0.42>
ST_1 : Operation 9 [1/1] (0.42ns)   --->   "%store_ln0 = store i9 0, i9 %pp"   --->   Operation 9 'store' 'store_ln0' <Predicate = true> <Delay = 0.42>
ST_1 : Operation 10 [1/1] (0.42ns)   --->   "%store_ln0 = store i9 0, i9 %rr"   --->   Operation 10 'store' 'store_ln0' <Predicate = true> <Delay = 0.42>
ST_1 : Operation 11 [1/1] (0.00ns)   --->   "%br_ln0 = br void %for.inc70"   --->   Operation 11 'br' 'br_ln0' <Predicate = true> <Delay = 0.00>

State 2 <SV = 1> <Delay = 2.48>
ST_2 : Operation 12 [1/1] (0.00ns)   --->   "%indvar_flatten6_load = load i17 %indvar_flatten6" [seq_align_multiple.cpp:206]   --->   Operation 12 'load' 'indvar_flatten6_load' <Predicate = true> <Delay = 0.00>
ST_2 : Operation 13 [1/1] (0.00ns)   --->   "%specpipeline_ln0 = specpipeline void @_ssdm_op_SpecPipeline, i32 4294967295, i32 0, i32 1, i32 0, void @p_str"   --->   Operation 13 'specpipeline' 'specpipeline_ln0' <Predicate = true> <Delay = 0.00>
ST_2 : Operation 14 [1/1] (1.09ns)   --->   "%icmp_ln206 = icmp_eq  i17 %indvar_flatten6_load, i17 65536" [seq_align_multiple.cpp:206]   --->   Operation 14 'icmp' 'icmp_ln206' <Predicate = true> <Delay = 1.09> <CoreInst = "Cmp">   --->   Core 9 'Cmp' <Latency = 0> <II = 1> <Delay = 1.09> <FuncUnit> <Opcode : 'icmp'> <InPorts = 2> <OutPorts = 1>
ST_2 : Operation 15 [1/1] (0.86ns)   --->   "%add_ln206_1 = add i17 %indvar_flatten6_load, i17 1" [seq_align_multiple.cpp:206]   --->   Operation 15 'add' 'add_ln206_1' <Predicate = true> <Delay = 0.86> <CoreInst = "Adder">   --->   Core 1 'Adder' <Latency = 0> <II = 1> <Delay = 0.86> <FuncUnit> <Opcode : 'add' 'sub'> <InPorts = 2> <OutPorts = 1>
ST_2 : Operation 16 [1/1] (0.00ns)   --->   "%br_ln206 = br i1 %icmp_ln206, void %for.inc73, void %for.inc83.preheader.exitStub" [seq_align_multiple.cpp:206]   --->   Operation 16 'br' 'br_ln206' <Predicate = true> <Delay = 0.00>
ST_2 : Operation 17 [1/1] (0.00ns)   --->   "%rr_load = load i9 %rr" [seq_align_multiple.cpp:208]   --->   Operation 17 'load' 'rr_load' <Predicate = (!icmp_ln206)> <Delay = 0.00>
ST_2 : Operation 18 [1/1] (0.00ns)   --->   "%pp_load = load i9 %pp" [seq_align_multiple.cpp:206]   --->   Operation 18 'load' 'pp_load' <Predicate = (!icmp_ln206)> <Delay = 0.00>
ST_2 : Operation 19 [1/1] (0.77ns)   --->   "%add_ln206 = add i9 %pp_load, i9 1" [seq_align_multiple.cpp:206]   --->   Operation 19 'add' 'add_ln206' <Predicate = (!icmp_ln206)> <Delay = 0.77> <CoreInst = "Adder">   --->   Core 1 'Adder' <Latency = 0> <II = 1> <Delay = 0.77> <FuncUnit> <Opcode : 'add' 'sub'> <InPorts = 2> <OutPorts = 1>
ST_2 : Operation 20 [1/1] (0.88ns)   --->   "%icmp_ln208 = icmp_eq  i9 %rr_load, i9 256" [seq_align_multiple.cpp:208]   --->   Operation 20 'icmp' 'icmp_ln208' <Predicate = (!icmp_ln206)> <Delay = 0.88> <CoreInst = "Cmp">   --->   Core 9 'Cmp' <Latency = 0> <II = 1> <Delay = 0.88> <FuncUnit> <Opcode : 'icmp'> <InPorts = 2> <OutPorts = 1>
ST_2 : Operation 21 [1/1] (0.39ns)   --->   "%select_ln206 = select i1 %icmp_ln208, i9 0, i9 %rr_load" [seq_align_multiple.cpp:206]   --->   Operation 21 'select' 'select_ln206' <Predicate = (!icmp_ln206)> <Delay = 0.39> <CoreInst = "Sel">   --->   Core 73 'Sel' <Latency = 0> <II = 1> <Delay = 0.39> <FuncUnit> <Opcode : 'select'> <InPorts = 3> <OutPorts = 1>
ST_2 : Operation 22 [1/1] (0.39ns)   --->   "%select_ln206_1 = select i1 %icmp_ln208, i9 %add_ln206, i9 %pp_load" [seq_align_multiple.cpp:206]   --->   Operation 22 'select' 'select_ln206_1' <Predicate = (!icmp_ln206)> <Delay = 0.39> <CoreInst = "Sel">   --->   Core 73 'Sel' <Latency = 0> <II = 1> <Delay = 0.39> <FuncUnit> <Opcode : 'select'> <InPorts = 3> <OutPorts = 1>
ST_2 : Operation 23 [1/1] (0.00ns)   --->   "%p_cast7_mid2_v = partselect i3 @_ssdm_op_PartSelect.i3.i9.i32.i32, i9 %select_ln206_1, i32 5, i32 7" [seq_align_multiple.cpp:206]   --->   Operation 23 'partselect' 'p_cast7_mid2_v' <Predicate = (!icmp_ln206)> <Delay = 0.00>
ST_2 : Operation 24 [1/1] (0.00ns)   --->   "%tmp_1 = bitconcatenate i11 @_ssdm_op_BitConcatenate.i11.i3.i8, i3 %p_cast7_mid2_v, i8 0" [seq_align_multiple.cpp:211]   --->   Operation 24 'bitconcatenate' 'tmp_1' <Predicate = (!icmp_ln206)> <Delay = 0.00>
ST_2 : Operation 25 [1/1] (0.00ns)   --->   "%trunc_ln206 = trunc i9 %select_ln206_1" [seq_align_multiple.cpp:206]   --->   Operation 25 'trunc' 'trunc_ln206' <Predicate = (!icmp_ln206)> <Delay = 0.00>
ST_2 : Operation 26 [1/1] (0.00ns)   --->   "%zext_ln211 = zext i9 %select_ln206" [seq_align_multiple.cpp:211]   --->   Operation 26 'zext' 'zext_ln211' <Predicate = (!icmp_ln206)> <Delay = 0.00>
ST_2 : Operation 27 [1/1] (0.79ns)   --->   "%add_ln211 = add i11 %tmp_1, i11 %zext_ln211" [seq_align_multiple.cpp:211]   --->   Operation 27 'add' 'add_ln211' <Predicate = (!icmp_ln206)> <Delay = 0.79> <CoreInst = "Adder">   --->   Core 1 'Adder' <Latency = 0> <II = 1> <Delay = 0.79> <FuncUnit> <Opcode : 'add' 'sub'> <InPorts = 2> <OutPorts = 1>
ST_2 : Operation 28 [1/1] (0.44ns)   --->   "%switch_ln211 = switch i5 %trunc_ln206, void %arrayidx6920.case.31, i5 0, void %arrayidx6920.case.0, i5 1, void %arrayidx6920.case.1, i5 2, void %arrayidx6920.case.2, i5 3, void %arrayidx6920.case.3, i5 4, void %arrayidx6920.case.4, i5 5, void %arrayidx6920.case.5, i5 6, void %arrayidx6920.case.6, i5 7, void %arrayidx6920.case.7, i5 8, void %arrayidx6920.case.8, i5 9, void %arrayidx6920.case.9, i5 10, void %arrayidx6920.case.10, i5 11, void %arrayidx6920.case.11, i5 12, void %arrayidx6920.case.12, i5 13, void %arrayidx6920.case.13, i5 14, void %arrayidx6920.case.14, i5 15, void %arrayidx6920.case.15, i5 16, void %arrayidx6920.case.16, i5 17, void %arrayidx6920.case.17, i5 18, void %arrayidx6920.case.18, i5 19, void %arrayidx6920.case.19, i5 20, void %arrayidx6920.case.20, i5 21, void %arrayidx6920.case.21, i5 22, void %arrayidx6920.case.22, i5 23, void %arrayidx6920.case.23, i5 24, void %arrayidx6920.case.24, i5 25, void %arrayidx6920.case.25, i5 26, void %arrayidx6920.case.26, i5 27, void %arrayidx6920.case.27, i5 28, void %arrayidx6920.case.28, i5 29, void %arrayidx6920.case.29, i5 30, void %arrayidx6920.case.30" [seq_align_multiple.cpp:211]   --->   Operation 28 'switch' 'switch_ln211' <Predicate = (!icmp_ln206)> <Delay = 0.44>
ST_2 : Operation 29 [1/1] (0.77ns)   --->   "%add_ln208 = add i9 %select_ln206, i9 1" [seq_align_multiple.cpp:208]   --->   Operation 29 'add' 'add_ln208' <Predicate = (!icmp_ln206)> <Delay = 0.77> <CoreInst = "Adder">   --->   Core 1 'Adder' <Latency = 0> <II = 1> <Delay = 0.77> <FuncUnit> <Opcode : 'add' 'sub'> <InPorts = 2> <OutPorts = 1>
ST_2 : Operation 30 [1/1] (0.42ns)   --->   "%store_ln208 = store i17 %add_ln206_1, i17 %indvar_flatten6" [seq_align_multiple.cpp:208]   --->   Operation 30 'store' 'store_ln208' <Predicate = (!icmp_ln206)> <Delay = 0.42>
ST_2 : Operation 31 [1/1] (0.42ns)   --->   "%store_ln208 = store i9 %select_ln206_1, i9 %pp" [seq_align_multiple.cpp:208]   --->   Operation 31 'store' 'store_ln208' <Predicate = (!icmp_ln206)> <Delay = 0.42>
ST_2 : Operation 32 [1/1] (0.42ns)   --->   "%store_ln208 = store i9 %add_ln208, i9 %rr" [seq_align_multiple.cpp:208]   --->   Operation 32 'store' 'store_ln208' <Predicate = (!icmp_ln206)> <Delay = 0.42>
ST_2 : Operation 33 [1/1] (0.00ns)   --->   "%br_ln208 = br void %for.inc70" [seq_align_multiple.cpp:208]   --->   Operation 33 'br' 'br_ln208' <Predicate = (!icmp_ln206)> <Delay = 0.00>
ST_2 : Operation 135 [1/1] (0.00ns)   --->   "%ret_ln0 = ret"   --->   Operation 135 'ret' 'ret_ln0' <Predicate = (icmp_ln206)> <Delay = 0.00>

State 3 <SV = 2> <Delay = 1.23>
ST_3 : Operation 34 [1/1] (0.00ns)   --->   "%specloopname_ln0 = specloopname void @_ssdm_op_SpecLoopName, void @VITIS_LOOP_206_5_VITIS_LOOP_208_6_str"   --->   Operation 34 'specloopname' 'specloopname_ln0' <Predicate = true> <Delay = 0.00>
ST_3 : Operation 35 [1/1] (0.00ns)   --->   "%empty = speclooptripcount i32 @_ssdm_op_SpecLoopTripCount, i64 65536, i64 65536, i64 65536"   --->   Operation 35 'speclooptripcount' 'empty' <Predicate = true> <Delay = 0.00>
ST_3 : Operation 36 [1/1] (0.00ns)   --->   "%specpipeline_ln0 = specpipeline void @_ssdm_op_SpecPipeline, i32 4294967295, i32 0, i32 1, i32 0, void @p_str"   --->   Operation 36 'specpipeline' 'specpipeline_ln0' <Predicate = true> <Delay = 0.00>
ST_3 : Operation 37 [1/1] (0.00ns)   --->   "%zext_ln211_1 = zext i11 %add_ln211" [seq_align_multiple.cpp:211]   --->   Operation 37 'zext' 'zext_ln211_1' <Predicate = true> <Delay = 0.00>
ST_3 : Operation 38 [1/1] (0.00ns)   --->   "%traceback_V_addr = getelementptr i2 %traceback_V, i64 0, i64 %zext_ln211_1" [seq_align_multiple.cpp:211]   --->   Operation 38 'getelementptr' 'traceback_V_addr' <Predicate = true> <Delay = 0.00>
ST_3 : Operation 39 [1/1] (0.00ns)   --->   "%traceback_V_1_addr = getelementptr i2 %traceback_V_1, i64 0, i64 %zext_ln211_1" [seq_align_multiple.cpp:211]   --->   Operation 39 'getelementptr' 'traceback_V_1_addr' <Predicate = true> <Delay = 0.00>
ST_3 : Operation 40 [1/1] (0.00ns)   --->   "%traceback_V_2_addr = getelementptr i2 %traceback_V_2, i64 0, i64 %zext_ln211_1" [seq_align_multiple.cpp:211]   --->   Operation 40 'getelementptr' 'traceback_V_2_addr' <Predicate = true> <Delay = 0.00>
ST_3 : Operation 41 [1/1] (0.00ns)   --->   "%traceback_V_3_addr = getelementptr i2 %traceback_V_3, i64 0, i64 %zext_ln211_1" [seq_align_multiple.cpp:211]   --->   Operation 41 'getelementptr' 'traceback_V_3_addr' <Predicate = true> <Delay = 0.00>
ST_3 : Operation 42 [1/1] (0.00ns)   --->   "%traceback_V_4_addr = getelementptr i2 %traceback_V_4, i64 0, i64 %zext_ln211_1" [seq_align_multiple.cpp:211]   --->   Operation 42 'getelementptr' 'traceback_V_4_addr' <Predicate = true> <Delay = 0.00>
ST_3 : Operation 43 [1/1] (0.00ns)   --->   "%traceback_V_5_addr = getelementptr i2 %traceback_V_5, i64 0, i64 %zext_ln211_1" [seq_align_multiple.cpp:211]   --->   Operation 43 'getelementptr' 'traceback_V_5_addr' <Predicate = true> <Delay = 0.00>
ST_3 : Operation 44 [1/1] (0.00ns)   --->   "%traceback_V_6_addr = getelementptr i2 %traceback_V_6, i64 0, i64 %zext_ln211_1" [seq_align_multiple.cpp:211]   --->   Operation 44 'getelementptr' 'traceback_V_6_addr' <Predicate = true> <Delay = 0.00>
ST_3 : Operation 45 [1/1] (0.00ns)   --->   "%traceback_V_7_addr = getelementptr i2 %traceback_V_7, i64 0, i64 %zext_ln211_1" [seq_align_multiple.cpp:211]   --->   Operation 45 'getelementptr' 'traceback_V_7_addr' <Predicate = true> <Delay = 0.00>
ST_3 : Operation 46 [1/1] (0.00ns)   --->   "%traceback_V_8_addr = getelementptr i2 %traceback_V_8, i64 0, i64 %zext_ln211_1" [seq_align_multiple.cpp:211]   --->   Operation 46 'getelementptr' 'traceback_V_8_addr' <Predicate = true> <Delay = 0.00>
ST_3 : Operation 47 [1/1] (0.00ns)   --->   "%traceback_V_9_addr = getelementptr i2 %traceback_V_9, i64 0, i64 %zext_ln211_1" [seq_align_multiple.cpp:211]   --->   Operation 47 'getelementptr' 'traceback_V_9_addr' <Predicate = true> <Delay = 0.00>
ST_3 : Operation 48 [1/1] (0.00ns)   --->   "%traceback_V_10_addr = getelementptr i2 %traceback_V_10, i64 0, i64 %zext_ln211_1" [seq_align_multiple.cpp:211]   --->   Operation 48 'getelementptr' 'traceback_V_10_addr' <Predicate = true> <Delay = 0.00>
ST_3 : Operation 49 [1/1] (0.00ns)   --->   "%traceback_V_11_addr = getelementptr i2 %traceback_V_11, i64 0, i64 %zext_ln211_1" [seq_align_multiple.cpp:211]   --->   Operation 49 'getelementptr' 'traceback_V_11_addr' <Predicate = true> <Delay = 0.00>
ST_3 : Operation 50 [1/1] (0.00ns)   --->   "%traceback_V_12_addr = getelementptr i2 %traceback_V_12, i64 0, i64 %zext_ln211_1" [seq_align_multiple.cpp:211]   --->   Operation 50 'getelementptr' 'traceback_V_12_addr' <Predicate = true> <Delay = 0.00>
ST_3 : Operation 51 [1/1] (0.00ns)   --->   "%traceback_V_13_addr = getelementptr i2 %traceback_V_13, i64 0, i64 %zext_ln211_1" [seq_align_multiple.cpp:211]   --->   Operation 51 'getelementptr' 'traceback_V_13_addr' <Predicate = true> <Delay = 0.00>
ST_3 : Operation 52 [1/1] (0.00ns)   --->   "%traceback_V_14_addr = getelementptr i2 %traceback_V_14, i64 0, i64 %zext_ln211_1" [seq_align_multiple.cpp:211]   --->   Operation 52 'getelementptr' 'traceback_V_14_addr' <Predicate = true> <Delay = 0.00>
ST_3 : Operation 53 [1/1] (0.00ns)   --->   "%traceback_V_15_addr = getelementptr i2 %traceback_V_15, i64 0, i64 %zext_ln211_1" [seq_align_multiple.cpp:211]   --->   Operation 53 'getelementptr' 'traceback_V_15_addr' <Predicate = true> <Delay = 0.00>
ST_3 : Operation 54 [1/1] (0.00ns)   --->   "%traceback_V_16_addr = getelementptr i2 %traceback_V_16, i64 0, i64 %zext_ln211_1" [seq_align_multiple.cpp:211]   --->   Operation 54 'getelementptr' 'traceback_V_16_addr' <Predicate = true> <Delay = 0.00>
ST_3 : Operation 55 [1/1] (0.00ns)   --->   "%traceback_V_17_addr = getelementptr i2 %traceback_V_17, i64 0, i64 %zext_ln211_1" [seq_align_multiple.cpp:211]   --->   Operation 55 'getelementptr' 'traceback_V_17_addr' <Predicate = true> <Delay = 0.00>
ST_3 : Operation 56 [1/1] (0.00ns)   --->   "%traceback_V_18_addr = getelementptr i2 %traceback_V_18, i64 0, i64 %zext_ln211_1" [seq_align_multiple.cpp:211]   --->   Operation 56 'getelementptr' 'traceback_V_18_addr' <Predicate = true> <Delay = 0.00>
ST_3 : Operation 57 [1/1] (0.00ns)   --->   "%traceback_V_19_addr = getelementptr i2 %traceback_V_19, i64 0, i64 %zext_ln211_1" [seq_align_multiple.cpp:211]   --->   Operation 57 'getelementptr' 'traceback_V_19_addr' <Predicate = true> <Delay = 0.00>
ST_3 : Operation 58 [1/1] (0.00ns)   --->   "%traceback_V_20_addr = getelementptr i2 %traceback_V_20, i64 0, i64 %zext_ln211_1" [seq_align_multiple.cpp:211]   --->   Operation 58 'getelementptr' 'traceback_V_20_addr' <Predicate = true> <Delay = 0.00>
ST_3 : Operation 59 [1/1] (0.00ns)   --->   "%traceback_V_21_addr = getelementptr i2 %traceback_V_21, i64 0, i64 %zext_ln211_1" [seq_align_multiple.cpp:211]   --->   Operation 59 'getelementptr' 'traceback_V_21_addr' <Predicate = true> <Delay = 0.00>
ST_3 : Operation 60 [1/1] (0.00ns)   --->   "%traceback_V_22_addr = getelementptr i2 %traceback_V_22, i64 0, i64 %zext_ln211_1" [seq_align_multiple.cpp:211]   --->   Operation 60 'getelementptr' 'traceback_V_22_addr' <Predicate = true> <Delay = 0.00>
ST_3 : Operation 61 [1/1] (0.00ns)   --->   "%traceback_V_23_addr = getelementptr i2 %traceback_V_23, i64 0, i64 %zext_ln211_1" [seq_align_multiple.cpp:211]   --->   Operation 61 'getelementptr' 'traceback_V_23_addr' <Predicate = true> <Delay = 0.00>
ST_3 : Operation 62 [1/1] (0.00ns)   --->   "%traceback_V_24_addr = getelementptr i2 %traceback_V_24, i64 0, i64 %zext_ln211_1" [seq_align_multiple.cpp:211]   --->   Operation 62 'getelementptr' 'traceback_V_24_addr' <Predicate = true> <Delay = 0.00>
ST_3 : Operation 63 [1/1] (0.00ns)   --->   "%traceback_V_25_addr = getelementptr i2 %traceback_V_25, i64 0, i64 %zext_ln211_1" [seq_align_multiple.cpp:211]   --->   Operation 63 'getelementptr' 'traceback_V_25_addr' <Predicate = true> <Delay = 0.00>
ST_3 : Operation 64 [1/1] (0.00ns)   --->   "%traceback_V_26_addr = getelementptr i2 %traceback_V_26, i64 0, i64 %zext_ln211_1" [seq_align_multiple.cpp:211]   --->   Operation 64 'getelementptr' 'traceback_V_26_addr' <Predicate = true> <Delay = 0.00>
ST_3 : Operation 65 [1/1] (0.00ns)   --->   "%traceback_V_27_addr = getelementptr i2 %traceback_V_27, i64 0, i64 %zext_ln211_1" [seq_align_multiple.cpp:211]   --->   Operation 65 'getelementptr' 'traceback_V_27_addr' <Predicate = true> <Delay = 0.00>
ST_3 : Operation 66 [1/1] (0.00ns)   --->   "%traceback_V_28_addr = getelementptr i2 %traceback_V_28, i64 0, i64 %zext_ln211_1" [seq_align_multiple.cpp:211]   --->   Operation 66 'getelementptr' 'traceback_V_28_addr' <Predicate = true> <Delay = 0.00>
ST_3 : Operation 67 [1/1] (0.00ns)   --->   "%traceback_V_29_addr = getelementptr i2 %traceback_V_29, i64 0, i64 %zext_ln211_1" [seq_align_multiple.cpp:211]   --->   Operation 67 'getelementptr' 'traceback_V_29_addr' <Predicate = true> <Delay = 0.00>
ST_3 : Operation 68 [1/1] (0.00ns)   --->   "%traceback_V_30_addr = getelementptr i2 %traceback_V_30, i64 0, i64 %zext_ln211_1" [seq_align_multiple.cpp:211]   --->   Operation 68 'getelementptr' 'traceback_V_30_addr' <Predicate = true> <Delay = 0.00>
ST_3 : Operation 69 [1/1] (0.00ns)   --->   "%traceback_V_31_addr = getelementptr i2 %traceback_V_31, i64 0, i64 %zext_ln211_1" [seq_align_multiple.cpp:211]   --->   Operation 69 'getelementptr' 'traceback_V_31_addr' <Predicate = true> <Delay = 0.00>
ST_3 : Operation 70 [1/1] (0.00ns)   --->   "%specloopname_ln333 = specloopname void @_ssdm_op_SpecLoopName, void @empty_19"   --->   Operation 70 'specloopname' 'specloopname_ln333' <Predicate = true> <Delay = 0.00>
ST_3 : Operation 71 [1/1] (1.23ns)   --->   "%store_ln211 = store i2 0, i11 %traceback_V_30_addr" [seq_align_multiple.cpp:211]   --->   Operation 71 'store' 'store_ln211' <Predicate = (trunc_ln206 == 30)> <Delay = 1.23> <CoreInst = "RAM">   --->   Core 83 'RAM' <Latency = 1> <II = 1> <Delay = 1.23> <Storage> <Opcode : 'load' 'store'> <Ports = 2> <Width = 2> <Depth = 2048> <RAM>
ST_3 : Operation 72 [1/1] (0.00ns)   --->   "%br_ln211 = br void %arrayidx6920.exit" [seq_align_multiple.cpp:211]   --->   Operation 72 'br' 'br_ln211' <Predicate = (trunc_ln206 == 30)> <Delay = 0.00>
ST_3 : Operation 73 [1/1] (1.23ns)   --->   "%store_ln211 = store i2 0, i11 %traceback_V_29_addr" [seq_align_multiple.cpp:211]   --->   Operation 73 'store' 'store_ln211' <Predicate = (trunc_ln206 == 29)> <Delay = 1.23> <CoreInst = "RAM">   --->   Core 83 'RAM' <Latency = 1> <II = 1> <Delay = 1.23> <Storage> <Opcode : 'load' 'store'> <Ports = 2> <Width = 2> <Depth = 2048> <RAM>
ST_3 : Operation 74 [1/1] (0.00ns)   --->   "%br_ln211 = br void %arrayidx6920.exit" [seq_align_multiple.cpp:211]   --->   Operation 74 'br' 'br_ln211' <Predicate = (trunc_ln206 == 29)> <Delay = 0.00>
ST_3 : Operation 75 [1/1] (1.23ns)   --->   "%store_ln211 = store i2 0, i11 %traceback_V_28_addr" [seq_align_multiple.cpp:211]   --->   Operation 75 'store' 'store_ln211' <Predicate = (trunc_ln206 == 28)> <Delay = 1.23> <CoreInst = "RAM">   --->   Core 83 'RAM' <Latency = 1> <II = 1> <Delay = 1.23> <Storage> <Opcode : 'load' 'store'> <Ports = 2> <Width = 2> <Depth = 2048> <RAM>
ST_3 : Operation 76 [1/1] (0.00ns)   --->   "%br_ln211 = br void %arrayidx6920.exit" [seq_align_multiple.cpp:211]   --->   Operation 76 'br' 'br_ln211' <Predicate = (trunc_ln206 == 28)> <Delay = 0.00>
ST_3 : Operation 77 [1/1] (1.23ns)   --->   "%store_ln211 = store i2 0, i11 %traceback_V_27_addr" [seq_align_multiple.cpp:211]   --->   Operation 77 'store' 'store_ln211' <Predicate = (trunc_ln206 == 27)> <Delay = 1.23> <CoreInst = "RAM">   --->   Core 83 'RAM' <Latency = 1> <II = 1> <Delay = 1.23> <Storage> <Opcode : 'load' 'store'> <Ports = 2> <Width = 2> <Depth = 2048> <RAM>
ST_3 : Operation 78 [1/1] (0.00ns)   --->   "%br_ln211 = br void %arrayidx6920.exit" [seq_align_multiple.cpp:211]   --->   Operation 78 'br' 'br_ln211' <Predicate = (trunc_ln206 == 27)> <Delay = 0.00>
ST_3 : Operation 79 [1/1] (1.23ns)   --->   "%store_ln211 = store i2 0, i11 %traceback_V_26_addr" [seq_align_multiple.cpp:211]   --->   Operation 79 'store' 'store_ln211' <Predicate = (trunc_ln206 == 26)> <Delay = 1.23> <CoreInst = "RAM">   --->   Core 83 'RAM' <Latency = 1> <II = 1> <Delay = 1.23> <Storage> <Opcode : 'load' 'store'> <Ports = 2> <Width = 2> <Depth = 2048> <RAM>
ST_3 : Operation 80 [1/1] (0.00ns)   --->   "%br_ln211 = br void %arrayidx6920.exit" [seq_align_multiple.cpp:211]   --->   Operation 80 'br' 'br_ln211' <Predicate = (trunc_ln206 == 26)> <Delay = 0.00>
ST_3 : Operation 81 [1/1] (1.23ns)   --->   "%store_ln211 = store i2 0, i11 %traceback_V_25_addr" [seq_align_multiple.cpp:211]   --->   Operation 81 'store' 'store_ln211' <Predicate = (trunc_ln206 == 25)> <Delay = 1.23> <CoreInst = "RAM">   --->   Core 83 'RAM' <Latency = 1> <II = 1> <Delay = 1.23> <Storage> <Opcode : 'load' 'store'> <Ports = 2> <Width = 2> <Depth = 2048> <RAM>
ST_3 : Operation 82 [1/1] (0.00ns)   --->   "%br_ln211 = br void %arrayidx6920.exit" [seq_align_multiple.cpp:211]   --->   Operation 82 'br' 'br_ln211' <Predicate = (trunc_ln206 == 25)> <Delay = 0.00>
ST_3 : Operation 83 [1/1] (1.23ns)   --->   "%store_ln211 = store i2 0, i11 %traceback_V_24_addr" [seq_align_multiple.cpp:211]   --->   Operation 83 'store' 'store_ln211' <Predicate = (trunc_ln206 == 24)> <Delay = 1.23> <CoreInst = "RAM">   --->   Core 83 'RAM' <Latency = 1> <II = 1> <Delay = 1.23> <Storage> <Opcode : 'load' 'store'> <Ports = 2> <Width = 2> <Depth = 2048> <RAM>
ST_3 : Operation 84 [1/1] (0.00ns)   --->   "%br_ln211 = br void %arrayidx6920.exit" [seq_align_multiple.cpp:211]   --->   Operation 84 'br' 'br_ln211' <Predicate = (trunc_ln206 == 24)> <Delay = 0.00>
ST_3 : Operation 85 [1/1] (1.23ns)   --->   "%store_ln211 = store i2 0, i11 %traceback_V_23_addr" [seq_align_multiple.cpp:211]   --->   Operation 85 'store' 'store_ln211' <Predicate = (trunc_ln206 == 23)> <Delay = 1.23> <CoreInst = "RAM">   --->   Core 83 'RAM' <Latency = 1> <II = 1> <Delay = 1.23> <Storage> <Opcode : 'load' 'store'> <Ports = 2> <Width = 2> <Depth = 2048> <RAM>
ST_3 : Operation 86 [1/1] (0.00ns)   --->   "%br_ln211 = br void %arrayidx6920.exit" [seq_align_multiple.cpp:211]   --->   Operation 86 'br' 'br_ln211' <Predicate = (trunc_ln206 == 23)> <Delay = 0.00>
ST_3 : Operation 87 [1/1] (1.23ns)   --->   "%store_ln211 = store i2 0, i11 %traceback_V_22_addr" [seq_align_multiple.cpp:211]   --->   Operation 87 'store' 'store_ln211' <Predicate = (trunc_ln206 == 22)> <Delay = 1.23> <CoreInst = "RAM">   --->   Core 83 'RAM' <Latency = 1> <II = 1> <Delay = 1.23> <Storage> <Opcode : 'load' 'store'> <Ports = 2> <Width = 2> <Depth = 2048> <RAM>
ST_3 : Operation 88 [1/1] (0.00ns)   --->   "%br_ln211 = br void %arrayidx6920.exit" [seq_align_multiple.cpp:211]   --->   Operation 88 'br' 'br_ln211' <Predicate = (trunc_ln206 == 22)> <Delay = 0.00>
ST_3 : Operation 89 [1/1] (1.23ns)   --->   "%store_ln211 = store i2 0, i11 %traceback_V_21_addr" [seq_align_multiple.cpp:211]   --->   Operation 89 'store' 'store_ln211' <Predicate = (trunc_ln206 == 21)> <Delay = 1.23> <CoreInst = "RAM">   --->   Core 83 'RAM' <Latency = 1> <II = 1> <Delay = 1.23> <Storage> <Opcode : 'load' 'store'> <Ports = 2> <Width = 2> <Depth = 2048> <RAM>
ST_3 : Operation 90 [1/1] (0.00ns)   --->   "%br_ln211 = br void %arrayidx6920.exit" [seq_align_multiple.cpp:211]   --->   Operation 90 'br' 'br_ln211' <Predicate = (trunc_ln206 == 21)> <Delay = 0.00>
ST_3 : Operation 91 [1/1] (1.23ns)   --->   "%store_ln211 = store i2 0, i11 %traceback_V_20_addr" [seq_align_multiple.cpp:211]   --->   Operation 91 'store' 'store_ln211' <Predicate = (trunc_ln206 == 20)> <Delay = 1.23> <CoreInst = "RAM">   --->   Core 83 'RAM' <Latency = 1> <II = 1> <Delay = 1.23> <Storage> <Opcode : 'load' 'store'> <Ports = 2> <Width = 2> <Depth = 2048> <RAM>
ST_3 : Operation 92 [1/1] (0.00ns)   --->   "%br_ln211 = br void %arrayidx6920.exit" [seq_align_multiple.cpp:211]   --->   Operation 92 'br' 'br_ln211' <Predicate = (trunc_ln206 == 20)> <Delay = 0.00>
ST_3 : Operation 93 [1/1] (1.23ns)   --->   "%store_ln211 = store i2 0, i11 %traceback_V_19_addr" [seq_align_multiple.cpp:211]   --->   Operation 93 'store' 'store_ln211' <Predicate = (trunc_ln206 == 19)> <Delay = 1.23> <CoreInst = "RAM">   --->   Core 83 'RAM' <Latency = 1> <II = 1> <Delay = 1.23> <Storage> <Opcode : 'load' 'store'> <Ports = 2> <Width = 2> <Depth = 2048> <RAM>
ST_3 : Operation 94 [1/1] (0.00ns)   --->   "%br_ln211 = br void %arrayidx6920.exit" [seq_align_multiple.cpp:211]   --->   Operation 94 'br' 'br_ln211' <Predicate = (trunc_ln206 == 19)> <Delay = 0.00>
ST_3 : Operation 95 [1/1] (1.23ns)   --->   "%store_ln211 = store i2 0, i11 %traceback_V_18_addr" [seq_align_multiple.cpp:211]   --->   Operation 95 'store' 'store_ln211' <Predicate = (trunc_ln206 == 18)> <Delay = 1.23> <CoreInst = "RAM">   --->   Core 83 'RAM' <Latency = 1> <II = 1> <Delay = 1.23> <Storage> <Opcode : 'load' 'store'> <Ports = 2> <Width = 2> <Depth = 2048> <RAM>
ST_3 : Operation 96 [1/1] (0.00ns)   --->   "%br_ln211 = br void %arrayidx6920.exit" [seq_align_multiple.cpp:211]   --->   Operation 96 'br' 'br_ln211' <Predicate = (trunc_ln206 == 18)> <Delay = 0.00>
ST_3 : Operation 97 [1/1] (1.23ns)   --->   "%store_ln211 = store i2 0, i11 %traceback_V_17_addr" [seq_align_multiple.cpp:211]   --->   Operation 97 'store' 'store_ln211' <Predicate = (trunc_ln206 == 17)> <Delay = 1.23> <CoreInst = "RAM">   --->   Core 83 'RAM' <Latency = 1> <II = 1> <Delay = 1.23> <Storage> <Opcode : 'load' 'store'> <Ports = 2> <Width = 2> <Depth = 2048> <RAM>
ST_3 : Operation 98 [1/1] (0.00ns)   --->   "%br_ln211 = br void %arrayidx6920.exit" [seq_align_multiple.cpp:211]   --->   Operation 98 'br' 'br_ln211' <Predicate = (trunc_ln206 == 17)> <Delay = 0.00>
ST_3 : Operation 99 [1/1] (1.23ns)   --->   "%store_ln211 = store i2 0, i11 %traceback_V_16_addr" [seq_align_multiple.cpp:211]   --->   Operation 99 'store' 'store_ln211' <Predicate = (trunc_ln206 == 16)> <Delay = 1.23> <CoreInst = "RAM">   --->   Core 83 'RAM' <Latency = 1> <II = 1> <Delay = 1.23> <Storage> <Opcode : 'load' 'store'> <Ports = 2> <Width = 2> <Depth = 2048> <RAM>
ST_3 : Operation 100 [1/1] (0.00ns)   --->   "%br_ln211 = br void %arrayidx6920.exit" [seq_align_multiple.cpp:211]   --->   Operation 100 'br' 'br_ln211' <Predicate = (trunc_ln206 == 16)> <Delay = 0.00>
ST_3 : Operation 101 [1/1] (1.23ns)   --->   "%store_ln211 = store i2 0, i11 %traceback_V_15_addr" [seq_align_multiple.cpp:211]   --->   Operation 101 'store' 'store_ln211' <Predicate = (trunc_ln206 == 15)> <Delay = 1.23> <CoreInst = "RAM">   --->   Core 83 'RAM' <Latency = 1> <II = 1> <Delay = 1.23> <Storage> <Opcode : 'load' 'store'> <Ports = 2> <Width = 2> <Depth = 2048> <RAM>
ST_3 : Operation 102 [1/1] (0.00ns)   --->   "%br_ln211 = br void %arrayidx6920.exit" [seq_align_multiple.cpp:211]   --->   Operation 102 'br' 'br_ln211' <Predicate = (trunc_ln206 == 15)> <Delay = 0.00>
ST_3 : Operation 103 [1/1] (1.23ns)   --->   "%store_ln211 = store i2 0, i11 %traceback_V_14_addr" [seq_align_multiple.cpp:211]   --->   Operation 103 'store' 'store_ln211' <Predicate = (trunc_ln206 == 14)> <Delay = 1.23> <CoreInst = "RAM">   --->   Core 83 'RAM' <Latency = 1> <II = 1> <Delay = 1.23> <Storage> <Opcode : 'load' 'store'> <Ports = 2> <Width = 2> <Depth = 2048> <RAM>
ST_3 : Operation 104 [1/1] (0.00ns)   --->   "%br_ln211 = br void %arrayidx6920.exit" [seq_align_multiple.cpp:211]   --->   Operation 104 'br' 'br_ln211' <Predicate = (trunc_ln206 == 14)> <Delay = 0.00>
ST_3 : Operation 105 [1/1] (1.23ns)   --->   "%store_ln211 = store i2 0, i11 %traceback_V_13_addr" [seq_align_multiple.cpp:211]   --->   Operation 105 'store' 'store_ln211' <Predicate = (trunc_ln206 == 13)> <Delay = 1.23> <CoreInst = "RAM">   --->   Core 83 'RAM' <Latency = 1> <II = 1> <Delay = 1.23> <Storage> <Opcode : 'load' 'store'> <Ports = 2> <Width = 2> <Depth = 2048> <RAM>
ST_3 : Operation 106 [1/1] (0.00ns)   --->   "%br_ln211 = br void %arrayidx6920.exit" [seq_align_multiple.cpp:211]   --->   Operation 106 'br' 'br_ln211' <Predicate = (trunc_ln206 == 13)> <Delay = 0.00>
ST_3 : Operation 107 [1/1] (1.23ns)   --->   "%store_ln211 = store i2 0, i11 %traceback_V_12_addr" [seq_align_multiple.cpp:211]   --->   Operation 107 'store' 'store_ln211' <Predicate = (trunc_ln206 == 12)> <Delay = 1.23> <CoreInst = "RAM">   --->   Core 83 'RAM' <Latency = 1> <II = 1> <Delay = 1.23> <Storage> <Opcode : 'load' 'store'> <Ports = 2> <Width = 2> <Depth = 2048> <RAM>
ST_3 : Operation 108 [1/1] (0.00ns)   --->   "%br_ln211 = br void %arrayidx6920.exit" [seq_align_multiple.cpp:211]   --->   Operation 108 'br' 'br_ln211' <Predicate = (trunc_ln206 == 12)> <Delay = 0.00>
ST_3 : Operation 109 [1/1] (1.23ns)   --->   "%store_ln211 = store i2 0, i11 %traceback_V_11_addr" [seq_align_multiple.cpp:211]   --->   Operation 109 'store' 'store_ln211' <Predicate = (trunc_ln206 == 11)> <Delay = 1.23> <CoreInst = "RAM">   --->   Core 83 'RAM' <Latency = 1> <II = 1> <Delay = 1.23> <Storage> <Opcode : 'load' 'store'> <Ports = 2> <Width = 2> <Depth = 2048> <RAM>
ST_3 : Operation 110 [1/1] (0.00ns)   --->   "%br_ln211 = br void %arrayidx6920.exit" [seq_align_multiple.cpp:211]   --->   Operation 110 'br' 'br_ln211' <Predicate = (trunc_ln206 == 11)> <Delay = 0.00>
ST_3 : Operation 111 [1/1] (1.23ns)   --->   "%store_ln211 = store i2 0, i11 %traceback_V_10_addr" [seq_align_multiple.cpp:211]   --->   Operation 111 'store' 'store_ln211' <Predicate = (trunc_ln206 == 10)> <Delay = 1.23> <CoreInst = "RAM">   --->   Core 83 'RAM' <Latency = 1> <II = 1> <Delay = 1.23> <Storage> <Opcode : 'load' 'store'> <Ports = 2> <Width = 2> <Depth = 2048> <RAM>
ST_3 : Operation 112 [1/1] (0.00ns)   --->   "%br_ln211 = br void %arrayidx6920.exit" [seq_align_multiple.cpp:211]   --->   Operation 112 'br' 'br_ln211' <Predicate = (trunc_ln206 == 10)> <Delay = 0.00>
ST_3 : Operation 113 [1/1] (1.23ns)   --->   "%store_ln211 = store i2 0, i11 %traceback_V_9_addr" [seq_align_multiple.cpp:211]   --->   Operation 113 'store' 'store_ln211' <Predicate = (trunc_ln206 == 9)> <Delay = 1.23> <CoreInst = "RAM">   --->   Core 83 'RAM' <Latency = 1> <II = 1> <Delay = 1.23> <Storage> <Opcode : 'load' 'store'> <Ports = 2> <Width = 2> <Depth = 2048> <RAM>
ST_3 : Operation 114 [1/1] (0.00ns)   --->   "%br_ln211 = br void %arrayidx6920.exit" [seq_align_multiple.cpp:211]   --->   Operation 114 'br' 'br_ln211' <Predicate = (trunc_ln206 == 9)> <Delay = 0.00>
ST_3 : Operation 115 [1/1] (1.23ns)   --->   "%store_ln211 = store i2 0, i11 %traceback_V_8_addr" [seq_align_multiple.cpp:211]   --->   Operation 115 'store' 'store_ln211' <Predicate = (trunc_ln206 == 8)> <Delay = 1.23> <CoreInst = "RAM">   --->   Core 83 'RAM' <Latency = 1> <II = 1> <Delay = 1.23> <Storage> <Opcode : 'load' 'store'> <Ports = 2> <Width = 2> <Depth = 2048> <RAM>
ST_3 : Operation 116 [1/1] (0.00ns)   --->   "%br_ln211 = br void %arrayidx6920.exit" [seq_align_multiple.cpp:211]   --->   Operation 116 'br' 'br_ln211' <Predicate = (trunc_ln206 == 8)> <Delay = 0.00>
ST_3 : Operation 117 [1/1] (1.23ns)   --->   "%store_ln211 = store i2 0, i11 %traceback_V_7_addr" [seq_align_multiple.cpp:211]   --->   Operation 117 'store' 'store_ln211' <Predicate = (trunc_ln206 == 7)> <Delay = 1.23> <CoreInst = "RAM">   --->   Core 83 'RAM' <Latency = 1> <II = 1> <Delay = 1.23> <Storage> <Opcode : 'load' 'store'> <Ports = 2> <Width = 2> <Depth = 2048> <RAM>
ST_3 : Operation 118 [1/1] (0.00ns)   --->   "%br_ln211 = br void %arrayidx6920.exit" [seq_align_multiple.cpp:211]   --->   Operation 118 'br' 'br_ln211' <Predicate = (trunc_ln206 == 7)> <Delay = 0.00>
ST_3 : Operation 119 [1/1] (1.23ns)   --->   "%store_ln211 = store i2 0, i11 %traceback_V_6_addr" [seq_align_multiple.cpp:211]   --->   Operation 119 'store' 'store_ln211' <Predicate = (trunc_ln206 == 6)> <Delay = 1.23> <CoreInst = "RAM">   --->   Core 83 'RAM' <Latency = 1> <II = 1> <Delay = 1.23> <Storage> <Opcode : 'load' 'store'> <Ports = 2> <Width = 2> <Depth = 2048> <RAM>
ST_3 : Operation 120 [1/1] (0.00ns)   --->   "%br_ln211 = br void %arrayidx6920.exit" [seq_align_multiple.cpp:211]   --->   Operation 120 'br' 'br_ln211' <Predicate = (trunc_ln206 == 6)> <Delay = 0.00>
ST_3 : Operation 121 [1/1] (1.23ns)   --->   "%store_ln211 = store i2 0, i11 %traceback_V_5_addr" [seq_align_multiple.cpp:211]   --->   Operation 121 'store' 'store_ln211' <Predicate = (trunc_ln206 == 5)> <Delay = 1.23> <CoreInst = "RAM">   --->   Core 83 'RAM' <Latency = 1> <II = 1> <Delay = 1.23> <Storage> <Opcode : 'load' 'store'> <Ports = 2> <Width = 2> <Depth = 2048> <RAM>
ST_3 : Operation 122 [1/1] (0.00ns)   --->   "%br_ln211 = br void %arrayidx6920.exit" [seq_align_multiple.cpp:211]   --->   Operation 122 'br' 'br_ln211' <Predicate = (trunc_ln206 == 5)> <Delay = 0.00>
ST_3 : Operation 123 [1/1] (1.23ns)   --->   "%store_ln211 = store i2 0, i11 %traceback_V_4_addr" [seq_align_multiple.cpp:211]   --->   Operation 123 'store' 'store_ln211' <Predicate = (trunc_ln206 == 4)> <Delay = 1.23> <CoreInst = "RAM">   --->   Core 83 'RAM' <Latency = 1> <II = 1> <Delay = 1.23> <Storage> <Opcode : 'load' 'store'> <Ports = 2> <Width = 2> <Depth = 2048> <RAM>
ST_3 : Operation 124 [1/1] (0.00ns)   --->   "%br_ln211 = br void %arrayidx6920.exit" [seq_align_multiple.cpp:211]   --->   Operation 124 'br' 'br_ln211' <Predicate = (trunc_ln206 == 4)> <Delay = 0.00>
ST_3 : Operation 125 [1/1] (1.23ns)   --->   "%store_ln211 = store i2 0, i11 %traceback_V_3_addr" [seq_align_multiple.cpp:211]   --->   Operation 125 'store' 'store_ln211' <Predicate = (trunc_ln206 == 3)> <Delay = 1.23> <CoreInst = "RAM">   --->   Core 83 'RAM' <Latency = 1> <II = 1> <Delay = 1.23> <Storage> <Opcode : 'load' 'store'> <Ports = 2> <Width = 2> <Depth = 2048> <RAM>
ST_3 : Operation 126 [1/1] (0.00ns)   --->   "%br_ln211 = br void %arrayidx6920.exit" [seq_align_multiple.cpp:211]   --->   Operation 126 'br' 'br_ln211' <Predicate = (trunc_ln206 == 3)> <Delay = 0.00>
ST_3 : Operation 127 [1/1] (1.23ns)   --->   "%store_ln211 = store i2 0, i11 %traceback_V_2_addr" [seq_align_multiple.cpp:211]   --->   Operation 127 'store' 'store_ln211' <Predicate = (trunc_ln206 == 2)> <Delay = 1.23> <CoreInst = "RAM">   --->   Core 83 'RAM' <Latency = 1> <II = 1> <Delay = 1.23> <Storage> <Opcode : 'load' 'store'> <Ports = 2> <Width = 2> <Depth = 2048> <RAM>
ST_3 : Operation 128 [1/1] (0.00ns)   --->   "%br_ln211 = br void %arrayidx6920.exit" [seq_align_multiple.cpp:211]   --->   Operation 128 'br' 'br_ln211' <Predicate = (trunc_ln206 == 2)> <Delay = 0.00>
ST_3 : Operation 129 [1/1] (1.23ns)   --->   "%store_ln211 = store i2 0, i11 %traceback_V_1_addr" [seq_align_multiple.cpp:211]   --->   Operation 129 'store' 'store_ln211' <Predicate = (trunc_ln206 == 1)> <Delay = 1.23> <CoreInst = "RAM">   --->   Core 83 'RAM' <Latency = 1> <II = 1> <Delay = 1.23> <Storage> <Opcode : 'load' 'store'> <Ports = 2> <Width = 2> <Depth = 2048> <RAM>
ST_3 : Operation 130 [1/1] (0.00ns)   --->   "%br_ln211 = br void %arrayidx6920.exit" [seq_align_multiple.cpp:211]   --->   Operation 130 'br' 'br_ln211' <Predicate = (trunc_ln206 == 1)> <Delay = 0.00>
ST_3 : Operation 131 [1/1] (1.23ns)   --->   "%store_ln211 = store i2 0, i11 %traceback_V_addr" [seq_align_multiple.cpp:211]   --->   Operation 131 'store' 'store_ln211' <Predicate = (trunc_ln206 == 0)> <Delay = 1.23> <CoreInst = "RAM">   --->   Core 83 'RAM' <Latency = 1> <II = 1> <Delay = 1.23> <Storage> <Opcode : 'load' 'store'> <Ports = 2> <Width = 2> <Depth = 2048> <RAM>
ST_3 : Operation 132 [1/1] (0.00ns)   --->   "%br_ln211 = br void %arrayidx6920.exit" [seq_align_multiple.cpp:211]   --->   Operation 132 'br' 'br_ln211' <Predicate = (trunc_ln206 == 0)> <Delay = 0.00>
ST_3 : Operation 133 [1/1] (1.23ns)   --->   "%store_ln211 = store i2 0, i11 %traceback_V_31_addr" [seq_align_multiple.cpp:211]   --->   Operation 133 'store' 'store_ln211' <Predicate = (trunc_ln206 == 31)> <Delay = 1.23> <CoreInst = "RAM">   --->   Core 83 'RAM' <Latency = 1> <II = 1> <Delay = 1.23> <Storage> <Opcode : 'load' 'store'> <Ports = 2> <Width = 2> <Depth = 2048> <RAM>
ST_3 : Operation 134 [1/1] (0.00ns)   --->   "%br_ln211 = br void %arrayidx6920.exit" [seq_align_multiple.cpp:211]   --->   Operation 134 'br' 'br_ln211' <Predicate = (trunc_ln206 == 31)> <Delay = 0.00>


============================================================
+ Verbose Summary: Timing violations
============================================================
Target clock period: 4ns, clock uncertainty: 1.08ns.

 <State 1>: 0.427ns
The critical path consists of the following:
	'alloca' operation ('indvar_flatten6') [35]  (0 ns)
	'store' operation ('store_ln0') of constant 0 on local variable 'indvar_flatten6' [36]  (0.427 ns)

 <State 2>: 2.48ns
The critical path consists of the following:
	'load' operation ('rr_load', seq_align_multiple.cpp:208) on local variable 'rr' [47]  (0 ns)
	'icmp' operation ('icmp_ln208', seq_align_multiple.cpp:208) [52]  (0.881 ns)
	'select' operation ('select_ln206', seq_align_multiple.cpp:206) [53]  (0.398 ns)
	'add' operation ('add_ln208', seq_align_multiple.cpp:208) [193]  (0.776 ns)
	'store' operation ('store_ln208', seq_align_multiple.cpp:208) of variable 'add_ln208', seq_align_multiple.cpp:208 on local variable 'rr' [196]  (0.427 ns)

 <State 3>: 1.24ns
The critical path consists of the following:
	'getelementptr' operation ('traceback_V_30_addr', seq_align_multiple.cpp:211) [92]  (0 ns)
	'store' operation ('store_ln211', seq_align_multiple.cpp:211) of constant 0 on array 'traceback_V_30' [97]  (1.24 ns)


============================================================
+ Verbose Summary: Binding
============================================================
N/A
* FSMD analyzer results:
  - Output states:
 - Input state : 
  - Chain level:
	State 1
	State 2
	State 3


============================================================
+ Verbose Summary: Datapath Resource usage 
============================================================
N/A
