

================================================================
== Vitis HLS Report for 'seq_align_Pipeline_local_Ixmem_loop_VITIS_LOOP_469_2'
================================================================
* Date:           Mon Aug  7 23:53:30 2023

* Version:        2022.1 (Build 3526262 on Mon Apr 18 15:47:01 MDT 2022)
* Project:        local_seq_multiple_align_sa
* Solution:       solution1 (Vitis Kernel Flow Target)
* Product family: zynquplus
* Target device:  xczu7ev-ffvc1156-2-i


================================================================
== Performance Estimates
================================================================
+ Timing: 
    * Summary: 
    +--------+---------+----------+------------+
    |  Clock |  Target | Estimated| Uncertainty|
    +--------+---------+----------+------------+
    |ap_clk  |  4.00 ns|  2.377 ns|     1.08 ns|
    +--------+---------+----------+------------+

+ Latency: 
    * Summary: 
    +---------+---------+----------+----------+-----+-----+---------+
    |  Latency (cycles) |  Latency (absolute) |  Interval | Pipeline|
    |   min   |   max   |    min   |    max   | min | max |   Type  |
    +---------+---------+----------+----------+-----+-----+---------+
    |       66|       66|  0.264 us|  0.264 us|   66|   66|       no|
    +---------+---------+----------+----------+-----+-----+---------+

    + Detail: 
        * Instance: 
        N/A

        * Loop: 
        +-------------------------------------+---------+---------+----------+-----------+-----------+------+----------+
        |                                     |  Latency (cycles) | Iteration|  Initiation Interval  | Trip |          |
        |              Loop Name              |   min   |   max   |  Latency |  achieved |   target  | Count| Pipelined|
        +-------------------------------------+---------+---------+----------+-----------+-----------+------+----------+
        |- local_Ixmem_loop_VITIS_LOOP_469_2  |       64|       64|         1|          1|          1|    64|       yes|
        +-------------------------------------+---------+---------+----------+-----------+-----------+------+----------+

============================================================
+ Verbose Summary: Synthesis Manager
============================================================
InlineROM: 1
ExposeGlobal: 0
============================================================
+ Verbose Summary: CDFG Model
============================================================
IsTopModel: 0
ResetActiveHigh: 1
IsCombinational: 0
IsDatapathOnly: 0
HasWiredReturn: 1
HasMFsm: 2
HasVarLatency: 1
IsPipeline: 0
IsRtlPipelined: 0
IsInstanceOverlapped: 0
IsDontTouch: 0
HasImplIP: 0
IsGatedGlobalClock: 0

+ Individual pipeline summary: 
  * Pipeline-0: initiation interval (II) = 1, depth = 1


============================================================
+ Verbose Summary: Schedule
============================================================
* Number of FSM states : 1
* Pipeline : 1
  Pipeline-0 : II = 1, D = 1, States = { 1 }
* Dataflow Pipeline: 0

* FSM state transitions: 
1 --> 

* FSM state operations: 

State 1 <SV = 0> <Delay = 2.37>
ST_1 : Operation 4 [1/1] (0.00ns)   --->   "%nn = alloca i32 1"   --->   Operation 4 'alloca' 'nn' <Predicate = true> <Delay = 0.00>
ST_1 : Operation 5 [1/1] (0.00ns)   --->   "%mm = alloca i32 1"   --->   Operation 5 'alloca' 'mm' <Predicate = true> <Delay = 0.00>
ST_1 : Operation 6 [1/1] (0.00ns)   --->   "%indvar_flatten6 = alloca i32 1"   --->   Operation 6 'alloca' 'indvar_flatten6' <Predicate = true> <Delay = 0.00>
ST_1 : Operation 7 [1/1] (0.42ns)   --->   "%store_ln0 = store i32 0, i32 %Ix_mem_30_out"   --->   Operation 7 'store' 'store_ln0' <Predicate = true> <Delay = 0.42>
ST_1 : Operation 8 [1/1] (0.42ns)   --->   "%store_ln0 = store i32 0, i32 %Ix_mem_29_out"   --->   Operation 8 'store' 'store_ln0' <Predicate = true> <Delay = 0.42>
ST_1 : Operation 9 [1/1] (0.42ns)   --->   "%store_ln0 = store i32 0, i32 %Ix_mem_28_out"   --->   Operation 9 'store' 'store_ln0' <Predicate = true> <Delay = 0.42>
ST_1 : Operation 10 [1/1] (0.42ns)   --->   "%store_ln0 = store i32 0, i32 %Ix_mem_27_out"   --->   Operation 10 'store' 'store_ln0' <Predicate = true> <Delay = 0.42>
ST_1 : Operation 11 [1/1] (0.42ns)   --->   "%store_ln0 = store i32 0, i32 %Ix_mem_26_out"   --->   Operation 11 'store' 'store_ln0' <Predicate = true> <Delay = 0.42>
ST_1 : Operation 12 [1/1] (0.42ns)   --->   "%store_ln0 = store i32 0, i32 %Ix_mem_25_out"   --->   Operation 12 'store' 'store_ln0' <Predicate = true> <Delay = 0.42>
ST_1 : Operation 13 [1/1] (0.42ns)   --->   "%store_ln0 = store i32 0, i32 %Ix_mem_24_out"   --->   Operation 13 'store' 'store_ln0' <Predicate = true> <Delay = 0.42>
ST_1 : Operation 14 [1/1] (0.42ns)   --->   "%store_ln0 = store i32 0, i32 %Ix_mem_23_out"   --->   Operation 14 'store' 'store_ln0' <Predicate = true> <Delay = 0.42>
ST_1 : Operation 15 [1/1] (0.42ns)   --->   "%store_ln0 = store i32 0, i32 %Ix_mem_22_out"   --->   Operation 15 'store' 'store_ln0' <Predicate = true> <Delay = 0.42>
ST_1 : Operation 16 [1/1] (0.42ns)   --->   "%store_ln0 = store i32 0, i32 %Ix_mem_21_out"   --->   Operation 16 'store' 'store_ln0' <Predicate = true> <Delay = 0.42>
ST_1 : Operation 17 [1/1] (0.42ns)   --->   "%store_ln0 = store i32 0, i32 %Ix_mem_20_out"   --->   Operation 17 'store' 'store_ln0' <Predicate = true> <Delay = 0.42>
ST_1 : Operation 18 [1/1] (0.42ns)   --->   "%store_ln0 = store i32 0, i32 %Ix_mem_19_out"   --->   Operation 18 'store' 'store_ln0' <Predicate = true> <Delay = 0.42>
ST_1 : Operation 19 [1/1] (0.42ns)   --->   "%store_ln0 = store i32 0, i32 %Ix_mem_18_out"   --->   Operation 19 'store' 'store_ln0' <Predicate = true> <Delay = 0.42>
ST_1 : Operation 20 [1/1] (0.42ns)   --->   "%store_ln0 = store i32 0, i32 %Ix_mem_17_out"   --->   Operation 20 'store' 'store_ln0' <Predicate = true> <Delay = 0.42>
ST_1 : Operation 21 [1/1] (0.42ns)   --->   "%store_ln0 = store i32 0, i32 %Ix_mem_16_out"   --->   Operation 21 'store' 'store_ln0' <Predicate = true> <Delay = 0.42>
ST_1 : Operation 22 [1/1] (0.42ns)   --->   "%store_ln0 = store i32 0, i32 %Ix_mem_15_out"   --->   Operation 22 'store' 'store_ln0' <Predicate = true> <Delay = 0.42>
ST_1 : Operation 23 [1/1] (0.42ns)   --->   "%store_ln0 = store i32 0, i32 %Ix_mem_14_out"   --->   Operation 23 'store' 'store_ln0' <Predicate = true> <Delay = 0.42>
ST_1 : Operation 24 [1/1] (0.42ns)   --->   "%store_ln0 = store i32 0, i32 %Ix_mem_13_out"   --->   Operation 24 'store' 'store_ln0' <Predicate = true> <Delay = 0.42>
ST_1 : Operation 25 [1/1] (0.42ns)   --->   "%store_ln0 = store i32 0, i32 %Ix_mem_12_out"   --->   Operation 25 'store' 'store_ln0' <Predicate = true> <Delay = 0.42>
ST_1 : Operation 26 [1/1] (0.42ns)   --->   "%store_ln0 = store i32 0, i32 %Ix_mem_11_out"   --->   Operation 26 'store' 'store_ln0' <Predicate = true> <Delay = 0.42>
ST_1 : Operation 27 [1/1] (0.42ns)   --->   "%store_ln0 = store i32 0, i32 %Ix_mem_10_out"   --->   Operation 27 'store' 'store_ln0' <Predicate = true> <Delay = 0.42>
ST_1 : Operation 28 [1/1] (0.42ns)   --->   "%store_ln0 = store i32 0, i32 %Ix_mem_9_out"   --->   Operation 28 'store' 'store_ln0' <Predicate = true> <Delay = 0.42>
ST_1 : Operation 29 [1/1] (0.42ns)   --->   "%store_ln0 = store i32 0, i32 %Ix_mem_8_out"   --->   Operation 29 'store' 'store_ln0' <Predicate = true> <Delay = 0.42>
ST_1 : Operation 30 [1/1] (0.42ns)   --->   "%store_ln0 = store i32 0, i32 %Ix_mem_7_out"   --->   Operation 30 'store' 'store_ln0' <Predicate = true> <Delay = 0.42>
ST_1 : Operation 31 [1/1] (0.42ns)   --->   "%store_ln0 = store i32 0, i32 %Ix_mem_6_out"   --->   Operation 31 'store' 'store_ln0' <Predicate = true> <Delay = 0.42>
ST_1 : Operation 32 [1/1] (0.42ns)   --->   "%store_ln0 = store i32 0, i32 %Ix_mem_5_out"   --->   Operation 32 'store' 'store_ln0' <Predicate = true> <Delay = 0.42>
ST_1 : Operation 33 [1/1] (0.42ns)   --->   "%store_ln0 = store i32 0, i32 %Ix_mem_4_out"   --->   Operation 33 'store' 'store_ln0' <Predicate = true> <Delay = 0.42>
ST_1 : Operation 34 [1/1] (0.42ns)   --->   "%store_ln0 = store i32 0, i32 %Ix_mem_3_out"   --->   Operation 34 'store' 'store_ln0' <Predicate = true> <Delay = 0.42>
ST_1 : Operation 35 [1/1] (0.42ns)   --->   "%store_ln0 = store i32 0, i32 %Ix_mem_2_out"   --->   Operation 35 'store' 'store_ln0' <Predicate = true> <Delay = 0.42>
ST_1 : Operation 36 [1/1] (0.42ns)   --->   "%store_ln0 = store i32 0, i32 %Ix_mem_1_out"   --->   Operation 36 'store' 'store_ln0' <Predicate = true> <Delay = 0.42>
ST_1 : Operation 37 [1/1] (0.42ns)   --->   "%store_ln0 = store i32 0, i32 %Ix_mem_out"   --->   Operation 37 'store' 'store_ln0' <Predicate = true> <Delay = 0.42>
ST_1 : Operation 38 [1/1] (0.42ns)   --->   "%store_ln0 = store i32 0, i32 %Iy_mem_31_out"   --->   Operation 38 'store' 'store_ln0' <Predicate = true> <Delay = 0.42>
ST_1 : Operation 39 [1/1] (0.42ns)   --->   "%store_ln0 = store i32 0, i32 %Iy_mem_30_out"   --->   Operation 39 'store' 'store_ln0' <Predicate = true> <Delay = 0.42>
ST_1 : Operation 40 [1/1] (0.42ns)   --->   "%store_ln0 = store i32 0, i32 %Iy_mem_29_out"   --->   Operation 40 'store' 'store_ln0' <Predicate = true> <Delay = 0.42>
ST_1 : Operation 41 [1/1] (0.42ns)   --->   "%store_ln0 = store i32 0, i32 %Iy_mem_28_out"   --->   Operation 41 'store' 'store_ln0' <Predicate = true> <Delay = 0.42>
ST_1 : Operation 42 [1/1] (0.42ns)   --->   "%store_ln0 = store i32 0, i32 %Iy_mem_27_out"   --->   Operation 42 'store' 'store_ln0' <Predicate = true> <Delay = 0.42>
ST_1 : Operation 43 [1/1] (0.42ns)   --->   "%store_ln0 = store i32 0, i32 %Iy_mem_26_out"   --->   Operation 43 'store' 'store_ln0' <Predicate = true> <Delay = 0.42>
ST_1 : Operation 44 [1/1] (0.42ns)   --->   "%store_ln0 = store i32 0, i32 %Iy_mem_25_out"   --->   Operation 44 'store' 'store_ln0' <Predicate = true> <Delay = 0.42>
ST_1 : Operation 45 [1/1] (0.42ns)   --->   "%store_ln0 = store i32 0, i32 %Iy_mem_24_out"   --->   Operation 45 'store' 'store_ln0' <Predicate = true> <Delay = 0.42>
ST_1 : Operation 46 [1/1] (0.42ns)   --->   "%store_ln0 = store i32 0, i32 %Iy_mem_23_out"   --->   Operation 46 'store' 'store_ln0' <Predicate = true> <Delay = 0.42>
ST_1 : Operation 47 [1/1] (0.42ns)   --->   "%store_ln0 = store i32 0, i32 %Iy_mem_22_out"   --->   Operation 47 'store' 'store_ln0' <Predicate = true> <Delay = 0.42>
ST_1 : Operation 48 [1/1] (0.42ns)   --->   "%store_ln0 = store i32 0, i32 %Iy_mem_21_out"   --->   Operation 48 'store' 'store_ln0' <Predicate = true> <Delay = 0.42>
ST_1 : Operation 49 [1/1] (0.42ns)   --->   "%store_ln0 = store i32 0, i32 %Iy_mem_20_out"   --->   Operation 49 'store' 'store_ln0' <Predicate = true> <Delay = 0.42>
ST_1 : Operation 50 [1/1] (0.42ns)   --->   "%store_ln0 = store i32 0, i32 %Iy_mem_19_out"   --->   Operation 50 'store' 'store_ln0' <Predicate = true> <Delay = 0.42>
ST_1 : Operation 51 [1/1] (0.42ns)   --->   "%store_ln0 = store i32 0, i32 %Iy_mem_18_out"   --->   Operation 51 'store' 'store_ln0' <Predicate = true> <Delay = 0.42>
ST_1 : Operation 52 [1/1] (0.42ns)   --->   "%store_ln0 = store i32 0, i32 %Iy_mem_17_out"   --->   Operation 52 'store' 'store_ln0' <Predicate = true> <Delay = 0.42>
ST_1 : Operation 53 [1/1] (0.42ns)   --->   "%store_ln0 = store i32 0, i32 %Iy_mem_16_out"   --->   Operation 53 'store' 'store_ln0' <Predicate = true> <Delay = 0.42>
ST_1 : Operation 54 [1/1] (0.42ns)   --->   "%store_ln0 = store i32 0, i32 %Iy_mem_15_out"   --->   Operation 54 'store' 'store_ln0' <Predicate = true> <Delay = 0.42>
ST_1 : Operation 55 [1/1] (0.42ns)   --->   "%store_ln0 = store i32 0, i32 %Iy_mem_14_out"   --->   Operation 55 'store' 'store_ln0' <Predicate = true> <Delay = 0.42>
ST_1 : Operation 56 [1/1] (0.42ns)   --->   "%store_ln0 = store i32 0, i32 %Iy_mem_13_out"   --->   Operation 56 'store' 'store_ln0' <Predicate = true> <Delay = 0.42>
ST_1 : Operation 57 [1/1] (0.42ns)   --->   "%store_ln0 = store i32 0, i32 %Iy_mem_12_out"   --->   Operation 57 'store' 'store_ln0' <Predicate = true> <Delay = 0.42>
ST_1 : Operation 58 [1/1] (0.42ns)   --->   "%store_ln0 = store i32 0, i32 %Iy_mem_11_out"   --->   Operation 58 'store' 'store_ln0' <Predicate = true> <Delay = 0.42>
ST_1 : Operation 59 [1/1] (0.42ns)   --->   "%store_ln0 = store i32 0, i32 %Iy_mem_10_out"   --->   Operation 59 'store' 'store_ln0' <Predicate = true> <Delay = 0.42>
ST_1 : Operation 60 [1/1] (0.42ns)   --->   "%store_ln0 = store i32 0, i32 %Iy_mem_9_out"   --->   Operation 60 'store' 'store_ln0' <Predicate = true> <Delay = 0.42>
ST_1 : Operation 61 [1/1] (0.42ns)   --->   "%store_ln0 = store i32 0, i32 %Iy_mem_8_out"   --->   Operation 61 'store' 'store_ln0' <Predicate = true> <Delay = 0.42>
ST_1 : Operation 62 [1/1] (0.42ns)   --->   "%store_ln0 = store i32 0, i32 %Iy_mem_7_out"   --->   Operation 62 'store' 'store_ln0' <Predicate = true> <Delay = 0.42>
ST_1 : Operation 63 [1/1] (0.42ns)   --->   "%store_ln0 = store i32 0, i32 %Iy_mem_6_out"   --->   Operation 63 'store' 'store_ln0' <Predicate = true> <Delay = 0.42>
ST_1 : Operation 64 [1/1] (0.42ns)   --->   "%store_ln0 = store i32 0, i32 %Iy_mem_5_out"   --->   Operation 64 'store' 'store_ln0' <Predicate = true> <Delay = 0.42>
ST_1 : Operation 65 [1/1] (0.42ns)   --->   "%store_ln0 = store i32 0, i32 %Iy_mem_4_out"   --->   Operation 65 'store' 'store_ln0' <Predicate = true> <Delay = 0.42>
ST_1 : Operation 66 [1/1] (0.42ns)   --->   "%store_ln0 = store i32 0, i32 %Iy_mem_3_out"   --->   Operation 66 'store' 'store_ln0' <Predicate = true> <Delay = 0.42>
ST_1 : Operation 67 [1/1] (0.42ns)   --->   "%store_ln0 = store i32 0, i32 %Iy_mem_2_out"   --->   Operation 67 'store' 'store_ln0' <Predicate = true> <Delay = 0.42>
ST_1 : Operation 68 [1/1] (0.42ns)   --->   "%store_ln0 = store i32 0, i32 %Iy_mem_1_out"   --->   Operation 68 'store' 'store_ln0' <Predicate = true> <Delay = 0.42>
ST_1 : Operation 69 [1/1] (0.42ns)   --->   "%store_ln0 = store i32 0, i32 %Iy_mem_out"   --->   Operation 69 'store' 'store_ln0' <Predicate = true> <Delay = 0.42>
ST_1 : Operation 70 [1/1] (0.42ns)   --->   "%store_ln0 = store i7 0, i7 %indvar_flatten6"   --->   Operation 70 'store' 'store_ln0' <Predicate = true> <Delay = 0.42>
ST_1 : Operation 71 [1/1] (0.42ns)   --->   "%store_ln0 = store i2 0, i2 %mm"   --->   Operation 71 'store' 'store_ln0' <Predicate = true> <Delay = 0.42>
ST_1 : Operation 72 [1/1] (0.42ns)   --->   "%store_ln0 = store i6 0, i6 %nn"   --->   Operation 72 'store' 'store_ln0' <Predicate = true> <Delay = 0.42>
ST_1 : Operation 73 [1/1] (0.00ns)   --->   "%br_ln0 = br void %for.inc67"   --->   Operation 73 'br' 'br_ln0' <Predicate = true> <Delay = 0.00>
ST_1 : Operation 74 [1/1] (0.00ns)   --->   "%indvar_flatten6_load = load i7 %indvar_flatten6" [seq_align_multiple.cpp:467]   --->   Operation 74 'load' 'indvar_flatten6_load' <Predicate = true> <Delay = 0.00>
ST_1 : Operation 75 [1/1] (0.00ns)   --->   "%specpipeline_ln0 = specpipeline void @_ssdm_op_SpecPipeline, i32 4294967295, i32 0, i32 1, i32 0, void @p_str"   --->   Operation 75 'specpipeline' 'specpipeline_ln0' <Predicate = true> <Delay = 0.00>
ST_1 : Operation 76 [1/1] (0.81ns)   --->   "%icmp_ln467 = icmp_eq  i7 %indvar_flatten6_load, i7 64" [seq_align_multiple.cpp:467]   --->   Operation 76 'icmp' 'icmp_ln467' <Predicate = true> <Delay = 0.81> <CoreInst = "Cmp">   --->   Core 9 'Cmp' <Latency = 0> <II = 1> <Delay = 0.81> <FuncUnit> <Opcode : 'icmp'> <InPorts = 2> <OutPorts = 1>
ST_1 : Operation 77 [1/1] (0.77ns)   --->   "%add_ln467_1 = add i7 %indvar_flatten6_load, i7 1" [seq_align_multiple.cpp:467]   --->   Operation 77 'add' 'add_ln467_1' <Predicate = true> <Delay = 0.77> <CoreInst = "Adder">   --->   Core 1 'Adder' <Latency = 0> <II = 1> <Delay = 0.77> <FuncUnit> <Opcode : 'add' 'sub'> <InPorts = 2> <OutPorts = 1>
ST_1 : Operation 78 [1/1] (0.00ns)   --->   "%br_ln467 = br i1 %icmp_ln467, void %for.inc70, void %for.inc81.preheader.exitStub" [seq_align_multiple.cpp:467]   --->   Operation 78 'br' 'br_ln467' <Predicate = true> <Delay = 0.00>
ST_1 : Operation 79 [1/1] (0.00ns)   --->   "%nn_load = load i6 %nn" [seq_align_multiple.cpp:469]   --->   Operation 79 'load' 'nn_load' <Predicate = (!icmp_ln467)> <Delay = 0.00>
ST_1 : Operation 80 [1/1] (0.00ns)   --->   "%mm_load = load i2 %mm" [seq_align_multiple.cpp:467]   --->   Operation 80 'load' 'mm_load' <Predicate = (!icmp_ln467)> <Delay = 0.00>
ST_1 : Operation 81 [1/1] (0.54ns)   --->   "%add_ln467 = add i2 %mm_load, i2 1" [seq_align_multiple.cpp:467]   --->   Operation 81 'add' 'add_ln467' <Predicate = (!icmp_ln467)> <Delay = 0.54> <CoreInst = "Adder">   --->   Core 1 'Adder' <Latency = 0> <II = 1> <Delay = 0.54> <FuncUnit> <Opcode : 'add' 'sub'> <InPorts = 2> <OutPorts = 1>
ST_1 : Operation 82 [1/1] (0.00ns)   --->   "%specloopname_ln0 = specloopname void @_ssdm_op_SpecLoopName, void @local_Ixmem_loop_VITIS_LOOP_469_2_str"   --->   Operation 82 'specloopname' 'specloopname_ln0' <Predicate = (!icmp_ln467)> <Delay = 0.00>
ST_1 : Operation 83 [1/1] (0.00ns)   --->   "%empty = speclooptripcount i32 @_ssdm_op_SpecLoopTripCount, i64 64, i64 64, i64 64"   --->   Operation 83 'speclooptripcount' 'empty' <Predicate = (!icmp_ln467)> <Delay = 0.00>
ST_1 : Operation 84 [1/1] (0.78ns)   --->   "%icmp_ln469 = icmp_eq  i6 %nn_load, i6 32" [seq_align_multiple.cpp:469]   --->   Operation 84 'icmp' 'icmp_ln469' <Predicate = (!icmp_ln467)> <Delay = 0.78> <CoreInst = "Cmp">   --->   Core 9 'Cmp' <Latency = 0> <II = 1> <Delay = 0.78> <FuncUnit> <Opcode : 'icmp'> <InPorts = 2> <OutPorts = 1>
ST_1 : Operation 85 [1/1] (0.38ns)   --->   "%select_ln425 = select i1 %icmp_ln469, i6 0, i6 %nn_load" [seq_align_multiple.cpp:425]   --->   Operation 85 'select' 'select_ln425' <Predicate = (!icmp_ln467)> <Delay = 0.38> <CoreInst = "Sel">   --->   Core 73 'Sel' <Latency = 0> <II = 1> <Delay = 0.38> <FuncUnit> <Opcode : 'select'> <InPorts = 3> <OutPorts = 1>
ST_1 : Operation 86 [1/1] (0.17ns)   --->   "%select_ln425_1 = select i1 %icmp_ln469, i2 %add_ln467, i2 %mm_load" [seq_align_multiple.cpp:425]   --->   Operation 86 'select' 'select_ln425_1' <Predicate = (!icmp_ln467)> <Delay = 0.17> <CoreInst = "Sel">   --->   Core 73 'Sel' <Latency = 0> <II = 1> <Delay = 0.17> <FuncUnit> <Opcode : 'select'> <InPorts = 3> <OutPorts = 1>
ST_1 : Operation 87 [1/1] (0.00ns)   --->   "%trunc_ln425 = trunc i2 %select_ln425_1" [seq_align_multiple.cpp:425]   --->   Operation 87 'trunc' 'trunc_ln425' <Predicate = (!icmp_ln467)> <Delay = 0.00>
ST_1 : Operation 88 [1/1] (0.00ns)   --->   "%specpipeline_ln0 = specpipeline void @_ssdm_op_SpecPipeline, i32 4294967295, i32 0, i32 1, i32 0, void @p_str"   --->   Operation 88 'specpipeline' 'specpipeline_ln0' <Predicate = (!icmp_ln467)> <Delay = 0.00>
ST_1 : Operation 89 [1/1] (0.00ns)   --->   "%specloopname_ln425 = specloopname void @_ssdm_op_SpecLoopName, void @empty_21" [seq_align_multiple.cpp:425]   --->   Operation 89 'specloopname' 'specloopname_ln425' <Predicate = (!icmp_ln467)> <Delay = 0.00>
ST_1 : Operation 90 [1/1] (0.00ns)   --->   "%trunc_ln471 = trunc i6 %select_ln425" [seq_align_multiple.cpp:471]   --->   Operation 90 'trunc' 'trunc_ln471' <Predicate = (!icmp_ln467)> <Delay = 0.00>
ST_1 : Operation 91 [1/1] (0.00ns)   --->   "%br_ln471 = br i1 %trunc_ln425, void %arrayidx6641.exit, void %arrayidx6240.case.1" [seq_align_multiple.cpp:471]   --->   Operation 91 'br' 'br_ln471' <Predicate = (!icmp_ln467)> <Delay = 0.00>
ST_1 : Operation 92 [1/1] (0.44ns)   --->   "%switch_ln471 = switch i5 %trunc_ln471, void %arrayidx6641.case.1, i5 0, void %arrayidx6240.case.1.arrayidx6641.case.1_crit_edge, i5 1, void %arrayidx6240.case.1.arrayidx6641.case.1_crit_edge1, i5 2, void %arrayidx6240.case.21777, i5 3, void %arrayidx6240.case.31778, i5 4, void %arrayidx6240.case.41779, i5 5, void %arrayidx6240.case.51780, i5 6, void %arrayidx6240.case.61781, i5 7, void %arrayidx6240.case.71782, i5 8, void %arrayidx6240.case.81783, i5 9, void %arrayidx6240.case.91784, i5 10, void %arrayidx6240.case.101785, i5 11, void %arrayidx6240.case.111786, i5 12, void %arrayidx6240.case.121787, i5 13, void %arrayidx6240.case.131788, i5 14, void %arrayidx6240.case.141789, i5 15, void %arrayidx6240.case.151790, i5 16, void %arrayidx6240.case.161791, i5 17, void %arrayidx6240.case.171792, i5 18, void %arrayidx6240.case.181793, i5 19, void %arrayidx6240.case.191794, i5 20, void %arrayidx6240.case.201795, i5 21, void %arrayidx6240.case.211796, i5 22, void %arrayidx6240.case.221797, i5 23, void %arrayidx6240.case.231798, i5 24, void %arrayidx6240.case.241799, i5 25, void %arrayidx6240.case.251800, i5 26, void %arrayidx6240.case.261801, i5 27, void %arrayidx6240.case.271802, i5 28, void %arrayidx6240.case.281803, i5 29, void %arrayidx6240.case.291804, i5 30, void %arrayidx6240.case.301805" [seq_align_multiple.cpp:471]   --->   Operation 92 'switch' 'switch_ln471' <Predicate = (!icmp_ln467 & trunc_ln425)> <Delay = 0.44>
ST_1 : Operation 93 [1/1] (0.42ns)   --->   "%store_ln471 = store i32 0, i32 %Ix_mem_30_out" [seq_align_multiple.cpp:471]   --->   Operation 93 'store' 'store_ln471' <Predicate = (!icmp_ln467 & trunc_ln425 & trunc_ln471 == 30)> <Delay = 0.42>
ST_1 : Operation 94 [1/1] (0.00ns)   --->   "%br_ln471 = br void %arrayidx6641.case.1" [seq_align_multiple.cpp:471]   --->   Operation 94 'br' 'br_ln471' <Predicate = (!icmp_ln467 & trunc_ln425 & trunc_ln471 == 30)> <Delay = 0.00>
ST_1 : Operation 95 [1/1] (0.42ns)   --->   "%store_ln471 = store i32 0, i32 %Ix_mem_29_out" [seq_align_multiple.cpp:471]   --->   Operation 95 'store' 'store_ln471' <Predicate = (!icmp_ln467 & trunc_ln425 & trunc_ln471 == 29)> <Delay = 0.42>
ST_1 : Operation 96 [1/1] (0.00ns)   --->   "%br_ln471 = br void %arrayidx6641.case.1" [seq_align_multiple.cpp:471]   --->   Operation 96 'br' 'br_ln471' <Predicate = (!icmp_ln467 & trunc_ln425 & trunc_ln471 == 29)> <Delay = 0.00>
ST_1 : Operation 97 [1/1] (0.42ns)   --->   "%store_ln471 = store i32 0, i32 %Ix_mem_28_out" [seq_align_multiple.cpp:471]   --->   Operation 97 'store' 'store_ln471' <Predicate = (!icmp_ln467 & trunc_ln425 & trunc_ln471 == 28)> <Delay = 0.42>
ST_1 : Operation 98 [1/1] (0.00ns)   --->   "%br_ln471 = br void %arrayidx6641.case.1" [seq_align_multiple.cpp:471]   --->   Operation 98 'br' 'br_ln471' <Predicate = (!icmp_ln467 & trunc_ln425 & trunc_ln471 == 28)> <Delay = 0.00>
ST_1 : Operation 99 [1/1] (0.42ns)   --->   "%store_ln471 = store i32 0, i32 %Ix_mem_27_out" [seq_align_multiple.cpp:471]   --->   Operation 99 'store' 'store_ln471' <Predicate = (!icmp_ln467 & trunc_ln425 & trunc_ln471 == 27)> <Delay = 0.42>
ST_1 : Operation 100 [1/1] (0.00ns)   --->   "%br_ln471 = br void %arrayidx6641.case.1" [seq_align_multiple.cpp:471]   --->   Operation 100 'br' 'br_ln471' <Predicate = (!icmp_ln467 & trunc_ln425 & trunc_ln471 == 27)> <Delay = 0.00>
ST_1 : Operation 101 [1/1] (0.42ns)   --->   "%store_ln471 = store i32 0, i32 %Ix_mem_26_out" [seq_align_multiple.cpp:471]   --->   Operation 101 'store' 'store_ln471' <Predicate = (!icmp_ln467 & trunc_ln425 & trunc_ln471 == 26)> <Delay = 0.42>
ST_1 : Operation 102 [1/1] (0.00ns)   --->   "%br_ln471 = br void %arrayidx6641.case.1" [seq_align_multiple.cpp:471]   --->   Operation 102 'br' 'br_ln471' <Predicate = (!icmp_ln467 & trunc_ln425 & trunc_ln471 == 26)> <Delay = 0.00>
ST_1 : Operation 103 [1/1] (0.42ns)   --->   "%store_ln471 = store i32 0, i32 %Ix_mem_25_out" [seq_align_multiple.cpp:471]   --->   Operation 103 'store' 'store_ln471' <Predicate = (!icmp_ln467 & trunc_ln425 & trunc_ln471 == 25)> <Delay = 0.42>
ST_1 : Operation 104 [1/1] (0.00ns)   --->   "%br_ln471 = br void %arrayidx6641.case.1" [seq_align_multiple.cpp:471]   --->   Operation 104 'br' 'br_ln471' <Predicate = (!icmp_ln467 & trunc_ln425 & trunc_ln471 == 25)> <Delay = 0.00>
ST_1 : Operation 105 [1/1] (0.42ns)   --->   "%store_ln471 = store i32 0, i32 %Ix_mem_24_out" [seq_align_multiple.cpp:471]   --->   Operation 105 'store' 'store_ln471' <Predicate = (!icmp_ln467 & trunc_ln425 & trunc_ln471 == 24)> <Delay = 0.42>
ST_1 : Operation 106 [1/1] (0.00ns)   --->   "%br_ln471 = br void %arrayidx6641.case.1" [seq_align_multiple.cpp:471]   --->   Operation 106 'br' 'br_ln471' <Predicate = (!icmp_ln467 & trunc_ln425 & trunc_ln471 == 24)> <Delay = 0.00>
ST_1 : Operation 107 [1/1] (0.42ns)   --->   "%store_ln471 = store i32 0, i32 %Ix_mem_23_out" [seq_align_multiple.cpp:471]   --->   Operation 107 'store' 'store_ln471' <Predicate = (!icmp_ln467 & trunc_ln425 & trunc_ln471 == 23)> <Delay = 0.42>
ST_1 : Operation 108 [1/1] (0.00ns)   --->   "%br_ln471 = br void %arrayidx6641.case.1" [seq_align_multiple.cpp:471]   --->   Operation 108 'br' 'br_ln471' <Predicate = (!icmp_ln467 & trunc_ln425 & trunc_ln471 == 23)> <Delay = 0.00>
ST_1 : Operation 109 [1/1] (0.42ns)   --->   "%store_ln471 = store i32 0, i32 %Ix_mem_22_out" [seq_align_multiple.cpp:471]   --->   Operation 109 'store' 'store_ln471' <Predicate = (!icmp_ln467 & trunc_ln425 & trunc_ln471 == 22)> <Delay = 0.42>
ST_1 : Operation 110 [1/1] (0.00ns)   --->   "%br_ln471 = br void %arrayidx6641.case.1" [seq_align_multiple.cpp:471]   --->   Operation 110 'br' 'br_ln471' <Predicate = (!icmp_ln467 & trunc_ln425 & trunc_ln471 == 22)> <Delay = 0.00>
ST_1 : Operation 111 [1/1] (0.42ns)   --->   "%store_ln471 = store i32 0, i32 %Ix_mem_21_out" [seq_align_multiple.cpp:471]   --->   Operation 111 'store' 'store_ln471' <Predicate = (!icmp_ln467 & trunc_ln425 & trunc_ln471 == 21)> <Delay = 0.42>
ST_1 : Operation 112 [1/1] (0.00ns)   --->   "%br_ln471 = br void %arrayidx6641.case.1" [seq_align_multiple.cpp:471]   --->   Operation 112 'br' 'br_ln471' <Predicate = (!icmp_ln467 & trunc_ln425 & trunc_ln471 == 21)> <Delay = 0.00>
ST_1 : Operation 113 [1/1] (0.42ns)   --->   "%store_ln471 = store i32 0, i32 %Ix_mem_20_out" [seq_align_multiple.cpp:471]   --->   Operation 113 'store' 'store_ln471' <Predicate = (!icmp_ln467 & trunc_ln425 & trunc_ln471 == 20)> <Delay = 0.42>
ST_1 : Operation 114 [1/1] (0.00ns)   --->   "%br_ln471 = br void %arrayidx6641.case.1" [seq_align_multiple.cpp:471]   --->   Operation 114 'br' 'br_ln471' <Predicate = (!icmp_ln467 & trunc_ln425 & trunc_ln471 == 20)> <Delay = 0.00>
ST_1 : Operation 115 [1/1] (0.42ns)   --->   "%store_ln471 = store i32 0, i32 %Ix_mem_19_out" [seq_align_multiple.cpp:471]   --->   Operation 115 'store' 'store_ln471' <Predicate = (!icmp_ln467 & trunc_ln425 & trunc_ln471 == 19)> <Delay = 0.42>
ST_1 : Operation 116 [1/1] (0.00ns)   --->   "%br_ln471 = br void %arrayidx6641.case.1" [seq_align_multiple.cpp:471]   --->   Operation 116 'br' 'br_ln471' <Predicate = (!icmp_ln467 & trunc_ln425 & trunc_ln471 == 19)> <Delay = 0.00>
ST_1 : Operation 117 [1/1] (0.42ns)   --->   "%store_ln471 = store i32 0, i32 %Ix_mem_18_out" [seq_align_multiple.cpp:471]   --->   Operation 117 'store' 'store_ln471' <Predicate = (!icmp_ln467 & trunc_ln425 & trunc_ln471 == 18)> <Delay = 0.42>
ST_1 : Operation 118 [1/1] (0.00ns)   --->   "%br_ln471 = br void %arrayidx6641.case.1" [seq_align_multiple.cpp:471]   --->   Operation 118 'br' 'br_ln471' <Predicate = (!icmp_ln467 & trunc_ln425 & trunc_ln471 == 18)> <Delay = 0.00>
ST_1 : Operation 119 [1/1] (0.42ns)   --->   "%store_ln471 = store i32 0, i32 %Ix_mem_17_out" [seq_align_multiple.cpp:471]   --->   Operation 119 'store' 'store_ln471' <Predicate = (!icmp_ln467 & trunc_ln425 & trunc_ln471 == 17)> <Delay = 0.42>
ST_1 : Operation 120 [1/1] (0.00ns)   --->   "%br_ln471 = br void %arrayidx6641.case.1" [seq_align_multiple.cpp:471]   --->   Operation 120 'br' 'br_ln471' <Predicate = (!icmp_ln467 & trunc_ln425 & trunc_ln471 == 17)> <Delay = 0.00>
ST_1 : Operation 121 [1/1] (0.42ns)   --->   "%store_ln471 = store i32 0, i32 %Ix_mem_16_out" [seq_align_multiple.cpp:471]   --->   Operation 121 'store' 'store_ln471' <Predicate = (!icmp_ln467 & trunc_ln425 & trunc_ln471 == 16)> <Delay = 0.42>
ST_1 : Operation 122 [1/1] (0.00ns)   --->   "%br_ln471 = br void %arrayidx6641.case.1" [seq_align_multiple.cpp:471]   --->   Operation 122 'br' 'br_ln471' <Predicate = (!icmp_ln467 & trunc_ln425 & trunc_ln471 == 16)> <Delay = 0.00>
ST_1 : Operation 123 [1/1] (0.42ns)   --->   "%store_ln471 = store i32 0, i32 %Ix_mem_15_out" [seq_align_multiple.cpp:471]   --->   Operation 123 'store' 'store_ln471' <Predicate = (!icmp_ln467 & trunc_ln425 & trunc_ln471 == 15)> <Delay = 0.42>
ST_1 : Operation 124 [1/1] (0.00ns)   --->   "%br_ln471 = br void %arrayidx6641.case.1" [seq_align_multiple.cpp:471]   --->   Operation 124 'br' 'br_ln471' <Predicate = (!icmp_ln467 & trunc_ln425 & trunc_ln471 == 15)> <Delay = 0.00>
ST_1 : Operation 125 [1/1] (0.42ns)   --->   "%store_ln471 = store i32 0, i32 %Ix_mem_14_out" [seq_align_multiple.cpp:471]   --->   Operation 125 'store' 'store_ln471' <Predicate = (!icmp_ln467 & trunc_ln425 & trunc_ln471 == 14)> <Delay = 0.42>
ST_1 : Operation 126 [1/1] (0.00ns)   --->   "%br_ln471 = br void %arrayidx6641.case.1" [seq_align_multiple.cpp:471]   --->   Operation 126 'br' 'br_ln471' <Predicate = (!icmp_ln467 & trunc_ln425 & trunc_ln471 == 14)> <Delay = 0.00>
ST_1 : Operation 127 [1/1] (0.42ns)   --->   "%store_ln471 = store i32 0, i32 %Ix_mem_13_out" [seq_align_multiple.cpp:471]   --->   Operation 127 'store' 'store_ln471' <Predicate = (!icmp_ln467 & trunc_ln425 & trunc_ln471 == 13)> <Delay = 0.42>
ST_1 : Operation 128 [1/1] (0.00ns)   --->   "%br_ln471 = br void %arrayidx6641.case.1" [seq_align_multiple.cpp:471]   --->   Operation 128 'br' 'br_ln471' <Predicate = (!icmp_ln467 & trunc_ln425 & trunc_ln471 == 13)> <Delay = 0.00>
ST_1 : Operation 129 [1/1] (0.42ns)   --->   "%store_ln471 = store i32 0, i32 %Ix_mem_12_out" [seq_align_multiple.cpp:471]   --->   Operation 129 'store' 'store_ln471' <Predicate = (!icmp_ln467 & trunc_ln425 & trunc_ln471 == 12)> <Delay = 0.42>
ST_1 : Operation 130 [1/1] (0.00ns)   --->   "%br_ln471 = br void %arrayidx6641.case.1" [seq_align_multiple.cpp:471]   --->   Operation 130 'br' 'br_ln471' <Predicate = (!icmp_ln467 & trunc_ln425 & trunc_ln471 == 12)> <Delay = 0.00>
ST_1 : Operation 131 [1/1] (0.42ns)   --->   "%store_ln471 = store i32 0, i32 %Ix_mem_11_out" [seq_align_multiple.cpp:471]   --->   Operation 131 'store' 'store_ln471' <Predicate = (!icmp_ln467 & trunc_ln425 & trunc_ln471 == 11)> <Delay = 0.42>
ST_1 : Operation 132 [1/1] (0.00ns)   --->   "%br_ln471 = br void %arrayidx6641.case.1" [seq_align_multiple.cpp:471]   --->   Operation 132 'br' 'br_ln471' <Predicate = (!icmp_ln467 & trunc_ln425 & trunc_ln471 == 11)> <Delay = 0.00>
ST_1 : Operation 133 [1/1] (0.42ns)   --->   "%store_ln471 = store i32 0, i32 %Ix_mem_10_out" [seq_align_multiple.cpp:471]   --->   Operation 133 'store' 'store_ln471' <Predicate = (!icmp_ln467 & trunc_ln425 & trunc_ln471 == 10)> <Delay = 0.42>
ST_1 : Operation 134 [1/1] (0.00ns)   --->   "%br_ln471 = br void %arrayidx6641.case.1" [seq_align_multiple.cpp:471]   --->   Operation 134 'br' 'br_ln471' <Predicate = (!icmp_ln467 & trunc_ln425 & trunc_ln471 == 10)> <Delay = 0.00>
ST_1 : Operation 135 [1/1] (0.42ns)   --->   "%store_ln471 = store i32 0, i32 %Ix_mem_9_out" [seq_align_multiple.cpp:471]   --->   Operation 135 'store' 'store_ln471' <Predicate = (!icmp_ln467 & trunc_ln425 & trunc_ln471 == 9)> <Delay = 0.42>
ST_1 : Operation 136 [1/1] (0.00ns)   --->   "%br_ln471 = br void %arrayidx6641.case.1" [seq_align_multiple.cpp:471]   --->   Operation 136 'br' 'br_ln471' <Predicate = (!icmp_ln467 & trunc_ln425 & trunc_ln471 == 9)> <Delay = 0.00>
ST_1 : Operation 137 [1/1] (0.42ns)   --->   "%store_ln471 = store i32 0, i32 %Ix_mem_8_out" [seq_align_multiple.cpp:471]   --->   Operation 137 'store' 'store_ln471' <Predicate = (!icmp_ln467 & trunc_ln425 & trunc_ln471 == 8)> <Delay = 0.42>
ST_1 : Operation 138 [1/1] (0.00ns)   --->   "%br_ln471 = br void %arrayidx6641.case.1" [seq_align_multiple.cpp:471]   --->   Operation 138 'br' 'br_ln471' <Predicate = (!icmp_ln467 & trunc_ln425 & trunc_ln471 == 8)> <Delay = 0.00>
ST_1 : Operation 139 [1/1] (0.42ns)   --->   "%store_ln471 = store i32 0, i32 %Ix_mem_7_out" [seq_align_multiple.cpp:471]   --->   Operation 139 'store' 'store_ln471' <Predicate = (!icmp_ln467 & trunc_ln425 & trunc_ln471 == 7)> <Delay = 0.42>
ST_1 : Operation 140 [1/1] (0.00ns)   --->   "%br_ln471 = br void %arrayidx6641.case.1" [seq_align_multiple.cpp:471]   --->   Operation 140 'br' 'br_ln471' <Predicate = (!icmp_ln467 & trunc_ln425 & trunc_ln471 == 7)> <Delay = 0.00>
ST_1 : Operation 141 [1/1] (0.42ns)   --->   "%store_ln471 = store i32 0, i32 %Ix_mem_6_out" [seq_align_multiple.cpp:471]   --->   Operation 141 'store' 'store_ln471' <Predicate = (!icmp_ln467 & trunc_ln425 & trunc_ln471 == 6)> <Delay = 0.42>
ST_1 : Operation 142 [1/1] (0.00ns)   --->   "%br_ln471 = br void %arrayidx6641.case.1" [seq_align_multiple.cpp:471]   --->   Operation 142 'br' 'br_ln471' <Predicate = (!icmp_ln467 & trunc_ln425 & trunc_ln471 == 6)> <Delay = 0.00>
ST_1 : Operation 143 [1/1] (0.42ns)   --->   "%store_ln471 = store i32 0, i32 %Ix_mem_5_out" [seq_align_multiple.cpp:471]   --->   Operation 143 'store' 'store_ln471' <Predicate = (!icmp_ln467 & trunc_ln425 & trunc_ln471 == 5)> <Delay = 0.42>
ST_1 : Operation 144 [1/1] (0.00ns)   --->   "%br_ln471 = br void %arrayidx6641.case.1" [seq_align_multiple.cpp:471]   --->   Operation 144 'br' 'br_ln471' <Predicate = (!icmp_ln467 & trunc_ln425 & trunc_ln471 == 5)> <Delay = 0.00>
ST_1 : Operation 145 [1/1] (0.42ns)   --->   "%store_ln471 = store i32 0, i32 %Ix_mem_4_out" [seq_align_multiple.cpp:471]   --->   Operation 145 'store' 'store_ln471' <Predicate = (!icmp_ln467 & trunc_ln425 & trunc_ln471 == 4)> <Delay = 0.42>
ST_1 : Operation 146 [1/1] (0.00ns)   --->   "%br_ln471 = br void %arrayidx6641.case.1" [seq_align_multiple.cpp:471]   --->   Operation 146 'br' 'br_ln471' <Predicate = (!icmp_ln467 & trunc_ln425 & trunc_ln471 == 4)> <Delay = 0.00>
ST_1 : Operation 147 [1/1] (0.42ns)   --->   "%store_ln471 = store i32 0, i32 %Ix_mem_3_out" [seq_align_multiple.cpp:471]   --->   Operation 147 'store' 'store_ln471' <Predicate = (!icmp_ln467 & trunc_ln425 & trunc_ln471 == 3)> <Delay = 0.42>
ST_1 : Operation 148 [1/1] (0.00ns)   --->   "%br_ln471 = br void %arrayidx6641.case.1" [seq_align_multiple.cpp:471]   --->   Operation 148 'br' 'br_ln471' <Predicate = (!icmp_ln467 & trunc_ln425 & trunc_ln471 == 3)> <Delay = 0.00>
ST_1 : Operation 149 [1/1] (0.42ns)   --->   "%store_ln471 = store i32 0, i32 %Ix_mem_2_out" [seq_align_multiple.cpp:471]   --->   Operation 149 'store' 'store_ln471' <Predicate = (!icmp_ln467 & trunc_ln425 & trunc_ln471 == 2)> <Delay = 0.42>
ST_1 : Operation 150 [1/1] (0.00ns)   --->   "%br_ln471 = br void %arrayidx6641.case.1" [seq_align_multiple.cpp:471]   --->   Operation 150 'br' 'br_ln471' <Predicate = (!icmp_ln467 & trunc_ln425 & trunc_ln471 == 2)> <Delay = 0.00>
ST_1 : Operation 151 [1/1] (0.42ns)   --->   "%store_ln471 = store i32 0, i32 %Ix_mem_1_out" [seq_align_multiple.cpp:471]   --->   Operation 151 'store' 'store_ln471' <Predicate = (!icmp_ln467 & trunc_ln425 & trunc_ln471 == 1)> <Delay = 0.42>
ST_1 : Operation 152 [1/1] (0.00ns)   --->   "%br_ln471 = br void %arrayidx6641.case.1" [seq_align_multiple.cpp:471]   --->   Operation 152 'br' 'br_ln471' <Predicate = (!icmp_ln467 & trunc_ln425 & trunc_ln471 == 1)> <Delay = 0.00>
ST_1 : Operation 153 [1/1] (0.42ns)   --->   "%store_ln471 = store i32 0, i32 %Ix_mem_out" [seq_align_multiple.cpp:471]   --->   Operation 153 'store' 'store_ln471' <Predicate = (!icmp_ln467 & trunc_ln425 & trunc_ln471 == 0)> <Delay = 0.42>
ST_1 : Operation 154 [1/1] (0.00ns)   --->   "%br_ln471 = br void %arrayidx6641.case.1" [seq_align_multiple.cpp:471]   --->   Operation 154 'br' 'br_ln471' <Predicate = (!icmp_ln467 & trunc_ln425 & trunc_ln471 == 0)> <Delay = 0.00>
ST_1 : Operation 155 [1/1] (0.44ns)   --->   "%switch_ln472 = switch i5 %trunc_ln471, void %arrayidx6641.case.311844, i5 0, void %arrayidx6641.case.1.arrayidx6641.exit_crit_edge, i5 1, void %arrayidx6641.case.1.arrayidx6641.exit_crit_edge2, i5 2, void %arrayidx6641.case.21815, i5 3, void %arrayidx6641.case.31816, i5 4, void %arrayidx6641.case.41817, i5 5, void %arrayidx6641.case.51818, i5 6, void %arrayidx6641.case.61819, i5 7, void %arrayidx6641.case.71820, i5 8, void %arrayidx6641.case.81821, i5 9, void %arrayidx6641.case.91822, i5 10, void %arrayidx6641.case.101823, i5 11, void %arrayidx6641.case.111824, i5 12, void %arrayidx6641.case.121825, i5 13, void %arrayidx6641.case.131826, i5 14, void %arrayidx6641.case.141827, i5 15, void %arrayidx6641.case.151828, i5 16, void %arrayidx6641.case.161829, i5 17, void %arrayidx6641.case.171830, i5 18, void %arrayidx6641.case.181831, i5 19, void %arrayidx6641.case.191832, i5 20, void %arrayidx6641.case.201833, i5 21, void %arrayidx6641.case.211834, i5 22, void %arrayidx6641.case.221835, i5 23, void %arrayidx6641.case.231836, i5 24, void %arrayidx6641.case.241837, i5 25, void %arrayidx6641.case.251838, i5 26, void %arrayidx6641.case.261839, i5 27, void %arrayidx6641.case.271840, i5 28, void %arrayidx6641.case.281841, i5 29, void %arrayidx6641.case.291842, i5 30, void %arrayidx6641.case.301843" [seq_align_multiple.cpp:472]   --->   Operation 155 'switch' 'switch_ln472' <Predicate = (!icmp_ln467 & trunc_ln425)> <Delay = 0.44>
ST_1 : Operation 156 [1/1] (0.42ns)   --->   "%store_ln472 = store i32 0, i32 %Iy_mem_30_out" [seq_align_multiple.cpp:472]   --->   Operation 156 'store' 'store_ln472' <Predicate = (!icmp_ln467 & trunc_ln425 & trunc_ln471 == 30)> <Delay = 0.42>
ST_1 : Operation 157 [1/1] (0.00ns)   --->   "%br_ln472 = br void %arrayidx6641.exit" [seq_align_multiple.cpp:472]   --->   Operation 157 'br' 'br_ln472' <Predicate = (!icmp_ln467 & trunc_ln425 & trunc_ln471 == 30)> <Delay = 0.00>
ST_1 : Operation 158 [1/1] (0.42ns)   --->   "%store_ln472 = store i32 0, i32 %Iy_mem_29_out" [seq_align_multiple.cpp:472]   --->   Operation 158 'store' 'store_ln472' <Predicate = (!icmp_ln467 & trunc_ln425 & trunc_ln471 == 29)> <Delay = 0.42>
ST_1 : Operation 159 [1/1] (0.00ns)   --->   "%br_ln472 = br void %arrayidx6641.exit" [seq_align_multiple.cpp:472]   --->   Operation 159 'br' 'br_ln472' <Predicate = (!icmp_ln467 & trunc_ln425 & trunc_ln471 == 29)> <Delay = 0.00>
ST_1 : Operation 160 [1/1] (0.42ns)   --->   "%store_ln472 = store i32 0, i32 %Iy_mem_28_out" [seq_align_multiple.cpp:472]   --->   Operation 160 'store' 'store_ln472' <Predicate = (!icmp_ln467 & trunc_ln425 & trunc_ln471 == 28)> <Delay = 0.42>
ST_1 : Operation 161 [1/1] (0.00ns)   --->   "%br_ln472 = br void %arrayidx6641.exit" [seq_align_multiple.cpp:472]   --->   Operation 161 'br' 'br_ln472' <Predicate = (!icmp_ln467 & trunc_ln425 & trunc_ln471 == 28)> <Delay = 0.00>
ST_1 : Operation 162 [1/1] (0.42ns)   --->   "%store_ln472 = store i32 0, i32 %Iy_mem_27_out" [seq_align_multiple.cpp:472]   --->   Operation 162 'store' 'store_ln472' <Predicate = (!icmp_ln467 & trunc_ln425 & trunc_ln471 == 27)> <Delay = 0.42>
ST_1 : Operation 163 [1/1] (0.00ns)   --->   "%br_ln472 = br void %arrayidx6641.exit" [seq_align_multiple.cpp:472]   --->   Operation 163 'br' 'br_ln472' <Predicate = (!icmp_ln467 & trunc_ln425 & trunc_ln471 == 27)> <Delay = 0.00>
ST_1 : Operation 164 [1/1] (0.42ns)   --->   "%store_ln472 = store i32 0, i32 %Iy_mem_26_out" [seq_align_multiple.cpp:472]   --->   Operation 164 'store' 'store_ln472' <Predicate = (!icmp_ln467 & trunc_ln425 & trunc_ln471 == 26)> <Delay = 0.42>
ST_1 : Operation 165 [1/1] (0.00ns)   --->   "%br_ln472 = br void %arrayidx6641.exit" [seq_align_multiple.cpp:472]   --->   Operation 165 'br' 'br_ln472' <Predicate = (!icmp_ln467 & trunc_ln425 & trunc_ln471 == 26)> <Delay = 0.00>
ST_1 : Operation 166 [1/1] (0.42ns)   --->   "%store_ln472 = store i32 0, i32 %Iy_mem_25_out" [seq_align_multiple.cpp:472]   --->   Operation 166 'store' 'store_ln472' <Predicate = (!icmp_ln467 & trunc_ln425 & trunc_ln471 == 25)> <Delay = 0.42>
ST_1 : Operation 167 [1/1] (0.00ns)   --->   "%br_ln472 = br void %arrayidx6641.exit" [seq_align_multiple.cpp:472]   --->   Operation 167 'br' 'br_ln472' <Predicate = (!icmp_ln467 & trunc_ln425 & trunc_ln471 == 25)> <Delay = 0.00>
ST_1 : Operation 168 [1/1] (0.42ns)   --->   "%store_ln472 = store i32 0, i32 %Iy_mem_24_out" [seq_align_multiple.cpp:472]   --->   Operation 168 'store' 'store_ln472' <Predicate = (!icmp_ln467 & trunc_ln425 & trunc_ln471 == 24)> <Delay = 0.42>
ST_1 : Operation 169 [1/1] (0.00ns)   --->   "%br_ln472 = br void %arrayidx6641.exit" [seq_align_multiple.cpp:472]   --->   Operation 169 'br' 'br_ln472' <Predicate = (!icmp_ln467 & trunc_ln425 & trunc_ln471 == 24)> <Delay = 0.00>
ST_1 : Operation 170 [1/1] (0.42ns)   --->   "%store_ln472 = store i32 0, i32 %Iy_mem_23_out" [seq_align_multiple.cpp:472]   --->   Operation 170 'store' 'store_ln472' <Predicate = (!icmp_ln467 & trunc_ln425 & trunc_ln471 == 23)> <Delay = 0.42>
ST_1 : Operation 171 [1/1] (0.00ns)   --->   "%br_ln472 = br void %arrayidx6641.exit" [seq_align_multiple.cpp:472]   --->   Operation 171 'br' 'br_ln472' <Predicate = (!icmp_ln467 & trunc_ln425 & trunc_ln471 == 23)> <Delay = 0.00>
ST_1 : Operation 172 [1/1] (0.42ns)   --->   "%store_ln472 = store i32 0, i32 %Iy_mem_22_out" [seq_align_multiple.cpp:472]   --->   Operation 172 'store' 'store_ln472' <Predicate = (!icmp_ln467 & trunc_ln425 & trunc_ln471 == 22)> <Delay = 0.42>
ST_1 : Operation 173 [1/1] (0.00ns)   --->   "%br_ln472 = br void %arrayidx6641.exit" [seq_align_multiple.cpp:472]   --->   Operation 173 'br' 'br_ln472' <Predicate = (!icmp_ln467 & trunc_ln425 & trunc_ln471 == 22)> <Delay = 0.00>
ST_1 : Operation 174 [1/1] (0.42ns)   --->   "%store_ln472 = store i32 0, i32 %Iy_mem_21_out" [seq_align_multiple.cpp:472]   --->   Operation 174 'store' 'store_ln472' <Predicate = (!icmp_ln467 & trunc_ln425 & trunc_ln471 == 21)> <Delay = 0.42>
ST_1 : Operation 175 [1/1] (0.00ns)   --->   "%br_ln472 = br void %arrayidx6641.exit" [seq_align_multiple.cpp:472]   --->   Operation 175 'br' 'br_ln472' <Predicate = (!icmp_ln467 & trunc_ln425 & trunc_ln471 == 21)> <Delay = 0.00>
ST_1 : Operation 176 [1/1] (0.42ns)   --->   "%store_ln472 = store i32 0, i32 %Iy_mem_20_out" [seq_align_multiple.cpp:472]   --->   Operation 176 'store' 'store_ln472' <Predicate = (!icmp_ln467 & trunc_ln425 & trunc_ln471 == 20)> <Delay = 0.42>
ST_1 : Operation 177 [1/1] (0.00ns)   --->   "%br_ln472 = br void %arrayidx6641.exit" [seq_align_multiple.cpp:472]   --->   Operation 177 'br' 'br_ln472' <Predicate = (!icmp_ln467 & trunc_ln425 & trunc_ln471 == 20)> <Delay = 0.00>
ST_1 : Operation 178 [1/1] (0.42ns)   --->   "%store_ln472 = store i32 0, i32 %Iy_mem_19_out" [seq_align_multiple.cpp:472]   --->   Operation 178 'store' 'store_ln472' <Predicate = (!icmp_ln467 & trunc_ln425 & trunc_ln471 == 19)> <Delay = 0.42>
ST_1 : Operation 179 [1/1] (0.00ns)   --->   "%br_ln472 = br void %arrayidx6641.exit" [seq_align_multiple.cpp:472]   --->   Operation 179 'br' 'br_ln472' <Predicate = (!icmp_ln467 & trunc_ln425 & trunc_ln471 == 19)> <Delay = 0.00>
ST_1 : Operation 180 [1/1] (0.42ns)   --->   "%store_ln472 = store i32 0, i32 %Iy_mem_18_out" [seq_align_multiple.cpp:472]   --->   Operation 180 'store' 'store_ln472' <Predicate = (!icmp_ln467 & trunc_ln425 & trunc_ln471 == 18)> <Delay = 0.42>
ST_1 : Operation 181 [1/1] (0.00ns)   --->   "%br_ln472 = br void %arrayidx6641.exit" [seq_align_multiple.cpp:472]   --->   Operation 181 'br' 'br_ln472' <Predicate = (!icmp_ln467 & trunc_ln425 & trunc_ln471 == 18)> <Delay = 0.00>
ST_1 : Operation 182 [1/1] (0.42ns)   --->   "%store_ln472 = store i32 0, i32 %Iy_mem_17_out" [seq_align_multiple.cpp:472]   --->   Operation 182 'store' 'store_ln472' <Predicate = (!icmp_ln467 & trunc_ln425 & trunc_ln471 == 17)> <Delay = 0.42>
ST_1 : Operation 183 [1/1] (0.00ns)   --->   "%br_ln472 = br void %arrayidx6641.exit" [seq_align_multiple.cpp:472]   --->   Operation 183 'br' 'br_ln472' <Predicate = (!icmp_ln467 & trunc_ln425 & trunc_ln471 == 17)> <Delay = 0.00>
ST_1 : Operation 184 [1/1] (0.42ns)   --->   "%store_ln472 = store i32 0, i32 %Iy_mem_16_out" [seq_align_multiple.cpp:472]   --->   Operation 184 'store' 'store_ln472' <Predicate = (!icmp_ln467 & trunc_ln425 & trunc_ln471 == 16)> <Delay = 0.42>
ST_1 : Operation 185 [1/1] (0.00ns)   --->   "%br_ln472 = br void %arrayidx6641.exit" [seq_align_multiple.cpp:472]   --->   Operation 185 'br' 'br_ln472' <Predicate = (!icmp_ln467 & trunc_ln425 & trunc_ln471 == 16)> <Delay = 0.00>
ST_1 : Operation 186 [1/1] (0.42ns)   --->   "%store_ln472 = store i32 0, i32 %Iy_mem_15_out" [seq_align_multiple.cpp:472]   --->   Operation 186 'store' 'store_ln472' <Predicate = (!icmp_ln467 & trunc_ln425 & trunc_ln471 == 15)> <Delay = 0.42>
ST_1 : Operation 187 [1/1] (0.00ns)   --->   "%br_ln472 = br void %arrayidx6641.exit" [seq_align_multiple.cpp:472]   --->   Operation 187 'br' 'br_ln472' <Predicate = (!icmp_ln467 & trunc_ln425 & trunc_ln471 == 15)> <Delay = 0.00>
ST_1 : Operation 188 [1/1] (0.42ns)   --->   "%store_ln472 = store i32 0, i32 %Iy_mem_14_out" [seq_align_multiple.cpp:472]   --->   Operation 188 'store' 'store_ln472' <Predicate = (!icmp_ln467 & trunc_ln425 & trunc_ln471 == 14)> <Delay = 0.42>
ST_1 : Operation 189 [1/1] (0.00ns)   --->   "%br_ln472 = br void %arrayidx6641.exit" [seq_align_multiple.cpp:472]   --->   Operation 189 'br' 'br_ln472' <Predicate = (!icmp_ln467 & trunc_ln425 & trunc_ln471 == 14)> <Delay = 0.00>
ST_1 : Operation 190 [1/1] (0.42ns)   --->   "%store_ln472 = store i32 0, i32 %Iy_mem_13_out" [seq_align_multiple.cpp:472]   --->   Operation 190 'store' 'store_ln472' <Predicate = (!icmp_ln467 & trunc_ln425 & trunc_ln471 == 13)> <Delay = 0.42>
ST_1 : Operation 191 [1/1] (0.00ns)   --->   "%br_ln472 = br void %arrayidx6641.exit" [seq_align_multiple.cpp:472]   --->   Operation 191 'br' 'br_ln472' <Predicate = (!icmp_ln467 & trunc_ln425 & trunc_ln471 == 13)> <Delay = 0.00>
ST_1 : Operation 192 [1/1] (0.42ns)   --->   "%store_ln472 = store i32 0, i32 %Iy_mem_12_out" [seq_align_multiple.cpp:472]   --->   Operation 192 'store' 'store_ln472' <Predicate = (!icmp_ln467 & trunc_ln425 & trunc_ln471 == 12)> <Delay = 0.42>
ST_1 : Operation 193 [1/1] (0.00ns)   --->   "%br_ln472 = br void %arrayidx6641.exit" [seq_align_multiple.cpp:472]   --->   Operation 193 'br' 'br_ln472' <Predicate = (!icmp_ln467 & trunc_ln425 & trunc_ln471 == 12)> <Delay = 0.00>
ST_1 : Operation 194 [1/1] (0.42ns)   --->   "%store_ln472 = store i32 0, i32 %Iy_mem_11_out" [seq_align_multiple.cpp:472]   --->   Operation 194 'store' 'store_ln472' <Predicate = (!icmp_ln467 & trunc_ln425 & trunc_ln471 == 11)> <Delay = 0.42>
ST_1 : Operation 195 [1/1] (0.00ns)   --->   "%br_ln472 = br void %arrayidx6641.exit" [seq_align_multiple.cpp:472]   --->   Operation 195 'br' 'br_ln472' <Predicate = (!icmp_ln467 & trunc_ln425 & trunc_ln471 == 11)> <Delay = 0.00>
ST_1 : Operation 196 [1/1] (0.42ns)   --->   "%store_ln472 = store i32 0, i32 %Iy_mem_10_out" [seq_align_multiple.cpp:472]   --->   Operation 196 'store' 'store_ln472' <Predicate = (!icmp_ln467 & trunc_ln425 & trunc_ln471 == 10)> <Delay = 0.42>
ST_1 : Operation 197 [1/1] (0.00ns)   --->   "%br_ln472 = br void %arrayidx6641.exit" [seq_align_multiple.cpp:472]   --->   Operation 197 'br' 'br_ln472' <Predicate = (!icmp_ln467 & trunc_ln425 & trunc_ln471 == 10)> <Delay = 0.00>
ST_1 : Operation 198 [1/1] (0.42ns)   --->   "%store_ln472 = store i32 0, i32 %Iy_mem_9_out" [seq_align_multiple.cpp:472]   --->   Operation 198 'store' 'store_ln472' <Predicate = (!icmp_ln467 & trunc_ln425 & trunc_ln471 == 9)> <Delay = 0.42>
ST_1 : Operation 199 [1/1] (0.00ns)   --->   "%br_ln472 = br void %arrayidx6641.exit" [seq_align_multiple.cpp:472]   --->   Operation 199 'br' 'br_ln472' <Predicate = (!icmp_ln467 & trunc_ln425 & trunc_ln471 == 9)> <Delay = 0.00>
ST_1 : Operation 200 [1/1] (0.42ns)   --->   "%store_ln472 = store i32 0, i32 %Iy_mem_8_out" [seq_align_multiple.cpp:472]   --->   Operation 200 'store' 'store_ln472' <Predicate = (!icmp_ln467 & trunc_ln425 & trunc_ln471 == 8)> <Delay = 0.42>
ST_1 : Operation 201 [1/1] (0.00ns)   --->   "%br_ln472 = br void %arrayidx6641.exit" [seq_align_multiple.cpp:472]   --->   Operation 201 'br' 'br_ln472' <Predicate = (!icmp_ln467 & trunc_ln425 & trunc_ln471 == 8)> <Delay = 0.00>
ST_1 : Operation 202 [1/1] (0.42ns)   --->   "%store_ln472 = store i32 0, i32 %Iy_mem_7_out" [seq_align_multiple.cpp:472]   --->   Operation 202 'store' 'store_ln472' <Predicate = (!icmp_ln467 & trunc_ln425 & trunc_ln471 == 7)> <Delay = 0.42>
ST_1 : Operation 203 [1/1] (0.00ns)   --->   "%br_ln472 = br void %arrayidx6641.exit" [seq_align_multiple.cpp:472]   --->   Operation 203 'br' 'br_ln472' <Predicate = (!icmp_ln467 & trunc_ln425 & trunc_ln471 == 7)> <Delay = 0.00>
ST_1 : Operation 204 [1/1] (0.42ns)   --->   "%store_ln472 = store i32 0, i32 %Iy_mem_6_out" [seq_align_multiple.cpp:472]   --->   Operation 204 'store' 'store_ln472' <Predicate = (!icmp_ln467 & trunc_ln425 & trunc_ln471 == 6)> <Delay = 0.42>
ST_1 : Operation 205 [1/1] (0.00ns)   --->   "%br_ln472 = br void %arrayidx6641.exit" [seq_align_multiple.cpp:472]   --->   Operation 205 'br' 'br_ln472' <Predicate = (!icmp_ln467 & trunc_ln425 & trunc_ln471 == 6)> <Delay = 0.00>
ST_1 : Operation 206 [1/1] (0.42ns)   --->   "%store_ln472 = store i32 0, i32 %Iy_mem_5_out" [seq_align_multiple.cpp:472]   --->   Operation 206 'store' 'store_ln472' <Predicate = (!icmp_ln467 & trunc_ln425 & trunc_ln471 == 5)> <Delay = 0.42>
ST_1 : Operation 207 [1/1] (0.00ns)   --->   "%br_ln472 = br void %arrayidx6641.exit" [seq_align_multiple.cpp:472]   --->   Operation 207 'br' 'br_ln472' <Predicate = (!icmp_ln467 & trunc_ln425 & trunc_ln471 == 5)> <Delay = 0.00>
ST_1 : Operation 208 [1/1] (0.42ns)   --->   "%store_ln472 = store i32 0, i32 %Iy_mem_4_out" [seq_align_multiple.cpp:472]   --->   Operation 208 'store' 'store_ln472' <Predicate = (!icmp_ln467 & trunc_ln425 & trunc_ln471 == 4)> <Delay = 0.42>
ST_1 : Operation 209 [1/1] (0.00ns)   --->   "%br_ln472 = br void %arrayidx6641.exit" [seq_align_multiple.cpp:472]   --->   Operation 209 'br' 'br_ln472' <Predicate = (!icmp_ln467 & trunc_ln425 & trunc_ln471 == 4)> <Delay = 0.00>
ST_1 : Operation 210 [1/1] (0.42ns)   --->   "%store_ln472 = store i32 0, i32 %Iy_mem_3_out" [seq_align_multiple.cpp:472]   --->   Operation 210 'store' 'store_ln472' <Predicate = (!icmp_ln467 & trunc_ln425 & trunc_ln471 == 3)> <Delay = 0.42>
ST_1 : Operation 211 [1/1] (0.00ns)   --->   "%br_ln472 = br void %arrayidx6641.exit" [seq_align_multiple.cpp:472]   --->   Operation 211 'br' 'br_ln472' <Predicate = (!icmp_ln467 & trunc_ln425 & trunc_ln471 == 3)> <Delay = 0.00>
ST_1 : Operation 212 [1/1] (0.42ns)   --->   "%store_ln472 = store i32 0, i32 %Iy_mem_2_out" [seq_align_multiple.cpp:472]   --->   Operation 212 'store' 'store_ln472' <Predicate = (!icmp_ln467 & trunc_ln425 & trunc_ln471 == 2)> <Delay = 0.42>
ST_1 : Operation 213 [1/1] (0.00ns)   --->   "%br_ln472 = br void %arrayidx6641.exit" [seq_align_multiple.cpp:472]   --->   Operation 213 'br' 'br_ln472' <Predicate = (!icmp_ln467 & trunc_ln425 & trunc_ln471 == 2)> <Delay = 0.00>
ST_1 : Operation 214 [1/1] (0.42ns)   --->   "%store_ln472 = store i32 0, i32 %Iy_mem_1_out" [seq_align_multiple.cpp:472]   --->   Operation 214 'store' 'store_ln472' <Predicate = (!icmp_ln467 & trunc_ln425 & trunc_ln471 == 1)> <Delay = 0.42>
ST_1 : Operation 215 [1/1] (0.00ns)   --->   "%br_ln472 = br void %arrayidx6641.exit" [seq_align_multiple.cpp:472]   --->   Operation 215 'br' 'br_ln472' <Predicate = (!icmp_ln467 & trunc_ln425 & trunc_ln471 == 1)> <Delay = 0.00>
ST_1 : Operation 216 [1/1] (0.42ns)   --->   "%store_ln472 = store i32 0, i32 %Iy_mem_out" [seq_align_multiple.cpp:472]   --->   Operation 216 'store' 'store_ln472' <Predicate = (!icmp_ln467 & trunc_ln425 & trunc_ln471 == 0)> <Delay = 0.42>
ST_1 : Operation 217 [1/1] (0.00ns)   --->   "%br_ln472 = br void %arrayidx6641.exit" [seq_align_multiple.cpp:472]   --->   Operation 217 'br' 'br_ln472' <Predicate = (!icmp_ln467 & trunc_ln425 & trunc_ln471 == 0)> <Delay = 0.00>
ST_1 : Operation 218 [1/1] (0.42ns)   --->   "%store_ln472 = store i32 0, i32 %Iy_mem_31_out" [seq_align_multiple.cpp:472]   --->   Operation 218 'store' 'store_ln472' <Predicate = (!icmp_ln467 & trunc_ln425 & trunc_ln471 == 31)> <Delay = 0.42>
ST_1 : Operation 219 [1/1] (0.00ns)   --->   "%br_ln472 = br void %arrayidx6641.exit" [seq_align_multiple.cpp:472]   --->   Operation 219 'br' 'br_ln472' <Predicate = (!icmp_ln467 & trunc_ln425 & trunc_ln471 == 31)> <Delay = 0.00>
ST_1 : Operation 220 [1/1] (0.78ns)   --->   "%add_ln469 = add i6 %select_ln425, i6 1" [seq_align_multiple.cpp:469]   --->   Operation 220 'add' 'add_ln469' <Predicate = (!icmp_ln467)> <Delay = 0.78> <CoreInst = "Adder">   --->   Core 1 'Adder' <Latency = 0> <II = 1> <Delay = 0.78> <FuncUnit> <Opcode : 'add' 'sub'> <InPorts = 2> <OutPorts = 1>
ST_1 : Operation 221 [1/1] (0.42ns)   --->   "%store_ln469 = store i7 %add_ln467_1, i7 %indvar_flatten6" [seq_align_multiple.cpp:469]   --->   Operation 221 'store' 'store_ln469' <Predicate = (!icmp_ln467)> <Delay = 0.42>
ST_1 : Operation 222 [1/1] (0.42ns)   --->   "%store_ln469 = store i2 %select_ln425_1, i2 %mm" [seq_align_multiple.cpp:469]   --->   Operation 222 'store' 'store_ln469' <Predicate = (!icmp_ln467)> <Delay = 0.42>
ST_1 : Operation 223 [1/1] (0.42ns)   --->   "%store_ln469 = store i6 %add_ln469, i6 %nn" [seq_align_multiple.cpp:469]   --->   Operation 223 'store' 'store_ln469' <Predicate = (!icmp_ln467)> <Delay = 0.42>
ST_1 : Operation 224 [1/1] (0.00ns)   --->   "%br_ln469 = br void %for.inc67" [seq_align_multiple.cpp:469]   --->   Operation 224 'br' 'br_ln469' <Predicate = (!icmp_ln467)> <Delay = 0.00>
ST_1 : Operation 225 [1/1] (0.00ns)   --->   "%ret_ln0 = ret"   --->   Operation 225 'ret' 'ret_ln0' <Predicate = (icmp_ln467)> <Delay = 0.00>


============================================================
+ Verbose Summary: Timing violations
============================================================
Target clock period: 4ns, clock uncertainty: 1.08ns.

 <State 1>: 2.38ns
The critical path consists of the following:
	'alloca' operation ('nn') [64]  (0 ns)
	'load' operation ('nn_load', seq_align_multiple.cpp:469) on local variable 'nn' [141]  (0 ns)
	'icmp' operation ('icmp_ln469', seq_align_multiple.cpp:469) [146]  (0.785 ns)
	'select' operation ('select_ln425', seq_align_multiple.cpp:425) [147]  (0.384 ns)
	'add' operation ('add_ln469', seq_align_multiple.cpp:469) [348]  (0.781 ns)
	'store' operation ('store_ln469', seq_align_multiple.cpp:469) of variable 'add_ln469', seq_align_multiple.cpp:469 on local variable 'nn' [351]  (0.427 ns)


============================================================
+ Verbose Summary: Binding
============================================================
N/A
* FSMD analyzer results:
  - Output states:
 - Input state : 
  - Chain level:
	State 1


============================================================
+ Verbose Summary: Datapath Resource usage 
============================================================
N/A
