

================================================================
== Vitis HLS Report for 'seq_align_Pipeline_VITIS_LOOP_360_12'
================================================================
* Date:           Wed Jun 28 12:43:24 2023

* Version:        2022.1 (Build 3526262 on Mon Apr 18 15:47:01 MDT 2022)
* Project:        local_seq_align_multiple_sa
* Solution:       solution1 (Vivado IP Flow Target)
* Product family: zynquplus
* Target device:  xczu7ev-ffvc1156-2-i


================================================================
== Performance Estimates
================================================================
+ Timing: 
    * Summary: 
    +--------+---------+----------+------------+
    |  Clock |  Target | Estimated| Uncertainty|
    +--------+---------+----------+------------+
    |ap_clk  |  4.00 ns|  2.090 ns|     1.08 ns|
    +--------+---------+----------+------------+

+ Latency: 
    * Summary: 
    +---------+---------+----------+----------+-----+-----+---------+
    |  Latency (cycles) |  Latency (absolute) |  Interval | Pipeline|
    |   min   |   max   |    min   |    max   | min | max |   Type  |
    +---------+---------+----------+----------+-----+-----+---------+
    |        ?|        ?|         ?|         ?|    ?|    ?|       no|
    +---------+---------+----------+----------+-----+-----+---------+

    + Detail: 
        * Instance: 
        N/A

        * Loop: 
        +---------------------+---------+---------+----------+-----------+-----------+------+----------+
        |                     |  Latency (cycles) | Iteration|  Initiation Interval  | Trip |          |
        |      Loop Name      |   min   |   max   |  Latency |  achieved |   target  | Count| Pipelined|
        +---------------------+---------+---------+----------+-----------+-----------+------+----------+
        |- VITIS_LOOP_360_12  |        ?|        ?|         3|          2|          1|     ?|       yes|
        +---------------------+---------+---------+----------+-----------+-----------+------+----------+

============================================================
+ Verbose Summary: Synthesis Manager
============================================================
InlineROM: 1
ExposeGlobal: 0
============================================================
+ Verbose Summary: CDFG Model
============================================================
IsTopModel: 0
ResetActiveHigh: 1
IsCombinational: 0
IsDatapathOnly: 0
HasWiredReturn: 1
HasMFsm: 2
HasVarLatency: 1
IsPipeline: 0
IsRtlPipelined: 0
IsInstanceOverlapped: 0
IsDontTouch: 0
HasImplIP: 0
IsGatedGlobalClock: 0

+ Individual pipeline summary: 
  * Pipeline-0: initiation interval (II) = 2, depth = 4


============================================================
+ Verbose Summary: Schedule
============================================================
* Number of FSM states : 4
* Pipeline : 1
  Pipeline-0 : II = 2, D = 4, States = { 1 2 3 4 }
* Dataflow Pipeline: 0

* FSM state transitions: 
1 --> 2 
2 --> 3 
3 --> 4 
4 --> 

* FSM state operations: 

State 1 <SV = 0> <Delay = 0.42>
ST_1 : Operation 6 [1/1] (0.00ns)   --->   "%ultimate_col_value_1 = alloca i32 1"   --->   Operation 6 'alloca' 'ultimate_col_value_1' <Predicate = true> <Delay = 0.00>
ST_1 : Operation 7 [1/1] (0.00ns)   --->   "%ultimate_row_value_1 = alloca i32 1"   --->   Operation 7 'alloca' 'ultimate_row_value_1' <Predicate = true> <Delay = 0.00>
ST_1 : Operation 8 [1/1] (0.00ns)   --->   "%ultimate_col_value_read = read i32 @_ssdm_op_Read.ap_auto.i32, i32 %ultimate_col_value"   --->   Operation 8 'read' 'ultimate_col_value_read' <Predicate = true> <Delay = 0.00>
ST_1 : Operation 9 [1/1] (0.00ns)   --->   "%ultimate_row_value_read = read i32 @_ssdm_op_Read.ap_auto.i32, i32 %ultimate_row_value"   --->   Operation 9 'read' 'ultimate_row_value_read' <Predicate = true> <Delay = 0.00>
ST_1 : Operation 10 [1/1] (0.42ns)   --->   "%store_ln0 = store i32 %ultimate_row_value_read, i32 %ultimate_row_value_1"   --->   Operation 10 'store' 'store_ln0' <Predicate = true> <Delay = 0.42>
ST_1 : Operation 11 [1/1] (0.42ns)   --->   "%store_ln0 = store i32 %ultimate_col_value_read, i32 %ultimate_col_value_1"   --->   Operation 11 'store' 'store_ln0' <Predicate = true> <Delay = 0.42>
ST_1 : Operation 12 [1/1] (0.00ns)   --->   "%br_ln0 = br void %while.cond"   --->   Operation 12 'br' 'br_ln0' <Predicate = true> <Delay = 0.00>

State 2 <SV = 1> <Delay = 2.09>
ST_2 : Operation 13 [1/1] (0.00ns)   --->   "%ultimate_col_value_3 = load i32 %ultimate_col_value_1"   --->   Operation 13 'load' 'ultimate_col_value_3' <Predicate = true> <Delay = 0.00>
ST_2 : Operation 14 [1/1] (0.00ns)   --->   "%ultimate_row_value_3 = load i32 %ultimate_row_value_1"   --->   Operation 14 'load' 'ultimate_row_value_3' <Predicate = true> <Delay = 0.00>
ST_2 : Operation 15 [1/1] (0.00ns)   --->   "%specpipeline_ln0 = specpipeline void @_ssdm_op_SpecPipeline, i32 4294967295, i32 0, i32 1, i32 0, void @p_str"   --->   Operation 15 'specpipeline' 'specpipeline_ln0' <Predicate = true> <Delay = 0.00>
ST_2 : Operation 16 [1/1] (0.35ns)   --->   "%or_ln360 = or i32 %ultimate_col_value_3, i32 %ultimate_row_value_3" [seq_align_multiple.cpp:360]   --->   Operation 16 'or' 'or_ln360' <Predicate = true> <Delay = 0.35> <CoreInst = "LogicGate">   --->   Core 74 'LogicGate' <Latency = 0> <II = 1> <Delay = 0.35> <FuncUnit> <Opcode : 'and' 'or' 'xor'> <InPorts = 2> <OutPorts = 1>
ST_2 : Operation 17 [1/1] (0.00ns)   --->   "%tmp = bitselect i1 @_ssdm_op_BitSelect.i1.i32.i32, i32 %or_ln360, i32 31" [seq_align_multiple.cpp:360]   --->   Operation 17 'bitselect' 'tmp' <Predicate = true> <Delay = 0.00>
ST_2 : Operation 18 [1/1] (0.00ns)   --->   "%br_ln360 = br i1 %tmp, void %while.body, void %while.end.exitStub" [seq_align_multiple.cpp:360]   --->   Operation 18 'br' 'br_ln360' <Predicate = true> <Delay = 0.00>
ST_2 : Operation 19 [1/1] (0.00ns)   --->   "%trunc_ln587 = trunc i32 %ultimate_col_value_3"   --->   Operation 19 'trunc' 'trunc_ln587' <Predicate = (!tmp)> <Delay = 0.00>
ST_2 : Operation 20 [1/1] (0.00ns)   --->   "%lshr_ln1 = partselect i6 @_ssdm_op_PartSelect.i6.i32.i32.i32, i32 %ultimate_row_value_3, i32 4, i32 9"   --->   Operation 20 'partselect' 'lshr_ln1' <Predicate = (!tmp)> <Delay = 0.00>
ST_2 : Operation 21 [1/1] (0.00ns)   --->   "%tmp_2 = bitconcatenate i16 @_ssdm_op_BitConcatenate.i16.i6.i10, i6 %lshr_ln1, i10 0"   --->   Operation 21 'bitconcatenate' 'tmp_2' <Predicate = (!tmp)> <Delay = 0.00>
ST_2 : Operation 22 [1/1] (0.85ns)   --->   "%add_ln587 = add i16 %tmp_2, i16 %trunc_ln587"   --->   Operation 22 'add' 'add_ln587' <Predicate = (!tmp)> <Delay = 0.85> <CoreInst = "Adder">   --->   Core 1 'Adder' <Latency = 0> <II = 1> <Delay = 0.85> <FuncUnit> <Opcode : 'add' 'sub'> <InPorts = 2> <OutPorts = 1>
ST_2 : Operation 23 [1/1] (0.00ns)   --->   "%zext_ln587 = zext i16 %add_ln587"   --->   Operation 23 'zext' 'zext_ln587' <Predicate = (!tmp)> <Delay = 0.00>
ST_2 : Operation 24 [1/1] (0.00ns)   --->   "%traceback_V_addr_1 = getelementptr i2 %traceback_V, i64 0, i64 %zext_ln587"   --->   Operation 24 'getelementptr' 'traceback_V_addr_1' <Predicate = (!tmp)> <Delay = 0.00>
ST_2 : Operation 25 [1/1] (0.00ns)   --->   "%traceback_V_1_addr_1 = getelementptr i2 %traceback_V_1, i64 0, i64 %zext_ln587"   --->   Operation 25 'getelementptr' 'traceback_V_1_addr_1' <Predicate = (!tmp)> <Delay = 0.00>
ST_2 : Operation 26 [1/1] (0.00ns)   --->   "%traceback_V_2_addr_1 = getelementptr i2 %traceback_V_2, i64 0, i64 %zext_ln587"   --->   Operation 26 'getelementptr' 'traceback_V_2_addr_1' <Predicate = (!tmp)> <Delay = 0.00>
ST_2 : Operation 27 [1/1] (0.00ns)   --->   "%traceback_V_3_addr_1 = getelementptr i2 %traceback_V_3, i64 0, i64 %zext_ln587"   --->   Operation 27 'getelementptr' 'traceback_V_3_addr_1' <Predicate = (!tmp)> <Delay = 0.00>
ST_2 : Operation 28 [1/1] (0.00ns)   --->   "%traceback_V_4_addr_1 = getelementptr i2 %traceback_V_4, i64 0, i64 %zext_ln587"   --->   Operation 28 'getelementptr' 'traceback_V_4_addr_1' <Predicate = (!tmp)> <Delay = 0.00>
ST_2 : Operation 29 [1/1] (0.00ns)   --->   "%traceback_V_5_addr_1 = getelementptr i2 %traceback_V_5, i64 0, i64 %zext_ln587"   --->   Operation 29 'getelementptr' 'traceback_V_5_addr_1' <Predicate = (!tmp)> <Delay = 0.00>
ST_2 : Operation 30 [1/1] (0.00ns)   --->   "%traceback_V_6_addr_1 = getelementptr i2 %traceback_V_6, i64 0, i64 %zext_ln587"   --->   Operation 30 'getelementptr' 'traceback_V_6_addr_1' <Predicate = (!tmp)> <Delay = 0.00>
ST_2 : Operation 31 [1/1] (0.00ns)   --->   "%traceback_V_7_addr_1 = getelementptr i2 %traceback_V_7, i64 0, i64 %zext_ln587"   --->   Operation 31 'getelementptr' 'traceback_V_7_addr_1' <Predicate = (!tmp)> <Delay = 0.00>
ST_2 : Operation 32 [1/1] (0.00ns)   --->   "%traceback_V_8_addr_1 = getelementptr i2 %traceback_V_8, i64 0, i64 %zext_ln587"   --->   Operation 32 'getelementptr' 'traceback_V_8_addr_1' <Predicate = (!tmp)> <Delay = 0.00>
ST_2 : Operation 33 [1/1] (0.00ns)   --->   "%traceback_V_9_addr_1 = getelementptr i2 %traceback_V_9, i64 0, i64 %zext_ln587"   --->   Operation 33 'getelementptr' 'traceback_V_9_addr_1' <Predicate = (!tmp)> <Delay = 0.00>
ST_2 : Operation 34 [1/1] (0.00ns)   --->   "%traceback_V_10_addr_1 = getelementptr i2 %traceback_V_10, i64 0, i64 %zext_ln587"   --->   Operation 34 'getelementptr' 'traceback_V_10_addr_1' <Predicate = (!tmp)> <Delay = 0.00>
ST_2 : Operation 35 [1/1] (0.00ns)   --->   "%traceback_V_11_addr_1 = getelementptr i2 %traceback_V_11, i64 0, i64 %zext_ln587"   --->   Operation 35 'getelementptr' 'traceback_V_11_addr_1' <Predicate = (!tmp)> <Delay = 0.00>
ST_2 : Operation 36 [1/1] (0.00ns)   --->   "%traceback_V_12_addr_1 = getelementptr i2 %traceback_V_12, i64 0, i64 %zext_ln587"   --->   Operation 36 'getelementptr' 'traceback_V_12_addr_1' <Predicate = (!tmp)> <Delay = 0.00>
ST_2 : Operation 37 [1/1] (0.00ns)   --->   "%traceback_V_13_addr_1 = getelementptr i2 %traceback_V_13, i64 0, i64 %zext_ln587"   --->   Operation 37 'getelementptr' 'traceback_V_13_addr_1' <Predicate = (!tmp)> <Delay = 0.00>
ST_2 : Operation 38 [1/1] (0.00ns)   --->   "%traceback_V_14_addr_1 = getelementptr i2 %traceback_V_14, i64 0, i64 %zext_ln587"   --->   Operation 38 'getelementptr' 'traceback_V_14_addr_1' <Predicate = (!tmp)> <Delay = 0.00>
ST_2 : Operation 39 [1/1] (0.00ns)   --->   "%traceback_V_15_addr_1 = getelementptr i2 %traceback_V_15, i64 0, i64 %zext_ln587"   --->   Operation 39 'getelementptr' 'traceback_V_15_addr_1' <Predicate = (!tmp)> <Delay = 0.00>
ST_2 : Operation 40 [2/2] (1.23ns)   --->   "%traceback_V_load = load i16 %traceback_V_addr_1"   --->   Operation 40 'load' 'traceback_V_load' <Predicate = (!tmp)> <Delay = 1.23> <CoreInst = "RAM">   --->   Core 83 'RAM' <Latency = 1> <II = 1> <Delay = 1.23> <Storage> <Opcode : 'load' 'store'> <Ports = 2> <Width = 2> <Depth = 65536> <RAM>
ST_2 : Operation 41 [2/2] (1.23ns)   --->   "%traceback_V_1_load = load i16 %traceback_V_1_addr_1"   --->   Operation 41 'load' 'traceback_V_1_load' <Predicate = (!tmp)> <Delay = 1.23> <CoreInst = "RAM">   --->   Core 83 'RAM' <Latency = 1> <II = 1> <Delay = 1.23> <Storage> <Opcode : 'load' 'store'> <Ports = 2> <Width = 2> <Depth = 65536> <RAM>
ST_2 : Operation 42 [2/2] (1.23ns)   --->   "%traceback_V_2_load = load i16 %traceback_V_2_addr_1"   --->   Operation 42 'load' 'traceback_V_2_load' <Predicate = (!tmp)> <Delay = 1.23> <CoreInst = "RAM">   --->   Core 83 'RAM' <Latency = 1> <II = 1> <Delay = 1.23> <Storage> <Opcode : 'load' 'store'> <Ports = 2> <Width = 2> <Depth = 65536> <RAM>
ST_2 : Operation 43 [2/2] (1.23ns)   --->   "%traceback_V_3_load = load i16 %traceback_V_3_addr_1"   --->   Operation 43 'load' 'traceback_V_3_load' <Predicate = (!tmp)> <Delay = 1.23> <CoreInst = "RAM">   --->   Core 83 'RAM' <Latency = 1> <II = 1> <Delay = 1.23> <Storage> <Opcode : 'load' 'store'> <Ports = 2> <Width = 2> <Depth = 65536> <RAM>
ST_2 : Operation 44 [2/2] (1.23ns)   --->   "%traceback_V_4_load = load i16 %traceback_V_4_addr_1"   --->   Operation 44 'load' 'traceback_V_4_load' <Predicate = (!tmp)> <Delay = 1.23> <CoreInst = "RAM">   --->   Core 83 'RAM' <Latency = 1> <II = 1> <Delay = 1.23> <Storage> <Opcode : 'load' 'store'> <Ports = 2> <Width = 2> <Depth = 65536> <RAM>
ST_2 : Operation 45 [2/2] (1.23ns)   --->   "%traceback_V_5_load = load i16 %traceback_V_5_addr_1"   --->   Operation 45 'load' 'traceback_V_5_load' <Predicate = (!tmp)> <Delay = 1.23> <CoreInst = "RAM">   --->   Core 83 'RAM' <Latency = 1> <II = 1> <Delay = 1.23> <Storage> <Opcode : 'load' 'store'> <Ports = 2> <Width = 2> <Depth = 65536> <RAM>
ST_2 : Operation 46 [2/2] (1.23ns)   --->   "%traceback_V_6_load = load i16 %traceback_V_6_addr_1"   --->   Operation 46 'load' 'traceback_V_6_load' <Predicate = (!tmp)> <Delay = 1.23> <CoreInst = "RAM">   --->   Core 83 'RAM' <Latency = 1> <II = 1> <Delay = 1.23> <Storage> <Opcode : 'load' 'store'> <Ports = 2> <Width = 2> <Depth = 65536> <RAM>
ST_2 : Operation 47 [2/2] (1.23ns)   --->   "%traceback_V_7_load = load i16 %traceback_V_7_addr_1"   --->   Operation 47 'load' 'traceback_V_7_load' <Predicate = (!tmp)> <Delay = 1.23> <CoreInst = "RAM">   --->   Core 83 'RAM' <Latency = 1> <II = 1> <Delay = 1.23> <Storage> <Opcode : 'load' 'store'> <Ports = 2> <Width = 2> <Depth = 65536> <RAM>
ST_2 : Operation 48 [2/2] (1.23ns)   --->   "%traceback_V_8_load = load i16 %traceback_V_8_addr_1"   --->   Operation 48 'load' 'traceback_V_8_load' <Predicate = (!tmp)> <Delay = 1.23> <CoreInst = "RAM">   --->   Core 83 'RAM' <Latency = 1> <II = 1> <Delay = 1.23> <Storage> <Opcode : 'load' 'store'> <Ports = 2> <Width = 2> <Depth = 65536> <RAM>
ST_2 : Operation 49 [2/2] (1.23ns)   --->   "%traceback_V_9_load = load i16 %traceback_V_9_addr_1"   --->   Operation 49 'load' 'traceback_V_9_load' <Predicate = (!tmp)> <Delay = 1.23> <CoreInst = "RAM">   --->   Core 83 'RAM' <Latency = 1> <II = 1> <Delay = 1.23> <Storage> <Opcode : 'load' 'store'> <Ports = 2> <Width = 2> <Depth = 65536> <RAM>
ST_2 : Operation 50 [2/2] (1.23ns)   --->   "%traceback_V_10_load = load i16 %traceback_V_10_addr_1"   --->   Operation 50 'load' 'traceback_V_10_load' <Predicate = (!tmp)> <Delay = 1.23> <CoreInst = "RAM">   --->   Core 83 'RAM' <Latency = 1> <II = 1> <Delay = 1.23> <Storage> <Opcode : 'load' 'store'> <Ports = 2> <Width = 2> <Depth = 65536> <RAM>
ST_2 : Operation 51 [2/2] (1.23ns)   --->   "%traceback_V_11_load = load i16 %traceback_V_11_addr_1"   --->   Operation 51 'load' 'traceback_V_11_load' <Predicate = (!tmp)> <Delay = 1.23> <CoreInst = "RAM">   --->   Core 83 'RAM' <Latency = 1> <II = 1> <Delay = 1.23> <Storage> <Opcode : 'load' 'store'> <Ports = 2> <Width = 2> <Depth = 65536> <RAM>
ST_2 : Operation 52 [2/2] (1.23ns)   --->   "%traceback_V_12_load = load i16 %traceback_V_12_addr_1"   --->   Operation 52 'load' 'traceback_V_12_load' <Predicate = (!tmp)> <Delay = 1.23> <CoreInst = "RAM">   --->   Core 83 'RAM' <Latency = 1> <II = 1> <Delay = 1.23> <Storage> <Opcode : 'load' 'store'> <Ports = 2> <Width = 2> <Depth = 65536> <RAM>
ST_2 : Operation 53 [2/2] (1.23ns)   --->   "%traceback_V_13_load = load i16 %traceback_V_13_addr_1"   --->   Operation 53 'load' 'traceback_V_13_load' <Predicate = (!tmp)> <Delay = 1.23> <CoreInst = "RAM">   --->   Core 83 'RAM' <Latency = 1> <II = 1> <Delay = 1.23> <Storage> <Opcode : 'load' 'store'> <Ports = 2> <Width = 2> <Depth = 65536> <RAM>
ST_2 : Operation 54 [2/2] (1.23ns)   --->   "%traceback_V_14_load = load i16 %traceback_V_14_addr_1"   --->   Operation 54 'load' 'traceback_V_14_load' <Predicate = (!tmp)> <Delay = 1.23> <CoreInst = "RAM">   --->   Core 83 'RAM' <Latency = 1> <II = 1> <Delay = 1.23> <Storage> <Opcode : 'load' 'store'> <Ports = 2> <Width = 2> <Depth = 65536> <RAM>
ST_2 : Operation 55 [2/2] (1.23ns)   --->   "%traceback_V_15_load = load i16 %traceback_V_15_addr_1"   --->   Operation 55 'load' 'traceback_V_15_load' <Predicate = (!tmp)> <Delay = 1.23> <CoreInst = "RAM">   --->   Core 83 'RAM' <Latency = 1> <II = 1> <Delay = 1.23> <Storage> <Opcode : 'load' 'store'> <Ports = 2> <Width = 2> <Depth = 65536> <RAM>
ST_2 : Operation 84 [1/1] (0.00ns)   --->   "%ret_ln0 = ret"   --->   Operation 84 'ret' 'ret_ln0' <Predicate = (tmp)> <Delay = 0.00>

State 3 <SV = 2> <Delay = 1.23>
ST_3 : Operation 56 [1/2] (1.23ns)   --->   "%traceback_V_load = load i16 %traceback_V_addr_1"   --->   Operation 56 'load' 'traceback_V_load' <Predicate = (!tmp)> <Delay = 1.23> <CoreInst = "RAM">   --->   Core 83 'RAM' <Latency = 1> <II = 1> <Delay = 1.23> <Storage> <Opcode : 'load' 'store'> <Ports = 2> <Width = 2> <Depth = 65536> <RAM>
ST_3 : Operation 57 [1/2] (1.23ns)   --->   "%traceback_V_1_load = load i16 %traceback_V_1_addr_1"   --->   Operation 57 'load' 'traceback_V_1_load' <Predicate = (!tmp)> <Delay = 1.23> <CoreInst = "RAM">   --->   Core 83 'RAM' <Latency = 1> <II = 1> <Delay = 1.23> <Storage> <Opcode : 'load' 'store'> <Ports = 2> <Width = 2> <Depth = 65536> <RAM>
ST_3 : Operation 58 [1/2] (1.23ns)   --->   "%traceback_V_2_load = load i16 %traceback_V_2_addr_1"   --->   Operation 58 'load' 'traceback_V_2_load' <Predicate = (!tmp)> <Delay = 1.23> <CoreInst = "RAM">   --->   Core 83 'RAM' <Latency = 1> <II = 1> <Delay = 1.23> <Storage> <Opcode : 'load' 'store'> <Ports = 2> <Width = 2> <Depth = 65536> <RAM>
ST_3 : Operation 59 [1/2] (1.23ns)   --->   "%traceback_V_3_load = load i16 %traceback_V_3_addr_1"   --->   Operation 59 'load' 'traceback_V_3_load' <Predicate = (!tmp)> <Delay = 1.23> <CoreInst = "RAM">   --->   Core 83 'RAM' <Latency = 1> <II = 1> <Delay = 1.23> <Storage> <Opcode : 'load' 'store'> <Ports = 2> <Width = 2> <Depth = 65536> <RAM>
ST_3 : Operation 60 [1/2] (1.23ns)   --->   "%traceback_V_4_load = load i16 %traceback_V_4_addr_1"   --->   Operation 60 'load' 'traceback_V_4_load' <Predicate = (!tmp)> <Delay = 1.23> <CoreInst = "RAM">   --->   Core 83 'RAM' <Latency = 1> <II = 1> <Delay = 1.23> <Storage> <Opcode : 'load' 'store'> <Ports = 2> <Width = 2> <Depth = 65536> <RAM>
ST_3 : Operation 61 [1/2] (1.23ns)   --->   "%traceback_V_5_load = load i16 %traceback_V_5_addr_1"   --->   Operation 61 'load' 'traceback_V_5_load' <Predicate = (!tmp)> <Delay = 1.23> <CoreInst = "RAM">   --->   Core 83 'RAM' <Latency = 1> <II = 1> <Delay = 1.23> <Storage> <Opcode : 'load' 'store'> <Ports = 2> <Width = 2> <Depth = 65536> <RAM>
ST_3 : Operation 62 [1/2] (1.23ns)   --->   "%traceback_V_6_load = load i16 %traceback_V_6_addr_1"   --->   Operation 62 'load' 'traceback_V_6_load' <Predicate = (!tmp)> <Delay = 1.23> <CoreInst = "RAM">   --->   Core 83 'RAM' <Latency = 1> <II = 1> <Delay = 1.23> <Storage> <Opcode : 'load' 'store'> <Ports = 2> <Width = 2> <Depth = 65536> <RAM>
ST_3 : Operation 63 [1/2] (1.23ns)   --->   "%traceback_V_7_load = load i16 %traceback_V_7_addr_1"   --->   Operation 63 'load' 'traceback_V_7_load' <Predicate = (!tmp)> <Delay = 1.23> <CoreInst = "RAM">   --->   Core 83 'RAM' <Latency = 1> <II = 1> <Delay = 1.23> <Storage> <Opcode : 'load' 'store'> <Ports = 2> <Width = 2> <Depth = 65536> <RAM>
ST_3 : Operation 64 [1/2] (1.23ns)   --->   "%traceback_V_8_load = load i16 %traceback_V_8_addr_1"   --->   Operation 64 'load' 'traceback_V_8_load' <Predicate = (!tmp)> <Delay = 1.23> <CoreInst = "RAM">   --->   Core 83 'RAM' <Latency = 1> <II = 1> <Delay = 1.23> <Storage> <Opcode : 'load' 'store'> <Ports = 2> <Width = 2> <Depth = 65536> <RAM>
ST_3 : Operation 65 [1/2] (1.23ns)   --->   "%traceback_V_9_load = load i16 %traceback_V_9_addr_1"   --->   Operation 65 'load' 'traceback_V_9_load' <Predicate = (!tmp)> <Delay = 1.23> <CoreInst = "RAM">   --->   Core 83 'RAM' <Latency = 1> <II = 1> <Delay = 1.23> <Storage> <Opcode : 'load' 'store'> <Ports = 2> <Width = 2> <Depth = 65536> <RAM>
ST_3 : Operation 66 [1/2] (1.23ns)   --->   "%traceback_V_10_load = load i16 %traceback_V_10_addr_1"   --->   Operation 66 'load' 'traceback_V_10_load' <Predicate = (!tmp)> <Delay = 1.23> <CoreInst = "RAM">   --->   Core 83 'RAM' <Latency = 1> <II = 1> <Delay = 1.23> <Storage> <Opcode : 'load' 'store'> <Ports = 2> <Width = 2> <Depth = 65536> <RAM>
ST_3 : Operation 67 [1/2] (1.23ns)   --->   "%traceback_V_11_load = load i16 %traceback_V_11_addr_1"   --->   Operation 67 'load' 'traceback_V_11_load' <Predicate = (!tmp)> <Delay = 1.23> <CoreInst = "RAM">   --->   Core 83 'RAM' <Latency = 1> <II = 1> <Delay = 1.23> <Storage> <Opcode : 'load' 'store'> <Ports = 2> <Width = 2> <Depth = 65536> <RAM>
ST_3 : Operation 68 [1/2] (1.23ns)   --->   "%traceback_V_12_load = load i16 %traceback_V_12_addr_1"   --->   Operation 68 'load' 'traceback_V_12_load' <Predicate = (!tmp)> <Delay = 1.23> <CoreInst = "RAM">   --->   Core 83 'RAM' <Latency = 1> <II = 1> <Delay = 1.23> <Storage> <Opcode : 'load' 'store'> <Ports = 2> <Width = 2> <Depth = 65536> <RAM>
ST_3 : Operation 69 [1/2] (1.23ns)   --->   "%traceback_V_13_load = load i16 %traceback_V_13_addr_1"   --->   Operation 69 'load' 'traceback_V_13_load' <Predicate = (!tmp)> <Delay = 1.23> <CoreInst = "RAM">   --->   Core 83 'RAM' <Latency = 1> <II = 1> <Delay = 1.23> <Storage> <Opcode : 'load' 'store'> <Ports = 2> <Width = 2> <Depth = 65536> <RAM>
ST_3 : Operation 70 [1/2] (1.23ns)   --->   "%traceback_V_14_load = load i16 %traceback_V_14_addr_1"   --->   Operation 70 'load' 'traceback_V_14_load' <Predicate = (!tmp)> <Delay = 1.23> <CoreInst = "RAM">   --->   Core 83 'RAM' <Latency = 1> <II = 1> <Delay = 1.23> <Storage> <Opcode : 'load' 'store'> <Ports = 2> <Width = 2> <Depth = 65536> <RAM>
ST_3 : Operation 71 [1/2] (1.23ns)   --->   "%traceback_V_15_load = load i16 %traceback_V_15_addr_1"   --->   Operation 71 'load' 'traceback_V_15_load' <Predicate = (!tmp)> <Delay = 1.23> <CoreInst = "RAM">   --->   Core 83 'RAM' <Latency = 1> <II = 1> <Delay = 1.23> <Storage> <Opcode : 'load' 'store'> <Ports = 2> <Width = 2> <Depth = 65536> <RAM>

State 4 <SV = 3> <Delay = 1.93>
ST_4 : Operation 72 [1/1] (0.00ns)   --->   "%empty = trunc i32 %ultimate_row_value_3"   --->   Operation 72 'trunc' 'empty' <Predicate = true> <Delay = 0.00>
ST_4 : Operation 73 [1/1] (0.00ns)   --->   "%specloopname_ln361 = specloopname void @_ssdm_op_SpecLoopName, void @empty_5" [seq_align_multiple.cpp:361]   --->   Operation 73 'specloopname' 'specloopname_ln361' <Predicate = true> <Delay = 0.00>
ST_4 : Operation 74 [1/1] (0.48ns)   --->   "%tb_val = mux i2 @_ssdm_op_Mux.ap_auto.16i2.i4, i2 %traceback_V_load, i2 %traceback_V_1_load, i2 %traceback_V_2_load, i2 %traceback_V_3_load, i2 %traceback_V_4_load, i2 %traceback_V_5_load, i2 %traceback_V_6_load, i2 %traceback_V_7_load, i2 %traceback_V_8_load, i2 %traceback_V_9_load, i2 %traceback_V_10_load, i2 %traceback_V_11_load, i2 %traceback_V_12_load, i2 %traceback_V_13_load, i2 %traceback_V_14_load, i2 %traceback_V_15_load, i4 %empty"   --->   Operation 74 'mux' 'tb_val' <Predicate = true> <Delay = 0.48> <CoreInst = "Multiplexer">   --->   Core 76 'Multiplexer' <Latency = 0> <II = 1> <Delay = 0.48> <FuncUnit> <Opcode : 'mux'> <InPorts = 2> <OutPorts = 1>
ST_4 : Operation 75 [1/1] (0.00ns)   --->   "%trunc_ln361 = trunc i2 %tb_val" [seq_align_multiple.cpp:361]   --->   Operation 75 'trunc' 'trunc_ln361' <Predicate = true> <Delay = 0.00>
ST_4 : Operation 76 [1/1] (0.00ns)   --->   "%tmp_66 = bitselect i1 @_ssdm_op_BitSelect.i1.i2.i32, i2 %tb_val, i32 1" [seq_align_multiple.cpp:364]   --->   Operation 76 'bitselect' 'tmp_66' <Predicate = true> <Delay = 0.00>
ST_4 : Operation 77 [1/1] (0.00ns)   --->   "%zext_ln364 = zext i1 %tmp_66" [seq_align_multiple.cpp:364]   --->   Operation 77 'zext' 'zext_ln364' <Predicate = true> <Delay = 0.00>
ST_4 : Operation 78 [1/1] (1.01ns)   --->   "%ultimate_row_value_4 = sub i32 %ultimate_row_value_3, i32 %zext_ln364" [seq_align_multiple.cpp:364]   --->   Operation 78 'sub' 'ultimate_row_value_4' <Predicate = true> <Delay = 1.01> <CoreInst = "Adder">   --->   Core 1 'Adder' <Latency = 0> <II = 1> <Delay = 1.01> <FuncUnit> <Opcode : 'add' 'sub'> <InPorts = 2> <OutPorts = 1>
ST_4 : Operation 79 [1/1] (0.00ns)   --->   "%zext_ln365 = zext i1 %trunc_ln361" [seq_align_multiple.cpp:365]   --->   Operation 79 'zext' 'zext_ln365' <Predicate = true> <Delay = 0.00>
ST_4 : Operation 80 [1/1] (1.01ns)   --->   "%ultimate_col_value_4 = sub i32 %ultimate_col_value_3, i32 %zext_ln365" [seq_align_multiple.cpp:365]   --->   Operation 80 'sub' 'ultimate_col_value_4' <Predicate = true> <Delay = 1.01> <CoreInst = "Adder">   --->   Core 1 'Adder' <Latency = 0> <II = 1> <Delay = 1.01> <FuncUnit> <Opcode : 'add' 'sub'> <InPorts = 2> <OutPorts = 1>
ST_4 : Operation 81 [1/1] (0.42ns)   --->   "%store_ln360 = store i32 %ultimate_row_value_4, i32 %ultimate_row_value_1" [seq_align_multiple.cpp:360]   --->   Operation 81 'store' 'store_ln360' <Predicate = true> <Delay = 0.42>
ST_4 : Operation 82 [1/1] (0.42ns)   --->   "%store_ln360 = store i32 %ultimate_col_value_4, i32 %ultimate_col_value_1" [seq_align_multiple.cpp:360]   --->   Operation 82 'store' 'store_ln360' <Predicate = true> <Delay = 0.42>
ST_4 : Operation 83 [1/1] (0.00ns)   --->   "%br_ln360 = br void %while.cond" [seq_align_multiple.cpp:360]   --->   Operation 83 'br' 'br_ln360' <Predicate = true> <Delay = 0.00>


============================================================
+ Verbose Summary: Timing violations
============================================================
Target clock period: 4ns, clock uncertainty: 1.08ns.

 <State 1>: 0.427ns
The critical path consists of the following:
	'alloca' operation ('ultimate_row_value') [20]  (0 ns)
	'store' operation ('store_ln0') of variable 'ultimate_row_value_read' on local variable 'ultimate_row_value' [23]  (0.427 ns)

 <State 2>: 2.09ns
The critical path consists of the following:
	'load' operation ('ultimate_col_value') on local variable 'ultimate_col_value' [27]  (0 ns)
	'add' operation ('add_ln587') [39]  (0.853 ns)
	'getelementptr' operation ('traceback_V_addr_1') [41]  (0 ns)
	'load' operation ('traceback_V_load') on array 'traceback_V' [57]  (1.24 ns)

 <State 3>: 1.24ns
The critical path consists of the following:
	'load' operation ('traceback_V_load') on array 'traceback_V' [57]  (1.24 ns)

 <State 4>: 1.93ns
The critical path consists of the following:
	'mux' operation ('tb_val') [73]  (0.489 ns)
	'sub' operation ('ultimate_row_value', seq_align_multiple.cpp:364) [77]  (1.02 ns)
	'store' operation ('store_ln360', seq_align_multiple.cpp:360) of variable 'ultimate_row_value', seq_align_multiple.cpp:364 on local variable 'ultimate_row_value' [80]  (0.427 ns)


============================================================
+ Verbose Summary: Binding
============================================================
N/A
* FSMD analyzer results:
  - Output states:
 - Input state : 
  - Chain level:
	State 1
	State 2
	State 3
	State 4


============================================================
+ Verbose Summary: Datapath Resource usage 
============================================================
N/A
