

================================================================
== Vitis HLS Report for 'seq_align_Pipeline_VITIS_LOOP_204_5_VITIS_LOOP_206_6'
================================================================
* Date:           Wed Jun 28 12:43:02 2023

* Version:        2022.1 (Build 3526262 on Mon Apr 18 15:47:01 MDT 2022)
* Project:        local_seq_align_multiple_sa
* Solution:       solution1 (Vivado IP Flow Target)
* Product family: zynquplus
* Target device:  xczu7ev-ffvc1156-2-i


================================================================
== Performance Estimates
================================================================
+ Timing: 
    * Summary: 
    +--------+---------+----------+------------+
    |  Clock |  Target | Estimated| Uncertainty|
    +--------+---------+----------+------------+
    |ap_clk  |  4.00 ns|  2.558 ns|     1.08 ns|
    +--------+---------+----------+------------+

+ Latency: 
    * Summary: 
    +---------+---------+----------+----------+---------+---------+---------+
    |  Latency (cycles) |  Latency (absolute) |      Interval     | Pipeline|
    |   min   |   max   |    min   |    max   |   min   |   max   |   Type  |
    +---------+---------+----------+----------+---------+---------+---------+
    |  1048578|  1048578|  4.194 ms|  4.194 ms|  1048578|  1048578|       no|
    +---------+---------+----------+----------+---------+---------+---------+

    + Detail: 
        * Instance: 
        N/A

        * Loop: 
        +-------------------------------------+---------+---------+----------+-----------+-----------+---------+----------+
        |                                     |  Latency (cycles) | Iteration|  Initiation Interval  |   Trip  |          |
        |              Loop Name              |   min   |   max   |  Latency |  achieved |   target  |  Count  | Pipelined|
        +-------------------------------------+---------+---------+----------+-----------+-----------+---------+----------+
        |- VITIS_LOOP_204_5_VITIS_LOOP_206_6  |  1048576|  1048576|         2|          1|          1|  1048576|       yes|
        +-------------------------------------+---------+---------+----------+-----------+-----------+---------+----------+

============================================================
+ Verbose Summary: Synthesis Manager
============================================================
InlineROM: 1
ExposeGlobal: 0
============================================================
+ Verbose Summary: CDFG Model
============================================================
IsTopModel: 0
ResetActiveHigh: 1
IsCombinational: 0
IsDatapathOnly: 0
HasWiredReturn: 1
HasMFsm: 2
HasVarLatency: 1
IsPipeline: 0
IsRtlPipelined: 0
IsInstanceOverlapped: 0
IsDontTouch: 0
HasImplIP: 0
IsGatedGlobalClock: 0

+ Individual pipeline summary: 
  * Pipeline-0: initiation interval (II) = 1, depth = 3


============================================================
+ Verbose Summary: Schedule
============================================================
* Number of FSM states : 3
* Pipeline : 1
  Pipeline-0 : II = 1, D = 3, States = { 1 2 3 }
* Dataflow Pipeline: 0

* FSM state transitions: 
1 --> 2 
2 --> 3 
3 --> 

* FSM state operations: 

State 1 <SV = 0> <Delay = 0.42>
ST_1 : Operation 5 [1/1] (0.00ns)   --->   "%rr = alloca i32 1"   --->   Operation 5 'alloca' 'rr' <Predicate = true> <Delay = 0.00>
ST_1 : Operation 6 [1/1] (0.00ns)   --->   "%pp = alloca i32 1"   --->   Operation 6 'alloca' 'pp' <Predicate = true> <Delay = 0.00>
ST_1 : Operation 7 [1/1] (0.00ns)   --->   "%indvar_flatten6 = alloca i32 1"   --->   Operation 7 'alloca' 'indvar_flatten6' <Predicate = true> <Delay = 0.00>
ST_1 : Operation 8 [1/1] (0.42ns)   --->   "%store_ln0 = store i21 0, i21 %indvar_flatten6"   --->   Operation 8 'store' 'store_ln0' <Predicate = true> <Delay = 0.42>
ST_1 : Operation 9 [1/1] (0.42ns)   --->   "%store_ln0 = store i11 0, i11 %pp"   --->   Operation 9 'store' 'store_ln0' <Predicate = true> <Delay = 0.42>
ST_1 : Operation 10 [1/1] (0.42ns)   --->   "%store_ln0 = store i11 0, i11 %rr"   --->   Operation 10 'store' 'store_ln0' <Predicate = true> <Delay = 0.42>
ST_1 : Operation 11 [1/1] (0.00ns)   --->   "%br_ln0 = br void %for.inc70"   --->   Operation 11 'br' 'br_ln0' <Predicate = true> <Delay = 0.00>

State 2 <SV = 1> <Delay = 2.55>
ST_2 : Operation 12 [1/1] (0.00ns)   --->   "%indvar_flatten6_load = load i21 %indvar_flatten6" [seq_align_multiple.cpp:204]   --->   Operation 12 'load' 'indvar_flatten6_load' <Predicate = true> <Delay = 0.00>
ST_2 : Operation 13 [1/1] (0.00ns)   --->   "%specpipeline_ln0 = specpipeline void @_ssdm_op_SpecPipeline, i32 4294967295, i32 0, i32 1, i32 0, void @p_str"   --->   Operation 13 'specpipeline' 'specpipeline_ln0' <Predicate = true> <Delay = 0.00>
ST_2 : Operation 14 [1/1] (1.06ns)   --->   "%icmp_ln204 = icmp_eq  i21 %indvar_flatten6_load, i21 1048576" [seq_align_multiple.cpp:204]   --->   Operation 14 'icmp' 'icmp_ln204' <Predicate = true> <Delay = 1.06> <CoreInst = "Cmp">   --->   Core 9 'Cmp' <Latency = 0> <II = 1> <Delay = 1.06> <FuncUnit> <Opcode : 'icmp'> <InPorts = 2> <OutPorts = 1>
ST_2 : Operation 15 [1/1] (0.90ns)   --->   "%add_ln204_1 = add i21 %indvar_flatten6_load, i21 1" [seq_align_multiple.cpp:204]   --->   Operation 15 'add' 'add_ln204_1' <Predicate = true> <Delay = 0.90> <CoreInst = "Adder">   --->   Core 1 'Adder' <Latency = 0> <II = 1> <Delay = 0.90> <FuncUnit> <Opcode : 'add' 'sub'> <InPorts = 2> <OutPorts = 1>
ST_2 : Operation 16 [1/1] (0.00ns)   --->   "%br_ln204 = br i1 %icmp_ln204, void %for.inc73, void %for.inc83.preheader.exitStub" [seq_align_multiple.cpp:204]   --->   Operation 16 'br' 'br_ln204' <Predicate = true> <Delay = 0.00>
ST_2 : Operation 17 [1/1] (0.00ns)   --->   "%rr_load = load i11 %rr" [seq_align_multiple.cpp:206]   --->   Operation 17 'load' 'rr_load' <Predicate = (!icmp_ln204)> <Delay = 0.00>
ST_2 : Operation 18 [1/1] (0.00ns)   --->   "%pp_load = load i11 %pp" [seq_align_multiple.cpp:204]   --->   Operation 18 'load' 'pp_load' <Predicate = (!icmp_ln204)> <Delay = 0.00>
ST_2 : Operation 19 [1/1] (0.79ns)   --->   "%add_ln204 = add i11 %pp_load, i11 1" [seq_align_multiple.cpp:204]   --->   Operation 19 'add' 'add_ln204' <Predicate = (!icmp_ln204)> <Delay = 0.79> <CoreInst = "Adder">   --->   Core 1 'Adder' <Latency = 0> <II = 1> <Delay = 0.79> <FuncUnit> <Opcode : 'add' 'sub'> <InPorts = 2> <OutPorts = 1>
ST_2 : Operation 20 [1/1] (0.94ns)   --->   "%icmp_ln206 = icmp_eq  i11 %rr_load, i11 1024" [seq_align_multiple.cpp:206]   --->   Operation 20 'icmp' 'icmp_ln206' <Predicate = (!icmp_ln204)> <Delay = 0.94> <CoreInst = "Cmp">   --->   Core 9 'Cmp' <Latency = 0> <II = 1> <Delay = 0.94> <FuncUnit> <Opcode : 'icmp'> <InPorts = 2> <OutPorts = 1>
ST_2 : Operation 21 [1/1] (0.38ns)   --->   "%select_ln204 = select i1 %icmp_ln206, i11 0, i11 %rr_load" [seq_align_multiple.cpp:204]   --->   Operation 21 'select' 'select_ln204' <Predicate = (!icmp_ln204)> <Delay = 0.38> <CoreInst = "Sel">   --->   Core 73 'Sel' <Latency = 0> <II = 1> <Delay = 0.38> <FuncUnit> <Opcode : 'select'> <InPorts = 3> <OutPorts = 1>
ST_2 : Operation 22 [1/1] (0.38ns)   --->   "%select_ln204_1 = select i1 %icmp_ln206, i11 %add_ln204, i11 %pp_load" [seq_align_multiple.cpp:204]   --->   Operation 22 'select' 'select_ln204_1' <Predicate = (!icmp_ln204)> <Delay = 0.38> <CoreInst = "Sel">   --->   Core 73 'Sel' <Latency = 0> <II = 1> <Delay = 0.38> <FuncUnit> <Opcode : 'select'> <InPorts = 3> <OutPorts = 1>
ST_2 : Operation 23 [1/1] (0.00ns)   --->   "%p_cast7_mid2_v = partselect i6 @_ssdm_op_PartSelect.i6.i11.i32.i32, i11 %select_ln204_1, i32 4, i32 9" [seq_align_multiple.cpp:204]   --->   Operation 23 'partselect' 'p_cast7_mid2_v' <Predicate = (!icmp_ln204)> <Delay = 0.00>
ST_2 : Operation 24 [1/1] (0.00ns)   --->   "%tmp_1 = bitconcatenate i16 @_ssdm_op_BitConcatenate.i16.i6.i10, i6 %p_cast7_mid2_v, i10 0" [seq_align_multiple.cpp:209]   --->   Operation 24 'bitconcatenate' 'tmp_1' <Predicate = (!icmp_ln204)> <Delay = 0.00>
ST_2 : Operation 25 [1/1] (0.00ns)   --->   "%trunc_ln204 = trunc i11 %select_ln204_1" [seq_align_multiple.cpp:204]   --->   Operation 25 'trunc' 'trunc_ln204' <Predicate = (!icmp_ln204)> <Delay = 0.00>
ST_2 : Operation 26 [1/1] (0.00ns)   --->   "%zext_ln209 = zext i11 %select_ln204" [seq_align_multiple.cpp:209]   --->   Operation 26 'zext' 'zext_ln209' <Predicate = (!icmp_ln204)> <Delay = 0.00>
ST_2 : Operation 27 [1/1] (0.85ns)   --->   "%add_ln209 = add i16 %tmp_1, i16 %zext_ln209" [seq_align_multiple.cpp:209]   --->   Operation 27 'add' 'add_ln209' <Predicate = (!icmp_ln204)> <Delay = 0.85> <CoreInst = "Adder">   --->   Core 1 'Adder' <Latency = 0> <II = 1> <Delay = 0.85> <FuncUnit> <Opcode : 'add' 'sub'> <InPorts = 2> <OutPorts = 1>
ST_2 : Operation 28 [1/1] (0.44ns)   --->   "%switch_ln209 = switch i4 %trunc_ln204, void %arrayidx6920.case.15, i4 0, void %arrayidx6920.case.0, i4 1, void %arrayidx6920.case.1, i4 2, void %arrayidx6920.case.2, i4 3, void %arrayidx6920.case.3, i4 4, void %arrayidx6920.case.4, i4 5, void %arrayidx6920.case.5, i4 6, void %arrayidx6920.case.6, i4 7, void %arrayidx6920.case.7, i4 8, void %arrayidx6920.case.8, i4 9, void %arrayidx6920.case.9, i4 10, void %arrayidx6920.case.10, i4 11, void %arrayidx6920.case.11, i4 12, void %arrayidx6920.case.12, i4 13, void %arrayidx6920.case.13, i4 14, void %arrayidx6920.case.14" [seq_align_multiple.cpp:209]   --->   Operation 28 'switch' 'switch_ln209' <Predicate = (!icmp_ln204)> <Delay = 0.44>
ST_2 : Operation 29 [1/1] (0.79ns)   --->   "%add_ln206 = add i11 %select_ln204, i11 1" [seq_align_multiple.cpp:206]   --->   Operation 29 'add' 'add_ln206' <Predicate = (!icmp_ln204)> <Delay = 0.79> <CoreInst = "Adder">   --->   Core 1 'Adder' <Latency = 0> <II = 1> <Delay = 0.79> <FuncUnit> <Opcode : 'add' 'sub'> <InPorts = 2> <OutPorts = 1>
ST_2 : Operation 30 [1/1] (0.42ns)   --->   "%store_ln206 = store i21 %add_ln204_1, i21 %indvar_flatten6" [seq_align_multiple.cpp:206]   --->   Operation 30 'store' 'store_ln206' <Predicate = (!icmp_ln204)> <Delay = 0.42>
ST_2 : Operation 31 [1/1] (0.42ns)   --->   "%store_ln206 = store i11 %select_ln204_1, i11 %pp" [seq_align_multiple.cpp:206]   --->   Operation 31 'store' 'store_ln206' <Predicate = (!icmp_ln204)> <Delay = 0.42>
ST_2 : Operation 32 [1/1] (0.42ns)   --->   "%store_ln206 = store i11 %add_ln206, i11 %rr" [seq_align_multiple.cpp:206]   --->   Operation 32 'store' 'store_ln206' <Predicate = (!icmp_ln204)> <Delay = 0.42>
ST_2 : Operation 33 [1/1] (0.00ns)   --->   "%br_ln206 = br void %for.inc70" [seq_align_multiple.cpp:206]   --->   Operation 33 'br' 'br_ln206' <Predicate = (!icmp_ln204)> <Delay = 0.00>
ST_2 : Operation 87 [1/1] (0.00ns)   --->   "%ret_ln0 = ret"   --->   Operation 87 'ret' 'ret_ln0' <Predicate = (icmp_ln204)> <Delay = 0.00>

State 3 <SV = 2> <Delay = 1.23>
ST_3 : Operation 34 [1/1] (0.00ns)   --->   "%specloopname_ln0 = specloopname void @_ssdm_op_SpecLoopName, void @VITIS_LOOP_204_5_VITIS_LOOP_206_6_str"   --->   Operation 34 'specloopname' 'specloopname_ln0' <Predicate = true> <Delay = 0.00>
ST_3 : Operation 35 [1/1] (0.00ns)   --->   "%empty = speclooptripcount i32 @_ssdm_op_SpecLoopTripCount, i64 1048576, i64 1048576, i64 1048576"   --->   Operation 35 'speclooptripcount' 'empty' <Predicate = true> <Delay = 0.00>
ST_3 : Operation 36 [1/1] (0.00ns)   --->   "%specpipeline_ln0 = specpipeline void @_ssdm_op_SpecPipeline, i32 4294967295, i32 0, i32 1, i32 0, void @p_str"   --->   Operation 36 'specpipeline' 'specpipeline_ln0' <Predicate = true> <Delay = 0.00>
ST_3 : Operation 37 [1/1] (0.00ns)   --->   "%zext_ln209_1 = zext i16 %add_ln209" [seq_align_multiple.cpp:209]   --->   Operation 37 'zext' 'zext_ln209_1' <Predicate = true> <Delay = 0.00>
ST_3 : Operation 38 [1/1] (0.00ns)   --->   "%traceback_V_addr = getelementptr i2 %traceback_V, i64 0, i64 %zext_ln209_1" [seq_align_multiple.cpp:209]   --->   Operation 38 'getelementptr' 'traceback_V_addr' <Predicate = true> <Delay = 0.00>
ST_3 : Operation 39 [1/1] (0.00ns)   --->   "%traceback_V_1_addr = getelementptr i2 %traceback_V_1, i64 0, i64 %zext_ln209_1" [seq_align_multiple.cpp:209]   --->   Operation 39 'getelementptr' 'traceback_V_1_addr' <Predicate = true> <Delay = 0.00>
ST_3 : Operation 40 [1/1] (0.00ns)   --->   "%traceback_V_2_addr = getelementptr i2 %traceback_V_2, i64 0, i64 %zext_ln209_1" [seq_align_multiple.cpp:209]   --->   Operation 40 'getelementptr' 'traceback_V_2_addr' <Predicate = true> <Delay = 0.00>
ST_3 : Operation 41 [1/1] (0.00ns)   --->   "%traceback_V_3_addr = getelementptr i2 %traceback_V_3, i64 0, i64 %zext_ln209_1" [seq_align_multiple.cpp:209]   --->   Operation 41 'getelementptr' 'traceback_V_3_addr' <Predicate = true> <Delay = 0.00>
ST_3 : Operation 42 [1/1] (0.00ns)   --->   "%traceback_V_4_addr = getelementptr i2 %traceback_V_4, i64 0, i64 %zext_ln209_1" [seq_align_multiple.cpp:209]   --->   Operation 42 'getelementptr' 'traceback_V_4_addr' <Predicate = true> <Delay = 0.00>
ST_3 : Operation 43 [1/1] (0.00ns)   --->   "%traceback_V_5_addr = getelementptr i2 %traceback_V_5, i64 0, i64 %zext_ln209_1" [seq_align_multiple.cpp:209]   --->   Operation 43 'getelementptr' 'traceback_V_5_addr' <Predicate = true> <Delay = 0.00>
ST_3 : Operation 44 [1/1] (0.00ns)   --->   "%traceback_V_6_addr = getelementptr i2 %traceback_V_6, i64 0, i64 %zext_ln209_1" [seq_align_multiple.cpp:209]   --->   Operation 44 'getelementptr' 'traceback_V_6_addr' <Predicate = true> <Delay = 0.00>
ST_3 : Operation 45 [1/1] (0.00ns)   --->   "%traceback_V_7_addr = getelementptr i2 %traceback_V_7, i64 0, i64 %zext_ln209_1" [seq_align_multiple.cpp:209]   --->   Operation 45 'getelementptr' 'traceback_V_7_addr' <Predicate = true> <Delay = 0.00>
ST_3 : Operation 46 [1/1] (0.00ns)   --->   "%traceback_V_8_addr = getelementptr i2 %traceback_V_8, i64 0, i64 %zext_ln209_1" [seq_align_multiple.cpp:209]   --->   Operation 46 'getelementptr' 'traceback_V_8_addr' <Predicate = true> <Delay = 0.00>
ST_3 : Operation 47 [1/1] (0.00ns)   --->   "%traceback_V_9_addr = getelementptr i2 %traceback_V_9, i64 0, i64 %zext_ln209_1" [seq_align_multiple.cpp:209]   --->   Operation 47 'getelementptr' 'traceback_V_9_addr' <Predicate = true> <Delay = 0.00>
ST_3 : Operation 48 [1/1] (0.00ns)   --->   "%traceback_V_10_addr = getelementptr i2 %traceback_V_10, i64 0, i64 %zext_ln209_1" [seq_align_multiple.cpp:209]   --->   Operation 48 'getelementptr' 'traceback_V_10_addr' <Predicate = true> <Delay = 0.00>
ST_3 : Operation 49 [1/1] (0.00ns)   --->   "%traceback_V_11_addr = getelementptr i2 %traceback_V_11, i64 0, i64 %zext_ln209_1" [seq_align_multiple.cpp:209]   --->   Operation 49 'getelementptr' 'traceback_V_11_addr' <Predicate = true> <Delay = 0.00>
ST_3 : Operation 50 [1/1] (0.00ns)   --->   "%traceback_V_12_addr = getelementptr i2 %traceback_V_12, i64 0, i64 %zext_ln209_1" [seq_align_multiple.cpp:209]   --->   Operation 50 'getelementptr' 'traceback_V_12_addr' <Predicate = true> <Delay = 0.00>
ST_3 : Operation 51 [1/1] (0.00ns)   --->   "%traceback_V_13_addr = getelementptr i2 %traceback_V_13, i64 0, i64 %zext_ln209_1" [seq_align_multiple.cpp:209]   --->   Operation 51 'getelementptr' 'traceback_V_13_addr' <Predicate = true> <Delay = 0.00>
ST_3 : Operation 52 [1/1] (0.00ns)   --->   "%traceback_V_14_addr = getelementptr i2 %traceback_V_14, i64 0, i64 %zext_ln209_1" [seq_align_multiple.cpp:209]   --->   Operation 52 'getelementptr' 'traceback_V_14_addr' <Predicate = true> <Delay = 0.00>
ST_3 : Operation 53 [1/1] (0.00ns)   --->   "%traceback_V_15_addr = getelementptr i2 %traceback_V_15, i64 0, i64 %zext_ln209_1" [seq_align_multiple.cpp:209]   --->   Operation 53 'getelementptr' 'traceback_V_15_addr' <Predicate = true> <Delay = 0.00>
ST_3 : Operation 54 [1/1] (0.00ns)   --->   "%specloopname_ln333 = specloopname void @_ssdm_op_SpecLoopName, void @empty_13"   --->   Operation 54 'specloopname' 'specloopname_ln333' <Predicate = true> <Delay = 0.00>
ST_3 : Operation 55 [1/1] (1.23ns)   --->   "%store_ln209 = store i2 0, i16 %traceback_V_14_addr" [seq_align_multiple.cpp:209]   --->   Operation 55 'store' 'store_ln209' <Predicate = (trunc_ln204 == 14)> <Delay = 1.23> <CoreInst = "RAM">   --->   Core 83 'RAM' <Latency = 1> <II = 1> <Delay = 1.23> <Storage> <Opcode : 'load' 'store'> <Ports = 2> <Width = 2> <Depth = 65536> <RAM>
ST_3 : Operation 56 [1/1] (0.00ns)   --->   "%br_ln209 = br void %arrayidx6920.exit" [seq_align_multiple.cpp:209]   --->   Operation 56 'br' 'br_ln209' <Predicate = (trunc_ln204 == 14)> <Delay = 0.00>
ST_3 : Operation 57 [1/1] (1.23ns)   --->   "%store_ln209 = store i2 0, i16 %traceback_V_13_addr" [seq_align_multiple.cpp:209]   --->   Operation 57 'store' 'store_ln209' <Predicate = (trunc_ln204 == 13)> <Delay = 1.23> <CoreInst = "RAM">   --->   Core 83 'RAM' <Latency = 1> <II = 1> <Delay = 1.23> <Storage> <Opcode : 'load' 'store'> <Ports = 2> <Width = 2> <Depth = 65536> <RAM>
ST_3 : Operation 58 [1/1] (0.00ns)   --->   "%br_ln209 = br void %arrayidx6920.exit" [seq_align_multiple.cpp:209]   --->   Operation 58 'br' 'br_ln209' <Predicate = (trunc_ln204 == 13)> <Delay = 0.00>
ST_3 : Operation 59 [1/1] (1.23ns)   --->   "%store_ln209 = store i2 0, i16 %traceback_V_12_addr" [seq_align_multiple.cpp:209]   --->   Operation 59 'store' 'store_ln209' <Predicate = (trunc_ln204 == 12)> <Delay = 1.23> <CoreInst = "RAM">   --->   Core 83 'RAM' <Latency = 1> <II = 1> <Delay = 1.23> <Storage> <Opcode : 'load' 'store'> <Ports = 2> <Width = 2> <Depth = 65536> <RAM>
ST_3 : Operation 60 [1/1] (0.00ns)   --->   "%br_ln209 = br void %arrayidx6920.exit" [seq_align_multiple.cpp:209]   --->   Operation 60 'br' 'br_ln209' <Predicate = (trunc_ln204 == 12)> <Delay = 0.00>
ST_3 : Operation 61 [1/1] (1.23ns)   --->   "%store_ln209 = store i2 0, i16 %traceback_V_11_addr" [seq_align_multiple.cpp:209]   --->   Operation 61 'store' 'store_ln209' <Predicate = (trunc_ln204 == 11)> <Delay = 1.23> <CoreInst = "RAM">   --->   Core 83 'RAM' <Latency = 1> <II = 1> <Delay = 1.23> <Storage> <Opcode : 'load' 'store'> <Ports = 2> <Width = 2> <Depth = 65536> <RAM>
ST_3 : Operation 62 [1/1] (0.00ns)   --->   "%br_ln209 = br void %arrayidx6920.exit" [seq_align_multiple.cpp:209]   --->   Operation 62 'br' 'br_ln209' <Predicate = (trunc_ln204 == 11)> <Delay = 0.00>
ST_3 : Operation 63 [1/1] (1.23ns)   --->   "%store_ln209 = store i2 0, i16 %traceback_V_10_addr" [seq_align_multiple.cpp:209]   --->   Operation 63 'store' 'store_ln209' <Predicate = (trunc_ln204 == 10)> <Delay = 1.23> <CoreInst = "RAM">   --->   Core 83 'RAM' <Latency = 1> <II = 1> <Delay = 1.23> <Storage> <Opcode : 'load' 'store'> <Ports = 2> <Width = 2> <Depth = 65536> <RAM>
ST_3 : Operation 64 [1/1] (0.00ns)   --->   "%br_ln209 = br void %arrayidx6920.exit" [seq_align_multiple.cpp:209]   --->   Operation 64 'br' 'br_ln209' <Predicate = (trunc_ln204 == 10)> <Delay = 0.00>
ST_3 : Operation 65 [1/1] (1.23ns)   --->   "%store_ln209 = store i2 0, i16 %traceback_V_9_addr" [seq_align_multiple.cpp:209]   --->   Operation 65 'store' 'store_ln209' <Predicate = (trunc_ln204 == 9)> <Delay = 1.23> <CoreInst = "RAM">   --->   Core 83 'RAM' <Latency = 1> <II = 1> <Delay = 1.23> <Storage> <Opcode : 'load' 'store'> <Ports = 2> <Width = 2> <Depth = 65536> <RAM>
ST_3 : Operation 66 [1/1] (0.00ns)   --->   "%br_ln209 = br void %arrayidx6920.exit" [seq_align_multiple.cpp:209]   --->   Operation 66 'br' 'br_ln209' <Predicate = (trunc_ln204 == 9)> <Delay = 0.00>
ST_3 : Operation 67 [1/1] (1.23ns)   --->   "%store_ln209 = store i2 0, i16 %traceback_V_8_addr" [seq_align_multiple.cpp:209]   --->   Operation 67 'store' 'store_ln209' <Predicate = (trunc_ln204 == 8)> <Delay = 1.23> <CoreInst = "RAM">   --->   Core 83 'RAM' <Latency = 1> <II = 1> <Delay = 1.23> <Storage> <Opcode : 'load' 'store'> <Ports = 2> <Width = 2> <Depth = 65536> <RAM>
ST_3 : Operation 68 [1/1] (0.00ns)   --->   "%br_ln209 = br void %arrayidx6920.exit" [seq_align_multiple.cpp:209]   --->   Operation 68 'br' 'br_ln209' <Predicate = (trunc_ln204 == 8)> <Delay = 0.00>
ST_3 : Operation 69 [1/1] (1.23ns)   --->   "%store_ln209 = store i2 0, i16 %traceback_V_7_addr" [seq_align_multiple.cpp:209]   --->   Operation 69 'store' 'store_ln209' <Predicate = (trunc_ln204 == 7)> <Delay = 1.23> <CoreInst = "RAM">   --->   Core 83 'RAM' <Latency = 1> <II = 1> <Delay = 1.23> <Storage> <Opcode : 'load' 'store'> <Ports = 2> <Width = 2> <Depth = 65536> <RAM>
ST_3 : Operation 70 [1/1] (0.00ns)   --->   "%br_ln209 = br void %arrayidx6920.exit" [seq_align_multiple.cpp:209]   --->   Operation 70 'br' 'br_ln209' <Predicate = (trunc_ln204 == 7)> <Delay = 0.00>
ST_3 : Operation 71 [1/1] (1.23ns)   --->   "%store_ln209 = store i2 0, i16 %traceback_V_6_addr" [seq_align_multiple.cpp:209]   --->   Operation 71 'store' 'store_ln209' <Predicate = (trunc_ln204 == 6)> <Delay = 1.23> <CoreInst = "RAM">   --->   Core 83 'RAM' <Latency = 1> <II = 1> <Delay = 1.23> <Storage> <Opcode : 'load' 'store'> <Ports = 2> <Width = 2> <Depth = 65536> <RAM>
ST_3 : Operation 72 [1/1] (0.00ns)   --->   "%br_ln209 = br void %arrayidx6920.exit" [seq_align_multiple.cpp:209]   --->   Operation 72 'br' 'br_ln209' <Predicate = (trunc_ln204 == 6)> <Delay = 0.00>
ST_3 : Operation 73 [1/1] (1.23ns)   --->   "%store_ln209 = store i2 0, i16 %traceback_V_5_addr" [seq_align_multiple.cpp:209]   --->   Operation 73 'store' 'store_ln209' <Predicate = (trunc_ln204 == 5)> <Delay = 1.23> <CoreInst = "RAM">   --->   Core 83 'RAM' <Latency = 1> <II = 1> <Delay = 1.23> <Storage> <Opcode : 'load' 'store'> <Ports = 2> <Width = 2> <Depth = 65536> <RAM>
ST_3 : Operation 74 [1/1] (0.00ns)   --->   "%br_ln209 = br void %arrayidx6920.exit" [seq_align_multiple.cpp:209]   --->   Operation 74 'br' 'br_ln209' <Predicate = (trunc_ln204 == 5)> <Delay = 0.00>
ST_3 : Operation 75 [1/1] (1.23ns)   --->   "%store_ln209 = store i2 0, i16 %traceback_V_4_addr" [seq_align_multiple.cpp:209]   --->   Operation 75 'store' 'store_ln209' <Predicate = (trunc_ln204 == 4)> <Delay = 1.23> <CoreInst = "RAM">   --->   Core 83 'RAM' <Latency = 1> <II = 1> <Delay = 1.23> <Storage> <Opcode : 'load' 'store'> <Ports = 2> <Width = 2> <Depth = 65536> <RAM>
ST_3 : Operation 76 [1/1] (0.00ns)   --->   "%br_ln209 = br void %arrayidx6920.exit" [seq_align_multiple.cpp:209]   --->   Operation 76 'br' 'br_ln209' <Predicate = (trunc_ln204 == 4)> <Delay = 0.00>
ST_3 : Operation 77 [1/1] (1.23ns)   --->   "%store_ln209 = store i2 0, i16 %traceback_V_3_addr" [seq_align_multiple.cpp:209]   --->   Operation 77 'store' 'store_ln209' <Predicate = (trunc_ln204 == 3)> <Delay = 1.23> <CoreInst = "RAM">   --->   Core 83 'RAM' <Latency = 1> <II = 1> <Delay = 1.23> <Storage> <Opcode : 'load' 'store'> <Ports = 2> <Width = 2> <Depth = 65536> <RAM>
ST_3 : Operation 78 [1/1] (0.00ns)   --->   "%br_ln209 = br void %arrayidx6920.exit" [seq_align_multiple.cpp:209]   --->   Operation 78 'br' 'br_ln209' <Predicate = (trunc_ln204 == 3)> <Delay = 0.00>
ST_3 : Operation 79 [1/1] (1.23ns)   --->   "%store_ln209 = store i2 0, i16 %traceback_V_2_addr" [seq_align_multiple.cpp:209]   --->   Operation 79 'store' 'store_ln209' <Predicate = (trunc_ln204 == 2)> <Delay = 1.23> <CoreInst = "RAM">   --->   Core 83 'RAM' <Latency = 1> <II = 1> <Delay = 1.23> <Storage> <Opcode : 'load' 'store'> <Ports = 2> <Width = 2> <Depth = 65536> <RAM>
ST_3 : Operation 80 [1/1] (0.00ns)   --->   "%br_ln209 = br void %arrayidx6920.exit" [seq_align_multiple.cpp:209]   --->   Operation 80 'br' 'br_ln209' <Predicate = (trunc_ln204 == 2)> <Delay = 0.00>
ST_3 : Operation 81 [1/1] (1.23ns)   --->   "%store_ln209 = store i2 0, i16 %traceback_V_1_addr" [seq_align_multiple.cpp:209]   --->   Operation 81 'store' 'store_ln209' <Predicate = (trunc_ln204 == 1)> <Delay = 1.23> <CoreInst = "RAM">   --->   Core 83 'RAM' <Latency = 1> <II = 1> <Delay = 1.23> <Storage> <Opcode : 'load' 'store'> <Ports = 2> <Width = 2> <Depth = 65536> <RAM>
ST_3 : Operation 82 [1/1] (0.00ns)   --->   "%br_ln209 = br void %arrayidx6920.exit" [seq_align_multiple.cpp:209]   --->   Operation 82 'br' 'br_ln209' <Predicate = (trunc_ln204 == 1)> <Delay = 0.00>
ST_3 : Operation 83 [1/1] (1.23ns)   --->   "%store_ln209 = store i2 0, i16 %traceback_V_addr" [seq_align_multiple.cpp:209]   --->   Operation 83 'store' 'store_ln209' <Predicate = (trunc_ln204 == 0)> <Delay = 1.23> <CoreInst = "RAM">   --->   Core 83 'RAM' <Latency = 1> <II = 1> <Delay = 1.23> <Storage> <Opcode : 'load' 'store'> <Ports = 2> <Width = 2> <Depth = 65536> <RAM>
ST_3 : Operation 84 [1/1] (0.00ns)   --->   "%br_ln209 = br void %arrayidx6920.exit" [seq_align_multiple.cpp:209]   --->   Operation 84 'br' 'br_ln209' <Predicate = (trunc_ln204 == 0)> <Delay = 0.00>
ST_3 : Operation 85 [1/1] (1.23ns)   --->   "%store_ln209 = store i2 0, i16 %traceback_V_15_addr" [seq_align_multiple.cpp:209]   --->   Operation 85 'store' 'store_ln209' <Predicate = (trunc_ln204 == 15)> <Delay = 1.23> <CoreInst = "RAM">   --->   Core 83 'RAM' <Latency = 1> <II = 1> <Delay = 1.23> <Storage> <Opcode : 'load' 'store'> <Ports = 2> <Width = 2> <Depth = 65536> <RAM>
ST_3 : Operation 86 [1/1] (0.00ns)   --->   "%br_ln209 = br void %arrayidx6920.exit" [seq_align_multiple.cpp:209]   --->   Operation 86 'br' 'br_ln209' <Predicate = (trunc_ln204 == 15)> <Delay = 0.00>


============================================================
+ Verbose Summary: Binding
============================================================
STG Binding: 
---------------- STG Properties BEGIN ----------------
- Is combinational: 0
- Is one-state seq: 0
- Is datapath-only: 0
- Is pipelined: 0
- Is top level: 0
Port [ Return ] is wired: 1; IO mode=ap_ctrl_hs:ce=0
Port [ traceback_V]:  wired=1; compound=1; hidden=0; nouse=0; global=0; static=0; extern=0; dir=1; type=1; pingpong=0; private_global=0; MemPort=[03]; IO mode=ap_memory:ce=0
Port [ traceback_V_1]:  wired=1; compound=1; hidden=0; nouse=0; global=0; static=0; extern=0; dir=1; type=1; pingpong=0; private_global=0; MemPort=[03]; IO mode=ap_memory:ce=0
Port [ traceback_V_2]:  wired=1; compound=1; hidden=0; nouse=0; global=0; static=0; extern=0; dir=1; type=1; pingpong=0; private_global=0; MemPort=[03]; IO mode=ap_memory:ce=0
Port [ traceback_V_3]:  wired=1; compound=1; hidden=0; nouse=0; global=0; static=0; extern=0; dir=1; type=1; pingpong=0; private_global=0; MemPort=[03]; IO mode=ap_memory:ce=0
Port [ traceback_V_4]:  wired=1; compound=1; hidden=0; nouse=0; global=0; static=0; extern=0; dir=1; type=1; pingpong=0; private_global=0; MemPort=[03]; IO mode=ap_memory:ce=0
Port [ traceback_V_5]:  wired=1; compound=1; hidden=0; nouse=0; global=0; static=0; extern=0; dir=1; type=1; pingpong=0; private_global=0; MemPort=[03]; IO mode=ap_memory:ce=0
Port [ traceback_V_6]:  wired=1; compound=1; hidden=0; nouse=0; global=0; static=0; extern=0; dir=1; type=1; pingpong=0; private_global=0; MemPort=[03]; IO mode=ap_memory:ce=0
Port [ traceback_V_7]:  wired=1; compound=1; hidden=0; nouse=0; global=0; static=0; extern=0; dir=1; type=1; pingpong=0; private_global=0; MemPort=[03]; IO mode=ap_memory:ce=0
Port [ traceback_V_8]:  wired=1; compound=1; hidden=0; nouse=0; global=0; static=0; extern=0; dir=1; type=1; pingpong=0; private_global=0; MemPort=[03]; IO mode=ap_memory:ce=0
Port [ traceback_V_9]:  wired=1; compound=1; hidden=0; nouse=0; global=0; static=0; extern=0; dir=1; type=1; pingpong=0; private_global=0; MemPort=[03]; IO mode=ap_memory:ce=0
Port [ traceback_V_10]:  wired=1; compound=1; hidden=0; nouse=0; global=0; static=0; extern=0; dir=1; type=1; pingpong=0; private_global=0; MemPort=[03]; IO mode=ap_memory:ce=0
Port [ traceback_V_11]:  wired=1; compound=1; hidden=0; nouse=0; global=0; static=0; extern=0; dir=1; type=1; pingpong=0; private_global=0; MemPort=[03]; IO mode=ap_memory:ce=0
Port [ traceback_V_12]:  wired=1; compound=1; hidden=0; nouse=0; global=0; static=0; extern=0; dir=1; type=1; pingpong=0; private_global=0; MemPort=[03]; IO mode=ap_memory:ce=0
Port [ traceback_V_13]:  wired=1; compound=1; hidden=0; nouse=0; global=0; static=0; extern=0; dir=1; type=1; pingpong=0; private_global=0; MemPort=[03]; IO mode=ap_memory:ce=0
Port [ traceback_V_14]:  wired=1; compound=1; hidden=0; nouse=0; global=0; static=0; extern=0; dir=1; type=1; pingpong=0; private_global=0; MemPort=[03]; IO mode=ap_memory:ce=0
Port [ traceback_V_15]:  wired=1; compound=1; hidden=0; nouse=0; global=0; static=0; extern=0; dir=1; type=1; pingpong=0; private_global=0; MemPort=[03]; IO mode=ap_memory:ce=0
---------------- STG Properties END ------------------

---------------- Datapath Model BEGIN ----------------

<LifeTime>
<method=bitvector/>
rr                   (alloca           ) [ 0110]
pp                   (alloca           ) [ 0110]
indvar_flatten6      (alloca           ) [ 0110]
store_ln0            (store            ) [ 0000]
store_ln0            (store            ) [ 0000]
store_ln0            (store            ) [ 0000]
br_ln0               (br               ) [ 0000]
indvar_flatten6_load (load             ) [ 0000]
specpipeline_ln0     (specpipeline     ) [ 0000]
icmp_ln204           (icmp             ) [ 0110]
add_ln204_1          (add              ) [ 0000]
br_ln204             (br               ) [ 0000]
rr_load              (load             ) [ 0000]
pp_load              (load             ) [ 0000]
add_ln204            (add              ) [ 0000]
icmp_ln206           (icmp             ) [ 0000]
select_ln204         (select           ) [ 0000]
select_ln204_1       (select           ) [ 0000]
p_cast7_mid2_v       (partselect       ) [ 0000]
tmp_1                (bitconcatenate   ) [ 0000]
trunc_ln204          (trunc            ) [ 0101]
zext_ln209           (zext             ) [ 0000]
add_ln209            (add              ) [ 0101]
switch_ln209         (switch           ) [ 0000]
add_ln206            (add              ) [ 0000]
store_ln206          (store            ) [ 0000]
store_ln206          (store            ) [ 0000]
store_ln206          (store            ) [ 0000]
br_ln206             (br               ) [ 0000]
specloopname_ln0     (specloopname     ) [ 0000]
empty                (speclooptripcount) [ 0000]
specpipeline_ln0     (specpipeline     ) [ 0000]
zext_ln209_1         (zext             ) [ 0000]
traceback_V_addr     (getelementptr    ) [ 0000]
traceback_V_1_addr   (getelementptr    ) [ 0000]
traceback_V_2_addr   (getelementptr    ) [ 0000]
traceback_V_3_addr   (getelementptr    ) [ 0000]
traceback_V_4_addr   (getelementptr    ) [ 0000]
traceback_V_5_addr   (getelementptr    ) [ 0000]
traceback_V_6_addr   (getelementptr    ) [ 0000]
traceback_V_7_addr   (getelementptr    ) [ 0000]
traceback_V_8_addr   (getelementptr    ) [ 0000]
traceback_V_9_addr   (getelementptr    ) [ 0000]
traceback_V_10_addr  (getelementptr    ) [ 0000]
traceback_V_11_addr  (getelementptr    ) [ 0000]
traceback_V_12_addr  (getelementptr    ) [ 0000]
traceback_V_13_addr  (getelementptr    ) [ 0000]
traceback_V_14_addr  (getelementptr    ) [ 0000]
traceback_V_15_addr  (getelementptr    ) [ 0000]
specloopname_ln333   (specloopname     ) [ 0000]
store_ln209          (store            ) [ 0000]
br_ln209             (br               ) [ 0000]
store_ln209          (store            ) [ 0000]
br_ln209             (br               ) [ 0000]
store_ln209          (store            ) [ 0000]
br_ln209             (br               ) [ 0000]
store_ln209          (store            ) [ 0000]
br_ln209             (br               ) [ 0000]
store_ln209          (store            ) [ 0000]
br_ln209             (br               ) [ 0000]
store_ln209          (store            ) [ 0000]
br_ln209             (br               ) [ 0000]
store_ln209          (store            ) [ 0000]
br_ln209             (br               ) [ 0000]
store_ln209          (store            ) [ 0000]
br_ln209             (br               ) [ 0000]
store_ln209          (store            ) [ 0000]
br_ln209             (br               ) [ 0000]
store_ln209          (store            ) [ 0000]
br_ln209             (br               ) [ 0000]
store_ln209          (store            ) [ 0000]
br_ln209             (br               ) [ 0000]
store_ln209          (store            ) [ 0000]
br_ln209             (br               ) [ 0000]
store_ln209          (store            ) [ 0000]
br_ln209             (br               ) [ 0000]
store_ln209          (store            ) [ 0000]
br_ln209             (br               ) [ 0000]
store_ln209          (store            ) [ 0000]
br_ln209             (br               ) [ 0000]
store_ln209          (store            ) [ 0000]
br_ln209             (br               ) [ 0000]
ret_ln0              (ret              ) [ 0000]
</LifeTime>

<model>

<comp_list>
<comp id="0" class="1000" name="traceback_V">
<pin_list>
<pin id="1" dir="1" index="0" bw="1" slack="0"/>
</pin_list>
<bind>
<StgValue><ssdm name="traceback_V"/><MemPortTyVec>0 3 </MemPortTyVec>
</StgValue>
</bind>
</comp>

<comp id="2" class="1000" name="traceback_V_1">
<pin_list>
<pin id="3" dir="1" index="0" bw="1" slack="0"/>
</pin_list>
<bind>
<StgValue><ssdm name="traceback_V_1"/><MemPortTyVec>0 3 </MemPortTyVec>
</StgValue>
</bind>
</comp>

<comp id="4" class="1000" name="traceback_V_2">
<pin_list>
<pin id="5" dir="1" index="0" bw="1" slack="0"/>
</pin_list>
<bind>
<StgValue><ssdm name="traceback_V_2"/><MemPortTyVec>0 3 </MemPortTyVec>
</StgValue>
</bind>
</comp>

<comp id="6" class="1000" name="traceback_V_3">
<pin_list>
<pin id="7" dir="1" index="0" bw="1" slack="0"/>
</pin_list>
<bind>
<StgValue><ssdm name="traceback_V_3"/><MemPortTyVec>0 3 </MemPortTyVec>
</StgValue>
</bind>
</comp>

<comp id="8" class="1000" name="traceback_V_4">
<pin_list>
<pin id="9" dir="1" index="0" bw="1" slack="0"/>
</pin_list>
<bind>
<StgValue><ssdm name="traceback_V_4"/><MemPortTyVec>0 3 </MemPortTyVec>
</StgValue>
</bind>
</comp>

<comp id="10" class="1000" name="traceback_V_5">
<pin_list>
<pin id="11" dir="1" index="0" bw="1" slack="0"/>
</pin_list>
<bind>
<StgValue><ssdm name="traceback_V_5"/><MemPortTyVec>0 3 </MemPortTyVec>
</StgValue>
</bind>
</comp>

<comp id="12" class="1000" name="traceback_V_6">
<pin_list>
<pin id="13" dir="1" index="0" bw="1" slack="0"/>
</pin_list>
<bind>
<StgValue><ssdm name="traceback_V_6"/><MemPortTyVec>0 3 </MemPortTyVec>
</StgValue>
</bind>
</comp>

<comp id="14" class="1000" name="traceback_V_7">
<pin_list>
<pin id="15" dir="1" index="0" bw="1" slack="0"/>
</pin_list>
<bind>
<StgValue><ssdm name="traceback_V_7"/><MemPortTyVec>0 3 </MemPortTyVec>
</StgValue>
</bind>
</comp>

<comp id="16" class="1000" name="traceback_V_8">
<pin_list>
<pin id="17" dir="1" index="0" bw="1" slack="0"/>
</pin_list>
<bind>
<StgValue><ssdm name="traceback_V_8"/><MemPortTyVec>0 3 </MemPortTyVec>
</StgValue>
</bind>
</comp>

<comp id="18" class="1000" name="traceback_V_9">
<pin_list>
<pin id="19" dir="1" index="0" bw="1" slack="0"/>
</pin_list>
<bind>
<StgValue><ssdm name="traceback_V_9"/><MemPortTyVec>0 3 </MemPortTyVec>
</StgValue>
</bind>
</comp>

<comp id="20" class="1000" name="traceback_V_10">
<pin_list>
<pin id="21" dir="1" index="0" bw="1" slack="0"/>
</pin_list>
<bind>
<StgValue><ssdm name="traceback_V_10"/><MemPortTyVec>0 3 </MemPortTyVec>
</StgValue>
</bind>
</comp>

<comp id="22" class="1000" name="traceback_V_11">
<pin_list>
<pin id="23" dir="1" index="0" bw="1" slack="0"/>
</pin_list>
<bind>
<StgValue><ssdm name="traceback_V_11"/><MemPortTyVec>0 3 </MemPortTyVec>
</StgValue>
</bind>
</comp>

<comp id="24" class="1000" name="traceback_V_12">
<pin_list>
<pin id="25" dir="1" index="0" bw="1" slack="0"/>
</pin_list>
<bind>
<StgValue><ssdm name="traceback_V_12"/><MemPortTyVec>0 3 </MemPortTyVec>
</StgValue>
</bind>
</comp>

<comp id="26" class="1000" name="traceback_V_13">
<pin_list>
<pin id="27" dir="1" index="0" bw="1" slack="0"/>
</pin_list>
<bind>
<StgValue><ssdm name="traceback_V_13"/><MemPortTyVec>0 3 </MemPortTyVec>
</StgValue>
</bind>
</comp>

<comp id="28" class="1000" name="traceback_V_14">
<pin_list>
<pin id="29" dir="1" index="0" bw="1" slack="0"/>
</pin_list>
<bind>
<StgValue><ssdm name="traceback_V_14"/><MemPortTyVec>0 3 </MemPortTyVec>
</StgValue>
</bind>
</comp>

<comp id="30" class="1000" name="traceback_V_15">
<pin_list>
<pin id="31" dir="1" index="0" bw="1" slack="0"/>
</pin_list>
<bind>
<StgValue><ssdm name="traceback_V_15"/><MemPortTyVec>0 3 </MemPortTyVec>
</StgValue>
</bind>
</comp>

<comp id="32" class="1001" name="const_32">
<pin_list>
<pin id="33" dir="1" index="0" bw="1" slack="0"/>
</pin_list>
<bind>
<StgValue><ssdm name=""/></StgValue>
</bind>
</comp>

<comp id="34" class="1001" name="const_34">
<pin_list>
<pin id="35" dir="1" index="0" bw="1" slack="0"/>
</pin_list>
<bind>
<StgValue><ssdm name=""/></StgValue>
</bind>
</comp>

<comp id="36" class="1001" name="const_36">
<pin_list>
<pin id="37" dir="1" index="0" bw="1" slack="0"/>
</pin_list>
<bind>
<StgValue><ssdm name=""/></StgValue>
</bind>
</comp>

<comp id="38" class="1001" name="const_38">
<pin_list>
<pin id="39" dir="1" index="0" bw="1" slack="2147483647"/>
</pin_list>
<bind>
<StgValue><ssdm name="_ssdm_op_SpecPipeline"/></StgValue>
</bind>
</comp>

<comp id="40" class="1001" name="const_40">
<pin_list>
<pin id="41" dir="1" index="0" bw="1" slack="2147483647"/>
</pin_list>
<bind>
<StgValue><ssdm name=""/></StgValue>
</bind>
</comp>

<comp id="42" class="1001" name="const_42">
<pin_list>
<pin id="43" dir="1" index="0" bw="1" slack="2147483647"/>
</pin_list>
<bind>
<StgValue><ssdm name=""/></StgValue>
</bind>
</comp>

<comp id="44" class="1001" name="const_44">
<pin_list>
<pin id="45" dir="1" index="0" bw="1" slack="2147483647"/>
</pin_list>
<bind>
<StgValue><ssdm name="p_str"/></StgValue>
</bind>
</comp>

<comp id="46" class="1001" name="const_46">
<pin_list>
<pin id="47" dir="1" index="0" bw="1" slack="0"/>
</pin_list>
<bind>
<StgValue><ssdm name=""/></StgValue>
</bind>
</comp>

<comp id="48" class="1001" name="const_48">
<pin_list>
<pin id="49" dir="1" index="0" bw="1" slack="0"/>
</pin_list>
<bind>
<StgValue><ssdm name=""/></StgValue>
</bind>
</comp>

<comp id="50" class="1001" name="const_50">
<pin_list>
<pin id="51" dir="1" index="0" bw="1" slack="0"/>
</pin_list>
<bind>
<StgValue><ssdm name=""/></StgValue>
</bind>
</comp>

<comp id="52" class="1001" name="const_52">
<pin_list>
<pin id="53" dir="1" index="0" bw="1" slack="0"/>
</pin_list>
<bind>
<StgValue><ssdm name=""/></StgValue>
</bind>
</comp>

<comp id="54" class="1001" name="const_54">
<pin_list>
<pin id="55" dir="1" index="0" bw="1" slack="0"/>
</pin_list>
<bind>
<StgValue><ssdm name="_ssdm_op_PartSelect.i6.i11.i32.i32"/></StgValue>
</bind>
</comp>

<comp id="56" class="1001" name="const_56">
<pin_list>
<pin id="57" dir="1" index="0" bw="1" slack="0"/>
</pin_list>
<bind>
<StgValue><ssdm name=""/></StgValue>
</bind>
</comp>

<comp id="58" class="1001" name="const_58">
<pin_list>
<pin id="59" dir="1" index="0" bw="1" slack="0"/>
</pin_list>
<bind>
<StgValue><ssdm name=""/></StgValue>
</bind>
</comp>

<comp id="60" class="1001" name="const_60">
<pin_list>
<pin id="61" dir="1" index="0" bw="1" slack="0"/>
</pin_list>
<bind>
<StgValue><ssdm name="_ssdm_op_BitConcatenate.i16.i6.i10"/></StgValue>
</bind>
</comp>

<comp id="62" class="1001" name="const_62">
<pin_list>
<pin id="63" dir="1" index="0" bw="1" slack="0"/>
</pin_list>
<bind>
<StgValue><ssdm name=""/></StgValue>
</bind>
</comp>

<comp id="64" class="1001" name="const_64">
<pin_list>
<pin id="65" dir="1" index="0" bw="1" slack="2147483647"/>
</pin_list>
<bind>
<StgValue><ssdm name=""/></StgValue>
</bind>
</comp>

<comp id="66" class="1001" name="const_66">
<pin_list>
<pin id="67" dir="1" index="0" bw="1" slack="2147483647"/>
</pin_list>
<bind>
<StgValue><ssdm name=""/></StgValue>
</bind>
</comp>

<comp id="68" class="1001" name="const_68">
<pin_list>
<pin id="69" dir="1" index="0" bw="1" slack="2147483647"/>
</pin_list>
<bind>
<StgValue><ssdm name=""/></StgValue>
</bind>
</comp>

<comp id="70" class="1001" name="const_70">
<pin_list>
<pin id="71" dir="1" index="0" bw="1" slack="2147483647"/>
</pin_list>
<bind>
<StgValue><ssdm name=""/></StgValue>
</bind>
</comp>

<comp id="72" class="1001" name="const_72">
<pin_list>
<pin id="73" dir="1" index="0" bw="1" slack="2147483647"/>
</pin_list>
<bind>
<StgValue><ssdm name=""/></StgValue>
</bind>
</comp>

<comp id="74" class="1001" name="const_74">
<pin_list>
<pin id="75" dir="1" index="0" bw="1" slack="2147483647"/>
</pin_list>
<bind>
<StgValue><ssdm name=""/></StgValue>
</bind>
</comp>

<comp id="76" class="1001" name="const_76">
<pin_list>
<pin id="77" dir="1" index="0" bw="1" slack="2147483647"/>
</pin_list>
<bind>
<StgValue><ssdm name=""/></StgValue>
</bind>
</comp>

<comp id="78" class="1001" name="const_78">
<pin_list>
<pin id="79" dir="1" index="0" bw="1" slack="2147483647"/>
</pin_list>
<bind>
<StgValue><ssdm name=""/></StgValue>
</bind>
</comp>

<comp id="80" class="1001" name="const_80">
<pin_list>
<pin id="81" dir="1" index="0" bw="1" slack="2147483647"/>
</pin_list>
<bind>
<StgValue><ssdm name=""/></StgValue>
</bind>
</comp>

<comp id="82" class="1001" name="const_82">
<pin_list>
<pin id="83" dir="1" index="0" bw="1" slack="2147483647"/>
</pin_list>
<bind>
<StgValue><ssdm name=""/></StgValue>
</bind>
</comp>

<comp id="84" class="1001" name="const_84">
<pin_list>
<pin id="85" dir="1" index="0" bw="1" slack="2147483647"/>
</pin_list>
<bind>
<StgValue><ssdm name=""/></StgValue>
</bind>
</comp>

<comp id="86" class="1001" name="const_86">
<pin_list>
<pin id="87" dir="1" index="0" bw="1" slack="2147483647"/>
</pin_list>
<bind>
<StgValue><ssdm name=""/></StgValue>
</bind>
</comp>

<comp id="88" class="1001" name="const_88">
<pin_list>
<pin id="89" dir="1" index="0" bw="1" slack="2147483647"/>
</pin_list>
<bind>
<StgValue><ssdm name=""/></StgValue>
</bind>
</comp>

<comp id="90" class="1001" name="const_90">
<pin_list>
<pin id="91" dir="1" index="0" bw="1" slack="2147483647"/>
</pin_list>
<bind>
<StgValue><ssdm name=""/></StgValue>
</bind>
</comp>

<comp id="92" class="1001" name="const_92">
<pin_list>
<pin id="93" dir="1" index="0" bw="1" slack="2147483647"/>
</pin_list>
<bind>
<StgValue><ssdm name=""/></StgValue>
</bind>
</comp>

<comp id="94" class="1001" name="const_94">
<pin_list>
<pin id="95" dir="1" index="0" bw="1" slack="2147483647"/>
</pin_list>
<bind>
<StgValue><ssdm name="_ssdm_op_SpecLoopName"/></StgValue>
</bind>
</comp>

<comp id="96" class="1001" name="const_96">
<pin_list>
<pin id="97" dir="1" index="0" bw="1" slack="2147483647"/>
</pin_list>
<bind>
<StgValue><ssdm name="VITIS_LOOP_204_5_VITIS_LOOP_206_6_str"/></StgValue>
</bind>
</comp>

<comp id="98" class="1001" name="const_98">
<pin_list>
<pin id="99" dir="1" index="0" bw="1" slack="2147483647"/>
</pin_list>
<bind>
<StgValue><ssdm name="_ssdm_op_SpecLoopTripCount"/></StgValue>
</bind>
</comp>

<comp id="100" class="1001" name="const_100">
<pin_list>
<pin id="101" dir="1" index="0" bw="1" slack="2147483647"/>
</pin_list>
<bind>
<StgValue><ssdm name=""/></StgValue>
</bind>
</comp>

<comp id="102" class="1001" name="const_102">
<pin_list>
<pin id="103" dir="1" index="0" bw="1" slack="0"/>
</pin_list>
<bind>
<StgValue><ssdm name=""/></StgValue>
</bind>
</comp>

<comp id="104" class="1001" name="const_104">
<pin_list>
<pin id="105" dir="1" index="0" bw="1" slack="2147483647"/>
</pin_list>
<bind>
<StgValue><ssdm name="empty_13"/></StgValue>
</bind>
</comp>

<comp id="106" class="1001" name="const_106">
<pin_list>
<pin id="107" dir="1" index="0" bw="1" slack="0"/>
</pin_list>
<bind>
<StgValue><ssdm name=""/></StgValue>
</bind>
</comp>

<comp id="108" class="1004" name="rr_fu_108">
<pin_list>
<pin id="109" dir="0" index="0" bw="1" slack="0"/>
<pin id="110" dir="1" index="1" bw="11" slack="0"/>
</pin_list>
<bind>
<opcode="alloca(26) " fcode="alloca"/>
<opset="rr/1 "/>
</bind>
</comp>

<comp id="112" class="1004" name="pp_fu_112">
<pin_list>
<pin id="113" dir="0" index="0" bw="1" slack="0"/>
<pin id="114" dir="1" index="1" bw="11" slack="0"/>
</pin_list>
<bind>
<opcode="alloca(26) " fcode="alloca"/>
<opset="pp/1 "/>
</bind>
</comp>

<comp id="116" class="1004" name="indvar_flatten6_fu_116">
<pin_list>
<pin id="117" dir="0" index="0" bw="1" slack="0"/>
<pin id="118" dir="1" index="1" bw="21" slack="0"/>
</pin_list>
<bind>
<opcode="alloca(26) " fcode="alloca"/>
<opset="indvar_flatten6/1 "/>
</bind>
</comp>

<comp id="120" class="1004" name="traceback_V_addr_gep_fu_120">
<pin_list>
<pin id="121" dir="0" index="0" bw="2" slack="0"/>
<pin id="122" dir="0" index="1" bw="1" slack="0"/>
<pin id="123" dir="0" index="2" bw="16" slack="0"/>
<pin id="124" dir="1" index="3" bw="16" slack="0"/>
</pin_list>
<bind>
<opcode="getelementptr(29) " fcode="getelementptr"/>
<opset="traceback_V_addr/3 "/>
</bind>
</comp>

<comp id="127" class="1004" name="traceback_V_1_addr_gep_fu_127">
<pin_list>
<pin id="128" dir="0" index="0" bw="2" slack="0"/>
<pin id="129" dir="0" index="1" bw="1" slack="0"/>
<pin id="130" dir="0" index="2" bw="16" slack="0"/>
<pin id="131" dir="1" index="3" bw="16" slack="0"/>
</pin_list>
<bind>
<opcode="getelementptr(29) " fcode="getelementptr"/>
<opset="traceback_V_1_addr/3 "/>
</bind>
</comp>

<comp id="134" class="1004" name="traceback_V_2_addr_gep_fu_134">
<pin_list>
<pin id="135" dir="0" index="0" bw="2" slack="0"/>
<pin id="136" dir="0" index="1" bw="1" slack="0"/>
<pin id="137" dir="0" index="2" bw="16" slack="0"/>
<pin id="138" dir="1" index="3" bw="16" slack="0"/>
</pin_list>
<bind>
<opcode="getelementptr(29) " fcode="getelementptr"/>
<opset="traceback_V_2_addr/3 "/>
</bind>
</comp>

<comp id="141" class="1004" name="traceback_V_3_addr_gep_fu_141">
<pin_list>
<pin id="142" dir="0" index="0" bw="2" slack="0"/>
<pin id="143" dir="0" index="1" bw="1" slack="0"/>
<pin id="144" dir="0" index="2" bw="16" slack="0"/>
<pin id="145" dir="1" index="3" bw="16" slack="0"/>
</pin_list>
<bind>
<opcode="getelementptr(29) " fcode="getelementptr"/>
<opset="traceback_V_3_addr/3 "/>
</bind>
</comp>

<comp id="148" class="1004" name="traceback_V_4_addr_gep_fu_148">
<pin_list>
<pin id="149" dir="0" index="0" bw="2" slack="0"/>
<pin id="150" dir="0" index="1" bw="1" slack="0"/>
<pin id="151" dir="0" index="2" bw="16" slack="0"/>
<pin id="152" dir="1" index="3" bw="16" slack="0"/>
</pin_list>
<bind>
<opcode="getelementptr(29) " fcode="getelementptr"/>
<opset="traceback_V_4_addr/3 "/>
</bind>
</comp>

<comp id="155" class="1004" name="traceback_V_5_addr_gep_fu_155">
<pin_list>
<pin id="156" dir="0" index="0" bw="2" slack="0"/>
<pin id="157" dir="0" index="1" bw="1" slack="0"/>
<pin id="158" dir="0" index="2" bw="16" slack="0"/>
<pin id="159" dir="1" index="3" bw="16" slack="0"/>
</pin_list>
<bind>
<opcode="getelementptr(29) " fcode="getelementptr"/>
<opset="traceback_V_5_addr/3 "/>
</bind>
</comp>

<comp id="162" class="1004" name="traceback_V_6_addr_gep_fu_162">
<pin_list>
<pin id="163" dir="0" index="0" bw="2" slack="0"/>
<pin id="164" dir="0" index="1" bw="1" slack="0"/>
<pin id="165" dir="0" index="2" bw="16" slack="0"/>
<pin id="166" dir="1" index="3" bw="16" slack="0"/>
</pin_list>
<bind>
<opcode="getelementptr(29) " fcode="getelementptr"/>
<opset="traceback_V_6_addr/3 "/>
</bind>
</comp>

<comp id="169" class="1004" name="traceback_V_7_addr_gep_fu_169">
<pin_list>
<pin id="170" dir="0" index="0" bw="2" slack="0"/>
<pin id="171" dir="0" index="1" bw="1" slack="0"/>
<pin id="172" dir="0" index="2" bw="16" slack="0"/>
<pin id="173" dir="1" index="3" bw="16" slack="0"/>
</pin_list>
<bind>
<opcode="getelementptr(29) " fcode="getelementptr"/>
<opset="traceback_V_7_addr/3 "/>
</bind>
</comp>

<comp id="176" class="1004" name="traceback_V_8_addr_gep_fu_176">
<pin_list>
<pin id="177" dir="0" index="0" bw="2" slack="0"/>
<pin id="178" dir="0" index="1" bw="1" slack="0"/>
<pin id="179" dir="0" index="2" bw="16" slack="0"/>
<pin id="180" dir="1" index="3" bw="16" slack="0"/>
</pin_list>
<bind>
<opcode="getelementptr(29) " fcode="getelementptr"/>
<opset="traceback_V_8_addr/3 "/>
</bind>
</comp>

<comp id="183" class="1004" name="traceback_V_9_addr_gep_fu_183">
<pin_list>
<pin id="184" dir="0" index="0" bw="2" slack="0"/>
<pin id="185" dir="0" index="1" bw="1" slack="0"/>
<pin id="186" dir="0" index="2" bw="16" slack="0"/>
<pin id="187" dir="1" index="3" bw="16" slack="0"/>
</pin_list>
<bind>
<opcode="getelementptr(29) " fcode="getelementptr"/>
<opset="traceback_V_9_addr/3 "/>
</bind>
</comp>

<comp id="190" class="1004" name="traceback_V_10_addr_gep_fu_190">
<pin_list>
<pin id="191" dir="0" index="0" bw="2" slack="0"/>
<pin id="192" dir="0" index="1" bw="1" slack="0"/>
<pin id="193" dir="0" index="2" bw="16" slack="0"/>
<pin id="194" dir="1" index="3" bw="16" slack="0"/>
</pin_list>
<bind>
<opcode="getelementptr(29) " fcode="getelementptr"/>
<opset="traceback_V_10_addr/3 "/>
</bind>
</comp>

<comp id="197" class="1004" name="traceback_V_11_addr_gep_fu_197">
<pin_list>
<pin id="198" dir="0" index="0" bw="2" slack="0"/>
<pin id="199" dir="0" index="1" bw="1" slack="0"/>
<pin id="200" dir="0" index="2" bw="16" slack="0"/>
<pin id="201" dir="1" index="3" bw="16" slack="0"/>
</pin_list>
<bind>
<opcode="getelementptr(29) " fcode="getelementptr"/>
<opset="traceback_V_11_addr/3 "/>
</bind>
</comp>

<comp id="204" class="1004" name="traceback_V_12_addr_gep_fu_204">
<pin_list>
<pin id="205" dir="0" index="0" bw="2" slack="0"/>
<pin id="206" dir="0" index="1" bw="1" slack="0"/>
<pin id="207" dir="0" index="2" bw="16" slack="0"/>
<pin id="208" dir="1" index="3" bw="16" slack="0"/>
</pin_list>
<bind>
<opcode="getelementptr(29) " fcode="getelementptr"/>
<opset="traceback_V_12_addr/3 "/>
</bind>
</comp>

<comp id="211" class="1004" name="traceback_V_13_addr_gep_fu_211">
<pin_list>
<pin id="212" dir="0" index="0" bw="2" slack="0"/>
<pin id="213" dir="0" index="1" bw="1" slack="0"/>
<pin id="214" dir="0" index="2" bw="16" slack="0"/>
<pin id="215" dir="1" index="3" bw="16" slack="0"/>
</pin_list>
<bind>
<opcode="getelementptr(29) " fcode="getelementptr"/>
<opset="traceback_V_13_addr/3 "/>
</bind>
</comp>

<comp id="218" class="1004" name="traceback_V_14_addr_gep_fu_218">
<pin_list>
<pin id="219" dir="0" index="0" bw="2" slack="0"/>
<pin id="220" dir="0" index="1" bw="1" slack="0"/>
<pin id="221" dir="0" index="2" bw="16" slack="0"/>
<pin id="222" dir="1" index="3" bw="16" slack="0"/>
</pin_list>
<bind>
<opcode="getelementptr(29) " fcode="getelementptr"/>
<opset="traceback_V_14_addr/3 "/>
</bind>
</comp>

<comp id="225" class="1004" name="traceback_V_15_addr_gep_fu_225">
<pin_list>
<pin id="226" dir="0" index="0" bw="2" slack="0"/>
<pin id="227" dir="0" index="1" bw="1" slack="0"/>
<pin id="228" dir="0" index="2" bw="16" slack="0"/>
<pin id="229" dir="1" index="3" bw="16" slack="0"/>
</pin_list>
<bind>
<opcode="getelementptr(29) " fcode="getelementptr"/>
<opset="traceback_V_15_addr/3 "/>
</bind>
</comp>

<comp id="232" class="1004" name="store_ln209_access_fu_232">
<pin_list>
<pin id="233" dir="0" index="0" bw="16" slack="0"/>
<pin id="234" dir="0" index="1" bw="2" slack="0"/>
<pin id="235" dir="0" index="2" bw="0" slack="2147483647"/>
<pin id="236" dir="1" index="3" bw="2" slack="2147483647"/>
</pin_list>
<bind>
<opcode="store(28) " fcode="store"/>
<opset="store_ln209/3 "/>
</bind>
</comp>

<comp id="239" class="1004" name="store_ln209_access_fu_239">
<pin_list>
<pin id="240" dir="0" index="0" bw="16" slack="0"/>
<pin id="241" dir="0" index="1" bw="2" slack="0"/>
<pin id="242" dir="0" index="2" bw="0" slack="2147483647"/>
<pin id="243" dir="1" index="3" bw="2" slack="2147483647"/>
</pin_list>
<bind>
<opcode="store(28) " fcode="store"/>
<opset="store_ln209/3 "/>
</bind>
</comp>

<comp id="246" class="1004" name="store_ln209_access_fu_246">
<pin_list>
<pin id="247" dir="0" index="0" bw="16" slack="0"/>
<pin id="248" dir="0" index="1" bw="2" slack="0"/>
<pin id="249" dir="0" index="2" bw="0" slack="2147483647"/>
<pin id="250" dir="1" index="3" bw="2" slack="2147483647"/>
</pin_list>
<bind>
<opcode="store(28) " fcode="store"/>
<opset="store_ln209/3 "/>
</bind>
</comp>

<comp id="253" class="1004" name="store_ln209_access_fu_253">
<pin_list>
<pin id="254" dir="0" index="0" bw="16" slack="0"/>
<pin id="255" dir="0" index="1" bw="2" slack="0"/>
<pin id="256" dir="0" index="2" bw="0" slack="2147483647"/>
<pin id="257" dir="1" index="3" bw="2" slack="2147483647"/>
</pin_list>
<bind>
<opcode="store(28) " fcode="store"/>
<opset="store_ln209/3 "/>
</bind>
</comp>

<comp id="260" class="1004" name="store_ln209_access_fu_260">
<pin_list>
<pin id="261" dir="0" index="0" bw="16" slack="0"/>
<pin id="262" dir="0" index="1" bw="2" slack="0"/>
<pin id="263" dir="0" index="2" bw="0" slack="2147483647"/>
<pin id="264" dir="1" index="3" bw="2" slack="2147483647"/>
</pin_list>
<bind>
<opcode="store(28) " fcode="store"/>
<opset="store_ln209/3 "/>
</bind>
</comp>

<comp id="267" class="1004" name="store_ln209_access_fu_267">
<pin_list>
<pin id="268" dir="0" index="0" bw="16" slack="0"/>
<pin id="269" dir="0" index="1" bw="2" slack="0"/>
<pin id="270" dir="0" index="2" bw="0" slack="2147483647"/>
<pin id="271" dir="1" index="3" bw="2" slack="2147483647"/>
</pin_list>
<bind>
<opcode="store(28) " fcode="store"/>
<opset="store_ln209/3 "/>
</bind>
</comp>

<comp id="274" class="1004" name="store_ln209_access_fu_274">
<pin_list>
<pin id="275" dir="0" index="0" bw="16" slack="0"/>
<pin id="276" dir="0" index="1" bw="2" slack="0"/>
<pin id="277" dir="0" index="2" bw="0" slack="2147483647"/>
<pin id="278" dir="1" index="3" bw="2" slack="2147483647"/>
</pin_list>
<bind>
<opcode="store(28) " fcode="store"/>
<opset="store_ln209/3 "/>
</bind>
</comp>

<comp id="281" class="1004" name="store_ln209_access_fu_281">
<pin_list>
<pin id="282" dir="0" index="0" bw="16" slack="0"/>
<pin id="283" dir="0" index="1" bw="2" slack="0"/>
<pin id="284" dir="0" index="2" bw="0" slack="2147483647"/>
<pin id="285" dir="1" index="3" bw="2" slack="2147483647"/>
</pin_list>
<bind>
<opcode="store(28) " fcode="store"/>
<opset="store_ln209/3 "/>
</bind>
</comp>

<comp id="288" class="1004" name="store_ln209_access_fu_288">
<pin_list>
<pin id="289" dir="0" index="0" bw="16" slack="0"/>
<pin id="290" dir="0" index="1" bw="2" slack="0"/>
<pin id="291" dir="0" index="2" bw="0" slack="2147483647"/>
<pin id="292" dir="1" index="3" bw="2" slack="2147483647"/>
</pin_list>
<bind>
<opcode="store(28) " fcode="store"/>
<opset="store_ln209/3 "/>
</bind>
</comp>

<comp id="295" class="1004" name="store_ln209_access_fu_295">
<pin_list>
<pin id="296" dir="0" index="0" bw="16" slack="0"/>
<pin id="297" dir="0" index="1" bw="2" slack="0"/>
<pin id="298" dir="0" index="2" bw="0" slack="2147483647"/>
<pin id="299" dir="1" index="3" bw="2" slack="2147483647"/>
</pin_list>
<bind>
<opcode="store(28) " fcode="store"/>
<opset="store_ln209/3 "/>
</bind>
</comp>

<comp id="302" class="1004" name="store_ln209_access_fu_302">
<pin_list>
<pin id="303" dir="0" index="0" bw="16" slack="0"/>
<pin id="304" dir="0" index="1" bw="2" slack="0"/>
<pin id="305" dir="0" index="2" bw="0" slack="2147483647"/>
<pin id="306" dir="1" index="3" bw="2" slack="2147483647"/>
</pin_list>
<bind>
<opcode="store(28) " fcode="store"/>
<opset="store_ln209/3 "/>
</bind>
</comp>

<comp id="309" class="1004" name="store_ln209_access_fu_309">
<pin_list>
<pin id="310" dir="0" index="0" bw="16" slack="0"/>
<pin id="311" dir="0" index="1" bw="2" slack="0"/>
<pin id="312" dir="0" index="2" bw="0" slack="2147483647"/>
<pin id="313" dir="1" index="3" bw="2" slack="2147483647"/>
</pin_list>
<bind>
<opcode="store(28) " fcode="store"/>
<opset="store_ln209/3 "/>
</bind>
</comp>

<comp id="316" class="1004" name="store_ln209_access_fu_316">
<pin_list>
<pin id="317" dir="0" index="0" bw="16" slack="0"/>
<pin id="318" dir="0" index="1" bw="2" slack="0"/>
<pin id="319" dir="0" index="2" bw="0" slack="2147483647"/>
<pin id="320" dir="1" index="3" bw="2" slack="2147483647"/>
</pin_list>
<bind>
<opcode="store(28) " fcode="store"/>
<opset="store_ln209/3 "/>
</bind>
</comp>

<comp id="323" class="1004" name="store_ln209_access_fu_323">
<pin_list>
<pin id="324" dir="0" index="0" bw="16" slack="0"/>
<pin id="325" dir="0" index="1" bw="2" slack="0"/>
<pin id="326" dir="0" index="2" bw="0" slack="2147483647"/>
<pin id="327" dir="1" index="3" bw="2" slack="2147483647"/>
</pin_list>
<bind>
<opcode="store(28) " fcode="store"/>
<opset="store_ln209/3 "/>
</bind>
</comp>

<comp id="330" class="1004" name="store_ln209_access_fu_330">
<pin_list>
<pin id="331" dir="0" index="0" bw="16" slack="0"/>
<pin id="332" dir="0" index="1" bw="2" slack="0"/>
<pin id="333" dir="0" index="2" bw="0" slack="2147483647"/>
<pin id="334" dir="1" index="3" bw="2" slack="2147483647"/>
</pin_list>
<bind>
<opcode="store(28) " fcode="store"/>
<opset="store_ln209/3 "/>
</bind>
</comp>

<comp id="337" class="1004" name="store_ln209_access_fu_337">
<pin_list>
<pin id="338" dir="0" index="0" bw="16" slack="0"/>
<pin id="339" dir="0" index="1" bw="2" slack="0"/>
<pin id="340" dir="0" index="2" bw="0" slack="2147483647"/>
<pin id="341" dir="1" index="3" bw="2" slack="2147483647"/>
</pin_list>
<bind>
<opcode="store(28) " fcode="store"/>
<opset="store_ln209/3 "/>
</bind>
</comp>

<comp id="344" class="1004" name="store_ln0_store_fu_344">
<pin_list>
<pin id="345" dir="0" index="0" bw="1" slack="0"/>
<pin id="346" dir="0" index="1" bw="21" slack="0"/>
<pin id="347" dir="1" index="2" bw="0" slack="2147483647"/>
</pin_list>
<bind>
<opcode="store(28) " fcode="store"/>
<opset="store_ln0/1 "/>
</bind>
</comp>

<comp id="349" class="1004" name="store_ln0_store_fu_349">
<pin_list>
<pin id="350" dir="0" index="0" bw="1" slack="0"/>
<pin id="351" dir="0" index="1" bw="11" slack="0"/>
<pin id="352" dir="1" index="2" bw="0" slack="2147483647"/>
</pin_list>
<bind>
<opcode="store(28) " fcode="store"/>
<opset="store_ln0/1 "/>
</bind>
</comp>

<comp id="354" class="1004" name="store_ln0_store_fu_354">
<pin_list>
<pin id="355" dir="0" index="0" bw="1" slack="0"/>
<pin id="356" dir="0" index="1" bw="11" slack="0"/>
<pin id="357" dir="1" index="2" bw="0" slack="2147483647"/>
</pin_list>
<bind>
<opcode="store(28) " fcode="store"/>
<opset="store_ln0/1 "/>
</bind>
</comp>

<comp id="359" class="1004" name="indvar_flatten6_load_load_fu_359">
<pin_list>
<pin id="360" dir="0" index="0" bw="21" slack="1"/>
<pin id="361" dir="1" index="1" bw="21" slack="0"/>
</pin_list>
<bind>
<opcode="load(27) " fcode="load"/>
<opset="indvar_flatten6_load/2 "/>
</bind>
</comp>

<comp id="362" class="1004" name="icmp_ln204_fu_362">
<pin_list>
<pin id="363" dir="0" index="0" bw="21" slack="0"/>
<pin id="364" dir="0" index="1" bw="21" slack="0"/>
<pin id="365" dir="1" index="2" bw="1" slack="2147483647"/>
</pin_list>
<bind>
<opcode="icmp(45) " fcode="icmp"/>
<opset="icmp_ln204/2 "/>
</bind>
</comp>

<comp id="368" class="1004" name="add_ln204_1_fu_368">
<pin_list>
<pin id="369" dir="0" index="0" bw="21" slack="0"/>
<pin id="370" dir="0" index="1" bw="1" slack="0"/>
<pin id="371" dir="1" index="2" bw="21" slack="0"/>
</pin_list>
<bind>
<opcode="add(8) " fcode="add"/>
<opset="add_ln204_1/2 "/>
</bind>
</comp>

<comp id="374" class="1004" name="rr_load_load_fu_374">
<pin_list>
<pin id="375" dir="0" index="0" bw="11" slack="1"/>
<pin id="376" dir="1" index="1" bw="11" slack="0"/>
</pin_list>
<bind>
<opcode="load(27) " fcode="load"/>
<opset="rr_load/2 "/>
</bind>
</comp>

<comp id="377" class="1004" name="pp_load_load_fu_377">
<pin_list>
<pin id="378" dir="0" index="0" bw="11" slack="1"/>
<pin id="379" dir="1" index="1" bw="11" slack="0"/>
</pin_list>
<bind>
<opcode="load(27) " fcode="load"/>
<opset="pp_load/2 "/>
</bind>
</comp>

<comp id="380" class="1004" name="add_ln204_fu_380">
<pin_list>
<pin id="381" dir="0" index="0" bw="11" slack="0"/>
<pin id="382" dir="0" index="1" bw="1" slack="0"/>
<pin id="383" dir="1" index="2" bw="11" slack="0"/>
</pin_list>
<bind>
<opcode="add(8) " fcode="add"/>
<opset="add_ln204/2 "/>
</bind>
</comp>

<comp id="386" class="1004" name="icmp_ln206_fu_386">
<pin_list>
<pin id="387" dir="0" index="0" bw="11" slack="0"/>
<pin id="388" dir="0" index="1" bw="11" slack="0"/>
<pin id="389" dir="1" index="2" bw="1" slack="0"/>
</pin_list>
<bind>
<opcode="icmp(45) " fcode="icmp"/>
<opset="icmp_ln206/2 "/>
</bind>
</comp>

<comp id="392" class="1004" name="select_ln204_fu_392">
<pin_list>
<pin id="393" dir="0" index="0" bw="1" slack="0"/>
<pin id="394" dir="0" index="1" bw="1" slack="0"/>
<pin id="395" dir="0" index="2" bw="11" slack="0"/>
<pin id="396" dir="1" index="3" bw="11" slack="0"/>
</pin_list>
<bind>
<opcode="select(49) " fcode="select"/>
<opset="select_ln204/2 "/>
</bind>
</comp>

<comp id="400" class="1004" name="select_ln204_1_fu_400">
<pin_list>
<pin id="401" dir="0" index="0" bw="1" slack="0"/>
<pin id="402" dir="0" index="1" bw="11" slack="0"/>
<pin id="403" dir="0" index="2" bw="11" slack="0"/>
<pin id="404" dir="1" index="3" bw="11" slack="0"/>
</pin_list>
<bind>
<opcode="select(49) " fcode="select"/>
<opset="select_ln204_1/2 "/>
</bind>
</comp>

<comp id="408" class="1004" name="p_cast7_mid2_v_fu_408">
<pin_list>
<pin id="409" dir="0" index="0" bw="6" slack="0"/>
<pin id="410" dir="0" index="1" bw="11" slack="0"/>
<pin id="411" dir="0" index="2" bw="4" slack="0"/>
<pin id="412" dir="0" index="3" bw="5" slack="0"/>
<pin id="413" dir="1" index="4" bw="6" slack="0"/>
</pin_list>
<bind>
<opcode="partselect(1002) " fcode="partselect"/>
<opset="p_cast7_mid2_v/2 "/>
</bind>
</comp>

<comp id="418" class="1004" name="tmp_1_fu_418">
<pin_list>
<pin id="419" dir="0" index="0" bw="16" slack="0"/>
<pin id="420" dir="0" index="1" bw="6" slack="0"/>
<pin id="421" dir="0" index="2" bw="1" slack="0"/>
<pin id="422" dir="1" index="3" bw="16" slack="0"/>
</pin_list>
<bind>
<opcode="bitconcatenate(1004) " fcode="bitconcatenate"/>
<opset="tmp_1/2 "/>
</bind>
</comp>

<comp id="426" class="1004" name="trunc_ln204_fu_426">
<pin_list>
<pin id="427" dir="0" index="0" bw="11" slack="0"/>
<pin id="428" dir="1" index="1" bw="4" slack="1"/>
</pin_list>
<bind>
<opcode="trunc(33) " fcode="trunc"/>
<opset="trunc_ln204/2 "/>
</bind>
</comp>

<comp id="430" class="1004" name="zext_ln209_fu_430">
<pin_list>
<pin id="431" dir="0" index="0" bw="11" slack="0"/>
<pin id="432" dir="1" index="1" bw="16" slack="0"/>
</pin_list>
<bind>
<opcode="zext(34) " fcode="zext"/>
<opset="zext_ln209/2 "/>
</bind>
</comp>

<comp id="434" class="1004" name="add_ln209_fu_434">
<pin_list>
<pin id="435" dir="0" index="0" bw="16" slack="0"/>
<pin id="436" dir="0" index="1" bw="11" slack="0"/>
<pin id="437" dir="1" index="2" bw="16" slack="1"/>
</pin_list>
<bind>
<opcode="add(8) " fcode="add"/>
<opset="add_ln209/2 "/>
</bind>
</comp>

<comp id="440" class="1004" name="add_ln206_fu_440">
<pin_list>
<pin id="441" dir="0" index="0" bw="11" slack="0"/>
<pin id="442" dir="0" index="1" bw="1" slack="0"/>
<pin id="443" dir="1" index="2" bw="11" slack="0"/>
</pin_list>
<bind>
<opcode="add(8) " fcode="add"/>
<opset="add_ln206/2 "/>
</bind>
</comp>

<comp id="446" class="1004" name="store_ln206_store_fu_446">
<pin_list>
<pin id="447" dir="0" index="0" bw="21" slack="0"/>
<pin id="448" dir="0" index="1" bw="21" slack="1"/>
<pin id="449" dir="1" index="2" bw="0" slack="2147483647"/>
</pin_list>
<bind>
<opcode="store(28) " fcode="store"/>
<opset="store_ln206/2 "/>
</bind>
</comp>

<comp id="451" class="1004" name="store_ln206_store_fu_451">
<pin_list>
<pin id="452" dir="0" index="0" bw="11" slack="0"/>
<pin id="453" dir="0" index="1" bw="11" slack="1"/>
<pin id="454" dir="1" index="2" bw="0" slack="2147483647"/>
</pin_list>
<bind>
<opcode="store(28) " fcode="store"/>
<opset="store_ln206/2 "/>
</bind>
</comp>

<comp id="456" class="1004" name="store_ln206_store_fu_456">
<pin_list>
<pin id="457" dir="0" index="0" bw="11" slack="0"/>
<pin id="458" dir="0" index="1" bw="11" slack="1"/>
<pin id="459" dir="1" index="2" bw="0" slack="2147483647"/>
</pin_list>
<bind>
<opcode="store(28) " fcode="store"/>
<opset="store_ln206/2 "/>
</bind>
</comp>

<comp id="461" class="1004" name="zext_ln209_1_fu_461">
<pin_list>
<pin id="462" dir="0" index="0" bw="16" slack="1"/>
<pin id="463" dir="1" index="1" bw="64" slack="0"/>
</pin_list>
<bind>
<opcode="zext(34) " fcode="zext"/>
<opset="zext_ln209_1/3 "/>
</bind>
</comp>

<comp id="480" class="1005" name="rr_reg_480">
<pin_list>
<pin id="481" dir="0" index="0" bw="11" slack="0"/>
<pin id="482" dir="1" index="1" bw="11" slack="0"/>
</pin_list>
<bind>
<opset="rr "/>
</bind>
</comp>

<comp id="487" class="1005" name="pp_reg_487">
<pin_list>
<pin id="488" dir="0" index="0" bw="11" slack="0"/>
<pin id="489" dir="1" index="1" bw="11" slack="0"/>
</pin_list>
<bind>
<opset="pp "/>
</bind>
</comp>

<comp id="494" class="1005" name="indvar_flatten6_reg_494">
<pin_list>
<pin id="495" dir="0" index="0" bw="21" slack="0"/>
<pin id="496" dir="1" index="1" bw="21" slack="0"/>
</pin_list>
<bind>
<opset="indvar_flatten6 "/>
</bind>
</comp>

<comp id="504" class="1005" name="trunc_ln204_reg_504">
<pin_list>
<pin id="505" dir="0" index="0" bw="4" slack="1"/>
<pin id="506" dir="1" index="1" bw="4" slack="2147483647"/>
</pin_list>
<bind>
<opset="trunc_ln204 "/>
</bind>
</comp>

<comp id="508" class="1005" name="add_ln209_reg_508">
<pin_list>
<pin id="509" dir="0" index="0" bw="16" slack="1"/>
<pin id="510" dir="1" index="1" bw="16" slack="1"/>
</pin_list>
<bind>
<opset="add_ln209 "/>
</bind>
</comp>

</comp_list>

<net_list>
<net id="111"><net_src comp="32" pin="0"/><net_sink comp="108" pin=0"/></net>

<net id="115"><net_src comp="32" pin="0"/><net_sink comp="112" pin=0"/></net>

<net id="119"><net_src comp="32" pin="0"/><net_sink comp="116" pin=0"/></net>

<net id="125"><net_src comp="0" pin="0"/><net_sink comp="120" pin=0"/></net>

<net id="126"><net_src comp="102" pin="0"/><net_sink comp="120" pin=1"/></net>

<net id="132"><net_src comp="2" pin="0"/><net_sink comp="127" pin=0"/></net>

<net id="133"><net_src comp="102" pin="0"/><net_sink comp="127" pin=1"/></net>

<net id="139"><net_src comp="4" pin="0"/><net_sink comp="134" pin=0"/></net>

<net id="140"><net_src comp="102" pin="0"/><net_sink comp="134" pin=1"/></net>

<net id="146"><net_src comp="6" pin="0"/><net_sink comp="141" pin=0"/></net>

<net id="147"><net_src comp="102" pin="0"/><net_sink comp="141" pin=1"/></net>

<net id="153"><net_src comp="8" pin="0"/><net_sink comp="148" pin=0"/></net>

<net id="154"><net_src comp="102" pin="0"/><net_sink comp="148" pin=1"/></net>

<net id="160"><net_src comp="10" pin="0"/><net_sink comp="155" pin=0"/></net>

<net id="161"><net_src comp="102" pin="0"/><net_sink comp="155" pin=1"/></net>

<net id="167"><net_src comp="12" pin="0"/><net_sink comp="162" pin=0"/></net>

<net id="168"><net_src comp="102" pin="0"/><net_sink comp="162" pin=1"/></net>

<net id="174"><net_src comp="14" pin="0"/><net_sink comp="169" pin=0"/></net>

<net id="175"><net_src comp="102" pin="0"/><net_sink comp="169" pin=1"/></net>

<net id="181"><net_src comp="16" pin="0"/><net_sink comp="176" pin=0"/></net>

<net id="182"><net_src comp="102" pin="0"/><net_sink comp="176" pin=1"/></net>

<net id="188"><net_src comp="18" pin="0"/><net_sink comp="183" pin=0"/></net>

<net id="189"><net_src comp="102" pin="0"/><net_sink comp="183" pin=1"/></net>

<net id="195"><net_src comp="20" pin="0"/><net_sink comp="190" pin=0"/></net>

<net id="196"><net_src comp="102" pin="0"/><net_sink comp="190" pin=1"/></net>

<net id="202"><net_src comp="22" pin="0"/><net_sink comp="197" pin=0"/></net>

<net id="203"><net_src comp="102" pin="0"/><net_sink comp="197" pin=1"/></net>

<net id="209"><net_src comp="24" pin="0"/><net_sink comp="204" pin=0"/></net>

<net id="210"><net_src comp="102" pin="0"/><net_sink comp="204" pin=1"/></net>

<net id="216"><net_src comp="26" pin="0"/><net_sink comp="211" pin=0"/></net>

<net id="217"><net_src comp="102" pin="0"/><net_sink comp="211" pin=1"/></net>

<net id="223"><net_src comp="28" pin="0"/><net_sink comp="218" pin=0"/></net>

<net id="224"><net_src comp="102" pin="0"/><net_sink comp="218" pin=1"/></net>

<net id="230"><net_src comp="30" pin="0"/><net_sink comp="225" pin=0"/></net>

<net id="231"><net_src comp="102" pin="0"/><net_sink comp="225" pin=1"/></net>

<net id="237"><net_src comp="106" pin="0"/><net_sink comp="232" pin=1"/></net>

<net id="238"><net_src comp="218" pin="3"/><net_sink comp="232" pin=0"/></net>

<net id="244"><net_src comp="106" pin="0"/><net_sink comp="239" pin=1"/></net>

<net id="245"><net_src comp="211" pin="3"/><net_sink comp="239" pin=0"/></net>

<net id="251"><net_src comp="106" pin="0"/><net_sink comp="246" pin=1"/></net>

<net id="252"><net_src comp="204" pin="3"/><net_sink comp="246" pin=0"/></net>

<net id="258"><net_src comp="106" pin="0"/><net_sink comp="253" pin=1"/></net>

<net id="259"><net_src comp="197" pin="3"/><net_sink comp="253" pin=0"/></net>

<net id="265"><net_src comp="106" pin="0"/><net_sink comp="260" pin=1"/></net>

<net id="266"><net_src comp="190" pin="3"/><net_sink comp="260" pin=0"/></net>

<net id="272"><net_src comp="106" pin="0"/><net_sink comp="267" pin=1"/></net>

<net id="273"><net_src comp="183" pin="3"/><net_sink comp="267" pin=0"/></net>

<net id="279"><net_src comp="106" pin="0"/><net_sink comp="274" pin=1"/></net>

<net id="280"><net_src comp="176" pin="3"/><net_sink comp="274" pin=0"/></net>

<net id="286"><net_src comp="106" pin="0"/><net_sink comp="281" pin=1"/></net>

<net id="287"><net_src comp="169" pin="3"/><net_sink comp="281" pin=0"/></net>

<net id="293"><net_src comp="106" pin="0"/><net_sink comp="288" pin=1"/></net>

<net id="294"><net_src comp="162" pin="3"/><net_sink comp="288" pin=0"/></net>

<net id="300"><net_src comp="106" pin="0"/><net_sink comp="295" pin=1"/></net>

<net id="301"><net_src comp="155" pin="3"/><net_sink comp="295" pin=0"/></net>

<net id="307"><net_src comp="106" pin="0"/><net_sink comp="302" pin=1"/></net>

<net id="308"><net_src comp="148" pin="3"/><net_sink comp="302" pin=0"/></net>

<net id="314"><net_src comp="106" pin="0"/><net_sink comp="309" pin=1"/></net>

<net id="315"><net_src comp="141" pin="3"/><net_sink comp="309" pin=0"/></net>

<net id="321"><net_src comp="106" pin="0"/><net_sink comp="316" pin=1"/></net>

<net id="322"><net_src comp="134" pin="3"/><net_sink comp="316" pin=0"/></net>

<net id="328"><net_src comp="106" pin="0"/><net_sink comp="323" pin=1"/></net>

<net id="329"><net_src comp="127" pin="3"/><net_sink comp="323" pin=0"/></net>

<net id="335"><net_src comp="106" pin="0"/><net_sink comp="330" pin=1"/></net>

<net id="336"><net_src comp="120" pin="3"/><net_sink comp="330" pin=0"/></net>

<net id="342"><net_src comp="106" pin="0"/><net_sink comp="337" pin=1"/></net>

<net id="343"><net_src comp="225" pin="3"/><net_sink comp="337" pin=0"/></net>

<net id="348"><net_src comp="34" pin="0"/><net_sink comp="344" pin=0"/></net>

<net id="353"><net_src comp="36" pin="0"/><net_sink comp="349" pin=0"/></net>

<net id="358"><net_src comp="36" pin="0"/><net_sink comp="354" pin=0"/></net>

<net id="366"><net_src comp="359" pin="1"/><net_sink comp="362" pin=0"/></net>

<net id="367"><net_src comp="46" pin="0"/><net_sink comp="362" pin=1"/></net>

<net id="372"><net_src comp="359" pin="1"/><net_sink comp="368" pin=0"/></net>

<net id="373"><net_src comp="48" pin="0"/><net_sink comp="368" pin=1"/></net>

<net id="384"><net_src comp="377" pin="1"/><net_sink comp="380" pin=0"/></net>

<net id="385"><net_src comp="50" pin="0"/><net_sink comp="380" pin=1"/></net>

<net id="390"><net_src comp="374" pin="1"/><net_sink comp="386" pin=0"/></net>

<net id="391"><net_src comp="52" pin="0"/><net_sink comp="386" pin=1"/></net>

<net id="397"><net_src comp="386" pin="2"/><net_sink comp="392" pin=0"/></net>

<net id="398"><net_src comp="36" pin="0"/><net_sink comp="392" pin=1"/></net>

<net id="399"><net_src comp="374" pin="1"/><net_sink comp="392" pin=2"/></net>

<net id="405"><net_src comp="386" pin="2"/><net_sink comp="400" pin=0"/></net>

<net id="406"><net_src comp="380" pin="2"/><net_sink comp="400" pin=1"/></net>

<net id="407"><net_src comp="377" pin="1"/><net_sink comp="400" pin=2"/></net>

<net id="414"><net_src comp="54" pin="0"/><net_sink comp="408" pin=0"/></net>

<net id="415"><net_src comp="400" pin="3"/><net_sink comp="408" pin=1"/></net>

<net id="416"><net_src comp="56" pin="0"/><net_sink comp="408" pin=2"/></net>

<net id="417"><net_src comp="58" pin="0"/><net_sink comp="408" pin=3"/></net>

<net id="423"><net_src comp="60" pin="0"/><net_sink comp="418" pin=0"/></net>

<net id="424"><net_src comp="408" pin="4"/><net_sink comp="418" pin=1"/></net>

<net id="425"><net_src comp="62" pin="0"/><net_sink comp="418" pin=2"/></net>

<net id="429"><net_src comp="400" pin="3"/><net_sink comp="426" pin=0"/></net>

<net id="433"><net_src comp="392" pin="3"/><net_sink comp="430" pin=0"/></net>

<net id="438"><net_src comp="418" pin="3"/><net_sink comp="434" pin=0"/></net>

<net id="439"><net_src comp="430" pin="1"/><net_sink comp="434" pin=1"/></net>

<net id="444"><net_src comp="392" pin="3"/><net_sink comp="440" pin=0"/></net>

<net id="445"><net_src comp="50" pin="0"/><net_sink comp="440" pin=1"/></net>

<net id="450"><net_src comp="368" pin="2"/><net_sink comp="446" pin=0"/></net>

<net id="455"><net_src comp="400" pin="3"/><net_sink comp="451" pin=0"/></net>

<net id="460"><net_src comp="440" pin="2"/><net_sink comp="456" pin=0"/></net>

<net id="464"><net_src comp="461" pin="1"/><net_sink comp="120" pin=2"/></net>

<net id="465"><net_src comp="461" pin="1"/><net_sink comp="127" pin=2"/></net>

<net id="466"><net_src comp="461" pin="1"/><net_sink comp="134" pin=2"/></net>

<net id="467"><net_src comp="461" pin="1"/><net_sink comp="141" pin=2"/></net>

<net id="468"><net_src comp="461" pin="1"/><net_sink comp="148" pin=2"/></net>

<net id="469"><net_src comp="461" pin="1"/><net_sink comp="155" pin=2"/></net>

<net id="470"><net_src comp="461" pin="1"/><net_sink comp="162" pin=2"/></net>

<net id="471"><net_src comp="461" pin="1"/><net_sink comp="169" pin=2"/></net>

<net id="472"><net_src comp="461" pin="1"/><net_sink comp="176" pin=2"/></net>

<net id="473"><net_src comp="461" pin="1"/><net_sink comp="183" pin=2"/></net>

<net id="474"><net_src comp="461" pin="1"/><net_sink comp="190" pin=2"/></net>

<net id="475"><net_src comp="461" pin="1"/><net_sink comp="197" pin=2"/></net>

<net id="476"><net_src comp="461" pin="1"/><net_sink comp="204" pin=2"/></net>

<net id="477"><net_src comp="461" pin="1"/><net_sink comp="211" pin=2"/></net>

<net id="478"><net_src comp="461" pin="1"/><net_sink comp="218" pin=2"/></net>

<net id="479"><net_src comp="461" pin="1"/><net_sink comp="225" pin=2"/></net>

<net id="483"><net_src comp="108" pin="1"/><net_sink comp="480" pin=0"/></net>

<net id="484"><net_src comp="480" pin="1"/><net_sink comp="354" pin=1"/></net>

<net id="485"><net_src comp="480" pin="1"/><net_sink comp="374" pin=0"/></net>

<net id="486"><net_src comp="480" pin="1"/><net_sink comp="456" pin=1"/></net>

<net id="490"><net_src comp="112" pin="1"/><net_sink comp="487" pin=0"/></net>

<net id="491"><net_src comp="487" pin="1"/><net_sink comp="349" pin=1"/></net>

<net id="492"><net_src comp="487" pin="1"/><net_sink comp="377" pin=0"/></net>

<net id="493"><net_src comp="487" pin="1"/><net_sink comp="451" pin=1"/></net>

<net id="497"><net_src comp="116" pin="1"/><net_sink comp="494" pin=0"/></net>

<net id="498"><net_src comp="494" pin="1"/><net_sink comp="344" pin=1"/></net>

<net id="499"><net_src comp="494" pin="1"/><net_sink comp="359" pin=0"/></net>

<net id="500"><net_src comp="494" pin="1"/><net_sink comp="446" pin=1"/></net>

<net id="507"><net_src comp="426" pin="1"/><net_sink comp="504" pin=0"/></net>

<net id="511"><net_src comp="434" pin="2"/><net_sink comp="508" pin=0"/></net>

<net id="512"><net_src comp="508" pin="1"/><net_sink comp="461" pin=0"/></net>

</net_list>

</model> 
---------------- Datapath Model END ------------------

* FSMD analyzer results:
  - Output states:
	Port: traceback_V | {3 }
	Port: traceback_V_1 | {3 }
	Port: traceback_V_2 | {3 }
	Port: traceback_V_3 | {3 }
	Port: traceback_V_4 | {3 }
	Port: traceback_V_5 | {3 }
	Port: traceback_V_6 | {3 }
	Port: traceback_V_7 | {3 }
	Port: traceback_V_8 | {3 }
	Port: traceback_V_9 | {3 }
	Port: traceback_V_10 | {3 }
	Port: traceback_V_11 | {3 }
	Port: traceback_V_12 | {3 }
	Port: traceback_V_13 | {3 }
	Port: traceback_V_14 | {3 }
	Port: traceback_V_15 | {3 }
 - Input state : 
  - Chain level:
	State 1
		store_ln0 : 1
		store_ln0 : 1
		store_ln0 : 1
	State 2
		icmp_ln204 : 1
		add_ln204_1 : 1
		br_ln204 : 2
		add_ln204 : 1
		icmp_ln206 : 1
		select_ln204 : 2
		select_ln204_1 : 2
		p_cast7_mid2_v : 3
		tmp_1 : 4
		trunc_ln204 : 3
		zext_ln209 : 3
		add_ln209 : 5
		switch_ln209 : 4
		add_ln206 : 3
		store_ln206 : 2
		store_ln206 : 3
		store_ln206 : 4
	State 3
		traceback_V_addr : 1
		traceback_V_1_addr : 1
		traceback_V_2_addr : 1
		traceback_V_3_addr : 1
		traceback_V_4_addr : 1
		traceback_V_5_addr : 1
		traceback_V_6_addr : 1
		traceback_V_7_addr : 1
		traceback_V_8_addr : 1
		traceback_V_9_addr : 1
		traceback_V_10_addr : 1
		traceback_V_11_addr : 1
		traceback_V_12_addr : 1
		traceback_V_13_addr : 1
		traceback_V_14_addr : 1
		traceback_V_15_addr : 1
		store_ln209 : 2
		store_ln209 : 2
		store_ln209 : 2
		store_ln209 : 2
		store_ln209 : 2
		store_ln209 : 2
		store_ln209 : 2
		store_ln209 : 2
		store_ln209 : 2
		store_ln209 : 2
		store_ln209 : 2
		store_ln209 : 2
		store_ln209 : 2
		store_ln209 : 2
		store_ln209 : 2
		store_ln209 : 2


============================================================
+ Verbose Summary: Datapath Resource usage 
============================================================

* Functional unit list:
|----------|-----------------------|---------|---------|
| Operation|    Functional Unit    |    FF   |   LUT   |
|----------|-----------------------|---------|---------|
|          |   add_ln204_1_fu_368  |    0    |    28   |
|    add   |    add_ln204_fu_380   |    0    |    18   |
|          |    add_ln209_fu_434   |    0    |    23   |
|          |    add_ln206_fu_440   |    0    |    18   |
|----------|-----------------------|---------|---------|
|   icmp   |   icmp_ln204_fu_362   |    0    |    15   |
|          |   icmp_ln206_fu_386   |    0    |    11   |
|----------|-----------------------|---------|---------|
|  select  |  select_ln204_fu_392  |    0    |    10   |
|          | select_ln204_1_fu_400 |    0    |    10   |
|----------|-----------------------|---------|---------|
|partselect| p_cast7_mid2_v_fu_408 |    0    |    0    |
|----------|-----------------------|---------|---------|
|bitconcatenate|      tmp_1_fu_418     |    0    |    0    |
|----------|-----------------------|---------|---------|
|   trunc  |   trunc_ln204_fu_426  |    0    |    0    |
|----------|-----------------------|---------|---------|
|   zext   |   zext_ln209_fu_430   |    0    |    0    |
|          |  zext_ln209_1_fu_461  |    0    |    0    |
|----------|-----------------------|---------|---------|
|   Total  |                       |    0    |   133   |
|----------|-----------------------|---------|---------|

Memories:
N/A

* Register list:
+-----------------------+--------+
|                       |   FF   |
+-----------------------+--------+
|   add_ln209_reg_508   |   16   |
|indvar_flatten6_reg_494|   21   |
|       pp_reg_487      |   11   |
|       rr_reg_480      |   11   |
|  trunc_ln204_reg_504  |    4   |
+-----------------------+--------+
|         Total         |   63   |
+-----------------------+--------+

* Multiplexer (MUX) list: 
|--------|------|------|------|--------|
|  Comp  |  Pin | Size |  BW  | S x BW |
|--------|------|------|------|--------|
|  Total |      |      |      |    0   |
|--------|------|------|------|--------|



* Summary:
+-----------+--------+--------+
|           |   FF   |   LUT  |
+-----------+--------+--------+
|  Function |    0   |   133  |
|   Memory  |    -   |    -   |
|Multiplexer|    -   |    -   |
|  Register |   63   |    -   |
+-----------+--------+--------+
|   Total   |   63   |   133  |
+-----------+--------+--------+
