

================================================================
== Vitis HLS Report for 'seq_align_Pipeline_VITIS_LOOP_360_12'
================================================================
* Date:           Wed Jun 28 12:43:24 2023

* Version:        2022.1 (Build 3526262 on Mon Apr 18 15:47:01 MDT 2022)
* Project:        local_seq_align_multiple_sa
* Solution:       solution1 (Vivado IP Flow Target)
* Product family: zynquplus
* Target device:  xczu7ev-ffvc1156-2-i


================================================================
== Performance Estimates
================================================================
+ Timing: 
    * Summary: 
    +--------+---------+----------+------------+
    |  Clock |  Target | Estimated| Uncertainty|
    +--------+---------+----------+------------+
    |ap_clk  |  4.00 ns|  2.090 ns|     1.08 ns|
    +--------+---------+----------+------------+

+ Latency: 
    * Summary: 
    +---------+---------+----------+----------+-----+-----+---------+
    |  Latency (cycles) |  Latency (absolute) |  Interval | Pipeline|
    |   min   |   max   |    min   |    max   | min | max |   Type  |
    +---------+---------+----------+----------+-----+-----+---------+
    |        ?|        ?|         ?|         ?|    ?|    ?|       no|
    +---------+---------+----------+----------+-----+-----+---------+

    + Detail: 
        * Instance: 
        N/A

        * Loop: 
        +---------------------+---------+---------+----------+-----------+-----------+------+----------+
        |                     |  Latency (cycles) | Iteration|  Initiation Interval  | Trip |          |
        |      Loop Name      |   min   |   max   |  Latency |  achieved |   target  | Count| Pipelined|
        +---------------------+---------+---------+----------+-----------+-----------+------+----------+
        |- VITIS_LOOP_360_12  |        ?|        ?|         3|          2|          1|     ?|       yes|
        +---------------------+---------+---------+----------+-----------+-----------+------+----------+

============================================================
+ Verbose Summary: Synthesis Manager
============================================================
InlineROM: 1
ExposeGlobal: 0
============================================================
+ Verbose Summary: CDFG Model
============================================================
IsTopModel: 0
ResetActiveHigh: 1
IsCombinational: 0
IsDatapathOnly: 0
HasWiredReturn: 1
HasMFsm: 2
HasVarLatency: 1
IsPipeline: 0
IsRtlPipelined: 0
IsInstanceOverlapped: 0
IsDontTouch: 0
HasImplIP: 0
IsGatedGlobalClock: 0

+ Individual pipeline summary: 
  * Pipeline-0: initiation interval (II) = 2, depth = 4


============================================================
+ Verbose Summary: Schedule
============================================================
* Number of FSM states : 4
* Pipeline : 1
  Pipeline-0 : II = 2, D = 4, States = { 1 2 3 4 }
* Dataflow Pipeline: 0

* FSM state transitions: 
1 --> 2 
2 --> 3 
3 --> 4 
4 --> 

* FSM state operations: 

State 1 <SV = 0> <Delay = 0.42>
ST_1 : Operation 6 [1/1] (0.00ns)   --->   "%ultimate_col_value_1 = alloca i32 1"   --->   Operation 6 'alloca' 'ultimate_col_value_1' <Predicate = true> <Delay = 0.00>
ST_1 : Operation 7 [1/1] (0.00ns)   --->   "%ultimate_row_value_1 = alloca i32 1"   --->   Operation 7 'alloca' 'ultimate_row_value_1' <Predicate = true> <Delay = 0.00>
ST_1 : Operation 8 [1/1] (0.00ns)   --->   "%ultimate_col_value_read = read i32 @_ssdm_op_Read.ap_auto.i32, i32 %ultimate_col_value"   --->   Operation 8 'read' 'ultimate_col_value_read' <Predicate = true> <Delay = 0.00>
ST_1 : Operation 9 [1/1] (0.00ns)   --->   "%ultimate_row_value_read = read i32 @_ssdm_op_Read.ap_auto.i32, i32 %ultimate_row_value"   --->   Operation 9 'read' 'ultimate_row_value_read' <Predicate = true> <Delay = 0.00>
ST_1 : Operation 10 [1/1] (0.42ns)   --->   "%store_ln0 = store i32 %ultimate_row_value_read, i32 %ultimate_row_value_1"   --->   Operation 10 'store' 'store_ln0' <Predicate = true> <Delay = 0.42>
ST_1 : Operation 11 [1/1] (0.42ns)   --->   "%store_ln0 = store i32 %ultimate_col_value_read, i32 %ultimate_col_value_1"   --->   Operation 11 'store' 'store_ln0' <Predicate = true> <Delay = 0.42>
ST_1 : Operation 12 [1/1] (0.00ns)   --->   "%br_ln0 = br void %while.cond"   --->   Operation 12 'br' 'br_ln0' <Predicate = true> <Delay = 0.00>

State 2 <SV = 1> <Delay = 2.09>
ST_2 : Operation 13 [1/1] (0.00ns)   --->   "%ultimate_col_value_3 = load i32 %ultimate_col_value_1"   --->   Operation 13 'load' 'ultimate_col_value_3' <Predicate = true> <Delay = 0.00>
ST_2 : Operation 14 [1/1] (0.00ns)   --->   "%ultimate_row_value_3 = load i32 %ultimate_row_value_1"   --->   Operation 14 'load' 'ultimate_row_value_3' <Predicate = true> <Delay = 0.00>
ST_2 : Operation 15 [1/1] (0.00ns)   --->   "%specpipeline_ln0 = specpipeline void @_ssdm_op_SpecPipeline, i32 4294967295, i32 0, i32 1, i32 0, void @p_str"   --->   Operation 15 'specpipeline' 'specpipeline_ln0' <Predicate = true> <Delay = 0.00>
ST_2 : Operation 16 [1/1] (0.35ns)   --->   "%or_ln360 = or i32 %ultimate_col_value_3, i32 %ultimate_row_value_3" [seq_align_multiple.cpp:360]   --->   Operation 16 'or' 'or_ln360' <Predicate = true> <Delay = 0.35> <CoreInst = "LogicGate">   --->   Core 74 'LogicGate' <Latency = 0> <II = 1> <Delay = 0.35> <FuncUnit> <Opcode : 'and' 'or' 'xor'> <InPorts = 2> <OutPorts = 1>
ST_2 : Operation 17 [1/1] (0.00ns)   --->   "%tmp = bitselect i1 @_ssdm_op_BitSelect.i1.i32.i32, i32 %or_ln360, i32 31" [seq_align_multiple.cpp:360]   --->   Operation 17 'bitselect' 'tmp' <Predicate = true> <Delay = 0.00>
ST_2 : Operation 18 [1/1] (0.00ns)   --->   "%br_ln360 = br i1 %tmp, void %while.body, void %while.end.exitStub" [seq_align_multiple.cpp:360]   --->   Operation 18 'br' 'br_ln360' <Predicate = true> <Delay = 0.00>
ST_2 : Operation 19 [1/1] (0.00ns)   --->   "%trunc_ln587 = trunc i32 %ultimate_col_value_3"   --->   Operation 19 'trunc' 'trunc_ln587' <Predicate = (!tmp)> <Delay = 0.00>
ST_2 : Operation 20 [1/1] (0.00ns)   --->   "%lshr_ln1 = partselect i6 @_ssdm_op_PartSelect.i6.i32.i32.i32, i32 %ultimate_row_value_3, i32 4, i32 9"   --->   Operation 20 'partselect' 'lshr_ln1' <Predicate = (!tmp)> <Delay = 0.00>
ST_2 : Operation 21 [1/1] (0.00ns)   --->   "%tmp_2 = bitconcatenate i16 @_ssdm_op_BitConcatenate.i16.i6.i10, i6 %lshr_ln1, i10 0"   --->   Operation 21 'bitconcatenate' 'tmp_2' <Predicate = (!tmp)> <Delay = 0.00>
ST_2 : Operation 22 [1/1] (0.85ns)   --->   "%add_ln587 = add i16 %tmp_2, i16 %trunc_ln587"   --->   Operation 22 'add' 'add_ln587' <Predicate = (!tmp)> <Delay = 0.85> <CoreInst = "Adder">   --->   Core 1 'Adder' <Latency = 0> <II = 1> <Delay = 0.85> <FuncUnit> <Opcode : 'add' 'sub'> <InPorts = 2> <OutPorts = 1>
ST_2 : Operation 23 [1/1] (0.00ns)   --->   "%zext_ln587 = zext i16 %add_ln587"   --->   Operation 23 'zext' 'zext_ln587' <Predicate = (!tmp)> <Delay = 0.00>
ST_2 : Operation 24 [1/1] (0.00ns)   --->   "%traceback_V_addr_1 = getelementptr i2 %traceback_V, i64 0, i64 %zext_ln587"   --->   Operation 24 'getelementptr' 'traceback_V_addr_1' <Predicate = (!tmp)> <Delay = 0.00>
ST_2 : Operation 25 [1/1] (0.00ns)   --->   "%traceback_V_1_addr_1 = getelementptr i2 %traceback_V_1, i64 0, i64 %zext_ln587"   --->   Operation 25 'getelementptr' 'traceback_V_1_addr_1' <Predicate = (!tmp)> <Delay = 0.00>
ST_2 : Operation 26 [1/1] (0.00ns)   --->   "%traceback_V_2_addr_1 = getelementptr i2 %traceback_V_2, i64 0, i64 %zext_ln587"   --->   Operation 26 'getelementptr' 'traceback_V_2_addr_1' <Predicate = (!tmp)> <Delay = 0.00>
ST_2 : Operation 27 [1/1] (0.00ns)   --->   "%traceback_V_3_addr_1 = getelementptr i2 %traceback_V_3, i64 0, i64 %zext_ln587"   --->   Operation 27 'getelementptr' 'traceback_V_3_addr_1' <Predicate = (!tmp)> <Delay = 0.00>
ST_2 : Operation 28 [1/1] (0.00ns)   --->   "%traceback_V_4_addr_1 = getelementptr i2 %traceback_V_4, i64 0, i64 %zext_ln587"   --->   Operation 28 'getelementptr' 'traceback_V_4_addr_1' <Predicate = (!tmp)> <Delay = 0.00>
ST_2 : Operation 29 [1/1] (0.00ns)   --->   "%traceback_V_5_addr_1 = getelementptr i2 %traceback_V_5, i64 0, i64 %zext_ln587"   --->   Operation 29 'getelementptr' 'traceback_V_5_addr_1' <Predicate = (!tmp)> <Delay = 0.00>
ST_2 : Operation 30 [1/1] (0.00ns)   --->   "%traceback_V_6_addr_1 = getelementptr i2 %traceback_V_6, i64 0, i64 %zext_ln587"   --->   Operation 30 'getelementptr' 'traceback_V_6_addr_1' <Predicate = (!tmp)> <Delay = 0.00>
ST_2 : Operation 31 [1/1] (0.00ns)   --->   "%traceback_V_7_addr_1 = getelementptr i2 %traceback_V_7, i64 0, i64 %zext_ln587"   --->   Operation 31 'getelementptr' 'traceback_V_7_addr_1' <Predicate = (!tmp)> <Delay = 0.00>
ST_2 : Operation 32 [1/1] (0.00ns)   --->   "%traceback_V_8_addr_1 = getelementptr i2 %traceback_V_8, i64 0, i64 %zext_ln587"   --->   Operation 32 'getelementptr' 'traceback_V_8_addr_1' <Predicate = (!tmp)> <Delay = 0.00>
ST_2 : Operation 33 [1/1] (0.00ns)   --->   "%traceback_V_9_addr_1 = getelementptr i2 %traceback_V_9, i64 0, i64 %zext_ln587"   --->   Operation 33 'getelementptr' 'traceback_V_9_addr_1' <Predicate = (!tmp)> <Delay = 0.00>
ST_2 : Operation 34 [1/1] (0.00ns)   --->   "%traceback_V_10_addr_1 = getelementptr i2 %traceback_V_10, i64 0, i64 %zext_ln587"   --->   Operation 34 'getelementptr' 'traceback_V_10_addr_1' <Predicate = (!tmp)> <Delay = 0.00>
ST_2 : Operation 35 [1/1] (0.00ns)   --->   "%traceback_V_11_addr_1 = getelementptr i2 %traceback_V_11, i64 0, i64 %zext_ln587"   --->   Operation 35 'getelementptr' 'traceback_V_11_addr_1' <Predicate = (!tmp)> <Delay = 0.00>
ST_2 : Operation 36 [1/1] (0.00ns)   --->   "%traceback_V_12_addr_1 = getelementptr i2 %traceback_V_12, i64 0, i64 %zext_ln587"   --->   Operation 36 'getelementptr' 'traceback_V_12_addr_1' <Predicate = (!tmp)> <Delay = 0.00>
ST_2 : Operation 37 [1/1] (0.00ns)   --->   "%traceback_V_13_addr_1 = getelementptr i2 %traceback_V_13, i64 0, i64 %zext_ln587"   --->   Operation 37 'getelementptr' 'traceback_V_13_addr_1' <Predicate = (!tmp)> <Delay = 0.00>
ST_2 : Operation 38 [1/1] (0.00ns)   --->   "%traceback_V_14_addr_1 = getelementptr i2 %traceback_V_14, i64 0, i64 %zext_ln587"   --->   Operation 38 'getelementptr' 'traceback_V_14_addr_1' <Predicate = (!tmp)> <Delay = 0.00>
ST_2 : Operation 39 [1/1] (0.00ns)   --->   "%traceback_V_15_addr_1 = getelementptr i2 %traceback_V_15, i64 0, i64 %zext_ln587"   --->   Operation 39 'getelementptr' 'traceback_V_15_addr_1' <Predicate = (!tmp)> <Delay = 0.00>
ST_2 : Operation 40 [2/2] (1.23ns)   --->   "%traceback_V_load = load i16 %traceback_V_addr_1"   --->   Operation 40 'load' 'traceback_V_load' <Predicate = (!tmp)> <Delay = 1.23> <CoreInst = "RAM">   --->   Core 83 'RAM' <Latency = 1> <II = 1> <Delay = 1.23> <Storage> <Opcode : 'load' 'store'> <Ports = 2> <Width = 2> <Depth = 65536> <RAM>
ST_2 : Operation 41 [2/2] (1.23ns)   --->   "%traceback_V_1_load = load i16 %traceback_V_1_addr_1"   --->   Operation 41 'load' 'traceback_V_1_load' <Predicate = (!tmp)> <Delay = 1.23> <CoreInst = "RAM">   --->   Core 83 'RAM' <Latency = 1> <II = 1> <Delay = 1.23> <Storage> <Opcode : 'load' 'store'> <Ports = 2> <Width = 2> <Depth = 65536> <RAM>
ST_2 : Operation 42 [2/2] (1.23ns)   --->   "%traceback_V_2_load = load i16 %traceback_V_2_addr_1"   --->   Operation 42 'load' 'traceback_V_2_load' <Predicate = (!tmp)> <Delay = 1.23> <CoreInst = "RAM">   --->   Core 83 'RAM' <Latency = 1> <II = 1> <Delay = 1.23> <Storage> <Opcode : 'load' 'store'> <Ports = 2> <Width = 2> <Depth = 65536> <RAM>
ST_2 : Operation 43 [2/2] (1.23ns)   --->   "%traceback_V_3_load = load i16 %traceback_V_3_addr_1"   --->   Operation 43 'load' 'traceback_V_3_load' <Predicate = (!tmp)> <Delay = 1.23> <CoreInst = "RAM">   --->   Core 83 'RAM' <Latency = 1> <II = 1> <Delay = 1.23> <Storage> <Opcode : 'load' 'store'> <Ports = 2> <Width = 2> <Depth = 65536> <RAM>
ST_2 : Operation 44 [2/2] (1.23ns)   --->   "%traceback_V_4_load = load i16 %traceback_V_4_addr_1"   --->   Operation 44 'load' 'traceback_V_4_load' <Predicate = (!tmp)> <Delay = 1.23> <CoreInst = "RAM">   --->   Core 83 'RAM' <Latency = 1> <II = 1> <Delay = 1.23> <Storage> <Opcode : 'load' 'store'> <Ports = 2> <Width = 2> <Depth = 65536> <RAM>
ST_2 : Operation 45 [2/2] (1.23ns)   --->   "%traceback_V_5_load = load i16 %traceback_V_5_addr_1"   --->   Operation 45 'load' 'traceback_V_5_load' <Predicate = (!tmp)> <Delay = 1.23> <CoreInst = "RAM">   --->   Core 83 'RAM' <Latency = 1> <II = 1> <Delay = 1.23> <Storage> <Opcode : 'load' 'store'> <Ports = 2> <Width = 2> <Depth = 65536> <RAM>
ST_2 : Operation 46 [2/2] (1.23ns)   --->   "%traceback_V_6_load = load i16 %traceback_V_6_addr_1"   --->   Operation 46 'load' 'traceback_V_6_load' <Predicate = (!tmp)> <Delay = 1.23> <CoreInst = "RAM">   --->   Core 83 'RAM' <Latency = 1> <II = 1> <Delay = 1.23> <Storage> <Opcode : 'load' 'store'> <Ports = 2> <Width = 2> <Depth = 65536> <RAM>
ST_2 : Operation 47 [2/2] (1.23ns)   --->   "%traceback_V_7_load = load i16 %traceback_V_7_addr_1"   --->   Operation 47 'load' 'traceback_V_7_load' <Predicate = (!tmp)> <Delay = 1.23> <CoreInst = "RAM">   --->   Core 83 'RAM' <Latency = 1> <II = 1> <Delay = 1.23> <Storage> <Opcode : 'load' 'store'> <Ports = 2> <Width = 2> <Depth = 65536> <RAM>
ST_2 : Operation 48 [2/2] (1.23ns)   --->   "%traceback_V_8_load = load i16 %traceback_V_8_addr_1"   --->   Operation 48 'load' 'traceback_V_8_load' <Predicate = (!tmp)> <Delay = 1.23> <CoreInst = "RAM">   --->   Core 83 'RAM' <Latency = 1> <II = 1> <Delay = 1.23> <Storage> <Opcode : 'load' 'store'> <Ports = 2> <Width = 2> <Depth = 65536> <RAM>
ST_2 : Operation 49 [2/2] (1.23ns)   --->   "%traceback_V_9_load = load i16 %traceback_V_9_addr_1"   --->   Operation 49 'load' 'traceback_V_9_load' <Predicate = (!tmp)> <Delay = 1.23> <CoreInst = "RAM">   --->   Core 83 'RAM' <Latency = 1> <II = 1> <Delay = 1.23> <Storage> <Opcode : 'load' 'store'> <Ports = 2> <Width = 2> <Depth = 65536> <RAM>
ST_2 : Operation 50 [2/2] (1.23ns)   --->   "%traceback_V_10_load = load i16 %traceback_V_10_addr_1"   --->   Operation 50 'load' 'traceback_V_10_load' <Predicate = (!tmp)> <Delay = 1.23> <CoreInst = "RAM">   --->   Core 83 'RAM' <Latency = 1> <II = 1> <Delay = 1.23> <Storage> <Opcode : 'load' 'store'> <Ports = 2> <Width = 2> <Depth = 65536> <RAM>
ST_2 : Operation 51 [2/2] (1.23ns)   --->   "%traceback_V_11_load = load i16 %traceback_V_11_addr_1"   --->   Operation 51 'load' 'traceback_V_11_load' <Predicate = (!tmp)> <Delay = 1.23> <CoreInst = "RAM">   --->   Core 83 'RAM' <Latency = 1> <II = 1> <Delay = 1.23> <Storage> <Opcode : 'load' 'store'> <Ports = 2> <Width = 2> <Depth = 65536> <RAM>
ST_2 : Operation 52 [2/2] (1.23ns)   --->   "%traceback_V_12_load = load i16 %traceback_V_12_addr_1"   --->   Operation 52 'load' 'traceback_V_12_load' <Predicate = (!tmp)> <Delay = 1.23> <CoreInst = "RAM">   --->   Core 83 'RAM' <Latency = 1> <II = 1> <Delay = 1.23> <Storage> <Opcode : 'load' 'store'> <Ports = 2> <Width = 2> <Depth = 65536> <RAM>
ST_2 : Operation 53 [2/2] (1.23ns)   --->   "%traceback_V_13_load = load i16 %traceback_V_13_addr_1"   --->   Operation 53 'load' 'traceback_V_13_load' <Predicate = (!tmp)> <Delay = 1.23> <CoreInst = "RAM">   --->   Core 83 'RAM' <Latency = 1> <II = 1> <Delay = 1.23> <Storage> <Opcode : 'load' 'store'> <Ports = 2> <Width = 2> <Depth = 65536> <RAM>
ST_2 : Operation 54 [2/2] (1.23ns)   --->   "%traceback_V_14_load = load i16 %traceback_V_14_addr_1"   --->   Operation 54 'load' 'traceback_V_14_load' <Predicate = (!tmp)> <Delay = 1.23> <CoreInst = "RAM">   --->   Core 83 'RAM' <Latency = 1> <II = 1> <Delay = 1.23> <Storage> <Opcode : 'load' 'store'> <Ports = 2> <Width = 2> <Depth = 65536> <RAM>
ST_2 : Operation 55 [2/2] (1.23ns)   --->   "%traceback_V_15_load = load i16 %traceback_V_15_addr_1"   --->   Operation 55 'load' 'traceback_V_15_load' <Predicate = (!tmp)> <Delay = 1.23> <CoreInst = "RAM">   --->   Core 83 'RAM' <Latency = 1> <II = 1> <Delay = 1.23> <Storage> <Opcode : 'load' 'store'> <Ports = 2> <Width = 2> <Depth = 65536> <RAM>
ST_2 : Operation 84 [1/1] (0.00ns)   --->   "%ret_ln0 = ret"   --->   Operation 84 'ret' 'ret_ln0' <Predicate = (tmp)> <Delay = 0.00>

State 3 <SV = 2> <Delay = 1.23>
ST_3 : Operation 56 [1/2] (1.23ns)   --->   "%traceback_V_load = load i16 %traceback_V_addr_1"   --->   Operation 56 'load' 'traceback_V_load' <Predicate = (!tmp)> <Delay = 1.23> <CoreInst = "RAM">   --->   Core 83 'RAM' <Latency = 1> <II = 1> <Delay = 1.23> <Storage> <Opcode : 'load' 'store'> <Ports = 2> <Width = 2> <Depth = 65536> <RAM>
ST_3 : Operation 57 [1/2] (1.23ns)   --->   "%traceback_V_1_load = load i16 %traceback_V_1_addr_1"   --->   Operation 57 'load' 'traceback_V_1_load' <Predicate = (!tmp)> <Delay = 1.23> <CoreInst = "RAM">   --->   Core 83 'RAM' <Latency = 1> <II = 1> <Delay = 1.23> <Storage> <Opcode : 'load' 'store'> <Ports = 2> <Width = 2> <Depth = 65536> <RAM>
ST_3 : Operation 58 [1/2] (1.23ns)   --->   "%traceback_V_2_load = load i16 %traceback_V_2_addr_1"   --->   Operation 58 'load' 'traceback_V_2_load' <Predicate = (!tmp)> <Delay = 1.23> <CoreInst = "RAM">   --->   Core 83 'RAM' <Latency = 1> <II = 1> <Delay = 1.23> <Storage> <Opcode : 'load' 'store'> <Ports = 2> <Width = 2> <Depth = 65536> <RAM>
ST_3 : Operation 59 [1/2] (1.23ns)   --->   "%traceback_V_3_load = load i16 %traceback_V_3_addr_1"   --->   Operation 59 'load' 'traceback_V_3_load' <Predicate = (!tmp)> <Delay = 1.23> <CoreInst = "RAM">   --->   Core 83 'RAM' <Latency = 1> <II = 1> <Delay = 1.23> <Storage> <Opcode : 'load' 'store'> <Ports = 2> <Width = 2> <Depth = 65536> <RAM>
ST_3 : Operation 60 [1/2] (1.23ns)   --->   "%traceback_V_4_load = load i16 %traceback_V_4_addr_1"   --->   Operation 60 'load' 'traceback_V_4_load' <Predicate = (!tmp)> <Delay = 1.23> <CoreInst = "RAM">   --->   Core 83 'RAM' <Latency = 1> <II = 1> <Delay = 1.23> <Storage> <Opcode : 'load' 'store'> <Ports = 2> <Width = 2> <Depth = 65536> <RAM>
ST_3 : Operation 61 [1/2] (1.23ns)   --->   "%traceback_V_5_load = load i16 %traceback_V_5_addr_1"   --->   Operation 61 'load' 'traceback_V_5_load' <Predicate = (!tmp)> <Delay = 1.23> <CoreInst = "RAM">   --->   Core 83 'RAM' <Latency = 1> <II = 1> <Delay = 1.23> <Storage> <Opcode : 'load' 'store'> <Ports = 2> <Width = 2> <Depth = 65536> <RAM>
ST_3 : Operation 62 [1/2] (1.23ns)   --->   "%traceback_V_6_load = load i16 %traceback_V_6_addr_1"   --->   Operation 62 'load' 'traceback_V_6_load' <Predicate = (!tmp)> <Delay = 1.23> <CoreInst = "RAM">   --->   Core 83 'RAM' <Latency = 1> <II = 1> <Delay = 1.23> <Storage> <Opcode : 'load' 'store'> <Ports = 2> <Width = 2> <Depth = 65536> <RAM>
ST_3 : Operation 63 [1/2] (1.23ns)   --->   "%traceback_V_7_load = load i16 %traceback_V_7_addr_1"   --->   Operation 63 'load' 'traceback_V_7_load' <Predicate = (!tmp)> <Delay = 1.23> <CoreInst = "RAM">   --->   Core 83 'RAM' <Latency = 1> <II = 1> <Delay = 1.23> <Storage> <Opcode : 'load' 'store'> <Ports = 2> <Width = 2> <Depth = 65536> <RAM>
ST_3 : Operation 64 [1/2] (1.23ns)   --->   "%traceback_V_8_load = load i16 %traceback_V_8_addr_1"   --->   Operation 64 'load' 'traceback_V_8_load' <Predicate = (!tmp)> <Delay = 1.23> <CoreInst = "RAM">   --->   Core 83 'RAM' <Latency = 1> <II = 1> <Delay = 1.23> <Storage> <Opcode : 'load' 'store'> <Ports = 2> <Width = 2> <Depth = 65536> <RAM>
ST_3 : Operation 65 [1/2] (1.23ns)   --->   "%traceback_V_9_load = load i16 %traceback_V_9_addr_1"   --->   Operation 65 'load' 'traceback_V_9_load' <Predicate = (!tmp)> <Delay = 1.23> <CoreInst = "RAM">   --->   Core 83 'RAM' <Latency = 1> <II = 1> <Delay = 1.23> <Storage> <Opcode : 'load' 'store'> <Ports = 2> <Width = 2> <Depth = 65536> <RAM>
ST_3 : Operation 66 [1/2] (1.23ns)   --->   "%traceback_V_10_load = load i16 %traceback_V_10_addr_1"   --->   Operation 66 'load' 'traceback_V_10_load' <Predicate = (!tmp)> <Delay = 1.23> <CoreInst = "RAM">   --->   Core 83 'RAM' <Latency = 1> <II = 1> <Delay = 1.23> <Storage> <Opcode : 'load' 'store'> <Ports = 2> <Width = 2> <Depth = 65536> <RAM>
ST_3 : Operation 67 [1/2] (1.23ns)   --->   "%traceback_V_11_load = load i16 %traceback_V_11_addr_1"   --->   Operation 67 'load' 'traceback_V_11_load' <Predicate = (!tmp)> <Delay = 1.23> <CoreInst = "RAM">   --->   Core 83 'RAM' <Latency = 1> <II = 1> <Delay = 1.23> <Storage> <Opcode : 'load' 'store'> <Ports = 2> <Width = 2> <Depth = 65536> <RAM>
ST_3 : Operation 68 [1/2] (1.23ns)   --->   "%traceback_V_12_load = load i16 %traceback_V_12_addr_1"   --->   Operation 68 'load' 'traceback_V_12_load' <Predicate = (!tmp)> <Delay = 1.23> <CoreInst = "RAM">   --->   Core 83 'RAM' <Latency = 1> <II = 1> <Delay = 1.23> <Storage> <Opcode : 'load' 'store'> <Ports = 2> <Width = 2> <Depth = 65536> <RAM>
ST_3 : Operation 69 [1/2] (1.23ns)   --->   "%traceback_V_13_load = load i16 %traceback_V_13_addr_1"   --->   Operation 69 'load' 'traceback_V_13_load' <Predicate = (!tmp)> <Delay = 1.23> <CoreInst = "RAM">   --->   Core 83 'RAM' <Latency = 1> <II = 1> <Delay = 1.23> <Storage> <Opcode : 'load' 'store'> <Ports = 2> <Width = 2> <Depth = 65536> <RAM>
ST_3 : Operation 70 [1/2] (1.23ns)   --->   "%traceback_V_14_load = load i16 %traceback_V_14_addr_1"   --->   Operation 70 'load' 'traceback_V_14_load' <Predicate = (!tmp)> <Delay = 1.23> <CoreInst = "RAM">   --->   Core 83 'RAM' <Latency = 1> <II = 1> <Delay = 1.23> <Storage> <Opcode : 'load' 'store'> <Ports = 2> <Width = 2> <Depth = 65536> <RAM>
ST_3 : Operation 71 [1/2] (1.23ns)   --->   "%traceback_V_15_load = load i16 %traceback_V_15_addr_1"   --->   Operation 71 'load' 'traceback_V_15_load' <Predicate = (!tmp)> <Delay = 1.23> <CoreInst = "RAM">   --->   Core 83 'RAM' <Latency = 1> <II = 1> <Delay = 1.23> <Storage> <Opcode : 'load' 'store'> <Ports = 2> <Width = 2> <Depth = 65536> <RAM>

State 4 <SV = 3> <Delay = 1.93>
ST_4 : Operation 72 [1/1] (0.00ns)   --->   "%empty = trunc i32 %ultimate_row_value_3"   --->   Operation 72 'trunc' 'empty' <Predicate = true> <Delay = 0.00>
ST_4 : Operation 73 [1/1] (0.00ns)   --->   "%specloopname_ln361 = specloopname void @_ssdm_op_SpecLoopName, void @empty_5" [seq_align_multiple.cpp:361]   --->   Operation 73 'specloopname' 'specloopname_ln361' <Predicate = true> <Delay = 0.00>
ST_4 : Operation 74 [1/1] (0.48ns)   --->   "%tb_val = mux i2 @_ssdm_op_Mux.ap_auto.16i2.i4, i2 %traceback_V_load, i2 %traceback_V_1_load, i2 %traceback_V_2_load, i2 %traceback_V_3_load, i2 %traceback_V_4_load, i2 %traceback_V_5_load, i2 %traceback_V_6_load, i2 %traceback_V_7_load, i2 %traceback_V_8_load, i2 %traceback_V_9_load, i2 %traceback_V_10_load, i2 %traceback_V_11_load, i2 %traceback_V_12_load, i2 %traceback_V_13_load, i2 %traceback_V_14_load, i2 %traceback_V_15_load, i4 %empty"   --->   Operation 74 'mux' 'tb_val' <Predicate = true> <Delay = 0.48> <CoreInst = "Multiplexer">   --->   Core 76 'Multiplexer' <Latency = 0> <II = 1> <Delay = 0.48> <FuncUnit> <Opcode : 'mux'> <InPorts = 2> <OutPorts = 1>
ST_4 : Operation 75 [1/1] (0.00ns)   --->   "%trunc_ln361 = trunc i2 %tb_val" [seq_align_multiple.cpp:361]   --->   Operation 75 'trunc' 'trunc_ln361' <Predicate = true> <Delay = 0.00>
ST_4 : Operation 76 [1/1] (0.00ns)   --->   "%tmp_66 = bitselect i1 @_ssdm_op_BitSelect.i1.i2.i32, i2 %tb_val, i32 1" [seq_align_multiple.cpp:364]   --->   Operation 76 'bitselect' 'tmp_66' <Predicate = true> <Delay = 0.00>
ST_4 : Operation 77 [1/1] (0.00ns)   --->   "%zext_ln364 = zext i1 %tmp_66" [seq_align_multiple.cpp:364]   --->   Operation 77 'zext' 'zext_ln364' <Predicate = true> <Delay = 0.00>
ST_4 : Operation 78 [1/1] (1.01ns)   --->   "%ultimate_row_value_4 = sub i32 %ultimate_row_value_3, i32 %zext_ln364" [seq_align_multiple.cpp:364]   --->   Operation 78 'sub' 'ultimate_row_value_4' <Predicate = true> <Delay = 1.01> <CoreInst = "Adder">   --->   Core 1 'Adder' <Latency = 0> <II = 1> <Delay = 1.01> <FuncUnit> <Opcode : 'add' 'sub'> <InPorts = 2> <OutPorts = 1>
ST_4 : Operation 79 [1/1] (0.00ns)   --->   "%zext_ln365 = zext i1 %trunc_ln361" [seq_align_multiple.cpp:365]   --->   Operation 79 'zext' 'zext_ln365' <Predicate = true> <Delay = 0.00>
ST_4 : Operation 80 [1/1] (1.01ns)   --->   "%ultimate_col_value_4 = sub i32 %ultimate_col_value_3, i32 %zext_ln365" [seq_align_multiple.cpp:365]   --->   Operation 80 'sub' 'ultimate_col_value_4' <Predicate = true> <Delay = 1.01> <CoreInst = "Adder">   --->   Core 1 'Adder' <Latency = 0> <II = 1> <Delay = 1.01> <FuncUnit> <Opcode : 'add' 'sub'> <InPorts = 2> <OutPorts = 1>
ST_4 : Operation 81 [1/1] (0.42ns)   --->   "%store_ln360 = store i32 %ultimate_row_value_4, i32 %ultimate_row_value_1" [seq_align_multiple.cpp:360]   --->   Operation 81 'store' 'store_ln360' <Predicate = true> <Delay = 0.42>
ST_4 : Operation 82 [1/1] (0.42ns)   --->   "%store_ln360 = store i32 %ultimate_col_value_4, i32 %ultimate_col_value_1" [seq_align_multiple.cpp:360]   --->   Operation 82 'store' 'store_ln360' <Predicate = true> <Delay = 0.42>
ST_4 : Operation 83 [1/1] (0.00ns)   --->   "%br_ln360 = br void %while.cond" [seq_align_multiple.cpp:360]   --->   Operation 83 'br' 'br_ln360' <Predicate = true> <Delay = 0.00>


============================================================
+ Verbose Summary: Binding
============================================================
STG Binding: 
---------------- STG Properties BEGIN ----------------
- Is combinational: 0
- Is one-state seq: 0
- Is datapath-only: 0
- Is pipelined: 0
- Is top level: 0
Port [ Return ] is wired: 1; IO mode=ap_ctrl_hs:ce=0
Port [ ultimate_row_value]:  wired=1; compound=0; hidden=0; nouse=0; global=0; static=0; extern=0; dir=0; type=0; pingpong=0; private_global=0; IO mode=ap_none:ce=0
Port [ ultimate_col_value]:  wired=1; compound=0; hidden=0; nouse=0; global=0; static=0; extern=0; dir=0; type=0; pingpong=0; private_global=0; IO mode=ap_none:ce=0
Port [ traceback_V]:  wired=1; compound=1; hidden=0; nouse=0; global=0; static=0; extern=0; dir=0; type=1; pingpong=0; private_global=0; MemPort=[13]; IO mode=ap_memory:ce=0
Port [ traceback_V_1]:  wired=1; compound=1; hidden=0; nouse=0; global=0; static=0; extern=0; dir=0; type=1; pingpong=0; private_global=0; MemPort=[13]; IO mode=ap_memory:ce=0
Port [ traceback_V_2]:  wired=1; compound=1; hidden=0; nouse=0; global=0; static=0; extern=0; dir=0; type=1; pingpong=0; private_global=0; MemPort=[13]; IO mode=ap_memory:ce=0
Port [ traceback_V_3]:  wired=1; compound=1; hidden=0; nouse=0; global=0; static=0; extern=0; dir=0; type=1; pingpong=0; private_global=0; MemPort=[13]; IO mode=ap_memory:ce=0
Port [ traceback_V_4]:  wired=1; compound=1; hidden=0; nouse=0; global=0; static=0; extern=0; dir=0; type=1; pingpong=0; private_global=0; MemPort=[13]; IO mode=ap_memory:ce=0
Port [ traceback_V_5]:  wired=1; compound=1; hidden=0; nouse=0; global=0; static=0; extern=0; dir=0; type=1; pingpong=0; private_global=0; MemPort=[13]; IO mode=ap_memory:ce=0
Port [ traceback_V_6]:  wired=1; compound=1; hidden=0; nouse=0; global=0; static=0; extern=0; dir=0; type=1; pingpong=0; private_global=0; MemPort=[13]; IO mode=ap_memory:ce=0
Port [ traceback_V_7]:  wired=1; compound=1; hidden=0; nouse=0; global=0; static=0; extern=0; dir=0; type=1; pingpong=0; private_global=0; MemPort=[13]; IO mode=ap_memory:ce=0
Port [ traceback_V_8]:  wired=1; compound=1; hidden=0; nouse=0; global=0; static=0; extern=0; dir=0; type=1; pingpong=0; private_global=0; MemPort=[13]; IO mode=ap_memory:ce=0
Port [ traceback_V_9]:  wired=1; compound=1; hidden=0; nouse=0; global=0; static=0; extern=0; dir=0; type=1; pingpong=0; private_global=0; MemPort=[13]; IO mode=ap_memory:ce=0
Port [ traceback_V_10]:  wired=1; compound=1; hidden=0; nouse=0; global=0; static=0; extern=0; dir=0; type=1; pingpong=0; private_global=0; MemPort=[13]; IO mode=ap_memory:ce=0
Port [ traceback_V_11]:  wired=1; compound=1; hidden=0; nouse=0; global=0; static=0; extern=0; dir=0; type=1; pingpong=0; private_global=0; MemPort=[13]; IO mode=ap_memory:ce=0
Port [ traceback_V_12]:  wired=1; compound=1; hidden=0; nouse=0; global=0; static=0; extern=0; dir=0; type=1; pingpong=0; private_global=0; MemPort=[13]; IO mode=ap_memory:ce=0
Port [ traceback_V_13]:  wired=1; compound=1; hidden=0; nouse=0; global=0; static=0; extern=0; dir=0; type=1; pingpong=0; private_global=0; MemPort=[13]; IO mode=ap_memory:ce=0
Port [ traceback_V_14]:  wired=1; compound=1; hidden=0; nouse=0; global=0; static=0; extern=0; dir=0; type=1; pingpong=0; private_global=0; MemPort=[13]; IO mode=ap_memory:ce=0
Port [ traceback_V_15]:  wired=1; compound=1; hidden=0; nouse=0; global=0; static=0; extern=0; dir=0; type=1; pingpong=0; private_global=0; MemPort=[13]; IO mode=ap_memory:ce=0
---------------- STG Properties END ------------------

---------------- Datapath Model BEGIN ----------------

<LifeTime>
<method=bitvector/>
ultimate_col_value_1    (alloca        ) [ 01111]
ultimate_row_value_1    (alloca        ) [ 01111]
ultimate_col_value_read (read          ) [ 00000]
ultimate_row_value_read (read          ) [ 00000]
store_ln0               (store         ) [ 00000]
store_ln0               (store         ) [ 00000]
br_ln0                  (br            ) [ 00000]
ultimate_col_value_3    (load          ) [ 01111]
ultimate_row_value_3    (load          ) [ 01111]
specpipeline_ln0        (specpipeline  ) [ 00000]
or_ln360                (or            ) [ 00000]
tmp                     (bitselect     ) [ 01110]
br_ln360                (br            ) [ 00000]
trunc_ln587             (trunc         ) [ 00000]
lshr_ln1                (partselect    ) [ 00000]
tmp_2                   (bitconcatenate) [ 00000]
add_ln587               (add           ) [ 00000]
zext_ln587              (zext          ) [ 00000]
traceback_V_addr_1      (getelementptr ) [ 01010]
traceback_V_1_addr_1    (getelementptr ) [ 01010]
traceback_V_2_addr_1    (getelementptr ) [ 01010]
traceback_V_3_addr_1    (getelementptr ) [ 01010]
traceback_V_4_addr_1    (getelementptr ) [ 01010]
traceback_V_5_addr_1    (getelementptr ) [ 01010]
traceback_V_6_addr_1    (getelementptr ) [ 01010]
traceback_V_7_addr_1    (getelementptr ) [ 01010]
traceback_V_8_addr_1    (getelementptr ) [ 01010]
traceback_V_9_addr_1    (getelementptr ) [ 01010]
traceback_V_10_addr_1   (getelementptr ) [ 01010]
traceback_V_11_addr_1   (getelementptr ) [ 01010]
traceback_V_12_addr_1   (getelementptr ) [ 01010]
traceback_V_13_addr_1   (getelementptr ) [ 01010]
traceback_V_14_addr_1   (getelementptr ) [ 01010]
traceback_V_15_addr_1   (getelementptr ) [ 01010]
traceback_V_load        (load          ) [ 00101]
traceback_V_1_load      (load          ) [ 00101]
traceback_V_2_load      (load          ) [ 00101]
traceback_V_3_load      (load          ) [ 00101]
traceback_V_4_load      (load          ) [ 00101]
traceback_V_5_load      (load          ) [ 00101]
traceback_V_6_load      (load          ) [ 00101]
traceback_V_7_load      (load          ) [ 00101]
traceback_V_8_load      (load          ) [ 00101]
traceback_V_9_load      (load          ) [ 00101]
traceback_V_10_load     (load          ) [ 00101]
traceback_V_11_load     (load          ) [ 00101]
traceback_V_12_load     (load          ) [ 00101]
traceback_V_13_load     (load          ) [ 00101]
traceback_V_14_load     (load          ) [ 00101]
traceback_V_15_load     (load          ) [ 00101]
empty                   (trunc         ) [ 00000]
specloopname_ln361      (specloopname  ) [ 00000]
tb_val                  (mux           ) [ 00000]
trunc_ln361             (trunc         ) [ 00000]
tmp_66                  (bitselect     ) [ 00000]
zext_ln364              (zext          ) [ 00000]
ultimate_row_value_4    (sub           ) [ 00000]
zext_ln365              (zext          ) [ 00000]
ultimate_col_value_4    (sub           ) [ 00000]
store_ln360             (store         ) [ 00000]
store_ln360             (store         ) [ 00000]
br_ln360                (br            ) [ 00000]
ret_ln0                 (ret           ) [ 00000]
</LifeTime>

<model>

<comp_list>
<comp id="0" class="1000" name="ultimate_row_value">
<pin_list>
<pin id="1" dir="1" index="0" bw="1" slack="0"/>
</pin_list>
<bind>
<StgValue><ssdm name="ultimate_row_value"/></StgValue>
</bind>
</comp>

<comp id="2" class="1000" name="ultimate_col_value">
<pin_list>
<pin id="3" dir="1" index="0" bw="1" slack="0"/>
</pin_list>
<bind>
<StgValue><ssdm name="ultimate_col_value"/></StgValue>
</bind>
</comp>

<comp id="4" class="1000" name="traceback_V">
<pin_list>
<pin id="5" dir="1" index="0" bw="1" slack="0"/>
</pin_list>
<bind>
<StgValue><ssdm name="traceback_V"/><MemPortTyVec>1 3 </MemPortTyVec>
</StgValue>
</bind>
</comp>

<comp id="6" class="1000" name="traceback_V_1">
<pin_list>
<pin id="7" dir="1" index="0" bw="1" slack="0"/>
</pin_list>
<bind>
<StgValue><ssdm name="traceback_V_1"/><MemPortTyVec>1 3 </MemPortTyVec>
</StgValue>
</bind>
</comp>

<comp id="8" class="1000" name="traceback_V_2">
<pin_list>
<pin id="9" dir="1" index="0" bw="1" slack="0"/>
</pin_list>
<bind>
<StgValue><ssdm name="traceback_V_2"/><MemPortTyVec>1 3 </MemPortTyVec>
</StgValue>
</bind>
</comp>

<comp id="10" class="1000" name="traceback_V_3">
<pin_list>
<pin id="11" dir="1" index="0" bw="1" slack="0"/>
</pin_list>
<bind>
<StgValue><ssdm name="traceback_V_3"/><MemPortTyVec>1 3 </MemPortTyVec>
</StgValue>
</bind>
</comp>

<comp id="12" class="1000" name="traceback_V_4">
<pin_list>
<pin id="13" dir="1" index="0" bw="1" slack="0"/>
</pin_list>
<bind>
<StgValue><ssdm name="traceback_V_4"/><MemPortTyVec>1 3 </MemPortTyVec>
</StgValue>
</bind>
</comp>

<comp id="14" class="1000" name="traceback_V_5">
<pin_list>
<pin id="15" dir="1" index="0" bw="1" slack="0"/>
</pin_list>
<bind>
<StgValue><ssdm name="traceback_V_5"/><MemPortTyVec>1 3 </MemPortTyVec>
</StgValue>
</bind>
</comp>

<comp id="16" class="1000" name="traceback_V_6">
<pin_list>
<pin id="17" dir="1" index="0" bw="1" slack="0"/>
</pin_list>
<bind>
<StgValue><ssdm name="traceback_V_6"/><MemPortTyVec>1 3 </MemPortTyVec>
</StgValue>
</bind>
</comp>

<comp id="18" class="1000" name="traceback_V_7">
<pin_list>
<pin id="19" dir="1" index="0" bw="1" slack="0"/>
</pin_list>
<bind>
<StgValue><ssdm name="traceback_V_7"/><MemPortTyVec>1 3 </MemPortTyVec>
</StgValue>
</bind>
</comp>

<comp id="20" class="1000" name="traceback_V_8">
<pin_list>
<pin id="21" dir="1" index="0" bw="1" slack="0"/>
</pin_list>
<bind>
<StgValue><ssdm name="traceback_V_8"/><MemPortTyVec>1 3 </MemPortTyVec>
</StgValue>
</bind>
</comp>

<comp id="22" class="1000" name="traceback_V_9">
<pin_list>
<pin id="23" dir="1" index="0" bw="1" slack="0"/>
</pin_list>
<bind>
<StgValue><ssdm name="traceback_V_9"/><MemPortTyVec>1 3 </MemPortTyVec>
</StgValue>
</bind>
</comp>

<comp id="24" class="1000" name="traceback_V_10">
<pin_list>
<pin id="25" dir="1" index="0" bw="1" slack="0"/>
</pin_list>
<bind>
<StgValue><ssdm name="traceback_V_10"/><MemPortTyVec>1 3 </MemPortTyVec>
</StgValue>
</bind>
</comp>

<comp id="26" class="1000" name="traceback_V_11">
<pin_list>
<pin id="27" dir="1" index="0" bw="1" slack="0"/>
</pin_list>
<bind>
<StgValue><ssdm name="traceback_V_11"/><MemPortTyVec>1 3 </MemPortTyVec>
</StgValue>
</bind>
</comp>

<comp id="28" class="1000" name="traceback_V_12">
<pin_list>
<pin id="29" dir="1" index="0" bw="1" slack="0"/>
</pin_list>
<bind>
<StgValue><ssdm name="traceback_V_12"/><MemPortTyVec>1 3 </MemPortTyVec>
</StgValue>
</bind>
</comp>

<comp id="30" class="1000" name="traceback_V_13">
<pin_list>
<pin id="31" dir="1" index="0" bw="1" slack="0"/>
</pin_list>
<bind>
<StgValue><ssdm name="traceback_V_13"/><MemPortTyVec>1 3 </MemPortTyVec>
</StgValue>
</bind>
</comp>

<comp id="32" class="1000" name="traceback_V_14">
<pin_list>
<pin id="33" dir="1" index="0" bw="1" slack="0"/>
</pin_list>
<bind>
<StgValue><ssdm name="traceback_V_14"/><MemPortTyVec>1 3 </MemPortTyVec>
</StgValue>
</bind>
</comp>

<comp id="34" class="1000" name="traceback_V_15">
<pin_list>
<pin id="35" dir="1" index="0" bw="1" slack="0"/>
</pin_list>
<bind>
<StgValue><ssdm name="traceback_V_15"/><MemPortTyVec>1 3 </MemPortTyVec>
</StgValue>
</bind>
</comp>

<comp id="36" class="1001" name="const_36">
<pin_list>
<pin id="37" dir="1" index="0" bw="1" slack="0"/>
</pin_list>
<bind>
<StgValue><ssdm name=""/></StgValue>
</bind>
</comp>

<comp id="38" class="1001" name="const_38">
<pin_list>
<pin id="39" dir="1" index="0" bw="1" slack="0"/>
</pin_list>
<bind>
<StgValue><ssdm name="_ssdm_op_Read.ap_auto.i32"/></StgValue>
</bind>
</comp>

<comp id="40" class="1001" name="const_40">
<pin_list>
<pin id="41" dir="1" index="0" bw="1" slack="2147483647"/>
</pin_list>
<bind>
<StgValue><ssdm name="_ssdm_op_SpecPipeline"/></StgValue>
</bind>
</comp>

<comp id="42" class="1001" name="const_42">
<pin_list>
<pin id="43" dir="1" index="0" bw="1" slack="2147483647"/>
</pin_list>
<bind>
<StgValue><ssdm name=""/></StgValue>
</bind>
</comp>

<comp id="44" class="1001" name="const_44">
<pin_list>
<pin id="45" dir="1" index="0" bw="1" slack="2147483647"/>
</pin_list>
<bind>
<StgValue><ssdm name=""/></StgValue>
</bind>
</comp>

<comp id="46" class="1001" name="const_46">
<pin_list>
<pin id="47" dir="1" index="0" bw="1" slack="2147483647"/>
</pin_list>
<bind>
<StgValue><ssdm name="p_str"/></StgValue>
</bind>
</comp>

<comp id="48" class="1001" name="const_48">
<pin_list>
<pin id="49" dir="1" index="0" bw="1" slack="0"/>
</pin_list>
<bind>
<StgValue><ssdm name="_ssdm_op_BitSelect.i1.i32.i32"/></StgValue>
</bind>
</comp>

<comp id="50" class="1001" name="const_50">
<pin_list>
<pin id="51" dir="1" index="0" bw="1" slack="0"/>
</pin_list>
<bind>
<StgValue><ssdm name=""/></StgValue>
</bind>
</comp>

<comp id="52" class="1001" name="const_52">
<pin_list>
<pin id="53" dir="1" index="0" bw="1" slack="0"/>
</pin_list>
<bind>
<StgValue><ssdm name="_ssdm_op_PartSelect.i6.i32.i32.i32"/></StgValue>
</bind>
</comp>

<comp id="54" class="1001" name="const_54">
<pin_list>
<pin id="55" dir="1" index="0" bw="1" slack="0"/>
</pin_list>
<bind>
<StgValue><ssdm name=""/></StgValue>
</bind>
</comp>

<comp id="56" class="1001" name="const_56">
<pin_list>
<pin id="57" dir="1" index="0" bw="1" slack="0"/>
</pin_list>
<bind>
<StgValue><ssdm name=""/></StgValue>
</bind>
</comp>

<comp id="58" class="1001" name="const_58">
<pin_list>
<pin id="59" dir="1" index="0" bw="1" slack="0"/>
</pin_list>
<bind>
<StgValue><ssdm name="_ssdm_op_BitConcatenate.i16.i6.i10"/></StgValue>
</bind>
</comp>

<comp id="60" class="1001" name="const_60">
<pin_list>
<pin id="61" dir="1" index="0" bw="1" slack="0"/>
</pin_list>
<bind>
<StgValue><ssdm name=""/></StgValue>
</bind>
</comp>

<comp id="62" class="1001" name="const_62">
<pin_list>
<pin id="63" dir="1" index="0" bw="1" slack="0"/>
</pin_list>
<bind>
<StgValue><ssdm name=""/></StgValue>
</bind>
</comp>

<comp id="64" class="1001" name="const_64">
<pin_list>
<pin id="65" dir="1" index="0" bw="1" slack="2147483647"/>
</pin_list>
<bind>
<StgValue><ssdm name="_ssdm_op_SpecLoopName"/></StgValue>
</bind>
</comp>

<comp id="66" class="1001" name="const_66">
<pin_list>
<pin id="67" dir="1" index="0" bw="1" slack="2147483647"/>
</pin_list>
<bind>
<StgValue><ssdm name="empty_5"/></StgValue>
</bind>
</comp>

<comp id="68" class="1001" name="const_68">
<pin_list>
<pin id="69" dir="1" index="0" bw="1" slack="0"/>
</pin_list>
<bind>
<StgValue><ssdm name="_ssdm_op_Mux.ap_auto.16i2.i4"/></StgValue>
</bind>
</comp>

<comp id="70" class="1001" name="const_70">
<pin_list>
<pin id="71" dir="1" index="0" bw="1" slack="0"/>
</pin_list>
<bind>
<StgValue><ssdm name="_ssdm_op_BitSelect.i1.i2.i32"/></StgValue>
</bind>
</comp>

<comp id="72" class="1004" name="ultimate_col_value_1_fu_72">
<pin_list>
<pin id="73" dir="0" index="0" bw="1" slack="0"/>
<pin id="74" dir="1" index="1" bw="32" slack="0"/>
</pin_list>
<bind>
<opcode="alloca(26) " fcode="alloca"/>
<opset="ultimate_col_value_1/1 "/>
</bind>
</comp>

<comp id="76" class="1004" name="ultimate_row_value_1_fu_76">
<pin_list>
<pin id="77" dir="0" index="0" bw="1" slack="0"/>
<pin id="78" dir="1" index="1" bw="32" slack="0"/>
</pin_list>
<bind>
<opcode="alloca(26) " fcode="alloca"/>
<opset="ultimate_row_value_1/1 "/>
</bind>
</comp>

<comp id="80" class="1004" name="ultimate_col_value_read_read_fu_80">
<pin_list>
<pin id="81" dir="0" index="0" bw="32" slack="0"/>
<pin id="82" dir="0" index="1" bw="32" slack="0"/>
<pin id="83" dir="1" index="2" bw="32" slack="0"/>
</pin_list>
<bind>
<opcode="read(1150) " fcode="read"/>
<opset="ultimate_col_value_read/1 "/>
</bind>
</comp>

<comp id="86" class="1004" name="ultimate_row_value_read_read_fu_86">
<pin_list>
<pin id="87" dir="0" index="0" bw="32" slack="0"/>
<pin id="88" dir="0" index="1" bw="32" slack="0"/>
<pin id="89" dir="1" index="2" bw="32" slack="0"/>
</pin_list>
<bind>
<opcode="read(1150) " fcode="read"/>
<opset="ultimate_row_value_read/1 "/>
</bind>
</comp>

<comp id="92" class="1004" name="traceback_V_addr_1_gep_fu_92">
<pin_list>
<pin id="93" dir="0" index="0" bw="2" slack="0"/>
<pin id="94" dir="0" index="1" bw="1" slack="0"/>
<pin id="95" dir="0" index="2" bw="16" slack="0"/>
<pin id="96" dir="1" index="3" bw="16" slack="0"/>
</pin_list>
<bind>
<opcode="getelementptr(29) " fcode="getelementptr"/>
<opset="traceback_V_addr_1/2 "/>
</bind>
</comp>

<comp id="99" class="1004" name="traceback_V_1_addr_1_gep_fu_99">
<pin_list>
<pin id="100" dir="0" index="0" bw="2" slack="0"/>
<pin id="101" dir="0" index="1" bw="1" slack="0"/>
<pin id="102" dir="0" index="2" bw="16" slack="0"/>
<pin id="103" dir="1" index="3" bw="16" slack="0"/>
</pin_list>
<bind>
<opcode="getelementptr(29) " fcode="getelementptr"/>
<opset="traceback_V_1_addr_1/2 "/>
</bind>
</comp>

<comp id="106" class="1004" name="traceback_V_2_addr_1_gep_fu_106">
<pin_list>
<pin id="107" dir="0" index="0" bw="2" slack="0"/>
<pin id="108" dir="0" index="1" bw="1" slack="0"/>
<pin id="109" dir="0" index="2" bw="16" slack="0"/>
<pin id="110" dir="1" index="3" bw="16" slack="0"/>
</pin_list>
<bind>
<opcode="getelementptr(29) " fcode="getelementptr"/>
<opset="traceback_V_2_addr_1/2 "/>
</bind>
</comp>

<comp id="113" class="1004" name="traceback_V_3_addr_1_gep_fu_113">
<pin_list>
<pin id="114" dir="0" index="0" bw="2" slack="0"/>
<pin id="115" dir="0" index="1" bw="1" slack="0"/>
<pin id="116" dir="0" index="2" bw="16" slack="0"/>
<pin id="117" dir="1" index="3" bw="16" slack="0"/>
</pin_list>
<bind>
<opcode="getelementptr(29) " fcode="getelementptr"/>
<opset="traceback_V_3_addr_1/2 "/>
</bind>
</comp>

<comp id="120" class="1004" name="traceback_V_4_addr_1_gep_fu_120">
<pin_list>
<pin id="121" dir="0" index="0" bw="2" slack="0"/>
<pin id="122" dir="0" index="1" bw="1" slack="0"/>
<pin id="123" dir="0" index="2" bw="16" slack="0"/>
<pin id="124" dir="1" index="3" bw="16" slack="0"/>
</pin_list>
<bind>
<opcode="getelementptr(29) " fcode="getelementptr"/>
<opset="traceback_V_4_addr_1/2 "/>
</bind>
</comp>

<comp id="127" class="1004" name="traceback_V_5_addr_1_gep_fu_127">
<pin_list>
<pin id="128" dir="0" index="0" bw="2" slack="0"/>
<pin id="129" dir="0" index="1" bw="1" slack="0"/>
<pin id="130" dir="0" index="2" bw="16" slack="0"/>
<pin id="131" dir="1" index="3" bw="16" slack="0"/>
</pin_list>
<bind>
<opcode="getelementptr(29) " fcode="getelementptr"/>
<opset="traceback_V_5_addr_1/2 "/>
</bind>
</comp>

<comp id="134" class="1004" name="traceback_V_6_addr_1_gep_fu_134">
<pin_list>
<pin id="135" dir="0" index="0" bw="2" slack="0"/>
<pin id="136" dir="0" index="1" bw="1" slack="0"/>
<pin id="137" dir="0" index="2" bw="16" slack="0"/>
<pin id="138" dir="1" index="3" bw="16" slack="0"/>
</pin_list>
<bind>
<opcode="getelementptr(29) " fcode="getelementptr"/>
<opset="traceback_V_6_addr_1/2 "/>
</bind>
</comp>

<comp id="141" class="1004" name="traceback_V_7_addr_1_gep_fu_141">
<pin_list>
<pin id="142" dir="0" index="0" bw="2" slack="0"/>
<pin id="143" dir="0" index="1" bw="1" slack="0"/>
<pin id="144" dir="0" index="2" bw="16" slack="0"/>
<pin id="145" dir="1" index="3" bw="16" slack="0"/>
</pin_list>
<bind>
<opcode="getelementptr(29) " fcode="getelementptr"/>
<opset="traceback_V_7_addr_1/2 "/>
</bind>
</comp>

<comp id="148" class="1004" name="traceback_V_8_addr_1_gep_fu_148">
<pin_list>
<pin id="149" dir="0" index="0" bw="2" slack="0"/>
<pin id="150" dir="0" index="1" bw="1" slack="0"/>
<pin id="151" dir="0" index="2" bw="16" slack="0"/>
<pin id="152" dir="1" index="3" bw="16" slack="0"/>
</pin_list>
<bind>
<opcode="getelementptr(29) " fcode="getelementptr"/>
<opset="traceback_V_8_addr_1/2 "/>
</bind>
</comp>

<comp id="155" class="1004" name="traceback_V_9_addr_1_gep_fu_155">
<pin_list>
<pin id="156" dir="0" index="0" bw="2" slack="0"/>
<pin id="157" dir="0" index="1" bw="1" slack="0"/>
<pin id="158" dir="0" index="2" bw="16" slack="0"/>
<pin id="159" dir="1" index="3" bw="16" slack="0"/>
</pin_list>
<bind>
<opcode="getelementptr(29) " fcode="getelementptr"/>
<opset="traceback_V_9_addr_1/2 "/>
</bind>
</comp>

<comp id="162" class="1004" name="traceback_V_10_addr_1_gep_fu_162">
<pin_list>
<pin id="163" dir="0" index="0" bw="2" slack="0"/>
<pin id="164" dir="0" index="1" bw="1" slack="0"/>
<pin id="165" dir="0" index="2" bw="16" slack="0"/>
<pin id="166" dir="1" index="3" bw="16" slack="0"/>
</pin_list>
<bind>
<opcode="getelementptr(29) " fcode="getelementptr"/>
<opset="traceback_V_10_addr_1/2 "/>
</bind>
</comp>

<comp id="169" class="1004" name="traceback_V_11_addr_1_gep_fu_169">
<pin_list>
<pin id="170" dir="0" index="0" bw="2" slack="0"/>
<pin id="171" dir="0" index="1" bw="1" slack="0"/>
<pin id="172" dir="0" index="2" bw="16" slack="0"/>
<pin id="173" dir="1" index="3" bw="16" slack="0"/>
</pin_list>
<bind>
<opcode="getelementptr(29) " fcode="getelementptr"/>
<opset="traceback_V_11_addr_1/2 "/>
</bind>
</comp>

<comp id="176" class="1004" name="traceback_V_12_addr_1_gep_fu_176">
<pin_list>
<pin id="177" dir="0" index="0" bw="2" slack="0"/>
<pin id="178" dir="0" index="1" bw="1" slack="0"/>
<pin id="179" dir="0" index="2" bw="16" slack="0"/>
<pin id="180" dir="1" index="3" bw="16" slack="0"/>
</pin_list>
<bind>
<opcode="getelementptr(29) " fcode="getelementptr"/>
<opset="traceback_V_12_addr_1/2 "/>
</bind>
</comp>

<comp id="183" class="1004" name="traceback_V_13_addr_1_gep_fu_183">
<pin_list>
<pin id="184" dir="0" index="0" bw="2" slack="0"/>
<pin id="185" dir="0" index="1" bw="1" slack="0"/>
<pin id="186" dir="0" index="2" bw="16" slack="0"/>
<pin id="187" dir="1" index="3" bw="16" slack="0"/>
</pin_list>
<bind>
<opcode="getelementptr(29) " fcode="getelementptr"/>
<opset="traceback_V_13_addr_1/2 "/>
</bind>
</comp>

<comp id="190" class="1004" name="traceback_V_14_addr_1_gep_fu_190">
<pin_list>
<pin id="191" dir="0" index="0" bw="2" slack="0"/>
<pin id="192" dir="0" index="1" bw="1" slack="0"/>
<pin id="193" dir="0" index="2" bw="16" slack="0"/>
<pin id="194" dir="1" index="3" bw="16" slack="0"/>
</pin_list>
<bind>
<opcode="getelementptr(29) " fcode="getelementptr"/>
<opset="traceback_V_14_addr_1/2 "/>
</bind>
</comp>

<comp id="197" class="1004" name="traceback_V_15_addr_1_gep_fu_197">
<pin_list>
<pin id="198" dir="0" index="0" bw="2" slack="0"/>
<pin id="199" dir="0" index="1" bw="1" slack="0"/>
<pin id="200" dir="0" index="2" bw="16" slack="0"/>
<pin id="201" dir="1" index="3" bw="16" slack="0"/>
</pin_list>
<bind>
<opcode="getelementptr(29) " fcode="getelementptr"/>
<opset="traceback_V_15_addr_1/2 "/>
</bind>
</comp>

<comp id="204" class="1004" name="grp_access_fu_204">
<pin_list>
<pin id="205" dir="0" index="0" bw="16" slack="0"/>
<pin id="206" dir="0" index="1" bw="2" slack="2147483647"/>
<pin id="207" dir="0" index="2" bw="0" slack="2147483647"/>
<pin id="208" dir="1" index="3" bw="2" slack="1"/>
</pin_list>
<bind>
<opcode="load(27) " fcode="load"/>
<opset="traceback_V_load/2 "/>
</bind>
</comp>

<comp id="210" class="1004" name="grp_access_fu_210">
<pin_list>
<pin id="211" dir="0" index="0" bw="16" slack="0"/>
<pin id="212" dir="0" index="1" bw="2" slack="2147483647"/>
<pin id="213" dir="0" index="2" bw="0" slack="2147483647"/>
<pin id="214" dir="1" index="3" bw="2" slack="1"/>
</pin_list>
<bind>
<opcode="load(27) " fcode="load"/>
<opset="traceback_V_1_load/2 "/>
</bind>
</comp>

<comp id="216" class="1004" name="grp_access_fu_216">
<pin_list>
<pin id="217" dir="0" index="0" bw="16" slack="0"/>
<pin id="218" dir="0" index="1" bw="2" slack="2147483647"/>
<pin id="219" dir="0" index="2" bw="0" slack="2147483647"/>
<pin id="220" dir="1" index="3" bw="2" slack="1"/>
</pin_list>
<bind>
<opcode="load(27) " fcode="load"/>
<opset="traceback_V_2_load/2 "/>
</bind>
</comp>

<comp id="222" class="1004" name="grp_access_fu_222">
<pin_list>
<pin id="223" dir="0" index="0" bw="16" slack="0"/>
<pin id="224" dir="0" index="1" bw="2" slack="2147483647"/>
<pin id="225" dir="0" index="2" bw="0" slack="2147483647"/>
<pin id="226" dir="1" index="3" bw="2" slack="1"/>
</pin_list>
<bind>
<opcode="load(27) " fcode="load"/>
<opset="traceback_V_3_load/2 "/>
</bind>
</comp>

<comp id="228" class="1004" name="grp_access_fu_228">
<pin_list>
<pin id="229" dir="0" index="0" bw="16" slack="0"/>
<pin id="230" dir="0" index="1" bw="2" slack="2147483647"/>
<pin id="231" dir="0" index="2" bw="0" slack="2147483647"/>
<pin id="232" dir="1" index="3" bw="2" slack="1"/>
</pin_list>
<bind>
<opcode="load(27) " fcode="load"/>
<opset="traceback_V_4_load/2 "/>
</bind>
</comp>

<comp id="234" class="1004" name="grp_access_fu_234">
<pin_list>
<pin id="235" dir="0" index="0" bw="16" slack="0"/>
<pin id="236" dir="0" index="1" bw="2" slack="2147483647"/>
<pin id="237" dir="0" index="2" bw="0" slack="2147483647"/>
<pin id="238" dir="1" index="3" bw="2" slack="1"/>
</pin_list>
<bind>
<opcode="load(27) " fcode="load"/>
<opset="traceback_V_5_load/2 "/>
</bind>
</comp>

<comp id="240" class="1004" name="grp_access_fu_240">
<pin_list>
<pin id="241" dir="0" index="0" bw="16" slack="0"/>
<pin id="242" dir="0" index="1" bw="2" slack="2147483647"/>
<pin id="243" dir="0" index="2" bw="0" slack="2147483647"/>
<pin id="244" dir="1" index="3" bw="2" slack="1"/>
</pin_list>
<bind>
<opcode="load(27) " fcode="load"/>
<opset="traceback_V_6_load/2 "/>
</bind>
</comp>

<comp id="246" class="1004" name="grp_access_fu_246">
<pin_list>
<pin id="247" dir="0" index="0" bw="16" slack="0"/>
<pin id="248" dir="0" index="1" bw="2" slack="2147483647"/>
<pin id="249" dir="0" index="2" bw="0" slack="2147483647"/>
<pin id="250" dir="1" index="3" bw="2" slack="1"/>
</pin_list>
<bind>
<opcode="load(27) " fcode="load"/>
<opset="traceback_V_7_load/2 "/>
</bind>
</comp>

<comp id="252" class="1004" name="grp_access_fu_252">
<pin_list>
<pin id="253" dir="0" index="0" bw="16" slack="0"/>
<pin id="254" dir="0" index="1" bw="2" slack="2147483647"/>
<pin id="255" dir="0" index="2" bw="0" slack="2147483647"/>
<pin id="256" dir="1" index="3" bw="2" slack="1"/>
</pin_list>
<bind>
<opcode="load(27) " fcode="load"/>
<opset="traceback_V_8_load/2 "/>
</bind>
</comp>

<comp id="258" class="1004" name="grp_access_fu_258">
<pin_list>
<pin id="259" dir="0" index="0" bw="16" slack="0"/>
<pin id="260" dir="0" index="1" bw="2" slack="2147483647"/>
<pin id="261" dir="0" index="2" bw="0" slack="2147483647"/>
<pin id="262" dir="1" index="3" bw="2" slack="1"/>
</pin_list>
<bind>
<opcode="load(27) " fcode="load"/>
<opset="traceback_V_9_load/2 "/>
</bind>
</comp>

<comp id="264" class="1004" name="grp_access_fu_264">
<pin_list>
<pin id="265" dir="0" index="0" bw="16" slack="0"/>
<pin id="266" dir="0" index="1" bw="2" slack="2147483647"/>
<pin id="267" dir="0" index="2" bw="0" slack="2147483647"/>
<pin id="268" dir="1" index="3" bw="2" slack="1"/>
</pin_list>
<bind>
<opcode="load(27) " fcode="load"/>
<opset="traceback_V_10_load/2 "/>
</bind>
</comp>

<comp id="270" class="1004" name="grp_access_fu_270">
<pin_list>
<pin id="271" dir="0" index="0" bw="16" slack="0"/>
<pin id="272" dir="0" index="1" bw="2" slack="2147483647"/>
<pin id="273" dir="0" index="2" bw="0" slack="2147483647"/>
<pin id="274" dir="1" index="3" bw="2" slack="1"/>
</pin_list>
<bind>
<opcode="load(27) " fcode="load"/>
<opset="traceback_V_11_load/2 "/>
</bind>
</comp>

<comp id="276" class="1004" name="grp_access_fu_276">
<pin_list>
<pin id="277" dir="0" index="0" bw="16" slack="0"/>
<pin id="278" dir="0" index="1" bw="2" slack="2147483647"/>
<pin id="279" dir="0" index="2" bw="0" slack="2147483647"/>
<pin id="280" dir="1" index="3" bw="2" slack="1"/>
</pin_list>
<bind>
<opcode="load(27) " fcode="load"/>
<opset="traceback_V_12_load/2 "/>
</bind>
</comp>

<comp id="282" class="1004" name="grp_access_fu_282">
<pin_list>
<pin id="283" dir="0" index="0" bw="16" slack="0"/>
<pin id="284" dir="0" index="1" bw="2" slack="2147483647"/>
<pin id="285" dir="0" index="2" bw="0" slack="2147483647"/>
<pin id="286" dir="1" index="3" bw="2" slack="1"/>
</pin_list>
<bind>
<opcode="load(27) " fcode="load"/>
<opset="traceback_V_13_load/2 "/>
</bind>
</comp>

<comp id="288" class="1004" name="grp_access_fu_288">
<pin_list>
<pin id="289" dir="0" index="0" bw="16" slack="0"/>
<pin id="290" dir="0" index="1" bw="2" slack="2147483647"/>
<pin id="291" dir="0" index="2" bw="0" slack="2147483647"/>
<pin id="292" dir="1" index="3" bw="2" slack="1"/>
</pin_list>
<bind>
<opcode="load(27) " fcode="load"/>
<opset="traceback_V_14_load/2 "/>
</bind>
</comp>

<comp id="294" class="1004" name="grp_access_fu_294">
<pin_list>
<pin id="295" dir="0" index="0" bw="16" slack="0"/>
<pin id="296" dir="0" index="1" bw="2" slack="2147483647"/>
<pin id="297" dir="0" index="2" bw="0" slack="2147483647"/>
<pin id="298" dir="1" index="3" bw="2" slack="1"/>
</pin_list>
<bind>
<opcode="load(27) " fcode="load"/>
<opset="traceback_V_15_load/2 "/>
</bind>
</comp>

<comp id="300" class="1004" name="store_ln0_store_fu_300">
<pin_list>
<pin id="301" dir="0" index="0" bw="32" slack="0"/>
<pin id="302" dir="0" index="1" bw="32" slack="0"/>
<pin id="303" dir="1" index="2" bw="0" slack="2147483647"/>
</pin_list>
<bind>
<opcode="store(28) " fcode="store"/>
<opset="store_ln0/1 "/>
</bind>
</comp>

<comp id="305" class="1004" name="store_ln0_store_fu_305">
<pin_list>
<pin id="306" dir="0" index="0" bw="32" slack="0"/>
<pin id="307" dir="0" index="1" bw="32" slack="0"/>
<pin id="308" dir="1" index="2" bw="0" slack="2147483647"/>
</pin_list>
<bind>
<opcode="store(28) " fcode="store"/>
<opset="store_ln0/1 "/>
</bind>
</comp>

<comp id="310" class="1004" name="ultimate_col_value_3_load_fu_310">
<pin_list>
<pin id="311" dir="0" index="0" bw="32" slack="1"/>
<pin id="312" dir="1" index="1" bw="32" slack="0"/>
</pin_list>
<bind>
<opcode="load(27) " fcode="load"/>
<opset="ultimate_col_value_3/2 "/>
</bind>
</comp>

<comp id="313" class="1004" name="ultimate_row_value_3_load_fu_313">
<pin_list>
<pin id="314" dir="0" index="0" bw="32" slack="1"/>
<pin id="315" dir="1" index="1" bw="32" slack="0"/>
</pin_list>
<bind>
<opcode="load(27) " fcode="load"/>
<opset="ultimate_row_value_3/2 "/>
</bind>
</comp>

<comp id="316" class="1004" name="or_ln360_fu_316">
<pin_list>
<pin id="317" dir="0" index="0" bw="32" slack="0"/>
<pin id="318" dir="0" index="1" bw="32" slack="0"/>
<pin id="319" dir="1" index="2" bw="32" slack="0"/>
</pin_list>
<bind>
<opcode="or(24) " fcode="or"/>
<opset="or_ln360/2 "/>
</bind>
</comp>

<comp id="322" class="1004" name="tmp_fu_322">
<pin_list>
<pin id="323" dir="0" index="0" bw="1" slack="0"/>
<pin id="324" dir="0" index="1" bw="32" slack="0"/>
<pin id="325" dir="0" index="2" bw="6" slack="0"/>
<pin id="326" dir="1" index="3" bw="1" slack="1"/>
</pin_list>
<bind>
<opcode="bitselect(1000) " fcode="bitselect"/>
<opset="tmp/2 "/>
</bind>
</comp>

<comp id="330" class="1004" name="trunc_ln587_fu_330">
<pin_list>
<pin id="331" dir="0" index="0" bw="32" slack="0"/>
<pin id="332" dir="1" index="1" bw="16" slack="0"/>
</pin_list>
<bind>
<opcode="trunc(33) " fcode="trunc"/>
<opset="trunc_ln587/2 "/>
</bind>
</comp>

<comp id="334" class="1004" name="lshr_ln1_fu_334">
<pin_list>
<pin id="335" dir="0" index="0" bw="6" slack="0"/>
<pin id="336" dir="0" index="1" bw="32" slack="0"/>
<pin id="337" dir="0" index="2" bw="4" slack="0"/>
<pin id="338" dir="0" index="3" bw="5" slack="0"/>
<pin id="339" dir="1" index="4" bw="6" slack="0"/>
</pin_list>
<bind>
<opcode="partselect(1002) " fcode="partselect"/>
<opset="lshr_ln1/2 "/>
</bind>
</comp>

<comp id="344" class="1004" name="tmp_2_fu_344">
<pin_list>
<pin id="345" dir="0" index="0" bw="16" slack="0"/>
<pin id="346" dir="0" index="1" bw="6" slack="0"/>
<pin id="347" dir="0" index="2" bw="1" slack="0"/>
<pin id="348" dir="1" index="3" bw="16" slack="0"/>
</pin_list>
<bind>
<opcode="bitconcatenate(1004) " fcode="bitconcatenate"/>
<opset="tmp_2/2 "/>
</bind>
</comp>

<comp id="352" class="1004" name="add_ln587_fu_352">
<pin_list>
<pin id="353" dir="0" index="0" bw="16" slack="0"/>
<pin id="354" dir="0" index="1" bw="16" slack="0"/>
<pin id="355" dir="1" index="2" bw="16" slack="0"/>
</pin_list>
<bind>
<opcode="add(8) " fcode="add"/>
<opset="add_ln587/2 "/>
</bind>
</comp>

<comp id="358" class="1004" name="zext_ln587_fu_358">
<pin_list>
<pin id="359" dir="0" index="0" bw="16" slack="0"/>
<pin id="360" dir="1" index="1" bw="64" slack="0"/>
</pin_list>
<bind>
<opcode="zext(34) " fcode="zext"/>
<opset="zext_ln587/2 "/>
</bind>
</comp>

<comp id="378" class="1004" name="empty_fu_378">
<pin_list>
<pin id="379" dir="0" index="0" bw="32" slack="2"/>
<pin id="380" dir="1" index="1" bw="4" slack="0"/>
</pin_list>
<bind>
<opcode="trunc(33) " fcode="trunc"/>
<opset="empty/4 "/>
</bind>
</comp>

<comp id="381" class="1004" name="tb_val_fu_381">
<pin_list>
<pin id="382" dir="0" index="0" bw="2" slack="0"/>
<pin id="383" dir="0" index="1" bw="2" slack="1"/>
<pin id="384" dir="0" index="2" bw="2" slack="1"/>
<pin id="385" dir="0" index="3" bw="2" slack="1"/>
<pin id="386" dir="0" index="4" bw="2" slack="1"/>
<pin id="387" dir="0" index="5" bw="2" slack="1"/>
<pin id="388" dir="0" index="6" bw="2" slack="1"/>
<pin id="389" dir="0" index="7" bw="2" slack="1"/>
<pin id="390" dir="0" index="8" bw="2" slack="1"/>
<pin id="391" dir="0" index="9" bw="2" slack="1"/>
<pin id="392" dir="0" index="10" bw="2" slack="1"/>
<pin id="393" dir="0" index="11" bw="2" slack="1"/>
<pin id="394" dir="0" index="12" bw="2" slack="1"/>
<pin id="395" dir="0" index="13" bw="2" slack="1"/>
<pin id="396" dir="0" index="14" bw="2" slack="1"/>
<pin id="397" dir="0" index="15" bw="2" slack="1"/>
<pin id="398" dir="0" index="16" bw="2" slack="1"/>
<pin id="399" dir="0" index="17" bw="4" slack="0"/>
<pin id="400" dir="1" index="18" bw="2" slack="0"/>
</pin_list>
<bind>
<opcode="mux(1196) " fcode="mux"/>
<opset="tb_val/4 "/>
</bind>
</comp>

<comp id="403" class="1004" name="trunc_ln361_fu_403">
<pin_list>
<pin id="404" dir="0" index="0" bw="2" slack="0"/>
<pin id="405" dir="1" index="1" bw="1" slack="0"/>
</pin_list>
<bind>
<opcode="trunc(33) " fcode="trunc"/>
<opset="trunc_ln361/4 "/>
</bind>
</comp>

<comp id="407" class="1004" name="tmp_66_fu_407">
<pin_list>
<pin id="408" dir="0" index="0" bw="1" slack="0"/>
<pin id="409" dir="0" index="1" bw="2" slack="0"/>
<pin id="410" dir="0" index="2" bw="1" slack="0"/>
<pin id="411" dir="1" index="3" bw="1" slack="0"/>
</pin_list>
<bind>
<opcode="bitselect(1000) " fcode="bitselect"/>
<opset="tmp_66/4 "/>
</bind>
</comp>

<comp id="415" class="1004" name="zext_ln364_fu_415">
<pin_list>
<pin id="416" dir="0" index="0" bw="1" slack="0"/>
<pin id="417" dir="1" index="1" bw="32" slack="0"/>
</pin_list>
<bind>
<opcode="zext(34) " fcode="zext"/>
<opset="zext_ln364/4 "/>
</bind>
</comp>

<comp id="419" class="1004" name="ultimate_row_value_4_fu_419">
<pin_list>
<pin id="420" dir="0" index="0" bw="32" slack="2"/>
<pin id="421" dir="0" index="1" bw="1" slack="0"/>
<pin id="422" dir="1" index="2" bw="32" slack="0"/>
</pin_list>
<bind>
<opcode="sub(10) " fcode="sub"/>
<opset="ultimate_row_value_4/4 "/>
</bind>
</comp>

<comp id="424" class="1004" name="zext_ln365_fu_424">
<pin_list>
<pin id="425" dir="0" index="0" bw="1" slack="0"/>
<pin id="426" dir="1" index="1" bw="32" slack="0"/>
</pin_list>
<bind>
<opcode="zext(34) " fcode="zext"/>
<opset="zext_ln365/4 "/>
</bind>
</comp>

<comp id="428" class="1004" name="ultimate_col_value_4_fu_428">
<pin_list>
<pin id="429" dir="0" index="0" bw="32" slack="2"/>
<pin id="430" dir="0" index="1" bw="1" slack="0"/>
<pin id="431" dir="1" index="2" bw="32" slack="0"/>
</pin_list>
<bind>
<opcode="sub(10) " fcode="sub"/>
<opset="ultimate_col_value_4/4 "/>
</bind>
</comp>

<comp id="433" class="1004" name="store_ln360_store_fu_433">
<pin_list>
<pin id="434" dir="0" index="0" bw="32" slack="0"/>
<pin id="435" dir="0" index="1" bw="32" slack="3"/>
<pin id="436" dir="1" index="2" bw="0" slack="2147483647"/>
</pin_list>
<bind>
<opcode="store(28) " fcode="store"/>
<opset="store_ln360/4 "/>
</bind>
</comp>

<comp id="438" class="1004" name="store_ln360_store_fu_438">
<pin_list>
<pin id="439" dir="0" index="0" bw="32" slack="0"/>
<pin id="440" dir="0" index="1" bw="32" slack="3"/>
<pin id="441" dir="1" index="2" bw="0" slack="2147483647"/>
</pin_list>
<bind>
<opcode="store(28) " fcode="store"/>
<opset="store_ln360/4 "/>
</bind>
</comp>

<comp id="443" class="1005" name="ultimate_col_value_1_reg_443">
<pin_list>
<pin id="444" dir="0" index="0" bw="32" slack="0"/>
<pin id="445" dir="1" index="1" bw="32" slack="0"/>
</pin_list>
<bind>
<opset="ultimate_col_value_1 "/>
</bind>
</comp>

<comp id="450" class="1005" name="ultimate_row_value_1_reg_450">
<pin_list>
<pin id="451" dir="0" index="0" bw="32" slack="0"/>
<pin id="452" dir="1" index="1" bw="32" slack="0"/>
</pin_list>
<bind>
<opset="ultimate_row_value_1 "/>
</bind>
</comp>

<comp id="457" class="1005" name="ultimate_col_value_3_reg_457">
<pin_list>
<pin id="458" dir="0" index="0" bw="32" slack="2"/>
<pin id="459" dir="1" index="1" bw="32" slack="2"/>
</pin_list>
<bind>
<opset="ultimate_col_value_3 "/>
</bind>
</comp>

<comp id="462" class="1005" name="ultimate_row_value_3_reg_462">
<pin_list>
<pin id="463" dir="0" index="0" bw="32" slack="2"/>
<pin id="464" dir="1" index="1" bw="32" slack="2"/>
</pin_list>
<bind>
<opset="ultimate_row_value_3 "/>
</bind>
</comp>

<comp id="468" class="1005" name="tmp_reg_468">
<pin_list>
<pin id="469" dir="0" index="0" bw="1" slack="1"/>
<pin id="470" dir="1" index="1" bw="1" slack="2147483647"/>
</pin_list>
<bind>
<opset="tmp "/>
</bind>
</comp>

<comp id="472" class="1005" name="traceback_V_addr_1_reg_472">
<pin_list>
<pin id="473" dir="0" index="0" bw="16" slack="1"/>
<pin id="474" dir="1" index="1" bw="16" slack="1"/>
</pin_list>
<bind>
<opset="traceback_V_addr_1 "/>
</bind>
</comp>

<comp id="477" class="1005" name="traceback_V_1_addr_1_reg_477">
<pin_list>
<pin id="478" dir="0" index="0" bw="16" slack="1"/>
<pin id="479" dir="1" index="1" bw="16" slack="1"/>
</pin_list>
<bind>
<opset="traceback_V_1_addr_1 "/>
</bind>
</comp>

<comp id="482" class="1005" name="traceback_V_2_addr_1_reg_482">
<pin_list>
<pin id="483" dir="0" index="0" bw="16" slack="1"/>
<pin id="484" dir="1" index="1" bw="16" slack="1"/>
</pin_list>
<bind>
<opset="traceback_V_2_addr_1 "/>
</bind>
</comp>

<comp id="487" class="1005" name="traceback_V_3_addr_1_reg_487">
<pin_list>
<pin id="488" dir="0" index="0" bw="16" slack="1"/>
<pin id="489" dir="1" index="1" bw="16" slack="1"/>
</pin_list>
<bind>
<opset="traceback_V_3_addr_1 "/>
</bind>
</comp>

<comp id="492" class="1005" name="traceback_V_4_addr_1_reg_492">
<pin_list>
<pin id="493" dir="0" index="0" bw="16" slack="1"/>
<pin id="494" dir="1" index="1" bw="16" slack="1"/>
</pin_list>
<bind>
<opset="traceback_V_4_addr_1 "/>
</bind>
</comp>

<comp id="497" class="1005" name="traceback_V_5_addr_1_reg_497">
<pin_list>
<pin id="498" dir="0" index="0" bw="16" slack="1"/>
<pin id="499" dir="1" index="1" bw="16" slack="1"/>
</pin_list>
<bind>
<opset="traceback_V_5_addr_1 "/>
</bind>
</comp>

<comp id="502" class="1005" name="traceback_V_6_addr_1_reg_502">
<pin_list>
<pin id="503" dir="0" index="0" bw="16" slack="1"/>
<pin id="504" dir="1" index="1" bw="16" slack="1"/>
</pin_list>
<bind>
<opset="traceback_V_6_addr_1 "/>
</bind>
</comp>

<comp id="507" class="1005" name="traceback_V_7_addr_1_reg_507">
<pin_list>
<pin id="508" dir="0" index="0" bw="16" slack="1"/>
<pin id="509" dir="1" index="1" bw="16" slack="1"/>
</pin_list>
<bind>
<opset="traceback_V_7_addr_1 "/>
</bind>
</comp>

<comp id="512" class="1005" name="traceback_V_8_addr_1_reg_512">
<pin_list>
<pin id="513" dir="0" index="0" bw="16" slack="1"/>
<pin id="514" dir="1" index="1" bw="16" slack="1"/>
</pin_list>
<bind>
<opset="traceback_V_8_addr_1 "/>
</bind>
</comp>

<comp id="517" class="1005" name="traceback_V_9_addr_1_reg_517">
<pin_list>
<pin id="518" dir="0" index="0" bw="16" slack="1"/>
<pin id="519" dir="1" index="1" bw="16" slack="1"/>
</pin_list>
<bind>
<opset="traceback_V_9_addr_1 "/>
</bind>
</comp>

<comp id="522" class="1005" name="traceback_V_10_addr_1_reg_522">
<pin_list>
<pin id="523" dir="0" index="0" bw="16" slack="1"/>
<pin id="524" dir="1" index="1" bw="16" slack="1"/>
</pin_list>
<bind>
<opset="traceback_V_10_addr_1 "/>
</bind>
</comp>

<comp id="527" class="1005" name="traceback_V_11_addr_1_reg_527">
<pin_list>
<pin id="528" dir="0" index="0" bw="16" slack="1"/>
<pin id="529" dir="1" index="1" bw="16" slack="1"/>
</pin_list>
<bind>
<opset="traceback_V_11_addr_1 "/>
</bind>
</comp>

<comp id="532" class="1005" name="traceback_V_12_addr_1_reg_532">
<pin_list>
<pin id="533" dir="0" index="0" bw="16" slack="1"/>
<pin id="534" dir="1" index="1" bw="16" slack="1"/>
</pin_list>
<bind>
<opset="traceback_V_12_addr_1 "/>
</bind>
</comp>

<comp id="537" class="1005" name="traceback_V_13_addr_1_reg_537">
<pin_list>
<pin id="538" dir="0" index="0" bw="16" slack="1"/>
<pin id="539" dir="1" index="1" bw="16" slack="1"/>
</pin_list>
<bind>
<opset="traceback_V_13_addr_1 "/>
</bind>
</comp>

<comp id="542" class="1005" name="traceback_V_14_addr_1_reg_542">
<pin_list>
<pin id="543" dir="0" index="0" bw="16" slack="1"/>
<pin id="544" dir="1" index="1" bw="16" slack="1"/>
</pin_list>
<bind>
<opset="traceback_V_14_addr_1 "/>
</bind>
</comp>

<comp id="547" class="1005" name="traceback_V_15_addr_1_reg_547">
<pin_list>
<pin id="548" dir="0" index="0" bw="16" slack="1"/>
<pin id="549" dir="1" index="1" bw="16" slack="1"/>
</pin_list>
<bind>
<opset="traceback_V_15_addr_1 "/>
</bind>
</comp>

<comp id="552" class="1005" name="traceback_V_load_reg_552">
<pin_list>
<pin id="553" dir="0" index="0" bw="2" slack="1"/>
<pin id="554" dir="1" index="1" bw="2" slack="1"/>
</pin_list>
<bind>
<opset="traceback_V_load "/>
</bind>
</comp>

<comp id="557" class="1005" name="traceback_V_1_load_reg_557">
<pin_list>
<pin id="558" dir="0" index="0" bw="2" slack="1"/>
<pin id="559" dir="1" index="1" bw="2" slack="1"/>
</pin_list>
<bind>
<opset="traceback_V_1_load "/>
</bind>
</comp>

<comp id="562" class="1005" name="traceback_V_2_load_reg_562">
<pin_list>
<pin id="563" dir="0" index="0" bw="2" slack="1"/>
<pin id="564" dir="1" index="1" bw="2" slack="1"/>
</pin_list>
<bind>
<opset="traceback_V_2_load "/>
</bind>
</comp>

<comp id="567" class="1005" name="traceback_V_3_load_reg_567">
<pin_list>
<pin id="568" dir="0" index="0" bw="2" slack="1"/>
<pin id="569" dir="1" index="1" bw="2" slack="1"/>
</pin_list>
<bind>
<opset="traceback_V_3_load "/>
</bind>
</comp>

<comp id="572" class="1005" name="traceback_V_4_load_reg_572">
<pin_list>
<pin id="573" dir="0" index="0" bw="2" slack="1"/>
<pin id="574" dir="1" index="1" bw="2" slack="1"/>
</pin_list>
<bind>
<opset="traceback_V_4_load "/>
</bind>
</comp>

<comp id="577" class="1005" name="traceback_V_5_load_reg_577">
<pin_list>
<pin id="578" dir="0" index="0" bw="2" slack="1"/>
<pin id="579" dir="1" index="1" bw="2" slack="1"/>
</pin_list>
<bind>
<opset="traceback_V_5_load "/>
</bind>
</comp>

<comp id="582" class="1005" name="traceback_V_6_load_reg_582">
<pin_list>
<pin id="583" dir="0" index="0" bw="2" slack="1"/>
<pin id="584" dir="1" index="1" bw="2" slack="1"/>
</pin_list>
<bind>
<opset="traceback_V_6_load "/>
</bind>
</comp>

<comp id="587" class="1005" name="traceback_V_7_load_reg_587">
<pin_list>
<pin id="588" dir="0" index="0" bw="2" slack="1"/>
<pin id="589" dir="1" index="1" bw="2" slack="1"/>
</pin_list>
<bind>
<opset="traceback_V_7_load "/>
</bind>
</comp>

<comp id="592" class="1005" name="traceback_V_8_load_reg_592">
<pin_list>
<pin id="593" dir="0" index="0" bw="2" slack="1"/>
<pin id="594" dir="1" index="1" bw="2" slack="1"/>
</pin_list>
<bind>
<opset="traceback_V_8_load "/>
</bind>
</comp>

<comp id="597" class="1005" name="traceback_V_9_load_reg_597">
<pin_list>
<pin id="598" dir="0" index="0" bw="2" slack="1"/>
<pin id="599" dir="1" index="1" bw="2" slack="1"/>
</pin_list>
<bind>
<opset="traceback_V_9_load "/>
</bind>
</comp>

<comp id="602" class="1005" name="traceback_V_10_load_reg_602">
<pin_list>
<pin id="603" dir="0" index="0" bw="2" slack="1"/>
<pin id="604" dir="1" index="1" bw="2" slack="1"/>
</pin_list>
<bind>
<opset="traceback_V_10_load "/>
</bind>
</comp>

<comp id="607" class="1005" name="traceback_V_11_load_reg_607">
<pin_list>
<pin id="608" dir="0" index="0" bw="2" slack="1"/>
<pin id="609" dir="1" index="1" bw="2" slack="1"/>
</pin_list>
<bind>
<opset="traceback_V_11_load "/>
</bind>
</comp>

<comp id="612" class="1005" name="traceback_V_12_load_reg_612">
<pin_list>
<pin id="613" dir="0" index="0" bw="2" slack="1"/>
<pin id="614" dir="1" index="1" bw="2" slack="1"/>
</pin_list>
<bind>
<opset="traceback_V_12_load "/>
</bind>
</comp>

<comp id="617" class="1005" name="traceback_V_13_load_reg_617">
<pin_list>
<pin id="618" dir="0" index="0" bw="2" slack="1"/>
<pin id="619" dir="1" index="1" bw="2" slack="1"/>
</pin_list>
<bind>
<opset="traceback_V_13_load "/>
</bind>
</comp>

<comp id="622" class="1005" name="traceback_V_14_load_reg_622">
<pin_list>
<pin id="623" dir="0" index="0" bw="2" slack="1"/>
<pin id="624" dir="1" index="1" bw="2" slack="1"/>
</pin_list>
<bind>
<opset="traceback_V_14_load "/>
</bind>
</comp>

<comp id="627" class="1005" name="traceback_V_15_load_reg_627">
<pin_list>
<pin id="628" dir="0" index="0" bw="2" slack="1"/>
<pin id="629" dir="1" index="1" bw="2" slack="1"/>
</pin_list>
<bind>
<opset="traceback_V_15_load "/>
</bind>
</comp>

</comp_list>

<net_list>
<net id="75"><net_src comp="36" pin="0"/><net_sink comp="72" pin=0"/></net>

<net id="79"><net_src comp="36" pin="0"/><net_sink comp="76" pin=0"/></net>

<net id="84"><net_src comp="38" pin="0"/><net_sink comp="80" pin=0"/></net>

<net id="85"><net_src comp="2" pin="0"/><net_sink comp="80" pin=1"/></net>

<net id="90"><net_src comp="38" pin="0"/><net_sink comp="86" pin=0"/></net>

<net id="91"><net_src comp="0" pin="0"/><net_sink comp="86" pin=1"/></net>

<net id="97"><net_src comp="4" pin="0"/><net_sink comp="92" pin=0"/></net>

<net id="98"><net_src comp="62" pin="0"/><net_sink comp="92" pin=1"/></net>

<net id="104"><net_src comp="6" pin="0"/><net_sink comp="99" pin=0"/></net>

<net id="105"><net_src comp="62" pin="0"/><net_sink comp="99" pin=1"/></net>

<net id="111"><net_src comp="8" pin="0"/><net_sink comp="106" pin=0"/></net>

<net id="112"><net_src comp="62" pin="0"/><net_sink comp="106" pin=1"/></net>

<net id="118"><net_src comp="10" pin="0"/><net_sink comp="113" pin=0"/></net>

<net id="119"><net_src comp="62" pin="0"/><net_sink comp="113" pin=1"/></net>

<net id="125"><net_src comp="12" pin="0"/><net_sink comp="120" pin=0"/></net>

<net id="126"><net_src comp="62" pin="0"/><net_sink comp="120" pin=1"/></net>

<net id="132"><net_src comp="14" pin="0"/><net_sink comp="127" pin=0"/></net>

<net id="133"><net_src comp="62" pin="0"/><net_sink comp="127" pin=1"/></net>

<net id="139"><net_src comp="16" pin="0"/><net_sink comp="134" pin=0"/></net>

<net id="140"><net_src comp="62" pin="0"/><net_sink comp="134" pin=1"/></net>

<net id="146"><net_src comp="18" pin="0"/><net_sink comp="141" pin=0"/></net>

<net id="147"><net_src comp="62" pin="0"/><net_sink comp="141" pin=1"/></net>

<net id="153"><net_src comp="20" pin="0"/><net_sink comp="148" pin=0"/></net>

<net id="154"><net_src comp="62" pin="0"/><net_sink comp="148" pin=1"/></net>

<net id="160"><net_src comp="22" pin="0"/><net_sink comp="155" pin=0"/></net>

<net id="161"><net_src comp="62" pin="0"/><net_sink comp="155" pin=1"/></net>

<net id="167"><net_src comp="24" pin="0"/><net_sink comp="162" pin=0"/></net>

<net id="168"><net_src comp="62" pin="0"/><net_sink comp="162" pin=1"/></net>

<net id="174"><net_src comp="26" pin="0"/><net_sink comp="169" pin=0"/></net>

<net id="175"><net_src comp="62" pin="0"/><net_sink comp="169" pin=1"/></net>

<net id="181"><net_src comp="28" pin="0"/><net_sink comp="176" pin=0"/></net>

<net id="182"><net_src comp="62" pin="0"/><net_sink comp="176" pin=1"/></net>

<net id="188"><net_src comp="30" pin="0"/><net_sink comp="183" pin=0"/></net>

<net id="189"><net_src comp="62" pin="0"/><net_sink comp="183" pin=1"/></net>

<net id="195"><net_src comp="32" pin="0"/><net_sink comp="190" pin=0"/></net>

<net id="196"><net_src comp="62" pin="0"/><net_sink comp="190" pin=1"/></net>

<net id="202"><net_src comp="34" pin="0"/><net_sink comp="197" pin=0"/></net>

<net id="203"><net_src comp="62" pin="0"/><net_sink comp="197" pin=1"/></net>

<net id="209"><net_src comp="92" pin="3"/><net_sink comp="204" pin=0"/></net>

<net id="215"><net_src comp="99" pin="3"/><net_sink comp="210" pin=0"/></net>

<net id="221"><net_src comp="106" pin="3"/><net_sink comp="216" pin=0"/></net>

<net id="227"><net_src comp="113" pin="3"/><net_sink comp="222" pin=0"/></net>

<net id="233"><net_src comp="120" pin="3"/><net_sink comp="228" pin=0"/></net>

<net id="239"><net_src comp="127" pin="3"/><net_sink comp="234" pin=0"/></net>

<net id="245"><net_src comp="134" pin="3"/><net_sink comp="240" pin=0"/></net>

<net id="251"><net_src comp="141" pin="3"/><net_sink comp="246" pin=0"/></net>

<net id="257"><net_src comp="148" pin="3"/><net_sink comp="252" pin=0"/></net>

<net id="263"><net_src comp="155" pin="3"/><net_sink comp="258" pin=0"/></net>

<net id="269"><net_src comp="162" pin="3"/><net_sink comp="264" pin=0"/></net>

<net id="275"><net_src comp="169" pin="3"/><net_sink comp="270" pin=0"/></net>

<net id="281"><net_src comp="176" pin="3"/><net_sink comp="276" pin=0"/></net>

<net id="287"><net_src comp="183" pin="3"/><net_sink comp="282" pin=0"/></net>

<net id="293"><net_src comp="190" pin="3"/><net_sink comp="288" pin=0"/></net>

<net id="299"><net_src comp="197" pin="3"/><net_sink comp="294" pin=0"/></net>

<net id="304"><net_src comp="86" pin="2"/><net_sink comp="300" pin=0"/></net>

<net id="309"><net_src comp="80" pin="2"/><net_sink comp="305" pin=0"/></net>

<net id="320"><net_src comp="310" pin="1"/><net_sink comp="316" pin=0"/></net>

<net id="321"><net_src comp="313" pin="1"/><net_sink comp="316" pin=1"/></net>

<net id="327"><net_src comp="48" pin="0"/><net_sink comp="322" pin=0"/></net>

<net id="328"><net_src comp="316" pin="2"/><net_sink comp="322" pin=1"/></net>

<net id="329"><net_src comp="50" pin="0"/><net_sink comp="322" pin=2"/></net>

<net id="333"><net_src comp="310" pin="1"/><net_sink comp="330" pin=0"/></net>

<net id="340"><net_src comp="52" pin="0"/><net_sink comp="334" pin=0"/></net>

<net id="341"><net_src comp="313" pin="1"/><net_sink comp="334" pin=1"/></net>

<net id="342"><net_src comp="54" pin="0"/><net_sink comp="334" pin=2"/></net>

<net id="343"><net_src comp="56" pin="0"/><net_sink comp="334" pin=3"/></net>

<net id="349"><net_src comp="58" pin="0"/><net_sink comp="344" pin=0"/></net>

<net id="350"><net_src comp="334" pin="4"/><net_sink comp="344" pin=1"/></net>

<net id="351"><net_src comp="60" pin="0"/><net_sink comp="344" pin=2"/></net>

<net id="356"><net_src comp="344" pin="3"/><net_sink comp="352" pin=0"/></net>

<net id="357"><net_src comp="330" pin="1"/><net_sink comp="352" pin=1"/></net>

<net id="361"><net_src comp="352" pin="2"/><net_sink comp="358" pin=0"/></net>

<net id="362"><net_src comp="358" pin="1"/><net_sink comp="92" pin=2"/></net>

<net id="363"><net_src comp="358" pin="1"/><net_sink comp="99" pin=2"/></net>

<net id="364"><net_src comp="358" pin="1"/><net_sink comp="106" pin=2"/></net>

<net id="365"><net_src comp="358" pin="1"/><net_sink comp="113" pin=2"/></net>

<net id="366"><net_src comp="358" pin="1"/><net_sink comp="120" pin=2"/></net>

<net id="367"><net_src comp="358" pin="1"/><net_sink comp="127" pin=2"/></net>

<net id="368"><net_src comp="358" pin="1"/><net_sink comp="134" pin=2"/></net>

<net id="369"><net_src comp="358" pin="1"/><net_sink comp="141" pin=2"/></net>

<net id="370"><net_src comp="358" pin="1"/><net_sink comp="148" pin=2"/></net>

<net id="371"><net_src comp="358" pin="1"/><net_sink comp="155" pin=2"/></net>

<net id="372"><net_src comp="358" pin="1"/><net_sink comp="162" pin=2"/></net>

<net id="373"><net_src comp="358" pin="1"/><net_sink comp="169" pin=2"/></net>

<net id="374"><net_src comp="358" pin="1"/><net_sink comp="176" pin=2"/></net>

<net id="375"><net_src comp="358" pin="1"/><net_sink comp="183" pin=2"/></net>

<net id="376"><net_src comp="358" pin="1"/><net_sink comp="190" pin=2"/></net>

<net id="377"><net_src comp="358" pin="1"/><net_sink comp="197" pin=2"/></net>

<net id="401"><net_src comp="68" pin="0"/><net_sink comp="381" pin=0"/></net>

<net id="402"><net_src comp="378" pin="1"/><net_sink comp="381" pin=17"/></net>

<net id="406"><net_src comp="381" pin="18"/><net_sink comp="403" pin=0"/></net>

<net id="412"><net_src comp="70" pin="0"/><net_sink comp="407" pin=0"/></net>

<net id="413"><net_src comp="381" pin="18"/><net_sink comp="407" pin=1"/></net>

<net id="414"><net_src comp="36" pin="0"/><net_sink comp="407" pin=2"/></net>

<net id="418"><net_src comp="407" pin="3"/><net_sink comp="415" pin=0"/></net>

<net id="423"><net_src comp="415" pin="1"/><net_sink comp="419" pin=1"/></net>

<net id="427"><net_src comp="403" pin="1"/><net_sink comp="424" pin=0"/></net>

<net id="432"><net_src comp="424" pin="1"/><net_sink comp="428" pin=1"/></net>

<net id="437"><net_src comp="419" pin="2"/><net_sink comp="433" pin=0"/></net>

<net id="442"><net_src comp="428" pin="2"/><net_sink comp="438" pin=0"/></net>

<net id="446"><net_src comp="72" pin="1"/><net_sink comp="443" pin=0"/></net>

<net id="447"><net_src comp="443" pin="1"/><net_sink comp="305" pin=1"/></net>

<net id="448"><net_src comp="443" pin="1"/><net_sink comp="310" pin=0"/></net>

<net id="449"><net_src comp="443" pin="1"/><net_sink comp="438" pin=1"/></net>

<net id="453"><net_src comp="76" pin="1"/><net_sink comp="450" pin=0"/></net>

<net id="454"><net_src comp="450" pin="1"/><net_sink comp="300" pin=1"/></net>

<net id="455"><net_src comp="450" pin="1"/><net_sink comp="313" pin=0"/></net>

<net id="456"><net_src comp="450" pin="1"/><net_sink comp="433" pin=1"/></net>

<net id="460"><net_src comp="310" pin="1"/><net_sink comp="457" pin=0"/></net>

<net id="461"><net_src comp="457" pin="1"/><net_sink comp="428" pin=0"/></net>

<net id="465"><net_src comp="313" pin="1"/><net_sink comp="462" pin=0"/></net>

<net id="466"><net_src comp="462" pin="1"/><net_sink comp="378" pin=0"/></net>

<net id="467"><net_src comp="462" pin="1"/><net_sink comp="419" pin=0"/></net>

<net id="471"><net_src comp="322" pin="3"/><net_sink comp="468" pin=0"/></net>

<net id="475"><net_src comp="92" pin="3"/><net_sink comp="472" pin=0"/></net>

<net id="476"><net_src comp="472" pin="1"/><net_sink comp="204" pin=0"/></net>

<net id="480"><net_src comp="99" pin="3"/><net_sink comp="477" pin=0"/></net>

<net id="481"><net_src comp="477" pin="1"/><net_sink comp="210" pin=0"/></net>

<net id="485"><net_src comp="106" pin="3"/><net_sink comp="482" pin=0"/></net>

<net id="486"><net_src comp="482" pin="1"/><net_sink comp="216" pin=0"/></net>

<net id="490"><net_src comp="113" pin="3"/><net_sink comp="487" pin=0"/></net>

<net id="491"><net_src comp="487" pin="1"/><net_sink comp="222" pin=0"/></net>

<net id="495"><net_src comp="120" pin="3"/><net_sink comp="492" pin=0"/></net>

<net id="496"><net_src comp="492" pin="1"/><net_sink comp="228" pin=0"/></net>

<net id="500"><net_src comp="127" pin="3"/><net_sink comp="497" pin=0"/></net>

<net id="501"><net_src comp="497" pin="1"/><net_sink comp="234" pin=0"/></net>

<net id="505"><net_src comp="134" pin="3"/><net_sink comp="502" pin=0"/></net>

<net id="506"><net_src comp="502" pin="1"/><net_sink comp="240" pin=0"/></net>

<net id="510"><net_src comp="141" pin="3"/><net_sink comp="507" pin=0"/></net>

<net id="511"><net_src comp="507" pin="1"/><net_sink comp="246" pin=0"/></net>

<net id="515"><net_src comp="148" pin="3"/><net_sink comp="512" pin=0"/></net>

<net id="516"><net_src comp="512" pin="1"/><net_sink comp="252" pin=0"/></net>

<net id="520"><net_src comp="155" pin="3"/><net_sink comp="517" pin=0"/></net>

<net id="521"><net_src comp="517" pin="1"/><net_sink comp="258" pin=0"/></net>

<net id="525"><net_src comp="162" pin="3"/><net_sink comp="522" pin=0"/></net>

<net id="526"><net_src comp="522" pin="1"/><net_sink comp="264" pin=0"/></net>

<net id="530"><net_src comp="169" pin="3"/><net_sink comp="527" pin=0"/></net>

<net id="531"><net_src comp="527" pin="1"/><net_sink comp="270" pin=0"/></net>

<net id="535"><net_src comp="176" pin="3"/><net_sink comp="532" pin=0"/></net>

<net id="536"><net_src comp="532" pin="1"/><net_sink comp="276" pin=0"/></net>

<net id="540"><net_src comp="183" pin="3"/><net_sink comp="537" pin=0"/></net>

<net id="541"><net_src comp="537" pin="1"/><net_sink comp="282" pin=0"/></net>

<net id="545"><net_src comp="190" pin="3"/><net_sink comp="542" pin=0"/></net>

<net id="546"><net_src comp="542" pin="1"/><net_sink comp="288" pin=0"/></net>

<net id="550"><net_src comp="197" pin="3"/><net_sink comp="547" pin=0"/></net>

<net id="551"><net_src comp="547" pin="1"/><net_sink comp="294" pin=0"/></net>

<net id="555"><net_src comp="204" pin="3"/><net_sink comp="552" pin=0"/></net>

<net id="556"><net_src comp="552" pin="1"/><net_sink comp="381" pin=1"/></net>

<net id="560"><net_src comp="210" pin="3"/><net_sink comp="557" pin=0"/></net>

<net id="561"><net_src comp="557" pin="1"/><net_sink comp="381" pin=2"/></net>

<net id="565"><net_src comp="216" pin="3"/><net_sink comp="562" pin=0"/></net>

<net id="566"><net_src comp="562" pin="1"/><net_sink comp="381" pin=3"/></net>

<net id="570"><net_src comp="222" pin="3"/><net_sink comp="567" pin=0"/></net>

<net id="571"><net_src comp="567" pin="1"/><net_sink comp="381" pin=4"/></net>

<net id="575"><net_src comp="228" pin="3"/><net_sink comp="572" pin=0"/></net>

<net id="576"><net_src comp="572" pin="1"/><net_sink comp="381" pin=5"/></net>

<net id="580"><net_src comp="234" pin="3"/><net_sink comp="577" pin=0"/></net>

<net id="581"><net_src comp="577" pin="1"/><net_sink comp="381" pin=6"/></net>

<net id="585"><net_src comp="240" pin="3"/><net_sink comp="582" pin=0"/></net>

<net id="586"><net_src comp="582" pin="1"/><net_sink comp="381" pin=7"/></net>

<net id="590"><net_src comp="246" pin="3"/><net_sink comp="587" pin=0"/></net>

<net id="591"><net_src comp="587" pin="1"/><net_sink comp="381" pin=8"/></net>

<net id="595"><net_src comp="252" pin="3"/><net_sink comp="592" pin=0"/></net>

<net id="596"><net_src comp="592" pin="1"/><net_sink comp="381" pin=9"/></net>

<net id="600"><net_src comp="258" pin="3"/><net_sink comp="597" pin=0"/></net>

<net id="601"><net_src comp="597" pin="1"/><net_sink comp="381" pin=10"/></net>

<net id="605"><net_src comp="264" pin="3"/><net_sink comp="602" pin=0"/></net>

<net id="606"><net_src comp="602" pin="1"/><net_sink comp="381" pin=11"/></net>

<net id="610"><net_src comp="270" pin="3"/><net_sink comp="607" pin=0"/></net>

<net id="611"><net_src comp="607" pin="1"/><net_sink comp="381" pin=12"/></net>

<net id="615"><net_src comp="276" pin="3"/><net_sink comp="612" pin=0"/></net>

<net id="616"><net_src comp="612" pin="1"/><net_sink comp="381" pin=13"/></net>

<net id="620"><net_src comp="282" pin="3"/><net_sink comp="617" pin=0"/></net>

<net id="621"><net_src comp="617" pin="1"/><net_sink comp="381" pin=14"/></net>

<net id="625"><net_src comp="288" pin="3"/><net_sink comp="622" pin=0"/></net>

<net id="626"><net_src comp="622" pin="1"/><net_sink comp="381" pin=15"/></net>

<net id="630"><net_src comp="294" pin="3"/><net_sink comp="627" pin=0"/></net>

<net id="631"><net_src comp="627" pin="1"/><net_sink comp="381" pin=16"/></net>

</net_list>

</model> 
---------------- Datapath Model END ------------------

* FSMD analyzer results:
  - Output states:
 - Input state : 
	Port: seq_align_Pipeline_VITIS_LOOP_360_12 : ultimate_row_value | {1 }
	Port: seq_align_Pipeline_VITIS_LOOP_360_12 : ultimate_col_value | {1 }
	Port: seq_align_Pipeline_VITIS_LOOP_360_12 : traceback_V | {2 3 }
	Port: seq_align_Pipeline_VITIS_LOOP_360_12 : traceback_V_1 | {2 3 }
	Port: seq_align_Pipeline_VITIS_LOOP_360_12 : traceback_V_2 | {2 3 }
	Port: seq_align_Pipeline_VITIS_LOOP_360_12 : traceback_V_3 | {2 3 }
	Port: seq_align_Pipeline_VITIS_LOOP_360_12 : traceback_V_4 | {2 3 }
	Port: seq_align_Pipeline_VITIS_LOOP_360_12 : traceback_V_5 | {2 3 }
	Port: seq_align_Pipeline_VITIS_LOOP_360_12 : traceback_V_6 | {2 3 }
	Port: seq_align_Pipeline_VITIS_LOOP_360_12 : traceback_V_7 | {2 3 }
	Port: seq_align_Pipeline_VITIS_LOOP_360_12 : traceback_V_8 | {2 3 }
	Port: seq_align_Pipeline_VITIS_LOOP_360_12 : traceback_V_9 | {2 3 }
	Port: seq_align_Pipeline_VITIS_LOOP_360_12 : traceback_V_10 | {2 3 }
	Port: seq_align_Pipeline_VITIS_LOOP_360_12 : traceback_V_11 | {2 3 }
	Port: seq_align_Pipeline_VITIS_LOOP_360_12 : traceback_V_12 | {2 3 }
	Port: seq_align_Pipeline_VITIS_LOOP_360_12 : traceback_V_13 | {2 3 }
	Port: seq_align_Pipeline_VITIS_LOOP_360_12 : traceback_V_14 | {2 3 }
	Port: seq_align_Pipeline_VITIS_LOOP_360_12 : traceback_V_15 | {2 3 }
  - Chain level:
	State 1
	State 2
		or_ln360 : 1
		tmp : 1
		br_ln360 : 2
		trunc_ln587 : 1
		lshr_ln1 : 1
		tmp_2 : 2
		add_ln587 : 3
		zext_ln587 : 4
		traceback_V_addr_1 : 5
		traceback_V_1_addr_1 : 5
		traceback_V_2_addr_1 : 5
		traceback_V_3_addr_1 : 5
		traceback_V_4_addr_1 : 5
		traceback_V_5_addr_1 : 5
		traceback_V_6_addr_1 : 5
		traceback_V_7_addr_1 : 5
		traceback_V_8_addr_1 : 5
		traceback_V_9_addr_1 : 5
		traceback_V_10_addr_1 : 5
		traceback_V_11_addr_1 : 5
		traceback_V_12_addr_1 : 5
		traceback_V_13_addr_1 : 5
		traceback_V_14_addr_1 : 5
		traceback_V_15_addr_1 : 5
		traceback_V_load : 6
		traceback_V_1_load : 6
		traceback_V_2_load : 6
		traceback_V_3_load : 6
		traceback_V_4_load : 6
		traceback_V_5_load : 6
		traceback_V_6_load : 6
		traceback_V_7_load : 6
		traceback_V_8_load : 6
		traceback_V_9_load : 6
		traceback_V_10_load : 6
		traceback_V_11_load : 6
		traceback_V_12_load : 6
		traceback_V_13_load : 6
		traceback_V_14_load : 6
		traceback_V_15_load : 6
	State 3
	State 4
		tb_val : 1
		trunc_ln361 : 2
		tmp_66 : 2
		zext_ln364 : 3
		ultimate_row_value_4 : 4
		zext_ln365 : 3
		ultimate_col_value_4 : 4
		store_ln360 : 5
		store_ln360 : 5


============================================================
+ Verbose Summary: Datapath Resource usage 
============================================================

* Functional unit list:
|----------|------------------------------------|---------|---------|
| Operation|           Functional Unit          |    FF   |   LUT   |
|----------|------------------------------------|---------|---------|
|    sub   |     ultimate_row_value_4_fu_419    |    0    |    39   |
|          |     ultimate_col_value_4_fu_428    |    0    |    39   |
|----------|------------------------------------|---------|---------|
|    mux   |            tb_val_fu_381           |    0    |    65   |
|----------|------------------------------------|---------|---------|
|    or    |           or_ln360_fu_316          |    0    |    32   |
|----------|------------------------------------|---------|---------|
|    add   |          add_ln587_fu_352          |    0    |    23   |
|----------|------------------------------------|---------|---------|
|   read   | ultimate_col_value_read_read_fu_80 |    0    |    0    |
|          | ultimate_row_value_read_read_fu_86 |    0    |    0    |
|----------|------------------------------------|---------|---------|
| bitselect|             tmp_fu_322             |    0    |    0    |
|          |            tmp_66_fu_407           |    0    |    0    |
|----------|------------------------------------|---------|---------|
|          |         trunc_ln587_fu_330         |    0    |    0    |
|   trunc  |            empty_fu_378            |    0    |    0    |
|          |         trunc_ln361_fu_403         |    0    |    0    |
|----------|------------------------------------|---------|---------|
|partselect|           lshr_ln1_fu_334          |    0    |    0    |
|----------|------------------------------------|---------|---------|
|bitconcatenate|            tmp_2_fu_344            |    0    |    0    |
|----------|------------------------------------|---------|---------|
|          |          zext_ln587_fu_358         |    0    |    0    |
|   zext   |          zext_ln364_fu_415         |    0    |    0    |
|          |          zext_ln365_fu_424         |    0    |    0    |
|----------|------------------------------------|---------|---------|
|   Total  |                                    |    0    |   198   |
|----------|------------------------------------|---------|---------|

Memories:
N/A

* Register list:
+-----------------------------+--------+
|                             |   FF   |
+-----------------------------+--------+
|         tmp_reg_468         |    1   |
|traceback_V_10_addr_1_reg_522|   16   |
| traceback_V_10_load_reg_602 |    2   |
|traceback_V_11_addr_1_reg_527|   16   |
| traceback_V_11_load_reg_607 |    2   |
|traceback_V_12_addr_1_reg_532|   16   |
| traceback_V_12_load_reg_612 |    2   |
|traceback_V_13_addr_1_reg_537|   16   |
| traceback_V_13_load_reg_617 |    2   |
|traceback_V_14_addr_1_reg_542|   16   |
| traceback_V_14_load_reg_622 |    2   |
|traceback_V_15_addr_1_reg_547|   16   |
| traceback_V_15_load_reg_627 |    2   |
| traceback_V_1_addr_1_reg_477|   16   |
|  traceback_V_1_load_reg_557 |    2   |
| traceback_V_2_addr_1_reg_482|   16   |
|  traceback_V_2_load_reg_562 |    2   |
| traceback_V_3_addr_1_reg_487|   16   |
|  traceback_V_3_load_reg_567 |    2   |
| traceback_V_4_addr_1_reg_492|   16   |
|  traceback_V_4_load_reg_572 |    2   |
| traceback_V_5_addr_1_reg_497|   16   |
|  traceback_V_5_load_reg_577 |    2   |
| traceback_V_6_addr_1_reg_502|   16   |
|  traceback_V_6_load_reg_582 |    2   |
| traceback_V_7_addr_1_reg_507|   16   |
|  traceback_V_7_load_reg_587 |    2   |
| traceback_V_8_addr_1_reg_512|   16   |
|  traceback_V_8_load_reg_592 |    2   |
| traceback_V_9_addr_1_reg_517|   16   |
|  traceback_V_9_load_reg_597 |    2   |
|  traceback_V_addr_1_reg_472 |   16   |
|   traceback_V_load_reg_552  |    2   |
| ultimate_col_value_1_reg_443|   32   |
| ultimate_col_value_3_reg_457|   32   |
| ultimate_row_value_1_reg_450|   32   |
| ultimate_row_value_3_reg_462|   32   |
+-----------------------------+--------+
|            Total            |   417  |
+-----------------------------+--------+

* Multiplexer (MUX) list: 
|-------------------|------|------|------|--------||---------||---------|
|        Comp       |  Pin | Size |  BW  | S x BW ||  Delay  ||   LUT   |
|-------------------|------|------|------|--------||---------||---------|
| grp_access_fu_204 |  p0  |   2  |  16  |   32   ||    9    |
| grp_access_fu_210 |  p0  |   2  |  16  |   32   ||    9    |
| grp_access_fu_216 |  p0  |   2  |  16  |   32   ||    9    |
| grp_access_fu_222 |  p0  |   2  |  16  |   32   ||    9    |
| grp_access_fu_228 |  p0  |   2  |  16  |   32   ||    9    |
| grp_access_fu_234 |  p0  |   2  |  16  |   32   ||    9    |
| grp_access_fu_240 |  p0  |   2  |  16  |   32   ||    9    |
| grp_access_fu_246 |  p0  |   2  |  16  |   32   ||    9    |
| grp_access_fu_252 |  p0  |   2  |  16  |   32   ||    9    |
| grp_access_fu_258 |  p0  |   2  |  16  |   32   ||    9    |
| grp_access_fu_264 |  p0  |   2  |  16  |   32   ||    9    |
| grp_access_fu_270 |  p0  |   2  |  16  |   32   ||    9    |
| grp_access_fu_276 |  p0  |   2  |  16  |   32   ||    9    |
| grp_access_fu_282 |  p0  |   2  |  16  |   32   ||    9    |
| grp_access_fu_288 |  p0  |   2  |  16  |   32   ||    9    |
| grp_access_fu_294 |  p0  |   2  |  16  |   32   ||    9    |
|-------------------|------|------|------|--------||---------||---------|
|       Total       |      |      |      |   512  ||  6.832  ||   144   |
|-------------------|------|------|------|--------||---------||---------|



* Summary:
+-----------+--------+--------+--------+
|           |  Delay |   FF   |   LUT  |
+-----------+--------+--------+--------+
|  Function |    -   |    0   |   198  |
|   Memory  |    -   |    -   |    -   |
|Multiplexer|    6   |    -   |   144  |
|  Register |    -   |   417  |    -   |
+-----------+--------+--------+--------+
|   Total   |    6   |   417  |   342  |
+-----------+--------+--------+--------+
