

================================================================
== Vitis HLS Report for 'seq_align_Pipeline_VITIS_LOOP_243_10'
================================================================
* Date:           Wed Jun 28 12:43:02 2023

* Version:        2022.1 (Build 3526262 on Mon Apr 18 15:47:01 MDT 2022)
* Project:        local_seq_align_multiple_sa
* Solution:       solution1 (Vivado IP Flow Target)
* Product family: zynquplus
* Target device:  xczu7ev-ffvc1156-2-i


================================================================
== Performance Estimates
================================================================
+ Timing: 
    * Summary: 
    +--------+---------+----------+------------+
    |  Clock |  Target | Estimated| Uncertainty|
    +--------+---------+----------+------------+
    |ap_clk  |  4.00 ns|  1.212 ns|     1.08 ns|
    +--------+---------+----------+------------+

+ Latency: 
    * Summary: 
    +---------+---------+----------+----------+-----+-----+---------+
    |  Latency (cycles) |  Latency (absolute) |  Interval | Pipeline|
    |   min   |   max   |    min   |    max   | min | max |   Type  |
    +---------+---------+----------+----------+-----+-----+---------+
    |       34|       34|  0.136 us|  0.136 us|   34|   34|       no|
    +---------+---------+----------+----------+-----+-----+---------+

    + Detail: 
        * Instance: 
        N/A

        * Loop: 
        +---------------------+---------+---------+----------+-----------+-----------+------+----------+
        |                     |  Latency (cycles) | Iteration|  Initiation Interval  | Trip |          |
        |      Loop Name      |   min   |   max   |  Latency |  achieved |   target  | Count| Pipelined|
        +---------------------+---------+---------+----------+-----------+-----------+------+----------+
        |- VITIS_LOOP_243_10  |       32|       32|         1|          1|          1|    32|       yes|
        +---------------------+---------+---------+----------+-----------+-----------+------+----------+

============================================================
+ Verbose Summary: Synthesis Manager
============================================================
InlineROM: 1
ExposeGlobal: 0
============================================================
+ Verbose Summary: CDFG Model
============================================================
IsTopModel: 0
ResetActiveHigh: 1
IsCombinational: 0
IsDatapathOnly: 0
HasWiredReturn: 1
HasMFsm: 2
HasVarLatency: 1
IsPipeline: 0
IsRtlPipelined: 0
IsInstanceOverlapped: 0
IsDontTouch: 0
HasImplIP: 0
IsGatedGlobalClock: 0

+ Individual pipeline summary: 
  * Pipeline-0: initiation interval (II) = 1, depth = 2


============================================================
+ Verbose Summary: Schedule
============================================================
* Number of FSM states : 2
* Pipeline : 1
  Pipeline-0 : II = 1, D = 2, States = { 1 2 }
* Dataflow Pipeline: 0

* FSM state transitions: 
1 --> 2 
2 --> 

* FSM state operations: 

State 1 <SV = 0> <Delay = 0.42>
ST_1 : Operation 4 [1/1] (0.00ns)   --->   "%query_data_31 = alloca i32 1"   --->   Operation 4 'alloca' 'query_data_31' <Predicate = true> <Delay = 0.00>
ST_1 : Operation 5 [1/1] (0.00ns)   --->   "%i = alloca i32 1"   --->   Operation 5 'alloca' 'i' <Predicate = true> <Delay = 0.00>
ST_1 : Operation 6 [1/1] (0.00ns)   --->   "%query_data = alloca i32 1"   --->   Operation 6 'alloca' 'query_data' <Predicate = true> <Delay = 0.00>
ST_1 : Operation 7 [1/1] (0.00ns)   --->   "%query_data_30 = alloca i32 1"   --->   Operation 7 'alloca' 'query_data_30' <Predicate = true> <Delay = 0.00>
ST_1 : Operation 8 [1/1] (0.00ns)   --->   "%query_data_29 = alloca i32 1"   --->   Operation 8 'alloca' 'query_data_29' <Predicate = true> <Delay = 0.00>
ST_1 : Operation 9 [1/1] (0.00ns)   --->   "%query_data_28 = alloca i32 1"   --->   Operation 9 'alloca' 'query_data_28' <Predicate = true> <Delay = 0.00>
ST_1 : Operation 10 [1/1] (0.00ns)   --->   "%query_data_27 = alloca i32 1"   --->   Operation 10 'alloca' 'query_data_27' <Predicate = true> <Delay = 0.00>
ST_1 : Operation 11 [1/1] (0.00ns)   --->   "%query_data_26 = alloca i32 1"   --->   Operation 11 'alloca' 'query_data_26' <Predicate = true> <Delay = 0.00>
ST_1 : Operation 12 [1/1] (0.00ns)   --->   "%query_data_25 = alloca i32 1"   --->   Operation 12 'alloca' 'query_data_25' <Predicate = true> <Delay = 0.00>
ST_1 : Operation 13 [1/1] (0.00ns)   --->   "%query_data_24 = alloca i32 1"   --->   Operation 13 'alloca' 'query_data_24' <Predicate = true> <Delay = 0.00>
ST_1 : Operation 14 [1/1] (0.00ns)   --->   "%query_data_23 = alloca i32 1"   --->   Operation 14 'alloca' 'query_data_23' <Predicate = true> <Delay = 0.00>
ST_1 : Operation 15 [1/1] (0.00ns)   --->   "%query_data_22 = alloca i32 1"   --->   Operation 15 'alloca' 'query_data_22' <Predicate = true> <Delay = 0.00>
ST_1 : Operation 16 [1/1] (0.00ns)   --->   "%query_data_21 = alloca i32 1"   --->   Operation 16 'alloca' 'query_data_21' <Predicate = true> <Delay = 0.00>
ST_1 : Operation 17 [1/1] (0.00ns)   --->   "%query_data_20 = alloca i32 1"   --->   Operation 17 'alloca' 'query_data_20' <Predicate = true> <Delay = 0.00>
ST_1 : Operation 18 [1/1] (0.00ns)   --->   "%query_data_19 = alloca i32 1"   --->   Operation 18 'alloca' 'query_data_19' <Predicate = true> <Delay = 0.00>
ST_1 : Operation 19 [1/1] (0.00ns)   --->   "%query_data_18 = alloca i32 1"   --->   Operation 19 'alloca' 'query_data_18' <Predicate = true> <Delay = 0.00>
ST_1 : Operation 20 [1/1] (0.00ns)   --->   "%query_data_17 = alloca i32 1"   --->   Operation 20 'alloca' 'query_data_17' <Predicate = true> <Delay = 0.00>
ST_1 : Operation 21 [1/1] (0.00ns)   --->   "%query_data_16 = alloca i32 1"   --->   Operation 21 'alloca' 'query_data_16' <Predicate = true> <Delay = 0.00>
ST_1 : Operation 22 [1/1] (0.00ns)   --->   "%query_data_15 = alloca i32 1"   --->   Operation 22 'alloca' 'query_data_15' <Predicate = true> <Delay = 0.00>
ST_1 : Operation 23 [1/1] (0.00ns)   --->   "%query_data_14 = alloca i32 1"   --->   Operation 23 'alloca' 'query_data_14' <Predicate = true> <Delay = 0.00>
ST_1 : Operation 24 [1/1] (0.00ns)   --->   "%query_data_13 = alloca i32 1"   --->   Operation 24 'alloca' 'query_data_13' <Predicate = true> <Delay = 0.00>
ST_1 : Operation 25 [1/1] (0.00ns)   --->   "%query_data_12 = alloca i32 1"   --->   Operation 25 'alloca' 'query_data_12' <Predicate = true> <Delay = 0.00>
ST_1 : Operation 26 [1/1] (0.00ns)   --->   "%query_data_11 = alloca i32 1"   --->   Operation 26 'alloca' 'query_data_11' <Predicate = true> <Delay = 0.00>
ST_1 : Operation 27 [1/1] (0.00ns)   --->   "%query_data_10 = alloca i32 1"   --->   Operation 27 'alloca' 'query_data_10' <Predicate = true> <Delay = 0.00>
ST_1 : Operation 28 [1/1] (0.00ns)   --->   "%query_data_9 = alloca i32 1"   --->   Operation 28 'alloca' 'query_data_9' <Predicate = true> <Delay = 0.00>
ST_1 : Operation 29 [1/1] (0.00ns)   --->   "%query_data_8 = alloca i32 1"   --->   Operation 29 'alloca' 'query_data_8' <Predicate = true> <Delay = 0.00>
ST_1 : Operation 30 [1/1] (0.00ns)   --->   "%query_data_7 = alloca i32 1"   --->   Operation 30 'alloca' 'query_data_7' <Predicate = true> <Delay = 0.00>
ST_1 : Operation 31 [1/1] (0.00ns)   --->   "%query_data_6 = alloca i32 1"   --->   Operation 31 'alloca' 'query_data_6' <Predicate = true> <Delay = 0.00>
ST_1 : Operation 32 [1/1] (0.00ns)   --->   "%query_data_5 = alloca i32 1"   --->   Operation 32 'alloca' 'query_data_5' <Predicate = true> <Delay = 0.00>
ST_1 : Operation 33 [1/1] (0.00ns)   --->   "%query_data_4 = alloca i32 1"   --->   Operation 33 'alloca' 'query_data_4' <Predicate = true> <Delay = 0.00>
ST_1 : Operation 34 [1/1] (0.00ns)   --->   "%query_data_3 = alloca i32 1"   --->   Operation 34 'alloca' 'query_data_3' <Predicate = true> <Delay = 0.00>
ST_1 : Operation 35 [1/1] (0.00ns)   --->   "%query_data_2 = alloca i32 1"   --->   Operation 35 'alloca' 'query_data_2' <Predicate = true> <Delay = 0.00>
ST_1 : Operation 36 [1/1] (0.00ns)   --->   "%query_data_1 = alloca i32 1"   --->   Operation 36 'alloca' 'query_data_1' <Predicate = true> <Delay = 0.00>
ST_1 : Operation 37 [1/1] (0.00ns)   --->   "%specinterface_ln0 = specinterface void @_ssdm_op_SpecInterface, i8 %query_string_comp_0, void @empty_0, i32 0, i32 0, void @empty_1, i32 0, i32 0, void @empty_2, void @empty_2, void @empty_2, i32 0, i32 0, i32 0, i32 0, void @empty_2, void @empty_2, i32 4294967295, i32 0"   --->   Operation 37 'specinterface' 'specinterface_ln0' <Predicate = true> <Delay = 0.00>
ST_1 : Operation 38 [1/1] (0.00ns)   --->   "%tmp = read i8 @_ssdm_op_Read.ap_auto.i8, i8 %empty"   --->   Operation 38 'read' 'tmp' <Predicate = true> <Delay = 0.00>
ST_1 : Operation 39 [1/1] (0.00ns)   --->   "%tmp_67 = read i8 @_ssdm_op_Read.ap_auto.i8, i8 %empty_43"   --->   Operation 39 'read' 'tmp_67' <Predicate = true> <Delay = 0.00>
ST_1 : Operation 40 [1/1] (0.00ns)   --->   "%tmp_68 = read i8 @_ssdm_op_Read.ap_auto.i8, i8 %empty_42"   --->   Operation 40 'read' 'tmp_68' <Predicate = true> <Delay = 0.00>
ST_1 : Operation 41 [1/1] (0.00ns)   --->   "%tmp_69 = read i8 @_ssdm_op_Read.ap_auto.i8, i8 %empty_41"   --->   Operation 41 'read' 'tmp_69' <Predicate = true> <Delay = 0.00>
ST_1 : Operation 42 [1/1] (0.00ns)   --->   "%tmp_70 = read i8 @_ssdm_op_Read.ap_auto.i8, i8 %empty_40"   --->   Operation 42 'read' 'tmp_70' <Predicate = true> <Delay = 0.00>
ST_1 : Operation 43 [1/1] (0.00ns)   --->   "%tmp_71 = read i8 @_ssdm_op_Read.ap_auto.i8, i8 %empty_39"   --->   Operation 43 'read' 'tmp_71' <Predicate = true> <Delay = 0.00>
ST_1 : Operation 44 [1/1] (0.00ns)   --->   "%tmp_72 = read i8 @_ssdm_op_Read.ap_auto.i8, i8 %empty_38"   --->   Operation 44 'read' 'tmp_72' <Predicate = true> <Delay = 0.00>
ST_1 : Operation 45 [1/1] (0.00ns)   --->   "%tmp_73 = read i8 @_ssdm_op_Read.ap_auto.i8, i8 %empty_37"   --->   Operation 45 'read' 'tmp_73' <Predicate = true> <Delay = 0.00>
ST_1 : Operation 46 [1/1] (0.00ns)   --->   "%tmp_74 = read i8 @_ssdm_op_Read.ap_auto.i8, i8 %empty_36"   --->   Operation 46 'read' 'tmp_74' <Predicate = true> <Delay = 0.00>
ST_1 : Operation 47 [1/1] (0.00ns)   --->   "%tmp_75 = read i8 @_ssdm_op_Read.ap_auto.i8, i8 %empty_35"   --->   Operation 47 'read' 'tmp_75' <Predicate = true> <Delay = 0.00>
ST_1 : Operation 48 [1/1] (0.00ns)   --->   "%tmp_76 = read i8 @_ssdm_op_Read.ap_auto.i8, i8 %empty_34"   --->   Operation 48 'read' 'tmp_76' <Predicate = true> <Delay = 0.00>
ST_1 : Operation 49 [1/1] (0.00ns)   --->   "%tmp_77 = read i8 @_ssdm_op_Read.ap_auto.i8, i8 %empty_33"   --->   Operation 49 'read' 'tmp_77' <Predicate = true> <Delay = 0.00>
ST_1 : Operation 50 [1/1] (0.00ns)   --->   "%tmp_78 = read i8 @_ssdm_op_Read.ap_auto.i8, i8 %empty_32"   --->   Operation 50 'read' 'tmp_78' <Predicate = true> <Delay = 0.00>
ST_1 : Operation 51 [1/1] (0.00ns)   --->   "%tmp_79 = read i8 @_ssdm_op_Read.ap_auto.i8, i8 %empty_31"   --->   Operation 51 'read' 'tmp_79' <Predicate = true> <Delay = 0.00>
ST_1 : Operation 52 [1/1] (0.00ns)   --->   "%tmp_80 = read i8 @_ssdm_op_Read.ap_auto.i8, i8 %empty_30"   --->   Operation 52 'read' 'tmp_80' <Predicate = true> <Delay = 0.00>
ST_1 : Operation 53 [1/1] (0.00ns)   --->   "%tmp_81 = read i8 @_ssdm_op_Read.ap_auto.i8, i8 %empty_29"   --->   Operation 53 'read' 'tmp_81' <Predicate = true> <Delay = 0.00>
ST_1 : Operation 54 [1/1] (0.00ns)   --->   "%tmp_82 = read i8 @_ssdm_op_Read.ap_auto.i8, i8 %empty_28"   --->   Operation 54 'read' 'tmp_82' <Predicate = true> <Delay = 0.00>
ST_1 : Operation 55 [1/1] (0.00ns)   --->   "%tmp_83 = read i8 @_ssdm_op_Read.ap_auto.i8, i8 %empty_27"   --->   Operation 55 'read' 'tmp_83' <Predicate = true> <Delay = 0.00>
ST_1 : Operation 56 [1/1] (0.00ns)   --->   "%tmp_84 = read i8 @_ssdm_op_Read.ap_auto.i8, i8 %empty_26"   --->   Operation 56 'read' 'tmp_84' <Predicate = true> <Delay = 0.00>
ST_1 : Operation 57 [1/1] (0.00ns)   --->   "%tmp_85 = read i8 @_ssdm_op_Read.ap_auto.i8, i8 %empty_25"   --->   Operation 57 'read' 'tmp_85' <Predicate = true> <Delay = 0.00>
ST_1 : Operation 58 [1/1] (0.00ns)   --->   "%tmp_86 = read i8 @_ssdm_op_Read.ap_auto.i8, i8 %empty_24"   --->   Operation 58 'read' 'tmp_86' <Predicate = true> <Delay = 0.00>
ST_1 : Operation 59 [1/1] (0.00ns)   --->   "%tmp_87 = read i8 @_ssdm_op_Read.ap_auto.i8, i8 %empty_23"   --->   Operation 59 'read' 'tmp_87' <Predicate = true> <Delay = 0.00>
ST_1 : Operation 60 [1/1] (0.00ns)   --->   "%tmp_88 = read i8 @_ssdm_op_Read.ap_auto.i8, i8 %empty_22"   --->   Operation 60 'read' 'tmp_88' <Predicate = true> <Delay = 0.00>
ST_1 : Operation 61 [1/1] (0.00ns)   --->   "%tmp_89 = read i8 @_ssdm_op_Read.ap_auto.i8, i8 %empty_21"   --->   Operation 61 'read' 'tmp_89' <Predicate = true> <Delay = 0.00>
ST_1 : Operation 62 [1/1] (0.00ns)   --->   "%tmp_90 = read i8 @_ssdm_op_Read.ap_auto.i8, i8 %empty_20"   --->   Operation 62 'read' 'tmp_90' <Predicate = true> <Delay = 0.00>
ST_1 : Operation 63 [1/1] (0.00ns)   --->   "%tmp_91 = read i8 @_ssdm_op_Read.ap_auto.i8, i8 %empty_19"   --->   Operation 63 'read' 'tmp_91' <Predicate = true> <Delay = 0.00>
ST_1 : Operation 64 [1/1] (0.00ns)   --->   "%tmp_92 = read i8 @_ssdm_op_Read.ap_auto.i8, i8 %empty_18"   --->   Operation 64 'read' 'tmp_92' <Predicate = true> <Delay = 0.00>
ST_1 : Operation 65 [1/1] (0.00ns)   --->   "%tmp_93 = read i8 @_ssdm_op_Read.ap_auto.i8, i8 %empty_17"   --->   Operation 65 'read' 'tmp_93' <Predicate = true> <Delay = 0.00>
ST_1 : Operation 66 [1/1] (0.00ns)   --->   "%tmp_94 = read i8 @_ssdm_op_Read.ap_auto.i8, i8 %empty_16"   --->   Operation 66 'read' 'tmp_94' <Predicate = true> <Delay = 0.00>
ST_1 : Operation 67 [1/1] (0.00ns)   --->   "%tmp_95 = read i8 @_ssdm_op_Read.ap_auto.i8, i8 %empty_15"   --->   Operation 67 'read' 'tmp_95' <Predicate = true> <Delay = 0.00>
ST_1 : Operation 68 [1/1] (0.00ns)   --->   "%tmp_96 = read i8 @_ssdm_op_Read.ap_auto.i8, i8 %empty_14"   --->   Operation 68 'read' 'tmp_96' <Predicate = true> <Delay = 0.00>
ST_1 : Operation 69 [1/1] (0.42ns)   --->   "%store_ln0 = store i8 %tmp_96, i8 %query_data_1"   --->   Operation 69 'store' 'store_ln0' <Predicate = true> <Delay = 0.42>
ST_1 : Operation 70 [1/1] (0.42ns)   --->   "%store_ln0 = store i8 %tmp_95, i8 %query_data_2"   --->   Operation 70 'store' 'store_ln0' <Predicate = true> <Delay = 0.42>
ST_1 : Operation 71 [1/1] (0.42ns)   --->   "%store_ln0 = store i8 %tmp_94, i8 %query_data_3"   --->   Operation 71 'store' 'store_ln0' <Predicate = true> <Delay = 0.42>
ST_1 : Operation 72 [1/1] (0.42ns)   --->   "%store_ln0 = store i8 %tmp_93, i8 %query_data_4"   --->   Operation 72 'store' 'store_ln0' <Predicate = true> <Delay = 0.42>
ST_1 : Operation 73 [1/1] (0.42ns)   --->   "%store_ln0 = store i8 %tmp_92, i8 %query_data_5"   --->   Operation 73 'store' 'store_ln0' <Predicate = true> <Delay = 0.42>
ST_1 : Operation 74 [1/1] (0.42ns)   --->   "%store_ln0 = store i8 %tmp_91, i8 %query_data_6"   --->   Operation 74 'store' 'store_ln0' <Predicate = true> <Delay = 0.42>
ST_1 : Operation 75 [1/1] (0.42ns)   --->   "%store_ln0 = store i8 %tmp_90, i8 %query_data_7"   --->   Operation 75 'store' 'store_ln0' <Predicate = true> <Delay = 0.42>
ST_1 : Operation 76 [1/1] (0.42ns)   --->   "%store_ln0 = store i8 %tmp_89, i8 %query_data_8"   --->   Operation 76 'store' 'store_ln0' <Predicate = true> <Delay = 0.42>
ST_1 : Operation 77 [1/1] (0.42ns)   --->   "%store_ln0 = store i8 %tmp_88, i8 %query_data_9"   --->   Operation 77 'store' 'store_ln0' <Predicate = true> <Delay = 0.42>
ST_1 : Operation 78 [1/1] (0.42ns)   --->   "%store_ln0 = store i8 %tmp_87, i8 %query_data_10"   --->   Operation 78 'store' 'store_ln0' <Predicate = true> <Delay = 0.42>
ST_1 : Operation 79 [1/1] (0.42ns)   --->   "%store_ln0 = store i8 %tmp_86, i8 %query_data_11"   --->   Operation 79 'store' 'store_ln0' <Predicate = true> <Delay = 0.42>
ST_1 : Operation 80 [1/1] (0.42ns)   --->   "%store_ln0 = store i8 %tmp_85, i8 %query_data_12"   --->   Operation 80 'store' 'store_ln0' <Predicate = true> <Delay = 0.42>
ST_1 : Operation 81 [1/1] (0.42ns)   --->   "%store_ln0 = store i8 %tmp_84, i8 %query_data_13"   --->   Operation 81 'store' 'store_ln0' <Predicate = true> <Delay = 0.42>
ST_1 : Operation 82 [1/1] (0.42ns)   --->   "%store_ln0 = store i8 %tmp_83, i8 %query_data_14"   --->   Operation 82 'store' 'store_ln0' <Predicate = true> <Delay = 0.42>
ST_1 : Operation 83 [1/1] (0.42ns)   --->   "%store_ln0 = store i8 %tmp_82, i8 %query_data_15"   --->   Operation 83 'store' 'store_ln0' <Predicate = true> <Delay = 0.42>
ST_1 : Operation 84 [1/1] (0.42ns)   --->   "%store_ln0 = store i8 %tmp_81, i8 %query_data_16"   --->   Operation 84 'store' 'store_ln0' <Predicate = true> <Delay = 0.42>
ST_1 : Operation 85 [1/1] (0.42ns)   --->   "%store_ln0 = store i8 %tmp_80, i8 %query_data_17"   --->   Operation 85 'store' 'store_ln0' <Predicate = true> <Delay = 0.42>
ST_1 : Operation 86 [1/1] (0.42ns)   --->   "%store_ln0 = store i8 %tmp_79, i8 %query_data_18"   --->   Operation 86 'store' 'store_ln0' <Predicate = true> <Delay = 0.42>
ST_1 : Operation 87 [1/1] (0.42ns)   --->   "%store_ln0 = store i8 %tmp_78, i8 %query_data_19"   --->   Operation 87 'store' 'store_ln0' <Predicate = true> <Delay = 0.42>
ST_1 : Operation 88 [1/1] (0.42ns)   --->   "%store_ln0 = store i8 %tmp_77, i8 %query_data_20"   --->   Operation 88 'store' 'store_ln0' <Predicate = true> <Delay = 0.42>
ST_1 : Operation 89 [1/1] (0.42ns)   --->   "%store_ln0 = store i8 %tmp_76, i8 %query_data_21"   --->   Operation 89 'store' 'store_ln0' <Predicate = true> <Delay = 0.42>
ST_1 : Operation 90 [1/1] (0.42ns)   --->   "%store_ln0 = store i8 %tmp_75, i8 %query_data_22"   --->   Operation 90 'store' 'store_ln0' <Predicate = true> <Delay = 0.42>
ST_1 : Operation 91 [1/1] (0.42ns)   --->   "%store_ln0 = store i8 %tmp_74, i8 %query_data_23"   --->   Operation 91 'store' 'store_ln0' <Predicate = true> <Delay = 0.42>
ST_1 : Operation 92 [1/1] (0.42ns)   --->   "%store_ln0 = store i8 %tmp_73, i8 %query_data_24"   --->   Operation 92 'store' 'store_ln0' <Predicate = true> <Delay = 0.42>
ST_1 : Operation 93 [1/1] (0.42ns)   --->   "%store_ln0 = store i8 %tmp_72, i8 %query_data_25"   --->   Operation 93 'store' 'store_ln0' <Predicate = true> <Delay = 0.42>
ST_1 : Operation 94 [1/1] (0.42ns)   --->   "%store_ln0 = store i8 %tmp_71, i8 %query_data_26"   --->   Operation 94 'store' 'store_ln0' <Predicate = true> <Delay = 0.42>
ST_1 : Operation 95 [1/1] (0.42ns)   --->   "%store_ln0 = store i8 %tmp_70, i8 %query_data_27"   --->   Operation 95 'store' 'store_ln0' <Predicate = true> <Delay = 0.42>
ST_1 : Operation 96 [1/1] (0.42ns)   --->   "%store_ln0 = store i8 %tmp_69, i8 %query_data_28"   --->   Operation 96 'store' 'store_ln0' <Predicate = true> <Delay = 0.42>
ST_1 : Operation 97 [1/1] (0.42ns)   --->   "%store_ln0 = store i8 %tmp_68, i8 %query_data_29"   --->   Operation 97 'store' 'store_ln0' <Predicate = true> <Delay = 0.42>
ST_1 : Operation 98 [1/1] (0.42ns)   --->   "%store_ln0 = store i8 %tmp_67, i8 %query_data_30"   --->   Operation 98 'store' 'store_ln0' <Predicate = true> <Delay = 0.42>
ST_1 : Operation 99 [1/1] (0.42ns)   --->   "%store_ln0 = store i8 %tmp, i8 %query_data"   --->   Operation 99 'store' 'store_ln0' <Predicate = true> <Delay = 0.42>
ST_1 : Operation 100 [1/1] (0.42ns)   --->   "%store_ln0 = store i6 0, i6 %i"   --->   Operation 100 'store' 'store_ln0' <Predicate = true> <Delay = 0.42>
ST_1 : Operation 101 [1/1] (0.00ns)   --->   "%br_ln0 = br void %for.inc114"   --->   Operation 101 'br' 'br_ln0' <Predicate = true> <Delay = 0.00>

State 2 <SV = 1> <Delay = 1.21>
ST_2 : Operation 102 [1/1] (0.00ns)   --->   "%i_1 = load i6 %i" [seq_align_multiple.cpp:243]   --->   Operation 102 'load' 'i_1' <Predicate = true> <Delay = 0.00>
ST_2 : Operation 103 [1/1] (0.00ns)   --->   "%query_data_32 = load i8 %query_data"   --->   Operation 103 'load' 'query_data_32' <Predicate = true> <Delay = 0.00>
ST_2 : Operation 104 [1/1] (0.00ns)   --->   "%query_data_62 = load i8 %query_data_30"   --->   Operation 104 'load' 'query_data_62' <Predicate = true> <Delay = 0.00>
ST_2 : Operation 105 [1/1] (0.00ns)   --->   "%query_data_61 = load i8 %query_data_29"   --->   Operation 105 'load' 'query_data_61' <Predicate = true> <Delay = 0.00>
ST_2 : Operation 106 [1/1] (0.00ns)   --->   "%query_data_60 = load i8 %query_data_28"   --->   Operation 106 'load' 'query_data_60' <Predicate = true> <Delay = 0.00>
ST_2 : Operation 107 [1/1] (0.00ns)   --->   "%query_data_59 = load i8 %query_data_27"   --->   Operation 107 'load' 'query_data_59' <Predicate = true> <Delay = 0.00>
ST_2 : Operation 108 [1/1] (0.00ns)   --->   "%query_data_58 = load i8 %query_data_26"   --->   Operation 108 'load' 'query_data_58' <Predicate = true> <Delay = 0.00>
ST_2 : Operation 109 [1/1] (0.00ns)   --->   "%query_data_57 = load i8 %query_data_25"   --->   Operation 109 'load' 'query_data_57' <Predicate = true> <Delay = 0.00>
ST_2 : Operation 110 [1/1] (0.00ns)   --->   "%query_data_56 = load i8 %query_data_24"   --->   Operation 110 'load' 'query_data_56' <Predicate = true> <Delay = 0.00>
ST_2 : Operation 111 [1/1] (0.00ns)   --->   "%query_data_55 = load i8 %query_data_23"   --->   Operation 111 'load' 'query_data_55' <Predicate = true> <Delay = 0.00>
ST_2 : Operation 112 [1/1] (0.00ns)   --->   "%query_data_54 = load i8 %query_data_22"   --->   Operation 112 'load' 'query_data_54' <Predicate = true> <Delay = 0.00>
ST_2 : Operation 113 [1/1] (0.00ns)   --->   "%query_data_53 = load i8 %query_data_21"   --->   Operation 113 'load' 'query_data_53' <Predicate = true> <Delay = 0.00>
ST_2 : Operation 114 [1/1] (0.00ns)   --->   "%query_data_52 = load i8 %query_data_20"   --->   Operation 114 'load' 'query_data_52' <Predicate = true> <Delay = 0.00>
ST_2 : Operation 115 [1/1] (0.00ns)   --->   "%query_data_51 = load i8 %query_data_19"   --->   Operation 115 'load' 'query_data_51' <Predicate = true> <Delay = 0.00>
ST_2 : Operation 116 [1/1] (0.00ns)   --->   "%query_data_50 = load i8 %query_data_18"   --->   Operation 116 'load' 'query_data_50' <Predicate = true> <Delay = 0.00>
ST_2 : Operation 117 [1/1] (0.00ns)   --->   "%query_data_49 = load i8 %query_data_17"   --->   Operation 117 'load' 'query_data_49' <Predicate = true> <Delay = 0.00>
ST_2 : Operation 118 [1/1] (0.00ns)   --->   "%query_data_48 = load i8 %query_data_16"   --->   Operation 118 'load' 'query_data_48' <Predicate = true> <Delay = 0.00>
ST_2 : Operation 119 [1/1] (0.00ns)   --->   "%query_data_47 = load i8 %query_data_15"   --->   Operation 119 'load' 'query_data_47' <Predicate = true> <Delay = 0.00>
ST_2 : Operation 120 [1/1] (0.00ns)   --->   "%query_data_46 = load i8 %query_data_14"   --->   Operation 120 'load' 'query_data_46' <Predicate = true> <Delay = 0.00>
ST_2 : Operation 121 [1/1] (0.00ns)   --->   "%query_data_45 = load i8 %query_data_13"   --->   Operation 121 'load' 'query_data_45' <Predicate = true> <Delay = 0.00>
ST_2 : Operation 122 [1/1] (0.00ns)   --->   "%query_data_44 = load i8 %query_data_12"   --->   Operation 122 'load' 'query_data_44' <Predicate = true> <Delay = 0.00>
ST_2 : Operation 123 [1/1] (0.00ns)   --->   "%query_data_43 = load i8 %query_data_11"   --->   Operation 123 'load' 'query_data_43' <Predicate = true> <Delay = 0.00>
ST_2 : Operation 124 [1/1] (0.00ns)   --->   "%query_data_42 = load i8 %query_data_10"   --->   Operation 124 'load' 'query_data_42' <Predicate = true> <Delay = 0.00>
ST_2 : Operation 125 [1/1] (0.00ns)   --->   "%query_data_41 = load i8 %query_data_9"   --->   Operation 125 'load' 'query_data_41' <Predicate = true> <Delay = 0.00>
ST_2 : Operation 126 [1/1] (0.00ns)   --->   "%query_data_40 = load i8 %query_data_8"   --->   Operation 126 'load' 'query_data_40' <Predicate = true> <Delay = 0.00>
ST_2 : Operation 127 [1/1] (0.00ns)   --->   "%query_data_39 = load i8 %query_data_7"   --->   Operation 127 'load' 'query_data_39' <Predicate = true> <Delay = 0.00>
ST_2 : Operation 128 [1/1] (0.00ns)   --->   "%query_data_38 = load i8 %query_data_6"   --->   Operation 128 'load' 'query_data_38' <Predicate = true> <Delay = 0.00>
ST_2 : Operation 129 [1/1] (0.00ns)   --->   "%query_data_37 = load i8 %query_data_5"   --->   Operation 129 'load' 'query_data_37' <Predicate = true> <Delay = 0.00>
ST_2 : Operation 130 [1/1] (0.00ns)   --->   "%query_data_36 = load i8 %query_data_4"   --->   Operation 130 'load' 'query_data_36' <Predicate = true> <Delay = 0.00>
ST_2 : Operation 131 [1/1] (0.00ns)   --->   "%query_data_35 = load i8 %query_data_3"   --->   Operation 131 'load' 'query_data_35' <Predicate = true> <Delay = 0.00>
ST_2 : Operation 132 [1/1] (0.00ns)   --->   "%query_data_34 = load i8 %query_data_2"   --->   Operation 132 'load' 'query_data_34' <Predicate = true> <Delay = 0.00>
ST_2 : Operation 133 [1/1] (0.00ns)   --->   "%query_data_33 = load i8 %query_data_1"   --->   Operation 133 'load' 'query_data_33' <Predicate = true> <Delay = 0.00>
ST_2 : Operation 134 [1/1] (0.78ns)   --->   "%icmp_ln243 = icmp_eq  i6 %i_1, i6 32" [seq_align_multiple.cpp:243]   --->   Operation 134 'icmp' 'icmp_ln243' <Predicate = true> <Delay = 0.78> <CoreInst = "Cmp">   --->   Core 9 'Cmp' <Latency = 0> <II = 1> <Delay = 0.78> <FuncUnit> <Opcode : 'icmp'> <InPorts = 2> <OutPorts = 1>
ST_2 : Operation 135 [1/1] (0.00ns)   --->   "%empty_88 = speclooptripcount i32 @_ssdm_op_SpecLoopTripCount, i64 32, i64 32, i64 32"   --->   Operation 135 'speclooptripcount' 'empty_88' <Predicate = true> <Delay = 0.00>
ST_2 : Operation 136 [1/1] (0.78ns)   --->   "%i_2 = add i6 %i_1, i6 1" [seq_align_multiple.cpp:243]   --->   Operation 136 'add' 'i_2' <Predicate = true> <Delay = 0.78> <CoreInst = "Adder">   --->   Core 1 'Adder' <Latency = 0> <II = 1> <Delay = 0.78> <FuncUnit> <Opcode : 'add' 'sub'> <InPorts = 2> <OutPorts = 1>
ST_2 : Operation 137 [1/1] (0.00ns)   --->   "%br_ln243 = br i1 %icmp_ln243, void %for.inc114.split, void %kernel1.exitStub" [seq_align_multiple.cpp:243]   --->   Operation 137 'br' 'br_ln243' <Predicate = true> <Delay = 0.00>
ST_2 : Operation 138 [1/1] (0.00ns)   --->   "%specpipeline_ln245 = specpipeline void @_ssdm_op_SpecPipeline, i32 1, i32 0, i32 0, i32 0, void @empty_2" [seq_align_multiple.cpp:245]   --->   Operation 138 'specpipeline' 'specpipeline_ln245' <Predicate = (!icmp_ln243)> <Delay = 0.00>
ST_2 : Operation 139 [1/1] (0.00ns)   --->   "%specloopname_ln0 = specloopname void @_ssdm_op_SpecLoopName, void @empty_10" [/home/AD.UCSD.EDU/swalia/xilinx/vitis/Vitis_HLS/2022.1/common/technology/autopilot/hls_stream_39.h:0]   --->   Operation 139 'specloopname' 'specloopname_ln0' <Predicate = (!icmp_ln243)> <Delay = 0.00>
ST_2 : Operation 140 [1/1] (0.00ns)   --->   "%query_data_64 = read i8 @_ssdm_op_Read.axis.volatile.i8P128A, i8 %query_string_comp_0" [/home/AD.UCSD.EDU/swalia/xilinx/vitis/Vitis_HLS/2022.1/common/technology/autopilot/hls_stream_39.h:145]   --->   Operation 140 'read' 'query_data_64' <Predicate = (!icmp_ln243)> <Delay = 0.00> <CoreInst = "axis">   --->   Core 123 'axis' <Latency = 0> <II = 1> <Delay = 1.00> <Adapter> <Opcode : >
ST_2 : Operation 141 [1/1] (0.42ns)   --->   "%store_ln243 = store i8 %query_data_64, i8 %query_data_1" [seq_align_multiple.cpp:243]   --->   Operation 141 'store' 'store_ln243' <Predicate = (!icmp_ln243)> <Delay = 0.42>
ST_2 : Operation 142 [1/1] (0.42ns)   --->   "%store_ln243 = store i8 %query_data_33, i8 %query_data_2" [seq_align_multiple.cpp:243]   --->   Operation 142 'store' 'store_ln243' <Predicate = (!icmp_ln243)> <Delay = 0.42>
ST_2 : Operation 143 [1/1] (0.42ns)   --->   "%store_ln243 = store i8 %query_data_34, i8 %query_data_3" [seq_align_multiple.cpp:243]   --->   Operation 143 'store' 'store_ln243' <Predicate = (!icmp_ln243)> <Delay = 0.42>
ST_2 : Operation 144 [1/1] (0.42ns)   --->   "%store_ln243 = store i8 %query_data_35, i8 %query_data_4" [seq_align_multiple.cpp:243]   --->   Operation 144 'store' 'store_ln243' <Predicate = (!icmp_ln243)> <Delay = 0.42>
ST_2 : Operation 145 [1/1] (0.42ns)   --->   "%store_ln243 = store i8 %query_data_36, i8 %query_data_5" [seq_align_multiple.cpp:243]   --->   Operation 145 'store' 'store_ln243' <Predicate = (!icmp_ln243)> <Delay = 0.42>
ST_2 : Operation 146 [1/1] (0.42ns)   --->   "%store_ln243 = store i8 %query_data_37, i8 %query_data_6" [seq_align_multiple.cpp:243]   --->   Operation 146 'store' 'store_ln243' <Predicate = (!icmp_ln243)> <Delay = 0.42>
ST_2 : Operation 147 [1/1] (0.42ns)   --->   "%store_ln243 = store i8 %query_data_38, i8 %query_data_7" [seq_align_multiple.cpp:243]   --->   Operation 147 'store' 'store_ln243' <Predicate = (!icmp_ln243)> <Delay = 0.42>
ST_2 : Operation 148 [1/1] (0.42ns)   --->   "%store_ln243 = store i8 %query_data_39, i8 %query_data_8" [seq_align_multiple.cpp:243]   --->   Operation 148 'store' 'store_ln243' <Predicate = (!icmp_ln243)> <Delay = 0.42>
ST_2 : Operation 149 [1/1] (0.42ns)   --->   "%store_ln243 = store i8 %query_data_40, i8 %query_data_9" [seq_align_multiple.cpp:243]   --->   Operation 149 'store' 'store_ln243' <Predicate = (!icmp_ln243)> <Delay = 0.42>
ST_2 : Operation 150 [1/1] (0.42ns)   --->   "%store_ln243 = store i8 %query_data_41, i8 %query_data_10" [seq_align_multiple.cpp:243]   --->   Operation 150 'store' 'store_ln243' <Predicate = (!icmp_ln243)> <Delay = 0.42>
ST_2 : Operation 151 [1/1] (0.42ns)   --->   "%store_ln243 = store i8 %query_data_42, i8 %query_data_11" [seq_align_multiple.cpp:243]   --->   Operation 151 'store' 'store_ln243' <Predicate = (!icmp_ln243)> <Delay = 0.42>
ST_2 : Operation 152 [1/1] (0.42ns)   --->   "%store_ln243 = store i8 %query_data_43, i8 %query_data_12" [seq_align_multiple.cpp:243]   --->   Operation 152 'store' 'store_ln243' <Predicate = (!icmp_ln243)> <Delay = 0.42>
ST_2 : Operation 153 [1/1] (0.42ns)   --->   "%store_ln243 = store i8 %query_data_44, i8 %query_data_13" [seq_align_multiple.cpp:243]   --->   Operation 153 'store' 'store_ln243' <Predicate = (!icmp_ln243)> <Delay = 0.42>
ST_2 : Operation 154 [1/1] (0.42ns)   --->   "%store_ln243 = store i8 %query_data_45, i8 %query_data_14" [seq_align_multiple.cpp:243]   --->   Operation 154 'store' 'store_ln243' <Predicate = (!icmp_ln243)> <Delay = 0.42>
ST_2 : Operation 155 [1/1] (0.42ns)   --->   "%store_ln243 = store i8 %query_data_46, i8 %query_data_15" [seq_align_multiple.cpp:243]   --->   Operation 155 'store' 'store_ln243' <Predicate = (!icmp_ln243)> <Delay = 0.42>
ST_2 : Operation 156 [1/1] (0.42ns)   --->   "%store_ln243 = store i8 %query_data_47, i8 %query_data_16" [seq_align_multiple.cpp:243]   --->   Operation 156 'store' 'store_ln243' <Predicate = (!icmp_ln243)> <Delay = 0.42>
ST_2 : Operation 157 [1/1] (0.42ns)   --->   "%store_ln243 = store i8 %query_data_48, i8 %query_data_17" [seq_align_multiple.cpp:243]   --->   Operation 157 'store' 'store_ln243' <Predicate = (!icmp_ln243)> <Delay = 0.42>
ST_2 : Operation 158 [1/1] (0.42ns)   --->   "%store_ln243 = store i8 %query_data_49, i8 %query_data_18" [seq_align_multiple.cpp:243]   --->   Operation 158 'store' 'store_ln243' <Predicate = (!icmp_ln243)> <Delay = 0.42>
ST_2 : Operation 159 [1/1] (0.42ns)   --->   "%store_ln243 = store i8 %query_data_50, i8 %query_data_19" [seq_align_multiple.cpp:243]   --->   Operation 159 'store' 'store_ln243' <Predicate = (!icmp_ln243)> <Delay = 0.42>
ST_2 : Operation 160 [1/1] (0.42ns)   --->   "%store_ln243 = store i8 %query_data_51, i8 %query_data_20" [seq_align_multiple.cpp:243]   --->   Operation 160 'store' 'store_ln243' <Predicate = (!icmp_ln243)> <Delay = 0.42>
ST_2 : Operation 161 [1/1] (0.42ns)   --->   "%store_ln243 = store i8 %query_data_52, i8 %query_data_21" [seq_align_multiple.cpp:243]   --->   Operation 161 'store' 'store_ln243' <Predicate = (!icmp_ln243)> <Delay = 0.42>
ST_2 : Operation 162 [1/1] (0.42ns)   --->   "%store_ln243 = store i8 %query_data_53, i8 %query_data_22" [seq_align_multiple.cpp:243]   --->   Operation 162 'store' 'store_ln243' <Predicate = (!icmp_ln243)> <Delay = 0.42>
ST_2 : Operation 163 [1/1] (0.42ns)   --->   "%store_ln243 = store i8 %query_data_54, i8 %query_data_23" [seq_align_multiple.cpp:243]   --->   Operation 163 'store' 'store_ln243' <Predicate = (!icmp_ln243)> <Delay = 0.42>
ST_2 : Operation 164 [1/1] (0.42ns)   --->   "%store_ln243 = store i8 %query_data_55, i8 %query_data_24" [seq_align_multiple.cpp:243]   --->   Operation 164 'store' 'store_ln243' <Predicate = (!icmp_ln243)> <Delay = 0.42>
ST_2 : Operation 165 [1/1] (0.42ns)   --->   "%store_ln243 = store i8 %query_data_56, i8 %query_data_25" [seq_align_multiple.cpp:243]   --->   Operation 165 'store' 'store_ln243' <Predicate = (!icmp_ln243)> <Delay = 0.42>
ST_2 : Operation 166 [1/1] (0.42ns)   --->   "%store_ln243 = store i8 %query_data_57, i8 %query_data_26" [seq_align_multiple.cpp:243]   --->   Operation 166 'store' 'store_ln243' <Predicate = (!icmp_ln243)> <Delay = 0.42>
ST_2 : Operation 167 [1/1] (0.42ns)   --->   "%store_ln243 = store i8 %query_data_58, i8 %query_data_27" [seq_align_multiple.cpp:243]   --->   Operation 167 'store' 'store_ln243' <Predicate = (!icmp_ln243)> <Delay = 0.42>
ST_2 : Operation 168 [1/1] (0.42ns)   --->   "%store_ln243 = store i8 %query_data_59, i8 %query_data_28" [seq_align_multiple.cpp:243]   --->   Operation 168 'store' 'store_ln243' <Predicate = (!icmp_ln243)> <Delay = 0.42>
ST_2 : Operation 169 [1/1] (0.42ns)   --->   "%store_ln243 = store i8 %query_data_60, i8 %query_data_29" [seq_align_multiple.cpp:243]   --->   Operation 169 'store' 'store_ln243' <Predicate = (!icmp_ln243)> <Delay = 0.42>
ST_2 : Operation 170 [1/1] (0.42ns)   --->   "%store_ln243 = store i8 %query_data_61, i8 %query_data_30" [seq_align_multiple.cpp:243]   --->   Operation 170 'store' 'store_ln243' <Predicate = (!icmp_ln243)> <Delay = 0.42>
ST_2 : Operation 171 [1/1] (0.42ns)   --->   "%store_ln243 = store i8 %query_data_62, i8 %query_data" [seq_align_multiple.cpp:243]   --->   Operation 171 'store' 'store_ln243' <Predicate = (!icmp_ln243)> <Delay = 0.42>
ST_2 : Operation 172 [1/1] (0.42ns)   --->   "%store_ln243 = store i6 %i_2, i6 %i" [seq_align_multiple.cpp:243]   --->   Operation 172 'store' 'store_ln243' <Predicate = (!icmp_ln243)> <Delay = 0.42>
ST_2 : Operation 173 [1/1] (0.00ns)   --->   "%store_ln243 = store i8 %query_data_32, i8 %query_data_31" [seq_align_multiple.cpp:243]   --->   Operation 173 'store' 'store_ln243' <Predicate = (!icmp_ln243)> <Delay = 0.00>
ST_2 : Operation 174 [1/1] (0.00ns)   --->   "%br_ln243 = br void %for.inc114" [seq_align_multiple.cpp:243]   --->   Operation 174 'br' 'br_ln243' <Predicate = (!icmp_ln243)> <Delay = 0.00>
ST_2 : Operation 175 [1/1] (0.00ns)   --->   "%query_data_31_load = load i8 %query_data_31"   --->   Operation 175 'load' 'query_data_31_load' <Predicate = (icmp_ln243)> <Delay = 0.00>
ST_2 : Operation 176 [1/1] (0.00ns)   --->   "%write_ln0 = write void @_ssdm_op_Write.ap_auto.i8P0A, i8 %query_data_1_out, i8 %query_data_33"   --->   Operation 176 'write' 'write_ln0' <Predicate = (icmp_ln243)> <Delay = 0.00>
ST_2 : Operation 177 [1/1] (0.00ns)   --->   "%write_ln0 = write void @_ssdm_op_Write.ap_auto.i8P0A, i8 %query_data_2_out, i8 %query_data_34"   --->   Operation 177 'write' 'write_ln0' <Predicate = (icmp_ln243)> <Delay = 0.00>
ST_2 : Operation 178 [1/1] (0.00ns)   --->   "%write_ln0 = write void @_ssdm_op_Write.ap_auto.i8P0A, i8 %query_data_3_out, i8 %query_data_35"   --->   Operation 178 'write' 'write_ln0' <Predicate = (icmp_ln243)> <Delay = 0.00>
ST_2 : Operation 179 [1/1] (0.00ns)   --->   "%write_ln0 = write void @_ssdm_op_Write.ap_auto.i8P0A, i8 %query_data_4_out, i8 %query_data_36"   --->   Operation 179 'write' 'write_ln0' <Predicate = (icmp_ln243)> <Delay = 0.00>
ST_2 : Operation 180 [1/1] (0.00ns)   --->   "%write_ln0 = write void @_ssdm_op_Write.ap_auto.i8P0A, i8 %query_data_5_out, i8 %query_data_37"   --->   Operation 180 'write' 'write_ln0' <Predicate = (icmp_ln243)> <Delay = 0.00>
ST_2 : Operation 181 [1/1] (0.00ns)   --->   "%write_ln0 = write void @_ssdm_op_Write.ap_auto.i8P0A, i8 %query_data_6_out, i8 %query_data_38"   --->   Operation 181 'write' 'write_ln0' <Predicate = (icmp_ln243)> <Delay = 0.00>
ST_2 : Operation 182 [1/1] (0.00ns)   --->   "%write_ln0 = write void @_ssdm_op_Write.ap_auto.i8P0A, i8 %query_data_7_out, i8 %query_data_39"   --->   Operation 182 'write' 'write_ln0' <Predicate = (icmp_ln243)> <Delay = 0.00>
ST_2 : Operation 183 [1/1] (0.00ns)   --->   "%write_ln0 = write void @_ssdm_op_Write.ap_auto.i8P0A, i8 %query_data_8_out, i8 %query_data_40"   --->   Operation 183 'write' 'write_ln0' <Predicate = (icmp_ln243)> <Delay = 0.00>
ST_2 : Operation 184 [1/1] (0.00ns)   --->   "%write_ln0 = write void @_ssdm_op_Write.ap_auto.i8P0A, i8 %query_data_9_out, i8 %query_data_41"   --->   Operation 184 'write' 'write_ln0' <Predicate = (icmp_ln243)> <Delay = 0.00>
ST_2 : Operation 185 [1/1] (0.00ns)   --->   "%write_ln0 = write void @_ssdm_op_Write.ap_auto.i8P0A, i8 %query_data_10_out, i8 %query_data_42"   --->   Operation 185 'write' 'write_ln0' <Predicate = (icmp_ln243)> <Delay = 0.00>
ST_2 : Operation 186 [1/1] (0.00ns)   --->   "%write_ln0 = write void @_ssdm_op_Write.ap_auto.i8P0A, i8 %query_data_11_out, i8 %query_data_43"   --->   Operation 186 'write' 'write_ln0' <Predicate = (icmp_ln243)> <Delay = 0.00>
ST_2 : Operation 187 [1/1] (0.00ns)   --->   "%write_ln0 = write void @_ssdm_op_Write.ap_auto.i8P0A, i8 %query_data_12_out, i8 %query_data_44"   --->   Operation 187 'write' 'write_ln0' <Predicate = (icmp_ln243)> <Delay = 0.00>
ST_2 : Operation 188 [1/1] (0.00ns)   --->   "%write_ln0 = write void @_ssdm_op_Write.ap_auto.i8P0A, i8 %query_data_13_out, i8 %query_data_45"   --->   Operation 188 'write' 'write_ln0' <Predicate = (icmp_ln243)> <Delay = 0.00>
ST_2 : Operation 189 [1/1] (0.00ns)   --->   "%write_ln0 = write void @_ssdm_op_Write.ap_auto.i8P0A, i8 %query_data_14_out, i8 %query_data_46"   --->   Operation 189 'write' 'write_ln0' <Predicate = (icmp_ln243)> <Delay = 0.00>
ST_2 : Operation 190 [1/1] (0.00ns)   --->   "%write_ln0 = write void @_ssdm_op_Write.ap_auto.i8P0A, i8 %query_data_15_out, i8 %query_data_47"   --->   Operation 190 'write' 'write_ln0' <Predicate = (icmp_ln243)> <Delay = 0.00>
ST_2 : Operation 191 [1/1] (0.00ns)   --->   "%write_ln0 = write void @_ssdm_op_Write.ap_auto.i8P0A, i8 %query_data_16_out, i8 %query_data_48"   --->   Operation 191 'write' 'write_ln0' <Predicate = (icmp_ln243)> <Delay = 0.00>
ST_2 : Operation 192 [1/1] (0.00ns)   --->   "%write_ln0 = write void @_ssdm_op_Write.ap_auto.i8P0A, i8 %query_data_17_out, i8 %query_data_49"   --->   Operation 192 'write' 'write_ln0' <Predicate = (icmp_ln243)> <Delay = 0.00>
ST_2 : Operation 193 [1/1] (0.00ns)   --->   "%write_ln0 = write void @_ssdm_op_Write.ap_auto.i8P0A, i8 %query_data_18_out, i8 %query_data_50"   --->   Operation 193 'write' 'write_ln0' <Predicate = (icmp_ln243)> <Delay = 0.00>
ST_2 : Operation 194 [1/1] (0.00ns)   --->   "%write_ln0 = write void @_ssdm_op_Write.ap_auto.i8P0A, i8 %query_data_19_out, i8 %query_data_51"   --->   Operation 194 'write' 'write_ln0' <Predicate = (icmp_ln243)> <Delay = 0.00>
ST_2 : Operation 195 [1/1] (0.00ns)   --->   "%write_ln0 = write void @_ssdm_op_Write.ap_auto.i8P0A, i8 %query_data_20_out, i8 %query_data_52"   --->   Operation 195 'write' 'write_ln0' <Predicate = (icmp_ln243)> <Delay = 0.00>
ST_2 : Operation 196 [1/1] (0.00ns)   --->   "%write_ln0 = write void @_ssdm_op_Write.ap_auto.i8P0A, i8 %query_data_21_out, i8 %query_data_53"   --->   Operation 196 'write' 'write_ln0' <Predicate = (icmp_ln243)> <Delay = 0.00>
ST_2 : Operation 197 [1/1] (0.00ns)   --->   "%write_ln0 = write void @_ssdm_op_Write.ap_auto.i8P0A, i8 %query_data_22_out, i8 %query_data_54"   --->   Operation 197 'write' 'write_ln0' <Predicate = (icmp_ln243)> <Delay = 0.00>
ST_2 : Operation 198 [1/1] (0.00ns)   --->   "%write_ln0 = write void @_ssdm_op_Write.ap_auto.i8P0A, i8 %query_data_23_out, i8 %query_data_55"   --->   Operation 198 'write' 'write_ln0' <Predicate = (icmp_ln243)> <Delay = 0.00>
ST_2 : Operation 199 [1/1] (0.00ns)   --->   "%write_ln0 = write void @_ssdm_op_Write.ap_auto.i8P0A, i8 %query_data_24_out, i8 %query_data_56"   --->   Operation 199 'write' 'write_ln0' <Predicate = (icmp_ln243)> <Delay = 0.00>
ST_2 : Operation 200 [1/1] (0.00ns)   --->   "%write_ln0 = write void @_ssdm_op_Write.ap_auto.i8P0A, i8 %query_data_25_out, i8 %query_data_57"   --->   Operation 200 'write' 'write_ln0' <Predicate = (icmp_ln243)> <Delay = 0.00>
ST_2 : Operation 201 [1/1] (0.00ns)   --->   "%write_ln0 = write void @_ssdm_op_Write.ap_auto.i8P0A, i8 %query_data_26_out, i8 %query_data_58"   --->   Operation 201 'write' 'write_ln0' <Predicate = (icmp_ln243)> <Delay = 0.00>
ST_2 : Operation 202 [1/1] (0.00ns)   --->   "%write_ln0 = write void @_ssdm_op_Write.ap_auto.i8P0A, i8 %query_data_27_out, i8 %query_data_59"   --->   Operation 202 'write' 'write_ln0' <Predicate = (icmp_ln243)> <Delay = 0.00>
ST_2 : Operation 203 [1/1] (0.00ns)   --->   "%write_ln0 = write void @_ssdm_op_Write.ap_auto.i8P0A, i8 %query_data_28_out, i8 %query_data_60"   --->   Operation 203 'write' 'write_ln0' <Predicate = (icmp_ln243)> <Delay = 0.00>
ST_2 : Operation 204 [1/1] (0.00ns)   --->   "%write_ln0 = write void @_ssdm_op_Write.ap_auto.i8P0A, i8 %query_data_29_out, i8 %query_data_61"   --->   Operation 204 'write' 'write_ln0' <Predicate = (icmp_ln243)> <Delay = 0.00>
ST_2 : Operation 205 [1/1] (0.00ns)   --->   "%write_ln0 = write void @_ssdm_op_Write.ap_auto.i8P0A, i8 %query_data_30_out, i8 %query_data_62"   --->   Operation 205 'write' 'write_ln0' <Predicate = (icmp_ln243)> <Delay = 0.00>
ST_2 : Operation 206 [1/1] (0.00ns)   --->   "%write_ln0 = write void @_ssdm_op_Write.ap_auto.i8P0A, i8 %query_data_out, i8 %query_data_32"   --->   Operation 206 'write' 'write_ln0' <Predicate = (icmp_ln243)> <Delay = 0.00>
ST_2 : Operation 207 [1/1] (0.00ns)   --->   "%write_ln0 = write void @_ssdm_op_Write.ap_auto.i8P0A, i8 %p_phi_out, i8 %query_data_31_load"   --->   Operation 207 'write' 'write_ln0' <Predicate = (icmp_ln243)> <Delay = 0.00>
ST_2 : Operation 208 [1/1] (0.00ns)   --->   "%ret_ln0 = ret"   --->   Operation 208 'ret' 'ret_ln0' <Predicate = (icmp_ln243)> <Delay = 0.00>


============================================================
+ Verbose Summary: Timing violations
============================================================
Target clock period: 4ns, clock uncertainty: 1.08ns.

 <State 1>: 0.427ns
The critical path consists of the following:
	'alloca' operation ('query.data') [97]  (0 ns)
	'store' operation ('store_ln0') of variable 'tmp_96' on local variable 'query.data' [130]  (0.427 ns)

 <State 2>: 1.21ns
The critical path consists of the following:
	'load' operation ('i', seq_align_multiple.cpp:243) on local variable 'i' [164]  (0 ns)
	'add' operation ('i', seq_align_multiple.cpp:243) [198]  (0.781 ns)
	'store' operation ('store_ln243', seq_align_multiple.cpp:243) of variable 'i', seq_align_multiple.cpp:243 on local variable 'i' [235]  (0.427 ns)
	blocking operation 0.004 ns on control path)


============================================================
+ Verbose Summary: Binding
============================================================
N/A
* FSMD analyzer results:
  - Output states:
 - Input state : 
  - Chain level:
	State 1
	State 2


============================================================
+ Verbose Summary: Datapath Resource usage 
============================================================
N/A
