

================================================================
== Vitis HLS Report for 'seq_align_Pipeline_VITIS_LOOP_185_2'
================================================================
* Date:           Wed Jun 28 12:43:01 2023

* Version:        2022.1 (Build 3526262 on Mon Apr 18 15:47:01 MDT 2022)
* Project:        local_seq_align_multiple_sa
* Solution:       solution1 (Vivado IP Flow Target)
* Product family: zynquplus
* Target device:  xczu7ev-ffvc1156-2-i


================================================================
== Performance Estimates
================================================================
+ Timing: 
    * Summary: 
    +--------+---------+----------+------------+
    |  Clock |  Target | Estimated| Uncertainty|
    +--------+---------+----------+------------+
    |ap_clk  |  4.00 ns|  2.181 ns|     1.08 ns|
    +--------+---------+----------+------------+

+ Latency: 
    * Summary: 
    +---------+---------+----------+----------+------+------+---------+
    |  Latency (cycles) |  Latency (absolute) |   Interval  | Pipeline|
    |   min   |   max   |    min   |    max   |  min |  max |   Type  |
    +---------+---------+----------+----------+------+------+---------+
    |     1026|     1026|  4.104 us|  4.104 us|  1026|  1026|       no|
    +---------+---------+----------+----------+------+------+---------+

    + Detail: 
        * Instance: 
        N/A

        * Loop: 
        +--------------------+---------+---------+----------+-----------+-----------+------+----------+
        |                    |  Latency (cycles) | Iteration|  Initiation Interval  | Trip |          |
        |      Loop Name     |   min   |   max   |  Latency |  achieved |   target  | Count| Pipelined|
        +--------------------+---------+---------+----------+-----------+-----------+------+----------+
        |- VITIS_LOOP_185_2  |     1024|     1024|         1|          1|          1|  1024|       yes|
        +--------------------+---------+---------+----------+-----------+-----------+------+----------+

============================================================
+ Verbose Summary: Synthesis Manager
============================================================
InlineROM: 1
ExposeGlobal: 0
============================================================
+ Verbose Summary: CDFG Model
============================================================
IsTopModel: 0
ResetActiveHigh: 1
IsCombinational: 0
IsDatapathOnly: 0
HasWiredReturn: 1
HasMFsm: 2
HasVarLatency: 1
IsPipeline: 0
IsRtlPipelined: 0
IsInstanceOverlapped: 0
IsDontTouch: 0
HasImplIP: 0
IsGatedGlobalClock: 0

+ Individual pipeline summary: 
  * Pipeline-0: initiation interval (II) = 1, depth = 1


============================================================
+ Verbose Summary: Schedule
============================================================
* Number of FSM states : 1
* Pipeline : 1
  Pipeline-0 : II = 1, D = 1, States = { 1 }
* Dataflow Pipeline: 0

* FSM state transitions: 
1 --> 

* FSM state operations: 

State 1 <SV = 0> <Delay = 2.18>
ST_1 : Operation 4 [1/1] (0.00ns)   --->   "%ip = alloca i32 1"   --->   Operation 4 'alloca' 'ip' <Predicate = true> <Delay = 0.00>
ST_1 : Operation 5 [1/1] (0.42ns)   --->   "%store_ln0 = store i11 0, i11 %ip"   --->   Operation 5 'store' 'store_ln0' <Predicate = true> <Delay = 0.42>
ST_1 : Operation 6 [1/1] (0.00ns)   --->   "%br_ln0 = br void %for.inc31"   --->   Operation 6 'br' 'br_ln0' <Predicate = true> <Delay = 0.00>
ST_1 : Operation 7 [1/1] (0.00ns)   --->   "%ip_1 = load i11 %ip" [seq_align_multiple.cpp:185]   --->   Operation 7 'load' 'ip_1' <Predicate = true> <Delay = 0.00>
ST_1 : Operation 8 [1/1] (0.00ns)   --->   "%specpipeline_ln0 = specpipeline void @_ssdm_op_SpecPipeline, i32 4294967295, i32 0, i32 1, i32 0, void @p_str"   --->   Operation 8 'specpipeline' 'specpipeline_ln0' <Predicate = true> <Delay = 0.00>
ST_1 : Operation 9 [1/1] (0.94ns)   --->   "%icmp_ln185 = icmp_eq  i11 %ip_1, i11 1024" [seq_align_multiple.cpp:185]   --->   Operation 9 'icmp' 'icmp_ln185' <Predicate = true> <Delay = 0.94> <CoreInst = "Cmp">   --->   Core 9 'Cmp' <Latency = 0> <II = 1> <Delay = 0.94> <FuncUnit> <Opcode : 'icmp'> <InPorts = 2> <OutPorts = 1>
ST_1 : Operation 10 [1/1] (0.00ns)   --->   "%empty = speclooptripcount i32 @_ssdm_op_SpecLoopTripCount, i64 1024, i64 1024, i64 1024"   --->   Operation 10 'speclooptripcount' 'empty' <Predicate = true> <Delay = 0.00>
ST_1 : Operation 11 [1/1] (0.79ns)   --->   "%add_ln185 = add i11 %ip_1, i11 1" [seq_align_multiple.cpp:185]   --->   Operation 11 'add' 'add_ln185' <Predicate = true> <Delay = 0.79> <CoreInst = "Adder">   --->   Core 1 'Adder' <Latency = 0> <II = 1> <Delay = 0.79> <FuncUnit> <Opcode : 'add' 'sub'> <InPorts = 2> <OutPorts = 1>
ST_1 : Operation 12 [1/1] (0.00ns)   --->   "%br_ln185 = br i1 %icmp_ln185, void %for.inc31.split, void %for.inc54.preheader.exitStub" [seq_align_multiple.cpp:185]   --->   Operation 12 'br' 'br_ln185' <Predicate = true> <Delay = 0.00>
ST_1 : Operation 13 [1/1] (0.00ns)   --->   "%ip_cast = zext i11 %ip_1" [seq_align_multiple.cpp:185]   --->   Operation 13 'zext' 'ip_cast' <Predicate = (!icmp_ln185)> <Delay = 0.00>
ST_1 : Operation 14 [1/1] (0.00ns)   --->   "%specloopname_ln185 = specloopname void @_ssdm_op_SpecLoopName, void @empty_8" [seq_align_multiple.cpp:185]   --->   Operation 14 'specloopname' 'specloopname_ln185' <Predicate = (!icmp_ln185)> <Delay = 0.00>
ST_1 : Operation 15 [1/1] (0.00ns)   --->   "%last_pe_score_addr = getelementptr i31 %last_pe_score, i64 0, i64 %ip_cast" [seq_align_multiple.cpp:187]   --->   Operation 15 'getelementptr' 'last_pe_score_addr' <Predicate = (!icmp_ln185)> <Delay = 0.00>
ST_1 : Operation 16 [1/1] (1.23ns)   --->   "%store_ln187 = store i31 0, i10 %last_pe_score_addr" [seq_align_multiple.cpp:187]   --->   Operation 16 'store' 'store_ln187' <Predicate = (!icmp_ln185)> <Delay = 1.23> <CoreInst = "RAM">   --->   Core 83 'RAM' <Latency = 1> <II = 1> <Delay = 1.23> <Storage> <Opcode : 'load' 'store'> <Ports = 2> <Width = 31> <Depth = 1024> <RAM>
ST_1 : Operation 17 [1/1] (0.42ns)   --->   "%store_ln185 = store i11 %add_ln185, i11 %ip" [seq_align_multiple.cpp:185]   --->   Operation 17 'store' 'store_ln185' <Predicate = (!icmp_ln185)> <Delay = 0.42>
ST_1 : Operation 18 [1/1] (0.00ns)   --->   "%br_ln185 = br void %for.inc31" [seq_align_multiple.cpp:185]   --->   Operation 18 'br' 'br_ln185' <Predicate = (!icmp_ln185)> <Delay = 0.00>
ST_1 : Operation 19 [1/1] (0.00ns)   --->   "%ret_ln0 = ret"   --->   Operation 19 'ret' 'ret_ln0' <Predicate = (icmp_ln185)> <Delay = 0.00>


============================================================
+ Verbose Summary: Timing violations
============================================================
Target clock period: 4ns, clock uncertainty: 1.08ns.

 <State 1>: 2.18ns
The critical path consists of the following:
	'alloca' operation ('ip') [2]  (0 ns)
	'load' operation ('ip', seq_align_multiple.cpp:185) on local variable 'ip' [6]  (0 ns)
	'getelementptr' operation ('last_pe_score_addr', seq_align_multiple.cpp:187) [15]  (0 ns)
	'store' operation ('store_ln187', seq_align_multiple.cpp:187) of constant 0 on array 'last_pe_score' [16]  (1.24 ns)
	blocking operation 0.944 ns on control path)


============================================================
+ Verbose Summary: Binding
============================================================
N/A
* FSMD analyzer results:
  - Output states:
 - Input state : 
  - Chain level:
	State 1


============================================================
+ Verbose Summary: Datapath Resource usage 
============================================================
N/A
